PLINK v1.90b3.31 64-bit (3 Feb 2016)
Options in effect:
  --adjust
  --allow-no-sex
  --assoc
  --autosome
  --bfile ../analysis/qc-camgwas
  --out qc-camgwas

Hostname: delgemebioserver
Working directory: /BIODATA/StudentsHome/kevine/GWAS/Git/GWAS/assoc_results
Start time: Sat May  4 03:30:07 2019

Random number seed: 1556940607
967454 MB RAM detected; reserving 483727 MB for main workspace.
1675096 variants loaded from .bim file.
1295 people (764 males, 531 females) loaded from .fam.
1295 phenotype values loaded from .fam.
Using 1 thread (no multithreaded calculations invoked.
Before main variant filters, 1295 founders and 0 nonfounders present.
Calculating allele frequencies... done.
Total genotyping rate is 0.995529.
1675096 variants and 1295 people pass filters and QC.
Among remaining phenotypes, 602 are cases and 693 are controls.
Writing C/C --assoc report to qc-camgwas.assoc ... done.
--adjust: Genomic inflation est. lambda (based on median chisq) = 1.10599.
--adjust values (1675096 variants) written to qc-camgwas.assoc.adjusted .

End time: Sat May  4 03:30:12 2019
PLINK v1.90b3.31 64-bit (3 Feb 2016)
Options in effect:
  --allow-no-sex
  --autosome
  --bfile ../analysis/qc-camgwas
  --ci 0.95
  --logistic beta
  --out qc-camgwas-add
  --set-hh-missing

Hostname: delgemebioserver
Working directory: /BIODATA/StudentsHome/kevine/GWAS/Git/GWAS/assoc_results
Start time: Sat May  4 03:30:12 2019

Random number seed: 1556940612
967454 MB RAM detected; reserving 483727 MB for main workspace.
1675096 variants loaded from .bim file.
1295 people (764 males, 531 females) loaded from .fam.
1295 phenotype values loaded from .fam.
Using 1 thread (no multithreaded calculations invoked.
Before main variant filters, 1295 founders and 0 nonfounders present.
Calculating allele frequencies... done.
Total genotyping rate is 0.995529.
1675096 variants and 1295 people pass filters and QC.
Among remaining phenotypes, 602 are cases and 693 are controls.
Writing logistic model association results to qc-camgwas-add.assoc.logistic ...
done.

End time: Sat May  4 03:30:47 2019
PLINK v1.90b3.31 64-bit (3 Feb 2016)
Options in effect:
  --allow-no-sex
  --autosome
  --bfile ../analysis/qc-camgwas
  --ci 0.95
  --logistic dominant
  --out qc-camgwas-dom
  --set-hh-missing

Hostname: delgemebioserver
Working directory: /BIODATA/StudentsHome/kevine/GWAS/Git/GWAS/assoc_results
Start time: Sat May  4 03:30:47 2019

Random number seed: 1556940647
967454 MB RAM detected; reserving 483727 MB for main workspace.
1675096 variants loaded from .bim file.
1295 people (764 males, 531 females) loaded from .fam.
1295 phenotype values loaded from .fam.
Using 1 thread (no multithreaded calculations invoked.
Before main variant filters, 1295 founders and 0 nonfounders present.
Calculating allele frequencies... done.
Total genotyping rate is 0.995529.
1675096 variants and 1295 people pass filters and QC.
Among remaining phenotypes, 602 are cases and 693 are controls.
Writing logistic model association results to qc-camgwas-dom.assoc.logistic ...
done.

End time: Sat May  4 03:31:24 2019
PLINK v1.90b3.31 64-bit (3 Feb 2016)
Options in effect:
  --allow-no-sex
  --autosome
  --bfile ../analysis/qc-camgwas
  --ci 0.95
  --logistic recessive
  --out qc-camgwas-rec
  --set-hh-missing

Hostname: delgemebioserver
Working directory: /BIODATA/StudentsHome/kevine/GWAS/Git/GWAS/assoc_results
Start time: Sat May  4 03:31:24 2019

Random number seed: 1556940684
967454 MB RAM detected; reserving 483727 MB for main workspace.
1675096 variants loaded from .bim file.
1295 people (764 males, 531 females) loaded from .fam.
1295 phenotype values loaded from .fam.
Using 1 thread (no multithreaded calculations invoked.
Before main variant filters, 1295 founders and 0 nonfounders present.
Calculating allele frequencies... done.
Total genotyping rate is 0.995529.
1675096 variants and 1295 people pass filters and QC.
Among remaining phenotypes, 602 are cases and 693 are controls.
Writing logistic model association results to qc-camgwas-rec.assoc.logistic ...
done.

End time: Sat May  4 03:32:03 2019
PLINK v1.90b3.31 64-bit (3 Feb 2016)
Options in effect:
  --allow-no-sex
  --autosome
  --bfile ../analysis/qc-camgwas
  --ci 0.95
  --logistic hethom
  --out qc-camgwas-hethom
  --set-hh-missing

Hostname: delgemebioserver
Working directory: /BIODATA/StudentsHome/kevine/GWAS/Git/GWAS/assoc_results
Start time: Sat May  4 03:32:03 2019

Random number seed: 1556940723
967454 MB RAM detected; reserving 483727 MB for main workspace.
1675096 variants loaded from .bim file.
1295 people (764 males, 531 females) loaded from .fam.
1295 phenotype values loaded from .fam.
Using 1 thread (no multithreaded calculations invoked.
Before main variant filters, 1295 founders and 0 nonfounders present.
Calculating allele frequencies... done.
Total genotyping rate is 0.995529.
1675096 variants and 1295 people pass filters and QC.
Among remaining phenotypes, 602 are cases and 693 are controls.
Writing logistic model association results to qc-camgwas-hethom.assoc.logistic
... done.

End time: Sat May  4 03:32:56 2019
PLINK v1.90b3.31 64-bit (3 Feb 2016)
Options in effect:
  --allow-no-sex
  --autosome
  --bfile ../analysis/qc-camgwas
  --model
  --out qc-camgwas-model
  --set-hh-missing

Hostname: delgemebioserver
Working directory: /BIODATA/StudentsHome/kevine/GWAS/Git/GWAS/assoc_results
Start time: Sat May  4 03:32:56 2019

Random number seed: 1556940776
967454 MB RAM detected; reserving 483727 MB for main workspace.
1675096 variants loaded from .bim file.
1295 people (764 males, 531 females) loaded from .fam.
1295 phenotype values loaded from .fam.
Using 1 thread (no multithreaded calculations invoked.
Before main variant filters, 1295 founders and 0 nonfounders present.
Calculating allele frequencies... done.
Total genotyping rate is 0.995529.
1675096 variants and 1295 people pass filters and QC.
Among remaining phenotypes, 602 are cases and 693 are controls.
Writing --model report to qc-camgwas-model.model ... done.

End time: Sat May  4 03:33:04 2019
PLINK v1.90b3.31 64-bit (3 Feb 2016)
Options in effect:
  --adjust
  --allow-no-sex
  --assoc
  --autosome
  --bfile ../analysis/qc-camgwas
  --out qc-camgwas

Hostname: delgemebioserver
Working directory: /BIODATA/StudentsHome/kevine/GWAS/Git/GWAS/assoc_results
Start time: Sat May  4 04:42:48 2019

Random number seed: 1556944968
967454 MB RAM detected; reserving 483727 MB for main workspace.
1675096 variants loaded from .bim file.
1295 people (764 males, 531 females) loaded from .fam.
1295 phenotype values loaded from .fam.
Using 1 thread (no multithreaded calculations invoked.
Before main variant filters, 1295 founders and 0 nonfounders present.
Calculating allele frequencies... done.
Total genotyping rate is 0.995529.
1675096 variants and 1295 people pass filters and QC.
Among remaining phenotypes, 602 are cases and 693 are controls.
Writing C/C --assoc report to qc-camgwas.assoc ... done.
--adjust: Genomic inflation est. lambda (based on median chisq) = 1.10599.
--adjust values (1675096 variants) written to qc-camgwas.assoc.adjusted .

End time: Sat May  4 04:42:53 2019
PLINK v1.90b3.31 64-bit (3 Feb 2016)
Options in effect:
  --allow-no-sex
  --autosome
  --bfile ../analysis/qc-camgwas
  --ci 0.95
  --logistic beta
  --out qc-camgwas-add
  --set-hh-missing

Hostname: delgemebioserver
Working directory: /BIODATA/StudentsHome/kevine/GWAS/Git/GWAS/assoc_results
Start time: Sat May  4 04:42:53 2019

Random number seed: 1556944973
967454 MB RAM detected; reserving 483727 MB for main workspace.
1675096 variants loaded from .bim file.
1295 people (764 males, 531 females) loaded from .fam.
1295 phenotype values loaded from .fam.
Using 1 thread (no multithreaded calculations invoked.
Before main variant filters, 1295 founders and 0 nonfounders present.
Calculating allele frequencies... done.
Total genotyping rate is 0.995529.
1675096 variants and 1295 people pass filters and QC.
Among remaining phenotypes, 602 are cases and 693 are controls.
Writing logistic model association results to qc-camgwas-add.assoc.logistic ...
done.

End time: Sat May  4 04:43:27 2019
PLINK v1.90b3.31 64-bit (3 Feb 2016)
Options in effect:
  --allow-no-sex
  --autosome
  --bfile ../analysis/qc-camgwas
  --ci 0.95
  --logistic dominant
  --out qc-camgwas-dom
  --set-hh-missing

Hostname: delgemebioserver
Working directory: /BIODATA/StudentsHome/kevine/GWAS/Git/GWAS/assoc_results
Start time: Sat May  4 04:43:27 2019

Random number seed: 1556945007
967454 MB RAM detected; reserving 483727 MB for main workspace.
1675096 variants loaded from .bim file.
1295 people (764 males, 531 females) loaded from .fam.
1295 phenotype values loaded from .fam.
Using 1 thread (no multithreaded calculations invoked.
Before main variant filters, 1295 founders and 0 nonfounders present.
Calculating allele frequencies... done.
Total genotyping rate is 0.995529.
1675096 variants and 1295 people pass filters and QC.
Among remaining phenotypes, 602 are cases and 693 are controls.
Writing logistic model association results to qc-camgwas-dom.assoc.logistic ...
done.

End time: Sat May  4 04:44:08 2019
PLINK v1.90b3.31 64-bit (3 Feb 2016)
Options in effect:
  --allow-no-sex
  --autosome
  --bfile ../analysis/qc-camgwas
  --ci 0.95
  --logistic recessive
  --out qc-camgwas-rec
  --set-hh-missing

Hostname: delgemebioserver
Working directory: /BIODATA/StudentsHome/kevine/GWAS/Git/GWAS/assoc_results
Start time: Sat May  4 04:44:08 2019

Random number seed: 1556945048
967454 MB RAM detected; reserving 483727 MB for main workspace.
1675096 variants loaded from .bim file.
1295 people (764 males, 531 females) loaded from .fam.
1295 phenotype values loaded from .fam.
Using 1 thread (no multithreaded calculations invoked.
Before main variant filters, 1295 founders and 0 nonfounders present.
Calculating allele frequencies... done.
Total genotyping rate is 0.995529.
1675096 variants and 1295 people pass filters and QC.
Among remaining phenotypes, 602 are cases and 693 are controls.
Writing logistic model association results to qc-camgwas-rec.assoc.logistic ...
done.

End time: Sat May  4 04:44:49 2019
PLINK v1.90b3.31 64-bit (3 Feb 2016)
Options in effect:
  --allow-no-sex
  --autosome
  --bfile ../analysis/qc-camgwas
  --ci 0.95
  --logistic hethom
  --out qc-camgwas-hethom
  --set-hh-missing

Hostname: delgemebioserver
Working directory: /BIODATA/StudentsHome/kevine/GWAS/Git/GWAS/assoc_results
Start time: Sat May  4 04:44:49 2019

Random number seed: 1556945089
967454 MB RAM detected; reserving 483727 MB for main workspace.
1675096 variants loaded from .bim file.
1295 people (764 males, 531 females) loaded from .fam.
1295 phenotype values loaded from .fam.
Using 1 thread (no multithreaded calculations invoked.
Before main variant filters, 1295 founders and 0 nonfounders present.
Calculating allele frequencies... done.
Total genotyping rate is 0.995529.
1675096 variants and 1295 people pass filters and QC.
Among remaining phenotypes, 602 are cases and 693 are controls.
Writing logistic model association results to qc-camgwas-hethom.assoc.logistic
... done.

End time: Sat May  4 04:45:42 2019
PLINK v1.90b3.31 64-bit (3 Feb 2016)
Options in effect:
  --allow-no-sex
  --autosome
  --bfile ../analysis/qc-camgwas
  --model
  --out qc-camgwas-model
  --set-hh-missing

Hostname: delgemebioserver
Working directory: /BIODATA/StudentsHome/kevine/GWAS/Git/GWAS/assoc_results
Start time: Sat May  4 04:45:42 2019

Random number seed: 1556945142
967454 MB RAM detected; reserving 483727 MB for main workspace.
1675096 variants loaded from .bim file.
1295 people (764 males, 531 females) loaded from .fam.
1295 phenotype values loaded from .fam.
Using 1 thread (no multithreaded calculations invoked.
Before main variant filters, 1295 founders and 0 nonfounders present.
Calculating allele frequencies... done.
Total genotyping rate is 0.995529.
1675096 variants and 1295 people pass filters and QC.
Among remaining phenotypes, 602 are cases and 693 are controls.
Writing --model report to qc-camgwas-model.model ... done.

End time: Sat May  4 04:45:49 2019
PLINK v1.90b3.31 64-bit (3 Feb 2016)
Options in effect:
  --adjust
  --allow-no-sex
  --assoc
  --autosome
  --bfile ../analysis/qc-camgwas
  --out qc-camgwas

Hostname: delgemebioserver
Working directory: /BIODATA/StudentsHome/kevine/GWAS/Git/GWAS/assoc_results
Start time: Mon May  6 22:45:01 2019

Random number seed: 1557182701
967454 MB RAM detected; reserving 483727 MB for main workspace.
1675096 variants loaded from .bim file.
1295 people (764 males, 531 females) loaded from .fam.
1295 phenotype values loaded from .fam.
Using 1 thread (no multithreaded calculations invoked.
Before main variant filters, 1295 founders and 0 nonfounders present.
Calculating allele frequencies... done.
Total genotyping rate is 0.995529.
1675096 variants and 1295 people pass filters and QC.
Among remaining phenotypes, 602 are cases and 693 are controls.
Writing C/C --assoc report to qc-camgwas.assoc ... done.
--adjust: Genomic inflation est. lambda (based on median chisq) = 1.10599.
--adjust values (1675096 variants) written to qc-camgwas.assoc.adjusted .

End time: Mon May  6 22:45:05 2019
PLINK v1.90b3.31 64-bit (3 Feb 2016)
Options in effect:
  --adjust
  --allow-no-sex
  --assoc
  --autosome
  --bfile ../analysis/qc-camgwas
  --out qc-camgwas

Hostname: delgemebioserver
Working directory: /BIODATA/StudentsHome/kevine/GWAS/Git/GWAS/assoc_results
Start time: Mon May  6 22:51:01 2019

Random number seed: 1557183061
967454 MB RAM detected; reserving 483727 MB for main workspace.
1675096 variants loaded from .bim file.
1295 people (764 males, 531 females) loaded from .fam.
1295 phenotype values loaded from .fam.
Using 1 thread (no multithreaded calculations invoked.
Before main variant filters, 1295 founders and 0 nonfounders present.
Calculating allele frequencies... done.
Total genotyping rate is 0.995529.
1675096 variants and 1295 people pass filters and QC.
Among remaining phenotypes, 602 are cases and 693 are controls.
Writing C/C --assoc report to qc-camgwas.assoc ... done.
--adjust: Genomic inflation est. lambda (based on median chisq) = 1.10599.
--adjust values (1675096 variants) written to qc-camgwas.assoc.adjusted .

End time: Mon May  6 22:51:06 2019
PLINK v1.90b3.31 64-bit (3 Feb 2016)
Options in effect:
  --adjust
  --allow-no-sex
  --assoc
  --autosome
  --bfile ../analysis/qc-camgwas-updated
  --out qc-camgwas

Hostname: delgemebioserver
Working directory: /BIODATA/StudentsHome/kevine/GWAS/Git/GWAS/assoc_results
Start time: Mon May  6 23:06:31 2019

Random number seed: 1557183991
967454 MB RAM detected; reserving 483727 MB for main workspace.
1607768 variants loaded from .bim file.
1295 people (764 males, 531 females) loaded from .fam.
1295 phenotype values loaded from .fam.
Using 1 thread (no multithreaded calculations invoked.
Before main variant filters, 1295 founders and 0 nonfounders present.
Calculating allele frequencies... done.
Total genotyping rate is 0.995676.
1607768 variants and 1295 people pass filters and QC.
Among remaining phenotypes, 602 are cases and 693 are controls.
Writing C/C --assoc report to qc-camgwas.assoc ... done.
--adjust: Genomic inflation est. lambda (based on median chisq) = 1.10659.
--adjust values (1607768 variants) written to qc-camgwas.assoc.adjusted .

End time: Mon May  6 23:06:38 2019
PLINK v1.90b3.31 64-bit (3 Feb 2016)
Options in effect:
  --allow-no-sex
  --autosome
  --bfile ../analysis/qc-camgwas-updated
  --ci 0.95
  --logistic beta
  --out qc-camgwas-add
  --set-hh-missing

Hostname: delgemebioserver
Working directory: /BIODATA/StudentsHome/kevine/GWAS/Git/GWAS/assoc_results
Start time: Mon May  6 23:06:38 2019

Random number seed: 1557183998
967454 MB RAM detected; reserving 483727 MB for main workspace.
1607768 variants loaded from .bim file.
1295 people (764 males, 531 females) loaded from .fam.
1295 phenotype values loaded from .fam.
Using 1 thread (no multithreaded calculations invoked.
Before main variant filters, 1295 founders and 0 nonfounders present.
Calculating allele frequencies... done.
Total genotyping rate is 0.995676.
1607768 variants and 1295 people pass filters and QC.
Among remaining phenotypes, 602 are cases and 693 are controls.
Writing logistic model association results to qc-camgwas-add.assoc.logistic ...
done.

End time: Mon May  6 23:07:14 2019
PLINK v1.90b3.31 64-bit (3 Feb 2016)
Options in effect:
  --allow-no-sex
  --autosome
  --bfile ../analysis/qc-camgwas-updated
  --ci 0.95
  --logistic dominant
  --out qc-camgwas-dom
  --set-hh-missing

Hostname: delgemebioserver
Working directory: /BIODATA/StudentsHome/kevine/GWAS/Git/GWAS/assoc_results
Start time: Mon May  6 23:07:14 2019

Random number seed: 1557184034
967454 MB RAM detected; reserving 483727 MB for main workspace.
1607768 variants loaded from .bim file.
1295 people (764 males, 531 females) loaded from .fam.
1295 phenotype values loaded from .fam.
Using 1 thread (no multithreaded calculations invoked.
Before main variant filters, 1295 founders and 0 nonfounders present.
Calculating allele frequencies... done.
Total genotyping rate is 0.995676.
1607768 variants and 1295 people pass filters and QC.
Among remaining phenotypes, 602 are cases and 693 are controls.
Writing logistic model association results to qc-camgwas-dom.assoc.logistic ...
done.

End time: Mon May  6 23:07:52 2019
PLINK v1.90b3.31 64-bit (3 Feb 2016)
Options in effect:
  --allow-no-sex
  --autosome
  --bfile ../analysis/qc-camgwas-updated
  --ci 0.95
  --logistic recessive
  --out qc-camgwas-rec
  --set-hh-missing

Hostname: delgemebioserver
Working directory: /BIODATA/StudentsHome/kevine/GWAS/Git/GWAS/assoc_results
Start time: Mon May  6 23:07:52 2019

Random number seed: 1557184072
967454 MB RAM detected; reserving 483727 MB for main workspace.
1607768 variants loaded from .bim file.
1295 people (764 males, 531 females) loaded from .fam.
1295 phenotype values loaded from .fam.
Using 1 thread (no multithreaded calculations invoked.
Before main variant filters, 1295 founders and 0 nonfounders present.
Calculating allele frequencies... done.
Total genotyping rate is 0.995676.
1607768 variants and 1295 people pass filters and QC.
Among remaining phenotypes, 602 are cases and 693 are controls.
Writing logistic model association results to qc-camgwas-rec.assoc.logistic ...
done.

End time: Mon May  6 23:08:41 2019
PLINK v1.90b3.31 64-bit (3 Feb 2016)
Options in effect:
  --allow-no-sex
  --autosome
  --bfile ../analysis/qc-camgwas-updated
  --ci 0.95
  --logistic hethom
  --out qc-camgwas-hethom
  --set-hh-missing

Hostname: delgemebioserver
Working directory: /BIODATA/StudentsHome/kevine/GWAS/Git/GWAS/assoc_results
Start time: Mon May  6 23:08:41 2019

Random number seed: 1557184121
967454 MB RAM detected; reserving 483727 MB for main workspace.
1607768 variants loaded from .bim file.
1295 people (764 males, 531 females) loaded from .fam.
1295 phenotype values loaded from .fam.
Using 1 thread (no multithreaded calculations invoked.
Before main variant filters, 1295 founders and 0 nonfounders present.
Calculating allele frequencies... done.
Total genotyping rate is 0.995676.
1607768 variants and 1295 people pass filters and QC.
Among remaining phenotypes, 602 are cases and 693 are controls.
Writing logistic model association results to qc-camgwas-hethom.assoc.logistic
... done.

End time: Mon May  6 23:09:47 2019
PLINK v1.90b3.31 64-bit (3 Feb 2016)
Options in effect:
  --allow-no-sex
  --autosome
  --bfile ../analysis/qc-camgwas-updated
  --model
  --out qc-camgwas-model
  --set-hh-missing

Hostname: delgemebioserver
Working directory: /BIODATA/StudentsHome/kevine/GWAS/Git/GWAS/assoc_results
Start time: Mon May  6 23:09:47 2019

Random number seed: 1557184187
967454 MB RAM detected; reserving 483727 MB for main workspace.
1607768 variants loaded from .bim file.
1295 people (764 males, 531 females) loaded from .fam.
1295 phenotype values loaded from .fam.
Using 1 thread (no multithreaded calculations invoked.
Before main variant filters, 1295 founders and 0 nonfounders present.
Calculating allele frequencies... done.
Total genotyping rate is 0.995676.
1607768 variants and 1295 people pass filters and QC.
Among remaining phenotypes, 602 are cases and 693 are controls.
Writing --model report to qc-camgwas-model.model ... done.

End time: Mon May  6 23:09:54 2019
