PLINK v1.90b6.7 64-bit (2 Dec 2018)
Options in effect:
  --allow-no-sex
  --autosome
  --bfile ../analysis/qc-camgwas
  --ci 0.95
  --covar ../popstruct/ps-data.mds
  --covar-name C1 C5 C9
  --hide-covar
  --logistic beta
  --out ps-qc-camgwasC1C5C9

Hostname: delgemebioserver
Working directory: /BIODATA/StudentsHome/kevine/GWAS/Git/GWAS/assoc_results
Start time: Sat May  4 03:33:19 2019

Note: --hide-covar flag deprecated.  Use e.g. '--linear hide-covar'.
Random number seed: 1556940799
967454 MB RAM detected; reserving 483727 MB for main workspace.
1675096 out of 1713196 variants loaded from .bim file.
1295 people (764 males, 531 females) loaded from .fam.
1295 phenotype values loaded from .fam.
Using 1 thread (no multithreaded calculations invoked).
--covar: 3 out of 11 covariates loaded.
Before main variant filters, 1295 founders and 0 nonfounders present.
Calculating allele frequencies... done.
Total genotyping rate is 0.995529.
1675096 variants and 1295 people pass filters and QC.
Among remaining phenotypes, 602 are cases and 693 are controls.
Writing logistic model association results to
ps-qc-camgwasC1C5C9.assoc.logistic ... done.

End time: Sat May  4 03:34:56 2019
PLINK v1.90b6.7 64-bit (2 Dec 2018)
Options in effect:
  --allow-no-sex
  --autosome
  --bfile ../analysis/qc-camgwas
  --ci 0.95
  --covar ../popstruct/ps-data.mds
  --covar-name C1 C2 C3 C4 C5 C6 C7 C8 C9 C10
  --hide-covar
  --logistic beta
  --out ps-qc-camgwasC1-C10-add

Hostname: delgemebioserver
Working directory: /BIODATA/StudentsHome/kevine/GWAS/Git/GWAS/assoc_results
Start time: Sat May  4 03:34:56 2019

Note: --hide-covar flag deprecated.  Use e.g. '--linear hide-covar'.
Random number seed: 1556940896
967454 MB RAM detected; reserving 483727 MB for main workspace.
1675096 out of 1713196 variants loaded from .bim file.
1295 people (764 males, 531 females) loaded from .fam.
1295 phenotype values loaded from .fam.
Using 1 thread (no multithreaded calculations invoked).
--covar: 10 out of 11 covariates loaded.
Before main variant filters, 1295 founders and 0 nonfounders present.
Calculating allele frequencies... done.
Total genotyping rate is 0.995529.
1675096 variants and 1295 people pass filters and QC.
Among remaining phenotypes, 602 are cases and 693 are controls.
Writing logistic model association results to
ps-qc-camgwasC1-C10-add.assoc.logistic ... done.

End time: Sat May  4 03:41:29 2019
PLINK v1.90b6.7 64-bit (2 Dec 2018)
Options in effect:
  --allow-no-sex
  --autosome
  --bfile ../analysis/qc-camgwas
  --covar ../popstruct/ps-data.mds
  --covar-name C1 C2 C3 C4 C5 C6 C7 C8 C9 C10
  --hide-covar
  --model
  --out ps-qc-camgwasC1-C10-model

Hostname: delgemebioserver
Working directory: /BIODATA/StudentsHome/kevine/GWAS/Git/GWAS/assoc_results
Start time: Sat May  4 03:41:29 2019

Note: --hide-covar flag deprecated.  Use e.g. '--linear hide-covar'.
Random number seed: 1556941289
967454 MB RAM detected; reserving 483727 MB for main workspace.
1675096 out of 1713196 variants loaded from .bim file.
1295 people (764 males, 531 females) loaded from .fam.
1295 phenotype values loaded from .fam.
Using 1 thread (no multithreaded calculations invoked).
Warning: Ignoring --covar since no commands reference the covariates.
Before main variant filters, 1295 founders and 0 nonfounders present.
Calculating allele frequencies... done.
Total genotyping rate is 0.995529.
1675096 variants and 1295 people pass filters and QC.
Among remaining phenotypes, 602 are cases and 693 are controls.
Writing --model report to ps-qc-camgwasC1-C10-model.model ...
done.

End time: Sat May  4 03:41:37 2019
PLINK v1.90b6.7 64-bit (2 Dec 2018)
Options in effect:
  --allow-no-sex
  --autosome
  --bfile ../analysis/qc-camgwas
  --ci 0.95
  --covar ../popstruct/ps-data.mds
  --covar-name C1 C2 C3 C4 C5 C6 C7 C8 C9 C10
  --hide-covar
  --logistic hethom
  --out ps-qc-camgwasC1-C10-hethom

Hostname: delgemebioserver
Working directory: /BIODATA/StudentsHome/kevine/GWAS/Git/GWAS/assoc_results
Start time: Sat May  4 03:41:37 2019

Note: --hide-covar flag deprecated.  Use e.g. '--linear hide-covar'.
Random number seed: 1556941297
967454 MB RAM detected; reserving 483727 MB for main workspace.
1675096 out of 1713196 variants loaded from .bim file.
1295 people (764 males, 531 females) loaded from .fam.
1295 phenotype values loaded from .fam.
Using 1 thread (no multithreaded calculations invoked).
--covar: 10 out of 11 covariates loaded.
Before main variant filters, 1295 founders and 0 nonfounders present.
Calculating allele frequencies... done.
Total genotyping rate is 0.995529.
1675096 variants and 1295 people pass filters and QC.
Among remaining phenotypes, 602 are cases and 693 are controls.
Writing logistic model association results to
ps-qc-camgwasC1-C10-hethom.assoc.logistic ... done.

End time: Sat May  4 03:49:08 2019
PLINK v1.90b6.7 64-bit (2 Dec 2018)
Options in effect:
  --allow-no-sex
  --autosome
  --bfile ../analysis/qc-camgwas
  --ci 0.95
  --covar ../popstruct/ps-data.mds
  --covar-name C1 C2 C3 C4 C5 C6 C7 C8 C9 C10
  --hide-covar
  --logistic recessive
  --out ps-qc-camgwasC1-C10-rec

Hostname: delgemebioserver
Working directory: /BIODATA/StudentsHome/kevine/GWAS/Git/GWAS/assoc_results
Start time: Sat May  4 03:49:08 2019

Note: --hide-covar flag deprecated.  Use e.g. '--linear hide-covar'.
Random number seed: 1556941748
967454 MB RAM detected; reserving 483727 MB for main workspace.
1675096 out of 1713196 variants loaded from .bim file.
1295 people (764 males, 531 females) loaded from .fam.
1295 phenotype values loaded from .fam.
Using 1 thread (no multithreaded calculations invoked).
--covar: 10 out of 11 covariates loaded.
Before main variant filters, 1295 founders and 0 nonfounders present.
Calculating allele frequencies... done.
Total genotyping rate is 0.995529.
1675096 variants and 1295 people pass filters and QC.
Among remaining phenotypes, 602 are cases and 693 are controls.
Writing logistic model association results to
ps-qc-camgwasC1-C10-rec.assoc.logistic ... done.

End time: Sat May  4 03:55:23 2019
PLINK v1.90b6.7 64-bit (2 Dec 2018)
Options in effect:
  --allow-no-sex
  --autosome
  --bfile ../analysis/qc-camgwas
  --ci 0.95
  --covar ../popstruct/ps-data.mds
  --covar-name C1 C5 C9
  --hide-covar
  --logistic beta
  --out ps-qc-camgwasC1C5C9

Hostname: delgemebioserver
Working directory: /BIODATA/StudentsHome/kevine/GWAS/Git/GWAS/assoc_results
Start time: Sat May  4 04:46:03 2019

Note: --hide-covar flag deprecated.  Use e.g. '--linear hide-covar'.
Random number seed: 1556945163
967454 MB RAM detected; reserving 483727 MB for main workspace.
1675096 out of 1713196 variants loaded from .bim file.
1295 people (764 males, 531 females) loaded from .fam.
1295 phenotype values loaded from .fam.
Using 1 thread (no multithreaded calculations invoked).
--covar: 3 out of 11 covariates loaded.
Before main variant filters, 1295 founders and 0 nonfounders present.
Calculating allele frequencies... done.
Total genotyping rate is 0.995529.
1675096 variants and 1295 people pass filters and QC.
Among remaining phenotypes, 602 are cases and 693 are controls.
Writing logistic model association results to
ps-qc-camgwasC1C5C9.assoc.logistic ... done.

End time: Sat May  4 04:47:41 2019
PLINK v1.90b6.7 64-bit (2 Dec 2018)
Options in effect:
  --allow-no-sex
  --autosome
  --bfile ../analysis/qc-camgwas
  --ci 0.95
  --covar ../popstruct/ps-data.mds
  --covar-name C1 C2 C3 C4 C5 C6 C7 C8 C9 C10
  --hide-covar
  --logistic beta
  --out ps-qc-camgwasC1-C10-add

Hostname: delgemebioserver
Working directory: /BIODATA/StudentsHome/kevine/GWAS/Git/GWAS/assoc_results
Start time: Sat May  4 04:47:41 2019

Note: --hide-covar flag deprecated.  Use e.g. '--linear hide-covar'.
Random number seed: 1556945261
967454 MB RAM detected; reserving 483727 MB for main workspace.
1675096 out of 1713196 variants loaded from .bim file.
1295 people (764 males, 531 females) loaded from .fam.
1295 phenotype values loaded from .fam.
Using 1 thread (no multithreaded calculations invoked).
--covar: 10 out of 11 covariates loaded.
Before main variant filters, 1295 founders and 0 nonfounders present.
Calculating allele frequencies... done.
Total genotyping rate is 0.995529.
1675096 variants and 1295 people pass filters and QC.
Among remaining phenotypes, 602 are cases and 693 are controls.
Writing logistic model association results to
ps-qc-camgwasC1-C10-add.assoc.logistic ... done.

End time: Sat May  4 04:54:22 2019
PLINK v1.90b6.7 64-bit (2 Dec 2018)
Options in effect:
  --allow-no-sex
  --autosome
  --bfile ../analysis/qc-camgwas
  --covar ../popstruct/ps-data.mds
  --covar-name C1 C2 C3 C4 C5 C6 C7 C8 C9 C10
  --hide-covar
  --model
  --out ps-qc-camgwasC1-C10-model

Hostname: delgemebioserver
Working directory: /BIODATA/StudentsHome/kevine/GWAS/Git/GWAS/assoc_results
Start time: Sat May  4 04:54:22 2019

Note: --hide-covar flag deprecated.  Use e.g. '--linear hide-covar'.
Random number seed: 1556945662
967454 MB RAM detected; reserving 483727 MB for main workspace.
1675096 out of 1713196 variants loaded from .bim file.
1295 people (764 males, 531 females) loaded from .fam.
1295 phenotype values loaded from .fam.
Using 1 thread (no multithreaded calculations invoked).
Warning: Ignoring --covar since no commands reference the covariates.
Before main variant filters, 1295 founders and 0 nonfounders present.
Calculating allele frequencies... done.
Total genotyping rate is 0.995529.
1675096 variants and 1295 people pass filters and QC.
Among remaining phenotypes, 602 are cases and 693 are controls.
Writing --model report to ps-qc-camgwasC1-C10-model.model ...
done.

End time: Sat May  4 04:54:29 2019
PLINK v1.90b6.7 64-bit (2 Dec 2018)
Options in effect:
  --allow-no-sex
  --autosome
  --bfile ../analysis/qc-camgwas
  --ci 0.95
  --covar ../popstruct/ps-data.mds
  --covar-name C1 C2 C3 C4 C5 C6 C7 C8 C9 C10
  --hide-covar
  --logistic hethom
  --out ps-qc-camgwasC1-C10-hethom

Hostname: delgemebioserver
Working directory: /BIODATA/StudentsHome/kevine/GWAS/Git/GWAS/assoc_results
Start time: Sat May  4 04:54:29 2019

Note: --hide-covar flag deprecated.  Use e.g. '--linear hide-covar'.
Random number seed: 1556945669
967454 MB RAM detected; reserving 483727 MB for main workspace.
1675096 out of 1713196 variants loaded from .bim file.
1295 people (764 males, 531 females) loaded from .fam.
1295 phenotype values loaded from .fam.
Using 1 thread (no multithreaded calculations invoked).
--covar: 10 out of 11 covariates loaded.
Before main variant filters, 1295 founders and 0 nonfounders present.
Calculating allele frequencies... done.
Total genotyping rate is 0.995529.
1675096 variants and 1295 people pass filters and QC.
Among remaining phenotypes, 602 are cases and 693 are controls.
Writing logistic model association results to
ps-qc-camgwasC1-C10-hethom.assoc.logistic ... done.

End time: Sat May  4 05:02:01 2019
PLINK v1.90b6.7 64-bit (2 Dec 2018)
Options in effect:
  --allow-no-sex
  --autosome
  --bfile ../analysis/qc-camgwas
  --ci 0.95
  --covar ../popstruct/ps-data.mds
  --covar-name C1 C2 C3 C4 C5 C6 C7 C8 C9 C10
  --hide-covar
  --logistic recessive
  --out ps-qc-camgwasC1-C10-rec

Hostname: delgemebioserver
Working directory: /BIODATA/StudentsHome/kevine/GWAS/Git/GWAS/assoc_results
Start time: Sat May  4 05:02:01 2019

Note: --hide-covar flag deprecated.  Use e.g. '--linear hide-covar'.
Random number seed: 1556946121
967454 MB RAM detected; reserving 483727 MB for main workspace.
1675096 out of 1713196 variants loaded from .bim file.
1295 people (764 males, 531 females) loaded from .fam.
1295 phenotype values loaded from .fam.
Using 1 thread (no multithreaded calculations invoked).
--covar: 10 out of 11 covariates loaded.
Before main variant filters, 1295 founders and 0 nonfounders present.
Calculating allele frequencies... done.
Total genotyping rate is 0.995529.
1675096 variants and 1295 people pass filters and QC.
Among remaining phenotypes, 602 are cases and 693 are controls.
Writing logistic model association results to
ps-qc-camgwasC1-C10-rec.assoc.logistic ... done.

End time: Sat May  4 05:08:16 2019
PLINK v1.90b6.7 64-bit (2 Dec 2018)
Options in effect:
  --allow-no-sex
  --autosome
  --bfile ../analysis/qc-camgwas-updated
  --ci 0.95
  --covar ../popstruct/ps-data.mds
  --covar-name C1 C5 C9
  --hide-covar
  --logistic beta
  --out ps-qc-camgwasC1C5C9

Hostname: delgemebioserver
Working directory: /BIODATA/StudentsHome/kevine/GWAS/Git/GWAS/assoc_results
Start time: Mon May  6 23:10:06 2019

Note: --hide-covar flag deprecated.  Use e.g. '--linear hide-covar'.
Random number seed: 1557184206
967454 MB RAM detected; reserving 483727 MB for main workspace.
1607768 out of 1644580 variants loaded from .bim file.
1295 people (764 males, 531 females) loaded from .fam.
1295 phenotype values loaded from .fam.
Using 1 thread (no multithreaded calculations invoked).
--covar: 3 out of 11 covariates loaded.
Before main variant filters, 1295 founders and 0 nonfounders present.
Calculating allele frequencies... done.
Total genotyping rate is 0.995676.
1607768 variants and 1295 people pass filters and QC.
Among remaining phenotypes, 602 are cases and 693 are controls.
Writing logistic model association results to
ps-qc-camgwasC1C5C9.assoc.logistic ... done.

End time: Mon May  6 23:11:39 2019
PLINK v1.90b6.7 64-bit (2 Dec 2018)
Options in effect:
  --allow-no-sex
  --autosome
  --bfile ../analysis/qc-camgwas-updated
  --ci 0.95
  --covar ../popstruct/ps-data.mds
  --covar-name C1 C2 C3 C4 C5 C6 C7 C8 C9 C10
  --hide-covar
  --logistic
  --out ps-qc-camgwasC1-C10-add

Hostname: delgemebioserver
Working directory: /BIODATA/StudentsHome/kevine/GWAS/Git/GWAS/assoc_results
Start time: Mon May  6 23:11:39 2019

Note: --hide-covar flag deprecated.  Use e.g. '--linear hide-covar'.
Random number seed: 1557184299
967454 MB RAM detected; reserving 483727 MB for main workspace.
1607768 out of 1644580 variants loaded from .bim file.
1295 people (764 males, 531 females) loaded from .fam.
1295 phenotype values loaded from .fam.
Using 1 thread (no multithreaded calculations invoked).
--covar: 10 out of 11 covariates loaded.
Before main variant filters, 1295 founders and 0 nonfounders present.
Calculating allele frequencies... done.
Total genotyping rate is 0.995676.
1607768 variants and 1295 people pass filters and QC.
Among remaining phenotypes, 602 are cases and 693 are controls.
Writing logistic model association results to
ps-qc-camgwasC1-C10-add.assoc.logistic ... done.

End time: Mon May  6 23:18:06 2019
PLINK v1.90b6.7 64-bit (2 Dec 2018)
Options in effect:
  --allow-no-sex
  --autosome
  --bfile ../analysis/qc-camgwas-updated
  --covar ../popstruct/ps-data.mds
  --covar-name C1 C2 C3 C4 C5 C6 C7 C8 C9 C10
  --hide-covar
  --model
  --out ps-qc-camgwasC1-C10-model

Hostname: delgemebioserver
Working directory: /BIODATA/StudentsHome/kevine/GWAS/Git/GWAS/assoc_results
Start time: Mon May  6 23:18:06 2019

Note: --hide-covar flag deprecated.  Use e.g. '--linear hide-covar'.
Random number seed: 1557184686
967454 MB RAM detected; reserving 483727 MB for main workspace.
1607768 out of 1644580 variants loaded from .bim file.
1295 people (764 males, 531 females) loaded from .fam.
1295 phenotype values loaded from .fam.
Using 1 thread (no multithreaded calculations invoked).
Warning: Ignoring --covar since no commands reference the covariates.
Before main variant filters, 1295 founders and 0 nonfounders present.
Calculating allele frequencies... done.
Total genotyping rate is 0.995676.
1607768 variants and 1295 people pass filters and QC.
Among remaining phenotypes, 602 are cases and 693 are controls.
Writing --model report to ps-qc-camgwasC1-C10-model.model ...
done.

End time: Mon May  6 23:18:13 2019
PLINK v1.90b6.7 64-bit (2 Dec 2018)
Options in effect:
  --allow-no-sex
  --autosome
  --bfile ../analysis/qc-camgwas-updated
  --ci 0.95
  --covar ../popstruct/ps-data.mds
  --covar-name C1 C2 C3 C4 C5 C6 C7 C8 C9 C10
  --hide-covar
  --logistic hethom
  --out ps-qc-camgwasC1-C10-hethom

Hostname: delgemebioserver
Working directory: /BIODATA/StudentsHome/kevine/GWAS/Git/GWAS/assoc_results
Start time: Mon May  6 23:18:13 2019

Note: --hide-covar flag deprecated.  Use e.g. '--linear hide-covar'.
Random number seed: 1557184693
967454 MB RAM detected; reserving 483727 MB for main workspace.
1607768 out of 1644580 variants loaded from .bim file.
1295 people (764 males, 531 females) loaded from .fam.
1295 phenotype values loaded from .fam.
Using 1 thread (no multithreaded calculations invoked).
--covar: 10 out of 11 covariates loaded.
Before main variant filters, 1295 founders and 0 nonfounders present.
Calculating allele frequencies... done.
Total genotyping rate is 0.995676.
1607768 variants and 1295 people pass filters and QC.
Among remaining phenotypes, 602 are cases and 693 are controls.
Writing logistic model association results to
ps-qc-camgwasC1-C10-hethom.assoc.logistic ... done.

End time: Mon May  6 23:25:49 2019
PLINK v1.90b6.7 64-bit (2 Dec 2018)
Options in effect:
  --allow-no-sex
  --autosome
  --bfile ../analysis/qc-camgwas-updated
  --ci 0.95
  --covar ../popstruct/ps-data.mds
  --covar-name C1 C2 C3 C4 C5 C6 C7 C8 C9 C10
  --hide-covar
  --logistic recessive
  --out ps-qc-camgwasC1-C10-rec

Hostname: delgemebioserver
Working directory: /BIODATA/StudentsHome/kevine/GWAS/Git/GWAS/assoc_results
Start time: Mon May  6 23:25:49 2019

Note: --hide-covar flag deprecated.  Use e.g. '--linear hide-covar'.
Random number seed: 1557185149
967454 MB RAM detected; reserving 483727 MB for main workspace.
1607768 out of 1644580 variants loaded from .bim file.
1295 people (764 males, 531 females) loaded from .fam.
1295 phenotype values loaded from .fam.
Using 1 thread (no multithreaded calculations invoked).
--covar: 10 out of 11 covariates loaded.
Before main variant filters, 1295 founders and 0 nonfounders present.
Calculating allele frequencies... done.
Total genotyping rate is 0.995676.
1607768 variants and 1295 people pass filters and QC.
Among remaining phenotypes, 602 are cases and 693 are controls.
Writing logistic model association results to
ps-qc-camgwasC1-C10-rec.assoc.logistic ... done.

End time: Mon May  6 23:31:50 2019
