null device 
          1 
null device 
          1 
null device 
          1 

Call:
glm(formula = as.factor(pcastat2[, 14]) ~ pcastat2[, 4] + pcastat2[, 
    5] + pcastat2[, 6] + pcastat2[, 7] + pcastat2[, 8] + pcastat2[, 
    9] + pcastat2[, 10] + pcastat2[, 11] + pcastat2[, 12] + pcastat2[, 
    13], family = "binomial")

Deviance Residuals: 
    Min       1Q   Median       3Q      Max  
-1.7049  -1.1573   0.7948   1.0686   1.9704  

Coefficients:
                Estimate Std. Error z value Pr(>|z|)    
(Intercept)      0.12138    0.05855   2.073   0.0382 *  
pcastat2[, 4]   54.22595   10.68960   5.073 3.92e-07 ***
pcastat2[, 5]   18.20775   10.74571   1.694   0.0902 .  
pcastat2[, 6]  -14.80589   11.53961  -1.283   0.1995    
pcastat2[, 7]    8.48799   25.09599   0.338   0.7352    
pcastat2[, 8]  -38.86769   12.16934  -3.194   0.0014 ** 
pcastat2[, 9]  172.53430   34.85500   4.950 7.42e-07 ***
pcastat2[, 10]  10.91344   11.77176   0.927   0.3539    
pcastat2[, 11]  42.28928   21.76119   1.943   0.0520 .  
pcastat2[, 12]  24.90274   20.88706   1.192   0.2332    
pcastat2[, 13]  20.26973   14.29246   1.418   0.1561    
---
Signif. codes:  0 ‘***’ 0.001 ‘**’ 0.01 ‘*’ 0.05 ‘.’ 0.1 ‘ ’ 1

(Dispersion parameter for binomial family taken to be 1)

    Null deviance: 1801.5  on 1303  degrees of freedom
Residual deviance: 1708.7  on 1293  degrees of freedom
AIC: 1730.7

Number of Fisher Scoring iterations: 5

