Mode    : Phaser
Options : --input-ref resources/refs/imputation/agr/impute2/20.minAC1.hap.gz resources/refs/imputation/agr/impute2/20.minAC1.legend.gz resources/refs/imputation/agr/impute2/20.minAC1.samples --exclude-snp 0be80d458bcf33a636b831c74743acab.pbwt/20/bee536ab1120f80f12cd5de068a7dc5d/20.shapeit_prephase.snp.strand.exclude --input-map resources/refs/imputation/genetic-map/genetic_map_chr20_combined_b37.txt --input-gen 0be80d458bcf33a636b831c74743acab.pbwt/20/bee536ab1120f80f12cd5de068a7dc5d/20.input.gen.gz 0be80d458bcf33a636b831c74743acab.pbwt/20/bee536ab1120f80f12cd5de068a7dc5d/20.input.samples --output-log 0be80d458bcf33a636b831c74743acab.pbwt/20/bee536ab1120f80f12cd5de068a7dc5d/20.shapeit_prephase.log --thread 16 --output-max 0be80d458bcf33a636b831c74743acab.pbwt/20/bee536ab1120f80f12cd5de068a7dc5d/20.shapeit_prephase
Version : v2.r790
Date    : 29/01/2019 12:50:16

MODE -phase : PHASING GENOTYPE DATA
  * Autosome (chr1 ... chr22)
  * Window-based model (SHAPEIT v2)
  * Reference panel of haplotypes used
  * MCMC iteration

Parameters :
  * Seed : 1548766216
  * Parallelisation: 16 threads
  * Ref allele is NOT aligned on the reference genome
  * MCMC: 35 iterations [7 B + 1 runs of 8 P + 20 M]
  * Model: 100 states per window [100 H + 0 PM + 0 R + 0 COV ] / Windows of ~2.0 Mb / Ne = 15000

Reading SNPs to exclude from input file in [0be80d458bcf33a636b831c74743acab.pbwt/20/bee536ab1120f80f12cd5de068a7dc5d/20.shapeit_prephase.snp.strand.exclude]
  * 468 snps found in the exclude list

Reading sample list in [0be80d458bcf33a636b831c74743acab.pbwt/20/bee536ab1120f80f12cd5de068a7dc5d/20.input.samples]
  * Column gender detected (idx=3)
  * 631 samples included
  * 631 unrelateds / 0 duos / 0 trios in 631 different families

Reading site list and genotypes in [0be80d458bcf33a636b831c74743acab.pbwt/20/bee536ab1120f80f12cd5de068a7dc5d/20.input.gen.gz] with a calling threshold of 0.9000
  * 38357 sites included
  * 468 sites excluded
  * genotypes passing the threshold (= 99.5 %)
  * genotypes NOT passing the threshold (= 0.5 %)

Reading sample list [resources/refs/imputation/agr/impute2/20.minAC1.samples]
  * Column gender detected (idx=3)
  * 9912 reference haplotypes included
  * 2361 males / 2595 females

Reading SNPs in [resources/refs/imputation/agr/impute2/20.minAC1.legend.gz]
  * 38357 reference panel sites included
  * 1998080 reference panel sites excluded

Reading reference haplotypes in [resources/refs/imputation/agr/impute2/20.minAC1.hap.gz]

Reading genetic map in [resources/refs/imputation/genetic-map/genetic_map_chr20_combined_b37.txt]
  * 79922 genetic positions found
  * #set=21832 / #interpolated=16525
  * Physical map [0.06 Mb -> 62.95 Mb] / Genetic map [0.00 cM -> 110.21 cM]

Checking missingness and MAF...
  * 10 individuals with high rates of missing data (>5%)
  * 16 SNPs with high rates of missing data (>5%)

Building graphs ... 

  * 631 graphs / 2117717 segments / ~11 SNPs per segment / 75074917 transitions
  * 0 haploids / 631 unrelateds / 0 duos / 0 trios
  * 1262 founder haplotypes
  * 9912 reference haplotypes

Sampling haplotypes


Burn-in iteration [1/7]

Burn-in iteration [2/7]

Burn-in iteration [3/7]

Burn-in iteration [4/7]

Burn-in iteration [5/7]

Burn-in iteration [6/7]

Burn-in iteration [7/7]

Pruning iteration [1/8]

Pruning iteration [2/8]

Pruning iteration [3/8]

Pruning iteration [4/8]

Pruning iteration [5/8]

Pruning iteration [6/8]

Pruning iteration [7/8]

Pruning iteration [8/8]

Pruning graphs

  * 631 graphs / 667659 segments / ~36 SNPs per segment / 10339864 transitions
  * 0 haploids / 631 unrelateds / 0 duos / 0 trios
  * 1262 founder haplotypes
  * 9912 reference haplotypes

Main iteration [1/20]

Main iteration [2/20]

Main iteration [3/20]

Main iteration [4/20]

Main iteration [5/20]

Main iteration [6/20]

Main iteration [7/20]

Main iteration [8/20]

Main iteration [9/20]

Main iteration [10/20]

Main iteration [11/20]

Main iteration [12/20]

Main iteration [13/20]

Main iteration [14/20]

Main iteration [15/20]

Main iteration [16/20]

Main iteration [17/20]

Main iteration [18/20]

Main iteration [19/20]

Main iteration [20/20]

Normalising graphs


Solving haplotypes


Writing sample list in [0be80d458bcf33a636b831c74743acab.pbwt/20/bee536ab1120f80f12cd5de068a7dc5d/20.shapeit_prephase.sample]

Writing site list and haplotypes in [0be80d458bcf33a636b831c74743acab.pbwt/20/bee536ab1120f80f12cd5de068a7dc5d/20.shapeit_prephase.haps]

Running time: 2410 seconds
