parameter file: eig-corr-camgwas.pca.par
### THE INPUT PARAMETERS
##PARAMETER NAME: VALUE
genotypename: ../CONVERTF/eig-corr-camgwas.eigenstratgeno
snpname: ../CONVERTF/eig-corr-camgwas.snp
indivname: ../CONVERTF/eig-corr-camgwas.ind
evecoutname: eig-corr-camgwas.pca.evec
evaloutname: eig-corr-camgwas.eval
altnormstyle: NO
numoutevec: 20
numoutlieriter: 5
numoutlierevec: 20
outliersigmathresh: 6
qtmode: 0
## smartpca version: 13050
norm used

number of samples used: 1077 number of snps used: 432281
Using 127 threads, and partial sum lookup algorithm.
total number of snps killed in pass: 0  used: 432281
REMOVED outlier 6042341162_R08C01 iter 1 evec 7 sigmage 6.223 pop: Control
REMOVED outlier 6042375002_R05C01 iter 1 evec 7 sigmage 6.319 pop: Control
REMOVED outlier 6042375014_R01C01 iter 1 evec 18 sigmage 8.360 pop: Control
REMOVED outlier 6042375025_R03C01 iter 1 evec 15 sigmage -12.663 pop: Case
REMOVED outlier 6135563041_R03C01 iter 1 evec 13 sigmage 7.023 pop: Control
REMOVED outlier 6135563041_R04C01 iter 1 evec 14 sigmage -7.273 pop: Control
REMOVED outlier 6135580017_R01C01 iter 1 evec 6 sigmage -8.781 pop: Control
REMOVED outlier 6135580082_R02C01 iter 1 evec 8 sigmage -6.680 pop: Control
REMOVED outlier 6135580082_R03C01 iter 1 evec 13 sigmage 6.099 pop: Control
REMOVED outlier 6135580082_R04C01 iter 1 evec 13 sigmage -6.474 pop: Control
REMOVED outlier 6135601060_R06C01 iter 1 evec 13 sigmage -6.273 pop: Case
REMOVED outlier 6135601124_R04C01 iter 1 evec 11 sigmage 7.581 pop: Control
REMOVED outlier 6147054122_R02C01 iter 1 evec 15 sigmage 7.042 pop: Control
REMOVED outlier 6147054150_R04C01 iter 1 evec 13 sigmage -7.715 pop: Control
REMOVED outlier 6147071101_R05C01 iter 1 evec 15 sigmage 6.388 pop: Control
REMOVED outlier 6147071155_R07C01 iter 1 evec 13 sigmage 6.939 pop: Control
REMOVED outlier 6160275022_R03C01 iter 1 evec 8 sigmage 8.168 pop: Control
REMOVED outlier 6160275022_R05C01 iter 1 evec 8 sigmage 8.052 pop: Control
REMOVED outlier 6160275043_R06C01 iter 1 evec 11 sigmage 6.340 pop: Control
REMOVED outlier 6171492056_R03C01 iter 1 evec 15 sigmage -12.685 pop: Case
REMOVED outlier 6171492090_R08C01 iter 1 evec 8 sigmage -7.414 pop: Case
REMOVED outlier 6247194043_R07C01 iter 1 evec 18 sigmage 8.460 pop: Control
REMOVED outlier 6247194117_R02C01 iter 1 evec 6 sigmage -8.814 pop: Control
number of samples after outlier removal: 1054
total number of snps killed in pass: 0  used: 432281
REMOVED outlier 6042375029_R01C01 iter 2 evec 19 sigmage 7.078 pop: Control
REMOVED outlier 6135580017_R03C01 iter 2 evec 10 sigmage -9.305 pop: Control
REMOVED outlier 6135580017_R06C01 iter 2 evec 10 sigmage -8.658 pop: Control
REMOVED outlier 6135580118_R05C01 iter 2 evec 12 sigmage 6.586 pop: Case
REMOVED outlier 6135580123_R02C01 iter 2 evec 15 sigmage 6.114 pop: Case
REMOVED outlier 6135601034_R04C01 iter 2 evec 4 sigmage -6.558 pop: Control
REMOVED outlier 6135601108_R01C01 iter 2 evec 19 sigmage 9.618 pop: Control
REMOVED outlier 6135601116_R02C01 iter 2 evec 15 sigmage -6.271 pop: Case
REMOVED outlier 6135601156_R02C01 iter 2 evec 17 sigmage 7.608 pop: Case
REMOVED outlier 6147062055_R08C01 iter 2 evec 19 sigmage 6.211 pop: Case
REMOVED outlier 6147062162_R05C01 iter 2 evec 15 sigmage -6.761 pop: Case
REMOVED outlier 6147071044_R01C01 iter 2 evec 19 sigmage 8.541 pop: Case
REMOVED outlier 6147071123_R08C01 iter 2 evec 16 sigmage 10.371 pop: Control
REMOVED outlier 6160275044_R06C01 iter 2 evec 11 sigmage -6.439 pop: Control
REMOVED outlier 6171492055_R01C01 iter 2 evec 15 sigmage 6.376 pop: Case
REMOVED outlier 6171492060_R01C01 iter 2 evec 4 sigmage -6.788 pop: Control
REMOVED outlier 6172882050_R08C01 iter 2 evec 17 sigmage 6.385 pop: Case
REMOVED outlier 6186483013_R01C01 iter 2 evec 16 sigmage 10.326 pop: Control
number of samples after outlier removal: 1036
total number of snps killed in pass: 0  used: 432281
REMOVED outlier 6042341089_R03C01 iter 3 evec 14 sigmage 6.364 pop: Control
REMOVED outlier 6042359084_R04C01 iter 3 evec 8 sigmage -6.332 pop: Control
REMOVED outlier 6042375014_R08C01 iter 3 evec 8 sigmage -7.337 pop: Control
REMOVED outlier 6042375023_R04C01 iter 3 evec 11 sigmage -6.750 pop: Control
REMOVED outlier 6042375029_R05C01 iter 3 evec 8 sigmage -7.209 pop: Control
REMOVED outlier 6135601034_R06C01 iter 3 evec 15 sigmage -6.527 pop: Control
REMOVED outlier 6135601153_R08C01 iter 3 evec 16 sigmage 7.092 pop: Case
REMOVED outlier 6147071002_R07C01 iter 3 evec 16 sigmage 6.483 pop: Case
REMOVED outlier 6160275019_R01C01 iter 3 evec 14 sigmage 6.164 pop: Control
REMOVED outlier 6160275019_R02C01 iter 3 evec 18 sigmage -8.439 pop: Control
REMOVED outlier 6160275020_R04C01 iter 3 evec 14 sigmage 6.155 pop: Control
REMOVED outlier 6160275022_R04C01 iter 3 evec 18 sigmage -7.898 pop: Control
REMOVED outlier 6165295023_R03C01 iter 3 evec 19 sigmage 8.925 pop: Control
REMOVED outlier 6171492050_R07C01 iter 3 evec 16 sigmage 6.383 pop: Case
REMOVED outlier 6247194115_R06C01 iter 3 evec 14 sigmage -6.718 pop: Control
number of samples after outlier removal: 1021
total number of snps killed in pass: 0  used: 432281
REMOVED outlier 6135601066_R08C01 iter 4 evec 17 sigmage -7.217 pop: Case
REMOVED outlier 6135601080_R08C01 iter 4 evec 17 sigmage 8.284 pop: Control
REMOVED outlier 6135601162_R06C01 iter 4 evec 12 sigmage 6.020 pop: Case
REMOVED outlier 6147054122_R05C01 iter 4 evec 14 sigmage 8.465 pop: Control
REMOVED outlier 6160275010_R05C01 iter 4 evec 11 sigmage 6.617 pop: Control
REMOVED outlier 6160275019_R04C01 iter 4 evec 13 sigmage 6.774 pop: Control
REMOVED outlier 6171492016_R05C01 iter 4 evec 17 sigmage 7.734 pop: Control
REMOVED outlier 6171492086_R07C01 iter 4 evec 17 sigmage -6.393 pop: Case
REMOVED outlier 6186483090_R02C01 iter 4 evec 14 sigmage 8.199 pop: Control
number of samples after outlier removal: 1012
total number of snps killed in pass: 0  used: 432281
REMOVED outlier 6135580082_R08C01 iter 5 evec 19 sigmage 6.997 pop: Control
REMOVED outlier 6135601108_R02C01 iter 5 evec 9 sigmage -6.300 pop: Control
number of samples after outlier removal: 1010
total number of snps killed in pass: 0  used: 432281

## Tracy-Widom statistics: rows: 1010  cols: 432281
  #N    eigenvalue  difference    twstat      p-value effect. n
   1      1.895077          NA   696.934            0 122654.632
   2      1.584202   -0.310875   422.820            0 135234.671
   3      1.528672   -0.055529   379.060            0 141250.682
   4      1.429131   -0.099541   282.752            0 146571.039
   5      1.274014   -0.155117   118.004            0 150210.056
   6      1.255874   -0.018140    99.748 1.62868e-290 151557.938
   7      1.237146   -0.018728    80.432 6.64018e-211 152720.332
   8      1.226712   -0.010434    70.053 8.52378e-172 153694.747
   9      1.202341   -0.024371    43.811  6.02131e-86 154575.304
  10      1.197762   -0.004579    39.527  6.31871e-74 155223.071
  11      1.193005   -0.004757    34.986  7.03753e-62 155837.720
  12      1.186612   -0.006393    28.537  4.44472e-46 156417.318
  13      1.176500   -0.010112    17.792  1.28297e-23 156946.577
  14      1.175655   -0.000845    17.475  4.88911e-23 157392.873
  15      1.170704   -0.004950    12.478  1.30024e-14 157838.495
  16      1.166255   -0.004450     8.004  2.32669e-08 158247.483
  17      1.165512   -0.000743     7.725  1.76638e-08 158624.316
  18      1.164436   -0.001076     7.061  1.15529e-07 159000.373
  19      1.162164   -0.002272     5.022  2.17283e-05 159372.777
  20      1.160337   -0.001827     3.475  0.000664355 159731.277
  21      1.159067   -0.001270     2.553   0.00394684 160079.522
  22      1.157498   -0.001569     1.281     0.032447 160422.098
  23      1.156107   -0.001391     0.202     0.134201 160756.402
  24      1.154750   -0.001358    -0.847     0.370583 161083.839
  25      1.153896   -0.000854    -1.323     0.517411 161404.602
  26      1.153629   -0.000267    -1.126     0.455073 161722.846
  27      1.152714   -0.000915    -1.677     0.629545 162043.486
  28      1.151837   -0.000877    -2.189     0.776608 162361.038
  29      1.150299   -0.001538    -3.471     0.972416 162675.766
  30      1.149416   -0.000883    -4.004     0.992515 162982.007
  31      1.148246   -0.001170    -4.874     0.999549 163285.221
  32      1.147620   -0.000626    -5.119     0.999827 163582.928
  33      1.146520   -0.001100    -5.917     0.999996 163879.670
  34      1.145621   -0.000899    -6.488            1 164171.388
  35      1.144755   -0.000866    -7.024            1 164459.725
  36      1.143939   -0.000817    -7.507            1 164744.914
  37      1.143295   -0.000644    -7.793            1 165027.328
  38      1.142562   -0.000733    -8.184            1 165308.399
  39      1.142012   -0.000550    -8.365            1 165587.333
  40      1.141336   -0.000676    -8.695            1 165865.669
  41      1.140791   -0.000545    -8.874            1 166142.295
  42      1.139654   -0.001137    -9.750            1 166418.317
  43      1.139272   -0.000382    -9.745            1 166688.588
  44      1.138664   -0.000608   -10.006            1 166959.579
  45      1.137839   -0.000824   -10.524            1 167229.321
  46      1.137015   -0.000824   -11.045            1 167495.905
  47      1.136523   -0.000492   -11.179            1 167759.289
  48      1.136180   -0.000343   -11.138            1 168022.326
  49      1.135193   -0.000987   -11.858            1 168286.312
  50      1.134772   -0.000422   -11.914            1 168545.585
  51      1.133438   -0.001334   -13.051            1 168805.059
  52      1.133278   -0.000159   -12.805            1 169056.690
  53      1.132875   -0.000404   -12.847            1 169310.742
  54      1.132666   -0.000209   -12.658            1 169565.075
  55      1.132184   -0.000482   -12.792            1 169821.420
  56      1.131686   -0.000498   -12.948            1 170077.359
  57      1.131267   -0.000419   -13.010            1 170332.729
  58      1.130603   -0.000664   -13.365            1 170588.227
  59      1.129802   -0.000801   -13.886            1 170841.634
  60      1.129341   -0.000460   -14.004            1 171091.684
  61      1.128582   -0.000759   -14.480            1 171341.409
  62      1.128249   -0.000333   -14.450            1 171588.089
  63      1.127806   -0.000443   -14.552            1 171835.552
  64      1.127460   -0.000346   -14.538            1 172082.794
  65      1.127335   -0.000125   -14.260            1 172330.697
  66      1.126319   -0.001016   -15.048            1 172581.292
  67      1.126049   -0.000270   -14.948            1 172826.392
  68      1.125762   -0.000287   -14.867            1 173072.810
  69      1.125296   -0.000466   -15.000            1 173320.402
  70      1.124594   -0.000702   -15.418            1 173567.512
  71      1.124492   -0.000102   -15.119            1 173811.928
  72      1.123528   -0.000964   -15.854            1 174059.210
  73      1.122769   -0.000759   -16.348            1 174301.310
  74      1.122366   -0.000403   -16.416            1 174540.095
  75      1.122101   -0.000265   -16.319            1 174778.857
  76      1.120774   -0.001327   -17.502            1 175018.890
  77      1.120476   -0.000299   -17.452            1 175250.187
  78      1.120421   -0.000055   -17.107            1 175482.352
  79      1.120188   -0.000233   -16.975            1 175717.702
  80      1.119820   -0.000368   -17.006            1 175954.580
  81      1.119502   -0.000318   -16.977            1 176191.706
  82      1.119028   -0.000474   -17.138            1 176429.559
  83      1.118295   -0.000732   -17.613            1 176666.638
  84      1.117653   -0.000642   -17.982            1 176900.433
  85      1.117408   -0.000245   -17.870            1 177131.776
  86      1.116974   -0.000434   -17.988            1 177364.475
  87      1.116539   -0.000435   -18.108            1 177596.702
  88      1.116263   -0.000276   -18.036            1 177828.437
  89      1.115789   -0.000474   -18.205            1 178061.224
  90      1.115212   -0.000577   -18.500            1 178293.122
  91      1.114850   -0.000362   -18.536            1 178523.104
  92      1.114629   -0.000221   -18.399            1 178753.258
  93      1.113978   -0.000651   -18.787            1 178984.978
  94      1.113428   -0.000550   -19.054            1 179214.009
  95      1.113225   -0.000203   -18.899            1 179441.321
  96      1.112420   -0.000806   -19.481            1 179670.341
  97      1.111865   -0.000554   -19.759            1 179895.060
  98      1.111653   -0.000213   -19.620            1 180117.941
  99      1.111318   -0.000334   -19.630            1 180342.382
 100      1.110966   -0.000352   -19.661            1 180567.173
 101      1.110557   -0.000409   -19.763            1 180792.131
 102      1.110348   -0.000209   -19.620            1 181016.680
 103      1.109632   -0.000716   -20.100            1 181242.843
 104      1.109468   -0.000164   -19.904            1 181465.455
 105      1.108786   -0.000682   -20.344            1 181690.115
 106      1.108334   -0.000452   -20.504            1 181911.533
 107      1.108048   -0.000286   -20.461            1 182132.026
 108      1.107801   -0.000246   -20.369            1 182353.285
 109      1.107442   -0.000360   -20.416            1 182575.728
 110      1.106580   -0.000862   -21.085            1 182798.185
 111      1.106321   -0.000259   -21.011            1 183015.430
 112      1.106060   -0.000262   -20.941            1 183233.684
 113      1.105760   -0.000299   -20.918            1 183452.922
 114      1.105407   -0.000353   -20.961            1 183672.756
 115      1.105081   -0.000326   -20.971            1 183892.617
 116      1.104409   -0.000672   -21.411            1 184112.791
 117      1.103914   -0.000495   -21.634            1 184329.613
 118      1.103854   -0.000060   -21.318            1 184544.912
 119      1.103433   -0.000421   -21.449            1 184763.297
 120      1.103042   -0.000390   -21.543            1 184980.944
 121      1.102891   -0.000151   -21.339            1 185198.168
 122      1.102349   -0.000543   -21.623            1 185417.530
 123      1.102022   -0.000326   -21.638            1 185634.827
 124      1.101206   -0.000816   -22.266            1 185852.370
 125      1.101070   -0.000136   -22.048            1 186064.843
 126      1.100871   -0.000199   -21.907            1 186279.576
 127      1.100568   -0.000304   -21.897            1 186495.903
 128      1.099984   -0.000583   -22.237            1 186712.695
 129      1.099730   -0.000254   -22.167            1 186926.879
 130      1.099346   -0.000384   -22.260            1 187142.042
 131      1.099139   -0.000207   -22.130            1 187356.752
 132      1.099033   -0.000106   -21.874            1 187572.970
 133      1.098464   -0.000570   -22.199            1 187791.835
 134      1.097938   -0.000525   -22.469            1 188008.189
 135      1.097662   -0.000276   -22.429            1 188222.499
 136      1.097131   -0.000531   -22.710            1 188437.525
 137      1.096948   -0.000183   -22.554            1 188650.403
 138      1.096207   -0.000741   -23.100            1 188865.031
 139      1.095779   -0.000428   -23.255            1 189075.117
 140      1.095510   -0.000269   -23.211            1 189284.149
 141      1.095201   -0.000308   -23.217            1 189493.908
 142      1.094691   -0.000510   -23.477            1 189703.955
 143      1.094203   -0.000488   -23.711            1 189911.983
 144      1.094078   -0.000125   -23.488            1 190118.221
 145      1.093586   -0.000493   -23.728            1 190326.803
 146      1.093097   -0.000489   -23.966            1 190533.523
 147      1.093043   -0.000054   -23.654            1 190738.402
 148      1.092660   -0.000383   -23.758            1 190946.441
 149      1.092435   -0.000225   -23.662            1 191153.854
 150      1.091953   -0.000482   -23.891            1 191362.470
 151      1.091785   -0.000169   -23.725            1 191569.296
 152      1.091436   -0.000349   -23.786            1 191777.978
 153      1.091119   -0.000317   -23.807            1 191986.415
 154      1.090716   -0.000403   -23.939            1 192194.977
 155      1.090149   -0.000568   -24.280            1 192402.637
 156      1.089958   -0.000191   -24.145            1 192607.422
 157      1.089668   -0.000290   -24.134            1 192813.781
 158      1.089440   -0.000228   -24.045            1 193020.547
 159      1.089047   -0.000393   -24.166            1 193228.464
 160      1.088477   -0.000570   -24.515            1 193435.554
 161      1.087942   -0.000535   -24.820            1 193639.664
 162      1.087767   -0.000175   -24.667            1 193841.189
 163      1.087573   -0.000194   -24.539            1 194044.445
 164      1.087378   -0.000195   -24.410            1 194249.219
 165      1.087204   -0.000174   -24.255            1 194455.515
 166      1.086519   -0.000685   -24.752            1 194663.602
 167      1.086223   -0.000296   -24.755            1 194867.227
 168      1.086015   -0.000208   -24.644            1 195071.119
 169      1.085601   -0.000414   -24.798            1 195276.368
 170      1.085482   -0.000119   -24.575            1 195480.426
 171      1.085039   -0.000443   -24.766            1 195686.943
 172      1.084416   -0.000623   -25.189            1 195891.902
 173      1.084234   -0.000182   -25.049            1 196093.037
 174      1.083894   -0.000341   -25.111            1 196295.816
 175      1.083466   -0.000427   -25.286            1 196498.264
 176      1.083399   -0.000068   -24.999            1 196699.281
 177      1.083063   -0.000335   -25.055            1 196903.391
 178      1.082580   -0.000484   -25.303            1 197107.233
 179      1.082088   -0.000491   -25.563            1 197308.907
 180      1.081900   -0.000188   -25.433            1 197508.288
 181      1.081653   -0.000248   -25.379            1 197709.224
 182      1.081433   -0.000220   -25.289            1 197910.962
 183      1.081298   -0.000135   -25.089            1 198113.870
 184      1.080824   -0.000474   -25.327            1 198319.059
 185      1.080471   -0.000352   -25.408            1 198522.145
 186      1.080276   -0.000195   -25.288            1 198724.684
 187      1.079710   -0.000566   -25.646            1 198928.715
 188      1.079395   -0.000315   -25.681            1 199129.393
 189      1.079185   -0.000211   -25.582            1 199329.979
 190      1.078893   -0.000291   -25.587            1 199531.835
 191      1.078461   -0.000433   -25.775            1 199733.905
 192      1.078040   -0.000420   -25.949            1 199934.319
 193      1.077676   -0.000364   -26.051            1 200133.216
 194      1.077433   -0.000243   -25.996            1 200331.319
 195      1.077199   -0.000235   -25.930            1 200530.233
 196      1.076915   -0.000284   -25.929            1 200730.074
 197      1.076692   -0.000222   -25.847            1 200930.185
 198      1.075948   -0.000745   -26.445            1 201131.399
 199      1.075591   -0.000356   -26.540            1 201326.664
 200      1.075359   -0.000232   -26.475            1 201521.168
 201      1.075277   -0.000083   -26.214            1 201716.583
 202      1.074700   -0.000576   -26.597            1 201914.950
 203      1.074587   -0.000113   -26.376            1 202109.554
 204      1.074521   -0.000066   -26.094            1 202306.698
 205      1.073925   -0.000596   -26.501            1 202507.059
 206      1.073662   -0.000264   -26.478            1 202703.356
 207      1.073564   -0.000097   -26.237            1 202900.132
 208      1.073039   -0.000525   -26.553            1 203099.703
 209      1.072632   -0.000408   -26.719            1 203296.138
 210      1.072367   -0.000265   -26.699            1 203491.033
 211      1.072003   -0.000364   -26.809            1 203686.369
 212      1.071822   -0.000181   -26.678            1 203880.747
 213      1.071661   -0.000161   -26.522            1 204076.741
 214      1.071240   -0.000421   -26.705            1 204274.650
 215      1.070789   -0.000451   -26.930            1 204470.799
 216      1.070637   -0.000152   -26.764            1 204664.731
 217      1.070364   -0.000273   -26.756            1 204860.686
 218      1.070107   -0.000257   -26.726            1 205056.946
 219      1.069759   -0.000347   -26.816            1 205253.747
 220      1.069317   -0.000442   -27.030            1 205449.786
 221      1.069227   -0.000091   -26.784            1 205643.687
 222      1.068723   -0.000504   -27.080            1 205840.512
 223      1.068530   -0.000193   -26.969            1 206034.277
 224      1.068464   -0.000066   -26.690            1 206229.480
 225      1.067976   -0.000487   -26.965            1 206427.993
 226      1.067656   -0.000320   -27.021            1 206623.662
 227      1.067535   -0.000120   -26.814            1 206818.910
 228      1.067240   -0.000295   -26.837            1 207016.682
 229      1.066928   -0.000312   -26.882            1 207214.413
 230      1.066617   -0.000311   -26.927            1 207411.848
 231      1.066513   -0.000104   -26.698            1 207608.989
 232      1.066127   -0.000386   -26.840            1 207808.939
 233      1.065696   -0.000431   -27.044            1 208007.488
 234      1.065497   -0.000199   -26.941            1 208203.931
 235      1.065181   -0.000316   -26.993            1 208401.746
 236      1.064760   -0.000421   -27.184            1 208599.180
 237      1.064349   -0.000412   -27.365            1 208794.625
 238      1.064080   -0.000268   -27.357            1 208988.191
 239      1.063892   -0.000188   -27.242            1 209182.041
 240      1.063572   -0.000320   -27.302            1 209377.406
 241      1.063360   -0.000212   -27.219            1 209572.268
 242      1.063252   -0.000108   -26.997            1 209768.281
 243      1.062983   -0.000269   -26.988            1 209967.080
 244      1.062326   -0.000657   -27.496            1 210166.188
 245      1.062208   -0.000117   -27.288            1 210359.547
 246      1.061708   -0.000500   -27.589            1 210555.525
 247      1.061546   -0.000163   -27.442            1 210748.151
 248      1.061064   -0.000481   -27.720            1 210942.683
 249      1.060665   -0.000399   -27.890            1 211134.118
 250      1.060631   -0.000034   -27.573            1 211323.711
 251      1.059970   -0.000662   -28.093            1 211517.232
 252      1.059756   -0.000214   -28.017            1 211704.737
 253      1.059403   -0.000353   -28.128            1 211893.291
 254      1.059389   -0.000013   -27.785            1 212080.672
 255      1.059189   -0.000201   -27.691            1 212272.315
 256      1.058985   -0.000204   -27.601            1 212465.258
 257      1.058540   -0.000444   -27.832            1 212659.457
 258      1.058384   -0.000156   -27.678            1 212851.023
 259      1.058308   -0.000076   -27.416            1 213044.617
 260      1.057898   -0.000410   -27.601            1 213241.575
 261      1.057666   -0.000232   -27.549            1 213436.448
 262      1.057393   -0.000273   -27.551            1 213632.134
 263      1.057215   -0.000178   -27.426            1 213827.969
 264      1.056949   -0.000267   -27.419            1 214025.519
 265      1.056526   -0.000423   -27.622            1 214223.333
 266      1.056376   -0.000150   -27.459            1 214418.801
 267      1.055853   -0.000523   -27.797            1 214616.462
 268      1.055723   -0.000130   -27.609            1 214810.070
 269      1.054955   -0.000768   -28.279            1 215006.186
 270      1.054887   -0.000068   -28.011            1 215194.079
 271      1.054503   -0.000384   -28.166            1 215385.473
 272      1.054037   -0.000467   -28.434            1 215575.055
 273      1.053650   -0.000386   -28.596            1 215761.398
 274      1.053496   -0.000154   -28.445            1 215945.826
 275      1.053326   -0.000170   -28.315            1 216132.278
 276      1.052958   -0.000369   -28.452            1 216320.500
 277      1.052725   -0.000232   -28.407            1 216507.097
 278      1.052406   -0.000319   -28.478            1 216694.394
 279      1.052199   -0.000208   -28.399            1 216880.904
 280      1.051942   -0.000257   -28.386            1 217068.536
 281      1.051607   -0.000335   -28.480            1 217256.454
 282      1.051420   -0.000187   -28.374            1 217443.280
 283      1.051219   -0.000201   -28.286            1 217631.598
 284      1.050796   -0.000423   -28.498            1 217821.181
 285      1.050653   -0.000143   -28.332            1 218008.117
 286      1.050634   -0.000019   -27.997            1 218197.328
 287      1.050298   -0.000336   -28.091            1 218391.055
 288      1.050188   -0.000110   -27.878            1 218583.679
 289      1.049844   -0.000344   -27.982            1 218779.249
 290      1.049640   -0.000205   -27.898            1 218973.578
 291      1.049599   -0.000040   -27.590            1 219169.160
 292      1.048944   -0.000655   -28.115            1 219368.998
 293      1.048714   -0.000230   -28.066            1 219561.947
 294      1.048600   -0.000114   -27.859            1 219755.678
 295      1.048278   -0.000322   -27.934            1 219952.317
 296      1.047976   -0.000302   -27.982            1 220148.079
 297      1.047562   -0.000415   -28.184            1 220343.322
 298      1.047401   -0.000161   -28.042            1 220535.951
 299      1.047240   -0.000161   -27.899            1 220730.632
 300      1.047164   -0.000076   -27.639            1 220927.386
 301      1.046764   -0.000401   -27.821            1 221127.840
 302      1.046345   -0.000418   -28.028            1 221325.932
 303      1.046219   -0.000126   -27.838            1 221521.294
 304      1.045847   -0.000372   -27.983            1 221719.407
 305      1.045462   -0.000385   -28.146            1 221915.642
 306      1.045110   -0.000352   -28.266            1 222109.731
 307      1.044960   -0.000150   -28.110            1 222302.264
 308      1.044407   -0.000553   -28.504            1 222497.079
 309      1.044242   -0.000165   -28.370            1 222686.491
 310      1.044141   -0.000101   -28.148            1 222877.864
 311      1.043732   -0.000409   -28.347            1 223072.465
 312      1.043665   -0.000067   -28.078            1 223264.364
 313      1.043444   -0.000220   -28.017            1 223460.165
 314      1.043300   -0.000144   -27.852            1 223656.932
 315      1.043015   -0.000285   -27.880            1 223856.170
 316      1.042578   -0.000437   -28.116            1 224055.127
 317      1.042488   -0.000090   -27.877            1 224250.802
 318      1.042010   -0.000478   -28.171            1 224450.020
 319      1.041668   -0.000341   -28.278            1 224645.114
 320      1.041547   -0.000121   -28.083            1 224838.755
 321      1.041456   -0.000091   -27.845            1 225035.320
 322      1.041190   -0.000266   -27.847            1 225235.441
 323      1.040928   -0.000262   -27.844            1 225435.648
 324      1.040354   -0.000574   -28.271            1 225636.014
 325      1.040009   -0.000345   -28.385            1 225830.212
 326      1.039804   -0.000204   -28.306            1 226022.811
 327      1.039667   -0.000137   -28.134            1 226216.652
 328      1.039523   -0.000144   -27.971            1 226413.122
 329      1.039193   -0.000330   -28.063            1 226612.113
 330      1.039011   -0.000182   -27.951            1 226809.828
 331      1.038790   -0.000221   -27.893            1 227009.302
 332      1.038604   -0.000185   -27.785            1 227209.744
 333      1.038007   -0.000597   -28.246            1 227411.913
 334      1.037873   -0.000135   -28.070            1 227607.224
 335      1.037646   -0.000227   -28.021            1 227805.263
 336      1.037113   -0.000533   -28.396            1 228004.137
 337      1.036832   -0.000280   -28.423            1 228197.389
 338      1.036625   -0.000208   -28.350            1 228390.285
 339      1.036295   -0.000330   -28.446            1 228584.362
 340      1.035945   -0.000350   -28.570            1 228777.030
 341      1.035889   -0.000056   -28.287            1 228967.837
 342      1.035590   -0.000299   -28.340            1 229163.056
 343      1.035442   -0.000149   -28.185            1 229357.523
 344      1.035291   -0.000151   -28.032            1 229554.456
 345      1.034971   -0.000320   -28.113            1 229753.845
 346      1.034356   -0.000615   -28.604            1 229952.031
 347      1.034028   -0.000328   -28.700            1 230142.584
 348      1.033844   -0.000185   -28.597            1 230331.674
 349      1.033547   -0.000297   -28.650            1 230522.402
 350      1.033108   -0.000439   -28.902            1 230712.325
 351      1.032891   -0.000216   -28.845            1 230898.299
 352      1.032645   -0.000247   -28.830            1 231085.190
 353      1.032462   -0.000182   -28.725            1 231272.329
 354      1.032272   -0.000190   -28.631            1 231461.146
 355      1.032112   -0.000160   -28.493            1 231651.493
 356      1.031945   -0.000168   -28.367            1 231844.067
 357      1.031443   -0.000502   -28.706            1 232038.713
 358      1.031161   -0.000282   -28.740            1 232227.909
 359      1.030984   -0.000177   -28.628            1 232416.562
 360      1.030436   -0.000547   -29.032            1 232607.045
 361      1.030225   -0.000211   -28.969            1 232790.952
 362      1.030075   -0.000151   -28.822            1 232975.870
 363      1.029783   -0.000292   -28.871            1 233163.192
 364      1.029598   -0.000185   -28.772            1 233349.695
 365      1.029405   -0.000193   -28.682            1 233537.826
 366      1.029338   -0.000067   -28.416            1 233727.426
 367      1.029086   -0.000252   -28.408            1 233921.447
 368      1.028826   -0.000260   -28.410            1 234115.625
 369      1.028486   -0.000340   -28.525            1 234309.778
 370      1.028391   -0.000096   -28.298            1 234502.015
 371      1.027963   -0.000427   -28.535            1 234698.075
 372      1.027643   -0.000320   -28.623            1 234890.137
 373      1.027453   -0.000190   -28.529            1 235080.700
 374      1.027254   -0.000199   -28.448            1 235272.848
 375      1.027064   -0.000190   -28.354            1 235466.372
 376      1.026990   -0.000074   -28.096            1 235661.502
 377      1.026457   -0.000533   -28.482            1 235861.068
 378      1.026412   -0.000044   -28.183            1 236054.005
 379      1.026033   -0.000379   -28.353            1 236252.098
 380      1.025816   -0.000217   -28.297            1 236447.246
 381      1.025474   -0.000342   -28.416            1 236643.366
 382      1.025257   -0.000216   -28.359            1 236837.394
 383      1.025095   -0.000162   -28.226            1 237032.403
 384      1.024612   -0.000483   -28.544            1 237229.742
 385      1.024543   -0.000069   -28.280            1 237421.466
 386      1.024173   -0.000369   -28.439            1 237617.823
 387      1.023986   -0.000187   -28.341            1 237811.358
 388      1.023635   -0.000351   -28.474            1 238006.595
 389      1.023367   -0.000269   -28.492            1 238199.446
 390      1.023126   -0.000241   -28.471            1 238391.937
 391      1.022972   -0.000154   -28.326            1 238584.774
 392      1.022793   -0.000179   -28.217            1 238780.175
 393      1.022494   -0.000299   -28.277            1 238977.522
 394      1.022218   -0.000276   -28.305            1 239173.754
 395      1.021911   -0.000306   -28.375            1 239369.442
 396      1.021600   -0.000311   -28.454            1 239563.809
 397      1.021313   -0.000287   -28.499            1 239756.696
 398      1.021053   -0.000261   -28.506            1 239948.709
 399      1.021011   -0.000041   -28.204            1 240140.525
 400      1.020619   -0.000392   -28.396            1 240337.874
 401      1.020433   -0.000186   -28.297            1 240531.611
 402      1.019934   -0.000499   -28.643            1 240727.128
 403      1.019794   -0.000140   -28.481            1 240916.152
 404      1.019529   -0.000265   -28.496            1 241108.117
 405      1.019227   -0.000302   -28.563            1 241299.739
 406      1.018972   -0.000255   -28.564            1 241490.017
 407      1.018779   -0.000193   -28.477            1 241680.203
 408      1.018734   -0.000045   -28.179            1 241871.950
 409      1.018310   -0.000424   -28.419            1 242069.281
 410      1.018188   -0.000122   -28.230            1 242261.980
 411      1.017862   -0.000326   -28.331            1 242458.215
 412      1.017568   -0.000294   -28.387            1 242652.435
 413      1.017386   -0.000181   -28.283            1 242845.491
 414      1.017171   -0.000216   -28.227            1 243040.476
 415      1.016853   -0.000318   -28.317            1 243236.466
 416      1.016689   -0.000164   -28.188            1 243430.622
 417      1.016318   -0.000371   -28.353            1 243627.212
 418      1.016128   -0.000190   -28.262            1 243820.478
 419      1.016063   -0.000065   -27.991            1 244015.444
 420      1.015665   -0.000397   -28.193            1 244215.663
 421      1.015483   -0.000182   -28.089            1 244411.798
 422      1.015080   -0.000404   -28.301            1 244609.900
 423      1.014608   -0.000471   -28.612            1 244803.687
 424      1.014539   -0.000069   -28.350            1 244991.174
 425      1.014396   -0.000143   -28.192            1 245183.765
 426      1.014077   -0.000319   -28.285            1 245379.406
 427      1.013840   -0.000237   -28.260            1 245573.076
 428      1.013715   -0.000125   -28.076            1 245767.118
 429      1.013366   -0.000349   -28.211            1 245964.781
 430      1.013230   -0.000136   -28.043            1 246159.580
 431      1.013022   -0.000208   -27.976            1 246357.711
 432      1.012875   -0.000147   -27.821            1 246557.107
 433      1.012590   -0.000285   -27.863            1 246759.583
 434      1.012198   -0.000392   -28.060            1 246961.097
 435      1.011922   -0.000276   -28.091            1 247158.415
 436      1.011748   -0.000174   -27.976            1 247354.954
 437      1.011426   -0.000322   -28.073            1 247553.763
 438      1.011301   -0.000125   -27.887            1 247750.417
 439      1.011152   -0.000149   -27.735            1 247950.842
 440      1.010730   -0.000423   -27.975            1 248154.367
 441      1.010322   -0.000408   -28.196            1 248352.680
 442      1.010200   -0.000123   -28.008            1 248546.171
 443      1.009947   -0.000253   -28.007            1 248743.497
 444      1.009679   -0.000268   -28.028            1 248940.708
 445      1.009184   -0.000494   -28.374            1 249137.322
 446      1.008814   -0.000371   -28.545            1 249326.326
 447      1.008580   -0.000234   -28.520            1 249511.462
 448      1.008558   -0.000021   -28.190            1 249696.919
 449      1.008360   -0.000199   -28.112            1 249889.335
 450      1.008152   -0.000207   -28.046            1 250083.258
 451      1.007902   -0.000250   -28.042            1 250278.439
 452      1.007655   -0.000247   -28.033            1 250473.529
 453      1.007226   -0.000429   -28.287            1 250668.632
 454      1.007136   -0.000090   -28.054            1 250857.940
 455      1.007065   -0.000071   -27.792            1 251052.195
 456      1.006880   -0.000185   -27.693            1 251252.107
 457      1.006469   -0.000411   -27.919            1 251454.062
 458      1.006341   -0.000128   -27.739            1 251650.761
 459      1.006116   -0.000225   -27.697            1 251851.335
 460      1.005910   -0.000205   -27.627            1 252052.675
 461      1.005535   -0.000375   -27.802            1 252255.432
 462      1.005339   -0.000196   -27.719            1 252454.016
 463      1.005252   -0.000087   -27.477            1 252654.309
 464      1.004829   -0.000423   -27.721            1 252859.964
 465      1.004512   -0.000317   -27.813            1 253059.814
 466      1.004452   -0.000060   -27.533            1 253257.340
 467      1.003931   -0.000521   -27.920            1 253461.142
 468      1.003672   -0.000259   -27.929            1 253655.744
 469      1.003503   -0.000169   -27.809            1 253849.888
 470      1.003351   -0.000152   -27.663            1 254046.602
 471      1.003064   -0.000288   -27.712            1 254246.534
 472      1.002788   -0.000276   -27.745            1 254445.069
 473      1.002419   -0.000369   -27.914            1 254642.597
 474      1.002136   -0.000282   -27.958            1 254835.878
 475      1.002018   -0.000118   -27.764            1 255027.843
 476      1.001679   -0.000339   -27.890            1 255224.169
 477      1.001426   -0.000253   -27.892            1 255417.220
 478      1.001190   -0.000236   -27.869            1 255609.956
 479      1.000919   -0.000271   -27.897            1 255802.971
 480      1.000825   -0.000094   -27.668            1 255995.025
 481      1.000642   -0.000183   -27.567            1 256192.353
 482      1.000273   -0.000369   -27.736            1 256391.888
 483      1.000095   -0.000178   -27.628            1 256587.016
 484      0.999792   -0.000303   -27.701            1 256784.518
 485      0.999522   -0.000270   -27.727            1 256979.945
 486      0.999252   -0.000270   -27.754            1 257174.419
 487      0.999002   -0.000249   -27.751            1 257367.931
 488      0.998810   -0.000192   -27.664            1 257561.220
 489      0.998708   -0.000101   -27.445            1 257756.359
 490      0.998431   -0.000278   -27.481            1 257956.719
 491      0.998387   -0.000044   -27.176            1 258155.884
 492      0.998182   -0.000205   -27.104            1 258362.496
 493      0.997956   -0.000226   -27.063            1 258570.685
 494      0.997599   -0.000357   -27.211            1 258779.671
 495      0.997361   -0.000238   -27.188            1 258984.555
 496      0.997074   -0.000287   -27.237            1 259189.759
 497      0.996622   -0.000452   -27.527            1 259393.400
 498      0.996384   -0.000237   -27.506            1 259589.196
 499      0.996063   -0.000322   -27.608            1 259785.221
 500      0.995968   -0.000095   -27.379            1 259978.238
 501      0.995714   -0.000254   -27.380            1 260176.895
 502      0.995540   -0.000174   -27.265            1 260375.176
 503      0.995271   -0.000269   -27.289            1 260576.153
 504      0.995143   -0.000128   -27.106            1 260776.152
 505      0.994746   -0.000397   -27.316            1 260980.692
 506      0.994471   -0.000275   -27.350            1 261179.270
 507      0.994250   -0.000221   -27.304            1 261376.596
 508      0.994074   -0.000176   -27.192            1 261574.793
 509      0.993531   -0.000543   -27.617            1 261775.650
 510      0.993246   -0.000285   -27.667            1 261964.610
 511      0.993213   -0.000033   -27.349            1 262151.780
 512      0.992895   -0.000318   -27.445            1 262347.213
 513      0.992809   -0.000086   -27.202            1 262539.604
 514      0.992709   -0.000101   -26.979            1 262738.262
 515      0.992365   -0.000344   -27.112            1 262942.699
 516      0.992023   -0.000342   -27.243            1 263143.071
 517      0.991653   -0.000370   -27.416            1 263339.404
 518      0.991576   -0.000077   -27.160            1 263530.484
 519      0.991506   -0.000070   -26.892            1 263728.277
 520      0.991223   -0.000283   -26.936            1 263933.217
 521      0.990830   -0.000392   -27.140            1 264136.534
 522      0.990447   -0.000384   -27.333            1 264333.629
 523      0.990313   -0.000134   -27.160            1 264524.784
 524      0.990124   -0.000189   -27.068            1 264720.409
 525      0.989845   -0.000279   -27.107            1 264918.248
 526      0.989609   -0.000235   -27.082            1 265114.501
 527      0.989259   -0.000351   -27.227            1 265311.007
 528      0.989127   -0.000132   -27.051            1 265502.843
 529      0.989008   -0.000118   -26.854            1 265699.306
 530      0.988662   -0.000347   -26.992            1 265901.072
 531      0.988602   -0.000060   -26.708            1 266098.321
 532      0.988440   -0.000163   -26.574            1 266303.494
 533      0.988054   -0.000386   -26.767            1 266512.220
 534      0.987544   -0.000510   -27.145            1 266714.733
 535      0.987380   -0.000165   -27.017            1 266905.477
 536      0.987075   -0.000305   -27.095            1 267099.509
 537      0.986901   -0.000174   -26.981            1 267290.675
 538      0.986663   -0.000238   -26.960            1 267484.764
 539      0.986585   -0.000078   -26.704            1 267678.937
 540      0.986391   -0.000193   -26.615            1 267880.395
 541      0.986019   -0.000373   -26.791            1 268084.060
 542      0.985845   -0.000174   -26.675            1 268281.811
 543      0.985604   -0.000240   -26.656            1 268482.605
 544      0.985360   -0.000245   -26.643            1 268683.461
 545      0.985063   -0.000297   -26.708            1 268884.184
 546      0.984949   -0.000113   -26.502            1 269082.348
 547      0.984671   -0.000278   -26.538            1 269286.426
 548      0.984314   -0.000357   -26.691            1 269488.830
 549      0.983929   -0.000384   -26.886            1 269685.823
 550      0.983794   -0.000135   -26.714            1 269876.061
 551      0.983482   -0.000313   -26.803            1 270071.172
 552      0.983307   -0.000174   -26.688            1 270262.834
 553      0.983168   -0.000140   -26.521            1 270457.555
 554      0.983133   -0.000035   -26.197            1 270657.060
 555      0.982717   -0.000416   -26.436            1 270866.491
 556      0.982283   -0.000433   -26.702            1 271067.556
 557      0.982073   -0.000211   -26.641            1 271259.325
 558      0.981846   -0.000227   -26.603            1 271452.452
 559      0.981729   -0.000116   -26.402            1 271646.170
 560      0.981462   -0.000268   -26.423            1 271845.905
 561      0.981168   -0.000294   -26.483            1 272044.299
 562      0.980688   -0.000480   -26.820            1 272240.044
 563      0.980604   -0.000084   -26.572            1 272423.866
 564      0.980066   -0.000538   -26.996            1 272615.294
 565      0.979936   -0.000130   -26.818            1 272791.768
 566      0.979811   -0.000124   -26.630            1 272973.461
 567      0.979507   -0.000304   -26.708            1 273160.774
 568      0.979284   -0.000223   -26.666            1 273344.690
 569      0.979038   -0.000245   -26.657            1 273529.270
 570      0.978715   -0.000323   -26.764            1 273713.406
 571      0.978231   -0.000484   -27.111            1 273893.099
 572      0.978190   -0.000041   -26.802            1 274060.027
 573      0.977735   -0.000454   -27.105            1 274236.782
 574      0.977648   -0.000087   -26.865            1 274402.189
 575      0.977212   -0.000436   -27.141            1 274575.074
 576      0.976877   -0.000335   -27.269            1 274737.453
 577      0.976717   -0.000161   -27.140            1 274894.420
 578      0.976641   -0.000075   -26.882            1 275055.007
 579      0.976164   -0.000477   -27.221            1 275223.768
 580      0.976018   -0.000146   -27.069            1 275379.615
 581      0.975927   -0.000091   -26.834            1 275539.893
 582      0.975641   -0.000286   -26.888            1 275707.615
 583      0.975269   -0.000372   -27.070            1 275872.470
 584      0.975143   -0.000126   -26.888            1 276029.813
 585      0.975098   -0.000045   -26.584            1 276192.762
 586      0.974871   -0.000226   -26.548            1 276365.822
 587      0.974439   -0.000432   -26.817            1 276539.295
 588      0.974058   -0.000381   -27.013            1 276701.894
 589      0.973867   -0.000191   -26.926            1 276856.291
 590      0.973772   -0.000096   -26.698            1 277012.840
 591      0.973399   -0.000373   -26.881            1 277176.831
 592      0.973265   -0.000133   -26.709            1 277332.986
 593      0.973097   -0.000169   -26.588            1 277494.546
 594      0.973033   -0.000064   -26.309            1 277659.623
 595      0.972827   -0.000206   -26.240            1 277834.253
 596      0.972600   -0.000227   -26.202            1 278010.514
 597      0.972260   -0.000340   -26.332            1 278187.248
 598      0.972156   -0.000105   -26.112            1 278357.968
 599      0.971671   -0.000485   -26.458            1 278536.143
 600      0.971500   -0.000171   -26.338            1 278699.884
 601      0.971222   -0.000279   -26.379            1 278867.192
 602      0.971063   -0.000159   -26.241            1 279031.843
 603      0.970724   -0.000339   -26.371            1 279200.812
 604      0.970684   -0.000040   -26.055            1 279363.550
 605      0.970372   -0.000311   -26.143            1 279537.683
 606      0.970052   -0.000321   -26.244            1 279707.250
 607      0.969888   -0.000163   -26.112            1 279871.637
 608      0.969869   -0.000019   -25.764            1 280040.178
 609      0.969326   -0.000543   -26.196            1 280221.667
 610      0.968884   -0.000441   -26.479            1 280384.548
 611      0.968755   -0.000130   -26.299            1 280534.764
 612      0.968467   -0.000287   -26.352            1 280691.057
 613      0.968382   -0.000086   -26.106            1 280843.921
 614      0.968312   -0.000070   -25.833            1 281005.674
 615      0.968233   -0.000079   -25.572            1 281177.498
 616      0.967869   -0.000364   -25.734            1 281359.077
 617      0.967317   -0.000552   -26.179            1 281532.684
 618      0.966919   -0.000398   -26.398            1 281686.410
 619      0.966849   -0.000070   -26.129            1 281829.634
 620      0.966493   -0.000356   -26.284            1 281982.850
 621      0.966359   -0.000134   -26.110            1 282128.151
 622      0.966307   -0.000052   -25.811            1 282279.510
 623      0.965789   -0.000518   -26.207            1 282442.311
 624      0.965629   -0.000159   -26.070            1 282586.776
 625      0.965437   -0.000192   -25.981            1 282735.743
 626      0.964880   -0.000557   -26.436            1 282887.204
 627      0.964762   -0.000119   -26.240            1 283017.461
 628      0.964475   -0.000286   -26.293            1 283154.744
 629      0.964288   -0.000187   -26.199            1 283288.231
 630      0.964231   -0.000057   -25.909            1 283424.365
 631      0.964003   -0.000228   -25.872            1 283571.808
 632      0.963852   -0.000151   -25.720            1 283719.440
 633      0.963639   -0.000213   -25.660            1 283872.399
 634      0.963490   -0.000149   -25.504            1 284026.636
 635      0.963150   -0.000339   -25.630            1 284186.487
 636      0.962837   -0.000313   -25.719            1 284339.141
 637      0.962632   -0.000205   -25.646            1 284486.235
 638      0.962516   -0.000117   -25.441            1 284635.134
 639      0.962220   -0.000296   -25.501            1 284791.973
 640      0.961978   -0.000242   -25.482            1 284944.481
 641      0.961862   -0.000116   -25.275            1 285096.337
 642      0.961813   -0.000050   -24.967            1 285256.339
 643      0.961638   -0.000174   -24.842            1 285429.383
 644      0.961420   -0.000218   -24.782            1 285606.910
 645      0.961211   -0.000209   -24.707            1 285785.839
 646      0.960925   -0.000286   -24.748            1 285966.893
 647      0.960545   -0.000380   -24.929            1 286144.520
 648      0.960155   -0.000391   -25.128            1 286311.869
 649      0.960048   -0.000107   -24.904            1 286467.976
 650      0.959713   -0.000335   -25.019            1 286633.363
 651      0.959255   -0.000459   -25.321            1 286791.500
 652      0.958988   -0.000267   -25.339            1 286933.138
 653      0.958697   -0.000291   -25.392            1 287072.148
 654      0.958577   -0.000120   -25.191            1 287206.737
 655      0.958296   -0.000281   -25.229            1 287349.514
 656      0.958257   -0.000039   -24.905            1 287488.625
 657      0.957872   -0.000386   -25.097            1 287642.243
 658      0.957602   -0.000270   -25.117            1 287784.368
 659      0.957531   -0.000071   -24.841            1 287923.643
 660      0.957287   -0.000243   -24.819            1 288075.178
 661      0.956744   -0.000543   -25.247            1 288226.023
 662      0.956647   -0.000097   -25.011            1 288353.006
 663      0.956290   -0.000357   -25.161            1 288490.239
 664      0.956070   -0.000220   -25.109            1 288617.731
 665      0.955917   -0.000153   -24.954            1 288745.978
 666      0.955612   -0.000305   -25.027            1 288880.331
 667      0.955487   -0.000125   -24.830            1 289008.861
 668      0.955057   -0.000429   -25.088            1 289145.782
 669      0.955005   -0.000052   -24.783            1 289266.995
 670      0.954780   -0.000225   -24.734            1 289402.398
 671      0.954528   -0.000252   -24.726            1 289538.400
 672      0.954246   -0.000282   -24.761            1 289672.821
 673      0.954070   -0.000176   -24.640            1 289803.228
 674      0.953613   -0.000457   -24.937            1 289938.190
 675      0.953467   -0.000146   -24.772            1 290054.711
 676      0.953182   -0.000285   -24.813            1 290178.121
 677      0.952997   -0.000185   -24.705            1 290297.060
 678      0.952861   -0.000136   -24.522            1 290419.782
 679      0.952671   -0.000190   -24.419            1 290550.504
 680      0.952497   -0.000174   -24.291            1 290684.856
 681      0.952173   -0.000323   -24.385            1 290824.242
 682      0.951887   -0.000286   -24.425            1 290956.066
 683      0.951747   -0.000140   -24.246            1 291083.353
 684      0.951396   -0.000351   -24.381            1 291218.676
 685      0.950952   -0.000444   -24.658            1 291343.885
 686      0.950889   -0.000063   -24.366            1 291450.731
 687      0.950462   -0.000427   -24.616            1 291572.098
 688      0.950276   -0.000186   -24.508            1 291676.413
 689      0.949996   -0.000280   -24.541            1 291784.569
 690      0.949871   -0.000125   -24.341            1 291888.322
 691      0.949766   -0.000105   -24.110            1 292001.409
 692      0.949557   -0.000208   -24.031            1 292125.813
 693      0.949294   -0.000264   -24.034            1 292252.515
 694      0.948892   -0.000401   -24.242            1 292376.563
 695      0.948476   -0.000416   -24.475            1 292485.408
 696      0.948235   -0.000241   -24.449            1 292577.453
 697      0.948080   -0.000155   -24.293            1 292668.357
 698      0.947743   -0.000337   -24.409            1 292766.089
 699      0.947618   -0.000125   -24.208            1 292853.912
 700      0.947117   -0.000501   -24.568            1 292951.424
 701      0.947054   -0.000064   -24.277            1 293023.712
 702      0.946745   -0.000309   -24.351            1 293111.265
 703      0.946403   -0.000342   -24.474            1 293191.333
 704      0.946245   -0.000158   -24.324            1 293260.652
 705      0.945955   -0.000290   -24.370            1 293336.526
 706      0.945872   -0.000083   -24.106            1 293406.454
 707      0.945585   -0.000287   -24.146            1 293490.287
 708      0.945172   -0.000413   -24.372            1 293568.561
 709      0.944971   -0.000201   -24.286            1 293629.050
 710      0.944704   -0.000267   -24.296            1 293692.025
 711      0.944602   -0.000103   -24.063            1 293751.144
 712      0.944075   -0.000526   -24.457            1 293822.473
 713      0.944012   -0.000064   -24.167            1 293864.449
 714      0.943919   -0.000093   -23.918            1 293922.377
 715      0.943611   -0.000308   -23.986            1 293993.737
 716      0.943511   -0.000099   -23.745            1 294057.235
 717      0.943124   -0.000387   -23.928            1 294133.844
 718      0.942964   -0.000160   -23.777            1 294194.612
 719      0.942794   -0.000171   -23.639            1 294262.427
 720      0.942352   -0.000442   -23.903            1 294336.406
 721      0.942208   -0.000144   -23.727            1 294388.656
 722      0.941701   -0.000507   -24.089            1 294449.698
 723      0.941556   -0.000145   -23.917            1 294481.866
 724      0.941337   -0.000220   -23.854            1 294522.475
 725      0.941144   -0.000193   -23.751            1 294563.906
 726      0.941061   -0.000083   -23.482            1 294609.033
 727      0.940747   -0.000314   -23.555            1 294669.749
 728      0.940483   -0.000265   -23.555            1 294721.609
 729      0.940184   -0.000299   -23.606            1 294769.758
 730      0.939948   -0.000236   -23.564            1 294810.466
 731      0.939757   -0.000190   -23.454            1 294850.388
 732      0.939509   -0.000248   -23.429            1 294894.577
 733      0.938978   -0.000531   -23.823            1 294936.823
 734      0.938841   -0.000136   -23.636            1 294945.845
 735      0.938513   -0.000328   -23.731            1 294964.716
 736      0.938486   -0.000027   -23.381            1 294972.342
 737      0.938230   -0.000256   -23.367            1 295002.282
 738      0.938050   -0.000180   -23.239            1 295029.213
 739      0.937721   -0.000329   -23.331            1 295061.820
 740      0.937574   -0.000147   -23.155            1 295083.196
 741      0.937102   -0.000472   -23.457            1 295114.061
 742      0.936884   -0.000218   -23.388            1 295117.138
 743      0.936764   -0.000120   -23.172            1 295121.268
 744      0.936505   -0.000258   -23.159            1 295137.950
 745      0.936404   -0.000101   -22.913            1 295151.319
 746      0.936173   -0.000231   -22.857            1 295179.904
 747      0.936015   -0.000158   -22.691            1 295208.683
 748      0.935695   -0.000321   -22.764            1 295246.481
 749      0.935417   -0.000278   -22.774            1 295273.921
 750      0.934914   -0.000503   -23.117            1 295296.023
 751      0.934766   -0.000148   -22.941            1 295285.322
 752      0.934666   -0.000099   -22.691            1 295284.394
 753      0.934612   -0.000055   -22.372            1 295299.587
 754      0.934223   -0.000389   -22.541            1 295336.933
 755      0.933947   -0.000276   -22.547            1 295355.330
 756      0.933667   -0.000280   -22.558            1 295368.457
 757      0.933524   -0.000143   -22.368            1 295375.847
 758      0.933291   -0.000233   -22.307            1 295394.687
 759      0.933251   -0.000041   -21.965            1 295413.902
 760      0.932630   -0.000621   -22.469            1 295458.268
 761      0.932426   -0.000204   -22.368            1 295453.371
 762      0.931965   -0.000461   -22.642            1 295452.247
 763      0.931842   -0.000123   -22.425            1 295421.692
 764      0.931397   -0.000445   -22.676            1 295405.134
 765      0.931126   -0.000271   -22.675            1 295360.759
 766      0.930988   -0.000138   -22.480            1 295310.927
 767      0.930567   -0.000421   -22.696            1 295273.119
 768      0.930454   -0.000114   -22.466            1 295210.113
 769      0.930038   -0.000416   -22.674            1 295162.399
 770      0.929910   -0.000128   -22.465            1 295089.788
 771      0.929764   -0.000146   -22.278            1 295030.625
 772      0.929428   -0.000336   -22.367            1 294982.974
 773      0.929252   -0.000176   -22.224            1 294921.112
 774      0.928823   -0.000429   -22.448            1 294866.781
 775      0.928612   -0.000211   -22.358            1 294785.174
 776      0.928589   -0.000023   -21.992            1 294705.979
 777      0.928168   -0.000421   -22.200            1 294655.787
 778      0.927832   -0.000336   -22.288            1 294579.265
 779      0.927725   -0.000107   -22.044            1 294487.894
 780      0.927349   -0.000376   -22.188            1 294413.968
 781      0.927037   -0.000312   -22.241            1 294319.426
 782      0.926770   -0.000267   -22.228            1 294213.112
 783      0.926544   -0.000226   -22.157            1 294101.390
 784      0.926384   -0.000160   -21.988            1 293990.032
 785      0.926185   -0.000199   -21.873            1 293888.883
 786      0.925735   -0.000451   -22.121            1 293792.580
 787      0.925258   -0.000477   -22.411            1 293664.018
 788      0.925128   -0.000130   -22.203            1 293498.753
 789      0.925006   -0.000122   -21.980            1 293347.557
 790      0.924643   -0.000363   -22.102            1 293212.158
 791      0.924437   -0.000206   -22.000            1 293056.716
 792      0.924314   -0.000123   -21.777            1 292904.525
 793      0.923981   -0.000333   -21.852            1 292768.427
 794      0.923752   -0.000229   -21.780            1 292616.787
 795      0.923578   -0.000174   -21.627            1 292465.320
 796      0.923433   -0.000145   -21.431            1 292322.658
 797      0.923227   -0.000207   -21.321            1 292193.730
 798      0.922936   -0.000291   -21.330            1 292069.238
 799      0.922686   -0.000249   -21.279            1 291935.980
 800      0.922350   -0.000336   -21.353            1 291800.492
 801      0.922046   -0.000303   -21.380            1 291648.791
 802      0.921983   -0.000063   -21.064            1 291485.920
 803      0.921748   -0.000236   -20.991            1 291350.808
 804      0.921282   -0.000465   -21.243            1 291216.042
 805      0.921090   -0.000192   -21.110            1 291043.802
 806      0.920741   -0.000349   -21.198            1 290878.535
 807      0.920107   -0.000634   -21.693            1 290694.459
 808      0.919861   -0.000246   -21.641            1 290443.773
 809      0.919652   -0.000209   -21.537            1 290189.935
 810      0.919589   -0.000063   -21.225            1 289939.122
 811      0.919294   -0.000295   -21.236            1 289716.163
 812      0.919047   -0.000248   -21.182            1 289482.578
 813      0.918739   -0.000308   -21.211            1 289246.249
 814      0.918429   -0.000310   -21.243            1 288996.804
 815      0.918381   -0.000048   -20.907            1 288733.781
 816      0.917775   -0.000606   -21.352            1 288502.495
 817      0.917476   -0.000299   -21.370            1 288206.249
 818      0.917276   -0.000200   -21.250            1 287897.633
 819      0.916980   -0.000296   -21.262            1 287593.778
 820      0.916521   -0.000460   -21.504            1 287278.033
 821      0.916164   -0.000357   -21.605            1 286921.211
 822      0.916046   -0.000118   -21.373            1 286540.820
 823      0.915796   -0.000250   -21.321            1 286179.032
 824      0.915559   -0.000237   -21.252            1 285812.832
 825      0.915408   -0.000151   -21.061            1 285444.488
 826      0.915236   -0.000172   -20.897            1 285089.807
 827      0.914968   -0.000268   -20.864            1 284745.609
 828      0.914642   -0.000326   -20.911            1 284394.450
 829      0.914076   -0.000566   -21.291            1 284025.555
 830      0.914058   -0.000018   -20.917            1 283594.005
 831      0.913689   -0.000369   -21.023            1 283200.798
 832      0.913444   -0.000245   -20.960            1 282781.157
 833      0.912951   -0.000492   -21.236            1 282358.042
 834      0.912668   -0.000283   -21.227            1 281884.661
 835      0.912529   -0.000139   -21.021            1 281399.764
 836      0.912419   -0.000110   -20.771            1 280930.685
 837      0.912191   -0.000228   -20.679            1 280483.815
 838      0.911644   -0.000547   -21.023            1 280037.049
 839      0.911527   -0.000117   -20.783            1 279528.321
 840      0.911244   -0.000283   -20.766            1 279040.415
 841      0.911068   -0.000176   -20.603            1 278541.540
 842      0.910772   -0.000297   -20.601            1 278052.689
 843      0.910660   -0.000112   -20.349            1 277550.309
 844      0.910349   -0.000310   -20.362            1 277071.310
 845      0.910078   -0.000272   -20.323            1 276576.411
 846      0.909706   -0.000372   -20.418            1 276073.308
 847      0.909508   -0.000198   -20.279            1 275541.491
 848      0.909168   -0.000340   -20.329            1 275016.119
 849      0.909029   -0.000140   -20.111            1 274468.378
 850      0.908720   -0.000309   -20.116            1 273939.405
 851      0.908492   -0.000227   -20.013            1 273394.569
 852      0.908289   -0.000203   -19.874            1 272850.794
 853      0.907718   -0.000572   -20.226            1 272313.591
 854      0.907673   -0.000045   -19.880            1 271705.019
 855      0.907142   -0.000531   -20.175            1 271135.713
 856      0.906701   -0.000441   -20.355            1 270502.953
 857      0.906443   -0.000258   -20.294            1 269824.821
 858      0.906315   -0.000128   -20.061            1 269139.839
 859      0.906084   -0.000231   -19.959            1 268476.081
 860      0.905499   -0.000586   -20.323            1 267812.047
 861      0.905192   -0.000307   -20.325            1 267070.792
 862      0.904932   -0.000260   -20.264            1 266311.584
 863      0.904723   -0.000209   -20.137            1 265544.552
 864      0.904174   -0.000549   -20.451            1 264780.843
 865      0.904105   -0.000069   -20.145            1 263946.078
 866      0.903614   -0.000490   -20.380            1 263144.541
 867      0.903513   -0.000101   -20.114            1 262284.267
 868      0.903120   -0.000393   -20.221            1 261450.399
 869      0.902808   -0.000312   -20.224            1 260579.007
 870      0.902599   -0.000209   -20.095            1 259687.487
 871      0.902425   -0.000174   -19.918            1 258798.857
 872      0.902111   -0.000314   -19.918            1 257921.417
 873      0.901724   -0.000387   -20.010            1 257023.845
 874      0.901552   -0.000171   -19.829            1 256089.486
 875      0.901439   -0.000114   -19.572            1 255167.020
 876      0.900926   -0.000513   -19.815            1 254270.442
 877      0.900784   -0.000142   -19.593            1 253308.413
 878      0.900620   -0.000164   -19.396            1 252365.806
 879      0.900035   -0.000585   -19.723            1 251438.316
 880      0.899474   -0.000561   -20.023            1 250427.833
 881      0.899016   -0.000458   -20.199            1 249339.334
 882      0.898969   -0.000047   -19.866            1 248195.752
 883      0.898869   -0.000100   -19.593            1 247091.550
 884      0.898571   -0.000298   -19.561            1 246015.897
 885      0.898051   -0.000519   -19.800            1 244923.092
 886      0.897880   -0.000172   -19.615            1 243761.000
 887      0.897673   -0.000206   -19.469            1 242610.636
 888      0.897539   -0.000134   -19.233            1 241464.554
 889      0.897078   -0.000461   -19.389            1 240340.514
 890      0.896967   -0.000111   -19.124            1 239160.912
 891      0.896455   -0.000512   -19.336            1 238009.222
 892      0.895906   -0.000550   -19.596            1 236789.577
 893      0.895471   -0.000434   -19.721            1 235492.273
 894      0.895037   -0.000435   -19.847            1 234144.228
 895      0.894774   -0.000263   -19.770            1 232745.032
 896      0.894643   -0.000131   -19.535            1 231334.852
 897      0.894336   -0.000307   -19.504            1 229945.454
 898      0.893996   -0.000340   -19.509            1 228535.592
 899      0.893877   -0.000120   -19.257            1 227097.330
 900      0.893604   -0.000272   -19.179            1 225683.558
 901      0.893499   -0.000105   -18.905            1 224258.347
 902      0.893049   -0.000450   -19.023            1 222862.697
 903      0.892833   -0.000216   -18.873            1 221413.445
 904      0.892325   -0.000508   -19.054            1 219967.212
 905      0.891937   -0.000388   -19.100            1 218453.016
 906      0.891765   -0.000172   -18.901            1 216899.671
 907      0.891240   -0.000525   -19.095            1 215359.525
 908      0.891093   -0.000147   -18.868            1 213747.347
 909      0.890996   -0.000097   -18.581            1 212154.305
 910      0.890561   -0.000435   -18.664            1 210593.800
 911      0.890241   -0.000320   -18.620            1 208983.720
 912      0.889710   -0.000531   -18.805            1 207352.147
 913      0.889424   -0.000286   -18.725            1 205647.710
 914      0.889234   -0.000189   -18.537            1 203929.485
 915      0.889101   -0.000134   -18.285            1 202221.454
 916      0.888210   -0.000891   -18.840            1 200538.169
 917      0.888168   -0.000041   -18.496            1 198696.023
 918      0.887877   -0.000291   -18.410            1 196899.101
 919      0.887293   -0.000584   -18.630            1 195088.513
 920      0.886964   -0.000329   -18.585            1 193194.007
 921      0.886655   -0.000309   -18.516            1 191276.356
 922      0.886428   -0.000227   -18.361            1 189340.757
 923      0.886243   -0.000185   -18.159            1 187407.042
 924      0.885694   -0.000549   -18.323            1 185486.008
 925      0.885469   -0.000226   -18.161            1 183491.626
 926      0.885222   -0.000246   -18.017            1 181500.362
 927      0.884966   -0.000256   -17.879            1 179508.020
 928      0.884803   -0.000163   -17.645            1 177512.877
 929      0.884253   -0.000550   -17.785            1 175537.994
 930      0.884026   -0.000228   -17.612            1 173492.224
 931      0.883392   -0.000633   -17.827            1 171451.760
 932      0.883150   -0.000243   -17.668            1 169322.194
 933      0.882845   -0.000304   -17.563            1 167194.480
 934      0.882459   -0.000386   -17.532            1 165055.102
 935      0.882323   -0.000136   -17.265            1 162885.824
 936      0.882052   -0.000271   -17.119            1 160744.782
 937      0.881349   -0.000703   -17.364            1 158601.946
 938      0.881020   -0.000329   -17.270            1 156359.108
 939      0.880644   -0.000376   -17.214            1 154101.701
 940      0.880032   -0.000612   -17.366            1 151819.796
 941      0.879782   -0.000250   -17.196            1 149462.338
 942      0.879458   -0.000325   -17.087            1 147109.239
 943      0.879174   -0.000283   -16.939            1 144745.071
 944      0.878825   -0.000349   -16.843            1 142379.598
 945      0.878352   -0.000474   -16.849            1 139999.625
 946      0.878189   -0.000162   -16.591            1 137579.593
 947      0.877767   -0.000423   -16.543            1 135186.084
 948      0.877431   -0.000336   -16.420            1 132765.407
 949      0.877075   -0.000356   -16.309            1 130336.755
 950      0.876993   -0.000082   -15.975            1 127897.028
 951      0.876393   -0.000600   -16.044            1 125503.743
 952      0.875938   -0.000455   -15.997            1 123051.688
 953      0.875804   -0.000134   -15.698            1 120571.881
 954      0.875577   -0.000227   -15.464            1 118129.800
 955      0.875196   -0.000381   -15.339            1 115708.203
 956      0.874564   -0.000632   -15.396            1 113277.561
 957      0.874036   -0.000528   -15.373            1 110789.986
 958      0.873691   -0.000345   -15.213            1 108267.790
 959      0.873335   -0.000356   -15.055            1 105747.327
 960      0.873042   -0.000294   -14.848            1 103227.915
 961      0.872794   -0.000247   -14.603            1 100722.561
 962      0.872064   -0.000731   -14.679            1 98241.361
 963      0.871890   -0.000173   -14.378            1 95697.684
 964      0.871379   -0.000511   -14.292            1 93193.716
 965      0.870633   -0.000746   -14.351            1 90671.057
 966      0.870338   -0.000296   -14.119            1 88091.604
 967      0.869802   -0.000536   -14.030            1 85534.416
 968      0.869382   -0.000420   -13.862            1 82961.317
 969      0.868766   -0.000616   -13.805            1 80393.608
 970      0.868534   -0.000231   -13.515            1 77802.341
 971      0.867822   -0.000712   -13.493            1 75250.223
 972      0.867466   -0.000356   -13.263            1 72665.518
 973      0.867154   -0.000312   -13.000            1 70104.660
 974      0.866497   -0.000657   -12.915            1 67576.244
 975      0.866185   -0.000312   -12.639            1 65032.763
 976      0.865594   -0.000591   -12.498            1 62525.916
 977      0.864527   -0.001067   -12.585            1 60019.579
 978      0.864429   -0.000098   -12.189            1 57455.448
 979      0.864148   -0.000281   -11.870            1 54962.291
 980      0.863264   -0.000884   -11.820            1 52518.967
 981      0.863049   -0.000215   -11.458            1 50054.117
 982      0.862545   -0.000504   -11.210            1 47651.823
 983      0.861791   -0.000754   -11.057            1 45280.669
 984      0.861461   -0.000329   -10.716            1 42915.956
 985      0.861241   -0.000220   -10.321            1 40608.523
 986      0.860346   -0.000895   -10.169            1 38372.959
 987      0.859669   -0.000677    -9.922            1 36140.894
 988      0.859105   -0.000564    -9.619            1 33940.252
 989      0.858953   -0.000152    -9.160            1 31786.668
 990      0.857785   -0.001168    -9.016            1 29723.694
 991      0.857147   -0.000638    -8.686            1 27659.585
 992      0.856736   -0.000411    -8.270            1 25649.401
 993      0.856121   -0.000615    -7.890            1 23717.954
 994      0.855353   -0.000768    -7.529            1 21852.786
 995      0.854553   -0.000801    -7.151            1 20047.155
 996      0.854454   -0.000098    -6.574            1 18305.464
 997      0.853186   -0.001268    -6.232     0.999999 16693.574
 998      0.851795   -0.001391    -5.880     0.999995 15126.290
 999      0.850976   -0.000819    -5.371     0.999941 13605.849
1000      0.848545   -0.002431    -5.116     0.999825 12192.164
1001      0.847992   -0.000552        NA           NA        NA
1002      0.847278   -0.000715        NA           NA        NA
1003      0.844216   -0.003062        NA           NA        NA
1004      0.842533   -0.001683        NA           NA        NA
1005      0.831562   -0.010971        NA           NA        NA
1006      0.825831   -0.005732        NA           NA        NA
1007      0.818121   -0.007709        NA           NA        NA
1008      0.810778   -0.007343        NA           NA        NA
1009      0.759705   -0.051073        NA           NA        NA
    kurtosis           snps    indivs
 eigenvector    1     2.992     2.392
 eigenvector    2     3.247    12.803
 eigenvector    3     3.128     7.610
 eigenvector    4     3.027     4.300
 eigenvector    5     3.102     8.727
 eigenvector    6     3.002     3.543
 eigenvector    7     3.033     4.531
 eigenvector    8     3.023     3.546
 eigenvector    9     3.083     8.904
 eigenvector   10     3.037     5.265
 eigenvector   11     3.081     8.487
 eigenvector   12     3.013     3.553
 eigenvector   13     3.022     5.046
 eigenvector   14     3.053     7.023
 eigenvector   15     3.057     7.834
 eigenvector   16     3.025     4.727
 eigenvector   17     3.029     5.020
 eigenvector   18     3.025     4.902
 eigenvector   19     3.032     5.389
 eigenvector   20     3.034     5.813
population:   0                 Case  491
population:   1              Control  519

## Average divergence between populations:
                 Case    Control     popsize
      Case      0.998      1.000         491
   Control      1.000      1.002         519


number of blocks for moving block jackknife: 541
fst *1000:
          C     C 
   C      0     0
   C      0     0

s.dev * 1000000:
          C     C 
   C      0     4
   C      4     0

eigenvector 1:means
                Case     -0.005
             Control      0.004
## Anova statistics for population differences along each eigenvector:
                                              p-value
             eigenvector_1_Case_Control_   3.92186e-06 ***
eigenvector 2:means
             Control     -0.001
                Case      0.001
             eigenvector_2_Case_Control_      0.327272 
eigenvector 3:means
             Control     -0.003
                Case      0.003
             eigenvector_3_Case_Control_    0.00252758 
eigenvector 4:means
                Case     -0.006
             Control      0.005
             eigenvector_4_Case_Control_   4.27675e-08 +++
eigenvector 5:means
                Case     -0.002
             Control      0.002
             eigenvector_5_Case_Control_     0.0528472 
eigenvector 6:means
             Control     -0.003
                Case      0.003
             eigenvector_6_Case_Control_    0.00293694 
eigenvector 7:means
             Control     -0.001
                Case      0.001
             eigenvector_7_Case_Control_      0.466616 
eigenvector 8:means
             Control     -0.000
                Case      0.000
             eigenvector_8_Case_Control_      0.827104 
eigenvector 9:means
             Control     -0.001
                Case      0.001
             eigenvector_9_Case_Control_      0.395675 
eigenvector 10:means
             Control     -0.001
                Case      0.001
            eigenvector_10_Case_Control_      0.264143 
eigenvector 11:means
             Control     -0.003
                Case      0.003
            eigenvector_11_Case_Control_     0.0025257 
eigenvector 12:means
                Case     -0.000
             Control      0.000
            eigenvector_12_Case_Control_      0.694605 
eigenvector 13:means
                Case     -0.001
             Control      0.001
            eigenvector_13_Case_Control_      0.496276 
eigenvector 14:means
             Control     -0.002
                Case      0.002
            eigenvector_14_Case_Control_      0.018972 
eigenvector 15:means
             Control     -0.002
                Case      0.002
            eigenvector_15_Case_Control_     0.0508175 
eigenvector 16:means
             Control     -0.000
                Case      0.000
            eigenvector_16_Case_Control_      0.636808 
eigenvector 17:means
             Control     -0.002
                Case      0.002
            eigenvector_17_Case_Control_      0.061336 
eigenvector 18:means
                Case     -0.000
             Control      0.000
            eigenvector_18_Case_Control_      0.708212 
eigenvector 19:means
                Case     -0.002
             Control      0.002
            eigenvector_19_Case_Control_     0.0814278 
eigenvector 20:means
             Control     -0.000
                Case      0.000
            eigenvector_20_Case_Control_      0.776762 

## Statistical significance of differences beween populations:
                                pop1                  pop2      chisq          p-value   |pop1|   |pop2|
popdifference:                  Case               Control       102.836   3.90183e-13     491     519

eigbestsnp    1            rs7552825  1     97606764     4.886
eigbestsnp    1           rs74416830 18     69102416     4.869
eigbestsnp    1             rs391275  4     79248325     4.783
eigbestsnp    1           rs73815690  5    157701092     4.748
eigbestsnp    1           rs11075469 16     62330684     4.606
eigbestsnp    1            rs7676718  4     76740520     4.572
eigbestsnp    1          rs113563290  2    217203455     4.513
eigbestsnp    1             rs797502 13     51277625     4.491
eigbestsnp    1           rs10416927 19     17762840     4.388
eigbestsnp    1           rs17725408 18      3645894     4.362
eigbestsnp    2             rs191815  6     23465010     6.041
eigbestsnp    2            rs6758286  2     77486983     5.976
eigbestsnp    2           rs79148094 18     49107358     5.955
eigbestsnp    2           rs79074603  2    225085595     5.945
eigbestsnp    2           rs28428914  1    206293771     5.696
eigbestsnp    2           rs12005120  9     85612888     5.594
eigbestsnp    2           rs16873881  6     45764675     5.569
eigbestsnp    2           rs12553535  9     12912861     5.558
eigbestsnp    2           rs72763438  5     56688593     5.550
eigbestsnp    2            rs2714819  4    166665840     5.462
eigbestsnp    3            rs1083294  4     70967300     6.608
eigbestsnp    3            rs6969663  7    131857924     5.843
eigbestsnp    3          rs114373275 11     45153930     5.707
eigbestsnp    3            rs2854640 19     45101335     5.394
eigbestsnp    3            rs1376994 12     44941894     5.278
eigbestsnp    3          rs116574664 17     39959656     5.171
eigbestsnp    3           rs77035770 14     77963276     5.047
eigbestsnp    3             rs255344  5     94131308     4.943
eigbestsnp    3           rs74392776  9     78684130     4.901
eigbestsnp    3          rs116324579  2    129514327     4.779
eigbestsnp    4           rs35591753  6    146894466     4.922
eigbestsnp    4            rs3009324  1    194580790     4.811
eigbestsnp    4           rs12118055  1     81898912     4.551
eigbestsnp    4           rs12005120  9     85612888     4.541
eigbestsnp    4             rs716866  5    168645723     4.537
eigbestsnp    4           rs72641403 13     92140200     4.457
eigbestsnp    4            rs1836983 14     69311842     4.447
eigbestsnp    4            rs1505039  5     15779815     4.399
eigbestsnp    4            rs8014956 14     20687978     4.362
eigbestsnp    4            rs7844565  8    139686742     4.358
eigbestsnp    5            rs1389235 11    129390680     6.203
eigbestsnp    5            rs1557129  1    233643110     5.139
eigbestsnp    5          rs115953023  1    195368927     5.132
eigbestsnp    5          rs115174353  7    114338902     5.015
eigbestsnp    5           rs77946539  1    184597752     4.689
eigbestsnp    5          rs116781643  1    158914213     4.601
eigbestsnp    5          rs112290043 20     31606046     4.583
eigbestsnp    5          rs115504314 10     92921438     4.581
eigbestsnp    5           rs10490918 10    117531155     4.537
eigbestsnp    5           rs11080612 18     12921361     4.514
eigbestsnp    6           rs76428034 12    131387264     4.829
eigbestsnp    6           rs73107140  2    233889014     4.770
eigbestsnp    6           rs10503365  8      6656981     4.588
eigbestsnp    6           rs78084530  1    203081188     4.465
eigbestsnp    6           rs72788942 10     19413748     4.443
eigbestsnp    6            rs4797313 18      8367675     4.438
eigbestsnp    6             rs721793 12     68434014     4.434
eigbestsnp    6           rs16877270  8     89069654     4.424
eigbestsnp    6          rs116238887 19     56573965     4.423
eigbestsnp    6            rs2014436 18     52520680     4.345
eigbestsnp    7           rs17522236 18     25563231     5.944
eigbestsnp    7           rs35570011 17     54832884     4.606
eigbestsnp    7           rs12451146 17     66817416     4.568
eigbestsnp    7           rs73074757  7     16521431     4.537
eigbestsnp    7            rs7112731 11    128115740     4.533
eigbestsnp    7            rs3923317 12    115255435     4.530
eigbestsnp    7           rs80096453  1    159286386     4.507
eigbestsnp    7            rs6075251 20     17843634     4.476
eigbestsnp    7           rs12579100 12     42346318     4.410
eigbestsnp    7           rs72677580  8     83640414     4.382
eigbestsnp    8            rs8064508 17     78143689     4.844
eigbestsnp    8            rs1352165  4     61920405     4.619
eigbestsnp    8          rs115209788  7    136650446     4.543
eigbestsnp    8           rs67731008  8    122143485     4.488
eigbestsnp    8          rs116184851 15     35081925     4.458
eigbestsnp    8           rs74553869  5     60913439     4.437
eigbestsnp    8          rs114462595 19     23364264     4.427
eigbestsnp    8           rs10160922 12     75233161     4.393
eigbestsnp    8           rs74101356  1     93221113     4.389
eigbestsnp    8           rs72906547  4    120666244     4.387
eigbestsnp    9           rs73430242  6     53680528     5.972
eigbestsnp    9            rs1255453 11     95349635     5.735
eigbestsnp    9           rs71568191  6    104678832     5.363
eigbestsnp    9           rs77786693  6     53825196     5.305
eigbestsnp    9          rs114915545 14     94118465     5.101
eigbestsnp    9         rs1213473546 20     17578239     5.086
eigbestsnp    9           rs12510958  4     30348364     5.005
eigbestsnp    9            rs7555016  1    115855147     4.999
eigbestsnp    9           rs35594032  6    104525778     4.934
eigbestsnp    9         rs1243597905 20     36231667     4.862
eigbestsnp   10            rs4886387 13     62549703     5.703
eigbestsnp   10            rs9317233 13     62880074     5.180
eigbestsnp   10            rs3824120  8    128747953     4.977
eigbestsnp   10           rs73386665  7     88946086     4.698
eigbestsnp   10            rs4395050 15     90673328     4.625
eigbestsnp   10           rs11219814 11    124728123     4.590
eigbestsnp   10            rs9905926 17     35307774     4.577
eigbestsnp   10          rs114288001  7     41274712     4.551
eigbestsnp   10           rs76395764  4      7383704     4.331
eigbestsnp   10          rs114109999 11     99182106     4.322
eigbestsnp   11           rs80194805  6    163790109     5.515
eigbestsnp   11          rs201406148 10     98887169     4.677
eigbestsnp   11            rs1499391 14     42953319     4.654
eigbestsnp   11           rs41394648 14     37868530     4.611
eigbestsnp   11          rs116302969  8     63629725     4.530
eigbestsnp   11          rs116349946  3     15969896     4.454
eigbestsnp   11            rs1992701  2    155609638     4.451
eigbestsnp   11          rs115122303 12    128373046     4.389
eigbestsnp   11            rs4410914  8    123185248     4.337
eigbestsnp   11           rs61551814  2     83091952     4.334
eigbestsnp   12          rs112872215  5     35809554     4.715
eigbestsnp   12           rs10513985 18     68093075     4.542
eigbestsnp   12            rs2555262 12    119697422     4.520
eigbestsnp   12           rs80302494 18     74351897     4.436
eigbestsnp   12            rs4787908 16     27068556     4.413
eigbestsnp   12            rs7666153  4     62163291     4.338
eigbestsnp   12           rs75876050  2    177571684     4.330
eigbestsnp   12            rs7519743  1    214465791     4.304
eigbestsnp   12            rs6439978  3    140798295     4.303
eigbestsnp   12           rs73824615  4     75529265     4.295
eigbestsnp   13            rs1929088  6      6407185     4.792
eigbestsnp   13            rs3825516 13    103471820     4.723
eigbestsnp   13            rs6575421 14     27554812     4.600
eigbestsnp   13            rs9908835 17     14329837     4.382
eigbestsnp   13           rs76485314  7     89382022     4.375
eigbestsnp   13           rs72809349 17     10016279     4.335
eigbestsnp   13          rs114356079  7     92809420     4.322
eigbestsnp   13             rs307805  5    180077487     4.301
eigbestsnp   13            rs9937306 16     64833610     4.248
eigbestsnp   13           rs12234818  7    146357706     4.247
eigbestsnp   14           rs67217413 18     67088302     5.030
eigbestsnp   14           rs78906316  2    108424670     4.923
eigbestsnp   14           rs28750071  4     10589229     4.877
eigbestsnp   14          rs116528229 14    101858740     4.790
eigbestsnp   14          rs114202142  2    192499224     4.751
eigbestsnp   14           rs17067316 13     77794143     4.704
eigbestsnp   14           rs80093560 11    130229482     4.672
eigbestsnp   14            rs2302922  2    207611230     4.581
eigbestsnp   14            rs6473185  8     80782703     4.546
eigbestsnp   14           rs10015679  4     40644376     4.526
eigbestsnp   15           rs12315590 12     83434314     5.627
eigbestsnp   15           rs76963738 17      9385943     5.573
eigbestsnp   15           rs76117905 12     55970066     5.392
eigbestsnp   15            rs1368303  5    147672389     5.148
eigbestsnp   15          rs114598238 13     53286150     4.965
eigbestsnp   15            rs4944115 11     76377305     4.863
eigbestsnp   15           rs78612534  2      3159013     4.858
eigbestsnp   15            rs7696182  4    190315820     4.705
eigbestsnp   15           rs78910791 18     57118333     4.686
eigbestsnp   15           rs73409112 12    116997095     4.543
eigbestsnp   16            rs7710589  5    121805310     4.798
eigbestsnp   16            rs8092350 18     57995937     4.792
eigbestsnp   16           rs76298274  3    181733414     4.538
eigbestsnp   16           rs77500236  2     42119944     4.483
eigbestsnp   16          rs114632074 10      5798562     4.450
eigbestsnp   16            rs2830060 21     27485347     4.425
eigbestsnp   16           rs78562693  8     98050282     4.386
eigbestsnp   16           rs73818894  4     33083699     4.373
eigbestsnp   16           rs11792765  9     34425495     4.373
eigbestsnp   16          rs386782340 15     27050817     4.329
eigbestsnp   17           rs56124905  3     14385648     5.043
eigbestsnp   17           rs75835704  3     62252115     4.943
eigbestsnp   17           rs77092175  1    166062825     4.925
eigbestsnp   17           rs34280714 16     83491552     4.814
eigbestsnp   17           rs74868954  6    112946446     4.787
eigbestsnp   17           rs17059753  8     29044125     4.702
eigbestsnp   17          rs114742266  5     14185869     4.595
eigbestsnp   17            rs3797113  5     10695026     4.585
eigbestsnp   17           rs73449624 15     82253917     4.439
eigbestsnp   17           rs74089680 13     69130991     4.419
eigbestsnp   18           rs78328041  4    151060703     4.553
eigbestsnp   18           rs35957369  6    154521159     4.551
eigbestsnp   18          rs113945627  4    122837064     4.422
eigbestsnp   18           rs75778234 10    122578207     4.419
eigbestsnp   18             rs616216 12    101469843     4.392
eigbestsnp   18           rs11259027 10     14396968     4.390
eigbestsnp   18           rs76064380  1     62654397     4.389
eigbestsnp   18           rs80195911 14    102306746     4.352
eigbestsnp   18           rs76485314  7     89382022     4.347
eigbestsnp   18           rs78142743  1     90598868     4.344
eigbestsnp   19           rs76738185  2     65921896     5.031
eigbestsnp   19           rs16975352 16     85192794     4.713
eigbestsnp   19           rs77449209  1    164014485     4.670
eigbestsnp   19           rs12355487 10    130844717     4.661
eigbestsnp   19          17:44222138 17     44222138     4.618
eigbestsnp   19          rs116048942  4     60971971     4.595
eigbestsnp   19            rs7273504 20      7530076     4.537
eigbestsnp   19          rs115725775 18     60302575     4.457
eigbestsnp   19           rs16972286 15     42218098     4.389
eigbestsnp   19           rs34101525  8     61812643     4.383
eigbestsnp   20          rs114573934 18      8529791     4.813
eigbestsnp   20          rs116626077 22     37990715     4.644
eigbestsnp   20           rs77034669  5    140532401     4.604
eigbestsnp   20           rs76781979 14     31735276     4.495
eigbestsnp   20             rs348218 13     42097044     4.490
eigbestsnp   20           rs62215783 20     24764278     4.446
eigbestsnp   20            rs1442449 11    100165790     4.430
eigbestsnp   20           rs12506385  4    117879013     4.400
eigbestsnp   20           rs10510735  3     43243113     4.382
eigbestsnp   20            rs1330550 13    113017118     4.354
##end of smartpca run

Correlation between eigenvector 1 (of 20) and Case/Control status is -0.145
Correlation between eigenvector 2 (of 20) and Case/Control status is 0.031
Correlation between eigenvector 3 (of 20) and Case/Control status is 0.095
Correlation between eigenvector 4 (of 20) and Case/Control status is -0.171
Correlation between eigenvector 5 (of 20) and Case/Control status is -0.061
Correlation between eigenvector 6 (of 20) and Case/Control status is 0.094
Correlation between eigenvector 7 (of 20) and Case/Control status is 0.023
Correlation between eigenvector 8 (of 20) and Case/Control status is 0.007
Correlation between eigenvector 9 (of 20) and Case/Control status is 0.027
Correlation between eigenvector 10 (of 20) and Case/Control status is 0.035
Correlation between eigenvector 11 (of 20) and Case/Control status is 0.095
Correlation between eigenvector 12 (of 20) and Case/Control status is -0.012
Correlation between eigenvector 13 (of 20) and Case/Control status is -0.021
Correlation between eigenvector 14 (of 20) and Case/Control status is 0.074
Correlation between eigenvector 15 (of 20) and Case/Control status is 0.061
Correlation between eigenvector 16 (of 20) and Case/Control status is 0.015
Correlation between eigenvector 17 (of 20) and Case/Control status is 0.059
Correlation between eigenvector 18 (of 20) and Case/Control status is -0.012
Correlation between eigenvector 19 (of 20) and Case/Control status is -0.055
Correlation between eigenvector 20 (of 20) and Case/Control status is 0.009
