parameter file: par.smartpca-ancmap-eth-fst
### THE INPUT PARAMETERS
##PARAMETER NAME: VALUE
genotypename: ../CONVERTF/pop.ancestrymapgeno
snpname: ../CONVERTF/pop.snp
indivname: ../CONVERTF/pop-eth.ind
evecoutname: pop-eth.evec
evaloutname: pop-eth.eval
altnormstyle: NO
outlieroutname: pop.outlier
familynames: NO
deletesnpoutname: pop-eth-badsnps
ldregress: 200
phylipoutname: pop.phy
fstonly: YES
## smartpca version: 16000
fstonly
norm used

packed geno read OK
end of inpack
number of samples used: 1070 number of snps used: 26144
Using 127 threads.
population:   0                   SB  551
population:   1                   BA  492
population:   2                   FO   27
number of blocks for moving block jackknife: 527

fst *1000:
          S     B     F 
   S      0     5    32
   B      5     0    32
   F     32    32     0

s.dev * 1000000:
          S     B     F 
   S      0    49   420
   B     49     0   390
   F    420   390     0

##end of smartpca run
