  #N    eigenvalue  difference    twstat      p-value effect. n
   1      2.008933          NA   740.152            0 108433.057
   2      1.698997   -0.309936   479.695            0 117260.123
   3      1.676906   -0.022091   473.433            0 121914.584
   4      1.528465   -0.148441   336.618            0 126647.759
   5      1.353454   -0.175011   162.461            0 129632.044
   6      1.322456   -0.030998   132.482            0 130879.435
   7      1.296409   -0.026047   107.023 1.23516e-322 131901.145
   8      1.277070   -0.019339    88.148 1.12341e-241 132744.305
   9      1.273387   -0.003683    85.513 5.20699e-231 133463.759
  10      1.268738   -0.004649    81.811 2.67874e-216 134170.285
  11      1.257280   -0.011458    70.809 1.48161e-174 134856.719
  12      1.251734   -0.005546    65.957 4.01492e-157 135475.895
  13      1.245231   -0.006503    60.016 1.22849e-136 136067.795
  14      1.242135   -0.003096    57.650 9.47897e-129 136625.807
  15      1.236346   -0.005789    52.360 1.05481e-111 137172.085
  16      1.234662   -0.001684    51.426 8.87495e-109 137688.792
  17      1.232769   -0.001893    50.254  3.8027e-105 138202.324
  18      1.231145   -0.001624    49.358 2.13052e-102 138711.202
  19      1.224882   -0.006263    43.424  7.79408e-85 139217.051
  20      1.221595   -0.003287    40.655  4.96109e-77 139689.573
  21      1.218165   -0.003430    37.700  5.43754e-69 140147.762
  22      1.213239   -0.004926    33.084   4.7275e-57 140590.534
  23      1.212079   -0.001160    32.532  1.12014e-55 141008.305
  24      1.211192   -0.000887    32.272  4.92078e-55 141424.563
  25      1.208234   -0.002958    29.740  6.65031e-49 141840.978
  26      1.205475   -0.002759    27.402  1.81742e-43 142244.418
  27      1.205297   -0.000178    27.878  1.48426e-44 142635.998
  28      1.201808   -0.003489    24.712  1.71046e-37 143031.789
  29      1.198715   -0.003093    21.954  1.07609e-31 143410.954
  30      1.194732   -0.003983    18.188  2.38395e-24 143775.863
  31      1.194559   -0.000173    18.601  4.01892e-25 144120.945
  32      1.192094   -0.002465    16.480  2.98556e-21 144469.511
  33      1.190366   -0.001728    15.158  5.86267e-19 144807.425
  34      1.187831   -0.002535    12.928  2.59035e-15 145139.114
  35      1.187344   -0.000487    12.956  2.33625e-15 145459.557
  36      1.186415   -0.000929    12.493  1.23311e-14 145781.178
  37      1.184470   -0.001945    10.892  3.03548e-12 146101.257
  38      1.183334   -0.001136    10.181   3.1008e-11 146413.506
  39      1.182535   -0.000799     9.841  9.17639e-11 146722.806
  40      1.179545   -0.002990     7.047  1.19989e-07 147031.179
  41      1.177939   -0.001606     5.780  3.39115e-06 147325.143
  42      1.174773   -0.003166     2.755   0.00271848 147613.064
  43      1.173557   -0.001216     1.897    0.0123564 147885.435
  44      1.172606   -0.000951     1.329    0.0301691 148153.938
  45      1.171262   -0.001344     0.316     0.117587 148420.123
  46      1.169264   -0.001998    -1.442     0.555282 148681.582
  47      1.168956   -0.000308    -1.307     0.512211 148934.333
  48      1.166859   -0.002097    -3.190     0.950928 149188.457
  49      1.165787   -0.001072    -3.929     0.990835 149433.194
  50      1.164957   -0.000830    -4.399     0.997661 149674.619
  51      1.163870   -0.001087    -5.163     0.999856 149914.144
  52      1.162865   -0.001005    -5.840     0.999994 150150.198
  53      1.161744   -0.001121    -6.653            1 150383.231
  54      1.160188   -0.001556    -7.965            1 150612.513
  55      1.159286   -0.000902    -8.543            1 150835.402
  56      1.158010   -0.001276    -9.550            1 151055.753
  57      1.157519   -0.000491    -9.671            1 151271.303
  58      1.157201   -0.000318    -9.596            1 151486.696
  59      1.155881   -0.001320   -10.662            1 151702.964
  60      1.155451   -0.000430   -10.720            1 151914.086
  61      1.155290   -0.000161   -10.472            1 152125.359
  62      1.154480   -0.000810   -10.964            1 152338.404
  63      1.153556   -0.000924   -11.589            1 152549.306
  64      1.152573   -0.000983   -12.286            1 152757.349
  65      1.152371   -0.000202   -12.093            1 152962.144
  66      1.151547   -0.000824   -12.612            1 153168.391
  67      1.150606   -0.000941   -13.269            1 153372.316
  68      1.150241   -0.000365   -13.269            1 153573.181
  69      1.150020   -0.000221   -13.103            1 153774.459
  70      1.149439   -0.000581   -13.351            1 153977.033
  71      1.148897   -0.000542   -13.555            1 154178.701
  72      1.148398   -0.000499   -13.711            1 154379.690
  73      1.147836   -0.000562   -13.942            1 154580.251
  74      1.146861   -0.000975   -14.650            1 154779.985
  75      1.145190   -0.001671   -16.165            1 154976.325
  76      1.145023   -0.000167   -15.953            1 155164.954
  77      1.144251   -0.000772   -16.439            1 155355.077
  78      1.143936   -0.000315   -16.399            1 155542.966
  79      1.143357   -0.000579   -16.665            1 155731.424
  80      1.142721   -0.000636   -16.999            1 155918.813
  81      1.142228   -0.000493   -17.169            1 156104.763
  82      1.141978   -0.000250   -17.058            1 156290.147
  83      1.140806   -0.001172   -18.017            1 156476.471
  84      1.140554   -0.000252   -17.913            1 156657.976
  85      1.140106   -0.000448   -18.037            1 156840.369
  86      1.139624   -0.000482   -18.201            1 157022.427
  87      1.138968   -0.000656   -18.569            1 157203.927
  88      1.138344   -0.000624   -18.901            1 157383.764
  89      1.137978   -0.000366   -18.936            1 157562.120
  90      1.137656   -0.000322   -18.919            1 157740.607
  91      1.137179   -0.000477   -19.083            1 157919.501
  92      1.136399   -0.000780   -19.602            1 158097.817
  93      1.136041   -0.000358   -19.631            1 158273.617
  94      1.135668   -0.000373   -19.678            1 158449.562
  95      1.135097   -0.000571   -19.957            1 158625.556
  96      1.134784   -0.000313   -19.936            1 158800.326
  97      1.134416   -0.000368   -19.979            1 158975.511
  98      1.133804   -0.000612   -20.309            1 159150.760
  99      1.133295   -0.000509   -20.520            1 159324.493
 100      1.132753   -0.000542   -20.771            1 159497.358
 101      1.132405   -0.000348   -20.795            1 159669.129
 102      1.131573   -0.000832   -21.389            1 159841.050
 103      1.131366   -0.000207   -21.251            1 160009.974
 104      1.130814   -0.000552   -21.519            1 160179.936
 105      1.130086   -0.000728   -21.995            1 160348.693
 106      1.129392   -0.000694   -22.435            1 160515.079
 107      1.128941   -0.000451   -22.590            1 160679.295
 108      1.128653   -0.000288   -22.554            1 160842.906
 109      1.128317   -0.000336   -22.575            1 161006.973
 110      1.128018   -0.000299   -22.552            1 161171.182
 111      1.127226   -0.000792   -23.112            1 161335.774
 112      1.126968   -0.000258   -23.043            1 161497.492
 113      1.126404   -0.000564   -23.337            1 161659.841
 114      1.126227   -0.000177   -23.174            1 161820.792
 115      1.125422   -0.000805   -23.754            1 161982.903
 116      1.125320   -0.000102   -23.504            1 162141.998
 117      1.124937   -0.000383   -23.587            1 162302.736
 118      1.124306   -0.000631   -23.964            1 162463.250
 119      1.124084   -0.000222   -23.858            1 162621.873
 120      1.123328   -0.000756   -24.385            1 162781.331
 121      1.123156   -0.000172   -24.222            1 162938.033
 122      1.123079   -0.000077   -23.945            1 163095.890
 123      1.122897   -0.000182   -23.792            1 163255.556
 124      1.122232   -0.000665   -24.213            1 163416.335
 125      1.121854   -0.000378   -24.294            1 163574.943
 126      1.121259   -0.000595   -24.635            1 163733.316
 127      1.120809   -0.000450   -24.804            1 163889.965
 128      1.120501   -0.000308   -24.806            1 164045.864
 129      1.120172   -0.000329   -24.832            1 164201.977
 130      1.119640   -0.000532   -25.102            1 164358.158
 131      1.119223   -0.000417   -25.235            1 164513.006
 132      1.119020   -0.000203   -25.113            1 164667.299
 133      1.118865   -0.000155   -24.934            1 164822.511
 134      1.118504   -0.000361   -25.000            1 164978.984
 135      1.117591   -0.000913   -25.728            1 165135.291
 136      1.117101   -0.000490   -25.953            1 165287.577
 137      1.116881   -0.000220   -25.856            1 165438.758
 138      1.116590   -0.000291   -25.843            1 165590.710
 139      1.115838   -0.000752   -26.384            1 165742.940
 140      1.115498   -0.000340   -26.433            1 165892.208
 141      1.115370   -0.000128   -26.228            1 166041.385
 142      1.114794   -0.000576   -26.560            1 166191.962
 143      1.114315   -0.000479   -26.777            1 166340.782
 144      1.114160   -0.000155   -26.606            1 166488.513
 145      1.113938   -0.000222   -26.515            1 166637.443
 146      1.113436   -0.000502   -26.761            1 166787.105
 147      1.112830   -0.000606   -27.133            1 166935.503
 148      1.112499   -0.000331   -27.176            1 167081.880
 149      1.112242   -0.000257   -27.130            1 167228.185
 150      1.112022   -0.000220   -27.040            1 167374.945
 151      1.111486   -0.000536   -27.330            1 167522.429
 152      1.111127   -0.000359   -27.409            1 167668.361
 153      1.110737   -0.000390   -27.525            1 167814.004
 154      1.110528   -0.000209   -27.423            1 167959.127
 155      1.109946   -0.000582   -27.773            1 168105.038
 156      1.109482   -0.000464   -27.981            1 168249.026
 157      1.108698   -0.000784   -28.578            1 168391.932
 158      1.108406   -0.000292   -28.582            1 168531.413
 159      1.108237   -0.000169   -28.437            1 168671.027
 160      1.107722   -0.000515   -28.711            1 168811.673
 161      1.107479   -0.000243   -28.656            1 168950.821
 162      1.107245   -0.000234   -28.591            1 169090.454
 163      1.107032   -0.000213   -28.500            1 169230.640
 164      1.106712   -0.000320   -28.538            1 169371.540
 165      1.106496   -0.000216   -28.450            1 169512.363
 166      1.105923   -0.000573   -28.797            1 169653.882
 167      1.105735   -0.000188   -28.676            1 169793.439
 168      1.105067   -0.000668   -29.140            1 169933.888
 169      1.104906   -0.000161   -28.988            1 170071.645
 170      1.104576   -0.000330   -29.042            1 170210.481
 171      1.104137   -0.000439   -29.229            1 170349.136
 172      1.103704   -0.000433   -29.410            1 170486.784
 173      1.103502   -0.000202   -29.310            1 170623.460
 174      1.103363   -0.000139   -29.133            1 170760.899
 175      1.103082   -0.000281   -29.128            1 170899.584
 176      1.102658   -0.000424   -29.298            1 171038.446
 177      1.102385   -0.000273   -29.285            1 171176.393
 178      1.101917   -0.000468   -29.510            1 171314.569
 179      1.101360   -0.000557   -29.845            1 171451.479
 180      1.101046   -0.000314   -29.885            1 171586.428
 181      1.100647   -0.000399   -30.029            1 171721.263
 182      1.100403   -0.000244   -29.984            1 171855.326
 183      1.100126   -0.000277   -29.979            1 171989.803
 184      1.099865   -0.000261   -29.955            1 172124.442
 185      1.099696   -0.000169   -29.818            1 172259.365
 186      1.099118   -0.000578   -30.182            1 172395.290
 187      1.098972   -0.000146   -30.018            1 172529.035
 188      1.098759   -0.000213   -29.936            1 172663.952
 189      1.098393   -0.000366   -30.041            1 172799.528
 190      1.097977   -0.000416   -30.208            1 172934.563
 191      1.097383   -0.000594   -30.596            1 173068.656
 192      1.097049   -0.000334   -30.665            1 173200.395
 193      1.096821   -0.000228   -30.604            1 173331.808
 194      1.096602   -0.000219   -30.532            1 173463.730
 195      1.096332   -0.000270   -30.523            1 173596.236
 196      1.095986   -0.000346   -30.607            1 173728.922
 197      1.095617   -0.000369   -30.721            1 173861.183
 198      1.095252   -0.000365   -30.830            1 173992.829
 199      1.095030   -0.000222   -30.763            1 174123.884
 200      1.094848   -0.000182   -30.647            1 174255.488
 201      1.093981   -0.000867   -31.376            1 174387.967
 202      1.093624   -0.000357   -31.479            1 174515.804
 203      1.093305   -0.000319   -31.535            1 174643.075
 204      1.093125   -0.000180   -31.420            1 174770.078
 205      1.093014   -0.000111   -31.219            1 174897.936
 206      1.092720   -0.000294   -31.244            1 175027.216
 207      1.092392   -0.000328   -31.311            1 175156.441
 208      1.091739   -0.000653   -31.781            1 175285.328
 209      1.091378   -0.000361   -31.892            1 175411.214
 210      1.091316   -0.000062   -31.633            1 175536.464
 211      1.090876   -0.000440   -31.841            1 175663.526
 212      1.090746   -0.000130   -31.666            1 175789.301
 213      1.090185   -0.000561   -32.025            1 175916.336
 214      1.089935   -0.000250   -32.000            1 176041.075
 215      1.089623   -0.000312   -32.051            1 176166.072
 216      1.089180   -0.000443   -32.266            1 176290.813
 217      1.088771   -0.000409   -32.440            1 176414.203
 218      1.088675   -0.000096   -32.226            1 176536.514
 219      1.088224   -0.000451   -32.452            1 176660.346
 220      1.087995   -0.000229   -32.403            1 176782.740
 221      1.087642   -0.000353   -32.508            1 176905.544
 222      1.087268   -0.000374   -32.640            1 177027.716
 223      1.087023   -0.000245   -32.613            1 177149.074
 224      1.086977   -0.000046   -32.337            1 177270.695
 225      1.086753   -0.000224   -32.282            1 177394.269
 226      1.086465   -0.000288   -32.306            1 177518.301
 227      1.086311   -0.000154   -32.164            1 177642.249
 228      1.085850   -0.000461   -32.404            1 177767.255
 229      1.085464   -0.000386   -32.552            1 177890.696
 230      1.084905   -0.000559   -32.916            1 178013.200
 231      1.084681   -0.000224   -32.864            1 178133.271
 232      1.084424   -0.000257   -32.853            1 178253.769
 233      1.084274   -0.000150   -32.709            1 178374.412
 234      1.084131   -0.000143   -32.555            1 178496.126
 235      1.083855   -0.000276   -32.566            1 178618.982
 236      1.083275   -0.000580   -32.959            1 178741.831
 237      1.083121   -0.000154   -32.820            1 178862.020
 238      1.082335   -0.000786   -33.472            1 178983.244
 239      1.082304   -0.000031   -33.182            1 179099.983
 240      1.082086   -0.000218   -33.124            1 179218.809
 241      1.081989   -0.000097   -32.914            1 179338.100
 242      1.081641   -0.000348   -33.019            1 179458.927
 243      1.081490   -0.000151   -32.877            1 179579.083
 244      1.080995   -0.000495   -33.166            1 179700.308
 245      1.080659   -0.000336   -33.257            1 179819.551
 246      1.080467   -0.000192   -33.167            1 179938.209
 247      1.080149   -0.000318   -33.236            1 180057.560
 248      1.080077   -0.000072   -32.996            1 180176.482
 249      1.079647   -0.000430   -33.205            1 180297.177
 250      1.079249   -0.000398   -33.375            1 180416.438
 251      1.078855   -0.000394   -33.541            1 180534.541
 252      1.078778   -0.000077   -33.308            1 180651.509
 253      1.078308   -0.000470   -33.569            1 180770.199
 254      1.078108   -0.000200   -33.492            1 180887.059
 255      1.077986   -0.000122   -33.316            1 181004.527
 256      1.077568   -0.000418   -33.513            1 181123.318
 257      1.077158   -0.000410   -33.700            1 181240.737
 258      1.076769   -0.000389   -33.862            1 181356.844
 259      1.076489   -0.000280   -33.888            1 181471.818
 260      1.076079   -0.000410   -34.077            1 181586.650
 261      1.075926   -0.000153   -33.943            1 181700.139
 262      1.075677   -0.000249   -33.930            1 181814.642
 263      1.075189   -0.000488   -34.219            1 181929.279
 264      1.074856   -0.000333   -34.314            1 182041.836
 265      1.074692   -0.000164   -34.195            1 182153.732
 266      1.074435   -0.000257   -34.194            1 182266.529
 267      1.074301   -0.000134   -34.036            1 182379.370
 268      1.074140   -0.000161   -33.913            1 182493.402
 269      1.074022   -0.000118   -33.734            1 182608.385
 270      1.073549   -0.000473   -34.005            1 182724.733
 271      1.073430   -0.000119   -33.828            1 182839.105
 272      1.073218   -0.000212   -33.768            1 182954.831
 273      1.073093   -0.000125   -33.598            1 183071.041
 274      1.072712   -0.000381   -33.752            1 183188.567
 275      1.072300   -0.000412   -33.946            1 183304.977
 276      1.071672   -0.000628   -34.415            1 183419.960
 277      1.071322   -0.000350   -34.534            1 183531.439
 278      1.071061   -0.000261   -34.540            1 183642.046
 279      1.070811   -0.000250   -34.533            1 183752.624
 280      1.070721   -0.000090   -34.322            1 183863.279
 281      1.070680   -0.000041   -34.047            1 183975.552
 282      1.069897   -0.000783   -34.716            1 184089.938
 283      1.069750   -0.000147   -34.578            1 184199.253
 284      1.069409   -0.000341   -34.687            1 184309.630
 285      1.069159   -0.000250   -34.681            1 184419.191
 286      1.069025   -0.000134   -34.527            1 184528.812
 287      1.068670   -0.000355   -34.654            1 184639.629
 288      1.068275   -0.000395   -34.832            1 184749.484
 289      1.068141   -0.000134   -34.679            1 184857.975
 290      1.067929   -0.000212   -34.624            1 184967.657
 291      1.067775   -0.000154   -34.496            1 185077.771
 292      1.067436   -0.000339   -34.603            1 185188.895
 293      1.066926   -0.000510   -34.929            1 185299.199
 294      1.066668   -0.000258   -34.934            1 185406.975
 295      1.066519   -0.000149   -34.801            1 185514.709
 296      1.066343   -0.000176   -34.702            1 185623.487
 297      1.066084   -0.000259   -34.708            1 185733.050
 298      1.065628   -0.000456   -34.966            1 185842.569
 299      1.065528   -0.000100   -34.770            1 185950.061
 300      1.065039   -0.000489   -35.072            1 186059.096
 301      1.064578   -0.000461   -35.338            1 186165.754
 302      1.064511   -0.000067   -35.102            1 186270.298
 303      1.064178   -0.000333   -35.206            1 186376.702
 304      1.063897   -0.000281   -35.243            1 186482.279
 305      1.063707   -0.000190   -35.164            1 186587.549
 306      1.063107   -0.000600   -35.610            1 186693.437
 307      1.062955   -0.000152   -35.484            1 186795.756
 308      1.062585   -0.000370   -35.638            1 186899.060
 309      1.062431   -0.000154   -35.515            1 187001.120
 310      1.062303   -0.000128   -35.358            1 187104.145
 311      1.061936   -0.000367   -35.507            1 187208.413
 312      1.061586   -0.000350   -35.635            1 187311.461
 313      1.061421   -0.000165   -35.526            1 187413.455
 314      1.061370   -0.000051   -35.271            1 187516.303
 315      1.061105   -0.000265   -35.289            1 187621.205
 316      1.060850   -0.000255   -35.294            1 187725.941
 317      1.060316   -0.000534   -35.659            1 187830.614
 318      1.059855   -0.000461   -35.931            1 187932.292
 319      1.059815   -0.000040   -35.663            1 188031.717
 320      1.059504   -0.000311   -35.743            1 188133.300
 321      1.059237   -0.000267   -35.766            1 188234.200
 322      1.059185   -0.000052   -35.513            1 188334.874
 323      1.058853   -0.000332   -35.619            1 188437.603
 324      1.058701   -0.000152   -35.494            1 188539.425
 325      1.058388   -0.000313   -35.576            1 188642.251
 326      1.058195   -0.000193   -35.504            1 188744.368
 327      1.057636   -0.000559   -35.903            1 188847.054
 328      1.057571   -0.000065   -35.668            1 188946.380
 329      1.057384   -0.000187   -35.588            1 189047.633
 330      1.057122   -0.000262   -35.606            1 189149.514
 331      1.056738   -0.000384   -35.780            1 189251.217
 332      1.056288   -0.000450   -36.041            1 189351.415
 333      1.055890   -0.000398   -36.236            1 189449.376
 334      1.055693   -0.000197   -36.173            1 189545.647
 335      1.055529   -0.000164   -36.066            1 189642.400
 336      1.055087   -0.000442   -36.319            1 189740.001
 337      1.054938   -0.000149   -36.194            1 189835.413
 338      1.054577   -0.000361   -36.343            1 189931.827
 339      1.054377   -0.000200   -36.284            1 190026.924
 340      1.053962   -0.000415   -36.503            1 190122.461
 341      1.053928   -0.000034   -36.230            1 190216.071
 342      1.053771   -0.000157   -36.115            1 190311.949
 343      1.053437   -0.000334   -36.229            1 190408.752
 344      1.053096   -0.000341   -36.353            1 190504.520
 345      1.052952   -0.000144   -36.222            1 190599.162
 346      1.052718   -0.000234   -36.207            1 190694.869
 347      1.052344   -0.000374   -36.374            1 190790.644
 348      1.052175   -0.000169   -36.275            1 190884.911
 349      1.051942   -0.000233   -36.259            1 190979.965
 350      1.051721   -0.000221   -36.228            1 191075.090
 351      1.051213   -0.000508   -36.569            1 191170.421
 352      1.050939   -0.000274   -36.608            1 191262.706
 353      1.050833   -0.000106   -36.430            1 191354.573
 354      1.050437   -0.000396   -36.627            1 191447.930
 355      1.050429   -0.000008   -36.321            1 191539.481
 356      1.050289   -0.000140   -36.185            1 191633.648
 357      1.050040   -0.000249   -36.190            1 191728.943
 358      1.049729   -0.000311   -36.276            1 191824.121
 359      1.049409   -0.000320   -36.374            1 191918.463
 360      1.049223   -0.000186   -36.299            1 192011.858
 361      1.048674   -0.000549   -36.695            1 192105.848
 362      1.048587   -0.000087   -36.492            1 192196.224
 363      1.048125   -0.000462   -36.777            1 192288.324
 364      1.048022   -0.000103   -36.595            1 192377.794
 365      1.047898   -0.000124   -36.440            1 192468.801
 366      1.047788   -0.000110   -36.266            1 192561.115
 367      1.047602   -0.000186   -36.191            1 192654.916
 368      1.047235   -0.000367   -36.350            1 192749.321
 369      1.047054   -0.000181   -36.269            1 192842.192
 370      1.046667   -0.000387   -36.455            1 192935.722
 371      1.046332   -0.000335   -36.575            1 193027.466
 372      1.046267   -0.000065   -36.343            1 193118.027
 373      1.045762   -0.000505   -36.684            1 193210.615
 374      1.045559   -0.000203   -36.633            1 193299.986
 375      1.045314   -0.000245   -36.637            1 193389.726
 376      1.045169   -0.000145   -36.510            1 193479.336
 377      1.044707   -0.000462   -36.796            1 193570.016
 378      1.044630   -0.000077   -36.581            1 193657.953
 379      1.044338   -0.000292   -36.646            1 193747.773
 380      1.044156   -0.000182   -36.568            1 193836.888
 381      1.043938   -0.000218   -36.536            1 193926.628
 382      1.043853   -0.000085   -36.331            1 194016.560
 383      1.043337   -0.000516   -36.688            1 194108.312
 384      1.043084   -0.000253   -36.703            1 194196.619
 385      1.042950   -0.000134   -36.562            1 194284.677
 386      1.042440   -0.000510   -36.913            1 194373.946
 387      1.042347   -0.000093   -36.720            1 194459.804
 388      1.042141   -0.000206   -36.673            1 194547.365
 389      1.041905   -0.000236   -36.666            1 194635.249
 390      1.041696   -0.000209   -36.624            1 194723.085
 391      1.041253   -0.000443   -36.888            1 194811.208
 392      1.041085   -0.000168   -36.793            1 194896.703
 393      1.040951   -0.000134   -36.653            1 194982.978
 394      1.040294   -0.000657   -37.198            1 195070.470
 395      1.040149   -0.000145   -37.075            1 195152.626
 396      1.040001   -0.000148   -36.955            1 195235.828
 397      1.039786   -0.000215   -36.922            1 195320.051
 398      1.039706   -0.000080   -36.712            1 195404.458
 399      1.039516   -0.000190   -36.646            1 195490.763
 400      1.039201   -0.000315   -36.743            1 195577.586
 401      1.038907   -0.000294   -36.813            1 195663.337
 402      1.038671   -0.000236   -36.808            1 195748.275
 403      1.038354   -0.000317   -36.908            1 195833.133
 404      1.038146   -0.000208   -36.867            1 195916.871
 405      1.037886   -0.000260   -36.893            1 196000.879
 406      1.037698   -0.000188   -36.825            1 196084.489
 407      1.037496   -0.000202   -36.776            1 196168.627
 408      1.036937   -0.000559   -37.195            1 196253.116
 409      1.036857   -0.000080   -36.987            1 196333.326
 410      1.036559   -0.000298   -37.064            1 196415.444
 411      1.036321   -0.000238   -37.063            1 196496.647
 412      1.036061   -0.000260   -37.091            1 196577.709
 413      1.035786   -0.000275   -37.139            1 196658.340
 414      1.035629   -0.000157   -37.032            1 196738.340
 415      1.035449   -0.000180   -36.955            1 196819.254
 416      1.035213   -0.000236   -36.951            1 196900.788
 417      1.034983   -0.000230   -36.939            1 196982.206
 418      1.034619   -0.000364   -37.104            1 197063.587
 419      1.034423   -0.000196   -37.048            1 197143.148
 420      1.034274   -0.000149   -36.930            1 197223.110
 421      1.034010   -0.000264   -36.964            1 197304.104
 422      1.033888   -0.000122   -36.810            1 197384.600
 423      1.033464   -0.000424   -37.054            1 197466.500
 424      1.032977   -0.000487   -37.381            1 197545.752
 425      1.032816   -0.000161   -37.281            1 197621.485
 426      1.032633   -0.000183   -37.210            1 197698.063
 427      1.032431   -0.000202   -37.163            1 197775.199
 428      1.032108   -0.000323   -37.276            1 197852.640
 429      1.031914   -0.000194   -37.219            1 197928.743
 430      1.031655   -0.000259   -37.248            1 198005.252
 431      1.031437   -0.000218   -37.222            1 198081.284
 432      1.031196   -0.000241   -37.227            1 198157.396
 433      1.030993   -0.000203   -37.182            1 198233.271
 434      1.030842   -0.000151   -37.069            1 198309.430
 435      1.030688   -0.000154   -36.958            1 198386.594
 436      1.030606   -0.000082   -36.752            1 198464.733
 437      1.030383   -0.000223   -36.732            1 198544.859
 438      1.030099   -0.000284   -36.791            1 198625.026
 439      1.029701   -0.000398   -37.002            1 198704.382
 440      1.029419   -0.000282   -37.061            1 198781.320
 441      1.029133   -0.000286   -37.125            1 198857.447
 442      1.029083   -0.000050   -36.878            1 198932.697
 443      1.028736   -0.000347   -37.022            1 199010.389
 444      1.028578   -0.000158   -36.917            1 199086.348
 445      1.028468   -0.000110   -36.749            1 199163.236
 446      1.028089   -0.000379   -36.935            1 199241.745
 447      1.027996   -0.000093   -36.744            1 199318.056
 448      1.027613   -0.000383   -36.935            1 199396.236
 449      1.027269   -0.000344   -37.076            1 199472.146
 450      1.027077   -0.000192   -37.017            1 199546.327
 451      1.026803   -0.000274   -37.066            1 199620.946
 452      1.026645   -0.000158   -36.962            1 199694.825
 453      1.026321   -0.000324   -37.077            1 199769.633
 454      1.026203   -0.000118   -36.920            1 199842.974
 455      1.026062   -0.000141   -36.792            1 199917.825
 456      1.025691   -0.000371   -36.969            1 199993.868
 457      1.025449   -0.000242   -36.976            1 200067.755
 458      1.024990   -0.000459   -37.270            1 200141.352
 459      1.024903   -0.000087   -37.073            1 200211.479
 460      1.024579   -0.000324   -37.189            1 200283.561
 461      1.024511   -0.000068   -36.967            1 200354.130
 462      1.024153   -0.000358   -37.128            1 200426.950
 463      1.024061   -0.000092   -36.937            1 200497.751
 464      1.023787   -0.000274   -36.986            1 200570.460
 465      1.023361   -0.000426   -37.238            1 200642.389
 466      1.023221   -0.000140   -37.111            1 200711.264
 467      1.022899   -0.000322   -37.225            1 200781.327
 468      1.022445   -0.000454   -37.515            1 200849.866
 469      1.022334   -0.000111   -37.352            1 200914.890
 470      1.021984   -0.000350   -37.504            1 200981.513
 471      1.021751   -0.000233   -37.503            1 201046.155
 472      1.021611   -0.000140   -37.378            1 201110.562
 473      1.021280   -0.000331   -37.506            1 201176.136
 474      1.021249   -0.000031   -37.236            1 201239.996
 475      1.020975   -0.000274   -37.287            1 201306.682
 476      1.020658   -0.000317   -37.397            1 201372.521
 477      1.020570   -0.000088   -37.202            1 201436.848
 478      1.020174   -0.000396   -37.416            1 201503.155
 479      1.019950   -0.000224   -37.402            1 201566.733
 480      1.019659   -0.000291   -37.478            1 201630.202
 481      1.019533   -0.000126   -37.334            1 201692.528
 482      1.019324   -0.000209   -37.300            1 201756.249
 483      1.019103   -0.000221   -37.282            1 201820.094
 484      1.018743   -0.000360   -37.449            1 201883.879
 485      1.018655   -0.000088   -37.255            1 201945.438
 486      1.018265   -0.000390   -37.462            1 202008.994
 487      1.018079   -0.000186   -37.398            1 202069.843
 488      1.017713   -0.000366   -37.574            1 202131.157
 489      1.017562   -0.000151   -37.465            1 202190.113
 490      1.017272   -0.000290   -37.540            1 202250.072
 491      1.017146   -0.000126   -37.397            1 202308.852
 492      1.016940   -0.000206   -37.360            1 202369.034
 493      1.016907   -0.000033   -37.093            1 202429.366
 494      1.016264   -0.000643   -37.636            1 202492.606
 495      1.016059   -0.000205   -37.599            1 202549.050
 496      1.015819   -0.000240   -37.608            1 202605.631
 497      1.015456   -0.000363   -37.782            1 202661.792
 498      1.015383   -0.000073   -37.570            1 202715.558
 499      1.015234   -0.000149   -37.458            1 202771.563
 500      1.015042   -0.000192   -37.403            1 202828.608
 501      1.014782   -0.000260   -37.439            1 202886.009
 502      1.014403   -0.000379   -37.633            1 202942.669
 503      1.014247   -0.000156   -37.531            1 202996.649
 504      1.013986   -0.000261   -37.568            1 203051.550
 505      1.013673   -0.000313   -37.675            1 203105.671
 506      1.013504   -0.000169   -37.591            1 203158.153
 507      1.013295   -0.000209   -37.560            1 203211.341
 508      1.013002   -0.000293   -37.641            1 203264.584
 509      1.012948   -0.000054   -37.403            1 203316.501
 510      1.012575   -0.000373   -37.590            1 203371.025
 511      1.012409   -0.000166   -37.501            1 203422.902
 512      1.012376   -0.000033   -37.235            1 203475.541
 513      1.011794   -0.000582   -37.699            1 203531.167
 514      1.011461   -0.000333   -37.834            1 203580.650
 515      1.011381   -0.000080   -37.633            1 203628.097
 516      1.010838   -0.000543   -38.047            1 203677.717
 517      1.010730   -0.000108   -37.884            1 203721.779
 518      1.010393   -0.000337   -38.026            1 203767.524
 519      1.010149   -0.000244   -38.044            1 203811.123
 520      1.010062   -0.000087   -37.853            1 203854.121
 521      1.009794   -0.000268   -37.902            1 203899.163
 522      1.009524   -0.000270   -37.954            1 203943.208
 523      1.009334   -0.000190   -37.900            1 203986.213
 524      1.009025   -0.000309   -38.005            1 204029.528
 525      1.008953   -0.000072   -37.794            1 204071.129
 526      1.008780   -0.000173   -37.716            1 204115.050
 527      1.008605   -0.000175   -37.641            1 204159.586
 528      1.008342   -0.000263   -37.683            1 204204.710
 529      1.008069   -0.000273   -37.738            1 204248.911
 530      1.007890   -0.000179   -37.669            1 204292.008
 531      1.007717   -0.000173   -37.591            1 204335.619
 532      1.007608   -0.000109   -37.427            1 204379.855
 533      1.007285   -0.000323   -37.549            1 204425.842
 534      1.007083   -0.000202   -37.509            1 204469.855
 535      1.006766   -0.000317   -37.622            1 204513.996
 536      1.006482   -0.000284   -37.693            1 204556.248
 537      1.006427   -0.000055   -37.458            1 204597.175
 538      1.006050   -0.000377   -37.651            1 204640.802
 539      1.005773   -0.000277   -37.713            1 204681.464
 540      1.005713   -0.000060   -37.484            1 204720.904
 541      1.005366   -0.000347   -37.638            1 204762.967
 542      1.004935   -0.000431   -37.905            1 204802.568
 543      1.004785   -0.000150   -37.798            1 204838.191
 544      1.004623   -0.000162   -37.707            1 204874.813
 545      1.004359   -0.000264   -37.751            1 204912.233
 546      1.004214   -0.000145   -37.637            1 204948.629
 547      1.004078   -0.000136   -37.510            1 204986.134
 548      1.003719   -0.000359   -37.681            1 205024.925
 549      1.003698   -0.000021   -37.400            1 205060.978
 550      1.003475   -0.000223   -37.389            1 205100.402
 551      1.003113   -0.000362   -37.563            1 205139.557
 552      1.002894   -0.000219   -37.546            1 205175.902
 553      1.002609   -0.000285   -37.618            1 205212.027
 554      1.002532   -0.000077   -37.413            1 205246.721
 555      1.002247   -0.000285   -37.484            1 205283.793
 556      1.002034   -0.000213   -37.460            1 205319.437
 557      1.001822   -0.000212   -37.434            1 205354.968
 558      1.001413   -0.000409   -37.671            1 205390.406
 559      1.001201   -0.000212   -37.646            1 205422.096
 560      1.000844   -0.000357   -37.815            1 205453.663
 561      1.000707   -0.000137   -37.691            1 205482.409
 562      1.000392   -0.000315   -37.804            1 205512.409
 563      1.000059   -0.000333   -37.942            1 205540.351
 564      0.999997   -0.000062   -37.719            1 205565.881
 565      0.999683   -0.000314   -37.831            1 205594.059
 566      0.999451   -0.000232   -37.834            1 205620.172
 567      0.999080   -0.000371   -38.023            1 205645.749
 568      0.999030   -0.000050   -37.784            1 205668.162
 569      0.998791   -0.000239   -37.796            1 205693.454
 570      0.998551   -0.000240   -37.810            1 205718.070
 571      0.998381   -0.000170   -37.730            1 205741.987
 572      0.998187   -0.000194   -37.682            1 205766.534
 573      0.997967   -0.000220   -37.669            1 205791.261
 574      0.997833   -0.000134   -37.541            1 205815.672
 575      0.997528   -0.000305   -37.640            1 205841.422
 576      0.997244   -0.000284   -37.712            1 205865.226
 577      0.997037   -0.000207   -37.681            1 205887.471
 578      0.996956   -0.000081   -37.483            1 205909.637
 579      0.996641   -0.000315   -37.595            1 205934.173
 580      0.996160   -0.000481   -37.930            1 205956.545
 581      0.996101   -0.000059   -37.703            1 205973.500
 582      0.996032   -0.000069   -37.488            1 205993.229
 583      0.995661   -0.000371   -37.676            1 206015.573
 584      0.995467   -0.000194   -37.628            1 206034.621
 585      0.995415   -0.000052   -37.391            1 206053.830
 586      0.995153   -0.000262   -37.432            1 206076.013
 587      0.994738   -0.000415   -37.678            1 206097.039
 588      0.994574   -0.000164   -37.590            1 206113.860
 589      0.994414   -0.000160   -37.497            1 206131.429
 590      0.994301   -0.000113   -37.340            1 206149.837
 591      0.993913   -0.000388   -37.550            1 206170.040
 592      0.993770   -0.000143   -37.433            1 206186.535
 593      0.993365   -0.000405   -37.666            1 206204.215
 594      0.993280   -0.000085   -37.473            1 206217.814
 595      0.993168   -0.000112   -37.315            1 206233.755
 596      0.992892   -0.000276   -37.375            1 206251.521
 597      0.992576   -0.000316   -37.489            1 206267.800
 598      0.992533   -0.000043   -37.239            1 206281.763
 599      0.992374   -0.000159   -37.143            1 206298.966
 600      0.991979   -0.000395   -37.361            1 206317.070
 601      0.991850   -0.000129   -37.225            1 206331.236
 602      0.991683   -0.000167   -37.139            1 206346.904
 603      0.991431   -0.000252   -37.167            1 206363.309
 604      0.990726   -0.000705   -37.798            1 206378.700
 605      0.990484   -0.000242   -37.816            1 206383.694
 606      0.990413   -0.000071   -37.605            1 206387.792
 607      0.990161   -0.000252   -37.635            1 206394.532
 608      0.989975   -0.000186   -37.577            1 206400.182
 609      0.989457   -0.000518   -37.962            1 206406.107
 610      0.989269   -0.000188   -37.908            1 206405.385
 611      0.989019   -0.000250   -37.937            1 206404.849
 612      0.988932   -0.000087   -37.749            1 206403.206
 613      0.988787   -0.000145   -37.637            1 206403.870
 614      0.988653   -0.000134   -37.510            1 206405.649
 615      0.988208   -0.000445   -37.797            1 206408.792
 616      0.988037   -0.000171   -37.720            1 206406.724
 617      0.987819   -0.000218   -37.706            1 206405.213
 618      0.987684   -0.000135   -37.580            1 206403.265
 619      0.987334   -0.000350   -37.741            1 206402.652
 620      0.987052   -0.000282   -37.812            1 206398.791
 621      0.986845   -0.000207   -37.783            1 206393.111
 622      0.986565   -0.000280   -37.852            1 206387.204
 623      0.986322   -0.000243   -37.871            1 206379.502
 624      0.986221   -0.000101   -37.702            1 206370.786
 625      0.985842   -0.000379   -37.901            1 206364.114
 626      0.985722   -0.000120   -37.758            1 206353.494
 627      0.985595   -0.000127   -37.622            1 206344.505
 628      0.985493   -0.000102   -37.453            1 206337.017
 629      0.985097   -0.000396   -37.674            1 206331.599
 630      0.984974   -0.000123   -37.533            1 206321.837
 631      0.984800   -0.000174   -37.459            1 206313.678
 632      0.984636   -0.000164   -37.372            1 206306.023
 633      0.984276   -0.000360   -37.544            1 206299.100
 634      0.984211   -0.000065   -37.326            1 206288.585
 635      0.984142   -0.000069   -37.111            1 206280.985
 636      0.983635   -0.000507   -37.478            1 206276.251
 637      0.983451   -0.000184   -37.417            1 206264.641
 638      0.983226   -0.000225   -37.410            1 206253.307
 639      0.982875   -0.000351   -37.571            1 206241.338
 640      0.982640   -0.000235   -37.579            1 206225.906
 641      0.982452   -0.000188   -37.524            1 206209.584
 642      0.982165   -0.000287   -37.601            1 206193.424
 643      0.982118   -0.000047   -37.359            1 206175.198
 644      0.981836   -0.000282   -37.428            1 206160.317
 645      0.981495   -0.000341   -37.575            1 206143.488
 646      0.981292   -0.000203   -37.541            1 206123.354
 647      0.980973   -0.000319   -37.660            1 206103.028
 648      0.980883   -0.000090   -37.475            1 206079.865
 649      0.980615   -0.000268   -37.526            1 206059.074
 650      0.980515   -0.000100   -37.355            1 206036.604
 651      0.980192   -0.000323   -37.478            1 206016.303
 652      0.979922   -0.000270   -37.532            1 205993.056
 653      0.979693   -0.000229   -37.531            1 205968.063
 654      0.979393   -0.000300   -37.625            1 205942.257
 655      0.979370   -0.000023   -37.352            1 205913.988
 656      0.979003   -0.000367   -37.533            1 205889.670
 657      0.978977   -0.000026   -37.264            1 205861.334
 658      0.978690   -0.000287   -37.339            1 205836.909
 659      0.978570   -0.000120   -37.193            1 205810.324
 660      0.978421   -0.000149   -37.085            1 205785.485
 661      0.978100   -0.000321   -37.204            1 205761.736
 662      0.978019   -0.000081   -37.006            1 205735.020
 663      0.977486   -0.000533   -37.405            1 205711.003
 664      0.977239   -0.000247   -37.428            1 205678.980
 665      0.976975   -0.000264   -37.473            1 205645.677
 666      0.976771   -0.000204   -37.439            1 205610.682
 667      0.976579   -0.000192   -37.390            1 205575.410
 668      0.976407   -0.000172   -37.313            1 205540.151
 669      0.976374   -0.000033   -37.052            1 205505.388
 670      0.976027   -0.000347   -37.205            1 205474.479
 671      0.975882   -0.000145   -37.092            1 205439.890
 672      0.975711   -0.000171   -37.013            1 205406.474
 673      0.975486   -0.000225   -37.004            1 205373.619
 674      0.975334   -0.000152   -36.899            1 205340.020
 675      0.974921   -0.000413   -37.138            1 205307.456
 676      0.974569   -0.000352   -37.298            1 205269.559
 677      0.974405   -0.000164   -37.211            1 205227.779
 678      0.974056   -0.000349   -37.367            1 205186.685
 679      0.973758   -0.000298   -37.457            1 205141.750
 680      0.973545   -0.000213   -37.435            1 205094.194
 681      0.973255   -0.000290   -37.515            1 205046.085
 682      0.973228   -0.000027   -37.248            1 204995.525
 683      0.973094   -0.000134   -37.121            1 204948.992
 684      0.972741   -0.000353   -37.282            1 204903.887
 685      0.972518   -0.000223   -37.272            1 204854.779
 686      0.972251   -0.000267   -37.320            1 204804.874
 687      0.971934   -0.000317   -37.435            1 204753.068
 688      0.971736   -0.000198   -37.393            1 204698.099
 689      0.971438   -0.000298   -37.483            1 204642.918
 690      0.971229   -0.000209   -37.456            1 204585.020
 691      0.971087   -0.000142   -37.341            1 204526.618
 692      0.970890   -0.000197   -37.297            1 204469.399
 693      0.970566   -0.000324   -37.420            1 204411.993
 694      0.970429   -0.000137   -37.299            1 204351.187
 695      0.970205   -0.000224   -37.290            1 204291.695
 696      0.969946   -0.000259   -37.328            1 204231.323
 697      0.969846   -0.000100   -37.157            1 204169.175
 698      0.969708   -0.000138   -37.035            1 204109.303
 699      0.969492   -0.000216   -37.015            1 204050.765
 700      0.969219   -0.000273   -37.069            1 203991.573
 701      0.969134   -0.000085   -36.878            1 203930.255
 702      0.968726   -0.000408   -37.108            1 203871.658
 703      0.968556   -0.000170   -37.028            1 203807.439
 704      0.968378   -0.000178   -36.958            1 203743.728
 705      0.968129   -0.000249   -36.980            1 203680.328
 706      0.967950   -0.000179   -36.911            1 203615.395
 707      0.967561   -0.000389   -37.116            1 203550.749
 708      0.967281   -0.000280   -37.180            1 203480.894
 709      0.967138   -0.000143   -37.065            1 203408.647
 710      0.966795   -0.000343   -37.211            1 203337.588
 711      0.966580   -0.000215   -37.190            1 203262.468
 712      0.966534   -0.000046   -36.949            1 203186.628
 713      0.966299   -0.000235   -36.953            1 203114.538
 714      0.966104   -0.000195   -36.904            1 203041.231
 715      0.965873   -0.000231   -36.903            1 202967.763
 716      0.965700   -0.000173   -36.826            1 202893.179
 717      0.965395   -0.000305   -36.920            1 202819.024
 718      0.964979   -0.000416   -37.159            1 202741.769
 719      0.964846   -0.000133   -37.032            1 202658.416
 720      0.964481   -0.000365   -37.205            1 202576.508
 721      0.964376   -0.000105   -37.041            1 202489.828
 722      0.964149   -0.000227   -37.035            1 202405.337
 723      0.963922   -0.000227   -37.029            1 202319.770
 724      0.963604   -0.000318   -37.141            1 202233.122
 725      0.963443   -0.000161   -37.049            1 202142.918
 726      0.963045   -0.000398   -37.266            1 202053.397
 727      0.962982   -0.000063   -37.048            1 201958.120
 728      0.962592   -0.000390   -37.253            1 201866.168
 729      0.962404   -0.000188   -37.197            1 201768.649
 730      0.962238   -0.000166   -37.113            1 201671.039
 731      0.962004   -0.000234   -37.116            1 201573.950
 732      0.961927   -0.000077   -36.916            1 201475.523
 733      0.961772   -0.000155   -36.815            1 201380.083
 734      0.961549   -0.000223   -36.802            1 201285.514
 735      0.961059   -0.000490   -37.135            1 201189.944
 736      0.960996   -0.000063   -36.917            1 201085.952
 737      0.960793   -0.000203   -36.878            1 200985.339
 738      0.960442   -0.000351   -37.031            1 200884.247
 739      0.960173   -0.000269   -37.079            1 200778.539
 740      0.960078   -0.000095   -36.902            1 200670.475
 741      0.960050   -0.000028   -36.637            1 200564.914
 742      0.959855   -0.000195   -36.587            1 200463.789
 743      0.959678   -0.000177   -36.513            1 200362.438
 744      0.959600   -0.000078   -36.311            1 200261.377
 745      0.959353   -0.000247   -36.325            1 200163.440
 746      0.959097   -0.000256   -36.351            1 200063.840
 747      0.958828   -0.000269   -36.395            1 199962.307
 748      0.958600   -0.000228   -36.385            1 199858.457
 749      0.958404   -0.000196   -36.334            1 199753.450
 750      0.958082   -0.000322   -36.445            1 199648.204
 751      0.957981   -0.000101   -36.273            1 199539.086
 752      0.957789   -0.000192   -36.216            1 199432.456
 753      0.957354   -0.000435   -36.471            1 199325.710
 754      0.957098   -0.000256   -36.498            1 199211.792
 755      0.956889   -0.000209   -36.465            1 199095.849
 756      0.956649   -0.000240   -36.471            1 198979.234
 757      0.956499   -0.000150   -36.361            1 198861.044
 758      0.956261   -0.000238   -36.364            1 198743.902
 759      0.956174   -0.000087   -36.174            1 198625.248
 760      0.955846   -0.000328   -36.290            1 198509.517
 761      0.955624   -0.000222   -36.272            1 198389.638
 762      0.955397   -0.000227   -36.260            1 198268.709
 763      0.955253   -0.000144   -36.142            1 198146.579
 764      0.954633   -0.000620   -36.631            1 198025.708
 765      0.954608   -0.000025   -36.363            1 197891.985
 766      0.954358   -0.000250   -36.381            1 197762.966
 767      0.954310   -0.000048   -36.141            1 197632.015
 768      0.953946   -0.000364   -36.303            1 197505.159
 769      0.953595   -0.000351   -36.449            1 197372.978
 770      0.953357   -0.000238   -36.451            1 197235.825
 771      0.953170   -0.000187   -36.389            1 197097.050
 772      0.952963   -0.000207   -36.352            1 196958.176
 773      0.952767   -0.000196   -36.301            1 196818.611
 774      0.952525   -0.000242   -36.307            1 196678.686
 775      0.952296   -0.000229   -36.298            1 196537.016
 776      0.952266   -0.000030   -36.035            1 196393.984
 777      0.951847   -0.000419   -36.265            1 196255.646
 778      0.951826   -0.000021   -35.991            1 196110.187
 779      0.951666   -0.000160   -35.891            1 195969.715
 780      0.951482   -0.000184   -35.821            1 195830.036
 781      0.951127   -0.000355   -35.968            1 195690.430
 782      0.950983   -0.000144   -35.848            1 195545.626
 783      0.950865   -0.000118   -35.694            1 195402.106
 784      0.950603   -0.000262   -35.722            1 195260.703
 785      0.950484   -0.000119   -35.569            1 195116.969
 786      0.950223   -0.000261   -35.594            1 194975.353
 787      0.949922   -0.000301   -35.670            1 194831.442
 788      0.949791   -0.000131   -35.532            1 194683.969
 789      0.949447   -0.000344   -35.662            1 194538.246
 790      0.949159   -0.000288   -35.721            1 194387.594
 791      0.948883   -0.000276   -35.766            1 194233.740
 792      0.948511   -0.000372   -35.932            1 194077.041
 793      0.948451   -0.000060   -35.706            1 193914.450
 794      0.948147   -0.000304   -35.786            1 193755.778
 795      0.947923   -0.000224   -35.766            1 193593.344
 796      0.947629   -0.000294   -35.833            1 193429.660
 797      0.947611   -0.000018   -35.554            1 193262.497
 798      0.947236   -0.000375   -35.722            1 193100.632
 799      0.947031   -0.000205   -35.677            1 192932.715
 800      0.946779   -0.000252   -35.690            1 192764.139
 801      0.946637   -0.000142   -35.567            1 192593.402
 802      0.946244   -0.000393   -35.755            1 192424.027
 803      0.946083   -0.000161   -35.656            1 192247.955
 804      0.945917   -0.000166   -35.562            1 192072.611
 805      0.945666   -0.000251   -35.573            1 191897.852
 806      0.945478   -0.000188   -35.506            1 191720.941
 807      0.945344   -0.000134   -35.371            1 191543.914
 808      0.945146   -0.000198   -35.314            1 191368.541
 809      0.944508   -0.000638   -35.805            1 191192.763
 810      0.944448   -0.000060   -35.580            1 191002.213
 811      0.944166   -0.000282   -35.629            1 190815.647
 812      0.944085   -0.000081   -35.429            1 190625.855
 813      0.943736   -0.000349   -35.561            1 190439.412
 814      0.943682   -0.000054   -35.327            1 190247.548
 815      0.943425   -0.000257   -35.343            1 190059.945
 816      0.943124   -0.000301   -35.414            1 189869.950
 817      0.942934   -0.000190   -35.348            1 189676.090
 818      0.942688   -0.000246   -35.350            1 189482.023
 819      0.942379   -0.000309   -35.430            1 189285.896
 820      0.942168   -0.000211   -35.390            1 189085.600
 821      0.941785   -0.000383   -35.561            1 188884.375
 822      0.941742   -0.000043   -35.315            1 188676.483
 823      0.941450   -0.000292   -35.373            1 188473.233
 824      0.941367   -0.000083   -35.175            1 188266.341
 825      0.941131   -0.000236   -35.163            1 188062.809
 826      0.940761   -0.000370   -35.316            1 187857.529
 827      0.940568   -0.000193   -35.252            1 187645.972
 828      0.940107   -0.000461   -35.517            1 187434.070
 829      0.940100   -0.000007   -35.227            1 187212.775
 830      0.939837   -0.000263   -35.248            1 186997.368
 831      0.939503   -0.000334   -35.356            1 186779.242
 832      0.939286   -0.000217   -35.322            1 186555.969
 833      0.939101   -0.000185   -35.248            1 186331.492
 834      0.938602   -0.000499   -35.557            1 186106.903
 835      0.938510   -0.000092   -35.371            1 185871.511
 836      0.938364   -0.000146   -35.250            1 185639.107
 837      0.938041   -0.000323   -35.344            1 185407.895
 838      0.937903   -0.000138   -35.213            1 185171.833
 839      0.937611   -0.000292   -35.268            1 184937.238
 840      0.937425   -0.000186   -35.195            1 184698.840
 841      0.937310   -0.000115   -35.036            1 184460.267
 842      0.936926   -0.000384   -35.201            1 184223.990
 843      0.936512   -0.000414   -35.403            1 183980.727
 844      0.936479   -0.000033   -35.145            1 183729.405
 845      0.936294   -0.000185   -35.070            1 183483.148
 846      0.935823   -0.000471   -35.339            1 183236.754
 847      0.935759   -0.000064   -35.119            1 182980.289
 848      0.935491   -0.000268   -35.143            1 182727.835
 849      0.935013   -0.000478   -35.420            1 182472.333
 850      0.934832   -0.000181   -35.341            1 182206.454
 851      0.934614   -0.000218   -35.307            1 181940.474
 852      0.934469   -0.000145   -35.184            1 181673.115
 853      0.934321   -0.000148   -35.064            1 181406.933
 854      0.934150   -0.000171   -34.971            1 181141.854
 855      0.933573   -0.000577   -35.362            1 180877.097
 856      0.933455   -0.000118   -35.208            1 180598.395
 857      0.933033   -0.000422   -35.415            1 180321.784
 858      0.932979   -0.000054   -35.184            1 180036.610
 859      0.932720   -0.000259   -35.197            1 179755.761
 860      0.932464   -0.000256   -35.205            1 179472.064
 861      0.932280   -0.000184   -35.128            1 179185.613
 862      0.932101   -0.000179   -35.044            1 178898.947
 863      0.931991   -0.000110   -34.878            1 178612.257
 864      0.931752   -0.000239   -34.864            1 178328.019
 865      0.931632   -0.000120   -34.709            1 178041.670
 866      0.931255   -0.000377   -34.856            1 177757.467
 867      0.931177   -0.000078   -34.651            1 177466.231
 868      0.930933   -0.000244   -34.640            1 177178.645
 869      0.930793   -0.000140   -34.507            1 176888.791
 870      0.930665   -0.000128   -34.359            1 176600.417
 871      0.930456   -0.000209   -34.304            1 176313.996
 872      0.930209   -0.000247   -34.294            1 176026.624
 873      0.930091   -0.000118   -34.133            1 175736.926
 874      0.929639   -0.000452   -34.361            1 175449.604
 875      0.929295   -0.000344   -34.464            1 175152.491
 876      0.929027   -0.000268   -34.479            1 174849.473
 877      0.928953   -0.000074   -34.267            1 174543.287
 878      0.928490   -0.000463   -34.508            1 174241.011
 879      0.928270   -0.000220   -34.466            1 173928.463
 880      0.928173   -0.000097   -34.282            1 173614.462
 881      0.927772   -0.000401   -34.449            1 173303.523
 882      0.927587   -0.000185   -34.366            1 172984.532
 883      0.927468   -0.000119   -34.207            1 172665.367
 884      0.927265   -0.000203   -34.143            1 172348.477
 885      0.927066   -0.000199   -34.075            1 172030.806
 886      0.926868   -0.000198   -34.004            1 171712.513
 887      0.926386   -0.000482   -34.260            1 171393.648
 888      0.926085   -0.000301   -34.309            1 171063.693
 889      0.925948   -0.000137   -34.170            1 170729.289
 890      0.925602   -0.000346   -34.269            1 170396.485
 891      0.925368   -0.000234   -34.241            1 170057.564
 892      0.925005   -0.000363   -34.360            1 169716.645
 893      0.924889   -0.000116   -34.197            1 169368.946
 894      0.924719   -0.000170   -34.095            1 169023.592
 895      0.924491   -0.000228   -34.058            1 168678.621
 896      0.924319   -0.000172   -33.956            1 168331.892
 897      0.923944   -0.000375   -34.085            1 167985.503
 898      0.923712   -0.000232   -34.052            1 167631.879
 899      0.923581   -0.000131   -33.904            1 167276.328
 900      0.923109   -0.000472   -34.141            1 166922.640
 901      0.922890   -0.000219   -34.093            1 166558.064
 902      0.922584   -0.000306   -34.143            1 166192.013
 903      0.922551   -0.000033   -33.885            1 165821.236
 904      0.922380   -0.000171   -33.781            1 165455.952
 905      0.922266   -0.000114   -33.612            1 165091.053
 906      0.921993   -0.000273   -33.620            1 164728.723
 907      0.921732   -0.000261   -33.615            1 164362.984
 908      0.921462   -0.000270   -33.619            1 163994.280
 909      0.921390   -0.000072   -33.402            1 163622.264
 910      0.921232   -0.000158   -33.280            1 163254.458
 911      0.920692   -0.000540   -33.581            1 162887.654
 912      0.920287   -0.000405   -33.734            1 162507.299
 913      0.920140   -0.000147   -33.602            1 162118.484
 914      0.919876   -0.000264   -33.598            1 161730.960
 915      0.919556   -0.000320   -33.656            1 161340.312
 916      0.919422   -0.000134   -33.509            1 160944.403
 917      0.919088   -0.000334   -33.580            1 160550.292
 918      0.918960   -0.000128   -33.426            1 160150.392
 919      0.918523   -0.000437   -33.609            1 159752.535
 920      0.918346   -0.000177   -33.509            1 159344.964
 921      0.918192   -0.000154   -33.382            1 158937.545
 922      0.917983   -0.000209   -33.315            1 158531.184
 923      0.917662   -0.000321   -33.368            1 158123.809
 924      0.917416   -0.000246   -33.341            1 157711.139
 925      0.917092   -0.000324   -33.398            1 157296.030
 926      0.916860   -0.000232   -33.354            1 156875.496
 927      0.916413   -0.000447   -33.544            1 156453.039
 928      0.916306   -0.000107   -33.366            1 156020.447
 929      0.916032   -0.000274   -33.367            1 155590.663
 930      0.915887   -0.000145   -33.230            1 155157.342
 931      0.915570   -0.000317   -33.276            1 154725.427
 932      0.915257   -0.000313   -33.317            1 154288.348
 933      0.915032   -0.000225   -33.265            1 153846.247
 934      0.914879   -0.000153   -33.134            1 153402.482
 935      0.914657   -0.000222   -33.077            1 152959.829
 936      0.914277   -0.000380   -33.187            1 152515.669
 937      0.914148   -0.000129   -33.030            1 152063.940
 938      0.913911   -0.000237   -32.987            1 151614.258
 939      0.913540   -0.000371   -33.086            1 151162.508
 940      0.913399   -0.000141   -32.941            1 150703.541
 941      0.913304   -0.000095   -32.747            1 150246.180
 942      0.913010   -0.000294   -32.761            1 149792.251
 943      0.912754   -0.000256   -32.734            1 149334.111
 944      0.912474   -0.000280   -32.733            1 148873.223
 945      0.912387   -0.000087   -32.529            1 148408.662
 946      0.912249   -0.000138   -32.376            1 147947.905
 947      0.911979   -0.000270   -32.361            1 147489.043
 948      0.911711   -0.000268   -32.342            1 147026.975
 949      0.911501   -0.000210   -32.264            1 146561.780
 950      0.911317   -0.000184   -32.157            1 146095.721
 951      0.911069   -0.000248   -32.116            1 145629.836
 952      0.910636   -0.000433   -32.264            1 145161.650
 953      0.910436   -0.000200   -32.174            1 144683.946
 954      0.910093   -0.000343   -32.229            1 144205.778
 955      0.909889   -0.000204   -32.142            1 143721.592
 956      0.909585   -0.000304   -32.157            1 143236.791
 957      0.909212   -0.000373   -32.241            1 142747.497
 958      0.908927   -0.000285   -32.236            1 142251.026
 959      0.908440   -0.000487   -32.436            1 141750.781
 960      0.908399   -0.000041   -32.184            1 141238.953
 961      0.907769   -0.000630   -32.527            1 140732.742
 962      0.907604   -0.000165   -32.401            1 140209.470
 963      0.907309   -0.000295   -32.405            1 139686.979
 964      0.907198   -0.000111   -32.225            1 139160.307
 965      0.906891   -0.000307   -32.239            1 138636.531
 966      0.906835   -0.000056   -32.002            1 138108.155
 967      0.906588   -0.000247   -31.954            1 137584.855
 968      0.906151   -0.000437   -32.094            1 137059.324
 969      0.906121   -0.000030   -31.830            1 136524.249
 970      0.905662   -0.000459   -31.989            1 135995.296
 971      0.905584   -0.000078   -31.773            1 135455.984
 972      0.905194   -0.000390   -31.862            1 134920.969
 973      0.905040   -0.000154   -31.720            1 134378.279
 974      0.904815   -0.000225   -31.645            1 133836.992
 975      0.904493   -0.000322   -31.665            1 133294.413
 976      0.904257   -0.000236   -31.601            1 132746.824
 977      0.903893   -0.000364   -31.660            1 132197.538
 978      0.903807   -0.000086   -31.449            1 131641.654
 979      0.903457   -0.000350   -31.492            1 131089.852
 980      0.903184   -0.000273   -31.461            1 130532.033
 981      0.903073   -0.000111   -31.273            1 129971.156
 982      0.902763   -0.000310   -31.275            1 129413.461
 983      0.902420   -0.000343   -31.307            1 128851.349
 984      0.902137   -0.000283   -31.283            1 128283.563
 985      0.901876   -0.000261   -31.236            1 127712.407
 986      0.901533   -0.000343   -31.267            1 127138.736
 987      0.901099   -0.000434   -31.383            1 126559.438
 988      0.900957   -0.000142   -31.224            1 125971.072
 989      0.900647   -0.000310   -31.221            1 125384.710
 990      0.900455   -0.000192   -31.108            1 124794.023
 991      0.900198   -0.000257   -31.054            1 124203.496
 992      0.899879   -0.000319   -31.057            1 123610.701
 993      0.899383   -0.000496   -31.223            1 123013.313
 994      0.899078   -0.000305   -31.214            1 122404.693
 995      0.898947   -0.000131   -31.043            1 121792.017
 996      0.898643   -0.000304   -31.029            1 121181.814
 997      0.898301   -0.000342   -31.050            1 120567.655
 998      0.898082   -0.000219   -30.958            1 119948.146
 999      0.898059   -0.000023   -30.687            1 119327.882
1000      0.897886   -0.000173   -30.549            1 118714.222
1001      0.897296   -0.000590   -30.788            1 118101.646
1002      0.897176   -0.000120   -30.603            1 117474.624
1003      0.897003   -0.000173   -30.465            1 116850.635
1004      0.896692   -0.000311   -30.449            1 116227.769
1005      0.896570   -0.000122   -30.263            1 115600.935
1006      0.896306   -0.000264   -30.203            1 114977.182
1007      0.896094   -0.000212   -30.095            1 114351.285
1008      0.895959   -0.000135   -29.918            1 113725.206
1009      0.895541   -0.000418   -29.988            1 113101.857
1010      0.895420   -0.000121   -29.798            1 112470.759
1011      0.895074   -0.000346   -29.803            1 111842.952
1012      0.894606   -0.000468   -29.914            1 111210.139
1013      0.894336   -0.000270   -29.852            1 110567.851
1014      0.894254   -0.000082   -29.627            1 109923.394
1015      0.893957   -0.000297   -29.585            1 109283.718
1016      0.893476   -0.000481   -29.701            1 108640.977
1017      0.893270   -0.000206   -29.581            1 107988.469
1018      0.892999   -0.000271   -29.515            1 107336.255
1019      0.892699   -0.000300   -29.472            1 106682.010
1020      0.892591   -0.000108   -29.267            1 106024.716
1021      0.892014   -0.000577   -29.454            1 105371.386
1022      0.891931   -0.000083   -29.228            1 104705.075
1023      0.891539   -0.000392   -29.257            1 104043.639
1024      0.891397   -0.000142   -29.078            1 103376.001
1025      0.891246   -0.000151   -28.905            1 102711.184
1026      0.890891   -0.000355   -28.899            1 102048.934
1027      0.890679   -0.000212   -28.774            1 101381.959
1028      0.890438   -0.000241   -28.671            1 100715.433
1029      0.890307   -0.000131   -28.478            1 100048.364
1030      0.890030   -0.000277   -28.401            1 99384.753
1031      0.889630   -0.000400   -28.423            1 98719.420
1032      0.889232   -0.000398   -28.443            1 98048.007
1033      0.888715   -0.000517   -28.557            1 97370.637
1034      0.888401   -0.000314   -28.508            1 96683.170
1035      0.888147   -0.000254   -28.411            1 95992.795
1036      0.887969   -0.000178   -28.252            1 95301.659
1037      0.887823   -0.000146   -28.066            1 94612.468
1038      0.887466   -0.000357   -28.044            1 93926.407
1039      0.887043   -0.000423   -28.073            1 93236.166
1040      0.886755   -0.000288   -27.996            1 92539.507
1041      0.886512   -0.000243   -27.882            1 91841.155
1042      0.886299   -0.000213   -27.745            1 91142.714
1043      0.886007   -0.000292   -27.666            1 90445.273
1044      0.885519   -0.000488   -27.735            1 89746.173
1045      0.885363   -0.000156   -27.551            1 89038.774
1046      0.885185   -0.000178   -27.383            1 88334.434
1047      0.884637   -0.000548   -27.490            1 87632.478
1048      0.884388   -0.000249   -27.374            1 86920.423
1049      0.884215   -0.000173   -27.199            1 86208.419
1050      0.883867   -0.000348   -27.152            1 85499.084
1051      0.883423   -0.000444   -27.175            1 84786.611
1052      0.883276   -0.000147   -26.979            1 84067.868
1053      0.882812   -0.000464   -27.012            1 83352.784
1054      0.882533   -0.000279   -26.909            1 82630.932
1055      0.882421   -0.000112   -26.685            1 81908.478
1056      0.882293   -0.000128   -26.471            1 81190.976
1057      0.881680   -0.000613   -26.600            1 80477.994
1058      0.881413   -0.000267   -26.483            1 79753.699
1059      0.881155   -0.000258   -26.358            1 79029.455
1060      0.881082   -0.000073   -26.101            1 78305.624
1061      0.880783   -0.000299   -26.000            1 77588.274
1062      0.880355   -0.000428   -25.987            1 76870.171
1063      0.880187   -0.000168   -25.793            1 76147.227
1064      0.879867   -0.000320   -25.701            1 75427.872
1065      0.879253   -0.000614   -25.808            1 74707.310
1066      0.879199   -0.000054   -25.535            1 73976.277
1067      0.878786   -0.000413   -25.501            1 73252.583
1068      0.878297   -0.000489   -25.516            1 72524.979
1069      0.877857   -0.000440   -25.497            1 71791.188
1070      0.877581   -0.000276   -25.369            1 71052.853
1071      0.877401   -0.000180   -25.175            1 70315.129
1072      0.877242   -0.000159   -24.966            1 69581.048
1073      0.876789   -0.000453   -24.945            1 68851.348
1074      0.876712   -0.000077   -24.680            1 68117.098
1075      0.876316   -0.000396   -24.617            1 67389.875
1076      0.875938   -0.000378   -24.540            1 66660.038
1077      0.875592   -0.000346   -24.442            1 65928.236
1078      0.875121   -0.000471   -24.420            1 65195.530
1079      0.875030   -0.000091   -24.160            1 64458.285
1080      0.874879   -0.000151   -23.934            1 63727.916
1081      0.874672   -0.000207   -23.740            1 63002.753
1082      0.874135   -0.000537   -23.745            1 62281.230
1083      0.873436   -0.000699   -23.847            1 61553.641
1084      0.873184   -0.000252   -23.678            1 60815.428
1085      0.872736   -0.000448   -23.624            1 60079.729
1086      0.872622   -0.000114   -23.370            1 59340.997
1087      0.872302   -0.000320   -23.234            1 58608.922
1088      0.871634   -0.000668   -23.299            1 57877.709
1089      0.871345   -0.000289   -23.143            1 57137.603
1090      0.871053   -0.000292   -22.987            1 56399.435
1091      0.870749   -0.000304   -22.834            1 55663.226
1092      0.870496   -0.000253   -22.651            1 54928.752
1093      0.870074   -0.000422   -22.559            1 54197.537
1094      0.869559   -0.000515   -22.517            1 53465.030
1095      0.869498   -0.000061   -22.223            1 52728.835
1096      0.868791   -0.000707   -22.278            1 52001.425
1097      0.868515   -0.000276   -22.098            1 51265.442
1098      0.868182   -0.000333   -21.946            1 50532.617
1099      0.867563   -0.000619   -21.943            1 49801.555
1100      0.867179   -0.000384   -21.814            1 49064.863
1101      0.867068   -0.000111   -21.540            1 48328.864
1102      0.866747   -0.000321   -21.371            1 47600.761
1103      0.866311   -0.000436   -21.259            1 46875.248
1104      0.865979   -0.000332   -21.090            1 46149.500
1105      0.865859   -0.000120   -20.812            1 45426.325
1106      0.865795   -0.000064   -20.503            1 44711.258
1107      0.864783   -0.001012   -20.659            1 44005.893
1108      0.864594   -0.000189   -20.410            1 43286.364
1109      0.864151   -0.000443   -20.281            1 42573.527
1110      0.864026   -0.000125   -19.996            1 41861.224
1111      0.863866   -0.000160   -19.724            1 41157.462
1112      0.862928   -0.000938   -19.814            1 40461.547
1113      0.862280   -0.000648   -19.766            1 39754.569
1114      0.861726   -0.000554   -19.672            1 39043.914
1115      0.861532   -0.000194   -19.411            1 38332.062
1116      0.861195   -0.000337   -19.211            1 37627.644
1117      0.860872   -0.000323   -19.000            1 36927.478
1118      0.860371   -0.000501   -18.865            1 36232.057
1119      0.860060   -0.000311   -18.643            1 35537.445
1120      0.859848   -0.000212   -18.375            1 34848.193
1121      0.858670   -0.001178   -18.512            1 34166.746
1122      0.858304   -0.000366   -18.306            1 33471.525
1123      0.857803   -0.000501   -18.151            1 32780.959
1124      0.857479   -0.000324   -17.920            1 32092.294
1125      0.857145   -0.000334   -17.689            1 31409.581
1126      0.856784   -0.000361   -17.465            1 30732.798
1127      0.856428   -0.000356   -17.234            1 30061.570
1128      0.856024   -0.000404   -17.017            1 29396.211
1129      0.855751   -0.000273   -16.746            1 28735.921
1130      0.855287   -0.000464   -16.542            1 28083.696
1131      0.853948   -0.001339   -16.658            1 27435.742
1132      0.853728   -0.000220   -16.359            1 26774.311
1133      0.853241   -0.000487   -16.152            1 26122.584
1134      0.853043   -0.000198   -15.838            1 25475.425
1135      0.852025   -0.001018   -15.804            1 24838.881
1136      0.851440   -0.000585   -15.617            1 24196.947
1137      0.850541   -0.000899   -15.530            1 23558.502
1138      0.849937   -0.000604   -15.339            1 22917.884
1139      0.849377   -0.000560   -15.128            1 22281.053
1140      0.848971   -0.000406   -14.862            1 21649.148
1141      0.848444   -0.000527   -14.628            1 21025.304
1142      0.848334   -0.000110   -14.258            1 20407.620
1143      0.847262   -0.001072   -14.175            1 19803.988
1144      0.846690   -0.000572   -13.935            1 19197.399
1145      0.845018   -0.001672   -14.012            1 18597.195
1146      0.844643   -0.000375   -13.708            1 17984.905
1147      0.844432   -0.000211   -13.351            1 17383.073
1148      0.843830   -0.000602   -13.094            1 16794.793
1149      0.842195   -0.001635   -13.109            1 16213.946
1150      0.841486   -0.000709   -12.871            1 15624.285
1151      0.840639   -0.000847   -12.660            1 15041.266
1152      0.840164   -0.000475   -12.347            1 14463.236
1153      0.839330   -0.000834   -12.113            1 13896.345
1154      0.837534   -0.001796   -12.102            1 13335.651
1155      0.836111   -0.001423   -11.993            1 12767.829
1156      0.834926   -0.001185   -11.819            1 12199.371
1157      0.834696   -0.000230   -11.423            1 11634.423
1158      0.833132   -0.001564   -11.305            1 11086.136
1159      0.832872   -0.000260   -10.902            1 10537.866
1160      0.830660   -0.002212   -10.884            1 10006.756
1161      0.829587   -0.001073   -10.628            1  9469.690
1162      0.827722   -0.001865   -10.510            1  8941.366
1163      0.826904   -0.000818   -10.186            1  8413.994
1164      0.826154   -0.000750    -9.836            1  7899.847
1165      0.825589   -0.000565    -9.441            1  7400.289
1166      0.824240   -0.001349    -9.159            1  6917.857
1167      0.822473   -0.001767    -8.926            1  6445.525
1168      0.821222   -0.001251    -8.597            1  5980.451
1169      0.820384   -0.000838    -8.190            1  5528.594
1170      0.817688   -0.002696    -8.015            1  5094.613
1171      0.817065   -0.000623    -7.550            1  4663.872
1172      0.815033   -0.002032    -7.234            1  4254.879
1173      0.813848   -0.001185    -6.794            1  3857.696
1174      0.811926   -0.001922    -6.405            1  3480.387
1175      0.811571   -0.000355    -5.824     0.999993  3119.108
1176      0.810973   -0.000598    -5.228      0.99989  2787.425
1177      0.808277   -0.002696    -4.767     0.999329  2486.877
1178      0.807620   -0.000657        NA           NA        NA
1179      0.804466   -0.003154        NA           NA        NA
1180      0.801210   -0.003256        NA           NA        NA
1181      0.772894   -0.028316        NA           NA        NA
1182      0.760815   -0.012079        NA           NA        NA
1183      0.758611   -0.002204        NA           NA        NA
1184      0.751803   -0.006808        NA           NA        NA
1185      0.740077   -0.011726        NA           NA        NA
1186      0.621304   -0.118773        NA           NA        NA
