parameter file: par.smartpca-grm
### THE INPUT PARAMETERS
##PARAMETER NAME: VALUE
genotypename: ../CONVERTF/qc-camgwas.ped
snpname: ../CONVERTF/qc-camgwas.map
indivname: ../CONVERTF/qc-camgwas.ped
evecoutname: qc-camgwas.evec
evaloutname: qc-camgwas.eval
altnormstyle: NO
numoutevec: 2
outlieroutname: outlier.log
familynames: NO
grmoutname: qc-camgwas-grm
grmbinary: YES
phylipoutname: qc-camgwas-phy
snpweightoutname: qc-camgwas-snpwt
deletesnpoutname: qc-camgwas-badsnps
## smartpca version: 13050
norm used

genetic distance set from physical distance
genotype file processed
number of samples used: 1295 number of snps used: 1675096
Using 4 threads, and partial sum lookup algorithm.
total number of snps killed in pass: 0  used: 1675096
number of samples after outlier removal: 1268
total number of snps killed in pass: 0  used: 1675096
number of samples after outlier removal: 1248
total number of snps killed in pass: 0  used: 1675096
number of samples after outlier removal: 1227
total number of snps killed in pass: 0  used: 1675096
number of samples after outlier removal: 1213
total number of snps killed in pass: 0  used: 1675096
number of samples after outlier removal: 1198
total number of snps killed in pass: 0  used: 1675096
grm dumped

## Tracy-Widom statistics: rows: 1198  cols: 1675096
  #N    eigenvalue  difference    twstat      p-value effect. n
   1      2.064142          NA   665.389            0 85089.329
   2      1.733145   -0.330997   418.272            0 90904.377
   3      1.686092   -0.047052   389.643            0 93857.896
   4      1.549733   -0.136360   279.943            0 96601.318
   5      1.419687   -0.130046   169.704            0 98387.098
   6      1.377889   -0.041798   134.836            0 99382.634
   7      1.345200   -0.032688   107.345 4.94066e-324 100173.481
   8      1.329578   -0.015622    94.746 4.38824e-269 100815.875
   9      1.314926   -0.014652    82.808 3.13212e-220 101395.932
  10      1.313604   -0.001322    82.811 3.06357e-220 101918.645
  11      1.309965   -0.003639    80.695 6.24902e-212 102444.586
  12      1.305161   -0.004803    77.479 1.66206e-199 102963.059
  13      1.303614   -0.001548    77.203 1.88988e-198 103468.456
  14      1.299460   -0.004154    74.520 2.69255e-188 103975.452
  15      1.296204   -0.003256    72.625 3.09213e-181 104471.915
  16      1.284416   -0.011788    62.799 4.10022e-146 104961.727
  17      1.281256   -0.003160    60.852 1.83788e-139 105405.748
  18      1.275336   -0.005921    56.309  2.3637e-124 105842.648
  19      1.273339   -0.001997    55.369 2.67401e-121 106259.910
  20      1.271581   -0.001757    54.639 6.00746e-119 106674.744
  21      1.266701   -0.004880    50.972  2.2888e-107 107088.125
  22      1.263320   -0.003382    48.668  2.6775e-100 107486.006
  23      1.262730   -0.000590    48.964 3.36829e-101 107874.845
  24      1.259709   -0.003021    46.968  3.43732e-95 108266.902
  25      1.252711   -0.006998    41.188  1.63518e-78 108651.302
  26      1.248161   -0.004550    37.662  6.85598e-69 109010.310
  27      1.246195   -0.001966    36.552  5.97528e-66 109354.568
  28      1.241757   -0.004438    33.078  4.88881e-57 109695.162
  29      1.240094   -0.001662    32.213  6.90037e-55 110021.282
  30      1.237162   -0.002932    30.126  8.05378e-50 110344.771
  31      1.234082   -0.003080    27.876  1.49508e-44 110660.076
  32      1.232216   -0.001866    26.768  4.96316e-42 110966.458
  33      1.231316   -0.000900    26.574  1.35181e-41 111269.017
  34      1.229743   -0.001573    25.731  1.01323e-39 111571.837
  35      1.225139   -0.004604    21.963   1.0299e-31 111871.993
  36      1.223847   -0.001292    21.353  1.77579e-30 112156.395
  37      1.221308   -0.002539    19.532  6.82772e-27 112439.092
  38      1.220346   -0.000962    19.219  2.71548e-26 112714.703
  39      1.219529   -0.000817    19.043  5.86796e-26 112989.879
  40      1.216304   -0.003226    16.530  2.43758e-21 113265.220
  41      1.214265   -0.002038    15.147  6.10305e-19 113530.368
  42      1.211438   -0.002827    12.985  2.10293e-15 113790.308
  43      1.210880   -0.000558    13.015  1.89191e-15 114041.621
  44      1.208838   -0.002042    11.597  2.81399e-13 114293.862
  45      1.206547   -0.002292     9.923  7.07679e-11 114540.700
  46      1.205964   -0.000582     9.907  7.45515e-11 114781.017
  47      1.204427   -0.001538     8.954  1.42408e-09 115021.997
  48      1.202203   -0.002224     7.322  5.55528e-08 115259.563
  49      1.201339   -0.000864     7.010   1.3234e-07 115490.753
  50      1.200847   -0.000492     7.061   1.1551e-07 115721.272
  51      1.199380   -0.001466     6.153  1.30711e-06 115952.690
  52      1.197610   -0.001770     4.939  2.64049e-05 116180.837
  53      1.196622   -0.000988     4.487  7.50187e-05 116404.373
  54      1.196099   -0.000523     4.490  7.45794e-05 116626.585
  55      1.194261   -0.001838     3.192   0.00117231 116849.438
  56      1.191414   -0.002847     0.887    0.0567725 117067.282
  57      1.191025   -0.000389     0.999    0.0486655 117275.770
  58      1.189616   -0.001409     0.100     0.150674 117485.299
  59      1.188347   -0.001269    -0.667     0.319883 117691.513
  60      1.187892   -0.000454    -0.630     0.309969 117894.971
  61      1.186644   -0.001249    -1.383     0.536608 118099.120
  62      1.185902   -0.000741    -1.637     0.617174 118300.551
  63      1.184895   -0.001007    -2.159     0.768672 118501.406
  64      1.183721   -0.001174    -2.850     0.910285 118700.526
  65      1.181580   -0.002141    -4.512     0.998381 118897.165
  66      1.181483   -0.000097    -4.142      0.99492 119087.140
  67      1.180344   -0.001139    -4.813     0.999435 119279.174
  68      1.179704   -0.000641    -4.990     0.999711 119468.787
  69      1.178086   -0.001617    -6.148     0.999999 119658.101
  70      1.177052   -0.001034    -6.728            1 119842.881
  71      1.176409   -0.000643    -6.919            1 120025.602
  72      1.175851   -0.000558    -7.027            1 120207.930
  73      1.175353   -0.000499    -7.076            1 120390.221
  74      1.174596   -0.000757    -7.385            1 120572.730
  75      1.173515   -0.001081    -8.023            1 120754.326
  76      1.172500   -0.001015    -8.600            1 120933.575
  77      1.171821   -0.000678    -8.841            1 121110.736
  78      1.170967   -0.000854    -9.261            1 121287.257
  79      1.170556   -0.000411    -9.236            1 121462.354
  80      1.170052   -0.000504    -9.305            1 121637.955
  81      1.168120   -0.001932   -10.822            1 121813.650
  82      1.167734   -0.000386   -10.781            1 121983.134
  83      1.167138   -0.000595   -10.953            1 122153.165
  84      1.166541   -0.000597   -11.127            1 122322.819
  85      1.165646   -0.000895   -11.607            1 122492.080
  86      1.164569   -0.001077   -12.273            1 122659.614
  87      1.164500   -0.000069   -11.918            1 122824.595
  88      1.162683   -0.001817   -13.343            1 122991.477
  89      1.162113   -0.000570   -13.505            1 123152.484
  90      1.161851   -0.000263   -13.354            1 123313.118
  91      1.161472   -0.000378   -13.320            1 123474.741
  92      1.160914   -0.000559   -13.471            1 123636.844
  93      1.160243   -0.000671   -13.739            1 123798.618
  94      1.159872   -0.000371   -13.700            1 123959.546
  95      1.159283   -0.000589   -13.885            1 124120.971
  96      1.158599   -0.000684   -14.169            1 124281.908
  97      1.157716   -0.000883   -14.660            1 124441.916
  98      1.157375   -0.000340   -14.596            1 124600.071
  99      1.156788   -0.000587   -14.786            1 124758.827
 100      1.156129   -0.000659   -15.051            1 124917.056
 101      1.155503   -0.000626   -15.284            1 125074.421
 102      1.154962   -0.000541   -15.431            1 125231.060
 103      1.154610   -0.000352   -15.383            1 125387.350
 104      1.153557   -0.001053   -16.061            1 125544.159
 105      1.152936   -0.000621   -16.295            1 125698.243
 106      1.152523   -0.000414   -16.317            1 125851.575
 107      1.151793   -0.000729   -16.666            1 126005.104
 108      1.151349   -0.000445   -16.722            1 126157.359
 109      1.150988   -0.000361   -16.692            1 126309.651
 110      1.150565   -0.000423   -16.726            1 126462.369
 111      1.150190   -0.000376   -16.712            1 126615.222
 112      1.148998   -0.001192   -17.546            1 126768.430
 113      1.148729   -0.000269   -17.425            1 126918.147
 114      1.147953   -0.000776   -17.832            1 127068.688
 115      1.146739   -0.001214   -18.697            1 127217.663
 116      1.146612   -0.000126   -18.434            1 127362.984
 117      1.146061   -0.000552   -18.613            1 127509.761
 118      1.145859   -0.000201   -18.428            1 127655.985
 119      1.145368   -0.000492   -18.546            1 127803.317
 120      1.144925   -0.000443   -18.613            1 127950.380
 121      1.144783   -0.000142   -18.366            1 128097.401
 122      1.144480   -0.000303   -18.287            1 128245.821
 123      1.143648   -0.000832   -18.760            1 128394.878
 124      1.143381   -0.000267   -18.646            1 128542.016
 125      1.143065   -0.000317   -18.582            1 128689.951
 126      1.142166   -0.000899   -19.130            1 128838.447
 127      1.141514   -0.000652   -19.421            1 128984.664
 128      1.141277   -0.000237   -19.279            1 129129.787
 129      1.140549   -0.000728   -19.651            1 129275.829
 130      1.139624   -0.000925   -20.234            1 129420.389
 131      1.139283   -0.000341   -20.205            1 129562.483
 132      1.138410   -0.000872   -20.736            1 129704.954
 133      1.138087   -0.000323   -20.692            1 129845.186
 134      1.137895   -0.000193   -20.510            1 129985.864
 135      1.137220   -0.000675   -20.836            1 130127.633
 136      1.136475   -0.000744   -21.237            1 130268.110
 137      1.135739   -0.000736   -21.632            1 130406.935
 138      1.135546   -0.000193   -21.455            1 130544.132
 139      1.135342   -0.000204   -21.289            1 130682.385
 140      1.134783   -0.000559   -21.498            1 130821.649
 141      1.134010   -0.000773   -21.935            1 130960.153
 142      1.133885   -0.000125   -21.688            1 131096.810
 143      1.133510   -0.000375   -21.705            1 131234.861
 144      1.132826   -0.000683   -22.050            1 131373.057
 145      1.132260   -0.000566   -22.272            1 131509.832
 146      1.131920   -0.000340   -22.255            1 131645.767
 147      1.131581   -0.000338   -22.236            1 131781.997
 148      1.130681   -0.000901   -22.816            1 131918.534
 149      1.130476   -0.000204   -22.658            1 132052.505
 150      1.130133   -0.000343   -22.647            1 132187.445
 151      1.129634   -0.000499   -22.803            1 132322.650
 152      1.128903   -0.000731   -23.206            1 132457.314
 153      1.128453   -0.000451   -23.313            1 132590.239
 154      1.127827   -0.000626   -23.607            1 132722.850
 155      1.127785   -0.000042   -23.280            1 132854.237
 156      1.127494   -0.000291   -23.218            1 132987.410
 157      1.127084   -0.000410   -23.283            1 133121.090
 158      1.126599   -0.000484   -23.427            1 133254.657
 159      1.126295   -0.000304   -23.380            1 133387.723
 160      1.125518   -0.000777   -23.839            1 133521.221
 161      1.125212   -0.000306   -23.796            1 133652.669
 162      1.124748   -0.000464   -23.922            1 133784.523
 163      1.124366   -0.000382   -23.962            1 133915.953
 164      1.123818   -0.000547   -24.179            1 134047.382
 165      1.123157   -0.000661   -24.519            1 134177.933
 166      1.122675   -0.000483   -24.670            1 134306.990
 167      1.122325   -0.000350   -24.680            1 134435.486
 168      1.122052   -0.000273   -24.606            1 134564.119
 169      1.121516   -0.000536   -24.815            1 134693.303
 170      1.121196   -0.000320   -24.793            1 134821.629
 171      1.120837   -0.000359   -24.813            1 134950.248
 172      1.120355   -0.000483   -24.967            1 135078.950
 173      1.119749   -0.000605   -25.254            1 135207.065
 174      1.119344   -0.000406   -25.327            1 135333.918
 175      1.118874   -0.000469   -25.470            1 135460.579
 176      1.118233   -0.000641   -25.800            1 135586.696
 177      1.118104   -0.000129   -25.577            1 135711.325
 178      1.117067   -0.001037   -26.336            1 135837.248
 179      1.116958   -0.000110   -26.095            1 135959.510
 180      1.116300   -0.000658   -26.447            1 136083.150
 181      1.115881   -0.000419   -26.541            1 136205.169
 182      1.115431   -0.000450   -26.671            1 136326.866
 183      1.115287   -0.000144   -26.468            1 136448.062
 184      1.114833   -0.000453   -26.601            1 136570.443
 185      1.114684   -0.000150   -26.405            1 136692.302
 186      1.114265   -0.000418   -26.500            1 136815.319
 187      1.113422   -0.000843   -27.058            1 136938.009
 188      1.112958   -0.000464   -27.206            1 137057.993
 189      1.112475   -0.000483   -27.376            1 137177.367
 190      1.112433   -0.000042   -27.067            1 137296.017
 191      1.111962   -0.000472   -27.224            1 137416.404
 192      1.111501   -0.000461   -27.370            1 137536.127
 193      1.111166   -0.000335   -27.380            1 137655.241
 194      1.110712   -0.000454   -27.520            1 137774.445
 195      1.110366   -0.000345   -27.543            1 137893.065
 196      1.109766   -0.000600   -27.844            1 138011.711
 197      1.109326   -0.000440   -27.972            1 138128.931
 198      1.109072   -0.000254   -27.897            1 138245.621
 199      1.108877   -0.000195   -27.757            1 138362.838
 200      1.108600   -0.000277   -27.706            1 138480.922
 201      1.108011   -0.000589   -27.998            1 138599.410
 202      1.107394   -0.000617   -28.321            1 138716.505
 203      1.107151   -0.000243   -28.236            1 138832.031
 204      1.106731   -0.000420   -28.346            1 138948.133
 205      1.106342   -0.000389   -28.421            1 139063.789
 206      1.105992   -0.000350   -28.454            1 139179.174
 207      1.105708   -0.000285   -28.416            1 139294.510
 208      1.105387   -0.000320   -28.418            1 139410.176
 209      1.105026   -0.000362   -28.464            1 139525.962
 210      1.104749   -0.000276   -28.418            1 139641.628
 211      1.104319   -0.000430   -28.540            1 139757.671
 212      1.103898   -0.000422   -28.654            1 139873.187
 213      1.103105   -0.000792   -29.177            1 139988.216
 214      1.102526   -0.000579   -29.468            1 140100.560
 215      1.102280   -0.000246   -29.393            1 140211.458
 216      1.101901   -0.000379   -29.464            1 140322.869
 217      1.101528   -0.000373   -29.530            1 140434.006
 218      1.101334   -0.000194   -29.398            1 140544.901
 219      1.101046   -0.000288   -29.370            1 140656.618
 220      1.100612   -0.000434   -29.503            1 140768.600
 221      1.100404   -0.000208   -29.387            1 140879.968
 222      1.099947   -0.000457   -29.546            1 140992.079
 223      1.099475   -0.000473   -29.723            1 141103.436
 224      1.099077   -0.000398   -29.818            1 141213.934
 225      1.098924   -0.000152   -29.642            1 141324.016
 226      1.097984   -0.000940   -30.339            1 141435.167
 227      1.097949   -0.000035   -30.035            1 141542.603
 228      1.097742   -0.000207   -29.921            1 141651.804
 229      1.097199   -0.000543   -30.179            1 141761.734
 230      1.097150   -0.000049   -29.890            1 141870.336
 231      1.096798   -0.000352   -29.936            1 141980.639
 232      1.096365   -0.000433   -30.073            1 142090.790
 233      1.095938   -0.000427   -30.204            1 142200.281
 234      1.095498   -0.000440   -30.351            1 142309.140
 235      1.095155   -0.000343   -30.390            1 142417.279
 236      1.094784   -0.000371   -30.461            1 142525.294
 237      1.094515   -0.000269   -30.418            1 142633.007
 238      1.094033   -0.000482   -30.613            1 142741.052
 239      1.093651   -0.000382   -30.697            1 142848.095
 240      1.093620   -0.000032   -30.391            1 142954.755
 241      1.093188   -0.000432   -30.530            1 143063.230
 242      1.092789   -0.000399   -30.634            1 143171.010
 243      1.092259   -0.000530   -30.885            1 143278.294
 244      1.091924   -0.000335   -30.918            1 143384.244
 245      1.091762   -0.000162   -30.760            1 143490.087
 246      1.091147   -0.000615   -31.106            1 143596.919
 247      1.090862   -0.000285   -31.085            1 143701.859
 248      1.090705   -0.000158   -30.922            1 143806.999
 249      1.090367   -0.000338   -30.960            1 143913.156
 250      1.090004   -0.000363   -31.026            1 144019.176
 251      1.089622   -0.000382   -31.115            1 144124.898
 252      1.089346   -0.000276   -31.085            1 144230.193
 253      1.089233   -0.000113   -30.872            1 144335.739
 254      1.088849   -0.000384   -30.962            1 144442.601
 255      1.088294   -0.000555   -31.245            1 144549.022
 256      1.088160   -0.000134   -31.057            1 144653.879
 257      1.087645   -0.000515   -31.295            1 144759.912
 258      1.087353   -0.000292   -31.285            1 144864.630
 259      1.087190   -0.000163   -31.130            1 144969.484
 260      1.086687   -0.000503   -31.356            1 145075.327
 261      1.086476   -0.000212   -31.255            1 145179.919
 262      1.086112   -0.000364   -31.326            1 145285.177
 263      1.085143   -0.000969   -32.079            1 145390.094
 264      1.084817   -0.000326   -32.111            1 145490.643
 265      1.084491   -0.000326   -32.144            1 145591.063
 266      1.084243   -0.000248   -32.088            1 145691.349
 267      1.083836   -0.000407   -32.213            1 145792.023
 268      1.083671   -0.000165   -32.064            1 145892.018
 269      1.083557   -0.000114   -31.857            1 145992.955
 270      1.083156   -0.000402   -31.974            1 146095.189
 271      1.082843   -0.000313   -31.992            1 146196.784
 272      1.082741   -0.000102   -31.772            1 146298.334
 273      1.082634   -0.000107   -31.556            1 146401.270
 274      1.081848   -0.000786   -32.107            1 146505.577
 275      1.081719   -0.000129   -31.918            1 146606.621
 276      1.081571   -0.000148   -31.749            1 146708.865
 277      1.081171   -0.000400   -31.865            1 146812.197
 278      1.080696   -0.000475   -32.067            1 146914.885
 279      1.080395   -0.000301   -32.073            1 147016.405
 280      1.080076   -0.000319   -32.099            1 147117.949
 281      1.079752   -0.000324   -32.131            1 147219.389
 282      1.079379   -0.000373   -32.219            1 147320.688
 283      1.078932   -0.000447   -32.392            1 147421.506
 284      1.078467   -0.000465   -32.586            1 147521.315
 285      1.078318   -0.000149   -32.422            1 147619.980
 286      1.078101   -0.000217   -32.335            1 147719.702
 287      1.077954   -0.000148   -32.168            1 147820.015
 288      1.076990   -0.000964   -32.930            1 147921.413
 289      1.076712   -0.000278   -32.915            1 148018.136
 290      1.076172   -0.000540   -33.198            1 148114.993
 291      1.075976   -0.000195   -33.090            1 148210.132
 292      1.075703   -0.000273   -33.070            1 148305.976
 293      1.075634   -0.000069   -32.817            1 148401.980
 294      1.075237   -0.000397   -32.938            1 148499.601
 295      1.074977   -0.000261   -32.904            1 148596.504
 296      1.074603   -0.000374   -32.999            1 148693.661
 297      1.074321   -0.000282   -32.988            1 148790.259
 298      1.073835   -0.000486   -33.212            1 148886.957
 299      1.073558   -0.000277   -33.198            1 148982.274
 300      1.073320   -0.000237   -33.139            1 149077.712
 301      1.072907   -0.000414   -33.281            1 149173.557
 302      1.072833   -0.000074   -33.036            1 149268.531
 303      1.072362   -0.000471   -33.243            1 149365.098
 304      1.071972   -0.000390   -33.359            1 149460.375
 305      1.071810   -0.000161   -33.214            1 149554.937
 306      1.071348   -0.000462   -33.413            1 149650.458
 307      1.071033   -0.000315   -33.444            1 149744.729
 308      1.070656   -0.000378   -33.547            1 149838.825
 309      1.070556   -0.000099   -33.332            1 149932.277
 310      1.070211   -0.000345   -33.397            1 150027.143
 311      1.069866   -0.000345   -33.463            1 150121.609
 312      1.069378   -0.000489   -33.695            1 150215.669
 313      1.069244   -0.000134   -33.520            1 150308.244
 314      1.068547   -0.000697   -33.991            1 150401.976
 315      1.068333   -0.000214   -33.910            1 150492.655
 316      1.067948   -0.000384   -34.025            1 150583.873
 317      1.067847   -0.000102   -33.815            1 150674.353
 318      1.067518   -0.000329   -33.865            1 150766.220
 319      1.067011   -0.000507   -34.121            1 150857.766
 320      1.066771   -0.000239   -34.070            1 150947.641
 321      1.066504   -0.000268   -34.051            1 151037.858
 322      1.065960   -0.000543   -34.351            1 151128.205
 323      1.065672   -0.000289   -34.358            1 151216.579
 324      1.065603   -0.000069   -34.111            1 151304.906
 325      1.065039   -0.000563   -34.435            1 151394.868
 326      1.064882   -0.000157   -34.291            1 151482.682
 327      1.064727   -0.000155   -34.143            1 151571.453
 328      1.064529   -0.000199   -34.046            1 151661.209
 329      1.063976   -0.000552   -34.357            1 151751.621
 330      1.063719   -0.000257   -34.328            1 151839.945
 331      1.063404   -0.000316   -34.367            1 151928.460
 332      1.063298   -0.000106   -34.163            1 152016.710
 333      1.062515   -0.000783   -34.743            1 152106.333
 334      1.062399   -0.000116   -34.553            1 152192.034
 335      1.061889   -0.000510   -34.818            1 152279.006
 336      1.061794   -0.000095   -34.605            1 152364.170
 337      1.061450   -0.000344   -34.678            1 152450.771
 338      1.061416   -0.000035   -34.394            1 152536.859
 339      1.060718   -0.000697   -34.877            1 152624.875
 340      1.060584   -0.000134   -34.709            1 152709.577
 341      1.060464   -0.000119   -34.524            1 152795.408
 342      1.059979   -0.000485   -34.761            1 152882.502
 343      1.059763   -0.000216   -34.688            1 152967.944
 344      1.059114   -0.000650   -35.117            1 153053.877
 345      1.058875   -0.000239   -35.073            1 153136.821
 346      1.058493   -0.000382   -35.194            1 153220.049
 347      1.058330   -0.000163   -35.061            1 153302.413
 348      1.058048   -0.000282   -35.067            1 153385.670
 349      1.057815   -0.000232   -35.014            1 153468.861
 350      1.057594   -0.000221   -34.949            1 153552.389
 351      1.057495   -0.000099   -34.741            1 153636.349
 352      1.057021   -0.000474   -34.969            1 153721.745
 353      1.056787   -0.000234   -34.918            1 153805.514
 354      1.056465   -0.000321   -34.969            1 153889.612
 355      1.055916   -0.000549   -35.285            1 153973.322
 356      1.055652   -0.000265   -35.272            1 154054.768
 357      1.055539   -0.000113   -35.082            1 154136.273
 358      1.055184   -0.000355   -35.174            1 154219.088
 359      1.054743   -0.000441   -35.366            1 154301.219
 360      1.054590   -0.000153   -35.222            1 154381.945
 361      1.054248   -0.000342   -35.300            1 154463.654
 362      1.054038   -0.000210   -35.224            1 154544.769
 363      1.053503   -0.000534   -35.526            1 154626.392
 364      1.053315   -0.000188   -35.425            1 154705.805
 365      1.053095   -0.000220   -35.361            1 154785.895
 366      1.052608   -0.000487   -35.608            1 154866.404
 367      1.052386   -0.000223   -35.548            1 154945.082
 368      1.051969   -0.000417   -35.716            1 155024.144
 369      1.051876   -0.000093   -35.505            1 155101.944
 370      1.051499   -0.000376   -35.625            1 155181.224
 371      1.051203   -0.000297   -35.652            1 155259.580
 372      1.050892   -0.000311   -35.695            1 155337.687
 373      1.050730   -0.000162   -35.565            1 155415.421
 374      1.050210   -0.000520   -35.854            1 155494.055
 375      1.050004   -0.000206   -35.776            1 155570.511
 376      1.049896   -0.000109   -35.584            1 155647.482
 377      1.049651   -0.000245   -35.551            1 155725.809
 378      1.049461   -0.000190   -35.453            1 155804.326
 379      1.049309   -0.000152   -35.310            1 155883.510
 380      1.048699   -0.000610   -35.705            1 155963.705
 381      1.048630   -0.000069   -35.466            1 156040.907
 382      1.048331   -0.000298   -35.495            1 156119.830
 383      1.047761   -0.000571   -35.844            1 156198.476
 384      1.047560   -0.000201   -35.761            1 156274.447
 385      1.047140   -0.000420   -35.935            1 156350.973
 386      1.046790   -0.000350   -36.028            1 156426.124
 387      1.046626   -0.000163   -35.902            1 156500.509
 388      1.046134   -0.000492   -36.161            1 156575.770
 389      1.045909   -0.000225   -36.109            1 156649.000
 390      1.045680   -0.000230   -36.061            1 156722.551
 391      1.045419   -0.000260   -36.049            1 156796.386
 392      1.044878   -0.000542   -36.368            1 156870.234
 393      1.044727   -0.000151   -36.229            1 156941.572
 394      1.044440   -0.000287   -36.250            1 157013.887
 395      1.044291   -0.000149   -36.108            1 157085.960
 396      1.043990   -0.000301   -36.145            1 157159.035
 397      1.043741   -0.000249   -36.121            1 157231.744
 398      1.043575   -0.000166   -36.000            1 157304.555
 399      1.043115   -0.000460   -36.223            1 157378.221
 400      1.042857   -0.000257   -36.209            1 157450.074
 401      1.042634   -0.000224   -36.156            1 157521.944
 402      1.042343   -0.000290   -36.181            1 157594.141
 403      1.042045   -0.000298   -36.216            1 157666.053
 404      1.041599   -0.000446   -36.424            1 157737.606
 405      1.041495   -0.000104   -36.231            1 157807.436
 406      1.041232   -0.000263   -36.225            1 157878.684
 407      1.041106   -0.000126   -36.057            1 157949.890
 408      1.040650   -0.000455   -36.277            1 158022.324
 409      1.040375   -0.000275   -36.285            1 158092.929
 410      1.040156   -0.000219   -36.227            1 158163.370
 411      1.039818   -0.000338   -36.310            1 158234.172
 412      1.039641   -0.000177   -36.203            1 158304.218
 413      1.039436   -0.000204   -36.127            1 158375.017
 414      1.038883   -0.000553   -36.464            1 158446.322
 415      1.038663   -0.000220   -36.408            1 158514.837
 416      1.038419   -0.000245   -36.381            1 158583.690
 417      1.038163   -0.000256   -36.368            1 158652.650
 418      1.037963   -0.000200   -36.289            1 158721.610
 419      1.037788   -0.000175   -36.179            1 158791.103
 420      1.037211   -0.000577   -36.545            1 158861.374
 421      1.036983   -0.000228   -36.499            1 158928.580
 422      1.036758   -0.000226   -36.451            1 158996.043
 423      1.036679   -0.000078   -36.228            1 159063.781
 424      1.036048   -0.000631   -36.659            1 159133.226
 425      1.035992   -0.000056   -36.410            1 159199.039
 426      1.035638   -0.000355   -36.515            1 159266.763
 427      1.035218   -0.000420   -36.697            1 159333.514
 428      1.035126   -0.000091   -36.491            1 159398.647
 429      1.034915   -0.000211   -36.426            1 159465.352
 430      1.034675   -0.000240   -36.395            1 159532.471
 431      1.034334   -0.000341   -36.484            1 159599.726
 432      1.034270   -0.000064   -36.244            1 159666.121
 433      1.033821   -0.000449   -36.460            1 159734.384
 434      1.033541   -0.000280   -36.478            1 159800.725
 435      1.033282   -0.000258   -36.469            1 159866.796
 436      1.033113   -0.000169   -36.355            1 159932.812
 437      1.032697   -0.000416   -36.533            1 159999.659
 438      1.032568   -0.000129   -36.371            1 160064.881
 439      1.032098   -0.000469   -36.613            1 160131.335
 440      1.031589   -0.000509   -36.903            1 160195.616
 441      1.031508   -0.000081   -36.687            1 160257.306
 442      1.031400   -0.000107   -36.500            1 160320.686
 443      1.031324   -0.000076   -36.275            1 160385.514
 444      1.031071   -0.000253   -36.259            1 160452.120
 445      1.030547   -0.000524   -36.566            1 160518.729
 446      1.030080   -0.000467   -36.807            1 160582.572
 447      1.029738   -0.000342   -36.901            1 160644.210
 448      1.029490   -0.000248   -36.882            1 160704.895
 449      1.029403   -0.000087   -36.673            1 160765.587
 450      1.029025   -0.000378   -36.809            1 160827.930
 451      1.028825   -0.000200   -36.733            1 160888.950
 452      1.028493   -0.000332   -36.815            1 160950.474
 453      1.027952   -0.000541   -37.146            1 161011.137
 454      1.027894   -0.000059   -36.904            1 161068.767
 455      1.027466   -0.000428   -37.100            1 161128.339
 456      1.027280   -0.000186   -37.010            1 161186.037
 457      1.026916   -0.000363   -37.131            1 161244.355
 458      1.026713   -0.000203   -37.061            1 161301.450
 459      1.026542   -0.000171   -36.953            1 161358.988
 460      1.026344   -0.000198   -36.876            1 161417.307
 461      1.025484   -0.000861   -37.589            1 161476.139
 462      1.025421   -0.000063   -37.355            1 161528.507
 463      1.025071   -0.000350   -37.462            1 161582.758
 464      1.025055   -0.000016   -37.170            1 161635.881
 465      1.024531   -0.000524   -37.485            1 161691.407
 466      1.024312   -0.000219   -37.436            1 161743.955
 467      1.024012   -0.000300   -37.483            1 161796.752
 468      1.023682   -0.000331   -37.568            1 161848.936
 469      1.023420   -0.000262   -37.571            1 161900.171
 470      1.023253   -0.000167   -37.460            1 161951.183
 471      1.023061   -0.000192   -37.380            1 162002.992
 472      1.022886   -0.000175   -37.278            1 162055.332
 473      1.022425   -0.000461   -37.518            1 162108.394
 474      1.022344   -0.000081   -37.306            1 162159.090
 475      1.022119   -0.000225   -37.264            1 162211.512
 476      1.021826   -0.000293   -37.303            1 162264.122
 477      1.021635   -0.000191   -37.220            1 162316.174
 478      1.021232   -0.000403   -37.391            1 162368.784
 479      1.020980   -0.000252   -37.383            1 162419.633
 480      1.020415   -0.000564   -37.748            1 162470.354
 481      1.020308   -0.000107   -37.567            1 162517.517
 482      1.020074   -0.000234   -37.538            1 162566.126
 483      1.019696   -0.000378   -37.681            1 162614.788
 484      1.019592   -0.000104   -37.497            1 162661.912
 485      1.019380   -0.000212   -37.441            1 162710.523
 486      1.019187   -0.000193   -37.362            1 162759.442
 487      1.018834   -0.000353   -37.474            1 162808.881
 488      1.018783   -0.000051   -37.225            1 162857.059
 489      1.018629   -0.000154   -37.098            1 162907.348
 490      1.018277   -0.000352   -37.209            1 162958.612
 491      1.018222   -0.000056   -36.964            1 163008.624
 492      1.017661   -0.000561   -37.324            1 163060.728
 493      1.017213   -0.000447   -37.550            1 163109.211
 494      1.017127   -0.000086   -37.344            1 163155.332
 495      1.016726   -0.000401   -37.514            1 163203.175
 496      1.016421   -0.000306   -37.571            1 163249.171
 497      1.016291   -0.000130   -37.418            1 163294.390
 498      1.016047   -0.000244   -37.401            1 163340.837
 499      1.015759   -0.000287   -37.435            1 163387.217
 500      1.015495   -0.000265   -37.443            1 163433.029
 501      1.015271   -0.000223   -37.402            1 163478.526
 502      1.014994   -0.000277   -37.424            1 163524.186
 503      1.014758   -0.000236   -37.397            1 163569.389
 504      1.014566   -0.000192   -37.318            1 163614.610
 505      1.014487   -0.000079   -37.103            1 163660.356
 506      1.014406   -0.000081   -36.889            1 163707.957
 507      1.013662   -0.000743   -37.469            1 163757.415
 508      1.013319   -0.000343   -37.572            1 163800.950
 509      1.013183   -0.000137   -37.427            1 163843.230
 510      1.013058   -0.000125   -37.267            1 163886.676
 511      1.012796   -0.000262   -37.271            1 163931.444
 512      1.012551   -0.000245   -37.255            1 163975.918
 513      1.012266   -0.000285   -37.288            1 164020.298
 514      1.011915   -0.000350   -37.398            1 164064.099
 515      1.011842   -0.000073   -37.177            1 164106.544
 516      1.011316   -0.000526   -37.498            1 164150.936
 517      1.011193   -0.000124   -37.338            1 164191.861
 518      1.010846   -0.000346   -37.445            1 164234.121
 519      1.010616   -0.000230   -37.412            1 164275.046
 520      1.010149   -0.000466   -37.664            1 164316.026
 521      1.010104   -0.000045   -37.410            1 164354.204
 522      1.009875   -0.000229   -37.376            1 164394.666
 523      1.009625   -0.000250   -37.366            1 164435.194
 524      1.009442   -0.000184   -37.278            1 164475.543
 525      1.009085   -0.000356   -37.397            1 164516.513
 526      1.008675   -0.000411   -37.581            1 164555.997
 527      1.008419   -0.000256   -37.581            1 164593.313
 528      1.008036   -0.000383   -37.733            1 164630.345
 529      1.007975   -0.000061   -37.498            1 164665.531
 530      1.007747   -0.000228   -37.464            1 164702.831
 531      1.007411   -0.000336   -37.560            1 164740.191
 532      1.007350   -0.000061   -37.325            1 164776.269
 533      1.006957   -0.000393   -37.488            1 164814.485
 534      1.006440   -0.000518   -37.802            1 164850.713
 535      1.006349   -0.000091   -37.604            1 164883.378
 536      1.005994   -0.000356   -37.724            1 164917.792
 537      1.005705   -0.000288   -37.764            1 164950.649
 538      1.005438   -0.000267   -37.779            1 164982.778
 539      1.005296   -0.000142   -37.642            1 165014.440
 540      1.004898   -0.000398   -37.815            1 165047.215
 541      1.004590   -0.000308   -37.879            1 165077.863
 542      1.004559   -0.000031   -37.610            1 165107.508
 543      1.004324   -0.000234   -37.584            1 165139.671
 544      1.004214   -0.000111   -37.410            1 165171.785
 545      1.003697   -0.000516   -37.723            1 165205.436
 546      1.003672   -0.000025   -37.446            1 165235.431
 547      1.003511   -0.000162   -37.332            1 165268.054
 548      1.003193   -0.000318   -37.406            1 165301.572
 549      1.002730   -0.000463   -37.655            1 165333.973
 550      1.002599   -0.000131   -37.505            1 165363.367
 551      1.002333   -0.000266   -37.518            1 165394.037
 552      1.001694   -0.000639   -37.979            1 165424.239
 553      1.001440   -0.000255   -37.981            1 165449.112
 554      1.001401   -0.000038   -37.721            1 165473.620
 555      1.000985   -0.000416   -37.916            1 165500.587
 556      1.000679   -0.000306   -37.979            1 165525.088
 557      1.000338   -0.000342   -38.085            1 165548.545
 558      1.000210   -0.000128   -37.934            1 165570.483
 559      1.000022   -0.000188   -37.856            1 165593.703
 560      0.999902   -0.000119   -37.694            1 165617.421
 561      0.999701   -0.000201   -37.630            1 165642.561
 562      0.999321   -0.000380   -37.780            1 165668.047
 563      0.999011   -0.000310   -37.848            1 165691.502
 564      0.998706   -0.000304   -37.909            1 165713.835
 565      0.998592   -0.000114   -37.742            1 165735.119
 566      0.998279   -0.000313   -37.812            1 165757.893
 567      0.998039   -0.000240   -37.796            1 165779.502
 568      0.997843   -0.000196   -37.726            1 165800.913
 569      0.997537   -0.000306   -37.788            1 165822.730
 570      0.997459   -0.000078   -37.577            1 165843.465
 571      0.997084   -0.000375   -37.722            1 165866.201
 572      0.996836   -0.000248   -37.715            1 165886.909
 573      0.996456   -0.000380   -37.867            1 165907.311
 574      0.996406   -0.000049   -37.621            1 165925.595
 575      0.996212   -0.000194   -37.548            1 165946.283
 576      0.995825   -0.000387   -37.708            1 165967.409
 577      0.995548   -0.000277   -37.736            1 165986.317
 578      0.995195   -0.000353   -37.856            1 166004.501
 579      0.995019   -0.000176   -37.762            1 166020.909
 580      0.994943   -0.000076   -37.549            1 166037.982
 581      0.994779   -0.000164   -37.440            1 166057.114
 582      0.994368   -0.000411   -37.628            1 166077.107
 583      0.994124   -0.000245   -37.616            1 166094.512
 584      0.993905   -0.000219   -37.574            1 166111.637
 585      0.993499   -0.000406   -37.757            1 166128.841
 586      0.993072   -0.000427   -37.966            1 166143.493
 587      0.992752   -0.000320   -38.047            1 166155.274
 588      0.992644   -0.000108   -37.873            1 166165.673
 589      0.992557   -0.000087   -37.673            1 166177.674
 590      0.992186   -0.000372   -37.815            1 166191.595
 591      0.992044   -0.000142   -37.681            1 166203.405
 592      0.991865   -0.000179   -37.592            1 166216.361
 593      0.991670   -0.000195   -37.521            1 166229.944
 594      0.991565   -0.000105   -37.341            1 166243.936
 595      0.990900   -0.000665   -37.835            1 166259.645
 596      0.990635   -0.000265   -37.849            1 166269.005
 597      0.990493   -0.000142   -37.716            1 166277.737
 598      0.990313   -0.000180   -37.628            1 166287.611
 599      0.989948   -0.000365   -37.762            1 166298.096
 600      0.989527   -0.000421   -37.965            1 166306.507
 601      0.989254   -0.000273   -37.990            1 166312.003
 602      0.988989   -0.000264   -38.005            1 166316.721
 603      0.988785   -0.000205   -37.948            1 166320.784
 604      0.988678   -0.000106   -37.773            1 166325.058
 605      0.988232   -0.000446   -38.006            1 166330.994
 606      0.988140   -0.000092   -37.813            1 166333.606
 607      0.987909   -0.000232   -37.788            1 166338.093
 608      0.987642   -0.000267   -37.805            1 166342.406
 609      0.987416   -0.000226   -37.773            1 166346.024
 610      0.987151   -0.000266   -37.788            1 166349.553
 611      0.986665   -0.000486   -38.069            1 166352.399
 612      0.986555   -0.000110   -37.899            1 166351.275
 613      0.986215   -0.000340   -38.004            1 166351.754
 614      0.985935   -0.000280   -38.039            1 166350.414
 615      0.985918   -0.000017   -37.756            1 166348.136
 616      0.985555   -0.000363   -37.889            1 166348.878
 617      0.984953   -0.000603   -38.311            1 166347.445
 618      0.984820   -0.000133   -38.170            1 166340.205
 619      0.984725   -0.000095   -37.983            1 166334.206
 620      0.984628   -0.000097   -37.797            1 166330.031
 621      0.983943   -0.000685   -38.318            1 166327.687
 622      0.983741   -0.000202   -38.260            1 166318.223
 623      0.983601   -0.000140   -38.127            1 166308.948
 624      0.983264   -0.000337   -38.231            1 166300.818
 625      0.983206   -0.000058   -38.000            1 166290.816
 626      0.983074   -0.000132   -37.856            1 166283.218
 627      0.982681   -0.000393   -38.025            1 166276.917
 628      0.982067   -0.000614   -38.461            1 166267.897
 629      0.982007   -0.000060   -38.234            1 166252.721
 630      0.981829   -0.000178   -38.147            1 166239.896
 631      0.981562   -0.000267   -38.167            1 166227.625
 632      0.981416   -0.000146   -38.042            1 166214.533
 633      0.981099   -0.000317   -38.121            1 166202.495
 634      0.980974   -0.000125   -37.970            1 166188.860
 635      0.980754   -0.000221   -37.933            1 166176.618
 636      0.980582   -0.000172   -37.837            1 166164.284
 637      0.980273   -0.000309   -37.906            1 166152.624
 638      0.979860   -0.000413   -38.100            1 166139.486
 639      0.979803   -0.000057   -37.867            1 166123.210
 640      0.979640   -0.000163   -37.761            1 166109.412
 641      0.979337   -0.000302   -37.821            1 166096.436
 642      0.979242   -0.000095   -37.633            1 166082.071
 643      0.978680   -0.000562   -38.004            1 166069.620
 644      0.978572   -0.000108   -37.833            1 166051.618
 645      0.978400   -0.000171   -37.736            1 166035.300
 646      0.977923   -0.000477   -38.006            1 166019.673
 647      0.977562   -0.000361   -38.139            1 165999.812
 648      0.977318   -0.000244   -38.131            1 165977.551
 649      0.976940   -0.000378   -38.284            1 165954.771
 650      0.976810   -0.000130   -38.140            1 165929.297
 651      0.976543   -0.000268   -38.161            1 165905.131
 652      0.976232   -0.000310   -38.233            1 165880.043
 653      0.976073   -0.000160   -38.125            1 165853.336
 654      0.975976   -0.000096   -37.940            1 165827.457
 655      0.975533   -0.000443   -38.171            1 165803.454
 656      0.975188   -0.000345   -38.284            1 165775.652
 657      0.974886   -0.000302   -38.347            1 165745.636
 658      0.974801   -0.000085   -38.151            1 165714.096
 659      0.974451   -0.000350   -38.270            1 165684.590
 660      0.974268   -0.000182   -38.190            1 165652.768
 661      0.974101   -0.000168   -38.091            1 165621.386
 662      0.973918   -0.000183   -38.010            1 165590.699
 663      0.973642   -0.000277   -38.041            1 165560.467
 664      0.973466   -0.000176   -37.951            1 165529.129
 665      0.973089   -0.000377   -38.102            1 165498.363
 666      0.972651   -0.000437   -38.325            1 165464.799
 667      0.972509   -0.000142   -38.197            1 165427.408
 668      0.972296   -0.000213   -38.153            1 165391.111
 669      0.972130   -0.000166   -38.053            1 165354.742
 670      0.971955   -0.000175   -37.963            1 165319.085
 671      0.971712   -0.000243   -37.953            1 165283.998
 672      0.971317   -0.000395   -38.124            1 165248.345
 673      0.971109   -0.000208   -38.074            1 165209.533
 674      0.970943   -0.000167   -37.974            1 165170.722
 675      0.970687   -0.000256   -37.979            1 165132.622
 676      0.970337   -0.000350   -38.098            1 165093.719
 677      0.970176   -0.000161   -37.991            1 165052.382
 678      0.969810   -0.000366   -38.129            1 165011.850
 679      0.969670   -0.000140   -37.997            1 164968.589
 680      0.969258   -0.000412   -38.190            1 164926.493
 681      0.969114   -0.000144   -38.063            1 164880.861
 682      0.968870   -0.000244   -38.056            1 164836.314
 683      0.968697   -0.000173   -37.964            1 164791.118
 684      0.968607   -0.000090   -37.772            1 164746.510
 685      0.968302   -0.000305   -37.835            1 164703.958
 686      0.968122   -0.000179   -37.749            1 164659.720
 687      0.967774   -0.000349   -37.864            1 164615.986
 688      0.967589   -0.000185   -37.785            1 164569.782
 689      0.967272   -0.000316   -37.862            1 164523.974
 690      0.967066   -0.000206   -37.808            1 164476.250
 691      0.966893   -0.000173   -37.714            1 164428.541
 692      0.966695   -0.000198   -37.650            1 164381.449
 693      0.966356   -0.000339   -37.752            1 164334.534
 694      0.965850   -0.000506   -38.055            1 164285.289
 695      0.965659   -0.000191   -37.984            1 164230.703
 696      0.965531   -0.000128   -37.838            1 164176.367
 697      0.965193   -0.000338   -37.940            1 164123.425
 698      0.965017   -0.000176   -37.851            1 164068.120
 699      0.964793   -0.000224   -37.819            1 164013.344
 700      0.964506   -0.000287   -37.860            1 163958.235
 701      0.964105   -0.000401   -38.037            1 163901.663
 702      0.963986   -0.000119   -37.881            1 163841.556
 703      0.963490   -0.000496   -38.171            1 163782.992
 704      0.963394   -0.000096   -37.988            1 163719.150
 705      0.963188   -0.000207   -37.936            1 163657.250
 706      0.962958   -0.000229   -37.910            1 163595.299
 707      0.962600   -0.000358   -38.037            1 163532.893
 708      0.962286   -0.000314   -38.112            1 163467.662
 709      0.962072   -0.000214   -38.069            1 163400.398
 710      0.961730   -0.000342   -38.176            1 163332.923
 711      0.961207   -0.000523   -38.499            1 163262.891
 712      0.961163   -0.000044   -38.258            1 163186.954
 713      0.961078   -0.000085   -38.063            1 163113.868
 714      0.960854   -0.000224   -38.031            1 163042.923
 715      0.960695   -0.000159   -37.923            1 162971.575
 716      0.960344   -0.000351   -38.040            1 162901.025
 717      0.960007   -0.000337   -38.142            1 162827.718
 718      0.959857   -0.000151   -38.024            1 162751.890
 719      0.959586   -0.000271   -38.047            1 162677.003
 720      0.959304   -0.000282   -38.084            1 162600.824
 721      0.959200   -0.000104   -37.911            1 162523.131
 722      0.959139   -0.000061   -37.687            1 162447.259
 723      0.958887   -0.000252   -37.686            1 162374.045
 724      0.958384   -0.000503   -37.980            1 162299.917
 725      0.958212   -0.000173   -37.887            1 162220.108
 726      0.958015   -0.000196   -37.822            1 162140.835
 727      0.957694   -0.000321   -37.904            1 162061.657
 728      0.957391   -0.000303   -37.964            1 161980.200
 729      0.957231   -0.000160   -37.857            1 161896.797
 730      0.956712   -0.000518   -38.169            1 161814.158
 731      0.956468   -0.000244   -38.162            1 161725.450
 732      0.956318   -0.000150   -38.045            1 161635.871
 733      0.956097   -0.000221   -38.009            1 161547.215
 734      0.956023   -0.000074   -37.801            1 161458.143
 735      0.955730   -0.000293   -37.849            1 161371.491
 736      0.955616   -0.000114   -37.687            1 161283.050
 737      0.955161   -0.000455   -37.923            1 161196.283
 738      0.954937   -0.000224   -37.890            1 161104.581
 739      0.954693   -0.000245   -37.882            1 161012.405
 740      0.954642   -0.000050   -37.646            1 160919.340
 741      0.954427   -0.000215   -37.602            1 160829.192
 742      0.954077   -0.000350   -37.715            1 160738.759
 743      0.953640   -0.000437   -37.929            1 160645.393
 744      0.953551   -0.000088   -37.738            1 160547.366
 745      0.953445   -0.000106   -37.567            1 160451.504
 746      0.953121   -0.000324   -37.649            1 160357.493
 747      0.952825   -0.000296   -37.698            1 160261.027
 748      0.952607   -0.000218   -37.657            1 160162.659
 749      0.952434   -0.000173   -37.564            1 160063.916
 750      0.952065   -0.000370   -37.698            1 159965.701
 751      0.951851   -0.000213   -37.652            1 159864.101
 752      0.951752   -0.000099   -37.472            1 159762.209
 753      0.951419   -0.000333   -37.563            1 159662.327
 754      0.951085   -0.000334   -37.656            1 159559.767
 755      0.950963   -0.000121   -37.503            1 159454.491
 756      0.950739   -0.000225   -37.468            1 159350.772
 757      0.950479   -0.000260   -37.474            1 159246.545
 758      0.950127   -0.000352   -37.587            1 159141.094
 759      0.949847   -0.000279   -37.616            1 159032.546
 760      0.949490   -0.000358   -37.736            1 158922.356
 761      0.949133   -0.000357   -37.856            1 158808.920
 762      0.948850   -0.000283   -37.890            1 158692.233
 763      0.948733   -0.000117   -37.734            1 158573.777
 764      0.948608   -0.000124   -37.584            1 158456.916
 765      0.948316   -0.000292   -37.628            1 158341.535
 766      0.948103   -0.000213   -37.580            1 158224.206
 767      0.947846   -0.000257   -37.583            1 158106.539
 768      0.947531   -0.000315   -37.652            1 157987.648
 769      0.947300   -0.000231   -37.626            1 157866.324
 770      0.947174   -0.000127   -37.478            1 157744.280
 771      0.946869   -0.000305   -37.535            1 157623.680
 772      0.946752   -0.000117   -37.377            1 157500.852
 773      0.946715   -0.000036   -37.124            1 157379.670
 774      0.946377   -0.000339   -37.218            1 157261.863
 775      0.945846   -0.000530   -37.532            1 157141.139
 776      0.945565   -0.000281   -37.562            1 157013.469
 777      0.945374   -0.000191   -37.488            1 156884.011
 778      0.945205   -0.000169   -37.389            1 156754.645
 779      0.944982   -0.000224   -37.352            1 156625.854
 780      0.944888   -0.000093   -37.165            1 156496.494
 781      0.944572   -0.000316   -37.232            1 156369.318
 782      0.944412   -0.000159   -37.121            1 156239.631
 783      0.943938   -0.000475   -37.369            1 156110.749
 784      0.943830   -0.000108   -37.199            1 155975.981
 785      0.943669   -0.000161   -37.089            1 155843.087
 786      0.943452   -0.000217   -37.042            1 155710.966
 787      0.943290   -0.000162   -36.932            1 155578.434
 788      0.943094   -0.000196   -36.860            1 155446.669
 789      0.942886   -0.000208   -36.802            1 155314.956
 790      0.942381   -0.000504   -37.080            1 155183.040
 791      0.942131   -0.000250   -37.070            1 155044.536
 792      0.941750   -0.000381   -37.209            1 154904.885
 793      0.941502   -0.000249   -37.199            1 154761.260
 794      0.941356   -0.000146   -37.072            1 154616.487
 795      0.941276   -0.000080   -36.869            1 154472.787
 796      0.940978   -0.000298   -36.912            1 154331.619
 797      0.940650   -0.000328   -36.990            1 154188.260
 798      0.940493   -0.000157   -36.874            1 154042.037
 799      0.940287   -0.000206   -36.813            1 153896.684
 800      0.939973   -0.000314   -36.873            1 153751.130
 801      0.939683   -0.000290   -36.908            1 153603.017
 802      0.939320   -0.000363   -37.024            1 153452.846
 803      0.939013   -0.000307   -37.077            1 153299.009
 804      0.938609   -0.000403   -37.240            1 153142.715
 805      0.938470   -0.000139   -37.105            1 152981.830
 806      0.938199   -0.000271   -37.119            1 152822.137
 807      0.938062   -0.000137   -36.981            1 152660.751
 808      0.937752   -0.000311   -37.038            1 152500.620
 809      0.937575   -0.000176   -36.944            1 152337.921
 810      0.937431   -0.000145   -36.814            1 152175.620
 811      0.937344   -0.000087   -36.619            1 152014.433
 812      0.937077   -0.000267   -36.624            1 151855.673
 813      0.936897   -0.000180   -36.532            1 151695.345
 814      0.936433   -0.000464   -36.757            1 151535.383
 815      0.935937   -0.000496   -37.018            1 151369.426
 816      0.935868   -0.000069   -36.804            1 151196.717
 817      0.935776   -0.000092   -36.615            1 151026.798
 818      0.935484   -0.000292   -36.648            1 150859.189
 819      0.935301   -0.000183   -36.559            1 150689.400
 820      0.934740   -0.000561   -36.890            1 150519.901
 821      0.934449   -0.000291   -36.923            1 150342.133
 822      0.934351   -0.000098   -36.741            1 150162.159
 823      0.934272   -0.000079   -36.537            1 149984.335
 824      0.933998   -0.000274   -36.548            1 149809.127
 825      0.933878   -0.000121   -36.390            1 149632.126
 826      0.933431   -0.000446   -36.591            1 149456.832
 827      0.933161   -0.000270   -36.597            1 149275.802
 828      0.932779   -0.000382   -36.729            1 149093.047
 829      0.932633   -0.000146   -36.599            1 148905.979
 830      0.932491   -0.000142   -36.464            1 148719.994
 831      0.932268   -0.000223   -36.418            1 148535.208
 832      0.931823   -0.000445   -36.616            1 148349.768
 833      0.931640   -0.000183   -36.527            1 148158.554
 834      0.931327   -0.000313   -36.580            1 147967.575
 835      0.931128   -0.000199   -36.509            1 147773.834
 836      0.930840   -0.000288   -36.533            1 147579.948
 837      0.930588   -0.000252   -36.519            1 147383.880
 838      0.930546   -0.000042   -36.275            1 147186.448
 839      0.929993   -0.000552   -36.587            1 146992.531
 840      0.929978   -0.000015   -36.314            1 146790.275
 841      0.929533   -0.000446   -36.509            1 146592.156
 842      0.929210   -0.000323   -36.572            1 146388.157
 843      0.929103   -0.000107   -36.398            1 146181.119
 844      0.928941   -0.000162   -36.285            1 145976.074
 845      0.928481   -0.000460   -36.494            1 145771.755
 846      0.928411   -0.000070   -36.280            1 145561.184
 847      0.928286   -0.000126   -36.126            1 145353.490
 848      0.928004   -0.000281   -36.140            1 145147.401
 849      0.927598   -0.000406   -36.289            1 144939.255
 850      0.927261   -0.000337   -36.364            1 144726.090
 851      0.927090   -0.000171   -36.260            1 144509.511
 852      0.926786   -0.000304   -36.298            1 144293.438
 853      0.926557   -0.000229   -36.256            1 144074.722
 854      0.926036   -0.000521   -36.528            1 143855.132
 855      0.925865   -0.000171   -36.425            1 143627.754
 856      0.925512   -0.000353   -36.516            1 143400.832
 857      0.925248   -0.000264   -36.513            1 143170.061
 858      0.925016   -0.000232   -36.475            1 142937.523
 859      0.924801   -0.000215   -36.418            1 142703.970
 860      0.924545   -0.000256   -36.405            1 142469.824
 861      0.924247   -0.000298   -36.436            1 142234.120
 862      0.924186   -0.000061   -36.214            1 141995.841
 863      0.923803   -0.000383   -36.335            1 141760.638
 864      0.923566   -0.000237   -36.301            1 141520.839
 865      0.923210   -0.000356   -36.393            1 141279.911
 866      0.923004   -0.000206   -36.325            1 141035.017
 867      0.922859   -0.000144   -36.192            1 140789.726
 868      0.922569   -0.000290   -36.212            1 140545.527
 869      0.922313   -0.000256   -36.196            1 140298.923
 870      0.922199   -0.000114   -36.029            1 140050.748
 871      0.921874   -0.000326   -36.086            1 139804.422
 872      0.921495   -0.000379   -36.199            1 139554.851
 873      0.921333   -0.000162   -36.083            1 139300.718
 874      0.920912   -0.000421   -36.240            1 139047.270
 875      0.920768   -0.000144   -36.105            1 138788.236
 876      0.920452   -0.000316   -36.150            1 138530.303
 877      0.920257   -0.000195   -36.069            1 138269.323
 878      0.919959   -0.000298   -36.095            1 138008.208
 879      0.919752   -0.000207   -36.026            1 137744.467
 880      0.919518   -0.000234   -35.984            1 137480.303
 881      0.919329   -0.000188   -35.894            1 137215.067
 882      0.919292   -0.000038   -35.646            1 136949.881
 883      0.918644   -0.000648   -36.034            1 136688.455
 884      0.918567   -0.000076   -35.827            1 136415.865
 885      0.918265   -0.000302   -35.855            1 136146.044
 886      0.918058   -0.000207   -35.783            1 135873.501
 887      0.917829   -0.000229   -35.734            1 135600.551
 888      0.917532   -0.000298   -35.755            1 135326.668
 889      0.917422   -0.000109   -35.581            1 135050.165
 890      0.916837   -0.000586   -35.899            1 134775.678
 891      0.916791   -0.000046   -35.661            1 134491.492
 892      0.916398   -0.000392   -35.778            1 134210.845
 893      0.916088   -0.000311   -35.812            1 133925.236
 894      0.915965   -0.000123   -35.653            1 133636.658
 895      0.915747   -0.000218   -35.591            1 133349.735
 896      0.915546   -0.000201   -35.510            1 133062.131
 897      0.915274   -0.000272   -35.502            1 132774.293
 898      0.915090   -0.000184   -35.403            1 132484.454
 899      0.914804   -0.000286   -35.408            1 132194.809
 900      0.914501   -0.000303   -35.430            1 131902.824
 901      0.914378   -0.000122   -35.268            1 131608.076
 902      0.914065   -0.000313   -35.298            1 131315.059
 903      0.913763   -0.000302   -35.318            1 131019.042
 904      0.913582   -0.000181   -35.214            1 130720.295
 905      0.913530   -0.000053   -34.980            1 130421.833
 906      0.912966   -0.000564   -35.262            1 130126.884
 907      0.912845   -0.000120   -35.096            1 129822.676
 908      0.912513   -0.000332   -35.143            1 129520.276
 909      0.912245   -0.000268   -35.126            1 129214.397
 910      0.911931   -0.000315   -35.155            1 128906.640
 911      0.911626   -0.000305   -35.174            1 128595.829
 912      0.911377   -0.000249   -35.138            1 128282.209
 913      0.911101   -0.000276   -35.127            1 127967.164
 914      0.910712   -0.000389   -35.230            1 127650.030
 915      0.910402   -0.000310   -35.254            1 127327.961
 916      0.910285   -0.000117   -35.086            1 127002.932
 917      0.909801   -0.000484   -35.281            1 126679.752
 918      0.909628   -0.000173   -35.168            1 126349.276
 919      0.909457   -0.000172   -35.053            1 126019.252
 920      0.909218   -0.000239   -35.004            1 125689.724
 921      0.909115   -0.000103   -34.820            1 125359.022
 922      0.908778   -0.000337   -34.866            1 125030.577
 923      0.908315   -0.000462   -35.035            1 124698.516
 924      0.908231   -0.000084   -34.833            1 124359.695
 925      0.907991   -0.000240   -34.783            1 124023.581
 926      0.907913   -0.000078   -34.573            1 123686.291
 927      0.907608   -0.000305   -34.584            1 123351.926
 928      0.907142   -0.000466   -34.752            1 123014.786
 929      0.906892   -0.000249   -34.710            1 122670.794
 930      0.906684   -0.000208   -34.626            1 122325.397
 931      0.906298   -0.000387   -34.716            1 121979.645
 932      0.906129   -0.000168   -34.594            1 121629.046
 933      0.905972   -0.000157   -34.460            1 121279.082
 934      0.905751   -0.000221   -34.388            1 120930.065
 935      0.905508   -0.000243   -34.335            1 120580.389
 936      0.904962   -0.000546   -34.573            1 120229.518
 937      0.904849   -0.000114   -34.397            1 119869.812
 938      0.904543   -0.000305   -34.404            1 119512.143
 939      0.904323   -0.000220   -34.329            1 119151.697
 940      0.903880   -0.000444   -34.466            1 118790.634
 941      0.903700   -0.000180   -34.353            1 118423.317
 942      0.903603   -0.000096   -34.160            1 118056.376
 943      0.903310   -0.000294   -34.152            1 117691.945
 944      0.902903   -0.000407   -34.251            1 117325.068
 945      0.902439   -0.000463   -34.404            1 116952.878
 946      0.902315   -0.000124   -34.238            1 116573.952
 947      0.901814   -0.000501   -34.424            1 116196.805
 948      0.901767   -0.000047   -34.186            1 115811.996
 949      0.901429   -0.000338   -34.218            1 115430.888
 950      0.901221   -0.000208   -34.128            1 115046.216
 951      0.900922   -0.000299   -34.123            1 114661.246
 952      0.900859   -0.000063   -33.897            1 114273.707
 953      0.900501   -0.000358   -33.944            1 113889.539
 954      0.900258   -0.000243   -33.885            1 113501.345
 955      0.899912   -0.000345   -33.919            1 113112.018
 956      0.899865   -0.000047   -33.678            1 112718.996
 957      0.899451   -0.000414   -33.773            1 112329.790
 958      0.899282   -0.000169   -33.644            1 111935.181
 959      0.898961   -0.000321   -33.652            1 111541.343
 960      0.898580   -0.000381   -33.715            1 111144.455
 961      0.898412   -0.000168   -33.584            1 110743.020
 962      0.898043   -0.000369   -33.635            1 110342.394
 963      0.897926   -0.000117   -33.456            1 109937.526
 964      0.897472   -0.000455   -33.582            1 109534.762
 965      0.897314   -0.000158   -33.441            1 109125.637
 966      0.897216   -0.000098   -33.244            1 108717.589
 967      0.896705   -0.000511   -33.417            1 108312.168
 968      0.896572   -0.000133   -33.251            1 107899.015
 969      0.896393   -0.000180   -33.126            1 107487.600
 970      0.896127   -0.000266   -33.077            1 107076.786
 971      0.895832   -0.000295   -33.054            1 106664.428
 972      0.895561   -0.000271   -33.008            1 106249.798
 973      0.895108   -0.000453   -33.123            1 105833.515
 974      0.895061   -0.000047   -32.880            1 105411.022
 975      0.894511   -0.000551   -33.079            1 104992.488
 976      0.894220   -0.000291   -33.049            1 104565.326
 977      0.893989   -0.000231   -32.967            1 104136.029
 978      0.893518   -0.000471   -33.094            1 103706.093
 979      0.893341   -0.000177   -32.964            1 103269.565
 980      0.893297   -0.000045   -32.719            1 102833.735
 981      0.892917   -0.000380   -32.762            1 102401.931
 982      0.892771   -0.000146   -32.603            1 101965.853
 983      0.892347   -0.000424   -32.683            1 101531.327
 984      0.892102   -0.000245   -32.608            1 101091.449
 985      0.891767   -0.000336   -32.611            1 100650.674
 986      0.891564   -0.000203   -32.499            1 100206.770
 987      0.891380   -0.000185   -32.371            1 99763.032
 988      0.891174   -0.000206   -32.259            1 99319.937
 989      0.890857   -0.000317   -32.241            1 98876.989
 990      0.890662   -0.000195   -32.120            1 98431.455
 991      0.890468   -0.000193   -31.995            1 97986.356
 992      0.890056   -0.000413   -32.055            1 97541.775
 993      0.889800   -0.000256   -31.982            1 97092.281
 994      0.889078   -0.000722   -32.300            1 96641.778
 995      0.889015   -0.000063   -32.067            1 96178.794
 996      0.888742   -0.000273   -32.007            1 95719.501
 997      0.888530   -0.000213   -31.897            1 95258.797
 998      0.888373   -0.000157   -31.740            1 94798.170
 999      0.887845   -0.000528   -31.888            1 94339.019
1000      0.887339   -0.000506   -32.017            1 93872.279
1001      0.887177   -0.000163   -31.865            1 93398.521
1002      0.886894   -0.000282   -31.810            1 92926.073
1003      0.886742   -0.000153   -31.648            1 92452.067
1004      0.886382   -0.000359   -31.653            1 91979.660
1005      0.885946   -0.000436   -31.720            1 91503.874
1006      0.885572   -0.000374   -31.735            1 91022.883
1007      0.885506   -0.000066   -31.503            1 90538.198
1008      0.885415   -0.000091   -31.289            1 90057.229
1009      0.884732   -0.000683   -31.547            1 89579.424
1010      0.884584   -0.000148   -31.379            1 89090.604
1011      0.884190   -0.000395   -31.405            1 88603.570
1012      0.884010   -0.000180   -31.261            1 88112.474
1013      0.883785   -0.000225   -31.151            1 87622.440
1014      0.883531   -0.000254   -31.063            1 87132.441
1015      0.883314   -0.000218   -30.945            1 86641.808
1016      0.883163   -0.000151   -30.774            1 86151.426
1017      0.882846   -0.000317   -30.732            1 85662.921
1018      0.882670   -0.000176   -30.579            1 85172.363
1019      0.882341   -0.000328   -30.542            1 84683.134
1020      0.882021   -0.000320   -30.498            1 84191.644
1021      0.881711   -0.000310   -30.445            1 83698.107
1022      0.881536   -0.000175   -30.289            1 83202.800
1023      0.881453   -0.000083   -30.061            1 82708.925
1024      0.881086   -0.000367   -30.046            1 82218.713
1025      0.880529   -0.000557   -30.175            1 81725.479
1026      0.880122   -0.000407   -30.190            1 81224.765
1027      0.880054   -0.000068   -29.950            1 80720.136
1028      0.879638   -0.000416   -29.969            1 80219.543
1029      0.879261   -0.000377   -29.957            1 79714.881
1030      0.878802   -0.000459   -30.007            1 79207.104
1031      0.878609   -0.000193   -29.858            1 78694.333
1032      0.878109   -0.000500   -29.934            1 78182.741
1033      0.877701   -0.000408   -29.942            1 77665.305
1034      0.877537   -0.000164   -29.772            1 77144.175
1035      0.877176   -0.000361   -29.743            1 76624.919
1036      0.876998   -0.000178   -29.581            1 76103.104
1037      0.876692   -0.000306   -29.509            1 75582.900
1038      0.876633   -0.000059   -29.260            1 75061.460
1039      0.876102   -0.000532   -29.346            1 74544.411
1040      0.875899   -0.000203   -29.197            1 74021.096
1041      0.875321   -0.000578   -29.313            1 73498.965
1042      0.875104   -0.000217   -29.173            1 72969.643
1043      0.874944   -0.000160   -28.993            1 72441.225
1044      0.874675   -0.000270   -28.887            1 71915.020
1045      0.874468   -0.000207   -28.737            1 71388.620
1046      0.874169   -0.000299   -28.648            1 70863.462
1047      0.873899   -0.000270   -28.539            1 70337.548
1048      0.873788   -0.000111   -28.319            1 69811.550
1049      0.873377   -0.000411   -28.302            1 69289.043
1050      0.872922   -0.000455   -28.314            1 68763.421
1051      0.872808   -0.000115   -28.095            1 68233.754
1052      0.872440   -0.000367   -28.044            1 67707.563
1053      0.872136   -0.000304   -27.949            1 67179.347
1054      0.871733   -0.000403   -27.919            1 66650.536
1055      0.871582   -0.000152   -27.721            1 66119.004
1056      0.871016   -0.000566   -27.795            1 65590.263
1057      0.870685   -0.000330   -27.713            1 65055.379
1058      0.870582   -0.000104   -27.482            1 64519.479
1059      0.870180   -0.000402   -27.443            1 63987.485
1060      0.869900   -0.000280   -27.323            1 63453.043
1061      0.869522   -0.000378   -27.266            1 62918.806
1062      0.868978   -0.000544   -27.313            1 62382.723
1063      0.868761   -0.000217   -27.151            1 61841.332
1064      0.868372   -0.000389   -27.096            1 61301.579
1065      0.867893   -0.000479   -27.096            1 60759.911
1066      0.867540   -0.000353   -27.016            1 60214.502
1067      0.867490   -0.000050   -26.746            1 59668.021
1068      0.866972   -0.000518   -26.765            1 59126.779
1069      0.866643   -0.000329   -26.665            1 58581.158
1070      0.866567   -0.000077   -26.408            1 58035.124
1071      0.866219   -0.000347   -26.315            1 57493.895
1072      0.866165   -0.000055   -26.043            1 56951.985
1073      0.865844   -0.000320   -25.929            1 56415.435
1074      0.865192   -0.000652   -26.011            1 55878.873
1075      0.865138   -0.000055   -25.737            1 55335.596
1076      0.864899   -0.000238   -25.570            1 54797.778
1077      0.864289   -0.000610   -25.619            1 54261.767
1078      0.864006   -0.000283   -25.475            1 53720.117
1079      0.863517   -0.000489   -25.450            1 53179.458
1080      0.863258   -0.000259   -25.290            1 52635.737
1081      0.862739   -0.000519   -25.277            1 52093.592
1082      0.862391   -0.000348   -25.165            1 51547.941
1083      0.861865   -0.000526   -25.152            1 51002.218
1084      0.861749   -0.000116   -24.907            1 50453.034
1085      0.861508   -0.000241   -24.730            1 49908.396
1086      0.861046   -0.000462   -24.673            1 49365.945
1087      0.860890   -0.000157   -24.446            1 48821.481
1088      0.860652   -0.000238   -24.261            1 48280.941
1089      0.860340   -0.000312   -24.114            1 47742.842
1090      0.860159   -0.000181   -23.894            1 47205.827
1091      0.859775   -0.000384   -23.781            1 46672.481
1092      0.859376   -0.000399   -23.674            1 46138.978
1093      0.859009   -0.000367   -23.548            1 45605.099
1094      0.858724   -0.000284   -23.376            1 45071.537
1095      0.858372   -0.000353   -23.238            1 44539.920
1096      0.857777   -0.000595   -23.222            1 44009.034
1097      0.857115   -0.000662   -23.240            1 43474.423
1098      0.856905   -0.000209   -23.025            1 42934.966
1099      0.856385   -0.000520   -22.964            1 42399.078
1100      0.856226   -0.000160   -22.720            1 41861.147
1101      0.855935   -0.000290   -22.539            1 41327.822
1102      0.855026   -0.000909   -22.661            1 40796.813
1103      0.854903   -0.000123   -22.396            1 40257.051
1104      0.854468   -0.000434   -22.280            1 39722.703
1105      0.853963   -0.000505   -22.195            1 39188.317
1106      0.853558   -0.000405   -22.060            1 38652.740
1107      0.853090   -0.000468   -21.953            1 38117.829
1108      0.852694   -0.000396   -21.809            1 37582.571
1109      0.852540   -0.000154   -21.549            1 37048.309
1110      0.852386   -0.000155   -21.286            1 36519.324
1111      0.851449   -0.000937   -21.380            1 35995.708
1112      0.851157   -0.000292   -21.178            1 35464.115
1113      0.850904   -0.000252   -20.956            1 34935.667
1114      0.850285   -0.000619   -20.894            1 34411.128
1115      0.849777   -0.000508   -20.780            1 33884.427
1116      0.849599   -0.000179   -20.519            1 33357.546
1117      0.849313   -0.000286   -20.302            1 32836.050
1118      0.848725   -0.000588   -20.211            1 32318.276
1119      0.848250   -0.000475   -20.069            1 31799.341
1120      0.848073   -0.000177   -19.799            1 31281.220
1121      0.847915   -0.000157   -19.516            1 30768.875
1122      0.847316   -0.000600   -19.413            1 30262.769
1123      0.846588   -0.000727   -19.359            1 29755.815
1124      0.845964   -0.000625   -19.260            1 29246.118
1125      0.845613   -0.000351   -19.049            1 28735.473
1126      0.845381   -0.000232   -18.786            1 28228.333
1127      0.845024   -0.000356   -18.569            1 27726.701
1128      0.844877   -0.000148   -18.267            1 27228.755
1129      0.844348   -0.000529   -18.107            1 26737.920
1130      0.843336   -0.001012   -18.126            1 26248.355
1131      0.842568   -0.000768   -18.051            1 25752.721
1132      0.842201   -0.000366   -17.823            1 25255.004
1133      0.842004   -0.000197   -17.529            1 24761.446
1134      0.840986   -0.001018   -17.528            1 24274.754
1135      0.840591   -0.000395   -17.300            1 23782.774
1136      0.840541   -0.000050   -16.946            1 23294.949
1137      0.839707   -0.000834   -16.861            1 22816.549
1138      0.839358   -0.000349   -16.604            1 22336.188
1139      0.838848   -0.000510   -16.397            1 21861.150
1140      0.838477   -0.000371   -16.139            1 21389.264
1141      0.837854   -0.000623   -15.960            1 20922.739
1142      0.837453   -0.000401   -15.702            1 20458.115
1143      0.837160   -0.000293   -15.405            1 19998.799
1144      0.836810   -0.000350   -15.120            1 19546.565
1145      0.835967   -0.000843   -14.983            1 19100.841
1146      0.835675   -0.000291   -14.671            1 18654.749
1147      0.834000   -0.001675   -14.774            1 18216.446
1148      0.833322   -0.000679   -14.574            1 17766.520
1149      0.832880   -0.000442   -14.298            1 17319.254
1150      0.831748   -0.001132   -14.216            1 16878.167
1151      0.831291   -0.000457   -13.935            1 16434.059
1152      0.830617   -0.000674   -13.709            1 15996.386
1153      0.829859   -0.000758   -13.499            1 15562.493
1154      0.829460   -0.000399   -13.184            1 15131.544
1155      0.828828   -0.000632   -12.924            1 14708.669
1156      0.828462   -0.000366   -12.586            1 14291.100
1157      0.827652   -0.000810   -12.354            1 13882.785
1158      0.825964   -0.001688   -12.338            1 13478.170
1159      0.825108   -0.000856   -12.107            1 13065.947
1160      0.824867   -0.000241   -11.717            1 12657.450
1161      0.823824   -0.001044   -11.509            1 12261.153
1162      0.822968   -0.000855   -11.248            1 11867.066
1163      0.821493   -0.001475   -11.119            1 11478.106
1164      0.819426   -0.002067   -11.116            1 11086.724
1165      0.819202   -0.000224   -10.697            1 10686.002
1166      0.818488   -0.000715   -10.372            1 10299.476
1167      0.817147   -0.001340   -10.166            1  9921.757
1168      0.816149   -0.000998    -9.879            1  9545.630
1169      0.815558   -0.000592    -9.496            1  9176.003
1170      0.813789   -0.001768    -9.329            1  8818.800
1171      0.811571   -0.002218    -9.236            1  8460.074
1172      0.811085   -0.000486    -8.808            1  8095.013
1173      0.809813   -0.001272    -8.503            1  7745.678
1174      0.809623   -0.000190    -7.990            1  7403.627
1175      0.808602   -0.001021    -7.594            1  7084.006
1176      0.806588   -0.002014    -7.341            1  6778.475
1177      0.805488   -0.001101    -6.918            1  6475.781
1178      0.805052   -0.000436    -6.359            1  6190.114
1179      0.802230   -0.002822    -6.128     0.999999  5934.847
1180      0.802142   -0.000088    -5.458      0.99996  5679.671
1181      0.800869   -0.001273    -4.899     0.999589  5471.403
1182      0.798380   -0.002489    -4.447     0.997994  5303.692
1183      0.793924   -0.004456    -4.208     0.995801  5168.445
1184      0.792628   -0.001296    -3.485     0.973222  5037.942
1185      0.791730   -0.000898    -2.566     0.861797  5001.684
1186      0.761626   -0.030104    -5.482     0.999964  5146.767
1187      0.757225   -0.004400    -5.367      0.99994  4659.520
1188      0.753699   -0.003526    -5.103     0.999816  4153.650
1189      0.748990   -0.004709        NA           NA        NA
1190      0.745133   -0.003857        NA           NA        NA
1191      0.741028   -0.004105        NA           NA        NA
1192      0.738263   -0.002765        NA           NA        NA
1193      0.730103   -0.008160        NA           NA        NA
1194      0.727824   -0.002279        NA           NA        NA
1195      0.718051   -0.009773        NA           NA        NA
1196      0.712083   -0.005968        NA           NA        NA
1197      0.612504   -0.099579        NA           NA        NA
    kurtosis           snps    indivs
 eigenvector    1     3.199     2.668
 eigenvector    2     3.177    12.496
population:   0                 Case  591
population:   1              Control  607

## Average divergence between populations:
                 Case    Control     popsize
      Case      0.999      1.000         591
   Control      1.000      1.001         607


number of blocks for moving block jackknife: 557
fst *1000:
          C     C 
   C      0     0
   C      0     0

s.dev * 1000000:
          C     C 
   C      0     4
   C      4     0

eigenvector 1:means
             Control     -0.005
                Case      0.005
## Anova statistics for population differences along each eigenvector:
                                              p-value
             eigenvector_1_Case_Control_   3.03758e-08 +++
eigenvector 2:means
                Case     -0.000
             Control      0.000
             eigenvector_2_Case_Control_      0.785105 

## Statistical significance of differences beween populations:
                                pop1                  pop2      chisq          p-value   |pop1|   |pop2|
popdifference:                  Case               Control        30.822   2.02809e-07     591     607

eigbestsnp    1            rs9258525  6     29806341     6.350
eigbestsnp    1            rs3104405  6     32682308     6.273
eigbestsnp    1            rs9258294  6     29735659     6.267
eigbestsnp    1            rs7749057  6     32448904     6.170
eigbestsnp    1            rs3763327  6     32413830     6.167
eigbestsnp    1            rs2743925  6     29698050     6.152
eigbestsnp    1               rs7192  6     32411646     6.132
eigbestsnp    1               rs8084  6     32411035     6.129
eigbestsnp    1           kgp8652964  6     32432646     6.129
eigbestsnp    1            rs2213584  6     32413259     6.118
eigbestsnp    2          kgp10563507 18     21574459     6.124
eigbestsnp    2          kgp12304919 16     75012846     5.923
eigbestsnp    2          kgp16068747 18     43243225     5.893
eigbestsnp    2          kgp10849638  1    206293771     5.883
eigbestsnp    2           rs12151338 19     44933947     5.616
eigbestsnp    2          kgp10347939  8     11472324     5.578
eigbestsnp    2          kgp14140230  2     77486983     5.565
eigbestsnp    2           kgp8329869  9     12912861     5.538
eigbestsnp    2            rs2081048 19     33753166     5.525
eigbestsnp    2           kgp1650697  5     56688593     5.516
##end of smartpca run
