****                   ADMIXTURE Version 1.3.0                  ****
****                    Copyright 2008-2015                     ****
****           David Alexander, Suyash Shringarpure,            ****
****                John  Novembre, Ken Lange                   ****
****                                                            ****
****                 Please cite our paper!                     ****
****   Information at www.genetics.ucla.edu/software/admixture  ****

Cross-validation will be performed.  Folds=5.
Parallel execution requested.  Will use 25 threads.
Random seed: 43
Point estimation method: Block relaxation algorithm
Convergence acceleration algorithm: QuasiNewton, 3 secant conditions
Point estimation will terminate when objective function delta < 0.0001
Will perform 300 bootstrap resamplings to estimate standard errors.
Reestimation for each bootstrap replicate will terminate at 3 iterations
Size of G: 964x84714
Average base pair separation between consecutive markers: 32987.5
Block size that will be used for block bootstrap: 304
Performing five EM steps to prime main algorithm
1 (EM) 	Elapsed: 9.198	Loglikelihood: -9.54663e+07	(delta): 7.05125e+06
2 (EM) 	Elapsed: 8.875	Loglikelihood: -9.4472e+07	(delta): 994254
3 (EM) 	Elapsed: 7.203	Loglikelihood: -9.39796e+07	(delta): 492447
4 (EM) 	Elapsed: 7.139	Loglikelihood: -9.3642e+07	(delta): 337528
5 (EM) 	Elapsed: 7.496	Loglikelihood: -9.33914e+07	(delta): 250647
Initial loglikelihood: -9.33914e+07
Starting main algorithm
1 (QN/Block) 	Elapsed: 25.7	Loglikelihood: -8.82605e+07	(delta): 5.13093e+06
2 (QN/Block) 	Elapsed: 23.754	Loglikelihood: -8.75762e+07	(delta): 684228
3 (QN/Block) 	Elapsed: 22.867	Loglikelihood: -8.75023e+07	(delta): 73934.3
4 (QN/Block) 	Elapsed: 24.867	Loglikelihood: -8.7462e+07	(delta): 40350.9
5 (QN/Block) 	Elapsed: 25.434	Loglikelihood: -8.74422e+07	(delta): 19757.6
6 (QN/Block) 	Elapsed: 25.865	Loglikelihood: -8.74345e+07	(delta): 7683.8
7 (QN/Block) 	Elapsed: 23.769	Loglikelihood: -8.74294e+07	(delta): 5167.52
8 (QN/Block) 	Elapsed: 25.747	Loglikelihood: -8.74217e+07	(delta): 7627.91
9 (QN/Block) 	Elapsed: 23.154	Loglikelihood: -8.74178e+07	(delta): 3927.79
10 (QN/Block) 	Elapsed: 23.793	Loglikelihood: -8.74162e+07	(delta): 1551.93
11 (QN/Block) 	Elapsed: 22.833	Loglikelihood: -8.7415e+07	(delta): 1289.62
12 (QN/Block) 	Elapsed: 23.219	Loglikelihood: -8.74107e+07	(delta): 4209.04
13 (QN/Block) 	Elapsed: 24.069	Loglikelihood: -8.74085e+07	(delta): 2217.06
14 (QN/Block) 	Elapsed: 23.31	Loglikelihood: -8.74068e+07	(delta): 1732.67
15 (QN/Block) 	Elapsed: 24.116	Loglikelihood: -8.74058e+07	(delta): 954.396
16 (QN/Block) 	Elapsed: 23.579	Loglikelihood: -8.74046e+07	(delta): 1249.51
17 (QN/Block) 	Elapsed: 23.675	Loglikelihood: -8.74035e+07	(delta): 1105.7
18 (QN/Block) 	Elapsed: 23.972	Loglikelihood: -8.74019e+07	(delta): 1614.89
19 (QN/Block) 	Elapsed: 22.987	Loglikelihood: -8.74006e+07	(delta): 1238.12
20 (QN/Block) 	Elapsed: 24.538	Loglikelihood: -8.73994e+07	(delta): 1247.57
21 (QN/Block) 	Elapsed: 25.829	Loglikelihood: -8.73976e+07	(delta): 1825.38
22 (QN/Block) 	Elapsed: 19.405	Loglikelihood: -8.7397e+07	(delta): 525.368
23 (QN/Block) 	Elapsed: 24.258	Loglikelihood: -8.73946e+07	(delta): 2444.5
24 (QN/Block) 	Elapsed: 26.432	Loglikelihood: -8.73941e+07	(delta): 467.104
25 (QN/Block) 	Elapsed: 24.846	Loglikelihood: -8.73928e+07	(delta): 1347.6
26 (QN/Block) 	Elapsed: 24.486	Loglikelihood: -8.73923e+07	(delta): 516.222
27 (QN/Block) 	Elapsed: 21.118	Loglikelihood: -8.73919e+07	(delta): 407.204
28 (QN/Block) 	Elapsed: 23.808	Loglikelihood: -8.73915e+07	(delta): 330.962
29 (QN/Block) 	Elapsed: 22.269	Loglikelihood: -8.73912e+07	(delta): 349.695
30 (QN/Block) 	Elapsed: 21.628	Loglikelihood: -8.73909e+07	(delta): 257.68
31 (QN/Block) 	Elapsed: 25.127	Loglikelihood: -8.73907e+07	(delta): 180.748
32 (QN/Block) 	Elapsed: 25.887	Loglikelihood: -8.73906e+07	(delta): 132.918
33 (QN/Block) 	Elapsed: 26.47	Loglikelihood: -8.73905e+07	(delta): 138.919
34 (QN/Block) 	Elapsed: 28.148	Loglikelihood: -8.73904e+07	(delta): 62.7019
35 (QN/Block) 	Elapsed: 23.034	Loglikelihood: -8.73904e+07	(delta): 23.3542
36 (QN/Block) 	Elapsed: 20.5	Loglikelihood: -8.73903e+07	(delta): 43.5322
37 (QN/Block) 	Elapsed: 20.696	Loglikelihood: -8.73903e+07	(delta): 10.9358
38 (QN/Block) 	Elapsed: 23.369	Loglikelihood: -8.73903e+07	(delta): 17.3175
39 (QN/Block) 	Elapsed: 21.853	Loglikelihood: -8.73903e+07	(delta): 18.3801
40 (QN/Block) 	Elapsed: 22.949	Loglikelihood: -8.73903e+07	(delta): 7.76644
41 (QN/Block) 	Elapsed: 24.63	Loglikelihood: -8.73903e+07	(delta): 26.5578
42 (QN/Block) 	Elapsed: 23.394	Loglikelihood: -8.73902e+07	(delta): 5.75767
43 (QN/Block) 	Elapsed: 23.483	Loglikelihood: -8.73902e+07	(delta): 5.34105
44 (QN/Block) 	Elapsed: 24.178	Loglikelihood: -8.73902e+07	(delta): 4.65738
45 (QN/Block) 	Elapsed: 21.443	Loglikelihood: -8.73902e+07	(delta): 3.40624
46 (QN/Block) 	Elapsed: 22.663	Loglikelihood: -8.73902e+07	(delta): 2.90371
47 (QN/Block) 	Elapsed: 18.487	Loglikelihood: -8.73902e+07	(delta): 12.4899
48 (QN/Block) 	Elapsed: 24.299	Loglikelihood: -8.73902e+07	(delta): 6.83529
49 (QN/Block) 	Elapsed: 23.095	Loglikelihood: -8.73902e+07	(delta): 5.44444
50 (QN/Block) 	Elapsed: 23.083	Loglikelihood: -8.73902e+07	(delta): 1.07239
51 (QN/Block) 	Elapsed: 23.683	Loglikelihood: -8.73902e+07	(delta): 6.93592
52 (QN/Block) 	Elapsed: 23.676	Loglikelihood: -8.73902e+07	(delta): 0.741997
53 (QN/Block) 	Elapsed: 22.866	Loglikelihood: -8.73902e+07	(delta): 0.509879
54 (QN/Block) 	Elapsed: 22.507	Loglikelihood: -8.73902e+07	(delta): 18.2563
55 (QN/Block) 	Elapsed: 21.497	Loglikelihood: -8.73902e+07	(delta): 9.5996
56 (QN/Block) 	Elapsed: 21.477	Loglikelihood: -8.73902e+07	(delta): 8.48838
57 (QN/Block) 	Elapsed: 22.853	Loglikelihood: -8.73902e+07	(delta): 1.62008
58 (QN/Block) 	Elapsed: 23.081	Loglikelihood: -8.73902e+07	(delta): 0.915036
59 (QN/Block) 	Elapsed: 24.54	Loglikelihood: -8.73902e+07	(delta): 0.430023
60 (QN/Block) 	Elapsed: 25.177	Loglikelihood: -8.73902e+07	(delta): 0.908427
61 (QN/Block) 	Elapsed: 25.298	Loglikelihood: -8.73902e+07	(delta): 1.3103
62 (QN/Block) 	Elapsed: 23.309	Loglikelihood: -8.73902e+07	(delta): 0.802739
63 (QN/Block) 	Elapsed: 21.175	Loglikelihood: -8.73902e+07	(delta): 1.43849
64 (QN/Block) 	Elapsed: 18.323	Loglikelihood: -8.73902e+07	(delta): 0.21643
65 (QN/Block) 	Elapsed: 19.563	Loglikelihood: -8.73901e+07	(delta): 2.33772
66 (QN/Block) 	Elapsed: 22.588	Loglikelihood: -8.73901e+07	(delta): 2.21313
67 (QN/Block) 	Elapsed: 23.966	Loglikelihood: -8.73901e+07	(delta): 2.01065
68 (QN/Block) 	Elapsed: 24.701	Loglikelihood: -8.73901e+07	(delta): 0.728996
69 (QN/Block) 	Elapsed: 24.368	Loglikelihood: -8.73901e+07	(delta): 0.433262
70 (QN/Block) 	Elapsed: 24.603	Loglikelihood: -8.73901e+07	(delta): 0.221836
71 (QN/Block) 	Elapsed: 22.489	Loglikelihood: -8.73901e+07	(delta): 3.56984
72 (QN/Block) 	Elapsed: 21.732	Loglikelihood: -8.73901e+07	(delta): 0.740672
73 (QN/Block) 	Elapsed: 23.935	Loglikelihood: -8.73901e+07	(delta): 0.380295
74 (QN/Block) 	Elapsed: 23.788	Loglikelihood: -8.73901e+07	(delta): 0.484539
75 (QN/Block) 	Elapsed: 24.778	Loglikelihood: -8.73901e+07	(delta): 0.218952
76 (QN/Block) 	Elapsed: 23.879	Loglikelihood: -8.73901e+07	(delta): 0.15969
77 (QN/Block) 	Elapsed: 24.717	Loglikelihood: -8.73901e+07	(delta): 0.335853
78 (QN/Block) 	Elapsed: 22.26	Loglikelihood: -8.73901e+07	(delta): 2.40179
79 (QN/Block) 	Elapsed: 23.637	Loglikelihood: -8.73901e+07	(delta): 0.121815
80 (QN/Block) 	Elapsed: 19.583	Loglikelihood: -8.73901e+07	(delta): 0.371083
81 (QN/Block) 	Elapsed: 25.102	Loglikelihood: -8.73901e+07	(delta): 0.256034
82 (QN/Block) 	Elapsed: 24.955	Loglikelihood: -8.73901e+07	(delta): 0.460809
83 (QN/Block) 	Elapsed: 24.033	Loglikelihood: -8.73901e+07	(delta): 0.203456
84 (QN/Block) 	Elapsed: 23.825	Loglikelihood: -8.73901e+07	(delta): 0.173192
85 (QN/Block) 	Elapsed: 23.662	Loglikelihood: -8.73901e+07	(delta): 0.104585
86 (QN/Block) 	Elapsed: 23.131	Loglikelihood: -8.73901e+07	(delta): 0.285085
87 (QN/Block) 	Elapsed: 23.86	Loglikelihood: -8.73901e+07	(delta): 0.256752
88 (QN/Block) 	Elapsed: 23.07	Loglikelihood: -8.73901e+07	(delta): 0.831022
89 (QN/Block) 	Elapsed: 22.811	Loglikelihood: -8.73901e+07	(delta): 1.77306
90 (QN/Block) 	Elapsed: 21	Loglikelihood: -8.73901e+07	(delta): 0.118364
91 (QN/Block) 	Elapsed: 22.217	Loglikelihood: -8.73901e+07	(delta): 0.0977269
92 (QN/Block) 	Elapsed: 23.478	Loglikelihood: -8.73901e+07	(delta): 0.246955
93 (QN/Block) 	Elapsed: 22.419	Loglikelihood: -8.73901e+07	(delta): 0.937472
94 (QN/Block) 	Elapsed: 22.451	Loglikelihood: -8.73901e+07	(delta): 0.203525
95 (QN/Block) 	Elapsed: 23.179	Loglikelihood: -8.73901e+07	(delta): 0.290236
96 (QN/Block) 	Elapsed: 23.377	Loglikelihood: -8.73901e+07	(delta): 0.0294386
97 (QN/Block) 	Elapsed: 24.439	Loglikelihood: -8.73901e+07	(delta): 0.212479
98 (QN/Block) 	Elapsed: 24.781	Loglikelihood: -8.73901e+07	(delta): 0.241557
99 (QN/Block) 	Elapsed: 23.825	Loglikelihood: -8.73901e+07	(delta): 0.206418
100 (QN/Block) 	Elapsed: 21.046	Loglikelihood: -8.73901e+07	(delta): 0.0701057
101 (QN/Block) 	Elapsed: 16.433	Loglikelihood: -8.73901e+07	(delta): 0.0352811
102 (QN/Block) 	Elapsed: 19.632	Loglikelihood: -8.73901e+07	(delta): 0.348708
103 (QN/Block) 	Elapsed: 23.703	Loglikelihood: -8.73901e+07	(delta): 0.222856
104 (QN/Block) 	Elapsed: 23.299	Loglikelihood: -8.73901e+07	(delta): 0.147597
105 (QN/Block) 	Elapsed: 23.412	Loglikelihood: -8.73901e+07	(delta): 0.0475565
106 (QN/Block) 	Elapsed: 23.275	Loglikelihood: -8.73901e+07	(delta): 0.109526
107 (QN/Block) 	Elapsed: 19.336	Loglikelihood: -8.73901e+07	(delta): 0.0690253
108 (QN/Block) 	Elapsed: 20.669	Loglikelihood: -8.73901e+07	(delta): 0.0807489
109 (QN/Block) 	Elapsed: 22.568	Loglikelihood: -8.73901e+07	(delta): 0.0404313
110 (QN/Block) 	Elapsed: 23.3	Loglikelihood: -8.73901e+07	(delta): 0.282444
111 (QN/Block) 	Elapsed: 22.749	Loglikelihood: -8.73901e+07	(delta): 0.0156711
112 (QN/Block) 	Elapsed: 22.066	Loglikelihood: -8.73901e+07	(delta): 1.30916
113 (QN/Block) 	Elapsed: 25.381	Loglikelihood: -8.73901e+07	(delta): 0.146152
114 (QN/Block) 	Elapsed: 22.79	Loglikelihood: -8.73901e+07	(delta): 0.0467924
115 (QN/Block) 	Elapsed: 23.24	Loglikelihood: -8.73901e+07	(delta): 0.0391856
116 (QN/Block) 	Elapsed: 24.226	Loglikelihood: -8.73901e+07	(delta): 0.0885184
117 (QN/Block) 	Elapsed: 21.433	Loglikelihood: -8.73901e+07	(delta): 0.140263
118 (QN/Block) 	Elapsed: 23.428	Loglikelihood: -8.73901e+07	(delta): 0.06704
119 (QN/Block) 	Elapsed: 23.198	Loglikelihood: -8.73901e+07	(delta): 0.0520501
120 (QN/Block) 	Elapsed: 21.917	Loglikelihood: -8.73901e+07	(delta): 0.0439082
121 (QN/Block) 	Elapsed: 19.639	Loglikelihood: -8.73901e+07	(delta): 0.0189992
122 (QN/Block) 	Elapsed: 20.972	Loglikelihood: -8.73901e+07	(delta): 0.148073
123 (QN/Block) 	Elapsed: 23.634	Loglikelihood: -8.73901e+07	(delta): 0.0372217
124 (QN/Block) 	Elapsed: 23.495	Loglikelihood: -8.73901e+07	(delta): 0.102279
125 (QN/Block) 	Elapsed: 25.335	Loglikelihood: -8.73901e+07	(delta): 0.0271464
126 (QN/Block) 	Elapsed: 22.725	Loglikelihood: -8.73901e+07	(delta): 0.0310633
127 (QN/Block) 	Elapsed: 23.512	Loglikelihood: -8.73901e+07	(delta): 0.0509634
128 (QN/Block) 	Elapsed: 23.547	Loglikelihood: -8.73901e+07	(delta): 0.0390046
129 (QN/Block) 	Elapsed: 22.687	Loglikelihood: -8.73901e+07	(delta): 0.0324676
130 (QN/Block) 	Elapsed: 21.779	Loglikelihood: -8.73901e+07	(delta): 0.0534522
131 (QN/Block) 	Elapsed: 20.135	Loglikelihood: -8.73901e+07	(delta): 0.0503099
132 (QN/Block) 	Elapsed: 22.407	Loglikelihood: -8.73901e+07	(delta): 0.0317671
133 (QN/Block) 	Elapsed: 22.13	Loglikelihood: -8.73901e+07	(delta): 0.0972898
134 (QN/Block) 	Elapsed: 24.143	Loglikelihood: -8.73901e+07	(delta): 0.0701436
135 (QN/Block) 	Elapsed: 21.406	Loglikelihood: -8.73901e+07	(delta): 0.0408379
136 (QN/Block) 	Elapsed: 23.067	Loglikelihood: -8.73901e+07	(delta): 0.022352
137 (QN/Block) 	Elapsed: 24.042	Loglikelihood: -8.73901e+07	(delta): 0.0370269
138 (QN/Block) 	Elapsed: 23.05	Loglikelihood: -8.73901e+07	(delta): 0.0213091
139 (QN/Block) 	Elapsed: 19.797	Loglikelihood: -8.73901e+07	(delta): 0.0163419
140 (QN/Block) 	Elapsed: 22.533	Loglikelihood: -8.73901e+07	(delta): 0.0199381
141 (QN/Block) 	Elapsed: 23.693	Loglikelihood: -8.73901e+07	(delta): 0.108241
142 (QN/Block) 	Elapsed: 24.147	Loglikelihood: -8.73901e+07	(delta): 0.0706068
143 (QN/Block) 	Elapsed: 23.03	Loglikelihood: -8.73901e+07	(delta): 0.0169631
144 (QN/Block) 	Elapsed: 24.049	Loglikelihood: -8.73901e+07	(delta): 0.0277228
145 (QN/Block) 	Elapsed: 22.306	Loglikelihood: -8.73901e+07	(delta): 0.0693329
146 (QN/Block) 	Elapsed: 21.897	Loglikelihood: -8.73901e+07	(delta): 0.0547141
147 (QN/Block) 	Elapsed: 22.317	Loglikelihood: -8.73901e+07	(delta): 0.0134816
148 (QN/Block) 	Elapsed: 22.929	Loglikelihood: -8.73901e+07	(delta): 0.0221082
149 (QN/Block) 	Elapsed: 23.094	Loglikelihood: -8.73901e+07	(delta): 0.120461
150 (QN/Block) 	Elapsed: 21.959	Loglikelihood: -8.73901e+07	(delta): 0.00871053
151 (QN/Block) 	Elapsed: 21.789	Loglikelihood: -8.73901e+07	(delta): 0.0550026
152 (QN/Block) 	Elapsed: 22.599	Loglikelihood: -8.73901e+07	(delta): 0.0389878
153 (QN/Block) 	Elapsed: 22.649	Loglikelihood: -8.73901e+07	(delta): 0.0689743
154 (QN/Block) 	Elapsed: 21.671	Loglikelihood: -8.73901e+07	(delta): 0.029482
155 (QN/Block) 	Elapsed: 23.951	Loglikelihood: -8.73901e+07	(delta): 0.0240388
156 (QN/Block) 	Elapsed: 25.1	Loglikelihood: -8.73901e+07	(delta): 0.0251524
157 (QN/Block) 	Elapsed: 23.557	Loglikelihood: -8.73901e+07	(delta): 0.0401456
158 (QN/Block) 	Elapsed: 23.54	Loglikelihood: -8.73901e+07	(delta): 0.0252119
159 (QN/Block) 	Elapsed: 20.753	Loglikelihood: -8.73901e+07	(delta): 0.0300493
160 (QN/Block) 	Elapsed: 22.132	Loglikelihood: -8.73901e+07	(delta): 0.0244644
161 (QN/Block) 	Elapsed: 23.376	Loglikelihood: -8.73901e+07	(delta): 0.0322321
162 (QN/Block) 	Elapsed: 20.501	Loglikelihood: -8.73901e+07	(delta): 0.023176
163 (QN/Block) 	Elapsed: 22.619	Loglikelihood: -8.73901e+07	(delta): 0.025494
164 (QN/Block) 	Elapsed: 22.257	Loglikelihood: -8.73901e+07	(delta): 0.0216351
165 (QN/Block) 	Elapsed: 22.983	Loglikelihood: -8.73901e+07	(delta): 0.0380848
166 (QN/Block) 	Elapsed: 23.753	Loglikelihood: -8.73901e+07	(delta): 0.0284459
167 (QN/Block) 	Elapsed: 23.6	Loglikelihood: -8.73901e+07	(delta): 0.0266463
168 (QN/Block) 	Elapsed: 23.08	Loglikelihood: -8.73901e+07	(delta): 0.0176402
169 (QN/Block) 	Elapsed: 23.937	Loglikelihood: -8.73901e+07	(delta): 0.0311849
170 (QN/Block) 	Elapsed: 24.585	Loglikelihood: -8.73901e+07	(delta): 0.0288403
171 (QN/Block) 	Elapsed: 22.929	Loglikelihood: -8.73901e+07	(delta): 0.025827
172 (QN/Block) 	Elapsed: 22.16	Loglikelihood: -8.73901e+07	(delta): 0.0168412
173 (QN/Block) 	Elapsed: 22.803	Loglikelihood: -8.73901e+07	(delta): 0.0288595
174 (QN/Block) 	Elapsed: 24.283	Loglikelihood: -8.73901e+07	(delta): 0.0301654
175 (QN/Block) 	Elapsed: 22.444	Loglikelihood: -8.73901e+07	(delta): 0.0254224
176 (QN/Block) 	Elapsed: 21.035	Loglikelihood: -8.73901e+07	(delta): 0.0165643
177 (QN/Block) 	Elapsed: 22.904	Loglikelihood: -8.73901e+07	(delta): 0.0258742
178 (QN/Block) 	Elapsed: 23.909	Loglikelihood: -8.73901e+07	(delta): 0.0309238
179 (QN/Block) 	Elapsed: 24.445	Loglikelihood: -8.73901e+07	(delta): 0.0254707
180 (QN/Block) 	Elapsed: 22.903	Loglikelihood: -8.73901e+07	(delta): 0.0163152
181 (QN/Block) 	Elapsed: 23.53	Loglikelihood: -8.73901e+07	(delta): 0.0220847
182 (QN/Block) 	Elapsed: 22.161	Loglikelihood: -8.73901e+07	(delta): 0.0308182
183 (QN/Block) 	Elapsed: 22.278	Loglikelihood: -8.73901e+07	(delta): 0.0259064
184 (QN/Block) 	Elapsed: 22.65	Loglikelihood: -8.73901e+07	(delta): 0.0164381
185 (QN/Block) 	Elapsed: 24.074	Loglikelihood: -8.73901e+07	(delta): 0.0195133
186 (QN/Block) 	Elapsed: 21.702	Loglikelihood: -8.73901e+07	(delta): 0.0301826
187 (QN/Block) 	Elapsed: 22.493	Loglikelihood: -8.73901e+07	(delta): 0.0257948
188 (QN/Block) 	Elapsed: 22.943	Loglikelihood: -8.73901e+07	(delta): 0.0160491
189 (QN/Block) 	Elapsed: 22.208	Loglikelihood: -8.73901e+07	(delta): 0.0178428
190 (QN/Block) 	Elapsed: 22.368	Loglikelihood: -8.73901e+07	(delta): 0.0299858
191 (QN/Block) 	Elapsed: 24.327	Loglikelihood: -8.73901e+07	(delta): 0.0263294
192 (QN/Block) 	Elapsed: 20.823	Loglikelihood: -8.73901e+07	(delta): 0.0151969
193 (QN/Block) 	Elapsed: 24.161	Loglikelihood: -8.73901e+07	(delta): 0.0169993
194 (QN/Block) 	Elapsed: 18.758	Loglikelihood: -8.73901e+07	(delta): 0.029066
195 (QN/Block) 	Elapsed: 22.685	Loglikelihood: -8.73901e+07	(delta): 0.0287398
196 (QN/Block) 	Elapsed: 21.294	Loglikelihood: -8.73901e+07	(delta): 0.0144656
197 (QN/Block) 	Elapsed: 21.001	Loglikelihood: -8.73901e+07	(delta): 0.0165191
198 (QN/Block) 	Elapsed: 23.14	Loglikelihood: -8.73901e+07	(delta): 0.0272098
199 (QN/Block) 	Elapsed: 24.013	Loglikelihood: -8.73901e+07	(delta): 0.0309049
200 (QN/Block) 	Elapsed: 25.307	Loglikelihood: -8.73901e+07	(delta): 0.0136504
201 (QN/Block) 	Elapsed: 23.631	Loglikelihood: -8.73901e+07	(delta): 0.0161744
202 (QN/Block) 	Elapsed: 23.025	Loglikelihood: -8.73901e+07	(delta): 0.0252124
203 (QN/Block) 	Elapsed: 21.72	Loglikelihood: -8.73901e+07	(delta): 0.0331536
204 (QN/Block) 	Elapsed: 23.575	Loglikelihood: -8.73901e+07	(delta): 0.0130305
205 (QN/Block) 	Elapsed: 25.101	Loglikelihood: -8.73901e+07	(delta): 0.0157611
206 (QN/Block) 	Elapsed: 24.695	Loglikelihood: -8.73901e+07	(delta): 0.0234564
207 (QN/Block) 	Elapsed: 21.941	Loglikelihood: -8.73901e+07	(delta): 0.0348443
208 (QN/Block) 	Elapsed: 20.337	Loglikelihood: -8.73901e+07	(delta): 0.0125936
209 (QN/Block) 	Elapsed: 23.068	Loglikelihood: -8.73901e+07	(delta): 0.0151359
210 (QN/Block) 	Elapsed: 24.582	Loglikelihood: -8.73901e+07	(delta): 0.0228658
211 (QN/Block) 	Elapsed: 24.033	Loglikelihood: -8.73901e+07	(delta): 0.0378082
212 (QN/Block) 	Elapsed: 22.477	Loglikelihood: -8.73901e+07	(delta): 0.0126502
213 (QN/Block) 	Elapsed: 21.39	Loglikelihood: -8.73901e+07	(delta): 0.0133876
214 (QN/Block) 	Elapsed: 20.938	Loglikelihood: -8.73901e+07	(delta): 0.0162801
215 (QN/Block) 	Elapsed: 22.623	Loglikelihood: -8.73901e+07	(delta): 0.0162882
216 (QN/Block) 	Elapsed: 23.943	Loglikelihood: -8.73901e+07	(delta): 0.0086922
217 (QN/Block) 	Elapsed: 19.094	Loglikelihood: -8.73901e+07	(delta): 0.0641676
218 (QN/Block) 	Elapsed: 21.405	Loglikelihood: -8.73901e+07	(delta): 0.0693824
219 (QN/Block) 	Elapsed: 22.736	Loglikelihood: -8.73901e+07	(delta): 0.0291188
220 (QN/Block) 	Elapsed: 23.431	Loglikelihood: -8.73901e+07	(delta): 0.00881557
221 (QN/Block) 	Elapsed: 24.554	Loglikelihood: -8.73901e+07	(delta): 0.0194732
222 (QN/Block) 	Elapsed: 22.679	Loglikelihood: -8.73901e+07	(delta): 0.0568886
223 (QN/Block) 	Elapsed: 23.309	Loglikelihood: -8.73901e+07	(delta): 0.0575411
224 (QN/Block) 	Elapsed: 20.438	Loglikelihood: -8.73901e+07	(delta): 0.0167614
225 (QN/Block) 	Elapsed: 22.152	Loglikelihood: -8.73901e+07	(delta): 0.0115158
226 (QN/Block) 	Elapsed: 23.513	Loglikelihood: -8.73901e+07	(delta): 0.0311899
227 (QN/Block) 	Elapsed: 22.798	Loglikelihood: -8.73901e+07	(delta): 0.0537544
228 (QN/Block) 	Elapsed: 22.864	Loglikelihood: -8.73901e+07	(delta): 0.0169664
229 (QN/Block) 	Elapsed: 22.765	Loglikelihood: -8.73901e+07	(delta): 0.0104418
230 (QN/Block) 	Elapsed: 23.099	Loglikelihood: -8.73901e+07	(delta): 0.0284791
231 (QN/Block) 	Elapsed: 20.855	Loglikelihood: -8.73901e+07	(delta): 0.0517808
232 (QN/Block) 	Elapsed: 20.547	Loglikelihood: -8.73901e+07	(delta): 0.0173362
233 (QN/Block) 	Elapsed: 22.54	Loglikelihood: -8.73901e+07	(delta): 0.00976647
234 (QN/Block) 	Elapsed: 22.929	Loglikelihood: -8.73901e+07	(delta): 0.0258817
235 (QN/Block) 	Elapsed: 21.912	Loglikelihood: -8.73901e+07	(delta): 0.0500715
236 (QN/Block) 	Elapsed: 22.811	Loglikelihood: -8.73901e+07	(delta): 0.0174242
237 (QN/Block) 	Elapsed: 24.013	Loglikelihood: -8.73901e+07	(delta): 0.00926819
238 (QN/Block) 	Elapsed: 23.211	Loglikelihood: -8.73901e+07	(delta): 0.0234845
239 (QN/Block) 	Elapsed: 23.804	Loglikelihood: -8.73901e+07	(delta): 0.0479711
240 (QN/Block) 	Elapsed: 23.51	Loglikelihood: -8.73901e+07	(delta): 0.0173208
241 (QN/Block) 	Elapsed: 22.72	Loglikelihood: -8.73901e+07	(delta): 0.00886686
242 (QN/Block) 	Elapsed: 23.531	Loglikelihood: -8.73901e+07	(delta): 0.0211732
243 (QN/Block) 	Elapsed: 22.615	Loglikelihood: -8.73901e+07	(delta): 0.0452058
244 (QN/Block) 	Elapsed: 23.619	Loglikelihood: -8.73901e+07	(delta): 0.0170444
245 (QN/Block) 	Elapsed: 19.898	Loglikelihood: -8.73901e+07	(delta): 0.00852627
246 (QN/Block) 	Elapsed: 22.317	Loglikelihood: -8.73901e+07	(delta): 0.0190169
247 (QN/Block) 	Elapsed: 23.086	Loglikelihood: -8.73901e+07	(delta): 0.0428368
248 (QN/Block) 	Elapsed: 17.821	Loglikelihood: -8.73901e+07	(delta): 0.0166878
249 (QN/Block) 	Elapsed: 22.216	Loglikelihood: -8.73901e+07	(delta): 0.00802551
250 (QN/Block) 	Elapsed: 20.648	Loglikelihood: -8.73901e+07	(delta): 0.0140481
251 (QN/Block) 	Elapsed: 21.094	Loglikelihood: -8.73901e+07	(delta): 0.022085
252 (QN/Block) 	Elapsed: 22.651	Loglikelihood: -8.73901e+07	(delta): 0.00565551
253 (QN/Block) 	Elapsed: 23.309	Loglikelihood: -8.73901e+07	(delta): 0.0116172
254 (QN/Block) 	Elapsed: 23.78	Loglikelihood: -8.73901e+07	(delta): 0.0153386
255 (QN/Block) 	Elapsed: 21.53	Loglikelihood: -8.73901e+07	(delta): 0.0282376
256 (QN/Block) 	Elapsed: 21.863	Loglikelihood: -8.73901e+07	(delta): 0.0121168
257 (QN/Block) 	Elapsed: 19.355	Loglikelihood: -8.73901e+07	(delta): 0.00764349
258 (QN/Block) 	Elapsed: 18.962	Loglikelihood: -8.73901e+07	(delta): 0.0133934
259 (QN/Block) 	Elapsed: 22.266	Loglikelihood: -8.73901e+07	(delta): 0.0227542
260 (QN/Block) 	Elapsed: 24.507	Loglikelihood: -8.73901e+07	(delta): 0.011682
261 (QN/Block) 	Elapsed: 23.604	Loglikelihood: -8.73901e+07	(delta): 0.00204857
262 (QN/Block) 	Elapsed: 22.931	Loglikelihood: -8.73901e+07	(delta): 0.00747146
263 (QN/Block) 	Elapsed: 21.346	Loglikelihood: -8.73901e+07	(delta): 0.0259378
264 (QN/Block) 	Elapsed: 21.947	Loglikelihood: -8.73901e+07	(delta): 0.0097152
265 (QN/Block) 	Elapsed: 23.463	Loglikelihood: -8.73901e+07	(delta): 0.00198928
266 (QN/Block) 	Elapsed: 18.6	Loglikelihood: -8.73901e+07	(delta): 0.0112808
267 (QN/Block) 	Elapsed: 21.972	Loglikelihood: -8.73901e+07	(delta): 0.0083693
268 (QN/Block) 	Elapsed: 22.972	Loglikelihood: -8.73901e+07	(delta): 0.00604379
269 (QN/Block) 	Elapsed: 20.476	Loglikelihood: -8.73901e+07	(delta): 0.0046207
270 (QN/Block) 	Elapsed: 23.416	Loglikelihood: -8.73901e+07	(delta): 0.00299156
271 (QN/Block) 	Elapsed: 23.442	Loglikelihood: -8.73901e+07	(delta): 0.00337768
272 (QN/Block) 	Elapsed: 21.639	Loglikelihood: -8.73901e+07	(delta): 0.00458032
273 (QN/Block) 	Elapsed: 24.34	Loglikelihood: -8.73901e+07	(delta): 0.00310677
274 (QN/Block) 	Elapsed: 24.78	Loglikelihood: -8.73901e+07	(delta): 0.00237745
275 (QN/Block) 	Elapsed: 18.017	Loglikelihood: -8.73901e+07	(delta): 0.00296354
276 (QN/Block) 	Elapsed: 20.209	Loglikelihood: -8.73901e+07	(delta): 0.00314198
277 (QN/Block) 	Elapsed: 24.72	Loglikelihood: -8.73901e+07	(delta): 0.00293455
278 (QN/Block) 	Elapsed: 24.394	Loglikelihood: -8.73901e+07	(delta): 0.00226137
279 (QN/Block) 	Elapsed: 22.357	Loglikelihood: -8.73901e+07	(delta): 0.00267552
280 (QN/Block) 	Elapsed: 17.803	Loglikelihood: -8.73901e+07	(delta): 0.00250471
281 (QN/Block) 	Elapsed: 21.489	Loglikelihood: -8.73901e+07	(delta): 0.00275461
282 (QN/Block) 	Elapsed: 20.414	Loglikelihood: -8.73901e+07	(delta): 0.00218731
283 (QN/Block) 	Elapsed: 21.522	Loglikelihood: -8.73901e+07	(delta): 0.00240389
284 (QN/Block) 	Elapsed: 23.627	Loglikelihood: -8.73901e+07	(delta): 0.0020041
285 (QN/Block) 	Elapsed: 23.28	Loglikelihood: -8.73901e+07	(delta): 0.00257741
286 (QN/Block) 	Elapsed: 23.218	Loglikelihood: -8.73901e+07	(delta): 0.00215016
287 (QN/Block) 	Elapsed: 22.03	Loglikelihood: -8.73901e+07	(delta): 0.00221607
288 (QN/Block) 	Elapsed: 18.984	Loglikelihood: -8.73901e+07	(delta): 0.0016076
289 (QN/Block) 	Elapsed: 22.853	Loglikelihood: -8.73901e+07	(delta): 0.00243761
290 (QN/Block) 	Elapsed: 25.275	Loglikelihood: -8.73901e+07	(delta): 0.00209548
291 (QN/Block) 	Elapsed: 22.705	Loglikelihood: -8.73901e+07	(delta): 0.00213079
292 (QN/Block) 	Elapsed: 19.72	Loglikelihood: -8.73901e+07	(delta): 0.00131866
293 (QN/Block) 	Elapsed: 21.554	Loglikelihood: -8.73901e+07	(delta): 0.00232778
294 (QN/Block) 	Elapsed: 17.819	Loglikelihood: -8.73901e+07	(delta): 0.00200947
295 (QN/Block) 	Elapsed: 24.201	Loglikelihood: -8.73901e+07	(delta): 0.00206953
296 (QN/Block) 	Elapsed: 23.743	Loglikelihood: -8.73901e+07	(delta): 0.0011107
297 (QN/Block) 	Elapsed: 24.582	Loglikelihood: -8.73901e+07	(delta): 0.00221376
298 (QN/Block) 	Elapsed: 22.864	Loglikelihood: -8.73901e+07	(delta): 0.00192511
299 (QN/Block) 	Elapsed: 23.317	Loglikelihood: -8.73901e+07	(delta): 0.00197034
300 (QN/Block) 	Elapsed: 24.428	Loglikelihood: -8.73901e+07	(delta): 0.000964344
301 (QN/Block) 	Elapsed: 23.65	Loglikelihood: -8.73901e+07	(delta): 0.00206462
302 (QN/Block) 	Elapsed: 21.176	Loglikelihood: -8.73901e+07	(delta): 0.00186341
303 (QN/Block) 	Elapsed: 21.096	Loglikelihood: -8.73901e+07	(delta): 0.00184229
304 (QN/Block) 	Elapsed: 22.637	Loglikelihood: -8.73901e+07	(delta): 0.000854611
305 (QN/Block) 	Elapsed: 22.19	Loglikelihood: -8.73901e+07	(delta): 0.00189625
306 (QN/Block) 	Elapsed: 23.538	Loglikelihood: -8.73901e+07	(delta): 0.00181061
307 (QN/Block) 	Elapsed: 21.058	Loglikelihood: -8.73901e+07	(delta): 0.00173064
308 (QN/Block) 	Elapsed: 21.667	Loglikelihood: -8.73901e+07	(delta): 0.000758618
309 (QN/Block) 	Elapsed: 23.701	Loglikelihood: -8.73901e+07	(delta): 0.00174764
310 (QN/Block) 	Elapsed: 22.936	Loglikelihood: -8.73901e+07	(delta): 0.00174467
311 (QN/Block) 	Elapsed: 23.765	Loglikelihood: -8.73901e+07	(delta): 0.00165196
312 (QN/Block) 	Elapsed: 23.544	Loglikelihood: -8.73901e+07	(delta): 0.000668108
313 (QN/Block) 	Elapsed: 18.393	Loglikelihood: -8.73901e+07	(delta): 0.00162202
314 (QN/Block) 	Elapsed: 22.117	Loglikelihood: -8.73901e+07	(delta): 0.00166662
315 (QN/Block) 	Elapsed: 22.916	Loglikelihood: -8.73901e+07	(delta): 0.00158198
316 (QN/Block) 	Elapsed: 22.607	Loglikelihood: -8.73901e+07	(delta): 0.000588164
317 (QN/Block) 	Elapsed: 23.951	Loglikelihood: -8.73901e+07	(delta): 0.00148839
318 (QN/Block) 	Elapsed: 23.934	Loglikelihood: -8.73901e+07	(delta): 0.00158139
319 (QN/Block) 	Elapsed: 21.937	Loglikelihood: -8.73901e+07	(delta): 0.00148088
320 (QN/Block) 	Elapsed: 22.166	Loglikelihood: -8.73901e+07	(delta): 0.000521138
321 (QN/Block) 	Elapsed: 22.857	Loglikelihood: -8.73901e+07	(delta): 0.00135291
322 (QN/Block) 	Elapsed: 23.6	Loglikelihood: -8.73901e+07	(delta): 0.00150944
323 (QN/Block) 	Elapsed: 22.397	Loglikelihood: -8.73901e+07	(delta): 0.00138539
324 (QN/Block) 	Elapsed: 23.44	Loglikelihood: -8.73901e+07	(delta): 0.000465065
325 (QN/Block) 	Elapsed: 23.889	Loglikelihood: -8.73901e+07	(delta): 0.00122242
326 (QN/Block) 	Elapsed: 23.148	Loglikelihood: -8.73901e+07	(delta): 0.0014372
327 (QN/Block) 	Elapsed: 23.667	Loglikelihood: -8.73901e+07	(delta): 0.001303
328 (QN/Block) 	Elapsed: 23.182	Loglikelihood: -8.73901e+07	(delta): 0.00041385
329 (QN/Block) 	Elapsed: 22.307	Loglikelihood: -8.73901e+07	(delta): 0.00111821
330 (QN/Block) 	Elapsed: 23.818	Loglikelihood: -8.73901e+07	(delta): 0.00135882
331 (QN/Block) 	Elapsed: 25.069	Loglikelihood: -8.73901e+07	(delta): 0.00122736
332 (QN/Block) 	Elapsed: 22.06	Loglikelihood: -8.73901e+07	(delta): 0.000365496
333 (QN/Block) 	Elapsed: 23.248	Loglikelihood: -8.73901e+07	(delta): 0.00102721
334 (QN/Block) 	Elapsed: 24.733	Loglikelihood: -8.73901e+07	(delta): 0.00127959
335 (QN/Block) 	Elapsed: 22.339	Loglikelihood: -8.73901e+07	(delta): 0.0011525
336 (QN/Block) 	Elapsed: 20.54	Loglikelihood: -8.73901e+07	(delta): 0.000322476
337 (QN/Block) 	Elapsed: 22.524	Loglikelihood: -8.73901e+07	(delta): 0.00093624
338 (QN/Block) 	Elapsed: 21.957	Loglikelihood: -8.73901e+07	(delta): 0.00119634
339 (QN/Block) 	Elapsed: 24.503	Loglikelihood: -8.73901e+07	(delta): 0.00107884
340 (QN/Block) 	Elapsed: 21.94	Loglikelihood: -8.73901e+07	(delta): 0.000285089
341 (QN/Block) 	Elapsed: 24.061	Loglikelihood: -8.73901e+07	(delta): 0.000853226
342 (QN/Block) 	Elapsed: 21.835	Loglikelihood: -8.73901e+07	(delta): 0.00111027
343 (QN/Block) 	Elapsed: 21.4	Loglikelihood: -8.73901e+07	(delta): 0.00101012
344 (QN/Block) 	Elapsed: 24.775	Loglikelihood: -8.73901e+07	(delta): 0.000251606
345 (QN/Block) 	Elapsed: 22.701	Loglikelihood: -8.73901e+07	(delta): 0.000778913
346 (QN/Block) 	Elapsed: 22.761	Loglikelihood: -8.73901e+07	(delta): 0.00102232
347 (QN/Block) 	Elapsed: 21.727	Loglikelihood: -8.73901e+07	(delta): 0.0009453
348 (QN/Block) 	Elapsed: 18.193	Loglikelihood: -8.73901e+07	(delta): 0.000221521
349 (QN/Block) 	Elapsed: 20.824	Loglikelihood: -8.73901e+07	(delta): 0.000709176
350 (QN/Block) 	Elapsed: 21.969	Loglikelihood: -8.73901e+07	(delta): 0.000934854
351 (QN/Block) 	Elapsed: 19.463	Loglikelihood: -8.73901e+07	(delta): 0.000882953
352 (QN/Block) 	Elapsed: 22.765	Loglikelihood: -8.73901e+07	(delta): 0.000194952
353 (QN/Block) 	Elapsed: 28.912	Loglikelihood: -8.73901e+07	(delta): 0.000639096
354 (QN/Block) 	Elapsed: 24.5	Loglikelihood: -8.73901e+07	(delta): 0.000849098
355 (QN/Block) 	Elapsed: 25.804	Loglikelihood: -8.73901e+07	(delta): 0.000824064
356 (QN/Block) 	Elapsed: 25.198	Loglikelihood: -8.73901e+07	(delta): 0.000172541
357 (QN/Block) 	Elapsed: 20.256	Loglikelihood: -8.73901e+07	(delta): 0.000563249
358 (QN/Block) 	Elapsed: 23.797	Loglikelihood: -8.73901e+07	(delta): 0.000766382
359 (QN/Block) 	Elapsed: 23.461	Loglikelihood: -8.73901e+07	(delta): 0.000770211
360 (QN/Block) 	Elapsed: 25.039	Loglikelihood: -8.73901e+07	(delta): 0.000155002
361 (QN/Block) 	Elapsed: 23.617	Loglikelihood: -8.73901e+07	(delta): 0.000474334
362 (QN/Block) 	Elapsed: 22.545	Loglikelihood: -8.73901e+07	(delta): 0.000688031
363 (QN/Block) 	Elapsed: 22.207	Loglikelihood: -8.73901e+07	(delta): 0.000725687
364 (QN/Block) 	Elapsed: 21.177	Loglikelihood: -8.73901e+07	(delta): 0.000143945
365 (QN/Block) 	Elapsed: 23.163	Loglikelihood: -8.73901e+07	(delta): 0.000371546
366 (QN/Block) 	Elapsed: 22.233	Loglikelihood: -8.73901e+07	(delta): 0.000616461
367 (QN/Block) 	Elapsed: 20.406	Loglikelihood: -8.73901e+07	(delta): 0.000695556
368 (QN/Block) 	Elapsed: 24.907	Loglikelihood: -8.73901e+07	(delta): 0.000140414
369 (QN/Block) 	Elapsed: 24.963	Loglikelihood: -8.73901e+07	(delta): 0.000273481
370 (QN/Block) 	Elapsed: 23.439	Loglikelihood: -8.73901e+07	(delta): 0.000548452
371 (QN/Block) 	Elapsed: 24.08	Loglikelihood: -8.73901e+07	(delta): 0.000685677
372 (QN/Block) 	Elapsed: 24.523	Loglikelihood: -8.73901e+07	(delta): 0.000143528
373 (QN/Block) 	Elapsed: 23.451	Loglikelihood: -8.73901e+07	(delta): 0.000195891
374 (QN/Block) 	Elapsed: 24.501	Loglikelihood: -8.73901e+07	(delta): 0.000479445
375 (QN/Block) 	Elapsed: 23.253	Loglikelihood: -8.73901e+07	(delta): 0.000696555
376 (QN/Block) 	Elapsed: 24.551	Loglikelihood: -8.73901e+07	(delta): 0.000150651
377 (QN/Block) 	Elapsed: 21.877	Loglikelihood: -8.73901e+07	(delta): 0.000121295
378 (QN/Block) 	Elapsed: 21.633	Loglikelihood: -8.73901e+07	(delta): 0.000329241
379 (QN/Block) 	Elapsed: 25.446	Loglikelihood: -8.73901e+07	(delta): 0.000951856
380 (QN/Block) 	Elapsed: 23.825	Loglikelihood: -8.73901e+07	(delta): 0.000144899
381 (QN/Block) 	Elapsed: 23.239	Loglikelihood: -8.73901e+07	(delta): 7.43717e-05
Summary: 
Converged in 381 iterations (8770.07 sec)
Loglikelihood: -87390118.899005
Fst divergences between estimated populations: 
	Pop0	Pop1	Pop2	Pop3	
Pop0	
Pop1	0.111	
Pop2	0.189	0.151	
Pop3	0.139	0.114	0.133	
Pop4	0.121	0.076	0.125	0.070	
CV error (K=5): 0.66808
Bootstrap replicate #0
1 (QN/Block) 	Elapsed: 21.64800	Loglikelihood: -87499195.13745	(delta): 3957.76272
2 (QN/Block) 	Elapsed: 23.87900	Loglikelihood: -87499178.95543	(delta): 16.18202
3 (QN/Block) 	Elapsed: 24.07600	Loglikelihood: -87499165.62393	(delta): 13.33150
Bootstrap replicate #1
1 (QN/Block) 	Elapsed: 24.28200	Loglikelihood: -87612830.20371	(delta): 3368.27724
2 (QN/Block) 	Elapsed: 22.63100	Loglikelihood: -87612814.07217	(delta): 16.13154
3 (QN/Block) 	Elapsed: 23.68700	Loglikelihood: -87612793.74094	(delta): 20.33123
Bootstrap replicate #2
1 (QN/Block) 	Elapsed: 21.21500	Loglikelihood: -87265532.09226	(delta): 3022.20420
2 (QN/Block) 	Elapsed: 21.84200	Loglikelihood: -87265515.10097	(delta): 16.99129
3 (QN/Block) 	Elapsed: 23.18800	Loglikelihood: -87265499.10806	(delta): 15.99291
Bootstrap replicate #3
1 (QN/Block) 	Elapsed: 19.18400	Loglikelihood: -87523286.10820	(delta): 3301.93801
2 (QN/Block) 	Elapsed: 21.90800	Loglikelihood: -87523268.31833	(delta): 17.78986
3 (QN/Block) 	Elapsed: 23.19200	Loglikelihood: -87523251.69615	(delta): 16.62218
Bootstrap replicate #4
1 (QN/Block) 	Elapsed: 22.83000	Loglikelihood: -87565217.51075	(delta): 3567.86691
2 (QN/Block) 	Elapsed: 22.85100	Loglikelihood: -87565199.83567	(delta): 17.67508
3 (QN/Block) 	Elapsed: 22.06600	Loglikelihood: -87565180.21916	(delta): 19.61651
Bootstrap replicate #5
1 (QN/Block) 	Elapsed: 22.88000	Loglikelihood: -87271537.85525	(delta): 3764.28367
2 (QN/Block) 	Elapsed: 22.63200	Loglikelihood: -87271522.05022	(delta): 15.80503
3 (QN/Block) 	Elapsed: 23.09400	Loglikelihood: -87271510.26228	(delta): 11.78795
Bootstrap replicate #6
1 (QN/Block) 	Elapsed: 19.15200	Loglikelihood: -87383590.23991	(delta): 3102.50962
2 (QN/Block) 	Elapsed: 23.86300	Loglikelihood: -87383577.90992	(delta): 12.32999
3 (QN/Block) 	Elapsed: 22.30600	Loglikelihood: -87383568.58605	(delta): 9.32387
Bootstrap replicate #7
1 (QN/Block) 	Elapsed: 20.00600	Loglikelihood: -87058570.34900	(delta): 3328.32884
2 (QN/Block) 	Elapsed: 21.92600	Loglikelihood: -87058551.25562	(delta): 19.09339
3 (QN/Block) 	Elapsed: 23.14000	Loglikelihood: -87058534.10364	(delta): 17.15198
Bootstrap replicate #8
1 (QN/Block) 	Elapsed: 21.65300	Loglikelihood: -87040406.44367	(delta): 3128.76034
2 (QN/Block) 	Elapsed: 21.33800	Loglikelihood: -87040387.66078	(delta): 18.78288
3 (QN/Block) 	Elapsed: 21.90200	Loglikelihood: -87040368.10339	(delta): 19.55739
Bootstrap replicate #9
1 (QN/Block) 	Elapsed: 22.30100	Loglikelihood: -87475487.60918	(delta): 3174.86378
2 (QN/Block) 	Elapsed: 23.08500	Loglikelihood: -87475472.15553	(delta): 15.45365
3 (QN/Block) 	Elapsed: 22.60400	Loglikelihood: -87475456.32673	(delta): 15.82880
Bootstrap replicate #10
1 (QN/Block) 	Elapsed: 19.61300	Loglikelihood: -87244214.34585	(delta): 3267.37520
2 (QN/Block) 	Elapsed: 20.41000	Loglikelihood: -87244195.38579	(delta): 18.96006
3 (QN/Block) 	Elapsed: 20.08500	Loglikelihood: -87244184.52631	(delta): 10.85947
Bootstrap replicate #11
1 (QN/Block) 	Elapsed: 21.88700	Loglikelihood: -87366977.78495	(delta): 3154.91757
2 (QN/Block) 	Elapsed: 19.77800	Loglikelihood: -87366963.37162	(delta): 14.41333
3 (QN/Block) 	Elapsed: 18.18300	Loglikelihood: -87366944.87784	(delta): 18.49378
Bootstrap replicate #12
1 (QN/Block) 	Elapsed: 17.34400	Loglikelihood: -87324406.22450	(delta): 3300.00468
2 (QN/Block) 	Elapsed: 18.04500	Loglikelihood: -87324383.23421	(delta): 22.99030
3 (QN/Block) 	Elapsed: 20.70700	Loglikelihood: -87324361.41861	(delta): 21.81560
Bootstrap replicate #13
1 (QN/Block) 	Elapsed: 17.06800	Loglikelihood: -87428317.07937	(delta): 2976.49869
2 (QN/Block) 	Elapsed: 17.30400	Loglikelihood: -87428303.22496	(delta): 13.85442
3 (QN/Block) 	Elapsed: 22.58100	Loglikelihood: -87428285.84371	(delta): 17.38125
Bootstrap replicate #14
1 (QN/Block) 	Elapsed: 23.47600	Loglikelihood: -87423215.09656	(delta): 3044.71087
2 (QN/Block) 	Elapsed: 22.03900	Loglikelihood: -87423198.88026	(delta): 16.21630
3 (QN/Block) 	Elapsed: 22.20100	Loglikelihood: -87423187.05027	(delta): 11.82999
Bootstrap replicate #15
1 (QN/Block) 	Elapsed: 20.19300	Loglikelihood: -87390114.89430	(delta): 3699.14515
2 (QN/Block) 	Elapsed: 20.39100	Loglikelihood: -87390092.79449	(delta): 22.09982
3 (QN/Block) 	Elapsed: 21.34300	Loglikelihood: -87390072.03267	(delta): 20.76182
Bootstrap replicate #16
1 (QN/Block) 	Elapsed: 21.76500	Loglikelihood: -87402813.50676	(delta): 3145.94282
2 (QN/Block) 	Elapsed: 22.60800	Loglikelihood: -87402796.17259	(delta): 17.33416
3 (QN/Block) 	Elapsed: 23.72000	Loglikelihood: -87402775.07121	(delta): 21.10139
Bootstrap replicate #17
1 (QN/Block) 	Elapsed: 23.04800	Loglikelihood: -87403008.10165	(delta): 3162.22893
2 (QN/Block) 	Elapsed: 22.95300	Loglikelihood: -87402986.93540	(delta): 21.16625
3 (QN/Block) 	Elapsed: 22.49400	Loglikelihood: -87402967.49638	(delta): 19.43902
Bootstrap replicate #18
1 (QN/Block) 	Elapsed: 21.17300	Loglikelihood: -87358382.05879	(delta): 3329.59424
2 (QN/Block) 	Elapsed: 23.42600	Loglikelihood: -87358360.57250	(delta): 21.48629
3 (QN/Block) 	Elapsed: 22.72400	Loglikelihood: -87358347.54502	(delta): 13.02748
Bootstrap replicate #19
1 (QN/Block) 	Elapsed: 20.97100	Loglikelihood: -87435405.36636	(delta): 3422.88635
2 (QN/Block) 	Elapsed: 20.81200	Loglikelihood: -87435389.72010	(delta): 15.64626
3 (QN/Block) 	Elapsed: 22.32200	Loglikelihood: -87435375.75908	(delta): 13.96101
Bootstrap replicate #20
1 (QN/Block) 	Elapsed: 22.47400	Loglikelihood: -86917286.20290	(delta): 3648.32600
2 (QN/Block) 	Elapsed: 22.98100	Loglikelihood: -86917263.72255	(delta): 22.48035
3 (QN/Block) 	Elapsed: 18.75300	Loglikelihood: -86917245.02448	(delta): 18.69807
Bootstrap replicate #21
1 (QN/Block) 	Elapsed: 19.08300	Loglikelihood: -87398199.92332	(delta): 3056.77331
2 (QN/Block) 	Elapsed: 19.28000	Loglikelihood: -87398188.45211	(delta): 11.47121
3 (QN/Block) 	Elapsed: 21.09400	Loglikelihood: -87398178.56126	(delta): 9.89085
Bootstrap replicate #22
1 (QN/Block) 	Elapsed: 22.26700	Loglikelihood: -87529355.50890	(delta): 3236.91619
2 (QN/Block) 	Elapsed: 24.11200	Loglikelihood: -87529341.07444	(delta): 14.43446
3 (QN/Block) 	Elapsed: 22.89200	Loglikelihood: -87529327.81571	(delta): 13.25872
Bootstrap replicate #23
1 (QN/Block) 	Elapsed: 18.43400	Loglikelihood: -87397869.09679	(delta): 3347.49271
2 (QN/Block) 	Elapsed: 20.41900	Loglikelihood: -87397846.91869	(delta): 22.17810
3 (QN/Block) 	Elapsed: 23.00800	Loglikelihood: -87397827.15642	(delta): 19.76226
Bootstrap replicate #24
1 (QN/Block) 	Elapsed: 20.10600	Loglikelihood: -87267829.93811	(delta): 3621.14687
2 (QN/Block) 	Elapsed: 21.76900	Loglikelihood: -87267805.88746	(delta): 24.05065
3 (QN/Block) 	Elapsed: 23.34800	Loglikelihood: -87267781.96369	(delta): 23.92377
Bootstrap replicate #25
1 (QN/Block) 	Elapsed: 23.13100	Loglikelihood: -87558521.19686	(delta): 3428.04333
2 (QN/Block) 	Elapsed: 21.34000	Loglikelihood: -87558508.35774	(delta): 12.83911
3 (QN/Block) 	Elapsed: 19.70100	Loglikelihood: -87558495.36834	(delta): 12.98940
Bootstrap replicate #26
1 (QN/Block) 	Elapsed: 24.36400	Loglikelihood: -87537671.32584	(delta): 3113.13086
2 (QN/Block) 	Elapsed: 22.64000	Loglikelihood: -87537655.82757	(delta): 15.49826
3 (QN/Block) 	Elapsed: 16.93600	Loglikelihood: -87537640.67469	(delta): 15.15288
Bootstrap replicate #27
1 (QN/Block) 	Elapsed: 21.96300	Loglikelihood: -87216784.28537	(delta): 3227.42931
2 (QN/Block) 	Elapsed: 21.58800	Loglikelihood: -87216770.09280	(delta): 14.19257
3 (QN/Block) 	Elapsed: 22.65200	Loglikelihood: -87216758.46279	(delta): 11.63001
Bootstrap replicate #28
1 (QN/Block) 	Elapsed: 21.72900	Loglikelihood: -87630898.11680	(delta): 3367.93360
2 (QN/Block) 	Elapsed: 22.32800	Loglikelihood: -87630876.98644	(delta): 21.13037
3 (QN/Block) 	Elapsed: 23.21700	Loglikelihood: -87630850.74592	(delta): 26.24052
Bootstrap replicate #29
1 (QN/Block) 	Elapsed: 23.27900	Loglikelihood: -87487376.49726	(delta): 3364.64970
2 (QN/Block) 	Elapsed: 23.58000	Loglikelihood: -87487358.97007	(delta): 17.52720
3 (QN/Block) 	Elapsed: 19.68700	Loglikelihood: -87487340.86507	(delta): 18.10500
Bootstrap replicate #30
1 (QN/Block) 	Elapsed: 19.98800	Loglikelihood: -87356987.82401	(delta): 3068.32995
2 (QN/Block) 	Elapsed: 20.76100	Loglikelihood: -87356967.46540	(delta): 20.35861
3 (QN/Block) 	Elapsed: 18.96000	Loglikelihood: -87356951.40870	(delta): 16.05671
Bootstrap replicate #31
1 (QN/Block) 	Elapsed: 19.63800	Loglikelihood: -87527263.89706	(delta): 3227.36485
2 (QN/Block) 	Elapsed: 23.38600	Loglikelihood: -87527242.82356	(delta): 21.07350
3 (QN/Block) 	Elapsed: 21.43300	Loglikelihood: -87527228.55439	(delta): 14.26917
Bootstrap replicate #32
1 (QN/Block) 	Elapsed: 18.06500	Loglikelihood: -87437071.57688	(delta): 3678.09201
2 (QN/Block) 	Elapsed: 20.79100	Loglikelihood: -87437057.44248	(delta): 14.13440
3 (QN/Block) 	Elapsed: 23.02200	Loglikelihood: -87437048.80783	(delta): 8.63465
Bootstrap replicate #33
1 (QN/Block) 	Elapsed: 20.62300	Loglikelihood: -87517704.96548	(delta): 3301.77284
2 (QN/Block) 	Elapsed: 18.11700	Loglikelihood: -87517685.42537	(delta): 19.54010
3 (QN/Block) 	Elapsed: 21.88800	Loglikelihood: -87517658.99150	(delta): 26.43388
Bootstrap replicate #34
1 (QN/Block) 	Elapsed: 18.08100	Loglikelihood: -87227493.84738	(delta): 3393.02912
2 (QN/Block) 	Elapsed: 22.06300	Loglikelihood: -87227475.61002	(delta): 18.23737
3 (QN/Block) 	Elapsed: 20.21800	Loglikelihood: -87227452.10063	(delta): 23.50939
Bootstrap replicate #35
1 (QN/Block) 	Elapsed: 21.12500	Loglikelihood: -87326994.59529	(delta): 3436.32538
2 (QN/Block) 	Elapsed: 22.21600	Loglikelihood: -87326978.38139	(delta): 16.21390
3 (QN/Block) 	Elapsed: 21.38200	Loglikelihood: -87326958.78388	(delta): 19.59752
Bootstrap replicate #36
1 (QN/Block) 	Elapsed: 23.65900	Loglikelihood: -87491642.68914	(delta): 3408.14274
2 (QN/Block) 	Elapsed: 22.94900	Loglikelihood: -87491627.06502	(delta): 15.62412
3 (QN/Block) 	Elapsed: 22.96000	Loglikelihood: -87491616.00534	(delta): 11.05968
Bootstrap replicate #37
1 (QN/Block) 	Elapsed: 21.59300	Loglikelihood: -87308749.05812	(delta): 3355.26231
2 (QN/Block) 	Elapsed: 21.11400	Loglikelihood: -87308731.05534	(delta): 18.00278
3 (QN/Block) 	Elapsed: 22.80500	Loglikelihood: -87308713.51355	(delta): 17.54180
Bootstrap replicate #38
1 (QN/Block) 	Elapsed: 23.74200	Loglikelihood: -87554526.58930	(delta): 3019.66059
2 (QN/Block) 	Elapsed: 21.66300	Loglikelihood: -87554508.77323	(delta): 17.81608
3 (QN/Block) 	Elapsed: 22.74300	Loglikelihood: -87554489.14063	(delta): 19.63259
Bootstrap replicate #39
1 (QN/Block) 	Elapsed: 20.86700	Loglikelihood: -87305893.29920	(delta): 3514.06359
2 (QN/Block) 	Elapsed: 20.46400	Loglikelihood: -87305873.03489	(delta): 20.26431
3 (QN/Block) 	Elapsed: 22.84000	Loglikelihood: -87305854.05853	(delta): 18.97636
Bootstrap replicate #40
1 (QN/Block) 	Elapsed: 21.91600	Loglikelihood: -87272266.25996	(delta): 2824.20499
2 (QN/Block) 	Elapsed: 23.63400	Loglikelihood: -87272246.69049	(delta): 19.56947
3 (QN/Block) 	Elapsed: 23.36000	Loglikelihood: -87272235.61601	(delta): 11.07447
Bootstrap replicate #41
1 (QN/Block) 	Elapsed: 23.20400	Loglikelihood: -87378401.63860	(delta): 3209.98349
2 (QN/Block) 	Elapsed: 23.00300	Loglikelihood: -87378383.30777	(delta): 18.33083
3 (QN/Block) 	Elapsed: 21.99800	Loglikelihood: -87378364.92691	(delta): 18.38087
Bootstrap replicate #42
1 (QN/Block) 	Elapsed: 22.10400	Loglikelihood: -87556465.35652	(delta): 3562.36751
2 (QN/Block) 	Elapsed: 22.06600	Loglikelihood: -87556449.23582	(delta): 16.12070
3 (QN/Block) 	Elapsed: 23.35900	Loglikelihood: -87556423.94756	(delta): 25.28826
Bootstrap replicate #43
1 (QN/Block) 	Elapsed: 18.99400	Loglikelihood: -87524864.72719	(delta): 3016.34484
2 (QN/Block) 	Elapsed: 21.33500	Loglikelihood: -87524848.66551	(delta): 16.06169
3 (QN/Block) 	Elapsed: 20.71400	Loglikelihood: -87524836.34268	(delta): 12.32283
Bootstrap replicate #44
1 (QN/Block) 	Elapsed: 23.26400	Loglikelihood: -87517287.86974	(delta): 3181.30739
2 (QN/Block) 	Elapsed: 23.30200	Loglikelihood: -87517274.94323	(delta): 12.92651
3 (QN/Block) 	Elapsed: 24.06600	Loglikelihood: -87517267.00569	(delta): 7.93755
Bootstrap replicate #45
1 (QN/Block) 	Elapsed: 20.82900	Loglikelihood: -87314832.45351	(delta): 2799.17950
2 (QN/Block) 	Elapsed: 23.04300	Loglikelihood: -87314818.62061	(delta): 13.83290
3 (QN/Block) 	Elapsed: 23.28900	Loglikelihood: -87314805.79496	(delta): 12.82565
Bootstrap replicate #46
1 (QN/Block) 	Elapsed: 23.21100	Loglikelihood: -87497739.36122	(delta): 3055.07601
2 (QN/Block) 	Elapsed: 23.73200	Loglikelihood: -87497726.46399	(delta): 12.89723
3 (QN/Block) 	Elapsed: 24.39400	Loglikelihood: -87497715.78994	(delta): 10.67405
Bootstrap replicate #47
1 (QN/Block) 	Elapsed: 24.45100	Loglikelihood: -87650493.53568	(delta): 3418.52736
2 (QN/Block) 	Elapsed: 24.09500	Loglikelihood: -87650471.79641	(delta): 21.73927
3 (QN/Block) 	Elapsed: 24.79900	Loglikelihood: -87650453.25052	(delta): 18.54589
Bootstrap replicate #48
1 (QN/Block) 	Elapsed: 16.92600	Loglikelihood: -87449034.69440	(delta): 3434.47074
2 (QN/Block) 	Elapsed: 20.72100	Loglikelihood: -87449008.97137	(delta): 25.72303
3 (QN/Block) 	Elapsed: 22.15700	Loglikelihood: -87448982.88135	(delta): 26.09002
Bootstrap replicate #49
1 (QN/Block) 	Elapsed: 21.26900	Loglikelihood: -87348543.64911	(delta): 2995.78097
2 (QN/Block) 	Elapsed: 23.08900	Loglikelihood: -87348526.77174	(delta): 16.87737
3 (QN/Block) 	Elapsed: 21.09100	Loglikelihood: -87348514.22342	(delta): 12.54832
Bootstrap replicate #50
1 (QN/Block) 	Elapsed: 19.08800	Loglikelihood: -87250509.48494	(delta): 2989.55941
2 (QN/Block) 	Elapsed: 20.32800	Loglikelihood: -87250490.50597	(delta): 18.97897
3 (QN/Block) 	Elapsed: 20.16200	Loglikelihood: -87250472.69031	(delta): 17.81566
Bootstrap replicate #51
1 (QN/Block) 	Elapsed: 18.95800	Loglikelihood: -87446462.66672	(delta): 3462.28084
2 (QN/Block) 	Elapsed: 22.67300	Loglikelihood: -87446445.59605	(delta): 17.07067
3 (QN/Block) 	Elapsed: 20.97200	Loglikelihood: -87446432.70057	(delta): 12.89548
Bootstrap replicate #52
1 (QN/Block) 	Elapsed: 22.16500	Loglikelihood: -87264200.70888	(delta): 3084.75148
2 (QN/Block) 	Elapsed: 23.00600	Loglikelihood: -87264184.78888	(delta): 15.92000
3 (QN/Block) 	Elapsed: 23.79200	Loglikelihood: -87264167.26137	(delta): 17.52751
Bootstrap replicate #53
1 (QN/Block) 	Elapsed: 22.51400	Loglikelihood: -87606035.01278	(delta): 3099.04023
2 (QN/Block) 	Elapsed: 18.80000	Loglikelihood: -87606017.41579	(delta): 17.59699
3 (QN/Block) 	Elapsed: 23.93200	Loglikelihood: -87606004.91662	(delta): 12.49917
Bootstrap replicate #54
1 (QN/Block) 	Elapsed: 19.75400	Loglikelihood: -87094563.76267	(delta): 3701.39912
2 (QN/Block) 	Elapsed: 20.49600	Loglikelihood: -87094537.18374	(delta): 26.57893
3 (QN/Block) 	Elapsed: 21.75500	Loglikelihood: -87094504.12439	(delta): 33.05935
Bootstrap replicate #55
1 (QN/Block) 	Elapsed: 17.98600	Loglikelihood: -87292542.63935	(delta): 3075.47127
2 (QN/Block) 	Elapsed: 21.98000	Loglikelihood: -87292526.13402	(delta): 16.50534
3 (QN/Block) 	Elapsed: 23.40900	Loglikelihood: -87292510.28320	(delta): 15.85082
Bootstrap replicate #56
1 (QN/Block) 	Elapsed: 23.51700	Loglikelihood: -87682418.97369	(delta): 3212.91847
2 (QN/Block) 	Elapsed: 19.02300	Loglikelihood: -87682404.49564	(delta): 14.47806
3 (QN/Block) 	Elapsed: 23.35600	Loglikelihood: -87682394.46128	(delta): 10.03435
Bootstrap replicate #57
1 (QN/Block) 	Elapsed: 22.29300	Loglikelihood: -87482920.30216	(delta): 3714.83422
2 (QN/Block) 	Elapsed: 22.99000	Loglikelihood: -87482904.14033	(delta): 16.16183
3 (QN/Block) 	Elapsed: 23.22700	Loglikelihood: -87482889.13526	(delta): 15.00506
Bootstrap replicate #58
1 (QN/Block) 	Elapsed: 20.85000	Loglikelihood: -87450527.22634	(delta): 3266.17288
2 (QN/Block) 	Elapsed: 21.20500	Loglikelihood: -87450512.73776	(delta): 14.48858
3 (QN/Block) 	Elapsed: 23.06400	Loglikelihood: -87450495.57819	(delta): 17.15957
Bootstrap replicate #59
1 (QN/Block) 	Elapsed: 21.57300	Loglikelihood: -87402689.14210	(delta): 3462.38000
2 (QN/Block) 	Elapsed: 22.88600	Loglikelihood: -87402673.24314	(delta): 15.89896
3 (QN/Block) 	Elapsed: 22.95100	Loglikelihood: -87402661.10820	(delta): 12.13494
Bootstrap replicate #60
1 (QN/Block) 	Elapsed: 23.05000	Loglikelihood: -87576145.26589	(delta): 3278.51158
2 (QN/Block) 	Elapsed: 24.13200	Loglikelihood: -87576124.07336	(delta): 21.19252
3 (QN/Block) 	Elapsed: 23.78300	Loglikelihood: -87576109.33151	(delta): 14.74185
Bootstrap replicate #61
1 (QN/Block) 	Elapsed: 19.49200	Loglikelihood: -87587813.47636	(delta): 2961.14810
2 (QN/Block) 	Elapsed: 20.77400	Loglikelihood: -87587800.54232	(delta): 12.93404
3 (QN/Block) 	Elapsed: 21.52100	Loglikelihood: -87587788.66709	(delta): 11.87522
Bootstrap replicate #62
1 (QN/Block) 	Elapsed: 24.28900	Loglikelihood: -87376377.01656	(delta): 3294.97691
2 (QN/Block) 	Elapsed: 21.61800	Loglikelihood: -87376362.09762	(delta): 14.91894
3 (QN/Block) 	Elapsed: 22.68300	Loglikelihood: -87376347.21035	(delta): 14.88727
Bootstrap replicate #63
1 (QN/Block) 	Elapsed: 17.22100	Loglikelihood: -87455359.15515	(delta): 3411.76594
2 (QN/Block) 	Elapsed: 19.44300	Loglikelihood: -87455347.90083	(delta): 11.25432
3 (QN/Block) 	Elapsed: 21.98400	Loglikelihood: -87455342.00513	(delta): 5.89570
Bootstrap replicate #64
1 (QN/Block) 	Elapsed: 21.54000	Loglikelihood: -87486471.39423	(delta): 3333.33192
2 (QN/Block) 	Elapsed: 23.91500	Loglikelihood: -87486457.90475	(delta): 13.48948
3 (QN/Block) 	Elapsed: 23.33800	Loglikelihood: -87486445.96264	(delta): 11.94211
Bootstrap replicate #65
1 (QN/Block) 	Elapsed: 23.87200	Loglikelihood: -87734945.33254	(delta): 3921.94488
2 (QN/Block) 	Elapsed: 22.93300	Loglikelihood: -87734921.17721	(delta): 24.15533
3 (QN/Block) 	Elapsed: 23.69300	Loglikelihood: -87734906.30539	(delta): 14.87182
Bootstrap replicate #66
1 (QN/Block) 	Elapsed: 23.26100	Loglikelihood: -87333420.55234	(delta): 3453.55618
2 (QN/Block) 	Elapsed: 21.62300	Loglikelihood: -87333396.61481	(delta): 23.93753
3 (QN/Block) 	Elapsed: 24.60200	Loglikelihood: -87333375.68897	(delta): 20.92583
Bootstrap replicate #67
1 (QN/Block) 	Elapsed: 23.14300	Loglikelihood: -87400608.99911	(delta): 3134.41190
2 (QN/Block) 	Elapsed: 22.03400	Loglikelihood: -87400595.38102	(delta): 13.61809
3 (QN/Block) 	Elapsed: 24.39100	Loglikelihood: -87400584.19194	(delta): 11.18907
Bootstrap replicate #68
1 (QN/Block) 	Elapsed: 15.15600	Loglikelihood: -87416824.76711	(delta): 3101.44790
2 (QN/Block) 	Elapsed: 15.73200	Loglikelihood: -87416810.27946	(delta): 14.48766
3 (QN/Block) 	Elapsed: 22.91400	Loglikelihood: -87416799.00657	(delta): 11.27288
Bootstrap replicate #69
1 (QN/Block) 	Elapsed: 23.24300	Loglikelihood: -87548937.75632	(delta): 3487.63483
2 (QN/Block) 	Elapsed: 24.12500	Loglikelihood: -87548918.91977	(delta): 18.83655
3 (QN/Block) 	Elapsed: 21.13200	Loglikelihood: -87548907.26897	(delta): 11.65080
Bootstrap replicate #70
1 (QN/Block) 	Elapsed: 20.27100	Loglikelihood: -87556630.07818	(delta): 2660.67593
2 (QN/Block) 	Elapsed: 18.17100	Loglikelihood: -87556617.40511	(delta): 12.67307
3 (QN/Block) 	Elapsed: 20.73100	Loglikelihood: -87556606.54419	(delta): 10.86092
Bootstrap replicate #71
1 (QN/Block) 	Elapsed: 22.85400	Loglikelihood: -87504292.81073	(delta): 3458.66880
2 (QN/Block) 	Elapsed: 24.37800	Loglikelihood: -87504276.58043	(delta): 16.23030
3 (QN/Block) 	Elapsed: 23.78900	Loglikelihood: -87504271.62478	(delta): 4.95565
Bootstrap replicate #72
1 (QN/Block) 	Elapsed: 19.39600	Loglikelihood: -87432417.71320	(delta): 3335.63432
2 (QN/Block) 	Elapsed: 23.47800	Loglikelihood: -87432398.32433	(delta): 19.38887
3 (QN/Block) 	Elapsed: 17.93000	Loglikelihood: -87432377.49705	(delta): 20.82728
Bootstrap replicate #73
1 (QN/Block) 	Elapsed: 21.56900	Loglikelihood: -87386744.15384	(delta): 3553.62006
2 (QN/Block) 	Elapsed: 22.76100	Loglikelihood: -87386728.49806	(delta): 15.65578
3 (QN/Block) 	Elapsed: 23.13400	Loglikelihood: -87386711.81666	(delta): 16.68140
Bootstrap replicate #74
1 (QN/Block) 	Elapsed: 20.98800	Loglikelihood: -87317593.65813	(delta): 3119.82694
2 (QN/Block) 	Elapsed: 21.06600	Loglikelihood: -87317576.40448	(delta): 17.25365
3 (QN/Block) 	Elapsed: 21.79800	Loglikelihood: -87317552.60749	(delta): 23.79699
Bootstrap replicate #75
1 (QN/Block) 	Elapsed: 23.21000	Loglikelihood: -87241697.53573	(delta): 3464.35164
2 (QN/Block) 	Elapsed: 23.03600	Loglikelihood: -87241677.93568	(delta): 19.60005
3 (QN/Block) 	Elapsed: 19.13400	Loglikelihood: -87241660.74072	(delta): 17.19495
Bootstrap replicate #76
1 (QN/Block) 	Elapsed: 21.88200	Loglikelihood: -87366868.10256	(delta): 3484.75737
2 (QN/Block) 	Elapsed: 21.77800	Loglikelihood: -87366854.49685	(delta): 13.60572
3 (QN/Block) 	Elapsed: 23.28600	Loglikelihood: -87366844.89710	(delta): 9.59975
Bootstrap replicate #77
1 (QN/Block) 	Elapsed: 23.39100	Loglikelihood: -87543999.08025	(delta): 3649.83815
2 (QN/Block) 	Elapsed: 21.36800	Loglikelihood: -87543978.48710	(delta): 20.59315
3 (QN/Block) 	Elapsed: 23.28200	Loglikelihood: -87543959.02694	(delta): 19.46016
Bootstrap replicate #78
1 (QN/Block) 	Elapsed: 20.26300	Loglikelihood: -87440261.78260	(delta): 3249.26891
2 (QN/Block) 	Elapsed: 24.13900	Loglikelihood: -87440244.89832	(delta): 16.88427
3 (QN/Block) 	Elapsed: 23.28200	Loglikelihood: -87440233.38136	(delta): 11.51696
Bootstrap replicate #79
1 (QN/Block) 	Elapsed: 20.36000	Loglikelihood: -87321738.37563	(delta): 3295.94702
2 (QN/Block) 	Elapsed: 20.93200	Loglikelihood: -87321724.75038	(delta): 13.62525
3 (QN/Block) 	Elapsed: 21.03400	Loglikelihood: -87321712.53379	(delta): 12.21660
Bootstrap replicate #80
1 (QN/Block) 	Elapsed: 22.53800	Loglikelihood: -87151372.63974	(delta): 3113.96427
2 (QN/Block) 	Elapsed: 22.49700	Loglikelihood: -87151353.86755	(delta): 18.77218
3 (QN/Block) 	Elapsed: 23.79100	Loglikelihood: -87151333.77402	(delta): 20.09354
Bootstrap replicate #81
1 (QN/Block) 	Elapsed: 19.01300	Loglikelihood: -87398600.95087	(delta): 3866.35654
2 (QN/Block) 	Elapsed: 22.07200	Loglikelihood: -87398576.21822	(delta): 24.73265
3 (QN/Block) 	Elapsed: 20.58800	Loglikelihood: -87398558.55915	(delta): 17.65907
Bootstrap replicate #82
1 (QN/Block) 	Elapsed: 19.27600	Loglikelihood: -87321465.95201	(delta): 3606.94774
2 (QN/Block) 	Elapsed: 21.45500	Loglikelihood: -87321443.67033	(delta): 22.28168
3 (QN/Block) 	Elapsed: 20.31000	Loglikelihood: -87321423.22052	(delta): 20.44981
Bootstrap replicate #83
1 (QN/Block) 	Elapsed: 18.37600	Loglikelihood: -87365244.05649	(delta): 3735.24858
2 (QN/Block) 	Elapsed: 21.09300	Loglikelihood: -87365222.95394	(delta): 21.10256
3 (QN/Block) 	Elapsed: 21.99700	Loglikelihood: -87365207.58219	(delta): 15.37175
Bootstrap replicate #84
1 (QN/Block) 	Elapsed: 18.70800	Loglikelihood: -87173497.31895	(delta): 2970.49965
2 (QN/Block) 	Elapsed: 21.77300	Loglikelihood: -87173484.74008	(delta): 12.57887
3 (QN/Block) 	Elapsed: 20.34200	Loglikelihood: -87173469.54929	(delta): 15.19079
Bootstrap replicate #85
1 (QN/Block) 	Elapsed: 22.37000	Loglikelihood: -87241807.26128	(delta): 3442.01403
2 (QN/Block) 	Elapsed: 23.28500	Loglikelihood: -87241790.76211	(delta): 16.49917
3 (QN/Block) 	Elapsed: 23.59100	Loglikelihood: -87241774.04712	(delta): 16.71499
Bootstrap replicate #86
1 (QN/Block) 	Elapsed: 23.06900	Loglikelihood: -87288468.87743	(delta): 3251.34604
2 (QN/Block) 	Elapsed: 21.05100	Loglikelihood: -87288453.08361	(delta): 15.79382
3 (QN/Block) 	Elapsed: 23.01000	Loglikelihood: -87288432.59196	(delta): 20.49165
Bootstrap replicate #87
1 (QN/Block) 	Elapsed: 21.41100	Loglikelihood: -87342485.55015	(delta): 3015.61940
2 (QN/Block) 	Elapsed: 18.37900	Loglikelihood: -87342470.75427	(delta): 14.79588
3 (QN/Block) 	Elapsed: 23.56300	Loglikelihood: -87342452.09076	(delta): 18.66351
Bootstrap replicate #88
1 (QN/Block) 	Elapsed: 21.64200	Loglikelihood: -87318547.95554	(delta): 3029.76820
2 (QN/Block) 	Elapsed: 18.44000	Loglikelihood: -87318529.81323	(delta): 18.14231
3 (QN/Block) 	Elapsed: 19.98100	Loglikelihood: -87318513.38727	(delta): 16.42596
Bootstrap replicate #89
1 (QN/Block) 	Elapsed: 21.33300	Loglikelihood: -87426887.79929	(delta): 3379.32815
2 (QN/Block) 	Elapsed: 22.46600	Loglikelihood: -87426868.84719	(delta): 18.95210
3 (QN/Block) 	Elapsed: 20.50000	Loglikelihood: -87426857.85989	(delta): 10.98730
Bootstrap replicate #90
1 (QN/Block) 	Elapsed: 20.75100	Loglikelihood: -87440699.22328	(delta): 2962.69144
2 (QN/Block) 	Elapsed: 22.40500	Loglikelihood: -87440685.70382	(delta): 13.51946
3 (QN/Block) 	Elapsed: 21.58400	Loglikelihood: -87440676.35491	(delta): 9.34890
Bootstrap replicate #91
1 (QN/Block) 	Elapsed: 19.36700	Loglikelihood: -87375439.80781	(delta): 3278.46532
2 (QN/Block) 	Elapsed: 22.20600	Loglikelihood: -87375419.58830	(delta): 20.21951
3 (QN/Block) 	Elapsed: 23.84700	Loglikelihood: -87375405.22009	(delta): 14.36821
Bootstrap replicate #92
1 (QN/Block) 	Elapsed: 19.42900	Loglikelihood: -87353821.87454	(delta): 3130.71241
2 (QN/Block) 	Elapsed: 16.05600	Loglikelihood: -87353805.70650	(delta): 16.16804
3 (QN/Block) 	Elapsed: 14.02800	Loglikelihood: -87353796.69958	(delta): 9.00693
Bootstrap replicate #93
1 (QN/Block) 	Elapsed: 14.64000	Loglikelihood: -87292880.33754	(delta): 3124.94439
2 (QN/Block) 	Elapsed: 13.96500	Loglikelihood: -87292862.77181	(delta): 17.56572
3 (QN/Block) 	Elapsed: 14.30100	Loglikelihood: -87292844.17115	(delta): 18.60066
Bootstrap replicate #94
1 (QN/Block) 	Elapsed: 13.99400	Loglikelihood: -87197213.17454	(delta): 2865.46794
2 (QN/Block) 	Elapsed: 13.97000	Loglikelihood: -87197201.20652	(delta): 11.96802
3 (QN/Block) 	Elapsed: 14.19400	Loglikelihood: -87197187.27647	(delta): 13.93005
Bootstrap replicate #95
1 (QN/Block) 	Elapsed: 14.06800	Loglikelihood: -87442497.52363	(delta): 3096.66760
2 (QN/Block) 	Elapsed: 14.10800	Loglikelihood: -87442485.81903	(delta): 11.70460
3 (QN/Block) 	Elapsed: 15.89800	Loglikelihood: -87442480.49209	(delta): 5.32694
Bootstrap replicate #96
1 (QN/Block) 	Elapsed: 20.05200	Loglikelihood: -87439009.73158	(delta): 3888.28187
2 (QN/Block) 	Elapsed: 23.26400	Loglikelihood: -87438991.48878	(delta): 18.24281
3 (QN/Block) 	Elapsed: 25.19700	Loglikelihood: -87438976.80385	(delta): 14.68493
Bootstrap replicate #97
1 (QN/Block) 	Elapsed: 22.71100	Loglikelihood: -87298731.02757	(delta): 3037.76386
2 (QN/Block) 	Elapsed: 22.50300	Loglikelihood: -87298714.24103	(delta): 16.78654
3 (QN/Block) 	Elapsed: 24.69200	Loglikelihood: -87298700.31508	(delta): 13.92595
Bootstrap replicate #98
1 (QN/Block) 	Elapsed: 23.50900	Loglikelihood: -87260263.87402	(delta): 3307.34157
2 (QN/Block) 	Elapsed: 19.84900	Loglikelihood: -87260248.61743	(delta): 15.25659
3 (QN/Block) 	Elapsed: 23.77400	Loglikelihood: -87260233.85409	(delta): 14.76334
Bootstrap replicate #99
1 (QN/Block) 	Elapsed: 22.44800	Loglikelihood: -87263663.35569	(delta): 3517.54329
2 (QN/Block) 	Elapsed: 21.70500	Loglikelihood: -87263648.45217	(delta): 14.90352
3 (QN/Block) 	Elapsed: 24.11300	Loglikelihood: -87263635.08792	(delta): 13.36425
Bootstrap replicate #100
1 (QN/Block) 	Elapsed: 19.87700	Loglikelihood: -87348696.04709	(delta): 3408.15377
2 (QN/Block) 	Elapsed: 23.42600	Loglikelihood: -87348676.46688	(delta): 19.58021
3 (QN/Block) 	Elapsed: 23.41000	Loglikelihood: -87348658.49126	(delta): 17.97562
Bootstrap replicate #101
1 (QN/Block) 	Elapsed: 21.08900	Loglikelihood: -87373254.94319	(delta): 2887.00355
2 (QN/Block) 	Elapsed: 20.64000	Loglikelihood: -87373238.41013	(delta): 16.53305
3 (QN/Block) 	Elapsed: 23.97300	Loglikelihood: -87373224.90232	(delta): 13.50781
Bootstrap replicate #102
1 (QN/Block) 	Elapsed: 22.05500	Loglikelihood: -87321067.16489	(delta): 3478.66956
2 (QN/Block) 	Elapsed: 22.51500	Loglikelihood: -87321051.89337	(delta): 15.27152
3 (QN/Block) 	Elapsed: 22.95500	Loglikelihood: -87321038.51731	(delta): 13.37605
Bootstrap replicate #103
1 (QN/Block) 	Elapsed: 21.85600	Loglikelihood: -87429638.74517	(delta): 3256.06133
2 (QN/Block) 	Elapsed: 22.08400	Loglikelihood: -87429625.39622	(delta): 13.34895
3 (QN/Block) 	Elapsed: 21.72300	Loglikelihood: -87429611.90935	(delta): 13.48688
Bootstrap replicate #104
1 (QN/Block) 	Elapsed: 23.98300	Loglikelihood: -87218094.93498	(delta): 3525.76109
2 (QN/Block) 	Elapsed: 22.27500	Loglikelihood: -87218078.19123	(delta): 16.74375
3 (QN/Block) 	Elapsed: 24.26700	Loglikelihood: -87218054.82148	(delta): 23.36975
Bootstrap replicate #105
1 (QN/Block) 	Elapsed: 23.00500	Loglikelihood: -87372499.52189	(delta): 2847.79577
2 (QN/Block) 	Elapsed: 23.41800	Loglikelihood: -87372480.94515	(delta): 18.57673
3 (QN/Block) 	Elapsed: 25.24700	Loglikelihood: -87372457.70720	(delta): 23.23795
Bootstrap replicate #106
1 (QN/Block) 	Elapsed: 20.63200	Loglikelihood: -87603570.27531	(delta): 3776.11799
2 (QN/Block) 	Elapsed: 23.19400	Loglikelihood: -87603555.46629	(delta): 14.80902
3 (QN/Block) 	Elapsed: 23.59900	Loglikelihood: -87603542.98441	(delta): 12.48188
Bootstrap replicate #107
1 (QN/Block) 	Elapsed: 22.33700	Loglikelihood: -87500796.49626	(delta): 3394.85711
2 (QN/Block) 	Elapsed: 22.79700	Loglikelihood: -87500775.54038	(delta): 20.95589
3 (QN/Block) 	Elapsed: 21.88200	Loglikelihood: -87500752.60978	(delta): 22.93060
Bootstrap replicate #108
1 (QN/Block) 	Elapsed: 21.89300	Loglikelihood: -87395045.55110	(delta): 3373.72145
2 (QN/Block) 	Elapsed: 20.19200	Loglikelihood: -87395026.30626	(delta): 19.24484
3 (QN/Block) 	Elapsed: 22.66600	Loglikelihood: -87395012.00096	(delta): 14.30531
Bootstrap replicate #109
1 (QN/Block) 	Elapsed: 23.05600	Loglikelihood: -87275179.22768	(delta): 3477.58024
2 (QN/Block) 	Elapsed: 20.09100	Loglikelihood: -87275159.84677	(delta): 19.38091
3 (QN/Block) 	Elapsed: 20.72300	Loglikelihood: -87275136.87856	(delta): 22.96821
Bootstrap replicate #110
1 (QN/Block) 	Elapsed: 22.19400	Loglikelihood: -87440175.90711	(delta): 3301.54619
2 (QN/Block) 	Elapsed: 18.70400	Loglikelihood: -87440156.91754	(delta): 18.98957
3 (QN/Block) 	Elapsed: 13.93400	Loglikelihood: -87440140.84034	(delta): 16.07720
Bootstrap replicate #111
1 (QN/Block) 	Elapsed: 13.66700	Loglikelihood: -87560449.71071	(delta): 3989.63880
2 (QN/Block) 	Elapsed: 13.76400	Loglikelihood: -87560428.52703	(delta): 21.18368
3 (QN/Block) 	Elapsed: 13.86000	Loglikelihood: -87560409.17411	(delta): 19.35292
Bootstrap replicate #112
1 (QN/Block) 	Elapsed: 13.78300	Loglikelihood: -87427327.82541	(delta): 3153.92230
2 (QN/Block) 	Elapsed: 14.04600	Loglikelihood: -87427312.62860	(delta): 15.19681
3 (QN/Block) 	Elapsed: 21.97400	Loglikelihood: -87427302.54021	(delta): 10.08838
Bootstrap replicate #113
1 (QN/Block) 	Elapsed: 23.50300	Loglikelihood: -87511453.20225	(delta): 3591.41713
2 (QN/Block) 	Elapsed: 22.60000	Loglikelihood: -87511433.44818	(delta): 19.75408
3 (QN/Block) 	Elapsed: 20.94800	Loglikelihood: -87511411.19205	(delta): 22.25613
Bootstrap replicate #114
1 (QN/Block) 	Elapsed: 17.69700	Loglikelihood: -87292310.75077	(delta): 3805.39762
2 (QN/Block) 	Elapsed: 24.24700	Loglikelihood: -87292282.67406	(delta): 28.07671
3 (QN/Block) 	Elapsed: 24.57400	Loglikelihood: -87292247.83454	(delta): 34.83952
Bootstrap replicate #115
1 (QN/Block) 	Elapsed: 25.52200	Loglikelihood: -87387108.66443	(delta): 2880.46126
2 (QN/Block) 	Elapsed: 26.77400	Loglikelihood: -87387092.77968	(delta): 15.88475
3 (QN/Block) 	Elapsed: 27.68400	Loglikelihood: -87387075.90384	(delta): 16.87584
Bootstrap replicate #116
1 (QN/Block) 	Elapsed: 20.07800	Loglikelihood: -87265918.43166	(delta): 3418.96545
2 (QN/Block) 	Elapsed: 15.56300	Loglikelihood: -87265900.15617	(delta): 18.27549
3 (QN/Block) 	Elapsed: 15.03800	Loglikelihood: -87265883.70361	(delta): 16.45256
Bootstrap replicate #117
1 (QN/Block) 	Elapsed: 23.17600	Loglikelihood: -87427545.25758	(delta): 3138.41500
2 (QN/Block) 	Elapsed: 25.03000	Loglikelihood: -87427525.76172	(delta): 19.49586
3 (QN/Block) 	Elapsed: 25.70800	Loglikelihood: -87427508.47603	(delta): 17.28569
Bootstrap replicate #118
1 (QN/Block) 	Elapsed: 24.25800	Loglikelihood: -87521853.01856	(delta): 3277.07056
2 (QN/Block) 	Elapsed: 24.34000	Loglikelihood: -87521834.76263	(delta): 18.25593
3 (QN/Block) 	Elapsed: 24.67200	Loglikelihood: -87521821.15413	(delta): 13.60850
Bootstrap replicate #119
