PLINK v1.90b3.31 64-bit (3 Feb 2016)
Options in effect:
  --allow-no-sex
  --double-id
  --keep-allele-order
  --out raw-camgwas
  --recode oxford
  --vcf camgwas_merge.vcf.gz

Hostname: delgemebioserver
Working directory: /BIODATA/StudentsHome/kevine/GWAS/Git/GWAS/analysis
Start time: Mon May 13 23:27:57 2019

Random number seed: 1557790077
967454 MB RAM detected; reserving 483727 MB for main workspace.
Allocated 362795 MB successfully, after larger attempt(s) failed.
--vcf: raw-camgwas-temporary.bed + raw-camgwas-temporary.bim +
raw-camgwas-temporary.fam written.
2368677 variants loaded from .bim file.
1471 people (0 males, 0 females, 1471 ambiguous) loaded from .fam.
Ambiguous sex IDs written to raw-camgwas.nosex .
Using 1 thread (no multithreaded calculations invoked.
Before main variant filters, 1471 founders and 0 nonfounders present.
Calculating allele frequencies... done.
Warning: Nonmissing nonmale Y chromosome genotype(s) present; many commands
treat these as missing.
Total genotyping rate is 0.953866.
2368677 variants and 1471 people pass filters and QC.
Note: No phenotypes present.
--recode oxford to raw-camgwas.gen + raw-camgwas.sample ... done.

End time: Mon May 13 23:31:29 2019
PLINK v1.90b3.31 64-bit (3 Feb 2016)
Options in effect:
  --allow-no-sex
  --data raw-camgwas
  --exclude dups.dupvar
  --keep-allele-order
  --make-bed
  --out raw-camGwas
  --split-x b37

Hostname: delgemebioserver
Working directory: /BIODATA/StudentsHome/kevine/GWAS/Git/GWAS/analysis
Start time: Mon May 13 23:32:02 2019

Random number seed: 1557790322
967454 MB RAM detected; reserving 483727 MB for main workspace.
Allocated 362795 MB successfully, after larger attempt(s) failed.
--data: raw-camGwas-temporary.bed + raw-camGwas-temporary.bim +
raw-camGwas-temporary.fam written.
2368677 variants loaded from .bim file.
1471 people (875 males, 596 females) loaded from .fam.
1471 phenotype values loaded from .fam.
--exclude: 2363060 variants remaining.
Using 1 thread (no multithreaded calculations invoked.
Before main variant filters, 1471 founders and 0 nonfounders present.
Calculating allele frequencies... done.
Warning: 1223994 het. haploid genotypes present (see raw-camGwas.hh ); many
commands treat these as missing.
Warning: Nonmissing nonmale Y chromosome genotype(s) present; many commands
treat these as missing.
Total genotyping rate is 0.953458.
2363060 variants and 1471 people pass filters and QC.
Among remaining phenotypes, 693 are cases and 778 are controls.
--split-x: 1164 chromosome codes changed.
--make-bed to raw-camGwas.bed + raw-camGwas.bim + raw-camGwas.fam ... done.

End time: Mon May 13 23:32:37 2019
PLINK v1.90b3.31 64-bit (3 Feb 2016)
Options in effect:
  --allow-no-sex
  --bfile raw-camGwas
  --keep-allele-order
  --make-bed
  --out raw-camgwas
  --update-name allMysnps.txt 1 2

Hostname: delgemebioserver
Working directory: /BIODATA/StudentsHome/kevine/GWAS/Git/GWAS/analysis
Start time: Mon May 13 23:32:39 2019

Random number seed: 1557790359
967454 MB RAM detected; reserving 483727 MB for main workspace.
Allocated 362795 MB successfully, after larger attempt(s) failed.
2363060 variants loaded from .bim file.
1471 people (875 males, 596 females) loaded from .fam.
1471 phenotype values loaded from .fam.
--update-name: 2363060 values updated.
Using 1 thread (no multithreaded calculations invoked.
Before main variant filters, 1471 founders and 0 nonfounders present.
Calculating allele frequencies... done.
Warning: 999034 het. haploid genotypes present (see raw-camgwas.hh ); many
commands treat these as missing.
Warning: Nonmissing nonmale Y chromosome genotype(s) present; many commands
treat these as missing.
Total genotyping rate is 0.953523.
2363060 variants and 1471 people pass filters and QC.
Among remaining phenotypes, 693 are cases and 778 are controls.
--make-bed to raw-camgwas.bed + raw-camgwas.bim + raw-camgwas.fam ... done.

End time: Mon May 13 23:32:44 2019
PLINK v1.90b3.31 64-bit (3 Feb 2016)
Options in effect:
  --allow-no-sex
  --bfile raw-camgwas
  --indep-pairwise 50 5 0.2
  --out prunedsnplist
  --set-hh-missing

Hostname: delgemebioserver
Working directory: /BIODATA/StudentsHome/kevine/GWAS/Git/GWAS/analysis
Start time: Mon May 13 23:32:44 2019

Random number seed: 1557790364
967454 MB RAM detected; reserving 483727 MB for main workspace.
Allocated 362795 MB successfully, after larger attempt(s) failed.
2363060 variants loaded from .bim file.
1471 people (875 males, 596 females) loaded from .fam.
1471 phenotype values loaded from .fam.
Using 1 thread (no multithreaded calculations invoked.
Before main variant filters, 1471 founders and 0 nonfounders present.
Calculating allele frequencies... done.
Warning: 999034 het. haploid genotypes present (see prunedsnplist.hh ); many
commands treat these as missing.
Warning: Nonmissing nonmale Y chromosome genotype(s) present; many commands
treat these as missing.
Total genotyping rate is 0.953523.
2363060 variants and 1471 people pass filters and QC.
Among remaining phenotypes, 693 are cases and 778 are controls.
Pruned 133380 variants from chromosome 1, leaving 50118.
Pruned 141465 variants from chromosome 2, leaving 52048.
Pruned 119397 variants from chromosome 3, leaving 43966.
Pruned 111107 variants from chromosome 4, leaving 41311.
Pruned 105343 variants from chromosome 5, leaving 39874.
Pruned 113824 variants from chromosome 6, leaving 40165.
Pruned 93677 variants from chromosome 7, leaving 34966.
Pruned 91426 variants from chromosome 8, leaving 33903.
Pruned 74202 variants from chromosome 9, leaving 28521.
Pruned 86735 variants from chromosome 10, leaving 32490.
Pruned 84979 variants from chromosome 11, leaving 30895.
Pruned 81371 variants from chromosome 12, leaving 31055.
Pruned 60181 variants from chromosome 13, leaving 23188.
Pruned 55205 variants from chromosome 14, leaving 21208.
Pruned 51057 variants from chromosome 15, leaving 21095.
Pruned 54484 variants from chromosome 16, leaving 21964.
Pruned 46348 variants from chromosome 17, leaving 19910.
Pruned 48329 variants from chromosome 18, leaving 20128.
Pruned 33302 variants from chromosome 19, leaving 14347.
Pruned 39837 variants from chromosome 20, leaving 16630.
Pruned 22525 variants from chromosome 21, leaving 9454.
Pruned 23321 variants from chromosome 22, leaving 9894.
Pruned 36962 variants from chromosome 23, leaving 14554.
Pruned 1646 variants from chromosome 24, leaving 109.
Pruned 541 variants from chromosome 25, leaving 623.
Pruning complete.  1710644 of 2363060 variants removed.
Marker lists written to prunedsnplist.prune.in and prunedsnplist.prune.out .

End time: Mon May 13 23:32:55 2019
PLINK v1.90b3.31 64-bit (3 Feb 2016)
Options in effect:
  --allow-no-sex
  --bfile raw-camgwas
  --extract prunedsnplist.prune.in
  --make-bed
  --out check-sex-data

Hostname: delgemebioserver
Working directory: /BIODATA/StudentsHome/kevine/GWAS/Git/GWAS/analysis
Start time: Mon May 13 23:32:55 2019

Random number seed: 1557790375
967454 MB RAM detected; reserving 483727 MB for main workspace.
Allocated 362795 MB successfully, after larger attempt(s) failed.
2363060 variants loaded from .bim file.
1471 people (875 males, 596 females) loaded from .fam.
1471 phenotype values loaded from .fam.
--extract: 652416 variants remaining.
Using 1 thread (no multithreaded calculations invoked.
Before main variant filters, 1471 founders and 0 nonfounders present.
Calculating allele frequencies... done.
Warning: 248241 het. haploid genotypes present (see check-sex-data.hh ); many
commands treat these as missing.
Warning: Nonmissing nonmale Y chromosome genotype(s) present; many commands
treat these as missing.
Total genotyping rate is 0.956504.
652416 variants and 1471 people pass filters and QC.
Among remaining phenotypes, 693 are cases and 778 are controls.
--make-bed to check-sex-data.bed + check-sex-data.bim + check-sex-data.fam ...
done.

End time: Mon May 13 23:32:57 2019
PLINK v1.90b3.31 64-bit (3 Feb 2016)
Options in effect:
  --allow-no-sex
  --bfile check-sex-data
  --check-sex
  --out check-sex-data
  --set-hh-missing

Hostname: delgemebioserver
Working directory: /BIODATA/StudentsHome/kevine/GWAS/Git/GWAS/analysis
Start time: Mon May 13 23:32:57 2019

Random number seed: 1557790377
967454 MB RAM detected; reserving 483727 MB for main workspace.
Allocated 362795 MB successfully, after larger attempt(s) failed.
652416 variants loaded from .bim file.
1471 people (875 males, 596 females) loaded from .fam.
1471 phenotype values loaded from .fam.
Using 1 thread (no multithreaded calculations invoked.
Before main variant filters, 1471 founders and 0 nonfounders present.
Calculating allele frequencies... done.
Warning: 248241 het. haploid genotypes present (see check-sex-data.hh ); many
commands treat these as missing.
Warning: Nonmissing nonmale Y chromosome genotype(s) present; many commands
treat these as missing.
Total genotyping rate is 0.956504.
652416 variants and 1471 people pass filters and QC.
Among remaining phenotypes, 693 are cases and 778 are controls.
--check-sex: 14554 Xchr and 0 Ychr variant(s) scanned, 104 problems detected.
Report written to check-sex-data.sexcheck .

End time: Mon May 13 23:32:58 2019
PLINK v1.90b3.31 64-bit (3 Feb 2016)
Options in effect:
  --allow-no-sex
  --bfile raw-camgwas
  --missing
  --out raw-camgwas
  --set-hh-missing

Hostname: delgemebioserver
Working directory: /BIODATA/StudentsHome/kevine/GWAS/Git/GWAS/analysis
Start time: Mon May 13 23:32:58 2019

Random number seed: 1557790378
967454 MB RAM detected; reserving 483727 MB for main workspace.
Allocated 362795 MB successfully, after larger attempt(s) failed.
2363060 variants loaded from .bim file.
1471 people (875 males, 596 females) loaded from .fam.
1471 phenotype values loaded from .fam.
Using 1 thread (no multithreaded calculations invoked.
Before main variant filters, 1471 founders and 0 nonfounders present.
Calculating allele frequencies... done.
Warning: 999034 het. haploid genotypes present (see raw-camgwas.hh ); many
commands treat these as missing.
Warning: Nonmissing nonmale Y chromosome genotype(s) present; many commands
treat these as missing.
Total genotyping rate is 0.953523.
--missing: Sample missing data report written to raw-camgwas.imiss, and
variant-based missing data report written to raw-camgwas.lmiss.

End time: Mon May 13 23:33:01 2019
PLINK v1.90b3.31 64-bit (3 Feb 2016)
Options in effect:
  --allow-no-sex
  --bfile raw-camgwas
  --het
  --out raw-camgwas
  --set-hh-missing

Hostname: delgemebioserver
Working directory: /BIODATA/StudentsHome/kevine/GWAS/Git/GWAS/analysis
Start time: Mon May 13 23:33:01 2019

Random number seed: 1557790381
967454 MB RAM detected; reserving 483727 MB for main workspace.
Allocated 362795 MB successfully, after larger attempt(s) failed.
2363060 variants loaded from .bim file.
1471 people (875 males, 596 females) loaded from .fam.
1471 phenotype values loaded from .fam.
Using 1 thread (no multithreaded calculations invoked.
Before main variant filters, 1471 founders and 0 nonfounders present.
Calculating allele frequencies... done.
Warning: 999034 het. haploid genotypes present (see raw-camgwas.hh ); many
commands treat these as missing.
Warning: Nonmissing nonmale Y chromosome genotype(s) present; many commands
treat these as missing.
Total genotyping rate is 0.953523.
2363060 variants and 1471 people pass filters and QC.
Among remaining phenotypes, 693 are cases and 778 are controls.
--het: 2258007 variants scanned, report written to raw-camgwas.het .

End time: Mon May 13 23:33:05 2019
PLINK v1.90b3.31 64-bit (3 Feb 2016)
Options in effect:
  --allow-no-sex
  --autosome
  --bfile raw-camgwas
  --geno 0.05
  --hwe 1e-8
  --maf 0.35
  --make-bed
  --out frequent

Hostname: delgemebioserver
Working directory: /BIODATA/StudentsHome/kevine/GWAS/Git/GWAS/analysis
Start time: Mon May 13 23:34:13 2019

Random number seed: 1557790453
967454 MB RAM detected; reserving 483727 MB for main workspace.
Allocated 362795 MB successfully, after larger attempt(s) failed.
2308625 variants loaded from .bim file.
1471 people (875 males, 596 females) loaded from .fam.
1471 phenotype values loaded from .fam.
Using 1 thread (no multithreaded calculations invoked.
Before main variant filters, 1471 founders and 0 nonfounders present.
Calculating allele frequencies... done.
Total genotyping rate is 0.953853.
279692 variants removed due to missing genotype data (--geno).
--hwe: 838 variants removed due to Hardy-Weinberg exact test.
1770814 variants removed due to minor allele threshold(s)
(--maf/--max-maf/--mac/--max-mac).
257281 variants and 1471 people pass filters and QC.
Among remaining phenotypes, 693 are cases and 778 are controls.
--make-bed to frequent.bed + frequent.bim + frequent.fam ... done.

End time: Mon May 13 23:34:15 2019
PLINK v1.90b3.31 64-bit (3 Feb 2016)
Options in effect:
  --allow-no-sex
  --bfile frequent
  --indep-pairwise 50 5 0.2
  --out prunedsnplist

Hostname: delgemebioserver
Working directory: /BIODATA/StudentsHome/kevine/GWAS/Git/GWAS/analysis
Start time: Mon May 13 23:34:15 2019

Random number seed: 1557790455
967454 MB RAM detected; reserving 483727 MB for main workspace.
Allocated 362795 MB successfully, after larger attempt(s) failed.
257281 variants loaded from .bim file.
1471 people (875 males, 596 females) loaded from .fam.
1471 phenotype values loaded from .fam.
Using 1 thread (no multithreaded calculations invoked.
Before main variant filters, 1471 founders and 0 nonfounders present.
Calculating allele frequencies... done.
Total genotyping rate is 0.96674.
257281 variants and 1471 people pass filters and QC.
Among remaining phenotypes, 693 are cases and 778 are controls.
Pruned 12710 variants from chromosome 1, leaving 6798.
Pruned 14706 variants from chromosome 2, leaving 7265.
Pruned 13098 variants from chromosome 3, leaving 6221.
Pruned 11888 variants from chromosome 4, leaving 5813.
Pruned 11227 variants from chromosome 5, leaving 5596.
Pruned 12153 variants from chromosome 6, leaving 5320.
Pruned 9665 variants from chromosome 7, leaving 4853.
Pruned 9746 variants from chromosome 8, leaving 4779.
Pruned 7700 variants from chromosome 9, leaving 3967.
Pruned 8545 variants from chromosome 10, leaving 4519.
Pruned 8497 variants from chromosome 11, leaving 4114.
Pruned 8164 variants from chromosome 12, leaving 4315.
Pruned 6323 variants from chromosome 13, leaving 3401.
Pruned 5555 variants from chromosome 14, leaving 2986.
Pruned 5262 variants from chromosome 15, leaving 3142.
Pruned 4937 variants from chromosome 16, leaving 2994.
Pruned 3741 variants from chromosome 17, leaving 2516.
Pruned 5215 variants from chromosome 18, leaving 3033.
Pruned 2235 variants from chromosome 19, leaving 1672.
Pruned 3782 variants from chromosome 20, leaving 2399.
Pruned 2261 variants from chromosome 21, leaving 1390.
Pruned 1619 variants from chromosome 22, leaving 1159.
Pruning complete.  169029 of 257281 variants removed.
Marker lists written to prunedsnplist.prune.in and prunedsnplist.prune.out .

End time: Mon May 13 23:34:16 2019
PLINK v1.90b3.31 64-bit (3 Feb 2016)
Options in effect:
  --allow-no-sex
  --bfile frequent
  --extract prunedsnplist.prune.in
  --genome
  --out caseconpruned

Hostname: delgemebioserver
Working directory: /BIODATA/StudentsHome/kevine/GWAS/Git/GWAS/analysis
Start time: Mon May 13 23:34:16 2019

Random number seed: 1557790456
967454 MB RAM detected; reserving 483727 MB for main workspace.
Allocated 362795 MB successfully, after larger attempt(s) failed.
257281 variants loaded from .bim file.
1471 people (875 males, 596 females) loaded from .fam.
1471 phenotype values loaded from .fam.
--extract: 88252 variants remaining.
Using up to 127 threads (change this with --threads).
Before main variant filters, 1471 founders and 0 nonfounders present.
Calculating allele frequencies... done.
Total genotyping rate is 0.966098.
88252 variants and 1471 people pass filters and QC.
Among remaining phenotypes, 693 are cases and 778 are controls.
IBD calculations complete.
Finished writing caseconpruned.genome .

End time: Mon May 13 23:34:24 2019
PLINK v1.90b3.31 64-bit (3 Feb 2016)
Options in effect:
  --allow-no-sex
  --bfile raw-camgwas
  --make-bed
  --out ind-qc-camgwas
  --remove fail-ind.qc
  --set-hh-missing

Hostname: delgemebioserver
Working directory: /BIODATA/StudentsHome/kevine/GWAS/Git/GWAS/analysis
Start time: Mon May 13 23:35:44 2019

Random number seed: 1557790544
967454 MB RAM detected; reserving 483727 MB for main workspace.
Allocated 362795 MB successfully, after larger attempt(s) failed.
2363060 variants loaded from .bim file.
1471 people (875 males, 596 females) loaded from .fam.
1471 phenotype values loaded from .fam.
--remove: 1305 people remaining.
Using 1 thread (no multithreaded calculations invoked.
Before main variant filters, 1305 founders and 0 nonfounders present.
Calculating allele frequencies... done.
Warning: 434485 het. haploid genotypes present (see ind-qc-camgwas.hh ); many
commands treat these as missing.
Warning: Nonmissing nonmale Y chromosome genotype(s) present; many commands
treat these as missing.
Total genotyping rate in remaining samples is 0.974776.
2363060 variants and 1305 people pass filters and QC.
Among remaining phenotypes, 607 are cases and 698 are controls.
--make-bed to ind-qc-camgwas.bed + ind-qc-camgwas.bim + ind-qc-camgwas.fam ...
done.

End time: Mon May 13 23:35:49 2019
PLINK v1.90b3.31 64-bit (3 Feb 2016)
Options in effect:
  --allow-no-sex
  --bfile ind-qc-camgwas
  --missing
  --out ind-qc-camgwas
  --set-hh-missing

Hostname: delgemebioserver
Working directory: /BIODATA/StudentsHome/kevine/GWAS/Git/GWAS/analysis
Start time: Mon May 13 23:35:49 2019

Random number seed: 1557790549
967454 MB RAM detected; reserving 483727 MB for main workspace.
Allocated 362795 MB successfully, after larger attempt(s) failed.
2363060 variants loaded from .bim file.
1305 people (766 males, 539 females) loaded from .fam.
1305 phenotype values loaded from .fam.
Using 1 thread (no multithreaded calculations invoked.
Before main variant filters, 1305 founders and 0 nonfounders present.
Calculating allele frequencies... done.
Total genotyping rate is 0.974776.
--missing: Sample missing data report written to ind-qc-camgwas.imiss, and
variant-based missing data report written to ind-qc-camgwas.lmiss.

End time: Mon May 13 23:35:51 2019
PLINK v1.90b3.31 64-bit (3 Feb 2016)
Options in effect:
  --allow-no-sex
  --bfile ind-qc-camgwas
  --freq
  --out ind-qc-camgwas
  --set-hh-missing

Hostname: delgemebioserver
Working directory: /BIODATA/StudentsHome/kevine/GWAS/Git/GWAS/analysis
Start time: Mon May 13 23:35:51 2019

Random number seed: 1557790551
967454 MB RAM detected; reserving 483727 MB for main workspace.
Allocated 362795 MB successfully, after larger attempt(s) failed.
2363060 variants loaded from .bim file.
1305 people (766 males, 539 females) loaded from .fam.
1305 phenotype values loaded from .fam.
Using 1 thread (no multithreaded calculations invoked.
Before main variant filters, 1305 founders and 0 nonfounders present.
Calculating allele frequencies... done.
Total genotyping rate is 0.974776.
--freq: Allele frequencies (founders only) written to ind-qc-camgwas.frq .

End time: Mon May 13 23:35:53 2019
PLINK v1.90b3.31 64-bit (3 Feb 2016)
Options in effect:
  --allow-no-sex
  --bfile ind-qc-camgwas
  --out ind-qc-camgwas
  --set-hh-missing
  --test-missing

Hostname: delgemebioserver
Working directory: /BIODATA/StudentsHome/kevine/GWAS/Git/GWAS/analysis
Start time: Mon May 13 23:35:53 2019

Random number seed: 1557790553
967454 MB RAM detected; reserving 483727 MB for main workspace.
Allocated 362795 MB successfully, after larger attempt(s) failed.
2363060 variants loaded from .bim file.
1305 people (766 males, 539 females) loaded from .fam.
1305 phenotype values loaded from .fam.
Using 1 thread (no multithreaded calculations invoked.
Before main variant filters, 1305 founders and 0 nonfounders present.
Calculating allele frequencies... done.
Total genotyping rate is 0.974776.
2363060 variants and 1305 people pass filters and QC.
Among remaining phenotypes, 607 are cases and 698 are controls.
Writing --test-missing report to ind-qc-camgwas.missing ... done.

End time: Mon May 13 23:35:55 2019
PLINK v1.90b3.31 64-bit (3 Feb 2016)
Options in effect:
  --allow-no-sex
  --bfile ind-qc-camgwas
  --biallelic-only
  --exclude fail-diffmiss.qc
  --geno 0.04
  --hwe 1e-6
  --keep-allele-order
  --maf 0.01
  --make-bed
  --merge-x
  --out qc-camgwas

Hostname: delgemebioserver
Working directory: /BIODATA/StudentsHome/kevine/GWAS/Git/GWAS/analysis
Start time: Mon May 13 23:37:25 2019

Random number seed: 1557790645
967454 MB RAM detected; reserving 483727 MB for main workspace.
Allocated 362795 MB successfully, after larger attempt(s) failed.
2363060 variants loaded from .bim file.
1305 people (766 males, 539 females) loaded from .fam.
1305 phenotype values loaded from .fam.
--exclude: 2262246 variants remaining.
Using 1 thread (no multithreaded calculations invoked.
Before main variant filters, 1305 founders and 0 nonfounders present.
Calculating allele frequencies... done.
Total genotyping rate is 0.984239.
95031 variants removed due to missing genotype data (--geno).
Warning: --hwe observation counts vary by more than 10%, due to the X
chromosome.  You may want to use a less stringent --hwe p-value threshold for X
chromosome variants.
--hwe: 1926 variants removed due to Hardy-Weinberg exact test.
453356 variants removed due to minor allele threshold(s)
(--maf/--max-maf/--mac/--max-mac).
1711933 variants and 1305 people pass filters and QC.
Among remaining phenotypes, 607 are cases and 698 are controls.
--merge-x: 648 chromosome codes changed.
--make-bed to qc-camgwas.bed + qc-camgwas.bim + qc-camgwas.fam ... done.

End time: Mon May 13 23:37:29 2019
PLINK v1.90b6.7 64-bit (2 Dec 2018)
Options in effect:
  --allow-no-sex
  --autosome
  --bfile qc-camgwas
  --make-bed
  --out qc-camgwas-autosome

Hostname: delgemebioserver
Working directory: /BIODATA/StudentsHome/kevine/GWAS/Git/GWAS/analysis
Start time: Mon May 13 23:37:29 2019

Random number seed: 1557790649
967454 MB RAM detected; reserving 483727 MB for main workspace.
Allocated 362795 MB successfully, after larger attempt(s) failed.
1672887 out of 1711933 variants loaded from .bim file.
1305 people (766 males, 539 females) loaded from .fam.
1305 phenotype values loaded from .fam.
Using 1 thread (no multithreaded calculations invoked).
Before main variant filters, 1305 founders and 0 nonfounders present.
Calculating allele frequencies... done.
Total genotyping rate is 0.99519.
1672887 variants and 1305 people pass filters and QC.
Among remaining phenotypes, 607 are cases and 698 are controls.
--make-bed to qc-camgwas-autosome.bed + qc-camgwas-autosome.bim +
qc-camgwas-autosome.fam ... done.

End time: Mon May 13 23:37:31 2019
PLINK v1.90b6.7 64-bit (2 Dec 2018)
Options in effect:
  --allow-no-sex
  --bfile qc-camgwas
  --chr X
  --make-bed
  --out qc-camgwas-chrX
  --set-hh-missing

Hostname: delgemebioserver
Working directory: /BIODATA/StudentsHome/kevine/GWAS/Git/GWAS/analysis
Start time: Mon May 13 23:37:31 2019

Random number seed: 1557790651
967454 MB RAM detected; reserving 483727 MB for main workspace.
Allocated 362795 MB successfully, after larger attempt(s) failed.
38748 out of 1711933 variants loaded from .bim file.
1305 people (766 males, 539 females) loaded from .fam.
1305 phenotype values loaded from .fam.
Using 1 thread (no multithreaded calculations invoked).
Before main variant filters, 1305 founders and 0 nonfounders present.
Calculating allele frequencies... done.
Warning: 143579 het. haploid genotypes present (see qc-camgwas-chrX.hh ); many
commands treat these as missing.
Total genotyping rate is 0.994258.
38748 variants and 1305 people pass filters and QC.
Among remaining phenotypes, 607 are cases and 698 are controls.
--make-bed to qc-camgwas-chrX.bed + qc-camgwas-chrX.bim + qc-camgwas-chrX.fam
... done.

End time: Mon May 13 23:37:31 2019
PLINK v1.90b3.31 64-bit (3 Feb 2016)
Options in effect:
  --allow-no-sex
  --bfile qc-camgwas-chrX
  --out qc-camgwas-chrX
  --set-hh-missing
  --test-missing

Hostname: delgemebioserver
Working directory: /BIODATA/StudentsHome/kevine/GWAS/Git/GWAS/analysis
Start time: Mon May 13 23:37:31 2019

Random number seed: 1557790651
967454 MB RAM detected; reserving 483727 MB for main workspace.
Allocated 362795 MB successfully, after larger attempt(s) failed.
38748 variants loaded from .bim file.
1305 people (766 males, 539 females) loaded from .fam.
1305 phenotype values loaded from .fam.
Using 1 thread (no multithreaded calculations invoked.
Before main variant filters, 1305 founders and 0 nonfounders present.
Calculating allele frequencies... done.
Total genotyping rate is 0.991419.
38748 variants and 1305 people pass filters and QC.
Among remaining phenotypes, 607 are cases and 698 are controls.
Writing --test-missing report to qc-camgwas-chrX.missing ... done.

End time: Mon May 13 23:37:31 2019
