PLINK v1.90b5.2 64-bit (9 Jan 2018)
Options in effect:
  --allow-no-sex
  --data raw-camgwas
  --list-duplicate-vars ids-only suppress-first
  --out dups

Hostname: esohkev
Working directory: /home/esoh/esohdata/GWAS/analysis
Start time: Sun May 19 08:35:36 2019

Random number seed: 1558244136
5822 MB RAM detected; reserving 2911 MB for main workspace.
--data: dups-temporary.bed + dups-temporary.bim + dups-temporary.fam written.
2368677 variants loaded from .bim file.
1471 people (0 males, 0 females, 1471 ambiguous) loaded from .fam.
Ambiguous sex IDs written to dups.nosex .
Using 1 thread (no multithreaded calculations invoked).
Before main variant filters, 1471 founders and 0 nonfounders present.
Calculating allele frequencies... done.
Warning: Nonmissing nonmale Y chromosome genotype(s) present; many commands
treat these as missing.
Total genotyping rate is 0.953866.
2368677 variants and 1471 people pass filters and QC.
Note: No phenotypes present.
--list-duplicate-vars report written to dups.dupvar .

End time: Sun May 19 08:41:01 2019
