02-09 14:29 checkVCF.py -- check validity of VCF file for meta-analysis
02-09 14:29 version 1.4 (20140115)
02-09 14:29 contact zhanxw@umich.edu or dajiang@umich.edu for problems.
02-09 14:29 Python version is [ 2.7.12.final.0 ] 
02-09 14:29 Begin checking vcfFile [ qc-camgwas-updated.vcf.gz ]
02-09 14:29 [ 10000 ] lines processed 
02-09 14:30 [ 20000 ] lines processed 
02-09 14:30 [ 30000 ] lines processed 
02-09 14:31 [ 40000 ] lines processed 
02-09 14:31 [ 50000 ] lines processed 
02-09 14:32 [ 60000 ] lines processed 
02-09 14:32 [ 70000 ] lines processed 
02-09 14:33 [ 80000 ] lines processed 
02-09 14:33 [ 90000 ] lines processed 
02-09 14:34 [ 100000 ] lines processed 
02-09 14:34 [ 110000 ] lines processed 
02-09 14:35 [ 120000 ] lines processed 
02-09 14:35 [ 130000 ] lines processed 
02-09 14:36 [ 140000 ] lines processed 
02-09 14:36 [ 150000 ] lines processed 
02-09 14:37 [ 160000 ] lines processed 
02-09 14:37 [ 170000 ] lines processed 
02-09 14:38 [ 180000 ] lines processed 
02-09 14:39 [ 190000 ] lines processed 
02-09 14:39 [ 200000 ] lines processed 
02-09 14:40 [ 210000 ] lines processed 
02-09 14:40 [ 220000 ] lines processed 
02-09 14:41 [ 230000 ] lines processed 
02-09 14:41 [ 240000 ] lines processed 
02-09 14:42 [ 250000 ] lines processed 
02-09 14:42 [ 260000 ] lines processed 
02-09 14:43 [ 270000 ] lines processed 
02-09 14:43 [ 280000 ] lines processed 
02-09 14:44 [ 290000 ] lines processed 
02-09 14:44 [ 300000 ] lines processed 
02-09 14:45 [ 310000 ] lines processed 
02-09 14:45 [ 320000 ] lines processed 
02-09 14:46 [ 330000 ] lines processed 
02-09 14:47 [ 340000 ] lines processed 
02-09 14:47 [ 350000 ] lines processed 
02-09 14:48 [ 360000 ] lines processed 
02-09 14:48 [ 370000 ] lines processed 
02-09 14:49 [ 380000 ] lines processed 
02-09 14:49 [ 390000 ] lines processed 
02-09 14:50 [ 400000 ] lines processed 
02-09 14:50 [ 410000 ] lines processed 
02-09 14:51 [ 420000 ] lines processed 
02-09 14:51 [ 430000 ] lines processed 
02-09 14:52 [ 440000 ] lines processed 
02-09 14:52 [ 450000 ] lines processed 
02-09 14:53 [ 460000 ] lines processed 
02-09 14:53 [ 470000 ] lines processed 
02-09 14:54 [ 480000 ] lines processed 
02-09 14:54 [ 490000 ] lines processed 
02-09 14:55 [ 500000 ] lines processed 
02-09 14:55 [ 510000 ] lines processed 
02-09 14:56 [ 520000 ] lines processed 
02-09 14:57 [ 530000 ] lines processed 
02-09 14:57 [ 540000 ] lines processed 
02-09 14:58 [ 550000 ] lines processed 
02-09 14:58 [ 560000 ] lines processed 
02-09 14:59 [ 570000 ] lines processed 
02-09 14:59 [ 580000 ] lines processed 
02-09 15:00 [ 590000 ] lines processed 
02-09 15:00 [ 600000 ] lines processed 
02-09 15:01 [ 610000 ] lines processed 
02-09 15:01 [ 620000 ] lines processed 
02-09 15:02 [ 630000 ] lines processed 
02-09 15:02 [ 640000 ] lines processed 
02-09 15:03 [ 650000 ] lines processed 
02-09 15:03 [ 660000 ] lines processed 
02-09 15:04 [ 670000 ] lines processed 
02-09 15:04 [ 680000 ] lines processed 
02-09 15:05 [ 690000 ] lines processed 
02-09 15:05 [ 700000 ] lines processed 
02-09 15:06 [ 710000 ] lines processed 
02-09 15:07 [ 720000 ] lines processed 
02-09 15:07 [ 730000 ] lines processed 
02-09 15:08 [ 740000 ] lines processed 
02-09 15:08 [ 750000 ] lines processed 
02-09 15:09 [ 760000 ] lines processed 
02-09 15:09 [ 770000 ] lines processed 
02-09 15:10 [ 780000 ] lines processed 
02-09 15:10 [ 790000 ] lines processed 
02-09 15:11 [ 800000 ] lines processed 
02-09 15:11 [ 810000 ] lines processed 
02-09 15:12 [ 820000 ] lines processed 
02-09 15:12 [ 830000 ] lines processed 
02-09 15:13 [ 840000 ] lines processed 
02-09 15:14 [ 850000 ] lines processed 
02-09 15:14 [ 860000 ] lines processed 
02-09 15:15 [ 870000 ] lines processed 
02-09 15:15 [ 880000 ] lines processed 
02-09 15:16 [ 890000 ] lines processed 
02-09 15:16 [ 900000 ] lines processed 
02-09 15:17 [ 910000 ] lines processed 
02-09 15:17 [ 920000 ] lines processed 
02-09 15:18 [ 930000 ] lines processed 
02-09 15:18 [ 940000 ] lines processed 
02-09 15:19 [ 950000 ] lines processed 
02-09 15:19 [ 960000 ] lines processed 
02-09 15:20 [ 970000 ] lines processed 
02-09 15:20 [ 980000 ] lines processed 
02-09 15:21 [ 990000 ] lines processed 
02-09 15:21 [ 1000000 ] lines processed 
02-09 15:22 [ 1010000 ] lines processed 
02-09 15:23 [ 1020000 ] lines processed 
02-09 15:23 [ 1030000 ] lines processed 
02-09 15:24 [ 1040000 ] lines processed 
02-09 15:24 [ 1050000 ] lines processed 
02-09 15:25 [ 1060000 ] lines processed 
02-09 15:25 [ 1070000 ] lines processed 
02-09 15:26 [ 1080000 ] lines processed 
02-09 15:26 [ 1090000 ] lines processed 
02-09 15:27 [ 1100000 ] lines processed 
02-09 15:27 [ 1110000 ] lines processed 
02-09 15:28 [ 1120000 ] lines processed 
02-09 15:28 [ 1130000 ] lines processed 
02-09 15:29 [ 1140000 ] lines processed 
02-09 15:29 [ 1150000 ] lines processed 
02-09 15:30 [ 1160000 ] lines processed 
02-09 15:30 [ 1170000 ] lines processed 
02-09 15:31 [ 1180000 ] lines processed 
02-09 15:31 [ 1190000 ] lines processed 
02-09 15:32 [ 1200000 ] lines processed 
02-09 15:33 [ 1210000 ] lines processed 
02-09 15:33 [ 1220000 ] lines processed 
02-09 15:34 [ 1230000 ] lines processed 
02-09 15:34 [ 1240000 ] lines processed 
02-09 15:35 [ 1250000 ] lines processed 
02-09 15:35 [ 1260000 ] lines processed 
02-09 15:36 [ 1270000 ] lines processed 
02-09 15:36 [ 1280000 ] lines processed 
02-09 15:37 [ 1290000 ] lines processed 
02-09 15:38 [ 1300000 ] lines processed 
02-09 15:38 [ 1310000 ] lines processed 
02-09 15:39 [ 1320000 ] lines processed 
02-09 15:39 [ 1330000 ] lines processed 
02-09 15:40 [ 1340000 ] lines processed 
02-09 15:40 [ 1350000 ] lines processed 
02-09 15:41 [ 1360000 ] lines processed 
02-09 15:41 [ 1370000 ] lines processed 
02-09 15:42 [ 1380000 ] lines processed 
02-09 15:42 [ 1390000 ] lines processed 
02-09 15:43 [ 1400000 ] lines processed 
02-09 15:43 [ 1410000 ] lines processed 
02-09 15:44 [ 1420000 ] lines processed 
02-09 15:45 [ 1430000 ] lines processed 
02-09 15:45 [ 1440000 ] lines processed 
02-09 15:46 [ 1450000 ] lines processed 
02-09 15:46 [ 1460000 ] lines processed 
02-09 15:47 [ 1470000 ] lines processed 
02-09 15:47 [ 1480000 ] lines processed 
02-09 15:48 [ 1490000 ] lines processed 
02-09 15:48 [ 1500000 ] lines processed 
02-09 15:49 [ 1510000 ] lines processed 
02-09 15:50 [ 1520000 ] lines processed 
02-09 15:50 [ 1530000 ] lines processed 
02-09 15:51 [ 1540000 ] lines processed 
02-09 15:51 [ 1550000 ] lines processed 
02-09 15:52 [ 1560000 ] lines processed 
02-09 15:52 [ 1570000 ] lines processed 
02-09 15:53 [ 1580000 ] lines processed 
02-09 15:54 [ 1590000 ] lines processed 
02-09 15:54 [ 1600000 ] lines processed 
02-09 15:55 [ 1610000 ] lines processed 
02-09 15:55 [ 1620000 ] lines processed 
02-09 15:56 [ 1630000 ] lines processed 
02-09 15:56 [ 1640000 ] lines processed 
02-09 15:57 ---------------     REPORT     ---------------
02-09 15:57 Total [ 1644612 ] lines processed
02-09 15:57 Examine [ 32 ] VCF header lines, [ 1644580 ] variant sites, [ 1295 ] samples
02-09 15:57 [ 0 ] duplicated sites
02-09 15:57 [ 0 ] NonSNP site are outputted to [ out.check.nonSnp ]
02-09 15:57 [ 0 ] Inconsistent reference sites are outputted to [ out.check.ref ]
02-09 15:57 [ 0 ] Variant sites with invalid genotypes are outputted to [ out.check.geno ]
02-09 15:57 [ 333397 ] Alternative allele frequency > 0.5 sites are outputted to [ out.check.af ]
02-09 15:57 [ 0 ] Monomorphic sites are outputted to [ out.check.mono ]
02-09 15:57 ---------------     ACTION ITEM     ---------------
02-09 15:57 * No error found by checkVCF.py, thank you for cleanning VCF file.
02-09 15:57 * Upload these files to the ftp server (so we can double check): out.check.log out.check.dup out.check.noSnp out.check.ref out.check.geno out.check.af out.check.mono
