                      +-----------------------------+
                      |                             |
                      |   Eagle v2.4.1              |
                      |   November 18, 2018         |
                      |   Po-Ru Loh                 |
                      |                             |
                      +-----------------------------+

Copyright (C) 2015-2018 Harvard University.
Distributed under the GNU GPLv3+ open source license.

Command line options:

eagle \
    --vcfRef=/BIODATA/StudentsHome/kevine/GWAS/Git/GWAS/1000G/ALL.chr1.phase3_integrated.20130502.genotypes.bcf \
    --vcfTarget=qc-camgwas-updated.vcf.gz \
    --geneticMapFile=tables/genetic_map_hg19_withX.txt.gz \
    --outPrefix=chr1-phased_wref \
    --chrom=1 \
    --pbwtIters=10 \
    --numThreads=90 \
    --Kpbwt=50000 \
    --vcfOutFormat=z 

Setting number of threads to 90
[W::bcf_hdr_check_sanity] PL should be declared as Number=G

Reference samples: Nref = 2504
Target samples: Ntarget = 1185
SNPs to analyze: M = 125587 SNPs in both target and reference

SNPs ignored: 0 SNPs in target but not reference
              3615378 SNPs in reference but not target
              0 multi-allelic SNPs in target

Missing rate in target genotypes: 0.00460865

Filling in genetic map coordinates using reference file:
  tables/genetic_map_hg19_withX.txt.gz
Physical distance range: 248487178 base pairs
Genetic distance range:  292.973 cM
Average # SNPs per cM:   429
Number of <=(64-SNP, 1cM) segments: 1965
Average # SNPs per segment: 63

Time for reading input: 67.8217 sec

Fraction of heterozygous genotypes: 0.25213
Typical span of default 100-het history length: 0.93 cM
Setting --histFactor=1.08
Typical span of 108-het history length: 1.00 cM

BEGINNING PHASING

PHASING ITER 1 OF 10


Phasing target samples
................................................................................
Time for phasing iter 1: 1732.25

PHASING ITER 2 OF 10


Phasing target samples
................................................................................
Time for phasing iter 2: 2067.56

PHASING ITER 3 OF 10


Phasing target samples
................................................................................
Time for phasing iter 3: 2099.93

PHASING ITER 4 OF 10


Phasing target samples
................................................................................
Time for phasing iter 4: 2003.47

PHASING ITER 5 OF 10


Phasing target samples
................................................................................
Time for phasing iter 5: 1792.27

PHASING ITER 6 OF 10


Phasing target samples
................................................................................
Time for phasing iter 6: 1761.62

PHASING ITER 7 OF 10


Phasing target samples
................................................................................
Time for phasing iter 7: 1758.74

PHASING ITER 8 OF 10


Phasing target samples
................................................................................
Time for phasing iter 8: 1755.68

PHASING ITER 9 OF 10


Phasing target samples
................................................................................
Time for phasing iter 9: 1770.22

PHASING ITER 10 OF 10


Phasing target samples
................................................................................
Time for phasing iter 10: 2272.45
Writing vcf.gz output to chr1-phased_wref.vcf.gz
Time for writing output: 19.1654
Total elapsed time for analysis = 19101.5 sec

Mean phase confidence of each target individual:
ID	PHASE_CONFIDENCE
6042341077_R01C01	0.998411
6042341077_R03C01	0.997678
6042341077_R04C01	0.996284
6042341077_R05C01	0.998059
6042341077_R06C01	0.998248
6042341077_R07C01	0.996448
6042341089_R01C01	0.999053
6042341089_R02C01	0.997618
6042341089_R03C01	0.998135
6042341089_R04C01	0.996812
6042341089_R05C01	0.997814
6042341089_R06C01	0.996892
6042341089_R07C01	0.997465
6042341089_R08C01	0.997474
6042341090_R01C01	0.997411
6042341090_R02C01	0.997697
6042341090_R03C01	0.997373
6042341090_R04C01	0.997728
6042341090_R05C01	0.997571
6042341090_R06C01	0.997476
6042341090_R07C01	0.996629
6042341090_R08C01	0.997067
6042341099_R01C01	0.998142
6042341099_R02C01	0.997295
6042341099_R03C01	0.998014
6042341099_R04C01	0.99731
6042341099_R05C01	0.998187
6042341099_R06C01	0.992755
6042341099_R07C01	0.996422
6042341099_R08C01	0.995405
6042341154_R06C01	0.996804
6042341154_R07C01	0.998158
6042341154_R08C01	0.997877
6042341162_R01C01	0.998295
6042341162_R02C01	0.997991
6042341162_R03C01	0.997481
6042341162_R04C01	0.997786
6042341162_R05C01	0.997481
6042341162_R06C01	0.998191
6042341162_R07C01	0.998682
6042341162_R08C01	0.99855
6042359084_R01C01	0.998155
6042359084_R02C01	0.998027
6042359084_R03C01	0.997574
6042359084_R04C01	0.997709
6042359084_R05C01	0.996749
6042359084_R06C01	0.997916
6042359084_R07C01	0.997581
6042359084_R08C01	0.998558
6042375002_R01C01	0.995393
6042375002_R02C01	0.997887
6042375002_R03C01	0.997987
6042375002_R04C01	0.996982
6042375002_R05C01	0.998411
6042375002_R06C01	0.997034
6042375002_R07C01	0.997725
6042375002_R08C01	0.997549
6042375003_R01C01	0.998949
6042375003_R02C01	0.998005
6042375003_R03C01	0.996844
6042375003_R04C01	0.997666
6042375003_R05C01	0.998341
6042375003_R06C01	0.998574
6042375003_R07C01	0.998027
6042375003_R08C01	0.998677
6042375012_R01C01	0.997774
6042375012_R02C01	0.998511
6042375012_R03C01	0.997404
6042375012_R04C01	0.997783
6042375012_R05C01	0.997731
6042375012_R06C01	0.997975
6042375013_R01C01	0.998673
6042375013_R02C01	0.997352
6042375013_R03C01	0.99725
6042375013_R04C01	0.998269
6042375013_R05C01	0.99737
6042375013_R06C01	0.997588
6042375013_R07C01	0.998484
6042375013_R08C01	0.997253
6042375014_R01C01	0.998104
6042375014_R02C01	0.99794
6042375014_R03C01	0.997297
6042375014_R04C01	0.997227
6042375014_R05C01	0.996828
6042375014_R06C01	0.997928
6042375014_R08C01	0.997665
6042375022_R01C01	0.997129
6042375022_R02C01	0.997759
6042375022_R03C01	0.997309
6042375022_R04C01	0.9977
6042375022_R05C01	0.997816
6042375022_R06C01	0.998275
6042375022_R07C01	0.996589
6042375023_R01C01	0.998565
6042375023_R02C01	0.998036
6042375023_R03C01	0.997796
6042375023_R04C01	0.997342
6042375023_R05C01	0.997782
6042375023_R06C01	0.99629
6042375023_R07C01	0.997361
6042375023_R08C01	0.997959
6042375024_R01C01	0.998124
6042375024_R02C01	0.997992
6042375024_R03C01	0.99724
6042375024_R04C01	0.997774
6042375024_R05C01	0.998647
6042375024_R06C01	0.997738
6042375024_R07C01	0.995211
6042375024_R08C01	0.998034
6042375025_R01C01	0.998006
6042375025_R02C01	0.99766
6042375025_R03C01	0.998276
6042375025_R04C01	0.997451
6042375025_R05C01	0.997899
6042375025_R06C01	0.998191
6042375025_R07C01	0.998042
6042375025_R08C01	0.998005
6042375029_R01C01	0.998056
6042375029_R02C01	0.998396
6042375029_R03C01	0.997546
6042375029_R04C01	0.997829
6042375029_R05C01	0.997863
6042375029_R06C01	0.99796
6042375029_R07C01	0.997886
6042375029_R08C01	0.996814
6042375043_R01C01	0.998688
6042375043_R02C01	0.9981
6042375043_R04C01	0.997182
6042375043_R05C01	0.997385
6042375043_R07C01	0.99677
6042375043_R08C01	0.998651
6042375044_R01C01	0.995955
6042375044_R02C01	0.998891
6042375044_R03C01	0.998607
6042375044_R05C01	0.995746
6042375044_R06C01	0.997686
6042375044_R07C01	0.996675
6042375044_R08C01	0.995382
6042375045_R02C01	0.995855
6042375045_R03C01	0.997051
6042375045_R04C01	0.992336
6042375045_R05C01	0.997896
6042375045_R06C01	0.997447
6042375045_R07C01	0.99777
6042375045_R08C01	0.998173
6042375053_R01C01	0.997866
6042375053_R02C01	0.997925
6042375053_R03C01	0.997262
6042375053_R04C01	0.998328
6042375053_R05C01	0.998173
6042375053_R06C01	0.997858
6042375053_R07C01	0.997368
6042375053_R08C01	0.995629
6042375080_R01C01	0.998129
6042375080_R02C01	0.997983
6042375080_R03C01	0.998638
6042375080_R04C01	0.997314
6042375080_R05C01	0.998308
6042375080_R06C01	0.998431
6042375080_R07C01	0.99831
6042375080_R08C01	0.997002
6042375085_R01C01	0.996778
6042375085_R02C01	0.997739
6042375085_R03C01	0.994726
6042375085_R04C01	0.998416
6042375085_R05C01	0.997079
6042375085_R06C01	0.998355
6042375085_R07C01	0.998295
6042375085_R08C01	0.997424
6042375100_R01C01	0.996217
6042375100_R02C01	0.998545
6042375100_R04C01	0.998311
6042375100_R05C01	0.99815
6042375100_R06C01	0.99801
6042375100_R07C01	0.997985
6042375100_R08C01	0.998187
6042375101_R01C01	0.997392
6042375101_R02C01	0.997131
6042375101_R03C01	0.998071
6042375101_R04C01	0.99676
6042375101_R05C01	0.997367
6042375101_R06C01	0.992406
6042375101_R07C01	0.998106
6042375101_R08C01	0.997531
6042375104_R01C01	0.997089
6042375104_R02C01	0.996778
6042375104_R03C01	0.99746
6042375104_R04C01	0.997611
6042375104_R06C01	0.996661
6042375104_R08C01	0.997783
6042375137_R01C01	0.996718
6042375137_R02C01	0.998779
6042375137_R03C01	0.997441
6042375137_R05C01	0.994395
6042375137_R06C01	0.998499
6042375137_R07C01	0.998898
6042375137_R08C01	0.998565
6042375138_R01C01	0.998225
6042375138_R02C01	0.998152
6042375138_R03C01	0.997264
6042375138_R04C01	0.996974
6042375138_R05C01	0.998032
6042375138_R06C01	0.989895
6042375138_R07C01	0.997628
6042375138_R08C01	0.998408
6042375146_R01C01	0.998068
6042375146_R02C01	0.997536
6042375146_R03C01	0.998219
6042375146_R04C01	0.997688
6042375146_R05C01	0.998236
6042375146_R06C01	0.997829
6042375146_R07C01	0.997784
6042375146_R08C01	0.99816
6130471012_R01C01	0.998052
6130471012_R02C01	0.99827
6130471012_R03C01	0.995388
6130471012_R04C01	0.997702
6130471012_R05C01	0.997438
6130471012_R06C01	0.997378
6130471012_R07C01	0.998172
6130471012_R08C01	0.997984
6130471070_R01C01	0.998215
6130471070_R02C01	0.990721
6130471070_R03C01	0.997412
6130471070_R04C01	0.997372
6130471070_R05C01	0.99693
6130471070_R06C01	0.997603
6130471070_R07C01	0.997306
6130471070_R08C01	0.997257
6130471071_R01C01	0.996601
6130471071_R02C01	0.996905
6130471071_R03C01	0.997774
6130471071_R05C01	0.997008
6130471071_R06C01	0.995585
6130471071_R07C01	0.996035
6130471110_R01C01	0.998047
6130471110_R02C01	0.99676
6130471110_R04C01	0.997788
6130471110_R05C01	0.992386
6130471110_R06C01	0.998414
6130471110_R07C01	0.996975
6130471110_R08C01	0.994082
6130471129_R01C01	0.996784
6130471129_R02C01	0.997674
6130471129_R03C01	0.996843
6130471129_R04C01	0.997683
6130471129_R05C01	0.995212
6130471129_R06C01	0.998484
6130471129_R07C01	0.995629
6130471129_R08C01	0.99785
6135563011_R01C01	0.996987
6135563011_R02C01	0.997591
6135563011_R03C01	0.997928
6135563011_R04C01	0.99746
6135563011_R06C01	0.997754
6135563011_R07C01	0.997539
6135563011_R08C01	0.997023
6135563012_R02C01	0.997323
6135563012_R04C01	0.994343
6135563012_R05C01	0.99733
6135563012_R06C01	0.997922
6135563012_R07C01	0.997054
6135563012_R08C01	0.994215
6135563014_R02C01	0.998357
6135563014_R03C01	0.997442
6135563014_R04C01	0.997718
6135563014_R05C01	0.997976
6135563014_R06C01	0.99781
6135563014_R07C01	0.997663
6135563014_R08C01	0.998102
6135563015_R02C01	0.996123
6135563015_R04C01	0.996618
6135563015_R05C01	0.997542
6135563015_R06C01	0.996476
6135563015_R07C01	0.997279
6135563015_R08C01	0.997321
6135563041_R01C01	0.998627
6135563041_R03C01	0.997262
6135563041_R04C01	0.997798
6135563041_R05C01	0.998005
6135563041_R06C01	0.998797
6135571025_R01C01	0.991959
6135571025_R03C01	0.996005
6135571025_R04C01	0.99733
6135571025_R07C01	0.997545
6135571025_R08C01	0.997751
6135580001_R01C01	0.998675
6135580001_R02C01	0.998409
6135580001_R03C01	0.998374
6135580001_R04C01	0.997103
6135580001_R05C01	0.997545
6135580001_R06C01	0.997871
6135580001_R07C01	0.998161
6135580001_R08C01	0.997474
6135580011_R01C01	0.997569
6135580011_R02C01	0.995553
6135580011_R03C01	0.998002
6135580011_R04C01	0.998278
6135580011_R05C01	0.998258
6135580011_R07C01	0.998071
6135580011_R08C01	0.99748
6135580017_R01C01	0.998314
6135580017_R02C01	0.99889
6135580017_R03C01	0.996091
6135580017_R04C01	0.997635
6135580017_R05C01	0.998436
6135580017_R06C01	0.997423
6135580017_R07C01	0.998563
6135580017_R08C01	0.998006
6135580027_R01C01	0.997236
6135580027_R02C01	0.996594
6135580027_R03C01	0.998486
6135580027_R04C01	0.998799
6135580027_R05C01	0.997653
6135580027_R06C01	0.998208
6135580027_R07C01	0.99849
6135580027_R08C01	0.998671
6135580057_R01C01	0.996645
6135580057_R02C01	0.997387
6135580057_R03C01	0.998154
6135580057_R04C01	0.997866
6135580057_R05C01	0.998133
6135580057_R06C01	0.99808
6135580057_R07C01	0.99786
6135580057_R08C01	0.9979
6135580073_R01C01	0.997874
6135580073_R03C01	0.997388
6135580073_R04C01	0.997166
6135580073_R05C01	0.99793
6135580073_R06C01	0.997952
6135580073_R07C01	0.99773
6135580073_R08C01	0.998118
6135580082_R01C01	0.99817
6135580082_R02C01	0.99841
6135580082_R03C01	0.996727
6135580082_R04C01	0.998127
6135580082_R06C01	0.995946
6135580082_R07C01	0.997865
6135580082_R08C01	0.997809
6135580098_R01C01	0.997702
6135580098_R02C01	0.998244
6135580098_R04C01	0.997604
6135580098_R05C01	0.997718
6135580098_R06C01	0.997771
6135580098_R07C01	0.997627
6135580098_R08C01	0.998318
6135580116_R02C01	0.993353
6135580116_R03C01	0.998294
6135580116_R05C01	0.996562
6135580116_R06C01	0.997626
6135580116_R08C01	0.997494
6135580117_R02C01	0.997547
6135580117_R03C01	0.997329
6135580117_R04C01	0.997574
6135580117_R05C01	0.997907
6135580117_R06C01	0.997848
6135580118_R01C01	0.99619
6135580118_R02C01	0.995656
6135580118_R04C01	0.997645
6135580118_R05C01	0.998174
6135580118_R06C01	0.997212
6135580118_R08C01	0.996461
6135580123_R02C01	0.997203
6135580123_R04C01	0.997451
6135580123_R05C01	0.997351
6135580123_R07C01	0.98826
6135580123_R08C01	0.994971
6135580144_R01C01	0.997555
6135580144_R08C01	0.996929
6135580145_R06C01	0.998088
6135580145_R08C01	0.992223
6135601008_R01C01	0.997824
6135601008_R02C01	0.993016
6135601008_R03C01	0.997899
6135601008_R04C01	0.995738
6135601008_R06C01	0.998189
6135601008_R07C01	0.998335
6135601008_R08C01	0.997689
6135601009_R01C01	0.998365
6135601009_R02C01	0.996467
6135601009_R03C01	0.999044
6135601009_R04C01	0.998717
6135601009_R05C01	0.996915
6135601009_R06C01	0.998338
6135601009_R07C01	0.998212
6135601009_R08C01	0.997439
6135601012_R04C01	0.997608
6135601012_R05C01	0.999071
6135601012_R06C01	0.998426
6135601012_R07C01	0.992667
6135601018_R03C01	0.998064
6135601018_R05C01	0.998087
6135601018_R07C01	0.990113
6135601018_R08C01	0.995526
6135601027_R03C01	0.998006
6135601027_R04C01	0.997007
6135601027_R05C01	0.997398
6135601027_R07C01	0.997155
6135601034_R01C01	0.998549
6135601034_R02C01	0.997776
6135601034_R03C01	0.996856
6135601034_R04C01	0.998298
6135601034_R06C01	0.997409
6135601045_R01C01	0.998122
6135601045_R02C01	0.998483
6135601045_R03C01	0.996641
6135601045_R04C01	0.997418
6135601045_R05C01	0.997385
6135601045_R07C01	0.998514
6135601045_R08C01	0.997068
6135601049_R01C01	0.998409
6135601049_R02C01	0.997736
6135601049_R03C01	0.997162
6135601049_R05C01	0.991185
6135601049_R06C01	0.998422
6135601049_R07C01	0.997261
6135601049_R08C01	0.997931
6135601060_R01C01	0.995104
6135601060_R03C01	0.997173
6135601060_R04C01	0.981284
6135601060_R05C01	0.994917
6135601060_R06C01	0.995569
6135601066_R01C01	0.997852
6135601066_R02C01	0.995225
6135601066_R03C01	0.997857
6135601066_R04C01	0.997368
6135601066_R05C01	0.995648
6135601066_R06C01	0.997779
6135601066_R07C01	0.997763
6135601066_R08C01	0.997406
6135601080_R01C01	0.99737
6135601080_R02C01	0.994114
6135601080_R03C01	0.998507
6135601080_R07C01	0.997297
6135601080_R08C01	0.998286
6135601081_R01C01	0.997962
6135601081_R02C01	0.997634
6135601081_R03C01	0.99696
6135601081_R04C01	0.997724
6135601081_R05C01	0.998093
6135601081_R07C01	0.997524
6135601081_R08C01	0.997875
6135601082_R02C01	0.998205
6135601082_R03C01	0.997901
6135601082_R04C01	0.998087
6135601082_R05C01	0.997418
6135601082_R06C01	0.995696
6135601082_R07C01	0.998111
6135601082_R08C01	0.997269
6135601086_R01C01	0.996196
6135601086_R03C01	0.996943
6135601086_R04C01	0.997332
6135601086_R05C01	0.995229
6135601086_R07C01	0.996308
6135601094_R05C01	0.99718
6135601094_R06C01	0.990928
6135601108_R01C01	0.996425
6135601108_R02C01	0.997813
6135601108_R03C01	0.998713
6135601108_R04C01	0.997622
6135601108_R05C01	0.998472
6135601108_R06C01	0.996844
6135601108_R07C01	0.997188
6135601108_R08C01	0.997718
6135601115_R02C01	0.997682
6135601115_R04C01	0.997078
6135601115_R06C01	0.997012
6135601115_R07C01	0.998047
6135601115_R08C01	0.997759
6135601116_R01C01	0.997041
6135601116_R02C01	0.997725
6135601116_R05C01	0.997555
6135601116_R07C01	0.997082
6135601116_R08C01	0.998136
6135601117_R01C01	0.996898
6135601117_R05C01	0.998246
6135601117_R06C01	0.996758
6135601117_R07C01	0.998358
6135601117_R08C01	0.997526
6135601120_R03C01	0.997309
6135601120_R04C01	0.997521
6135601120_R06C01	0.997812
6135601120_R07C01	0.997174
6135601120_R08C01	0.998204
6135601124_R01C01	0.997874
6135601124_R02C01	0.997274
6135601124_R03C01	0.997691
6135601124_R04C01	0.997103
6135601124_R05C01	0.997094
6135601124_R06C01	0.997353
6135601124_R07C01	0.997268
6135601124_R08C01	0.997762
6135601130_R01C01	0.998531
6135601130_R02C01	0.992233
6135601130_R03C01	0.997213
6135601130_R04C01	0.997047
6135601130_R05C01	0.997576
6135601130_R06C01	0.998567
6135601130_R07C01	0.998311
6135601130_R08C01	0.998043
6135601149_R01C01	0.99686
6135601149_R02C01	0.997713
6135601149_R06C01	0.995233
6135601149_R08C01	0.997167
6135601151_R01C01	0.997008
6135601151_R02C01	0.996889
6135601151_R03C01	0.998333
6135601151_R04C01	0.997986
6135601151_R05C01	0.997807
6135601151_R06C01	0.997435
6135601151_R07C01	0.997658
6135601151_R08C01	0.996994
6135601153_R03C01	0.997046
6135601153_R05C01	0.99744
6135601153_R06C01	0.992782
6135601153_R07C01	0.99661
6135601153_R08C01	0.998579
6135601156_R01C01	0.997903
6135601156_R02C01	0.996633
6135601156_R03C01	0.996643
6135601156_R04C01	0.997896
6135601156_R05C01	0.998446
6135601156_R06C01	0.997965
6135601156_R08C01	0.998686
6135601162_R01C01	0.993497
6135601162_R02C01	0.997334
6135601162_R04C01	0.997531
6135601162_R05C01	0.997238
6135601162_R06C01	0.996839
6135601162_R07C01	0.99741
6135601162_R08C01	0.997145
6135601167_R02C01	0.997644
6135601167_R03C01	0.997761
6135601167_R04C01	0.99715
6135601167_R05C01	0.995939
6135601167_R06C01	0.997597
6135601167_R07C01	0.996208
6147054060_R01C01	0.997667
6147054060_R02C01	0.997989
6147054060_R03C01	0.998058
6147054060_R04C01	0.998529
6147054060_R05C01	0.994354
6147054060_R07C01	0.996944
6147054060_R08C01	0.997955
6147054122_R01C01	0.996362
6147054122_R02C01	0.997785
6147054122_R03C01	0.99694
6147054122_R04C01	0.997944
6147054122_R05C01	0.997686
6147054122_R06C01	0.997685
6147054122_R07C01	0.998042
6147054122_R08C01	0.997942
6147054149_R01C01	0.997209
6147054149_R02C01	0.998887
6147054149_R07C01	0.997064
6147054149_R08C01	0.997492
6147054150_R01C01	0.99744
6147054150_R02C01	0.997808
6147054150_R03C01	0.997901
6147054150_R04C01	0.997819
6147054150_R05C01	0.997927
6147054150_R06C01	0.99824
6147054150_R07C01	0.997968
6147054150_R08C01	0.997707
6147062005_R03C01	0.997874
6147062005_R04C01	0.998661
6147062005_R06C01	0.996662
6147062005_R07C01	0.997591
6147062010_R01C01	0.997484
6147062010_R02C01	0.998641
6147062010_R03C01	0.997998
6147062010_R04C01	0.996281
6147062010_R05C01	0.998884
6147062010_R06C01	0.998195
6147062010_R07C01	0.998332
6147062010_R08C01	0.997363
6147062028_R03C01	0.997611
6147062037_R01C01	0.997986
6147062037_R02C01	0.993253
6147062037_R03C01	0.997805
6147062037_R04C01	0.998076
6147062037_R05C01	0.99789
6147062037_R06C01	0.997122
6147062037_R07C01	0.996975
6147062055_R01C01	0.996933
6147062055_R02C01	0.997576
6147062055_R04C01	0.996861
6147062055_R07C01	0.99809
6147062055_R08C01	0.998271
6147062102_R01C01	0.997113
6147062102_R02C01	0.997769
6147062102_R03C01	0.998535
6147062102_R04C01	0.997959
6147062102_R05C01	0.998364
6147062102_R06C01	0.997595
6147062133_R01C01	0.996981
6147062133_R02C01	0.998248
6147062133_R03C01	0.997445
6147062133_R05C01	0.998114
6147062133_R06C01	0.997811
6147062134_R01C01	0.997519
6147062134_R02C01	0.997373
6147062134_R03C01	0.998525
6147062134_R06C01	0.995228
6147062134_R07C01	0.997706
6147062134_R08C01	0.997768
6147062135_R01C01	0.998695
6147062135_R02C01	0.998168
6147062135_R04C01	0.997528
6147062135_R05C01	0.997683
6147062135_R06C01	0.994712
6147062135_R08C01	0.997316
6147062147_R01C01	0.992881
6147062147_R03C01	0.997335
6147062147_R04C01	0.997706
6147062147_R05C01	0.99842
6147062147_R06C01	0.997558
6147062147_R07C01	0.996073
6147062147_R08C01	0.99763
6147062162_R01C01	0.998716
6147062162_R03C01	0.998126
6147062162_R05C01	0.998024
6147062162_R06C01	0.997156
6147062162_R07C01	0.997909
6147062167_R02C01	0.998081
6147062167_R03C01	0.997799
6147062167_R04C01	0.996955
6147062167_R05C01	0.997199
6147062167_R06C01	0.994894
6147062167_R08C01	0.997279
6147071002_R01C01	0.997622
6147071002_R02C01	0.991975
6147071002_R03C01	0.997588
6147071002_R05C01	0.997332
6147071002_R06C01	0.997569
6147071002_R07C01	0.998708
6147071002_R08C01	0.997748
6147071043_R03C01	0.998164
6147071043_R05C01	0.997026
6147071043_R08C01	0.997835
6147071044_R01C01	0.998017
6147071044_R02C01	0.997582
6147071044_R03C01	0.996849
6147071044_R04C01	0.997262
6147071044_R06C01	0.99669
6147071044_R07C01	0.997474
6147071044_R08C01	0.997346
6147071047_R01C01	0.997496
6147071047_R02C01	0.997728
6147071047_R05C01	0.997596
6147071047_R06C01	0.997538
6147071047_R07C01	0.997823
6147071047_R08C01	0.996177
6147071059_R02C01	0.996697
6147071059_R03C01	0.997542
6147071059_R04C01	0.997433
6147071059_R07C01	0.998111
6147071059_R08C01	0.997278
6147071060_R02C01	0.998287
6147071060_R03C01	0.997568
6147071060_R04C01	0.996498
6147071060_R05C01	0.997934
6147071060_R06C01	0.997387
6147071060_R07C01	0.997336
6147071060_R08C01	0.995215
6147071101_R01C01	0.998571
6147071101_R02C01	0.997503
6147071101_R04C01	0.997222
6147071101_R05C01	0.99786
6147071101_R06C01	0.99737
6147071101_R07C01	0.998421
6147071101_R08C01	0.996468
6147071123_R01C01	0.99792
6147071123_R02C01	0.998318
6147071123_R03C01	0.997484
6147071123_R04C01	0.998011
6147071123_R05C01	0.998141
6147071123_R06C01	0.997842
6147071123_R07C01	0.998121
6147071123_R08C01	0.994082
6147071155_R01C01	0.996775
6147071155_R02C01	0.997598
6147071155_R03C01	0.996726
6147071155_R04C01	0.997277
6147071155_R06C01	0.998316
6147071155_R07C01	0.997168
6147071155_R08C01	0.997837
6147071157_R01C01	0.997531
6147071157_R02C01	0.998609
6147071157_R03C01	0.99761
6147071157_R04C01	0.997973
6147071157_R05C01	0.997563
6147071157_R06C01	0.997669
6147071157_R07C01	0.998075
6147071157_R08C01	0.998017
6160275010_R02C01	0.99695
6160275010_R03C01	0.998304
6160275010_R04C01	0.996924
6160275010_R05C01	0.997548
6160275010_R06C01	0.997873
6160275010_R07C01	0.997843
6160275010_R08C01	0.997573
6160275012_R02C01	0.998032
6160275012_R03C01	0.997452
6160275012_R04C01	0.997217
6160275012_R05C01	0.996148
6160275012_R06C01	0.996906
6160275012_R07C01	0.998447
6160275012_R08C01	0.998885
6160275019_R01C01	0.997984
6160275019_R02C01	0.997959
6160275019_R03C01	0.998265
6160275019_R04C01	0.997698
6160275019_R05C01	0.997288
6160275019_R06C01	0.998322
6160275019_R07C01	0.997221
6160275020_R01C01	0.997604
6160275020_R02C01	0.997396
6160275020_R03C01	0.997707
6160275020_R04C01	0.998031
6160275020_R05C01	0.997814
6160275020_R06C01	0.99714
6160275020_R07C01	0.998086
6160275020_R08C01	0.998415
6160275021_R01C01	0.99791
6160275021_R02C01	0.996242
6160275021_R03C01	0.997989
6160275021_R04C01	0.997598
6160275021_R05C01	0.997791
6160275021_R06C01	0.99835
6160275021_R07C01	0.998395
6160275021_R08C01	0.997809
6160275022_R01C01	0.998098
6160275022_R02C01	0.997572
6160275022_R03C01	0.997835
6160275022_R04C01	0.997696
6160275022_R05C01	0.997893
6160275022_R06C01	0.997664
6160275022_R07C01	0.998468
6160275022_R08C01	0.997452
6160275043_R01C01	0.997012
6160275043_R02C01	0.997112
6160275043_R03C01	0.997746
6160275043_R04C01	0.997434
6160275043_R05C01	0.997726
6160275043_R06C01	0.997394
6160275043_R08C01	0.994508
6160275044_R01C01	0.996768
6160275044_R02C01	0.998079
6160275044_R03C01	0.998363
6160275044_R04C01	0.998043
6160275044_R05C01	0.997511
6160275044_R06C01	0.998022
6160275044_R07C01	0.997955
6160275044_R08C01	0.998018
6160275046_R01C01	0.997808
6160275046_R02C01	0.997732
6160275046_R03C01	0.997424
6160275046_R05C01	0.991211
6160275046_R06C01	0.997693
6160275046_R07C01	0.997913
6160275058_R01C01	0.995809
6160275058_R02C01	0.998145
6160275058_R03C01	0.997719
6160275058_R04C01	0.998066
6160275058_R05C01	0.997954
6160275058_R06C01	0.996949
6160275058_R07C01	0.99784
6160275058_R08C01	0.998177
6160275059_R01C01	0.998696
6160275059_R02C01	0.997912
6160275059_R03C01	0.997935
6160275059_R04C01	0.998159
6160275059_R05C01	0.99837
6160275059_R06C01	0.998041
6160275059_R07C01	0.998364
6160275059_R08C01	0.998027
6160275060_R01C01	0.998233
6160275060_R02C01	0.997646
6160275060_R03C01	0.997392
6160275060_R04C01	0.999013
6160275060_R05C01	0.996592
6160275060_R06C01	0.997822
6160275060_R07C01	0.99804
6160275060_R08C01	0.998573
6160304032_R01C01	0.997825
6160304032_R02C01	0.995766
6160304032_R03C01	0.997238
6160304032_R04C01	0.998376
6160304032_R05C01	0.997529
6160304032_R07C01	0.997839
6160304032_R08C01	0.997865
6160304033_R01C01	0.998347
6160304033_R02C01	0.997957
6160304033_R03C01	0.998161
6160304033_R04C01	0.997635
6160304033_R05C01	0.994155
6160304033_R06C01	0.99811
6160304033_R07C01	0.998056
6160304033_R08C01	0.997468
6164663042_R01C01	0.992039
6164663042_R02C01	0.99753
6164663042_R03C01	0.997954
6164663042_R04C01	0.998258
6164663042_R05C01	0.99849
6164663042_R06C01	0.995675
6164663042_R07C01	0.998101
6164663042_R08C01	0.997245
6165295013_R01C01	0.997254
6165295013_R02C01	0.997908
6165295013_R03C01	0.997927
6165295013_R04C01	0.998341
6165295013_R06C01	0.997288
6165295019_R01C01	0.996922
6165295019_R02C01	0.997455
6165295019_R04C01	0.996916
6165295019_R05C01	0.997985
6165295019_R06C01	0.997804
6165295019_R07C01	0.997747
6165295019_R08C01	0.997861
6165295021_R01C01	0.989189
6165295021_R02C01	0.998022
6165295021_R03C01	0.998303
6165295021_R04C01	0.997945
6165295021_R05C01	0.997953
6165295021_R06C01	0.997954
6165295021_R07C01	0.998591
6165295021_R08C01	0.997625
6165295023_R01C01	0.994315
6165295023_R02C01	0.994031
6165295023_R03C01	0.998071
6165295023_R04C01	0.997481
6165295023_R05C01	0.991251
6165295023_R06C01	0.9974
6165295023_R07C01	0.997663
6165295023_R08C01	0.998445
6165295050_R01C01	0.997164
6165295050_R02C01	0.991516
6165295050_R03C01	0.996121
6165295050_R04C01	0.998115
6165295050_R05C01	0.997748
6165295050_R06C01	0.998278
6165295050_R07C01	0.997252
6165295050_R08C01	0.998524
6165295051_R01C01	0.99521
6165295051_R03C01	0.997776
6165295051_R04C01	0.997659
6165295051_R05C01	0.996847
6165295051_R07C01	0.995718
6165295051_R08C01	0.996877
6171492001_R02C01	0.989713
6171492001_R03C01	0.997141
6171492001_R05C01	0.997509
6171492001_R07C01	0.9968
6171492013_R02C01	0.998648
6171492013_R03C01	0.997502
6171492013_R04C01	0.99828
6171492013_R07C01	0.995972
6171492013_R08C01	0.99843
6171492015_R01C01	0.998509
6171492015_R02C01	0.996192
6171492015_R03C01	0.998441
6171492015_R04C01	0.997894
6171492015_R05C01	0.997063
6171492015_R06C01	0.998349
6171492015_R07C01	0.997153
6171492015_R08C01	0.99813
6171492016_R01C01	0.997768
6171492016_R02C01	0.996931
6171492016_R03C01	0.997002
6171492016_R04C01	0.996553
6171492016_R05C01	0.998053
6171492016_R06C01	0.997027
6171492016_R07C01	0.997756
6171492017_R02C01	0.997502
6171492017_R03C01	0.992829
6171492017_R04C01	0.998417
6171492017_R05C01	0.997516
6171492017_R06C01	0.997083
6171492017_R07C01	0.997564
6171492017_R08C01	0.995807
6171492025_R01C01	0.99823
6171492025_R02C01	0.998143
6171492025_R03C01	0.99685
6171492025_R04C01	0.993569
6171492025_R05C01	0.99704
6171492025_R06C01	0.998269
6171492025_R07C01	0.99765
6171492025_R08C01	0.99747
6171492029_R01C01	0.997745
6171492029_R02C01	0.997443
6171492029_R04C01	0.998449
6171492029_R05C01	0.998414
6171492029_R06C01	0.998292
6171492029_R08C01	0.997812
6171492039_R03C01	0.996977
6171492039_R04C01	0.99647
6171492039_R05C01	0.997806
6171492039_R06C01	0.98682
6171492039_R07C01	0.997705
6171492043_R02C01	0.998185
6171492043_R03C01	0.995225
6171492043_R04C01	0.996336
6171492043_R05C01	0.998135
6171492043_R06C01	0.997526
6171492043_R07C01	0.995941
6171492043_R08C01	0.998175
6171492045_R01C01	0.997819
6171492045_R02C01	0.997129
6171492045_R05C01	0.997849
6171492045_R08C01	0.997229
6171492048_R06C01	0.984196
6171492048_R08C01	0.973665
6171492049_R01C01	0.99727
6171492049_R02C01	0.998235
6171492049_R03C01	0.997955
6171492049_R04C01	0.992298
6171492049_R05C01	0.998059
6171492049_R06C01	0.998883
6171492049_R07C01	0.996782
6171492049_R08C01	0.997001
6171492050_R01C01	0.99764
6171492050_R02C01	0.997662
6171492050_R05C01	0.997656
6171492050_R06C01	0.997826
6171492050_R07C01	0.997692
6171492050_R08C01	0.996103
6171492053_R01C01	0.996868
6171492053_R02C01	0.997642
6171492053_R03C01	0.997728
6171492053_R04C01	0.996616
6171492053_R05C01	0.998629
6171492053_R06C01	0.997227
6171492053_R07C01	0.997803
6171492053_R08C01	0.998281
6171492055_R01C01	0.99745
6171492055_R02C01	0.991909
6171492055_R03C01	0.997983
6171492055_R04C01	0.998431
6171492055_R06C01	0.997796
6171492055_R07C01	0.997492
6171492055_R08C01	0.998276
6171492056_R01C01	0.99778
6171492056_R02C01	0.99848
6171492056_R03C01	0.998536
6171492056_R04C01	0.997573
6171492056_R05C01	0.997542
6171492056_R08C01	0.997181
6171492059_R01C01	0.997868
6171492059_R02C01	0.997912
6171492059_R04C01	0.998233
6171492059_R05C01	0.998014
6171492059_R06C01	0.998101
6171492059_R07C01	0.997547
6171492059_R08C01	0.998121
6171492060_R01C01	0.998295
6171492060_R02C01	0.998217
6171492060_R03C01	0.993892
6171492060_R04C01	0.997527
6171492060_R05C01	0.997407
6171492060_R08C01	0.991019
6171492068_R01C01	0.997982
6171492068_R02C01	0.99796
6171492068_R03C01	0.997716
6171492068_R04C01	0.997111
6171492068_R05C01	0.998697
6171492068_R06C01	0.998253
6171492068_R08C01	0.99829
6171492069_R02C01	0.996876
6171492069_R06C01	0.996107
6171492069_R07C01	0.997161
6171492069_R08C01	0.997826
6171492072_R03C01	0.997771
6171492072_R04C01	0.998104
6171492072_R05C01	0.998412
6171492072_R06C01	0.99609
6171492072_R08C01	0.998162
6171492074_R01C01	0.996922
6171492074_R02C01	0.99796
6171492074_R03C01	0.997992
6171492074_R04C01	0.997458
6171492074_R05C01	0.997733
6171492074_R07C01	0.996908
6171492074_R08C01	0.997398
6171492075_R01C01	0.997916
6171492075_R03C01	0.997057
6171492075_R05C01	0.998291
6171492075_R06C01	0.975935
6171492075_R08C01	0.997662
6171492077_R01C01	0.997352
6171492077_R02C01	0.997316
6171492077_R03C01	0.996922
6171492077_R07C01	0.997687
6171492077_R08C01	0.99785
6171492078_R01C01	0.997924
6171492078_R02C01	0.998276
6171492078_R03C01	0.998137
6171492078_R05C01	0.997254
6171492078_R06C01	0.996706
6171492078_R07C01	0.997038
6171492078_R08C01	0.998061
6171492079_R01C01	0.998107
6171492079_R03C01	0.99807
6171492079_R04C01	0.999063
6171492079_R05C01	0.997817
6171492079_R06C01	0.997462
6171492079_R07C01	0.997898
6171492079_R08C01	0.982694
6171492084_R01C01	0.996184
6171492084_R02C01	0.998568
6171492084_R03C01	0.998077
6171492084_R04C01	0.997854
6171492084_R05C01	0.997524
6171492084_R06C01	0.997457
6171492084_R08C01	0.997467
6171492086_R02C01	0.996765
6171492086_R05C01	0.99804
6171492086_R06C01	0.996227
6171492086_R07C01	0.997852
6171492086_R08C01	0.996995
6171492090_R01C01	0.998138
6171492090_R02C01	0.994643
6171492090_R03C01	0.9974
6171492090_R05C01	0.997655
6171492090_R06C01	0.997312
6171492090_R07C01	0.997511
6171492090_R08C01	0.998004
6171492100_R01C01	0.996289
6171492100_R03C01	0.995657
6171492100_R04C01	0.98807
6171492100_R05C01	0.996547
6171492100_R08C01	0.997069
6172882004_R01C01	0.997612
6172882004_R02C01	0.997944
6172882004_R03C01	0.993155
6172882004_R06C01	0.99072
6172882004_R07C01	0.998116
6172882004_R08C01	0.998119
6172882009_R01C01	0.998295
6172882009_R02C01	0.997978
6172882009_R03C01	0.997686
6172882009_R04C01	0.996951
6172882009_R05C01	0.99683
6172882009_R06C01	0.997524
6172882009_R07C01	0.998421
6172882009_R08C01	0.997418
6172882050_R01C01	0.997667
6172882050_R02C01	0.998464
6172882050_R03C01	0.998867
6172882050_R04C01	0.996804
6172882050_R05C01	0.99768
6172882050_R06C01	0.998133
6172882050_R08C01	0.996208
6172882051_R01C01	0.998158
6172882051_R02C01	0.998374
6172882051_R04C01	0.997838
6172882051_R05C01	0.996407
6172882051_R06C01	0.997928
6172882051_R07C01	0.997703
6172882051_R08C01	0.998296
6186483013_R01C01	0.994353
6186483013_R02C01	0.998158
6186483013_R03C01	0.992831
6186483013_R04C01	0.997815
6186483013_R05C01	0.997046
6186483013_R06C01	0.998309
6186483013_R07C01	0.997625
6186483013_R08C01	0.997368
6186483032_R03C01	0.997422
6186483032_R04C01	0.997652
6186483032_R05C01	0.997743
6186483032_R06C01	0.998137
6186483032_R07C01	0.996404
6186483032_R08C01	0.993297
6186483043_R01C01	0.977145
6186483043_R04C01	0.988808
6186483043_R05C01	0.998439
6186483043_R06C01	0.997154
6186483043_R08C01	0.996853
6186483051_R01C01	0.998213
6186483051_R08C01	0.997819
6186483068_R01C01	0.994063
6186483068_R02C01	0.998103
6186483068_R03C01	0.997242
6186483090_R01C01	0.998526
6186483090_R02C01	0.99797
6186483090_R03C01	0.998279
6186483090_R04C01	0.998125
6186483090_R06C01	0.997882
6186483090_R07C01	0.997881
6186483090_R08C01	0.996984
6186483093_R02C01	0.984393
6186483093_R03C01	0.99688
6186483093_R05C01	0.998322
6186483093_R06C01	0.998135
6186483093_R08C01	0.998091
6186483099_R01C01	0.996296
6186483099_R03C01	0.997082
6186483099_R04C01	0.997804
6186483099_R05C01	0.996349
6186483099_R07C01	0.997621
6186483099_R08C01	0.997405
6186483101_R01C01	0.996625
6186483101_R02C01	0.996329
6186483101_R03C01	0.993538
6186483101_R04C01	0.997849
6186483101_R05C01	0.995092
6186483101_R06C01	0.990838
6186483101_R08C01	0.998158
6186483132_R01C01	0.983689
6247194011_R02C01	0.997143
6247194011_R03C01	0.997352
6247194011_R04C01	0.997157
6247194011_R05C01	0.997086
6247194011_R07C01	0.992552
6247194011_R08C01	0.996491
6247194028_R01C01	0.996624
6247194028_R02C01	0.993501
6247194028_R03C01	0.997617
6247194028_R04C01	0.997151
6247194028_R06C01	0.99866
6247194028_R07C01	0.997659
6247194028_R08C01	0.998372
6247194031_R01C01	0.996521
6247194031_R02C01	0.997416
6247194031_R03C01	0.998161
6247194031_R05C01	0.997892
6247194031_R06C01	0.99887
6247194031_R07C01	0.997603
6247194043_R02C01	0.997795
6247194043_R03C01	0.998342
6247194043_R04C01	0.997864
6247194043_R07C01	0.997892
6247194043_R08C01	0.997248
6247194064_R01C01	0.997173
6247194064_R03C01	0.997523
6247194064_R04C01	0.997908
6247194064_R05C01	0.99799
6247194064_R06C01	0.998611
6247194064_R07C01	0.997753
6247194064_R08C01	0.998552
6247194098_R01C01	0.998857
6247194098_R02C01	0.998015
6247194098_R03C01	0.996947
6247194098_R04C01	0.998287
6247194098_R05C01	0.99722
6247194098_R06C01	0.999051
6247194098_R07C01	0.997785
6247194098_R08C01	0.998063
6247194107_R03C01	0.993417
6247194107_R05C01	0.989656
6247194107_R07C01	0.998346
6247194115_R02C01	0.997638
6247194115_R04C01	0.993244
6247194115_R05C01	0.997317
6247194115_R06C01	0.997275
6247194115_R08C01	0.997499
6247194117_R02C01	0.998034
6247194117_R03C01	0.998772
6247194117_R04C01	0.993212
6247194117_R05C01	0.997708
6247194117_R07C01	0.997817
6247194117_R08C01	0.997592
6247194118_R05C01	0.998165
6247194118_R08C01	0.996561
6264533042_R07C01	0.99791
6264533048_R01C01	0.997676
6264533048_R03C01	0.998046
6264533048_R04C01	0.998339
6264533048_R05C01	0.996266
6264533048_R06C01	0.997729
6264533048_R07C01	0.996786
6264533048_R08C01	0.997833
6264533060_R03C01	0.99691
6264533060_R05C01	0.995605
6264533060_R06C01	0.996238
6264533060_R07C01	0.996399
6264533060_R08C01	0.997836
6264533086_R01C01	0.974049
6264533086_R03C01	0.997586
6264533086_R05C01	0.991765
6264550046_R02C01	0.996679
6264550046_R03C01	0.995644
6264550046_R04C01	0.997842
6264550046_R07C01	0.996647
