                      +-----------------------------+
                      |                             |
                      |   Eagle v2.4.1              |
                      |   November 18, 2018         |
                      |   Po-Ru Loh                 |
                      |                             |
                      +-----------------------------+

Copyright (C) 2015-2018 Harvard University.
Distributed under the GNU GPLv3+ open source license.

Command line options:

eagle \
    --vcfRef=/BIODATA/StudentsHome/kevine/GWAS/Git/GWAS/1000G/ALL.chr15.phase3_integrated.20130502.genotypes.bcf \
    --vcfTarget=qc-camgwas-updated.vcf.gz \
    --geneticMapFile=tables/genetic_map_hg19_withX.txt.gz \
    --outPrefix=chr15-phased_wref \
    --chrom=15 \
    --pbwtIters=10 \
    --numThreads=90 \
    --Kpbwt=50000 \
    --vcfOutFormat=z 

Setting number of threads to 90
[W::bcf_hdr_check_sanity] PL should be declared as Number=G

Reference samples: Nref = 2504
Target samples: Ntarget = 1185
SNPs to analyze: M = 51522 SNPs in both target and reference

SNPs ignored: 0 SNPs in target but not reference
              1353903 SNPs in reference but not target
              0 multi-allelic SNPs in target

Missing rate in target genotypes: 0.00476524

Filling in genetic map coordinates using reference file:
  tables/genetic_map_hg19_withX.txt.gz
Physical distance range: 82370573 base pairs
Genetic distance range:  150.839 cM
Average # SNPs per cM:   342
Number of <=(64-SNP, 1cM) segments: 808
Average # SNPs per segment: 63

Time for reading input: 34.9942 sec

Fraction of heterozygous genotypes: 0.257204
Typical span of default 100-het history length: 1.14 cM
Setting --histFactor=1.00

BEGINNING PHASING

PHASING ITER 1 OF 10


Phasing target samples
................................................................................
Time for phasing iter 1: 653.124

PHASING ITER 2 OF 10


Phasing target samples
................................................................................
Time for phasing iter 2: 686.338

PHASING ITER 3 OF 10


Phasing target samples
................................................................................
Time for phasing iter 3: 628.4

PHASING ITER 4 OF 10


Phasing target samples
................................................................................
Time for phasing iter 4: 643.114

PHASING ITER 5 OF 10


Phasing target samples
................................................................................
Time for phasing iter 5: 669.534

PHASING ITER 6 OF 10


Phasing target samples
................................................................................
Time for phasing iter 6: 632.269

PHASING ITER 7 OF 10


Phasing target samples
................................................................................
Time for phasing iter 7: 664.976

PHASING ITER 8 OF 10


Phasing target samples
................................................................................
Time for phasing iter 8: 636.199

PHASING ITER 9 OF 10


Phasing target samples
................................................................................
Time for phasing iter 9: 669.679

PHASING ITER 10 OF 10


Phasing target samples
................................................................................
Time for phasing iter 10: 809.284
Writing vcf.gz output to chr15-phased_wref.vcf.gz
Time for writing output: 9.6661
Total elapsed time for analysis = 6737.71 sec

Mean phase confidence of each target individual:
ID	PHASE_CONFIDENCE
6042341077_R01C01	0.997127
6042341077_R03C01	0.997159
6042341077_R04C01	0.993551
6042341077_R05C01	0.997294
6042341077_R06C01	0.997561
6042341077_R07C01	0.995379
6042341089_R01C01	0.997719
6042341089_R02C01	0.997795
6042341089_R03C01	0.998251
6042341089_R04C01	0.99627
6042341089_R05C01	0.996684
6042341089_R06C01	0.995911
6042341089_R07C01	0.997316
6042341089_R08C01	0.998256
6042341090_R01C01	0.997054
6042341090_R02C01	0.997027
6042341090_R03C01	0.997326
6042341090_R04C01	0.99758
6042341090_R05C01	0.995866
6042341090_R06C01	0.997325
6042341090_R07C01	0.99584
6042341090_R08C01	0.995533
6042341099_R01C01	0.997903
6042341099_R02C01	0.997817
6042341099_R03C01	0.997686
6042341099_R04C01	0.998089
6042341099_R05C01	0.996388
6042341099_R06C01	0.991582
6042341099_R07C01	0.995244
6042341099_R08C01	0.995669
6042341154_R06C01	0.996591
6042341154_R07C01	0.996478
6042341154_R08C01	0.997397
6042341162_R01C01	0.997952
6042341162_R02C01	0.997621
6042341162_R03C01	0.996645
6042341162_R04C01	0.998377
6042341162_R05C01	0.997424
6042341162_R06C01	0.998151
6042341162_R07C01	0.998935
6042341162_R08C01	0.997504
6042359084_R01C01	0.997568
6042359084_R02C01	0.997777
6042359084_R03C01	0.996848
6042359084_R04C01	0.995831
6042359084_R05C01	0.995807
6042359084_R06C01	0.996916
6042359084_R07C01	0.997476
6042359084_R08C01	0.998813
6042375002_R01C01	0.996099
6042375002_R02C01	0.994191
6042375002_R03C01	0.997265
6042375002_R04C01	0.997553
6042375002_R05C01	0.997515
6042375002_R06C01	0.998288
6042375002_R07C01	0.997304
6042375002_R08C01	0.997879
6042375003_R01C01	0.998204
6042375003_R02C01	0.997256
6042375003_R03C01	0.997218
6042375003_R04C01	0.996512
6042375003_R05C01	0.997856
6042375003_R06C01	0.998043
6042375003_R07C01	0.997566
6042375003_R08C01	0.996689
6042375012_R01C01	0.998266
6042375012_R02C01	0.998473
6042375012_R03C01	0.996112
6042375012_R04C01	0.997685
6042375012_R05C01	0.997372
6042375012_R06C01	0.99667
6042375013_R01C01	0.998195
6042375013_R02C01	0.996588
6042375013_R03C01	0.995736
6042375013_R04C01	0.998181
6042375013_R05C01	0.997056
6042375013_R06C01	0.997188
6042375013_R07C01	0.998395
6042375013_R08C01	0.996924
6042375014_R01C01	0.998154
6042375014_R02C01	0.998204
6042375014_R03C01	0.995943
6042375014_R04C01	0.997312
6042375014_R05C01	0.994498
6042375014_R06C01	0.997689
6042375014_R08C01	0.996344
6042375022_R01C01	0.995703
6042375022_R02C01	0.997163
6042375022_R03C01	0.997011
6042375022_R04C01	0.996282
6042375022_R05C01	0.998751
6042375022_R06C01	0.996808
6042375022_R07C01	0.996026
6042375023_R01C01	0.997884
6042375023_R02C01	0.99771
6042375023_R03C01	0.997549
6042375023_R04C01	0.9963
6042375023_R05C01	0.996837
6042375023_R06C01	0.996378
6042375023_R07C01	0.997019
6042375023_R08C01	0.995799
6042375024_R01C01	0.998444
6042375024_R02C01	0.996474
6042375024_R03C01	0.995914
6042375024_R04C01	0.997082
6042375024_R05C01	0.998292
6042375024_R06C01	0.996948
6042375024_R07C01	0.994227
6042375024_R08C01	0.997267
6042375025_R01C01	0.997899
6042375025_R02C01	0.997125
6042375025_R03C01	0.998571
6042375025_R04C01	0.996307
6042375025_R05C01	0.997459
6042375025_R06C01	0.998168
6042375025_R07C01	0.998148
6042375025_R08C01	0.998387
6042375029_R01C01	0.996781
6042375029_R02C01	0.997521
6042375029_R03C01	0.996593
6042375029_R04C01	0.99712
6042375029_R05C01	0.996117
6042375029_R06C01	0.996832
6042375029_R07C01	0.998592
6042375029_R08C01	0.99614
6042375043_R01C01	0.998474
6042375043_R02C01	0.996941
6042375043_R04C01	0.995777
6042375043_R05C01	0.997115
6042375043_R07C01	0.995546
6042375043_R08C01	0.99829
6042375044_R01C01	0.994738
6042375044_R02C01	0.998888
6042375044_R03C01	0.997516
6042375044_R05C01	0.996523
6042375044_R06C01	0.996892
6042375044_R07C01	0.997236
6042375044_R08C01	0.993514
6042375045_R02C01	0.995139
6042375045_R03C01	0.996085
6042375045_R04C01	0.99084
6042375045_R05C01	0.997371
6042375045_R06C01	0.997151
6042375045_R07C01	0.997202
6042375045_R08C01	0.997011
6042375053_R01C01	0.996867
6042375053_R02C01	0.996722
6042375053_R03C01	0.996429
6042375053_R04C01	0.998148
6042375053_R05C01	0.996542
6042375053_R06C01	0.996567
6042375053_R07C01	0.99623
6042375053_R08C01	0.994662
6042375080_R01C01	0.998459
6042375080_R02C01	0.99718
6042375080_R03C01	0.997908
6042375080_R04C01	0.997736
6042375080_R05C01	0.997216
6042375080_R06C01	0.997986
6042375080_R07C01	0.997533
6042375080_R08C01	0.998112
6042375085_R01C01	0.995112
6042375085_R02C01	0.997688
6042375085_R03C01	0.995424
6042375085_R04C01	0.998164
6042375085_R05C01	0.998067
6042375085_R06C01	0.998146
6042375085_R07C01	0.998746
6042375085_R08C01	0.996576
6042375100_R01C01	0.996027
6042375100_R02C01	0.997677
6042375100_R04C01	0.996911
6042375100_R05C01	0.997157
6042375100_R06C01	0.997012
6042375100_R07C01	0.998271
6042375100_R08C01	0.997642
6042375101_R01C01	0.996016
6042375101_R02C01	0.996796
6042375101_R03C01	0.997863
6042375101_R04C01	0.996156
6042375101_R05C01	0.997461
6042375101_R06C01	0.991302
6042375101_R07C01	0.996636
6042375101_R08C01	0.997903
6042375104_R01C01	0.997
6042375104_R02C01	0.99542
6042375104_R03C01	0.997476
6042375104_R04C01	0.997962
6042375104_R06C01	0.996025
6042375104_R08C01	0.997027
6042375137_R01C01	0.997119
6042375137_R02C01	0.999026
6042375137_R03C01	0.996889
6042375137_R05C01	0.993349
6042375137_R06C01	0.998563
6042375137_R07C01	0.998707
6042375137_R08C01	0.997741
6042375138_R01C01	0.997748
6042375138_R02C01	0.997948
6042375138_R03C01	0.995682
6042375138_R04C01	0.996846
6042375138_R05C01	0.997821
6042375138_R06C01	0.991502
6042375138_R07C01	0.997336
6042375138_R08C01	0.997148
6042375146_R01C01	0.99751
6042375146_R02C01	0.997168
6042375146_R03C01	0.997142
6042375146_R04C01	0.997104
6042375146_R05C01	0.997558
6042375146_R06C01	0.997948
6042375146_R07C01	0.997679
6042375146_R08C01	0.998412
6130471012_R01C01	0.997755
6130471012_R02C01	0.997476
6130471012_R03C01	0.995404
6130471012_R04C01	0.997098
6130471012_R05C01	0.998213
6130471012_R06C01	0.997305
6130471012_R07C01	0.9973
6130471012_R08C01	0.996914
6130471070_R01C01	0.997882
6130471070_R02C01	0.988917
6130471070_R03C01	0.997338
6130471070_R04C01	0.99817
6130471070_R05C01	0.996634
6130471070_R06C01	0.995285
6130471070_R07C01	0.997222
6130471070_R08C01	0.997328
6130471071_R01C01	0.99599
6130471071_R02C01	0.99336
6130471071_R03C01	0.997726
6130471071_R05C01	0.996475
6130471071_R06C01	0.994651
6130471071_R07C01	0.995858
6130471110_R01C01	0.996473
6130471110_R02C01	0.995793
6130471110_R04C01	0.996977
6130471110_R05C01	0.991765
6130471110_R06C01	0.997736
6130471110_R07C01	0.996327
6130471110_R08C01	0.993458
6130471129_R01C01	0.996401
6130471129_R02C01	0.997088
6130471129_R03C01	0.994343
6130471129_R04C01	0.996759
6130471129_R05C01	0.995226
6130471129_R06C01	0.997653
6130471129_R07C01	0.99317
6130471129_R08C01	0.997478
6135563011_R01C01	0.997725
6135563011_R02C01	0.997382
6135563011_R03C01	0.996783
6135563011_R04C01	0.997026
6135563011_R06C01	0.998069
6135563011_R07C01	0.997247
6135563011_R08C01	0.995723
6135563012_R02C01	0.997692
6135563012_R04C01	0.993331
6135563012_R05C01	0.99708
6135563012_R06C01	0.997697
6135563012_R07C01	0.997302
6135563012_R08C01	0.992857
6135563014_R02C01	0.997698
6135563014_R03C01	0.997968
6135563014_R04C01	0.998313
6135563014_R05C01	0.997031
6135563014_R06C01	0.995925
6135563014_R07C01	0.998143
6135563014_R08C01	0.997593
6135563015_R02C01	0.99696
6135563015_R04C01	0.996361
6135563015_R05C01	0.996538
6135563015_R06C01	0.995334
6135563015_R07C01	0.997499
6135563015_R08C01	0.997137
6135563041_R01C01	0.998735
6135563041_R03C01	0.997706
6135563041_R04C01	0.998054
6135563041_R05C01	0.997311
6135563041_R06C01	0.997614
6135571025_R01C01	0.990929
6135571025_R03C01	0.995384
6135571025_R04C01	0.99701
6135571025_R07C01	0.997763
6135571025_R08C01	0.997405
6135580001_R01C01	0.998809
6135580001_R02C01	0.998232
6135580001_R03C01	0.997684
6135580001_R04C01	0.997567
6135580001_R05C01	0.996917
6135580001_R06C01	0.998326
6135580001_R07C01	0.9981
6135580001_R08C01	0.996485
6135580011_R01C01	0.996988
6135580011_R02C01	0.996054
6135580011_R03C01	0.998042
6135580011_R04C01	0.997531
6135580011_R05C01	0.997565
6135580011_R07C01	0.997987
6135580011_R08C01	0.996505
6135580017_R01C01	0.99726
6135580017_R02C01	0.998904
6135580017_R03C01	0.996263
6135580017_R04C01	0.997494
6135580017_R05C01	0.997532
6135580017_R06C01	0.996878
6135580017_R07C01	0.998537
6135580017_R08C01	0.997046
6135580027_R01C01	0.996302
6135580027_R02C01	0.994848
6135580027_R03C01	0.998039
6135580027_R04C01	0.998523
6135580027_R05C01	0.997944
6135580027_R06C01	0.998228
6135580027_R07C01	0.997354
6135580027_R08C01	0.998084
6135580057_R01C01	0.997037
6135580057_R02C01	0.997983
6135580057_R03C01	0.997899
6135580057_R04C01	0.997248
6135580057_R05C01	0.997198
6135580057_R06C01	0.997882
6135580057_R07C01	0.996999
6135580057_R08C01	0.99826
6135580073_R01C01	0.996935
6135580073_R03C01	0.997335
6135580073_R04C01	0.997634
6135580073_R05C01	0.998128
6135580073_R06C01	0.997954
6135580073_R07C01	0.997039
6135580073_R08C01	0.996018
6135580082_R01C01	0.998174
6135580082_R02C01	0.99841
6135580082_R03C01	0.995839
6135580082_R04C01	0.998042
6135580082_R06C01	0.995326
6135580082_R07C01	0.996869
6135580082_R08C01	0.998196
6135580098_R01C01	0.998392
6135580098_R02C01	0.997585
6135580098_R04C01	0.996801
6135580098_R05C01	0.997672
6135580098_R06C01	0.996978
6135580098_R07C01	0.996662
6135580098_R08C01	0.998063
6135580116_R02C01	0.993986
6135580116_R03C01	0.997867
6135580116_R05C01	0.997521
6135580116_R06C01	0.997508
6135580116_R08C01	0.996923
6135580117_R02C01	0.995615
6135580117_R03C01	0.997374
6135580117_R04C01	0.99797
6135580117_R05C01	0.997
6135580117_R06C01	0.997511
6135580118_R01C01	0.996756
6135580118_R02C01	0.994435
6135580118_R04C01	0.99555
6135580118_R05C01	0.997563
6135580118_R06C01	0.997254
6135580118_R08C01	0.995421
6135580123_R02C01	0.995206
6135580123_R04C01	0.996803
6135580123_R05C01	0.996234
6135580123_R07C01	0.990521
6135580123_R08C01	0.993749
6135580144_R01C01	0.99644
6135580144_R08C01	0.996567
6135580145_R06C01	0.997594
6135580145_R08C01	0.990809
6135601008_R01C01	0.997001
6135601008_R02C01	0.992292
6135601008_R03C01	0.997189
6135601008_R04C01	0.995544
6135601008_R06C01	0.997844
6135601008_R07C01	0.998276
6135601008_R08C01	0.997113
6135601009_R01C01	0.997197
6135601009_R02C01	0.996557
6135601009_R03C01	0.997963
6135601009_R04C01	0.998121
6135601009_R05C01	0.995991
6135601009_R06C01	0.996627
6135601009_R07C01	0.997989
6135601009_R08C01	0.996619
6135601012_R04C01	0.997455
6135601012_R05C01	0.998405
6135601012_R06C01	0.997046
6135601012_R07C01	0.991189
6135601018_R03C01	0.997574
6135601018_R05C01	0.996908
6135601018_R07C01	0.989391
6135601018_R08C01	0.994573
6135601027_R03C01	0.996455
6135601027_R04C01	0.995996
6135601027_R05C01	0.995494
6135601027_R07C01	0.99649
6135601034_R01C01	0.99663
6135601034_R02C01	0.996851
6135601034_R03C01	0.996225
6135601034_R04C01	0.99814
6135601034_R06C01	0.996611
6135601045_R01C01	0.997708
6135601045_R02C01	0.999032
6135601045_R03C01	0.99665
6135601045_R04C01	0.997805
6135601045_R05C01	0.997791
6135601045_R07C01	0.998716
6135601045_R08C01	0.995948
6135601049_R01C01	0.998128
6135601049_R02C01	0.997214
6135601049_R03C01	0.997126
6135601049_R05C01	0.992338
6135601049_R06C01	0.997637
6135601049_R07C01	0.996256
6135601049_R08C01	0.99718
6135601060_R01C01	0.99443
6135601060_R03C01	0.996423
6135601060_R04C01	0.980378
6135601060_R05C01	0.994874
6135601060_R06C01	0.993858
6135601066_R01C01	0.997072
6135601066_R02C01	0.994241
6135601066_R03C01	0.997927
6135601066_R04C01	0.997256
6135601066_R05C01	0.99507
6135601066_R06C01	0.996457
6135601066_R07C01	0.996355
6135601066_R08C01	0.997608
6135601080_R01C01	0.996749
6135601080_R02C01	0.995242
6135601080_R03C01	0.997741
6135601080_R07C01	0.996492
6135601080_R08C01	0.998346
6135601081_R01C01	0.997085
6135601081_R02C01	0.997932
6135601081_R03C01	0.997195
6135601081_R04C01	0.997216
6135601081_R05C01	0.998184
6135601081_R07C01	0.995966
6135601081_R08C01	0.997796
6135601082_R02C01	0.998972
6135601082_R03C01	0.997927
6135601082_R04C01	0.997594
6135601082_R05C01	0.997031
6135601082_R06C01	0.995519
6135601082_R07C01	0.997272
6135601082_R08C01	0.997429
6135601086_R01C01	0.995741
6135601086_R03C01	0.997306
6135601086_R04C01	0.997836
6135601086_R05C01	0.994291
6135601086_R07C01	0.995821
6135601094_R05C01	0.995912
6135601094_R06C01	0.991505
6135601108_R01C01	0.996484
6135601108_R02C01	0.997479
6135601108_R03C01	0.997861
6135601108_R04C01	0.997039
6135601108_R05C01	0.997135
6135601108_R06C01	0.996193
6135601108_R07C01	0.997205
6135601108_R08C01	0.997609
6135601115_R02C01	0.996444
6135601115_R04C01	0.996278
6135601115_R06C01	0.996954
6135601115_R07C01	0.997738
6135601115_R08C01	0.998335
6135601116_R01C01	0.996061
6135601116_R02C01	0.997022
6135601116_R05C01	0.997424
6135601116_R07C01	0.995833
6135601116_R08C01	0.997857
6135601117_R01C01	0.996371
6135601117_R05C01	0.997574
6135601117_R06C01	0.995327
6135601117_R07C01	0.997714
6135601117_R08C01	0.995542
6135601120_R03C01	0.997137
6135601120_R04C01	0.997668
6135601120_R06C01	0.997746
6135601120_R07C01	0.997124
6135601120_R08C01	0.998238
6135601124_R01C01	0.997501
6135601124_R02C01	0.996918
6135601124_R03C01	0.998111
6135601124_R04C01	0.997691
6135601124_R05C01	0.996867
6135601124_R06C01	0.99642
6135601124_R07C01	0.996025
6135601124_R08C01	0.997325
6135601130_R01C01	0.997593
6135601130_R02C01	0.991459
6135601130_R03C01	0.997853
6135601130_R04C01	0.996695
6135601130_R05C01	0.996889
6135601130_R06C01	0.998077
6135601130_R07C01	0.99669
6135601130_R08C01	0.998162
6135601149_R01C01	0.996843
6135601149_R02C01	0.997917
6135601149_R06C01	0.993101
6135601149_R08C01	0.997311
6135601151_R01C01	0.996774
6135601151_R02C01	0.997394
6135601151_R03C01	0.996962
6135601151_R04C01	0.996818
6135601151_R05C01	0.997635
6135601151_R06C01	0.997235
6135601151_R07C01	0.99746
6135601151_R08C01	0.996147
6135601153_R03C01	0.996609
6135601153_R05C01	0.997023
6135601153_R06C01	0.989669
6135601153_R07C01	0.995798
6135601153_R08C01	0.99808
6135601156_R01C01	0.996661
6135601156_R02C01	0.995438
6135601156_R03C01	0.994729
6135601156_R04C01	0.996613
6135601156_R05C01	0.997514
6135601156_R06C01	0.99765
6135601156_R08C01	0.997722
6135601162_R01C01	0.992427
6135601162_R02C01	0.996884
6135601162_R04C01	0.997547
6135601162_R05C01	0.997065
6135601162_R06C01	0.996341
6135601162_R07C01	0.99635
6135601162_R08C01	0.997218
6135601167_R02C01	0.997101
6135601167_R03C01	0.998272
6135601167_R04C01	0.996464
6135601167_R05C01	0.99562
6135601167_R06C01	0.997585
6135601167_R07C01	0.995753
6147054060_R01C01	0.997214
6147054060_R02C01	0.996559
6147054060_R03C01	0.997672
6147054060_R04C01	0.998361
6147054060_R05C01	0.994819
6147054060_R07C01	0.997415
6147054060_R08C01	0.997745
6147054122_R01C01	0.996143
6147054122_R02C01	0.997321
6147054122_R03C01	0.994293
6147054122_R04C01	0.996443
6147054122_R05C01	0.997525
6147054122_R06C01	0.997624
6147054122_R07C01	0.997321
6147054122_R08C01	0.997577
6147054149_R01C01	0.997326
6147054149_R02C01	0.99824
6147054149_R07C01	0.997817
6147054149_R08C01	0.996485
6147054150_R01C01	0.996094
6147054150_R02C01	0.996476
6147054150_R03C01	0.998944
6147054150_R04C01	0.99767
6147054150_R05C01	0.997597
6147054150_R06C01	0.998132
6147054150_R07C01	0.997108
6147054150_R08C01	0.997527
6147062005_R03C01	0.998377
6147062005_R04C01	0.998166
6147062005_R06C01	0.996415
6147062005_R07C01	0.99689
6147062010_R01C01	0.996442
6147062010_R02C01	0.997253
6147062010_R03C01	0.997954
6147062010_R04C01	0.995933
6147062010_R05C01	0.998045
6147062010_R06C01	0.997905
6147062010_R07C01	0.997123
6147062010_R08C01	0.997592
6147062028_R03C01	0.996387
6147062037_R01C01	0.99631
6147062037_R02C01	0.992578
6147062037_R03C01	0.998057
6147062037_R04C01	0.997853
6147062037_R05C01	0.996615
6147062037_R06C01	0.997487
6147062037_R07C01	0.996834
6147062055_R01C01	0.997355
6147062055_R02C01	0.995517
6147062055_R04C01	0.995771
6147062055_R07C01	0.997411
6147062055_R08C01	0.997203
6147062102_R01C01	0.997103
6147062102_R02C01	0.997172
6147062102_R03C01	0.997798
6147062102_R04C01	0.997501
6147062102_R05C01	0.998398
6147062102_R06C01	0.9979
6147062133_R01C01	0.995573
6147062133_R02C01	0.997675
6147062133_R03C01	0.997021
6147062133_R05C01	0.997877
6147062133_R06C01	0.998383
6147062134_R01C01	0.996392
6147062134_R02C01	0.997979
6147062134_R03C01	0.998425
6147062134_R06C01	0.995045
6147062134_R07C01	0.998165
6147062134_R08C01	0.996467
6147062135_R01C01	0.997452
6147062135_R02C01	0.997066
6147062135_R04C01	0.996413
6147062135_R05C01	0.997325
6147062135_R06C01	0.994631
6147062135_R08C01	0.997553
6147062147_R01C01	0.992077
6147062147_R03C01	0.997125
6147062147_R04C01	0.997565
6147062147_R05C01	0.997558
6147062147_R06C01	0.997541
6147062147_R07C01	0.994848
6147062147_R08C01	0.997403
6147062162_R01C01	0.997154
6147062162_R03C01	0.996455
6147062162_R05C01	0.997102
6147062162_R06C01	0.99699
6147062162_R07C01	0.998375
6147062167_R02C01	0.997569
6147062167_R03C01	0.997652
6147062167_R04C01	0.995346
6147062167_R05C01	0.996384
6147062167_R06C01	0.994203
6147062167_R08C01	0.997225
6147071002_R01C01	0.997591
6147071002_R02C01	0.992122
6147071002_R03C01	0.997169
6147071002_R05C01	0.996631
6147071002_R06C01	0.997311
6147071002_R07C01	0.998872
6147071002_R08C01	0.997232
6147071043_R03C01	0.997153
6147071043_R05C01	0.996234
6147071043_R08C01	0.996674
6147071044_R01C01	0.997815
6147071044_R02C01	0.996668
6147071044_R03C01	0.99743
6147071044_R04C01	0.995879
6147071044_R06C01	0.996643
6147071044_R07C01	0.996197
6147071044_R08C01	0.997212
6147071047_R01C01	0.997328
6147071047_R02C01	0.997134
6147071047_R05C01	0.996843
6147071047_R06C01	0.997186
6147071047_R07C01	0.996595
6147071047_R08C01	0.994752
6147071059_R02C01	0.996461
6147071059_R03C01	0.997394
6147071059_R04C01	0.996611
6147071059_R07C01	0.997567
6147071059_R08C01	0.996883
6147071060_R02C01	0.997294
6147071060_R03C01	0.994915
6147071060_R04C01	0.996083
6147071060_R05C01	0.9967
6147071060_R06C01	0.997254
6147071060_R07C01	0.997065
6147071060_R08C01	0.994935
6147071101_R01C01	0.997673
6147071101_R02C01	0.997424
6147071101_R04C01	0.996966
6147071101_R05C01	0.996637
6147071101_R06C01	0.99816
6147071101_R07C01	0.998374
6147071101_R08C01	0.995682
6147071123_R01C01	0.997443
6147071123_R02C01	0.998173
6147071123_R03C01	0.997421
6147071123_R04C01	0.997158
6147071123_R05C01	0.998186
6147071123_R06C01	0.997218
6147071123_R07C01	0.998364
6147071123_R08C01	0.992491
6147071155_R01C01	0.996251
6147071155_R02C01	0.997466
6147071155_R03C01	0.997433
6147071155_R04C01	0.997003
6147071155_R06C01	0.997072
6147071155_R07C01	0.995977
6147071155_R08C01	0.997546
6147071157_R01C01	0.997197
6147071157_R02C01	0.99868
6147071157_R03C01	0.997284
6147071157_R04C01	0.997607
6147071157_R05C01	0.997074
6147071157_R06C01	0.997884
6147071157_R07C01	0.997358
6147071157_R08C01	0.997802
6160275010_R02C01	0.996199
6160275010_R03C01	0.996299
6160275010_R04C01	0.995895
6160275010_R05C01	0.997179
6160275010_R06C01	0.997529
6160275010_R07C01	0.997113
6160275010_R08C01	0.997378
6160275012_R02C01	0.997508
6160275012_R03C01	0.996036
6160275012_R04C01	0.997467
6160275012_R05C01	0.995099
6160275012_R06C01	0.996498
6160275012_R07C01	0.997759
6160275012_R08C01	0.99895
6160275019_R01C01	0.998415
6160275019_R02C01	0.997783
6160275019_R03C01	0.998619
6160275019_R04C01	0.99762
6160275019_R05C01	0.996694
6160275019_R06C01	0.997269
6160275019_R07C01	0.996595
6160275020_R01C01	0.99679
6160275020_R02C01	0.996989
6160275020_R03C01	0.997058
6160275020_R04C01	0.997555
6160275020_R05C01	0.998231
6160275020_R06C01	0.996767
6160275020_R07C01	0.997239
6160275020_R08C01	0.997557
6160275021_R01C01	0.996373
6160275021_R02C01	0.995947
6160275021_R03C01	0.998333
6160275021_R04C01	0.997153
6160275021_R05C01	0.996037
6160275021_R06C01	0.99815
6160275021_R07C01	0.997293
6160275021_R08C01	0.996727
6160275022_R01C01	0.997585
6160275022_R02C01	0.997832
6160275022_R03C01	0.997858
6160275022_R04C01	0.997584
6160275022_R05C01	0.997706
6160275022_R06C01	0.996903
6160275022_R07C01	0.997252
6160275022_R08C01	0.997222
6160275043_R01C01	0.996765
6160275043_R02C01	0.996864
6160275043_R03C01	0.996854
6160275043_R04C01	0.997142
6160275043_R05C01	0.997006
6160275043_R06C01	0.997292
6160275043_R08C01	0.994053
6160275044_R01C01	0.996861
6160275044_R02C01	0.996363
6160275044_R03C01	0.998009
6160275044_R04C01	0.997456
6160275044_R05C01	0.99772
6160275044_R06C01	0.996648
6160275044_R07C01	0.996703
6160275044_R08C01	0.997117
6160275046_R01C01	0.997391
6160275046_R02C01	0.996831
6160275046_R03C01	0.996124
6160275046_R05C01	0.990533
6160275046_R06C01	0.996156
6160275046_R07C01	0.997146
6160275058_R01C01	0.995055
6160275058_R02C01	0.997511
6160275058_R03C01	0.995945
6160275058_R04C01	0.997793
6160275058_R05C01	0.997044
6160275058_R06C01	0.99717
6160275058_R07C01	0.995915
6160275058_R08C01	0.998876
6160275059_R01C01	0.998497
6160275059_R02C01	0.997425
6160275059_R03C01	0.998307
6160275059_R04C01	0.997126
6160275059_R05C01	0.998148
6160275059_R06C01	0.997574
6160275059_R07C01	0.998429
6160275059_R08C01	0.996795
6160275060_R01C01	0.997596
6160275060_R02C01	0.997482
6160275060_R03C01	0.997218
6160275060_R04C01	0.998913
6160275060_R05C01	0.996736
6160275060_R06C01	0.997533
6160275060_R07C01	0.997152
6160275060_R08C01	0.997348
6160304032_R01C01	0.997194
6160304032_R02C01	0.994668
6160304032_R03C01	0.995247
6160304032_R04C01	0.998502
6160304032_R05C01	0.997581
6160304032_R07C01	0.997312
6160304032_R08C01	0.997147
6160304033_R01C01	0.997959
6160304033_R02C01	0.998288
6160304033_R03C01	0.997536
6160304033_R04C01	0.997621
6160304033_R05C01	0.99338
6160304033_R06C01	0.99806
6160304033_R07C01	0.997566
6160304033_R08C01	0.994547
6164663042_R01C01	0.989531
6164663042_R02C01	0.996921
6164663042_R03C01	0.99785
6164663042_R04C01	0.998018
6164663042_R05C01	0.996822
6164663042_R06C01	0.994473
6164663042_R07C01	0.997184
6164663042_R08C01	0.997415
6165295013_R01C01	0.997108
6165295013_R02C01	0.997292
6165295013_R03C01	0.997585
6165295013_R04C01	0.998282
6165295013_R06C01	0.997383
6165295019_R01C01	0.996102
6165295019_R02C01	0.996952
6165295019_R04C01	0.997301
6165295019_R05C01	0.996941
6165295019_R06C01	0.997097
6165295019_R07C01	0.997343
6165295019_R08C01	0.998146
6165295021_R01C01	0.988094
6165295021_R02C01	0.996865
6165295021_R03C01	0.997445
6165295021_R04C01	0.99648
6165295021_R05C01	0.997371
6165295021_R06C01	0.997888
6165295021_R07C01	0.998032
6165295021_R08C01	0.996762
6165295023_R01C01	0.994672
6165295023_R02C01	0.994092
6165295023_R03C01	0.997665
6165295023_R04C01	0.997764
6165295023_R05C01	0.992384
6165295023_R06C01	0.996657
6165295023_R07C01	0.997151
6165295023_R08C01	0.997018
6165295050_R01C01	0.997308
6165295050_R02C01	0.990439
6165295050_R03C01	0.996013
6165295050_R04C01	0.998172
6165295050_R05C01	0.997794
6165295050_R06C01	0.998523
6165295050_R07C01	0.996724
6165295050_R08C01	0.998205
6165295051_R01C01	0.993768
6165295051_R03C01	0.997926
6165295051_R04C01	0.997664
6165295051_R05C01	0.996553
6165295051_R07C01	0.994742
6165295051_R08C01	0.995969
6171492001_R02C01	0.990602
6171492001_R03C01	0.996091
6171492001_R05C01	0.996353
6171492001_R07C01	0.996143
6171492013_R02C01	0.998423
6171492013_R03C01	0.998346
6171492013_R04C01	0.998944
6171492013_R07C01	0.995448
6171492013_R08C01	0.997359
6171492015_R01C01	0.998104
6171492015_R02C01	0.99474
6171492015_R03C01	0.997783
6171492015_R04C01	0.997084
6171492015_R05C01	0.997348
6171492015_R06C01	0.998015
6171492015_R07C01	0.997323
6171492015_R08C01	0.998505
6171492016_R01C01	0.997079
6171492016_R02C01	0.997306
6171492016_R03C01	0.996418
6171492016_R04C01	0.996566
6171492016_R05C01	0.997844
6171492016_R06C01	0.997138
6171492016_R07C01	0.996669
6171492017_R02C01	0.99725
6171492017_R03C01	0.992276
6171492017_R04C01	0.99755
6171492017_R05C01	0.997285
6171492017_R06C01	0.997311
6171492017_R07C01	0.996496
6171492017_R08C01	0.995597
6171492025_R01C01	0.998165
6171492025_R02C01	0.997379
6171492025_R03C01	0.996401
6171492025_R04C01	0.992934
6171492025_R05C01	0.997535
6171492025_R06C01	0.998787
6171492025_R07C01	0.994686
6171492025_R08C01	0.998123
6171492029_R01C01	0.998022
6171492029_R02C01	0.997798
6171492029_R04C01	0.997956
6171492029_R05C01	0.997637
6171492029_R06C01	0.996777
6171492029_R08C01	0.997609
6171492039_R03C01	0.997084
6171492039_R04C01	0.995313
6171492039_R05C01	0.997759
6171492039_R06C01	0.987814
6171492039_R07C01	0.997022
6171492043_R02C01	0.998299
6171492043_R03C01	0.993778
6171492043_R04C01	0.996498
6171492043_R05C01	0.998026
6171492043_R06C01	0.997373
6171492043_R07C01	0.994536
6171492043_R08C01	0.996979
6171492045_R01C01	0.997411
6171492045_R02C01	0.995915
6171492045_R05C01	0.998182
6171492045_R08C01	0.997111
6171492048_R06C01	0.982573
6171492048_R08C01	0.974295
6171492049_R01C01	0.996756
6171492049_R02C01	0.997774
6171492049_R03C01	0.997246
6171492049_R04C01	0.990923
6171492049_R05C01	0.997998
6171492049_R06C01	0.998212
6171492049_R07C01	0.996577
6171492049_R08C01	0.996865
6171492050_R01C01	0.99697
6171492050_R02C01	0.997552
6171492050_R05C01	0.997067
6171492050_R06C01	0.997393
6171492050_R07C01	0.997343
6171492050_R08C01	0.995447
6171492053_R01C01	0.99569
6171492053_R02C01	0.997972
6171492053_R03C01	0.997746
6171492053_R04C01	0.996123
6171492053_R05C01	0.996858
6171492053_R06C01	0.996971
6171492053_R07C01	0.997503
6171492053_R08C01	0.997319
6171492055_R01C01	0.996138
6171492055_R02C01	0.990968
6171492055_R03C01	0.998139
6171492055_R04C01	0.99817
6171492055_R06C01	0.996502
6171492055_R07C01	0.99717
6171492055_R08C01	0.997841
6171492056_R01C01	0.99773
6171492056_R02C01	0.997569
6171492056_R03C01	0.997507
6171492056_R04C01	0.997584
6171492056_R05C01	0.997647
6171492056_R08C01	0.997066
6171492059_R01C01	0.998126
6171492059_R02C01	0.996886
6171492059_R04C01	0.996937
6171492059_R05C01	0.9978
6171492059_R06C01	0.996819
6171492059_R07C01	0.996691
6171492059_R08C01	0.997509
6171492060_R01C01	0.997992
6171492060_R02C01	0.997237
6171492060_R03C01	0.992228
6171492060_R04C01	0.996832
6171492060_R05C01	0.996448
6171492060_R08C01	0.989373
6171492068_R01C01	0.997146
6171492068_R02C01	0.997539
6171492068_R03C01	0.996463
6171492068_R04C01	0.995399
6171492068_R05C01	0.997639
6171492068_R06C01	0.996968
6171492068_R08C01	0.997413
6171492069_R02C01	0.997283
6171492069_R06C01	0.995355
6171492069_R07C01	0.996343
6171492069_R08C01	0.996737
6171492072_R03C01	0.996404
6171492072_R04C01	0.99704
6171492072_R05C01	0.996537
6171492072_R06C01	0.995586
6171492072_R08C01	0.998856
6171492074_R01C01	0.997289
6171492074_R02C01	0.997035
6171492074_R03C01	0.997343
6171492074_R04C01	0.997104
6171492074_R05C01	0.997216
6171492074_R07C01	0.995728
6171492074_R08C01	0.998218
6171492075_R01C01	0.997328
6171492075_R03C01	0.9978
6171492075_R05C01	0.997298
6171492075_R06C01	0.977502
6171492075_R08C01	0.99659
6171492077_R01C01	0.997275
6171492077_R02C01	0.996619
6171492077_R03C01	0.997522
6171492077_R07C01	0.99747
6171492077_R08C01	0.997356
6171492078_R01C01	0.997941
6171492078_R02C01	0.997857
6171492078_R03C01	0.99739
6171492078_R05C01	0.99633
6171492078_R06C01	0.994793
6171492078_R07C01	0.997447
6171492078_R08C01	0.997178
6171492079_R01C01	0.996714
6171492079_R03C01	0.99661
6171492079_R04C01	0.997659
6171492079_R05C01	0.997381
6171492079_R06C01	0.997022
6171492079_R07C01	0.997744
6171492079_R08C01	0.986113
6171492084_R01C01	0.996489
6171492084_R02C01	0.997149
6171492084_R03C01	0.998059
6171492084_R04C01	0.996638
6171492084_R05C01	0.996242
6171492084_R06C01	0.997188
6171492084_R08C01	0.99696
6171492086_R02C01	0.998535
6171492086_R05C01	0.996749
6171492086_R06C01	0.995898
6171492086_R07C01	0.99729
6171492086_R08C01	0.997207
6171492090_R01C01	0.997745
6171492090_R02C01	0.99528
6171492090_R03C01	0.996207
6171492090_R05C01	0.997718
6171492090_R06C01	0.995623
6171492090_R07C01	0.996375
6171492090_R08C01	0.997485
6171492100_R01C01	0.996707
6171492100_R03C01	0.994575
6171492100_R04C01	0.986797
6171492100_R05C01	0.996178
6171492100_R08C01	0.996305
6172882004_R01C01	0.996541
6172882004_R02C01	0.997289
6172882004_R03C01	0.992586
6172882004_R06C01	0.991649
6172882004_R07C01	0.997809
6172882004_R08C01	0.997961
6172882009_R01C01	0.997399
6172882009_R02C01	0.99807
6172882009_R03C01	0.997813
6172882009_R04C01	0.997129
6172882009_R05C01	0.996109
6172882009_R06C01	0.997331
6172882009_R07C01	0.996991
6172882009_R08C01	0.996376
6172882050_R01C01	0.998162
6172882050_R02C01	0.99802
6172882050_R03C01	0.998504
6172882050_R04C01	0.993813
6172882050_R05C01	0.997904
6172882050_R06C01	0.996902
6172882050_R08C01	0.995664
6172882051_R01C01	0.998338
6172882051_R02C01	0.997376
6172882051_R04C01	0.997514
6172882051_R05C01	0.996478
6172882051_R06C01	0.99779
6172882051_R07C01	0.99776
6172882051_R08C01	0.997086
6186483013_R01C01	0.991789
6186483013_R02C01	0.998406
6186483013_R03C01	0.991863
6186483013_R04C01	0.998095
6186483013_R05C01	0.99634
6186483013_R06C01	0.997427
6186483013_R07C01	0.997737
6186483013_R08C01	0.997108
6186483032_R03C01	0.997128
6186483032_R04C01	0.997012
6186483032_R05C01	0.998391
6186483032_R06C01	0.99761
6186483032_R07C01	0.99714
6186483032_R08C01	0.991361
6186483043_R01C01	0.978171
6186483043_R04C01	0.990384
6186483043_R05C01	0.996677
6186483043_R06C01	0.997981
6186483043_R08C01	0.996721
6186483051_R01C01	0.99863
6186483051_R08C01	0.996093
6186483068_R01C01	0.991952
6186483068_R02C01	0.997974
6186483068_R03C01	0.996903
6186483090_R01C01	0.997796
6186483090_R02C01	0.997732
6186483090_R03C01	0.997375
6186483090_R04C01	0.996677
6186483090_R06C01	0.997401
6186483090_R07C01	0.997451
6186483090_R08C01	0.997416
6186483093_R02C01	0.985738
6186483093_R03C01	0.996531
6186483093_R05C01	0.99773
6186483093_R06C01	0.997504
6186483093_R08C01	0.997694
6186483099_R01C01	0.995596
6186483099_R03C01	0.996922
6186483099_R04C01	0.996962
6186483099_R05C01	0.996339
6186483099_R07C01	0.997836
6186483099_R08C01	0.997271
6186483101_R01C01	0.995674
6186483101_R02C01	0.994738
6186483101_R03C01	0.994841
6186483101_R04C01	0.99711
6186483101_R05C01	0.993485
6186483101_R06C01	0.990655
6186483101_R08C01	0.998149
6186483132_R01C01	0.987599
6247194011_R02C01	0.997066
6247194011_R03C01	0.997969
6247194011_R04C01	0.996371
6247194011_R05C01	0.996443
6247194011_R07C01	0.992814
6247194011_R08C01	0.997223
6247194028_R01C01	0.995809
6247194028_R02C01	0.991116
6247194028_R03C01	0.997015
6247194028_R04C01	0.996585
6247194028_R06C01	0.997032
6247194028_R07C01	0.996975
6247194028_R08C01	0.99817
6247194031_R01C01	0.995825
6247194031_R02C01	0.997411
6247194031_R03C01	0.997608
6247194031_R05C01	0.996484
6247194031_R06C01	0.997701
6247194031_R07C01	0.997204
6247194043_R02C01	0.997469
6247194043_R03C01	0.998165
6247194043_R04C01	0.99748
6247194043_R07C01	0.997312
6247194043_R08C01	0.996002
6247194064_R01C01	0.997211
6247194064_R03C01	0.997175
6247194064_R04C01	0.997312
6247194064_R05C01	0.997265
6247194064_R06C01	0.998221
6247194064_R07C01	0.997707
6247194064_R08C01	0.997147
6247194098_R01C01	0.997367
6247194098_R02C01	0.99732
6247194098_R03C01	0.995725
6247194098_R04C01	0.998129
6247194098_R05C01	0.997153
6247194098_R06C01	0.998747
6247194098_R07C01	0.997584
6247194098_R08C01	0.998297
6247194107_R03C01	0.992601
6247194107_R05C01	0.989089
6247194107_R07C01	0.996749
6247194115_R02C01	0.997748
6247194115_R04C01	0.992611
6247194115_R05C01	0.998198
6247194115_R06C01	0.995863
6247194115_R08C01	0.996468
6247194117_R02C01	0.99798
6247194117_R03C01	0.998819
6247194117_R04C01	0.994496
6247194117_R05C01	0.996494
6247194117_R07C01	0.997091
6247194117_R08C01	0.997253
6247194118_R05C01	0.997319
6247194118_R08C01	0.995165
6264533042_R07C01	0.998461
6264533048_R01C01	0.996269
6264533048_R03C01	0.99735
6264533048_R04C01	0.996974
6264533048_R05C01	0.995014
6264533048_R06C01	0.997221
6264533048_R07C01	0.995583
6264533048_R08C01	0.997318
6264533060_R03C01	0.995845
6264533060_R05C01	0.997147
6264533060_R06C01	0.995199
6264533060_R07C01	0.996733
6264533060_R08C01	0.997225
6264533086_R01C01	0.976219
6264533086_R03C01	0.997325
6264533086_R05C01	0.993219
6264550046_R02C01	0.996716
6264550046_R03C01	0.993327
6264550046_R04C01	0.996554
6264550046_R07C01	0.996261
