                      +-----------------------------+
                      |                             |
                      |   Eagle v2.4.1              |
                      |   November 18, 2018         |
                      |   Po-Ru Loh                 |
                      |                             |
                      +-----------------------------+

Copyright (C) 2015-2018 Harvard University.
Distributed under the GNU GPLv3+ open source license.

Command line options:

eagle \
    --vcfRef=/BIODATA/StudentsHome/kevine/GWAS/Git/GWAS/1000G/ALL.chr16.phase3_integrated.20130502.genotypes.bcf \
    --vcfTarget=qc-camgwas-updated.vcf.gz \
    --geneticMapFile=tables/genetic_map_hg19_withX.txt.gz \
    --outPrefix=chr16-phased_wref \
    --chrom=16 \
    --pbwtIters=10 \
    --numThreads=90 \
    --Kpbwt=50000 \
    --vcfOutFormat=z 

Setting number of threads to 90
[W::bcf_hdr_check_sanity] PL should be declared as Number=G

Reference samples: Nref = 2504
Target samples: Ntarget = 1185
SNPs to analyze: M = 49839 SNPs in both target and reference

SNPs ignored: 1 SNPs in target but not reference
              1500621 SNPs in reference but not target
              0 multi-allelic SNPs in target

Missing rate in target genotypes: 0.0051371

Filling in genetic map coordinates using reference file:
  tables/genetic_map_hg19_withX.txt.gz
Physical distance range: 90056946 base pairs
Genetic distance range:  131.111 cM
Average # SNPs per cM:   380
Number of <=(64-SNP, 1cM) segments: 782
Average # SNPs per segment: 63

Time for reading input: 37.7139 sec

Fraction of heterozygous genotypes: 0.258344
Typical span of default 100-het history length: 1.02 cM
Setting --histFactor=1.00

BEGINNING PHASING

PHASING ITER 1 OF 10


Phasing target samples
................................................................................
Time for phasing iter 1: 596.551

PHASING ITER 2 OF 10


Phasing target samples
................................................................................
Time for phasing iter 2: 624.668

PHASING ITER 3 OF 10


Phasing target samples
................................................................................
Time for phasing iter 3: 657.143

PHASING ITER 4 OF 10


Phasing target samples
................................................................................
Time for phasing iter 4: 622.553

PHASING ITER 5 OF 10


Phasing target samples
................................................................................
Time for phasing iter 5: 619.797

PHASING ITER 6 OF 10


Phasing target samples
................................................................................
Time for phasing iter 6: 621.089

PHASING ITER 7 OF 10


Phasing target samples
................................................................................
Time for phasing iter 7: 622.094

PHASING ITER 8 OF 10


Phasing target samples
................................................................................
Time for phasing iter 8: 663.216

PHASING ITER 9 OF 10


Phasing target samples
................................................................................
Time for phasing iter 9: 650.094

PHASING ITER 10 OF 10


Phasing target samples
................................................................................
Time for phasing iter 10: 902.664
Writing vcf.gz output to chr16-phased_wref.vcf.gz
Time for writing output: 9.27223
Total elapsed time for analysis = 6626.97 sec

Mean phase confidence of each target individual:
ID	PHASE_CONFIDENCE
6042341077_R01C01	0.997356
6042341077_R03C01	0.997772
6042341077_R04C01	0.99465
6042341077_R05C01	0.99734
6042341077_R06C01	0.99685
6042341077_R07C01	0.997026
6042341089_R01C01	0.99919
6042341089_R02C01	0.997374
6042341089_R03C01	0.997636
6042341089_R04C01	0.996749
6042341089_R05C01	0.997019
6042341089_R06C01	0.995425
6042341089_R07C01	0.995534
6042341089_R08C01	0.997375
6042341090_R01C01	0.996337
6042341090_R02C01	0.996799
6042341090_R03C01	0.997152
6042341090_R04C01	0.996522
6042341090_R05C01	0.996094
6042341090_R06C01	0.997122
6042341090_R07C01	0.996097
6042341090_R08C01	0.996616
6042341099_R01C01	0.998204
6042341099_R02C01	0.9981
6042341099_R03C01	0.996829
6042341099_R04C01	0.997245
6042341099_R05C01	0.997147
6042341099_R06C01	0.991956
6042341099_R07C01	0.994504
6042341099_R08C01	0.993773
6042341154_R06C01	0.996774
6042341154_R07C01	0.997244
6042341154_R08C01	0.998303
6042341162_R01C01	0.997883
6042341162_R02C01	0.997637
6042341162_R03C01	0.997561
6042341162_R04C01	0.997822
6042341162_R05C01	0.997037
6042341162_R06C01	0.997234
6042341162_R07C01	0.99805
6042341162_R08C01	0.998508
6042359084_R01C01	0.997747
6042359084_R02C01	0.997578
6042359084_R03C01	0.997249
6042359084_R04C01	0.996114
6042359084_R05C01	0.996202
6042359084_R06C01	0.997346
6042359084_R07C01	0.997471
6042359084_R08C01	0.998085
6042375002_R01C01	0.995408
6042375002_R02C01	0.997344
6042375002_R03C01	0.997346
6042375002_R04C01	0.996229
6042375002_R05C01	0.997944
6042375002_R06C01	0.996637
6042375002_R07C01	0.997877
6042375002_R08C01	0.9963
6042375003_R01C01	0.997779
6042375003_R02C01	0.996973
6042375003_R03C01	0.995409
6042375003_R04C01	0.996375
6042375003_R05C01	0.99819
6042375003_R06C01	0.997545
6042375003_R07C01	0.996627
6042375003_R08C01	0.998279
6042375012_R01C01	0.997026
6042375012_R02C01	0.997716
6042375012_R03C01	0.996379
6042375012_R04C01	0.997689
6042375012_R05C01	0.997828
6042375012_R06C01	0.996276
6042375013_R01C01	0.997807
6042375013_R02C01	0.996825
6042375013_R03C01	0.997657
6042375013_R04C01	0.997678
6042375013_R05C01	0.997574
6042375013_R06C01	0.996787
6042375013_R07C01	0.998361
6042375013_R08C01	0.996689
6042375014_R01C01	0.998152
6042375014_R02C01	0.996817
6042375014_R03C01	0.994939
6042375014_R04C01	0.997938
6042375014_R05C01	0.996397
6042375014_R06C01	0.996466
6042375014_R08C01	0.996078
6042375022_R01C01	0.996541
6042375022_R02C01	0.998062
6042375022_R03C01	0.998025
6042375022_R04C01	0.997227
6042375022_R05C01	0.997855
6042375022_R06C01	0.99796
6042375022_R07C01	0.995432
6042375023_R01C01	0.998108
6042375023_R02C01	0.997548
6042375023_R03C01	0.998106
6042375023_R04C01	0.997159
6042375023_R05C01	0.997583
6042375023_R06C01	0.997812
6042375023_R07C01	0.997548
6042375023_R08C01	0.996532
6042375024_R01C01	0.998001
6042375024_R02C01	0.997936
6042375024_R03C01	0.996317
6042375024_R04C01	0.996608
6042375024_R05C01	0.999027
6042375024_R06C01	0.997398
6042375024_R07C01	0.994849
6042375024_R08C01	0.996654
6042375025_R01C01	0.997546
6042375025_R02C01	0.996331
6042375025_R03C01	0.997952
6042375025_R04C01	0.998095
6042375025_R05C01	0.997405
6042375025_R06C01	0.998416
6042375025_R07C01	0.998055
6042375025_R08C01	0.997523
6042375029_R01C01	0.998301
6042375029_R02C01	0.997211
6042375029_R03C01	0.997493
6042375029_R04C01	0.997903
6042375029_R05C01	0.995932
6042375029_R06C01	0.997842
6042375029_R07C01	0.997062
6042375029_R08C01	0.996661
6042375043_R01C01	0.998094
6042375043_R02C01	0.996736
6042375043_R04C01	0.996836
6042375043_R05C01	0.997267
6042375043_R07C01	0.995534
6042375043_R08C01	0.997707
6042375044_R01C01	0.996029
6042375044_R02C01	0.998253
6042375044_R03C01	0.99754
6042375044_R05C01	0.995022
6042375044_R06C01	0.995924
6042375044_R07C01	0.997146
6042375044_R08C01	0.995581
6042375045_R02C01	0.995504
6042375045_R03C01	0.995677
6042375045_R04C01	0.990682
6042375045_R05C01	0.997137
6042375045_R06C01	0.996383
6042375045_R07C01	0.996286
6042375045_R08C01	0.997518
6042375053_R01C01	0.99638
6042375053_R02C01	0.99737
6042375053_R03C01	0.99647
6042375053_R04C01	0.996432
6042375053_R05C01	0.996943
6042375053_R06C01	0.995887
6042375053_R07C01	0.996201
6042375053_R08C01	0.995096
6042375080_R01C01	0.997853
6042375080_R02C01	0.996945
6042375080_R03C01	0.998319
6042375080_R04C01	0.996961
6042375080_R05C01	0.99831
6042375080_R06C01	0.997728
6042375080_R07C01	0.997671
6042375080_R08C01	0.996764
6042375085_R01C01	0.996389
6042375085_R02C01	0.997168
6042375085_R03C01	0.994296
6042375085_R04C01	0.997794
6042375085_R05C01	0.997946
6042375085_R06C01	0.998216
6042375085_R07C01	0.999174
6042375085_R08C01	0.9976
6042375100_R01C01	0.995424
6042375100_R02C01	0.997436
6042375100_R04C01	0.997042
6042375100_R05C01	0.995611
6042375100_R06C01	0.997017
6042375100_R07C01	0.997197
6042375100_R08C01	0.997605
6042375101_R01C01	0.995246
6042375101_R02C01	0.997323
6042375101_R03C01	0.997886
6042375101_R04C01	0.996222
6042375101_R05C01	0.997744
6042375101_R06C01	0.990824
6042375101_R07C01	0.997352
6042375101_R08C01	0.996265
6042375104_R01C01	0.996886
6042375104_R02C01	0.993501
6042375104_R03C01	0.996212
6042375104_R04C01	0.997328
6042375104_R06C01	0.997011
6042375104_R08C01	0.997363
6042375137_R01C01	0.996081
6042375137_R02C01	0.998599
6042375137_R03C01	0.995757
6042375137_R05C01	0.990689
6042375137_R06C01	0.997254
6042375137_R07C01	0.998482
6042375137_R08C01	0.997728
6042375138_R01C01	0.997294
6042375138_R02C01	0.997678
6042375138_R03C01	0.996206
6042375138_R04C01	0.997643
6042375138_R05C01	0.998071
6042375138_R06C01	0.987959
6042375138_R07C01	0.996891
6042375138_R08C01	0.996814
6042375146_R01C01	0.998323
6042375146_R02C01	0.997952
6042375146_R03C01	0.997707
6042375146_R04C01	0.997454
6042375146_R05C01	0.997766
6042375146_R06C01	0.997346
6042375146_R07C01	0.996714
6042375146_R08C01	0.997924
6130471012_R01C01	0.997168
6130471012_R02C01	0.99822
6130471012_R03C01	0.993453
6130471012_R04C01	0.997367
6130471012_R05C01	0.996849
6130471012_R06C01	0.996156
6130471012_R07C01	0.997142
6130471012_R08C01	0.996334
6130471070_R01C01	0.997348
6130471070_R02C01	0.987829
6130471070_R03C01	0.996095
6130471070_R04C01	0.998362
6130471070_R05C01	0.997188
6130471070_R06C01	0.995408
6130471070_R07C01	0.997055
6130471070_R08C01	0.997241
6130471071_R01C01	0.996004
6130471071_R02C01	0.993964
6130471071_R03C01	0.995886
6130471071_R05C01	0.995168
6130471071_R06C01	0.994515
6130471071_R07C01	0.996391
6130471110_R01C01	0.996876
6130471110_R02C01	0.997322
6130471110_R04C01	0.997333
6130471110_R05C01	0.989485
6130471110_R06C01	0.997849
6130471110_R07C01	0.997138
6130471110_R08C01	0.993424
6130471129_R01C01	0.996476
6130471129_R02C01	0.996803
6130471129_R03C01	0.995362
6130471129_R04C01	0.996129
6130471129_R05C01	0.995075
6130471129_R06C01	0.997555
6130471129_R07C01	0.993238
6130471129_R08C01	0.997281
6135563011_R01C01	0.997633
6135563011_R02C01	0.997192
6135563011_R03C01	0.996586
6135563011_R04C01	0.996936
6135563011_R06C01	0.997146
6135563011_R07C01	0.996962
6135563011_R08C01	0.99569
6135563012_R02C01	0.997305
6135563012_R04C01	0.992836
6135563012_R05C01	0.996351
6135563012_R06C01	0.997468
6135563012_R07C01	0.996398
6135563012_R08C01	0.995131
6135563014_R02C01	0.99869
6135563014_R03C01	0.998384
6135563014_R04C01	0.997655
6135563014_R05C01	0.996458
6135563014_R06C01	0.998149
6135563014_R07C01	0.997796
6135563014_R08C01	0.997765
6135563015_R02C01	0.995849
6135563015_R04C01	0.996458
6135563015_R05C01	0.997031
6135563015_R06C01	0.994088
6135563015_R07C01	0.996731
6135563015_R08C01	0.997664
6135563041_R01C01	0.997335
6135563041_R03C01	0.996856
6135563041_R04C01	0.996821
6135563041_R05C01	0.997265
6135563041_R06C01	0.99799
6135571025_R01C01	0.992183
6135571025_R03C01	0.993448
6135571025_R04C01	0.996042
6135571025_R07C01	0.997018
6135571025_R08C01	0.997256
6135580001_R01C01	0.997716
6135580001_R02C01	0.997878
6135580001_R03C01	0.998137
6135580001_R04C01	0.995775
6135580001_R05C01	0.996137
6135580001_R06C01	0.997938
6135580001_R07C01	0.997251
6135580001_R08C01	0.996511
6135580011_R01C01	0.997066
6135580011_R02C01	0.995709
6135580011_R03C01	0.996215
6135580011_R04C01	0.997563
6135580011_R05C01	0.996764
6135580011_R07C01	0.996874
6135580011_R08C01	0.996263
6135580017_R01C01	0.998886
6135580017_R02C01	0.998038
6135580017_R03C01	0.994581
6135580017_R04C01	0.996444
6135580017_R05C01	0.99747
6135580017_R06C01	0.996891
6135580017_R07C01	0.997619
6135580017_R08C01	0.997768
6135580027_R01C01	0.997008
6135580027_R02C01	0.995548
6135580027_R03C01	0.997405
6135580027_R04C01	0.997908
6135580027_R05C01	0.997131
6135580027_R06C01	0.997759
6135580027_R07C01	0.997868
6135580027_R08C01	0.998787
6135580057_R01C01	0.996134
6135580057_R02C01	0.997227
6135580057_R03C01	0.996576
6135580057_R04C01	0.997187
6135580057_R05C01	0.997717
6135580057_R06C01	0.997806
6135580057_R07C01	0.996288
6135580057_R08C01	0.997798
6135580073_R01C01	0.997751
6135580073_R03C01	0.997226
6135580073_R04C01	0.997214
6135580073_R05C01	0.996632
6135580073_R06C01	0.997138
6135580073_R07C01	0.996957
6135580073_R08C01	0.997624
6135580082_R01C01	0.997783
6135580082_R02C01	0.998879
6135580082_R03C01	0.997314
6135580082_R04C01	0.997637
6135580082_R06C01	0.995103
6135580082_R07C01	0.9967
6135580082_R08C01	0.997621
6135580098_R01C01	0.997306
6135580098_R02C01	0.998229
6135580098_R04C01	0.998236
6135580098_R05C01	0.997972
6135580098_R06C01	0.997305
6135580098_R07C01	0.995934
6135580098_R08C01	0.997253
6135580116_R02C01	0.993895
6135580116_R03C01	0.996932
6135580116_R05C01	0.996437
6135580116_R06C01	0.997032
6135580116_R08C01	0.996605
6135580117_R02C01	0.997142
6135580117_R03C01	0.996502
6135580117_R04C01	0.998734
6135580117_R05C01	0.996851
6135580117_R06C01	0.997187
6135580118_R01C01	0.996633
6135580118_R02C01	0.994359
6135580118_R04C01	0.997041
6135580118_R05C01	0.997761
6135580118_R06C01	0.995185
6135580118_R08C01	0.996328
6135580123_R02C01	0.996733
6135580123_R04C01	0.996854
6135580123_R05C01	0.99743
6135580123_R07C01	0.9848
6135580123_R08C01	0.994109
6135580144_R01C01	0.997198
6135580144_R08C01	0.996044
6135580145_R06C01	0.997654
6135580145_R08C01	0.989562
6135601008_R01C01	0.997611
6135601008_R02C01	0.990007
6135601008_R03C01	0.997947
6135601008_R04C01	0.995516
6135601008_R06C01	0.997425
6135601008_R07C01	0.998371
6135601008_R08C01	0.997081
6135601009_R01C01	0.998328
6135601009_R02C01	0.996022
6135601009_R03C01	0.998595
6135601009_R04C01	0.997974
6135601009_R05C01	0.996316
6135601009_R06C01	0.997569
6135601009_R07C01	0.997999
6135601009_R08C01	0.996365
6135601012_R04C01	0.997395
6135601012_R05C01	0.998775
6135601012_R06C01	0.997557
6135601012_R07C01	0.991039
6135601018_R03C01	0.997559
6135601018_R05C01	0.997383
6135601018_R07C01	0.990289
6135601018_R08C01	0.994805
6135601027_R03C01	0.996848
6135601027_R04C01	0.996487
6135601027_R05C01	0.997027
6135601027_R07C01	0.996489
6135601034_R01C01	0.997425
6135601034_R02C01	0.997129
6135601034_R03C01	0.996577
6135601034_R04C01	0.996465
6135601034_R06C01	0.994539
6135601045_R01C01	0.997683
6135601045_R02C01	0.999055
6135601045_R03C01	0.99624
6135601045_R04C01	0.997694
6135601045_R05C01	0.997486
6135601045_R07C01	0.997926
6135601045_R08C01	0.995591
6135601049_R01C01	0.997412
6135601049_R02C01	0.997497
6135601049_R03C01	0.997107
6135601049_R05C01	0.9902
6135601049_R06C01	0.998146
6135601049_R07C01	0.996427
6135601049_R08C01	0.997838
6135601060_R01C01	0.993248
6135601060_R03C01	0.996879
6135601060_R04C01	0.980492
6135601060_R05C01	0.994617
6135601060_R06C01	0.993374
6135601066_R01C01	0.997636
6135601066_R02C01	0.994473
6135601066_R03C01	0.997319
6135601066_R04C01	0.99478
6135601066_R05C01	0.994709
6135601066_R06C01	0.997703
6135601066_R07C01	0.997309
6135601066_R08C01	0.997617
6135601080_R01C01	0.996362
6135601080_R02C01	0.99404
6135601080_R03C01	0.997965
6135601080_R07C01	0.997051
6135601080_R08C01	0.998104
6135601081_R01C01	0.996882
6135601081_R02C01	0.996871
6135601081_R03C01	0.997742
6135601081_R04C01	0.996617
6135601081_R05C01	0.99855
6135601081_R07C01	0.997831
6135601081_R08C01	0.997009
6135601082_R02C01	0.997212
6135601082_R03C01	0.997803
6135601082_R04C01	0.99797
6135601082_R05C01	0.997311
6135601082_R06C01	0.995166
6135601082_R07C01	0.996543
6135601082_R08C01	0.997308
6135601086_R01C01	0.996118
6135601086_R03C01	0.995669
6135601086_R04C01	0.996466
6135601086_R05C01	0.993681
6135601086_R07C01	0.996932
6135601094_R05C01	0.996272
6135601094_R06C01	0.990904
6135601108_R01C01	0.995915
6135601108_R02C01	0.995939
6135601108_R03C01	0.997852
6135601108_R04C01	0.99721
6135601108_R05C01	0.996522
6135601108_R06C01	0.997257
6135601108_R07C01	0.997514
6135601108_R08C01	0.996995
6135601115_R02C01	0.997606
6135601115_R04C01	0.996314
6135601115_R06C01	0.996515
6135601115_R07C01	0.997012
6135601115_R08C01	0.998477
6135601116_R01C01	0.995693
6135601116_R02C01	0.996632
6135601116_R05C01	0.99734
6135601116_R07C01	0.997192
6135601116_R08C01	0.998129
6135601117_R01C01	0.99519
6135601117_R05C01	0.998561
6135601117_R06C01	0.995707
6135601117_R07C01	0.998146
6135601117_R08C01	0.996708
6135601120_R03C01	0.995884
6135601120_R04C01	0.998162
6135601120_R06C01	0.997805
6135601120_R07C01	0.996127
6135601120_R08C01	0.997697
6135601124_R01C01	0.996505
6135601124_R02C01	0.996551
6135601124_R03C01	0.998137
6135601124_R04C01	0.997253
6135601124_R05C01	0.997631
6135601124_R06C01	0.996769
6135601124_R07C01	0.996969
6135601124_R08C01	0.997818
6135601130_R01C01	0.998003
6135601130_R02C01	0.989086
6135601130_R03C01	0.997207
6135601130_R04C01	0.997469
6135601130_R05C01	0.997495
6135601130_R06C01	0.997865
6135601130_R07C01	0.997138
6135601130_R08C01	0.997287
6135601149_R01C01	0.9945
6135601149_R02C01	0.997851
6135601149_R06C01	0.992468
6135601149_R08C01	0.995965
6135601151_R01C01	0.995928
6135601151_R02C01	0.996082
6135601151_R03C01	0.998034
6135601151_R04C01	0.997806
6135601151_R05C01	0.997265
6135601151_R06C01	0.997544
6135601151_R07C01	0.996192
6135601151_R08C01	0.99683
6135601153_R03C01	0.996602
6135601153_R05C01	0.99724
6135601153_R06C01	0.989556
6135601153_R07C01	0.996694
6135601153_R08C01	0.998315
6135601156_R01C01	0.997663
6135601156_R02C01	0.997358
6135601156_R03C01	0.995712
6135601156_R04C01	0.997011
6135601156_R05C01	0.997109
6135601156_R06C01	0.997206
6135601156_R08C01	0.997509
6135601162_R01C01	0.992331
6135601162_R02C01	0.995812
6135601162_R04C01	0.99749
6135601162_R05C01	0.99629
6135601162_R06C01	0.996164
6135601162_R07C01	0.996718
6135601162_R08C01	0.99627
6135601167_R02C01	0.997516
6135601167_R03C01	0.996195
6135601167_R04C01	0.996923
6135601167_R05C01	0.993737
6135601167_R06C01	0.996876
6135601167_R07C01	0.995751
6147054060_R01C01	0.99632
6147054060_R02C01	0.996995
6147054060_R03C01	0.996533
6147054060_R04C01	0.998254
6147054060_R05C01	0.993266
6147054060_R07C01	0.995536
6147054060_R08C01	0.99727
6147054122_R01C01	0.99582
6147054122_R02C01	0.997145
6147054122_R03C01	0.995365
6147054122_R04C01	0.997848
6147054122_R05C01	0.997479
6147054122_R06C01	0.99676
6147054122_R07C01	0.997796
6147054122_R08C01	0.997455
6147054149_R01C01	0.996633
6147054149_R02C01	0.998703
6147054149_R07C01	0.997888
6147054149_R08C01	0.998521
6147054150_R01C01	0.996294
6147054150_R02C01	0.997475
6147054150_R03C01	0.997345
6147054150_R04C01	0.99672
6147054150_R05C01	0.998241
6147054150_R06C01	0.997932
6147054150_R07C01	0.997029
6147054150_R08C01	0.997281
6147062005_R03C01	0.997773
6147062005_R04C01	0.997575
6147062005_R06C01	0.996803
6147062005_R07C01	0.996579
6147062010_R01C01	0.996468
6147062010_R02C01	0.997321
6147062010_R03C01	0.997561
6147062010_R04C01	0.995743
6147062010_R05C01	0.998691
6147062010_R06C01	0.997652
6147062010_R07C01	0.997973
6147062010_R08C01	0.997634
6147062028_R03C01	0.996651
6147062037_R01C01	0.996976
6147062037_R02C01	0.992274
6147062037_R03C01	0.996544
6147062037_R04C01	0.997985
6147062037_R05C01	0.996541
6147062037_R06C01	0.995812
6147062037_R07C01	0.996345
6147062055_R01C01	0.996136
6147062055_R02C01	0.995782
6147062055_R04C01	0.996503
6147062055_R07C01	0.998367
6147062055_R08C01	0.997462
6147062102_R01C01	0.996803
6147062102_R02C01	0.996706
6147062102_R03C01	0.998306
6147062102_R04C01	0.997773
6147062102_R05C01	0.998077
6147062102_R06C01	0.996696
6147062133_R01C01	0.995374
6147062133_R02C01	0.997555
6147062133_R03C01	0.997322
6147062133_R05C01	0.997631
6147062133_R06C01	0.998017
6147062134_R01C01	0.996645
6147062134_R02C01	0.996024
6147062134_R03C01	0.997363
6147062134_R06C01	0.994127
6147062134_R07C01	0.99676
6147062134_R08C01	0.997954
6147062135_R01C01	0.998257
6147062135_R02C01	0.997526
6147062135_R04C01	0.997313
6147062135_R05C01	0.997277
6147062135_R06C01	0.993176
6147062135_R08C01	0.995894
6147062147_R01C01	0.99246
6147062147_R03C01	0.997231
6147062147_R04C01	0.997553
6147062147_R05C01	0.997678
6147062147_R06C01	0.997571
6147062147_R07C01	0.993855
6147062147_R08C01	0.998023
6147062162_R01C01	0.99801
6147062162_R03C01	0.996216
6147062162_R05C01	0.99718
6147062162_R06C01	0.996803
6147062162_R07C01	0.997577
6147062167_R02C01	0.997859
6147062167_R03C01	0.99681
6147062167_R04C01	0.996441
6147062167_R05C01	0.9973
6147062167_R06C01	0.994709
6147062167_R08C01	0.996232
6147071002_R01C01	0.997366
6147071002_R02C01	0.990329
6147071002_R03C01	0.997851
6147071002_R05C01	0.996384
6147071002_R06C01	0.997125
6147071002_R07C01	0.998213
6147071002_R08C01	0.997392
6147071043_R03C01	0.998343
6147071043_R05C01	0.99655
6147071043_R08C01	0.995902
6147071044_R01C01	0.998605
6147071044_R02C01	0.996556
6147071044_R03C01	0.997152
6147071044_R04C01	0.996462
6147071044_R06C01	0.996104
6147071044_R07C01	0.998193
6147071044_R08C01	0.996053
6147071047_R01C01	0.995999
6147071047_R02C01	0.995442
6147071047_R05C01	0.996083
6147071047_R06C01	0.996838
6147071047_R07C01	0.99727
6147071047_R08C01	0.994135
6147071059_R02C01	0.995548
6147071059_R03C01	0.99674
6147071059_R04C01	0.997475
6147071059_R07C01	0.995777
6147071059_R08C01	0.996501
6147071060_R02C01	0.997025
6147071060_R03C01	0.997254
6147071060_R04C01	0.994932
6147071060_R05C01	0.997266
6147071060_R06C01	0.996571
6147071060_R07C01	0.997161
6147071060_R08C01	0.992814
6147071101_R01C01	0.997965
6147071101_R02C01	0.997314
6147071101_R04C01	0.995188
6147071101_R05C01	0.996642
6147071101_R06C01	0.997547
6147071101_R07C01	0.998163
6147071101_R08C01	0.994454
6147071123_R01C01	0.996968
6147071123_R02C01	0.99819
6147071123_R03C01	0.997017
6147071123_R04C01	0.996307
6147071123_R05C01	0.997092
6147071123_R06C01	0.997868
6147071123_R07C01	0.997646
6147071123_R08C01	0.993365
6147071155_R01C01	0.997313
6147071155_R02C01	0.997599
6147071155_R03C01	0.995548
6147071155_R04C01	0.995787
6147071155_R06C01	0.997618
6147071155_R07C01	0.995389
6147071155_R08C01	0.996642
6147071157_R01C01	0.997026
6147071157_R02C01	0.998101
6147071157_R03C01	0.997552
6147071157_R04C01	0.997401
6147071157_R05C01	0.996965
6147071157_R06C01	0.997513
6147071157_R07C01	0.99794
6147071157_R08C01	0.996695
6160275010_R02C01	0.995734
6160275010_R03C01	0.99618
6160275010_R04C01	0.994583
6160275010_R05C01	0.996577
6160275010_R06C01	0.997403
6160275010_R07C01	0.996848
6160275010_R08C01	0.996893
6160275012_R02C01	0.996122
6160275012_R03C01	0.996686
6160275012_R04C01	0.997249
6160275012_R05C01	0.996382
6160275012_R06C01	0.995922
6160275012_R07C01	0.996988
6160275012_R08C01	0.998531
6160275019_R01C01	0.997799
6160275019_R02C01	0.995988
6160275019_R03C01	0.998097
6160275019_R04C01	0.997163
6160275019_R05C01	0.996211
6160275019_R06C01	0.996204
6160275019_R07C01	0.996632
6160275020_R01C01	0.996597
6160275020_R02C01	0.996985
6160275020_R03C01	0.99751
6160275020_R04C01	0.997597
6160275020_R05C01	0.99822
6160275020_R06C01	0.996231
6160275020_R07C01	0.996949
6160275020_R08C01	0.997595
6160275021_R01C01	0.996053
6160275021_R02C01	0.995583
6160275021_R03C01	0.998053
6160275021_R04C01	0.996174
6160275021_R05C01	0.99622
6160275021_R06C01	0.998287
6160275021_R07C01	0.997626
6160275021_R08C01	0.996827
6160275022_R01C01	0.996406
6160275022_R02C01	0.997422
6160275022_R03C01	0.998296
6160275022_R04C01	0.997852
6160275022_R05C01	0.998372
6160275022_R06C01	0.997442
6160275022_R07C01	0.997119
6160275022_R08C01	0.99736
6160275043_R01C01	0.996431
6160275043_R02C01	0.9975
6160275043_R03C01	0.997217
6160275043_R04C01	0.9966
6160275043_R05C01	0.996843
6160275043_R06C01	0.996903
6160275043_R08C01	0.994036
6160275044_R01C01	0.995808
6160275044_R02C01	0.997345
6160275044_R03C01	0.996912
6160275044_R04C01	0.997687
6160275044_R05C01	0.995716
6160275044_R06C01	0.997565
6160275044_R07C01	0.997635
6160275044_R08C01	0.997456
6160275046_R01C01	0.996742
6160275046_R02C01	0.997227
6160275046_R03C01	0.996427
6160275046_R05C01	0.990941
6160275046_R06C01	0.997586
6160275046_R07C01	0.997275
6160275058_R01C01	0.994694
6160275058_R02C01	0.997955
6160275058_R03C01	0.997284
6160275058_R04C01	0.996431
6160275058_R05C01	0.997245
6160275058_R06C01	0.996302
6160275058_R07C01	0.997298
6160275058_R08C01	0.998454
6160275059_R01C01	0.998125
6160275059_R02C01	0.996652
6160275059_R03C01	0.997572
6160275059_R04C01	0.996825
6160275059_R05C01	0.9983
6160275059_R06C01	0.997709
6160275059_R07C01	0.997896
6160275059_R08C01	0.997075
6160275060_R01C01	0.997063
6160275060_R02C01	0.998111
6160275060_R03C01	0.996603
6160275060_R04C01	0.998127
6160275060_R05C01	0.994958
6160275060_R06C01	0.998017
6160275060_R07C01	0.997416
6160275060_R08C01	0.998554
6160304032_R01C01	0.996645
6160304032_R02C01	0.993937
6160304032_R03C01	0.996248
6160304032_R04C01	0.997778
6160304032_R05C01	0.996977
6160304032_R07C01	0.997515
6160304032_R08C01	0.996811
6160304033_R01C01	0.997854
6160304033_R02C01	0.998024
6160304033_R03C01	0.997256
6160304033_R04C01	0.997162
6160304033_R05C01	0.993042
6160304033_R06C01	0.998096
6160304033_R07C01	0.99746
6160304033_R08C01	0.995899
6164663042_R01C01	0.990968
6164663042_R02C01	0.996478
6164663042_R03C01	0.996588
6164663042_R04C01	0.997826
6164663042_R05C01	0.997695
6164663042_R06C01	0.993001
6164663042_R07C01	0.996575
6164663042_R08C01	0.996959
6165295013_R01C01	0.997389
6165295013_R02C01	0.997236
6165295013_R03C01	0.99738
6165295013_R04C01	0.997662
6165295013_R06C01	0.996692
6165295019_R01C01	0.993766
6165295019_R02C01	0.99705
6165295019_R04C01	0.996985
6165295019_R05C01	0.996567
6165295019_R06C01	0.997291
6165295019_R07C01	0.996849
6165295019_R08C01	0.99679
6165295021_R01C01	0.987196
6165295021_R02C01	0.996291
6165295021_R03C01	0.997181
6165295021_R04C01	0.996485
6165295021_R05C01	0.996967
6165295021_R06C01	0.998608
6165295021_R07C01	0.997445
6165295021_R08C01	0.99648
6165295023_R01C01	0.991827
6165295023_R02C01	0.993982
6165295023_R03C01	0.997689
6165295023_R04C01	0.996406
6165295023_R05C01	0.990508
6165295023_R06C01	0.998464
6165295023_R07C01	0.996606
6165295023_R08C01	0.997784
6165295050_R01C01	0.996956
6165295050_R02C01	0.989389
6165295050_R03C01	0.994922
6165295050_R04C01	0.997162
6165295050_R05C01	0.997753
6165295050_R06C01	0.997387
6165295050_R07C01	0.996209
6165295050_R08C01	0.997397
6165295051_R01C01	0.993867
6165295051_R03C01	0.995597
6165295051_R04C01	0.996731
6165295051_R05C01	0.995905
6165295051_R07C01	0.994825
6165295051_R08C01	0.996585
6171492001_R02C01	0.990239
6171492001_R03C01	0.997249
6171492001_R05C01	0.997115
6171492001_R07C01	0.998741
6171492013_R02C01	0.997739
6171492013_R03C01	0.997085
6171492013_R04C01	0.998442
6171492013_R07C01	0.995075
6171492013_R08C01	0.997714
6171492015_R01C01	0.998029
6171492015_R02C01	0.993837
6171492015_R03C01	0.997187
6171492015_R04C01	0.995232
6171492015_R05C01	0.996291
6171492015_R06C01	0.9971
6171492015_R07C01	0.996622
6171492015_R08C01	0.997501
6171492016_R01C01	0.996435
6171492016_R02C01	0.996462
6171492016_R03C01	0.99678
6171492016_R04C01	0.995547
6171492016_R05C01	0.997278
6171492016_R06C01	0.996174
6171492016_R07C01	0.996975
6171492017_R02C01	0.998047
6171492017_R03C01	0.990514
6171492017_R04C01	0.997368
6171492017_R05C01	0.997604
6171492017_R06C01	0.99508
6171492017_R07C01	0.99701
6171492017_R08C01	0.994074
6171492025_R01C01	0.99765
6171492025_R02C01	0.997356
6171492025_R03C01	0.996326
6171492025_R04C01	0.992706
6171492025_R05C01	0.997105
6171492025_R06C01	0.997397
6171492025_R07C01	0.996032
6171492025_R08C01	0.995364
6171492029_R01C01	0.996518
6171492029_R02C01	0.997523
6171492029_R04C01	0.998358
6171492029_R05C01	0.998316
6171492029_R06C01	0.996365
6171492029_R08C01	0.996583
6171492039_R03C01	0.997113
6171492039_R04C01	0.994833
6171492039_R05C01	0.997088
6171492039_R06C01	0.988725
6171492039_R07C01	0.996676
6171492043_R02C01	0.997912
6171492043_R03C01	0.995414
6171492043_R04C01	0.995472
6171492043_R05C01	0.998184
6171492043_R06C01	0.995302
6171492043_R07C01	0.995208
6171492043_R08C01	0.996822
6171492045_R01C01	0.996255
6171492045_R02C01	0.995686
6171492045_R05C01	0.997566
6171492045_R08C01	0.996652
6171492048_R06C01	0.986121
6171492048_R08C01	0.977552
6171492049_R01C01	0.99739
6171492049_R02C01	0.997528
6171492049_R03C01	0.996484
6171492049_R04C01	0.990929
6171492049_R05C01	0.997376
6171492049_R06C01	0.998869
6171492049_R07C01	0.995284
6171492049_R08C01	0.996397
6171492050_R01C01	0.996984
6171492050_R02C01	0.996535
6171492050_R05C01	0.997582
6171492050_R06C01	0.997047
6171492050_R07C01	0.998753
6171492050_R08C01	0.995048
6171492053_R01C01	0.997495
6171492053_R02C01	0.998114
6171492053_R03C01	0.997722
6171492053_R04C01	0.995992
6171492053_R05C01	0.998476
6171492053_R06C01	0.996755
6171492053_R07C01	0.997654
6171492053_R08C01	0.99789
6171492055_R01C01	0.997108
6171492055_R02C01	0.985881
6171492055_R03C01	0.997645
6171492055_R04C01	0.998266
6171492055_R06C01	0.997086
6171492055_R07C01	0.997611
6171492055_R08C01	0.995992
6171492056_R01C01	0.997298
6171492056_R02C01	0.997182
6171492056_R03C01	0.997107
6171492056_R04C01	0.996153
6171492056_R05C01	0.997123
6171492056_R08C01	0.996012
6171492059_R01C01	0.99757
6171492059_R02C01	0.998475
6171492059_R04C01	0.997475
6171492059_R05C01	0.997121
6171492059_R06C01	0.996538
6171492059_R07C01	0.997029
6171492059_R08C01	0.998034
6171492060_R01C01	0.99736
6171492060_R02C01	0.996478
6171492060_R03C01	0.993214
6171492060_R04C01	0.997296
6171492060_R05C01	0.997209
6171492060_R08C01	0.99286
6171492068_R01C01	0.998463
6171492068_R02C01	0.998002
6171492068_R03C01	0.997146
6171492068_R04C01	0.996286
6171492068_R05C01	0.996975
6171492068_R06C01	0.996392
6171492068_R08C01	0.997062
6171492069_R02C01	0.995657
6171492069_R06C01	0.995149
6171492069_R07C01	0.99549
6171492069_R08C01	0.997404
6171492072_R03C01	0.997058
6171492072_R04C01	0.996785
6171492072_R05C01	0.99754
6171492072_R06C01	0.995879
6171492072_R08C01	0.996718
6171492074_R01C01	0.997586
6171492074_R02C01	0.996392
6171492074_R03C01	0.997405
6171492074_R04C01	0.998024
6171492074_R05C01	0.997631
6171492074_R07C01	0.997021
6171492074_R08C01	0.997853
6171492075_R01C01	0.997075
6171492075_R03C01	0.997809
6171492075_R05C01	0.996674
6171492075_R06C01	0.979027
6171492075_R08C01	0.996315
6171492077_R01C01	0.996795
6171492077_R02C01	0.996865
6171492077_R03C01	0.996827
6171492077_R07C01	0.996774
6171492077_R08C01	0.997222
6171492078_R01C01	0.997709
6171492078_R02C01	0.99783
6171492078_R03C01	0.997636
6171492078_R05C01	0.995882
6171492078_R06C01	0.997087
6171492078_R07C01	0.997087
6171492078_R08C01	0.997567
6171492079_R01C01	0.998631
6171492079_R03C01	0.996605
6171492079_R04C01	0.998265
6171492079_R05C01	0.997479
6171492079_R06C01	0.996017
6171492079_R07C01	0.996974
6171492079_R08C01	0.985446
6171492084_R01C01	0.996223
6171492084_R02C01	0.997917
6171492084_R03C01	0.998361
6171492084_R04C01	0.99782
6171492084_R05C01	0.998023
6171492084_R06C01	0.997224
6171492084_R08C01	0.997419
6171492086_R02C01	0.997031
6171492086_R05C01	0.996664
6171492086_R06C01	0.996026
6171492086_R07C01	0.996729
6171492086_R08C01	0.996645
6171492090_R01C01	0.997528
6171492090_R02C01	0.993207
6171492090_R03C01	0.997364
6171492090_R05C01	0.997307
6171492090_R06C01	0.995867
6171492090_R07C01	0.99752
6171492090_R08C01	0.998355
6171492100_R01C01	0.996006
6171492100_R03C01	0.995718
6171492100_R04C01	0.98797
6171492100_R05C01	0.996571
6171492100_R08C01	0.99615
6172882004_R01C01	0.997663
6172882004_R02C01	0.99754
6172882004_R03C01	0.99349
6172882004_R06C01	0.990697
6172882004_R07C01	0.998217
6172882004_R08C01	0.997134
6172882009_R01C01	0.997843
6172882009_R02C01	0.996869
6172882009_R03C01	0.997647
6172882009_R04C01	0.996786
6172882009_R05C01	0.99636
6172882009_R06C01	0.997307
6172882009_R07C01	0.997554
6172882009_R08C01	0.996923
6172882050_R01C01	0.997402
6172882050_R02C01	0.997196
6172882050_R03C01	0.997323
6172882050_R04C01	0.997265
6172882050_R05C01	0.99837
6172882050_R06C01	0.997704
6172882050_R08C01	0.994529
6172882051_R01C01	0.997658
6172882051_R02C01	0.996705
6172882051_R04C01	0.99759
6172882051_R05C01	0.994924
6172882051_R06C01	0.997649
6172882051_R07C01	0.997689
6172882051_R08C01	0.997394
6186483013_R01C01	0.992158
6186483013_R02C01	0.997242
6186483013_R03C01	0.989792
6186483013_R04C01	0.996747
6186483013_R05C01	0.996567
6186483013_R06C01	0.997498
6186483013_R07C01	0.997133
6186483013_R08C01	0.997161
6186483032_R03C01	0.997646
6186483032_R04C01	0.99654
6186483032_R05C01	0.996865
6186483032_R06C01	0.996886
6186483032_R07C01	0.995824
6186483032_R08C01	0.991998
6186483043_R01C01	0.980614
6186483043_R04C01	0.988519
6186483043_R05C01	0.997279
6186483043_R06C01	0.996657
6186483043_R08C01	0.998123
6186483051_R01C01	0.997296
6186483051_R08C01	0.996969
6186483068_R01C01	0.99306
6186483068_R02C01	0.997844
6186483068_R03C01	0.997317
6186483090_R01C01	0.999185
6186483090_R02C01	0.997837
6186483090_R03C01	0.998134
6186483090_R04C01	0.996935
6186483090_R06C01	0.997897
6186483090_R07C01	0.998638
6186483090_R08C01	0.996866
6186483093_R02C01	0.985508
6186483093_R03C01	0.995603
6186483093_R05C01	0.998667
6186483093_R06C01	0.997696
6186483093_R08C01	0.997331
6186483099_R01C01	0.996603
6186483099_R03C01	0.995965
6186483099_R04C01	0.996978
6186483099_R05C01	0.996115
6186483099_R07C01	0.996542
6186483099_R08C01	0.996339
6186483101_R01C01	0.995479
6186483101_R02C01	0.996741
6186483101_R03C01	0.991539
6186483101_R04C01	0.99606
6186483101_R05C01	0.993969
6186483101_R06C01	0.991379
6186483101_R08C01	0.997916
6186483132_R01C01	0.984754
6247194011_R02C01	0.997531
6247194011_R03C01	0.997845
6247194011_R04C01	0.996806
6247194011_R05C01	0.995878
6247194011_R07C01	0.991611
6247194011_R08C01	0.995758
6247194028_R01C01	0.995812
6247194028_R02C01	0.991118
6247194028_R03C01	0.997367
6247194028_R04C01	0.99616
6247194028_R06C01	0.996624
6247194028_R07C01	0.997514
6247194028_R08C01	0.997621
6247194031_R01C01	0.99447
6247194031_R02C01	0.997269
6247194031_R03C01	0.997463
6247194031_R05C01	0.996709
6247194031_R06C01	0.998467
6247194031_R07C01	0.997072
6247194043_R02C01	0.995767
6247194043_R03C01	0.996827
6247194043_R04C01	0.995729
6247194043_R07C01	0.99787
6247194043_R08C01	0.998014
6247194064_R01C01	0.996214
6247194064_R03C01	0.997287
6247194064_R04C01	0.99746
6247194064_R05C01	0.996889
6247194064_R06C01	0.998414
6247194064_R07C01	0.997031
6247194064_R08C01	0.998478
6247194098_R01C01	0.997538
6247194098_R02C01	0.996756
6247194098_R03C01	0.997464
6247194098_R04C01	0.998741
6247194098_R05C01	0.995557
6247194098_R06C01	0.99849
6247194098_R07C01	0.996446
6247194098_R08C01	0.998617
6247194107_R03C01	0.993721
6247194107_R05C01	0.987517
6247194107_R07C01	0.996279
6247194115_R02C01	0.996737
6247194115_R04C01	0.990548
6247194115_R05C01	0.997767
6247194115_R06C01	0.996281
6247194115_R08C01	0.996499
6247194117_R02C01	0.996744
6247194117_R03C01	0.998039
6247194117_R04C01	0.991896
6247194117_R05C01	0.996099
6247194117_R07C01	0.997164
6247194117_R08C01	0.996453
6247194118_R05C01	0.997315
6247194118_R08C01	0.994556
6264533042_R07C01	0.997874
6264533048_R01C01	0.996754
6264533048_R03C01	0.995623
6264533048_R04C01	0.997402
6264533048_R05C01	0.994773
6264533048_R06C01	0.99693
6264533048_R07C01	0.997722
6264533048_R08C01	0.997219
6264533060_R03C01	0.995537
6264533060_R05C01	0.995209
6264533060_R06C01	0.996235
6264533060_R07C01	0.996076
6264533060_R08C01	0.996131
6264533086_R01C01	0.976488
6264533086_R03C01	0.996691
6264533086_R05C01	0.992652
6264550046_R02C01	0.996168
6264550046_R03C01	0.994703
6264550046_R04C01	0.99684
6264550046_R07C01	0.99468
