                      +-----------------------------+
                      |                             |
                      |   Eagle v2.4.1              |
                      |   November 18, 2018         |
                      |   Po-Ru Loh                 |
                      |                             |
                      +-----------------------------+

Copyright (C) 2015-2018 Harvard University.
Distributed under the GNU GPLv3+ open source license.

Command line options:

eagle \
    --vcfRef=/BIODATA/StudentsHome/kevine/GWAS/Git/GWAS/1000G/ALL.chr14.phase3_integrated.20130502.genotypes.bcf \
    --vcfTarget=qc-camgwas-updated.vcf.gz \
    --geneticMapFile=tables/genetic_map_hg19_withX.txt.gz \
    --outPrefix=chr14-phased_wref \
    --chrom=14 \
    --pbwtIters=10 \
    --numThreads=90 \
    --Kpbwt=50000 \
    --vcfOutFormat=z 

Setting number of threads to 90
[W::bcf_hdr_check_sanity] PL should be declared as Number=G

Reference samples: Nref = 2504
Target samples: Ntarget = 1185
SNPs to analyze: M = 54036 SNPs in both target and reference

SNPs ignored: 0 SNPs in target but not reference
              1483829 SNPs in reference but not target
              0 multi-allelic SNPs in target

Missing rate in target genotypes: 0.0043396

Filling in genetic map coordinates using reference file:
  tables/genetic_map_hg19_withX.txt.gz
Physical distance range: 87954869 base pairs
Genetic distance range:  116.765 cM
Average # SNPs per cM:   463
Number of <=(64-SNP, 1cM) segments: 846
Average # SNPs per segment: 63

Time for reading input: 34.9372 sec

Fraction of heterozygous genotypes: 0.253865
Typical span of default 100-het history length: 0.85 cM
Setting --histFactor=1.17
Typical span of 117-het history length: 1.00 cM

BEGINNING PHASING

PHASING ITER 1 OF 10


Phasing target samples
................................................................................
Time for phasing iter 1: 634.336

PHASING ITER 2 OF 10


Phasing target samples
................................................................................
Time for phasing iter 2: 663.768

PHASING ITER 3 OF 10


Phasing target samples
................................................................................
Time for phasing iter 3: 647.468

PHASING ITER 4 OF 10


Phasing target samples
................................................................................
Time for phasing iter 4: 656.866

PHASING ITER 5 OF 10


Phasing target samples
................................................................................
Time for phasing iter 5: 643.407

PHASING ITER 6 OF 10


Phasing target samples
................................................................................
Time for phasing iter 6: 649.019

PHASING ITER 7 OF 10


Phasing target samples
................................................................................
Time for phasing iter 7: 648.249

PHASING ITER 8 OF 10


Phasing target samples
................................................................................
Time for phasing iter 8: 646.29

PHASING ITER 9 OF 10


Phasing target samples
................................................................................
Time for phasing iter 9: 643.211

PHASING ITER 10 OF 10


Phasing target samples
................................................................................
Time for phasing iter 10: 824.645
Writing vcf.gz output to chr14-phased_wref.vcf.gz
Time for writing output: 9.02218
Total elapsed time for analysis = 6701.35 sec

Mean phase confidence of each target individual:
ID	PHASE_CONFIDENCE
6042341077_R01C01	0.998211
6042341077_R03C01	0.997645
6042341077_R04C01	0.995801
6042341077_R05C01	0.998363
6042341077_R06C01	0.997836
6042341077_R07C01	0.995768
6042341089_R01C01	0.998076
6042341089_R02C01	0.997601
6042341089_R03C01	0.998093
6042341089_R04C01	0.997782
6042341089_R05C01	0.99793
6042341089_R06C01	0.996383
6042341089_R07C01	0.996375
6042341089_R08C01	0.998307
6042341090_R01C01	0.997542
6042341090_R02C01	0.996943
6042341090_R03C01	0.99668
6042341090_R04C01	0.997811
6042341090_R05C01	0.996692
6042341090_R06C01	0.998243
6042341090_R07C01	0.995435
6042341090_R08C01	0.998084
6042341099_R01C01	0.99806
6042341099_R02C01	0.997997
6042341099_R03C01	0.997921
6042341099_R04C01	0.997845
6042341099_R05C01	0.997597
6042341099_R06C01	0.992953
6042341099_R07C01	0.996702
6042341099_R08C01	0.995687
6042341154_R06C01	0.997437
6042341154_R07C01	0.998162
6042341154_R08C01	0.997876
6042341162_R01C01	0.998325
6042341162_R02C01	0.997608
6042341162_R03C01	0.99878
6042341162_R04C01	0.998004
6042341162_R05C01	0.997158
6042341162_R06C01	0.996593
6042341162_R07C01	0.998881
6042341162_R08C01	0.997857
6042359084_R01C01	0.998248
6042359084_R02C01	0.997994
6042359084_R03C01	0.996949
6042359084_R04C01	0.997244
6042359084_R05C01	0.996807
6042359084_R06C01	0.996865
6042359084_R07C01	0.996742
6042359084_R08C01	0.998887
6042375002_R01C01	0.994974
6042375002_R02C01	0.996849
6042375002_R03C01	0.997057
6042375002_R04C01	0.997173
6042375002_R05C01	0.998598
6042375002_R06C01	0.998242
6042375002_R07C01	0.997806
6042375002_R08C01	0.997932
6042375003_R01C01	0.998702
6042375003_R02C01	0.998479
6042375003_R03C01	0.996688
6042375003_R04C01	0.998256
6042375003_R05C01	0.998698
6042375003_R06C01	0.998267
6042375003_R07C01	0.997393
6042375003_R08C01	0.998093
6042375012_R01C01	0.998156
6042375012_R02C01	0.998024
6042375012_R03C01	0.997463
6042375012_R04C01	0.99816
6042375012_R05C01	0.997659
6042375012_R06C01	0.997847
6042375013_R01C01	0.997496
6042375013_R02C01	0.997267
6042375013_R03C01	0.998127
6042375013_R04C01	0.997862
6042375013_R05C01	0.997784
6042375013_R06C01	0.997204
6042375013_R07C01	0.998302
6042375013_R08C01	0.997394
6042375014_R01C01	0.997798
6042375014_R02C01	0.998111
6042375014_R03C01	0.997619
6042375014_R04C01	0.997026
6042375014_R05C01	0.996936
6042375014_R06C01	0.998374
6042375014_R08C01	0.996256
6042375022_R01C01	0.997436
6042375022_R02C01	0.997774
6042375022_R03C01	0.99783
6042375022_R04C01	0.998146
6042375022_R05C01	0.998446
6042375022_R06C01	0.998154
6042375022_R07C01	0.997307
6042375023_R01C01	0.998597
6042375023_R02C01	0.998831
6042375023_R03C01	0.996924
6042375023_R04C01	0.998128
6042375023_R05C01	0.99786
6042375023_R06C01	0.998147
6042375023_R07C01	0.997546
6042375023_R08C01	0.997186
6042375024_R01C01	0.998511
6042375024_R02C01	0.998056
6042375024_R03C01	0.997382
6042375024_R04C01	0.997235
6042375024_R05C01	0.998995
6042375024_R06C01	0.997961
6042375024_R07C01	0.995441
6042375024_R08C01	0.997292
6042375025_R01C01	0.997099
6042375025_R02C01	0.997695
6042375025_R03C01	0.998203
6042375025_R04C01	0.997831
6042375025_R05C01	0.996684
6042375025_R06C01	0.998304
6042375025_R07C01	0.998992
6042375025_R08C01	0.99816
6042375029_R01C01	0.998047
6042375029_R02C01	0.99858
6042375029_R03C01	0.997671
6042375029_R04C01	0.997934
6042375029_R05C01	0.996784
6042375029_R06C01	0.997625
6042375029_R07C01	0.997112
6042375029_R08C01	0.996683
6042375043_R01C01	0.99877
6042375043_R02C01	0.997865
6042375043_R04C01	0.997819
6042375043_R05C01	0.998832
6042375043_R07C01	0.996623
6042375043_R08C01	0.998567
6042375044_R01C01	0.995625
6042375044_R02C01	0.999429
6042375044_R03C01	0.997014
6042375044_R05C01	0.996689
6042375044_R06C01	0.997351
6042375044_R07C01	0.998023
6042375044_R08C01	0.996077
6042375045_R02C01	0.996665
6042375045_R03C01	0.996633
6042375045_R04C01	0.991944
6042375045_R05C01	0.997904
6042375045_R06C01	0.99687
6042375045_R07C01	0.997546
6042375045_R08C01	0.997451
6042375053_R01C01	0.998546
6042375053_R02C01	0.998162
6042375053_R03C01	0.99677
6042375053_R04C01	0.996892
6042375053_R05C01	0.999
6042375053_R06C01	0.99813
6042375053_R07C01	0.996925
6042375053_R08C01	0.996031
6042375080_R01C01	0.998433
6042375080_R02C01	0.997954
6042375080_R03C01	0.998091
6042375080_R04C01	0.998884
6042375080_R05C01	0.998336
6042375080_R06C01	0.998177
6042375080_R07C01	0.998093
6042375080_R08C01	0.996986
6042375085_R01C01	0.997165
6042375085_R02C01	0.997756
6042375085_R03C01	0.99665
6042375085_R04C01	0.99793
6042375085_R05C01	0.997062
6042375085_R06C01	0.998028
6042375085_R07C01	0.998869
6042375085_R08C01	0.996698
6042375100_R01C01	0.996116
6042375100_R02C01	0.997161
6042375100_R04C01	0.998559
6042375100_R05C01	0.996837
6042375100_R06C01	0.997684
6042375100_R07C01	0.99816
6042375100_R08C01	0.998245
6042375101_R01C01	0.995424
6042375101_R02C01	0.997326
6042375101_R03C01	0.998054
6042375101_R04C01	0.997126
6042375101_R05C01	0.998201
6042375101_R06C01	0.992347
6042375101_R07C01	0.997822
6042375101_R08C01	0.995769
6042375104_R01C01	0.997664
6042375104_R02C01	0.996978
6042375104_R03C01	0.997146
6042375104_R04C01	0.997924
6042375104_R06C01	0.997084
6042375104_R08C01	0.9984
6042375137_R01C01	0.997427
6042375137_R02C01	0.998767
6042375137_R03C01	0.997645
6042375137_R05C01	0.993828
6042375137_R06C01	0.997395
6042375137_R07C01	0.99867
6042375137_R08C01	0.999289
6042375138_R01C01	0.998543
6042375138_R02C01	0.997433
6042375138_R03C01	0.997473
6042375138_R04C01	0.998118
6042375138_R05C01	0.99835
6042375138_R06C01	0.989902
6042375138_R07C01	0.998102
6042375138_R08C01	0.998497
6042375146_R01C01	0.99709
6042375146_R02C01	0.997481
6042375146_R03C01	0.996422
6042375146_R04C01	0.997733
6042375146_R05C01	0.998002
6042375146_R06C01	0.998244
6042375146_R07C01	0.996835
6042375146_R08C01	0.998341
6130471012_R01C01	0.998032
6130471012_R02C01	0.997863
6130471012_R03C01	0.995466
6130471012_R04C01	0.997165
6130471012_R05C01	0.997663
6130471012_R06C01	0.997481
6130471012_R07C01	0.997943
6130471012_R08C01	0.99608
6130471070_R01C01	0.998023
6130471070_R02C01	0.988009
6130471070_R03C01	0.996519
6130471070_R04C01	0.998443
6130471070_R05C01	0.996752
6130471070_R06C01	0.996715
6130471070_R07C01	0.997717
6130471070_R08C01	0.997723
6130471071_R01C01	0.99638
6130471071_R02C01	0.995958
6130471071_R03C01	0.996958
6130471071_R05C01	0.995369
6130471071_R06C01	0.9959
6130471071_R07C01	0.997311
6130471110_R01C01	0.998267
6130471110_R02C01	0.997016
6130471110_R04C01	0.997709
6130471110_R05C01	0.993302
6130471110_R06C01	0.998244
6130471110_R07C01	0.99781
6130471110_R08C01	0.994186
6130471129_R01C01	0.99742
6130471129_R02C01	0.997505
6130471129_R03C01	0.997851
6130471129_R04C01	0.996644
6130471129_R05C01	0.994649
6130471129_R06C01	0.998409
6130471129_R07C01	0.994554
6130471129_R08C01	0.99828
6135563011_R01C01	0.996731
6135563011_R02C01	0.997034
6135563011_R03C01	0.997693
6135563011_R04C01	0.997532
6135563011_R06C01	0.997726
6135563011_R07C01	0.99772
6135563011_R08C01	0.996423
6135563012_R02C01	0.997897
6135563012_R04C01	0.993621
6135563012_R05C01	0.998201
6135563012_R06C01	0.998456
6135563012_R07C01	0.997489
6135563012_R08C01	0.991633
6135563014_R02C01	0.999347
6135563014_R03C01	0.997266
6135563014_R04C01	0.998602
6135563014_R05C01	0.996478
6135563014_R06C01	0.998933
6135563014_R07C01	0.998033
6135563014_R08C01	0.99805
6135563015_R02C01	0.996448
6135563015_R04C01	0.99654
6135563015_R05C01	0.996357
6135563015_R06C01	0.996465
6135563015_R07C01	0.997118
6135563015_R08C01	0.997078
6135563041_R01C01	0.998185
6135563041_R03C01	0.998083
6135563041_R04C01	0.997715
6135563041_R05C01	0.998283
6135563041_R06C01	0.998465
6135571025_R01C01	0.992754
6135571025_R03C01	0.996537
6135571025_R04C01	0.997401
6135571025_R07C01	0.99739
6135571025_R08C01	0.998529
6135580001_R01C01	0.998131
6135580001_R02C01	0.998892
6135580001_R03C01	0.997483
6135580001_R04C01	0.998166
6135580001_R05C01	0.997393
6135580001_R06C01	0.998196
6135580001_R07C01	0.998238
6135580001_R08C01	0.997788
6135580011_R01C01	0.995974
6135580011_R02C01	0.997781
6135580011_R03C01	0.997124
6135580011_R04C01	0.99831
6135580011_R05C01	0.998126
6135580011_R07C01	0.997681
6135580011_R08C01	0.998067
6135580017_R01C01	0.998523
6135580017_R02C01	0.998799
6135580017_R03C01	0.997601
6135580017_R04C01	0.996847
6135580017_R05C01	0.997644
6135580017_R06C01	0.998358
6135580017_R07C01	0.998428
6135580017_R08C01	0.99873
6135580027_R01C01	0.998019
6135580027_R02C01	0.997039
6135580027_R03C01	0.998218
6135580027_R04C01	0.998969
6135580027_R05C01	0.997611
6135580027_R06C01	0.996452
6135580027_R07C01	0.997826
6135580027_R08C01	0.998957
6135580057_R01C01	0.996551
6135580057_R02C01	0.997414
6135580057_R03C01	0.997802
6135580057_R04C01	0.99726
6135580057_R05C01	0.997862
6135580057_R06C01	0.997332
6135580057_R07C01	0.997413
6135580057_R08C01	0.998275
6135580073_R01C01	0.997941
6135580073_R03C01	0.997229
6135580073_R04C01	0.997461
6135580073_R05C01	0.99736
6135580073_R06C01	0.997645
6135580073_R07C01	0.997944
6135580073_R08C01	0.997732
6135580082_R01C01	0.997897
6135580082_R02C01	0.998861
6135580082_R03C01	0.997678
6135580082_R04C01	0.998895
6135580082_R06C01	0.996142
6135580082_R07C01	0.997496
6135580082_R08C01	0.997392
6135580098_R01C01	0.997811
6135580098_R02C01	0.997822
6135580098_R04C01	0.99805
6135580098_R05C01	0.998471
6135580098_R06C01	0.996892
6135580098_R07C01	0.997398
6135580098_R08C01	0.998392
6135580116_R02C01	0.994695
6135580116_R03C01	0.997888
6135580116_R05C01	0.996646
6135580116_R06C01	0.998348
6135580116_R08C01	0.997743
6135580117_R02C01	0.997042
6135580117_R03C01	0.996786
6135580117_R04C01	0.998506
6135580117_R05C01	0.998377
6135580117_R06C01	0.998007
6135580118_R01C01	0.997411
6135580118_R02C01	0.994936
6135580118_R04C01	0.997234
6135580118_R05C01	0.997537
6135580118_R06C01	0.997653
6135580118_R08C01	0.996333
6135580123_R02C01	0.997658
6135580123_R04C01	0.997266
6135580123_R05C01	0.997163
6135580123_R07C01	0.991071
6135580123_R08C01	0.994969
6135580144_R01C01	0.998101
6135580144_R08C01	0.996219
6135580145_R06C01	0.997574
6135580145_R08C01	0.990949
6135601008_R01C01	0.997811
6135601008_R02C01	0.991052
6135601008_R03C01	0.997498
6135601008_R04C01	0.99635
6135601008_R06C01	0.998236
6135601008_R07C01	0.998131
6135601008_R08C01	0.997646
6135601009_R01C01	0.998622
6135601009_R02C01	0.995942
6135601009_R03C01	0.998797
6135601009_R04C01	0.998742
6135601009_R05C01	0.997453
6135601009_R06C01	0.998538
6135601009_R07C01	0.998238
6135601009_R08C01	0.997753
6135601012_R04C01	0.998269
6135601012_R05C01	0.9983
6135601012_R06C01	0.997892
6135601012_R07C01	0.992466
6135601018_R03C01	0.997168
6135601018_R05C01	0.997869
6135601018_R07C01	0.988047
6135601018_R08C01	0.993938
6135601027_R03C01	0.99851
6135601027_R04C01	0.996476
6135601027_R05C01	0.996874
6135601027_R07C01	0.997612
6135601034_R01C01	0.998677
6135601034_R02C01	0.997939
6135601034_R03C01	0.996684
6135601034_R04C01	0.998373
6135601034_R06C01	0.99781
6135601045_R01C01	0.997725
6135601045_R02C01	0.998272
6135601045_R03C01	0.997364
6135601045_R04C01	0.99692
6135601045_R05C01	0.99776
6135601045_R07C01	0.998282
6135601045_R08C01	0.996882
6135601049_R01C01	0.998211
6135601049_R02C01	0.997279
6135601049_R03C01	0.996839
6135601049_R05C01	0.992289
6135601049_R06C01	0.998659
6135601049_R07C01	0.997369
6135601049_R08C01	0.997667
6135601060_R01C01	0.994891
6135601060_R03C01	0.996401
6135601060_R04C01	0.981057
6135601060_R05C01	0.99517
6135601060_R06C01	0.994867
6135601066_R01C01	0.997132
6135601066_R02C01	0.995722
6135601066_R03C01	0.998696
6135601066_R04C01	0.99645
6135601066_R05C01	0.995243
6135601066_R06C01	0.997664
6135601066_R07C01	0.997394
6135601066_R08C01	0.99728
6135601080_R01C01	0.997091
6135601080_R02C01	0.996288
6135601080_R03C01	0.998378
6135601080_R07C01	0.997055
6135601080_R08C01	0.998249
6135601081_R01C01	0.997653
6135601081_R02C01	0.997802
6135601081_R03C01	0.998153
6135601081_R04C01	0.996964
6135601081_R05C01	0.997875
6135601081_R07C01	0.997027
6135601081_R08C01	0.99677
6135601082_R02C01	0.997874
6135601082_R03C01	0.99818
6135601082_R04C01	0.99848
6135601082_R05C01	0.99782
6135601082_R06C01	0.996091
6135601082_R07C01	0.99782
6135601082_R08C01	0.997979
6135601086_R01C01	0.995414
6135601086_R03C01	0.998001
6135601086_R04C01	0.997471
6135601086_R05C01	0.994492
6135601086_R07C01	0.997647
6135601094_R05C01	0.997523
6135601094_R06C01	0.989319
6135601108_R01C01	0.997356
6135601108_R02C01	0.9977
6135601108_R03C01	0.997614
6135601108_R04C01	0.997581
6135601108_R05C01	0.997347
6135601108_R06C01	0.997886
6135601108_R07C01	0.998013
6135601108_R08C01	0.996824
6135601115_R02C01	0.996392
6135601115_R04C01	0.996548
6135601115_R06C01	0.996693
6135601115_R07C01	0.997921
6135601115_R08C01	0.997833
6135601116_R01C01	0.99606
6135601116_R02C01	0.997849
6135601116_R05C01	0.997343
6135601116_R07C01	0.99733
6135601116_R08C01	0.997635
6135601117_R01C01	0.99664
6135601117_R05C01	0.997974
6135601117_R06C01	0.997226
6135601117_R07C01	0.998103
6135601117_R08C01	0.997935
6135601120_R03C01	0.997337
6135601120_R04C01	0.998005
6135601120_R06C01	0.998128
6135601120_R07C01	0.99704
6135601120_R08C01	0.998438
6135601124_R01C01	0.996686
6135601124_R02C01	0.997431
6135601124_R03C01	0.998053
6135601124_R04C01	0.998036
6135601124_R05C01	0.997675
6135601124_R06C01	0.997735
6135601124_R07C01	0.99698
6135601124_R08C01	0.997076
6135601130_R01C01	0.997646
6135601130_R02C01	0.991977
6135601130_R03C01	0.997054
6135601130_R04C01	0.996551
6135601130_R05C01	0.998134
6135601130_R06C01	0.997945
6135601130_R07C01	0.99829
6135601130_R08C01	0.998135
6135601149_R01C01	0.99572
6135601149_R02C01	0.997647
6135601149_R06C01	0.995121
6135601149_R08C01	0.997094
6135601151_R01C01	0.996494
6135601151_R02C01	0.997988
6135601151_R03C01	0.998569
6135601151_R04C01	0.998723
6135601151_R05C01	0.997024
6135601151_R06C01	0.997005
6135601151_R07C01	0.997802
6135601151_R08C01	0.997209
6135601153_R03C01	0.997746
6135601153_R05C01	0.998311
6135601153_R06C01	0.992497
6135601153_R07C01	0.99653
6135601153_R08C01	0.999081
6135601156_R01C01	0.997907
6135601156_R02C01	0.997912
6135601156_R03C01	0.996538
6135601156_R04C01	0.997171
6135601156_R05C01	0.99832
6135601156_R06C01	0.998143
6135601156_R08C01	0.998146
6135601162_R01C01	0.993521
6135601162_R02C01	0.998222
6135601162_R04C01	0.996775
6135601162_R05C01	0.997235
6135601162_R06C01	0.996397
6135601162_R07C01	0.998041
6135601162_R08C01	0.997184
6135601167_R02C01	0.998266
6135601167_R03C01	0.997539
6135601167_R04C01	0.997691
6135601167_R05C01	0.996168
6135601167_R06C01	0.997266
6135601167_R07C01	0.997174
6147054060_R01C01	0.997785
6147054060_R02C01	0.997194
6147054060_R03C01	0.998134
6147054060_R04C01	0.998646
6147054060_R05C01	0.995507
6147054060_R07C01	0.99786
6147054060_R08C01	0.998046
6147054122_R01C01	0.996379
6147054122_R02C01	0.996748
6147054122_R03C01	0.995904
6147054122_R04C01	0.997118
6147054122_R05C01	0.997133
6147054122_R06C01	0.998183
6147054122_R07C01	0.998521
6147054122_R08C01	0.998539
6147054149_R01C01	0.996634
6147054149_R02C01	0.998048
6147054149_R07C01	0.997395
6147054149_R08C01	0.99687
6147054150_R01C01	0.997585
6147054150_R02C01	0.997173
6147054150_R03C01	0.998283
6147054150_R04C01	0.99757
6147054150_R05C01	0.997676
6147054150_R06C01	0.997937
6147054150_R07C01	0.998177
6147054150_R08C01	0.997988
6147062005_R03C01	0.997924
6147062005_R04C01	0.997804
6147062005_R06C01	0.996919
6147062005_R07C01	0.997373
6147062010_R01C01	0.996765
6147062010_R02C01	0.998421
6147062010_R03C01	0.998104
6147062010_R04C01	0.996775
6147062010_R05C01	0.998749
6147062010_R06C01	0.99717
6147062010_R07C01	0.997502
6147062010_R08C01	0.998089
6147062028_R03C01	0.997194
6147062037_R01C01	0.997086
6147062037_R02C01	0.993159
6147062037_R03C01	0.997785
6147062037_R04C01	0.99795
6147062037_R05C01	0.997227
6147062037_R06C01	0.997253
6147062037_R07C01	0.996848
6147062055_R01C01	0.996022
6147062055_R02C01	0.997635
6147062055_R04C01	0.99652
6147062055_R07C01	0.997258
6147062055_R08C01	0.997875
6147062102_R01C01	0.997156
6147062102_R02C01	0.996789
6147062102_R03C01	0.998072
6147062102_R04C01	0.997446
6147062102_R05C01	0.998434
6147062102_R06C01	0.997497
6147062133_R01C01	0.9973
6147062133_R02C01	0.998281
6147062133_R03C01	0.99806
6147062133_R05C01	0.997662
6147062133_R06C01	0.998285
6147062134_R01C01	0.997191
6147062134_R02C01	0.998054
6147062134_R03C01	0.998853
6147062134_R06C01	0.99602
6147062134_R07C01	0.998165
6147062134_R08C01	0.997741
6147062135_R01C01	0.99797
6147062135_R02C01	0.998315
6147062135_R04C01	0.997182
6147062135_R05C01	0.997651
6147062135_R06C01	0.995765
6147062135_R08C01	0.997606
6147062147_R01C01	0.993105
6147062147_R03C01	0.997613
6147062147_R04C01	0.998121
6147062147_R05C01	0.998807
6147062147_R06C01	0.99815
6147062147_R07C01	0.99525
6147062147_R08C01	0.997932
6147062162_R01C01	0.998419
6147062162_R03C01	0.998282
6147062162_R05C01	0.998031
6147062162_R06C01	0.996913
6147062162_R07C01	0.997315
6147062167_R02C01	0.996774
6147062167_R03C01	0.997204
6147062167_R04C01	0.996703
6147062167_R05C01	0.997519
6147062167_R06C01	0.995215
6147062167_R08C01	0.996399
6147071002_R01C01	0.998291
6147071002_R02C01	0.991448
6147071002_R03C01	0.996888
6147071002_R05C01	0.996168
6147071002_R06C01	0.997717
6147071002_R07C01	0.998234
6147071002_R08C01	0.997711
6147071043_R03C01	0.998305
6147071043_R05C01	0.996821
6147071043_R08C01	0.997553
6147071044_R01C01	0.998403
6147071044_R02C01	0.996893
6147071044_R03C01	0.9971
6147071044_R04C01	0.997445
6147071044_R06C01	0.99688
6147071044_R07C01	0.998106
6147071044_R08C01	0.996741
6147071047_R01C01	0.997246
6147071047_R02C01	0.996821
6147071047_R05C01	0.996874
6147071047_R06C01	0.998039
6147071047_R07C01	0.996786
6147071047_R08C01	0.99593
6147071059_R02C01	0.996134
6147071059_R03C01	0.997697
6147071059_R04C01	0.997817
6147071059_R07C01	0.998129
6147071059_R08C01	0.99726
6147071060_R02C01	0.998317
6147071060_R03C01	0.99809
6147071060_R04C01	0.995935
6147071060_R05C01	0.998479
6147071060_R06C01	0.997292
6147071060_R07C01	0.998149
6147071060_R08C01	0.995623
6147071101_R01C01	0.998294
6147071101_R02C01	0.996866
6147071101_R04C01	0.996856
6147071101_R05C01	0.997226
6147071101_R06C01	0.99619
6147071101_R07C01	0.998677
6147071101_R08C01	0.996546
6147071123_R01C01	0.997655
6147071123_R02C01	0.998764
6147071123_R03C01	0.99756
6147071123_R04C01	0.998365
6147071123_R05C01	0.997094
6147071123_R06C01	0.998457
6147071123_R07C01	0.998285
6147071123_R08C01	0.994561
6147071155_R01C01	0.997856
6147071155_R02C01	0.99825
6147071155_R03C01	0.996968
6147071155_R04C01	0.997886
6147071155_R06C01	0.998641
6147071155_R07C01	0.998392
6147071155_R08C01	0.997821
6147071157_R01C01	0.996533
6147071157_R02C01	0.997925
6147071157_R03C01	0.998824
6147071157_R04C01	0.998291
6147071157_R05C01	0.997476
6147071157_R06C01	0.996909
6147071157_R07C01	0.998211
6147071157_R08C01	0.997431
6160275010_R02C01	0.997783
6160275010_R03C01	0.996403
6160275010_R04C01	0.995869
6160275010_R05C01	0.997416
6160275010_R06C01	0.997921
6160275010_R07C01	0.997904
6160275010_R08C01	0.998225
6160275012_R02C01	0.997606
6160275012_R03C01	0.996552
6160275012_R04C01	0.997634
6160275012_R05C01	0.995977
6160275012_R06C01	0.996218
6160275012_R07C01	0.997058
6160275012_R08C01	0.998756
6160275019_R01C01	0.998258
6160275019_R02C01	0.997689
6160275019_R03C01	0.99883
6160275019_R04C01	0.998489
6160275019_R05C01	0.99613
6160275019_R06C01	0.997907
6160275019_R07C01	0.997112
6160275020_R01C01	0.997147
6160275020_R02C01	0.997632
6160275020_R03C01	0.997935
6160275020_R04C01	0.998242
6160275020_R05C01	0.997506
6160275020_R06C01	0.99745
6160275020_R07C01	0.997602
6160275020_R08C01	0.998555
6160275021_R01C01	0.996952
6160275021_R02C01	0.996018
6160275021_R03C01	0.998731
6160275021_R04C01	0.997709
6160275021_R05C01	0.997058
6160275021_R06C01	0.997961
6160275021_R07C01	0.998268
6160275021_R08C01	0.997254
6160275022_R01C01	0.997858
6160275022_R02C01	0.99728
6160275022_R03C01	0.998507
6160275022_R04C01	0.997923
6160275022_R05C01	0.998601
6160275022_R06C01	0.997627
6160275022_R07C01	0.998514
6160275022_R08C01	0.997459
6160275043_R01C01	0.997073
6160275043_R02C01	0.99829
6160275043_R03C01	0.997549
6160275043_R04C01	0.997513
6160275043_R05C01	0.997158
6160275043_R06C01	0.997875
6160275043_R08C01	0.995745
6160275044_R01C01	0.996657
6160275044_R02C01	0.99847
6160275044_R03C01	0.998175
6160275044_R04C01	0.997837
6160275044_R05C01	0.998077
6160275044_R06C01	0.997841
6160275044_R07C01	0.997405
6160275044_R08C01	0.997178
6160275046_R01C01	0.996622
6160275046_R02C01	0.997697
6160275046_R03C01	0.996722
6160275046_R05C01	0.993948
6160275046_R06C01	0.998183
6160275046_R07C01	0.996184
6160275058_R01C01	0.996535
6160275058_R02C01	0.997248
6160275058_R03C01	0.998021
6160275058_R04C01	0.997356
6160275058_R05C01	0.997376
6160275058_R06C01	0.998498
6160275058_R07C01	0.997701
6160275058_R08C01	0.998275
6160275059_R01C01	0.99853
6160275059_R02C01	0.998378
6160275059_R03C01	0.997695
6160275059_R04C01	0.998183
6160275059_R05C01	0.998222
6160275059_R06C01	0.99796
6160275059_R07C01	0.997492
6160275059_R08C01	0.997712
6160275060_R01C01	0.996855
6160275060_R02C01	0.998557
6160275060_R03C01	0.997787
6160275060_R04C01	0.998775
6160275060_R05C01	0.996505
6160275060_R06C01	0.996717
6160275060_R07C01	0.99774
6160275060_R08C01	0.999027
6160304032_R01C01	0.998022
6160304032_R02C01	0.995984
6160304032_R03C01	0.997454
6160304032_R04C01	0.997665
6160304032_R05C01	0.998122
6160304032_R07C01	0.997501
6160304032_R08C01	0.996542
6160304033_R01C01	0.998284
6160304033_R02C01	0.998055
6160304033_R03C01	0.997879
6160304033_R04C01	0.997519
6160304033_R05C01	0.994614
6160304033_R06C01	0.997977
6160304033_R07C01	0.998656
6160304033_R08C01	0.998142
6164663042_R01C01	0.992086
6164663042_R02C01	0.9978
6164663042_R03C01	0.997628
6164663042_R04C01	0.998641
6164663042_R05C01	0.998535
6164663042_R06C01	0.994484
6164663042_R07C01	0.998444
6164663042_R08C01	0.997378
6165295013_R01C01	0.998078
6165295013_R02C01	0.996822
6165295013_R03C01	0.99838
6165295013_R04C01	0.998414
6165295013_R06C01	0.997393
6165295019_R01C01	0.995845
6165295019_R02C01	0.997841
6165295019_R04C01	0.997537
6165295019_R05C01	0.99753
6165295019_R06C01	0.997504
6165295019_R07C01	0.997237
6165295019_R08C01	0.998357
6165295021_R01C01	0.989823
6165295021_R02C01	0.997981
6165295021_R03C01	0.997382
6165295021_R04C01	0.996504
6165295021_R05C01	0.99767
6165295021_R06C01	0.998028
6165295021_R07C01	0.998027
6165295021_R08C01	0.997553
6165295023_R01C01	0.993725
6165295023_R02C01	0.995229
6165295023_R03C01	0.998634
6165295023_R04C01	0.997826
6165295023_R05C01	0.991512
6165295023_R06C01	0.997332
6165295023_R07C01	0.997549
6165295023_R08C01	0.998009
6165295050_R01C01	0.997518
6165295050_R02C01	0.991782
6165295050_R03C01	0.996261
6165295050_R04C01	0.997861
6165295050_R05C01	0.998836
6165295050_R06C01	0.998083
6165295050_R07C01	0.99721
6165295050_R08C01	0.998014
6165295051_R01C01	0.995375
6165295051_R03C01	0.997506
6165295051_R04C01	0.997343
6165295051_R05C01	0.997269
6165295051_R07C01	0.995736
6165295051_R08C01	0.995878
6171492001_R02C01	0.989558
6171492001_R03C01	0.997928
6171492001_R05C01	0.997222
6171492001_R07C01	0.99842
6171492013_R02C01	0.996853
6171492013_R03C01	0.997687
6171492013_R04C01	0.998647
6171492013_R07C01	0.996491
6171492013_R08C01	0.998347
6171492015_R01C01	0.998505
6171492015_R02C01	0.995079
6171492015_R03C01	0.998149
6171492015_R04C01	0.996459
6171492015_R05C01	0.997144
6171492015_R06C01	0.998037
6171492015_R07C01	0.99726
6171492015_R08C01	0.998511
6171492016_R01C01	0.996566
6171492016_R02C01	0.997132
6171492016_R03C01	0.996197
6171492016_R04C01	0.996401
6171492016_R05C01	0.997956
6171492016_R06C01	0.996809
6171492016_R07C01	0.99751
6171492017_R02C01	0.99759
6171492017_R03C01	0.991588
6171492017_R04C01	0.997992
6171492017_R05C01	0.998009
6171492017_R06C01	0.998005
6171492017_R07C01	0.997144
6171492017_R08C01	0.995537
6171492025_R01C01	0.996892
6171492025_R02C01	0.997704
6171492025_R03C01	0.99814
6171492025_R04C01	0.993861
6171492025_R05C01	0.997305
6171492025_R06C01	0.998873
6171492025_R07C01	0.997711
6171492025_R08C01	0.997554
6171492029_R01C01	0.997766
6171492029_R02C01	0.997242
6171492029_R04C01	0.998598
6171492029_R05C01	0.998003
6171492029_R06C01	0.9986
6171492029_R08C01	0.997035
6171492039_R03C01	0.997338
6171492039_R04C01	0.99627
6171492039_R05C01	0.996444
6171492039_R06C01	0.988022
6171492039_R07C01	0.997141
6171492043_R02C01	0.998401
6171492043_R03C01	0.995078
6171492043_R04C01	0.997417
6171492043_R05C01	0.998636
6171492043_R06C01	0.996881
6171492043_R07C01	0.995095
6171492043_R08C01	0.997591
6171492045_R01C01	0.997749
6171492045_R02C01	0.997347
6171492045_R05C01	0.99771
6171492045_R08C01	0.997324
6171492048_R06C01	0.983557
6171492048_R08C01	0.971763
6171492049_R01C01	0.998184
6171492049_R02C01	0.998478
6171492049_R03C01	0.998276
6171492049_R04C01	0.992869
6171492049_R05C01	0.998177
6171492049_R06C01	0.998408
6171492049_R07C01	0.997213
6171492049_R08C01	0.997279
6171492050_R01C01	0.996987
6171492050_R02C01	0.998388
6171492050_R05C01	0.997397
6171492050_R06C01	0.997671
6171492050_R07C01	0.998103
6171492050_R08C01	0.996481
6171492053_R01C01	0.996901
6171492053_R02C01	0.998325
6171492053_R03C01	0.99736
6171492053_R04C01	0.997141
6171492053_R05C01	0.998166
6171492053_R06C01	0.997612
6171492053_R07C01	0.998196
6171492053_R08C01	0.997675
6171492055_R01C01	0.997519
6171492055_R02C01	0.995714
6171492055_R03C01	0.998349
6171492055_R04C01	0.997561
6171492055_R06C01	0.997891
6171492055_R07C01	0.997713
6171492055_R08C01	0.997856
6171492056_R01C01	0.9973
6171492056_R02C01	0.997994
6171492056_R03C01	0.998434
6171492056_R04C01	0.99678
6171492056_R05C01	0.99757
6171492056_R08C01	0.996566
6171492059_R01C01	0.998495
6171492059_R02C01	0.997573
6171492059_R04C01	0.997981
6171492059_R05C01	0.997278
6171492059_R06C01	0.998161
6171492059_R07C01	0.997226
6171492059_R08C01	0.997594
6171492060_R01C01	0.998209
6171492060_R02C01	0.997026
6171492060_R03C01	0.994837
6171492060_R04C01	0.99707
6171492060_R05C01	0.997283
6171492060_R08C01	0.991685
6171492068_R01C01	0.997792
6171492068_R02C01	0.99758
6171492068_R03C01	0.997486
6171492068_R04C01	0.997419
6171492068_R05C01	0.998431
6171492068_R06C01	0.997412
6171492068_R08C01	0.997776
6171492069_R02C01	0.99525
6171492069_R06C01	0.995335
6171492069_R07C01	0.997481
6171492069_R08C01	0.997319
6171492072_R03C01	0.998137
6171492072_R04C01	0.997737
6171492072_R05C01	0.99759
6171492072_R06C01	0.995554
6171492072_R08C01	0.998169
6171492074_R01C01	0.996851
6171492074_R02C01	0.997638
6171492074_R03C01	0.997719
6171492074_R04C01	0.998231
6171492074_R05C01	0.997411
6171492074_R07C01	0.997333
6171492074_R08C01	0.997984
6171492075_R01C01	0.997219
6171492075_R03C01	0.996774
6171492075_R05C01	0.99807
6171492075_R06C01	0.97689
6171492075_R08C01	0.996705
6171492077_R01C01	0.996975
6171492077_R02C01	0.996273
6171492077_R03C01	0.997494
6171492077_R07C01	0.997393
6171492077_R08C01	0.997003
6171492078_R01C01	0.998515
6171492078_R02C01	0.997974
6171492078_R03C01	0.997917
6171492078_R05C01	0.997136
6171492078_R06C01	0.996086
6171492078_R07C01	0.998203
6171492078_R08C01	0.998309
6171492079_R01C01	0.99826
6171492079_R03C01	0.997267
6171492079_R04C01	0.998989
6171492079_R05C01	0.998142
6171492079_R06C01	0.996841
6171492079_R07C01	0.997707
6171492079_R08C01	0.983403
6171492084_R01C01	0.996392
6171492084_R02C01	0.998911
6171492084_R03C01	0.997065
6171492084_R04C01	0.996706
6171492084_R05C01	0.996658
6171492084_R06C01	0.997408
6171492084_R08C01	0.997304
6171492086_R02C01	0.998003
6171492086_R05C01	0.998456
6171492086_R06C01	0.996486
6171492086_R07C01	0.996893
6171492086_R08C01	0.997585
6171492090_R01C01	0.998309
6171492090_R02C01	0.996259
6171492090_R03C01	0.997217
6171492090_R05C01	0.99785
6171492090_R06C01	0.996965
6171492090_R07C01	0.997411
6171492090_R08C01	0.998125
6171492100_R01C01	0.996795
6171492100_R03C01	0.996517
6171492100_R04C01	0.987252
6171492100_R05C01	0.996801
6171492100_R08C01	0.997268
6172882004_R01C01	0.998157
6172882004_R02C01	0.997794
6172882004_R03C01	0.994326
6172882004_R06C01	0.990522
6172882004_R07C01	0.999396
6172882004_R08C01	0.998192
6172882009_R01C01	0.997357
6172882009_R02C01	0.99905
6172882009_R03C01	0.997565
6172882009_R04C01	0.99666
6172882009_R05C01	0.997305
6172882009_R06C01	0.997253
6172882009_R07C01	0.998815
6172882009_R08C01	0.99645
6172882050_R01C01	0.998403
6172882050_R02C01	0.997986
6172882050_R03C01	0.998022
6172882050_R04C01	0.994672
6172882050_R05C01	0.998288
6172882050_R06C01	0.997322
6172882050_R08C01	0.995827
6172882051_R01C01	0.997787
6172882051_R02C01	0.997322
6172882051_R04C01	0.997839
6172882051_R05C01	0.996637
6172882051_R06C01	0.998419
6172882051_R07C01	0.996868
6172882051_R08C01	0.998211
6186483013_R01C01	0.994951
6186483013_R02C01	0.998437
6186483013_R03C01	0.991608
6186483013_R04C01	0.997583
6186483013_R05C01	0.997431
6186483013_R06C01	0.997514
6186483013_R07C01	0.997598
6186483013_R08C01	0.997303
6186483032_R03C01	0.997013
6186483032_R04C01	0.996023
6186483032_R05C01	0.998613
6186483032_R06C01	0.998184
6186483032_R07C01	0.997805
6186483032_R08C01	0.992802
6186483043_R01C01	0.980533
6186483043_R04C01	0.988763
6186483043_R05C01	0.997877
6186483043_R06C01	0.997053
6186483043_R08C01	0.995942
6186483051_R01C01	0.99792
6186483051_R08C01	0.99711
6186483068_R01C01	0.992759
6186483068_R02C01	0.997271
6186483068_R03C01	0.997979
6186483090_R01C01	0.997924
6186483090_R02C01	0.998224
6186483090_R03C01	0.998171
6186483090_R04C01	0.997691
6186483090_R06C01	0.998222
6186483090_R07C01	0.998085
6186483090_R08C01	0.997518
6186483093_R02C01	0.984705
6186483093_R03C01	0.996776
6186483093_R05C01	0.997463
6186483093_R06C01	0.99751
6186483093_R08C01	0.997874
6186483099_R01C01	0.996408
6186483099_R03C01	0.997341
6186483099_R04C01	0.996755
6186483099_R05C01	0.995967
6186483099_R07C01	0.995697
6186483099_R08C01	0.99781
6186483101_R01C01	0.996221
6186483101_R02C01	0.995425
6186483101_R03C01	0.992911
6186483101_R04C01	0.997672
6186483101_R05C01	0.994149
6186483101_R06C01	0.989792
6186483101_R08C01	0.997791
6186483132_R01C01	0.984855
6247194011_R02C01	0.997156
6247194011_R03C01	0.997997
6247194011_R04C01	0.996916
6247194011_R05C01	0.994427
6247194011_R07C01	0.995222
6247194011_R08C01	0.995808
6247194028_R01C01	0.997101
6247194028_R02C01	0.993427
6247194028_R03C01	0.997228
6247194028_R04C01	0.996883
6247194028_R06C01	0.998636
6247194028_R07C01	0.997254
6247194028_R08C01	0.998109
6247194031_R01C01	0.996214
6247194031_R02C01	0.997927
6247194031_R03C01	0.997716
6247194031_R05C01	0.996696
6247194031_R06C01	0.998637
6247194031_R07C01	0.997942
6247194043_R02C01	0.997381
6247194043_R03C01	0.997861
6247194043_R04C01	0.997407
6247194043_R07C01	0.998866
6247194043_R08C01	0.997203
6247194064_R01C01	0.996358
6247194064_R03C01	0.99777
6247194064_R04C01	0.997665
6247194064_R05C01	0.997653
6247194064_R06C01	0.998985
6247194064_R07C01	0.997562
6247194064_R08C01	0.9985
6247194098_R01C01	0.997622
6247194098_R02C01	0.998479
6247194098_R03C01	0.997867
6247194098_R04C01	0.998991
6247194098_R05C01	0.997614
6247194098_R06C01	0.998406
6247194098_R07C01	0.996596
6247194098_R08C01	0.99893
6247194107_R03C01	0.994192
6247194107_R05C01	0.989692
6247194107_R07C01	0.997419
6247194115_R02C01	0.997571
6247194115_R04C01	0.992174
6247194115_R05C01	0.997828
6247194115_R06C01	0.997442
6247194115_R08C01	0.997566
6247194117_R02C01	0.996685
6247194117_R03C01	0.999178
6247194117_R04C01	0.995106
6247194117_R05C01	0.997685
6247194117_R07C01	0.99751
6247194117_R08C01	0.996877
6247194118_R05C01	0.998652
6247194118_R08C01	0.996259
6264533042_R07C01	0.998332
6264533048_R01C01	0.997216
6264533048_R03C01	0.997701
6264533048_R04C01	0.99782
6264533048_R05C01	0.995992
6264533048_R06C01	0.99866
6264533048_R07C01	0.99729
6264533048_R08C01	0.997947
6264533060_R03C01	0.996057
6264533060_R05C01	0.995798
6264533060_R06C01	0.995997
6264533060_R07C01	0.996769
6264533060_R08C01	0.997282
6264533086_R01C01	0.975906
6264533086_R03C01	0.997895
6264533086_R05C01	0.991682
6264550046_R02C01	0.997643
6264550046_R03C01	0.996297
6264550046_R04C01	0.997278
6264550046_R07C01	0.996507
