                      +-----------------------------+
                      |                             |
                      |   Eagle v2.4.1              |
                      |   November 18, 2018         |
                      |   Po-Ru Loh                 |
                      |                             |
                      +-----------------------------+

Copyright (C) 2015-2018 Harvard University.
Distributed under the GNU GPLv3+ open source license.

Command line options:

eagle \
    --vcfRef=/BIODATA/StudentsHome/kevine/GWAS/Git/GWAS/1000G/ALL.chr10.phase3_integrated.20130502.genotypes.bcf \
    --vcfTarget=qc-camgwas-updated.vcf.gz \
    --geneticMapFile=tables/genetic_map_hg19_withX.txt.gz \
    --outPrefix=chr10-phased_wref \
    --chrom=10 \
    --pbwtIters=10 \
    --numThreads=90 \
    --Kpbwt=50000 \
    --vcfOutFormat=z 

Setting number of threads to 90
[W::bcf_hdr_check_sanity] PL should be declared as Number=G

Reference samples: Nref = 2504
Target samples: Ntarget = 1185
SNPs to analyze: M = 83134 SNPs in both target and reference

SNPs ignored: 0 SNPs in target but not reference
              2252796 SNPs in reference but not target
              0 multi-allelic SNPs in target

Missing rate in target genotypes: 0.00465812

Filling in genetic map coordinates using reference file:
  tables/genetic_map_hg19_withX.txt.gz
Physical distance range: 135322348 base pairs
Genetic distance range:  182.465 cM
Average # SNPs per cM:   456
Number of <=(64-SNP, 1cM) segments: 1300
Average # SNPs per segment: 63

Time for reading input: 52.9804 sec

Fraction of heterozygous genotypes: 0.254003
Typical span of default 100-het history length: 0.86 cM
Setting --histFactor=1.16
Typical span of 115-het history length: 1.00 cM

BEGINNING PHASING

PHASING ITER 1 OF 10


Phasing target samples
................................................................................
Time for phasing iter 1: 1062

PHASING ITER 2 OF 10


Phasing target samples
................................................................................
Time for phasing iter 2: 1050.86

PHASING ITER 3 OF 10


Phasing target samples
................................................................................
Time for phasing iter 3: 978.753

PHASING ITER 4 OF 10


Phasing target samples
................................................................................
Time for phasing iter 4: 994.964

PHASING ITER 5 OF 10


Phasing target samples
................................................................................
Time for phasing iter 5: 1012.24

PHASING ITER 6 OF 10


Phasing target samples
................................................................................
Time for phasing iter 6: 997.26

PHASING ITER 7 OF 10


Phasing target samples
................................................................................
Time for phasing iter 7: 1005.37

PHASING ITER 8 OF 10


Phasing target samples
................................................................................
Time for phasing iter 8: 1013.63

PHASING ITER 9 OF 10


Phasing target samples
................................................................................
Time for phasing iter 9: 1001.93

PHASING ITER 10 OF 10


Phasing target samples
................................................................................
Time for phasing iter 10: 1260.65
Writing vcf.gz output to chr10-phased_wref.vcf.gz
Time for writing output: 12.2344
Total elapsed time for analysis = 10443.1 sec

Mean phase confidence of each target individual:
ID	PHASE_CONFIDENCE
6042341077_R01C01	0.997696
6042341077_R03C01	0.997493
6042341077_R04C01	0.996877
6042341077_R05C01	0.998273
6042341077_R06C01	0.998565
6042341077_R07C01	0.997058
6042341089_R01C01	0.998168
6042341089_R02C01	0.997396
6042341089_R03C01	0.99714
6042341089_R04C01	0.998209
6042341089_R05C01	0.997526
6042341089_R06C01	0.996837
6042341089_R07C01	0.997579
6042341089_R08C01	0.997862
6042341090_R01C01	0.997361
6042341090_R02C01	0.997319
6042341090_R03C01	0.997792
6042341090_R04C01	0.998288
6042341090_R05C01	0.997213
6042341090_R06C01	0.996824
6042341090_R07C01	0.996582
6042341090_R08C01	0.997369
6042341099_R01C01	0.998249
6042341099_R02C01	0.9978
6042341099_R03C01	0.997957
6042341099_R04C01	0.997986
6042341099_R05C01	0.997283
6042341099_R06C01	0.992132
6042341099_R07C01	0.996254
6042341099_R08C01	0.996424
6042341154_R06C01	0.997085
6042341154_R07C01	0.998432
6042341154_R08C01	0.997719
6042341162_R01C01	0.998475
6042341162_R02C01	0.99802
6042341162_R03C01	0.9974
6042341162_R04C01	0.997766
6042341162_R05C01	0.998078
6042341162_R06C01	0.998436
6042341162_R07C01	0.998583
6042341162_R08C01	0.998253
6042359084_R01C01	0.997432
6042359084_R02C01	0.998085
6042359084_R03C01	0.997672
6042359084_R04C01	0.996678
6042359084_R05C01	0.996526
6042359084_R06C01	0.997726
6042359084_R07C01	0.997811
6042359084_R08C01	0.99906
6042375002_R01C01	0.995304
6042375002_R02C01	0.998061
6042375002_R03C01	0.997941
6042375002_R04C01	0.997684
6042375002_R05C01	0.998409
6042375002_R06C01	0.998411
6042375002_R07C01	0.997912
6042375002_R08C01	0.997043
6042375003_R01C01	0.998699
6042375003_R02C01	0.997402
6042375003_R03C01	0.997944
6042375003_R04C01	0.996497
6042375003_R05C01	0.998609
6042375003_R06C01	0.998805
6042375003_R07C01	0.997685
6042375003_R08C01	0.998493
6042375012_R01C01	0.99763
6042375012_R02C01	0.998234
6042375012_R03C01	0.997287
6042375012_R04C01	0.99789
6042375012_R05C01	0.998194
6042375012_R06C01	0.997596
6042375013_R01C01	0.998369
6042375013_R02C01	0.997883
6042375013_R03C01	0.997174
6042375013_R04C01	0.997974
6042375013_R05C01	0.997453
6042375013_R06C01	0.997784
6042375013_R07C01	0.99865
6042375013_R08C01	0.997202
6042375014_R01C01	0.997891
6042375014_R02C01	0.997802
6042375014_R03C01	0.997036
6042375014_R04C01	0.99755
6042375014_R05C01	0.996962
6042375014_R06C01	0.998338
6042375014_R08C01	0.997165
6042375022_R01C01	0.997631
6042375022_R02C01	0.998818
6042375022_R03C01	0.997018
6042375022_R04C01	0.997953
6042375022_R05C01	0.998339
6042375022_R06C01	0.997747
6042375022_R07C01	0.996908
6042375023_R01C01	0.998462
6042375023_R02C01	0.998167
6042375023_R03C01	0.997002
6042375023_R04C01	0.998109
6042375023_R05C01	0.997878
6042375023_R06C01	0.996307
6042375023_R07C01	0.996942
6042375023_R08C01	0.997519
6042375024_R01C01	0.998459
6042375024_R02C01	0.997819
6042375024_R03C01	0.99716
6042375024_R04C01	0.997056
6042375024_R05C01	0.998846
6042375024_R06C01	0.99795
6042375024_R07C01	0.994944
6042375024_R08C01	0.997938
6042375025_R01C01	0.998188
6042375025_R02C01	0.998107
6042375025_R03C01	0.999115
6042375025_R04C01	0.997509
6042375025_R05C01	0.998163
6042375025_R06C01	0.998641
6042375025_R07C01	0.997886
6042375025_R08C01	0.998041
6042375029_R01C01	0.998209
6042375029_R02C01	0.997911
6042375029_R03C01	0.99833
6042375029_R04C01	0.997176
6042375029_R05C01	0.996072
6042375029_R06C01	0.998475
6042375029_R07C01	0.997009
6042375029_R08C01	0.997203
6042375043_R01C01	0.998801
6042375043_R02C01	0.997188
6042375043_R04C01	0.997573
6042375043_R05C01	0.997605
6042375043_R07C01	0.996202
6042375043_R08C01	0.998047
6042375044_R01C01	0.995869
6042375044_R02C01	0.999201
6042375044_R03C01	0.998048
6042375044_R05C01	0.995179
6042375044_R06C01	0.998048
6042375044_R07C01	0.996881
6042375044_R08C01	0.9951
6042375045_R02C01	0.996912
6042375045_R03C01	0.996167
6042375045_R04C01	0.991842
6042375045_R05C01	0.998123
6042375045_R06C01	0.996917
6042375045_R07C01	0.997708
6042375045_R08C01	0.998398
6042375053_R01C01	0.997462
6042375053_R02C01	0.99782
6042375053_R03C01	0.996758
6042375053_R04C01	0.998249
6042375053_R05C01	0.99775
6042375053_R06C01	0.997714
6042375053_R07C01	0.997093
6042375053_R08C01	0.996258
6042375080_R01C01	0.998062
6042375080_R02C01	0.998473
6042375080_R03C01	0.998116
6042375080_R04C01	0.997259
6042375080_R05C01	0.998314
6042375080_R06C01	0.998133
6042375080_R07C01	0.997907
6042375080_R08C01	0.9967
6042375085_R01C01	0.997547
6042375085_R02C01	0.998047
6042375085_R03C01	0.997155
6042375085_R04C01	0.998193
6042375085_R05C01	0.99739
6042375085_R06C01	0.998484
6042375085_R07C01	0.997755
6042375085_R08C01	0.997202
6042375100_R01C01	0.996824
6042375100_R02C01	0.998242
6042375100_R04C01	0.997613
6042375100_R05C01	0.997308
6042375100_R06C01	0.998108
6042375100_R07C01	0.998064
6042375100_R08C01	0.99773
6042375101_R01C01	0.996894
6042375101_R02C01	0.99606
6042375101_R03C01	0.997564
6042375101_R04C01	0.99771
6042375101_R05C01	0.996983
6042375101_R06C01	0.992841
6042375101_R07C01	0.997607
6042375101_R08C01	0.997919
6042375104_R01C01	0.997377
6042375104_R02C01	0.995766
6042375104_R03C01	0.997264
6042375104_R04C01	0.997579
6042375104_R06C01	0.997606
6042375104_R08C01	0.997923
6042375137_R01C01	0.996785
6042375137_R02C01	0.998864
6042375137_R03C01	0.997442
6042375137_R05C01	0.993365
6042375137_R06C01	0.998466
6042375137_R07C01	0.998623
6042375137_R08C01	0.998582
6042375138_R01C01	0.998159
6042375138_R02C01	0.997827
6042375138_R03C01	0.997053
6042375138_R04C01	0.997589
6042375138_R05C01	0.998518
6042375138_R06C01	0.991074
6042375138_R07C01	0.997839
6042375138_R08C01	0.997739
6042375146_R01C01	0.997661
6042375146_R02C01	0.997163
6042375146_R03C01	0.997383
6042375146_R04C01	0.997175
6042375146_R05C01	0.99816
6042375146_R06C01	0.997642
6042375146_R07C01	0.998535
6042375146_R08C01	0.998563
6130471012_R01C01	0.99805
6130471012_R02C01	0.998346
6130471012_R03C01	0.99617
6130471012_R04C01	0.999123
6130471012_R05C01	0.997719
6130471012_R06C01	0.997594
6130471012_R07C01	0.997929
6130471012_R08C01	0.998188
6130471070_R01C01	0.99801
6130471070_R02C01	0.991083
6130471070_R03C01	0.998186
6130471070_R04C01	0.997884
6130471070_R05C01	0.997082
6130471070_R06C01	0.997635
6130471070_R07C01	0.997361
6130471070_R08C01	0.997383
6130471071_R01C01	0.997333
6130471071_R02C01	0.995627
6130471071_R03C01	0.998105
6130471071_R05C01	0.996183
6130471071_R06C01	0.995174
6130471071_R07C01	0.996837
6130471110_R01C01	0.997713
6130471110_R02C01	0.996647
6130471110_R04C01	0.997435
6130471110_R05C01	0.992482
6130471110_R06C01	0.997749
6130471110_R07C01	0.997852
6130471110_R08C01	0.993422
6130471129_R01C01	0.99691
6130471129_R02C01	0.99794
6130471129_R03C01	0.99691
6130471129_R04C01	0.997665
6130471129_R05C01	0.995364
6130471129_R06C01	0.998247
6130471129_R07C01	0.995858
6130471129_R08C01	0.998129
6135563011_R01C01	0.997623
6135563011_R02C01	0.997478
6135563011_R03C01	0.998485
6135563011_R04C01	0.997947
6135563011_R06C01	0.9978
6135563011_R07C01	0.997611
6135563011_R08C01	0.996546
6135563012_R02C01	0.997533
6135563012_R04C01	0.994732
6135563012_R05C01	0.998214
6135563012_R06C01	0.99807
6135563012_R07C01	0.997964
6135563012_R08C01	0.993958
6135563014_R02C01	0.998535
6135563014_R03C01	0.998217
6135563014_R04C01	0.998084
6135563014_R05C01	0.997772
6135563014_R06C01	0.998241
6135563014_R07C01	0.998195
6135563014_R08C01	0.998045
6135563015_R02C01	0.99725
6135563015_R04C01	0.99681
6135563015_R05C01	0.997205
6135563015_R06C01	0.995687
6135563015_R07C01	0.997424
6135563015_R08C01	0.997028
6135563041_R01C01	0.998712
6135563041_R03C01	0.997363
6135563041_R04C01	0.998429
6135563041_R05C01	0.99791
6135563041_R06C01	0.998375
6135571025_R01C01	0.993016
6135571025_R03C01	0.996256
6135571025_R04C01	0.997164
6135571025_R07C01	0.997929
6135571025_R08C01	0.997801
6135580001_R01C01	0.998983
6135580001_R02C01	0.998521
6135580001_R03C01	0.998169
6135580001_R04C01	0.997957
6135580001_R05C01	0.997195
6135580001_R06C01	0.998395
6135580001_R07C01	0.998022
6135580001_R08C01	0.99761
6135580011_R01C01	0.997039
6135580011_R02C01	0.996168
6135580011_R03C01	0.996766
6135580011_R04C01	0.997674
6135580011_R05C01	0.998033
6135580011_R07C01	0.997727
6135580011_R08C01	0.997366
6135580017_R01C01	0.997801
6135580017_R02C01	0.999199
6135580017_R03C01	0.997483
6135580017_R04C01	0.997562
6135580017_R05C01	0.998277
6135580017_R06C01	0.997335
6135580017_R07C01	0.998403
6135580017_R08C01	0.997845
6135580027_R01C01	0.997184
6135580027_R02C01	0.996275
6135580027_R03C01	0.99819
6135580027_R04C01	0.998252
6135580027_R05C01	0.997945
6135580027_R06C01	0.998222
6135580027_R07C01	0.998408
6135580027_R08C01	0.998441
6135580057_R01C01	0.996537
6135580057_R02C01	0.996194
6135580057_R03C01	0.997629
6135580057_R04C01	0.997983
6135580057_R05C01	0.998377
6135580057_R06C01	0.997362
6135580057_R07C01	0.997563
6135580057_R08C01	0.998371
6135580073_R01C01	0.99822
6135580073_R03C01	0.996943
6135580073_R04C01	0.997092
6135580073_R05C01	0.998648
6135580073_R06C01	0.998163
6135580073_R07C01	0.998396
6135580073_R08C01	0.998208
6135580082_R01C01	0.998109
6135580082_R02C01	0.998447
6135580082_R03C01	0.996789
6135580082_R04C01	0.99765
6135580082_R06C01	0.996202
6135580082_R07C01	0.998203
6135580082_R08C01	0.997565
6135580098_R01C01	0.998115
6135580098_R02C01	0.999053
6135580098_R04C01	0.998754
6135580098_R05C01	0.998385
6135580098_R06C01	0.99837
6135580098_R07C01	0.997397
6135580098_R08C01	0.997799
6135580116_R02C01	0.993212
6135580116_R03C01	0.997351
6135580116_R05C01	0.99666
6135580116_R06C01	0.997371
6135580116_R08C01	0.997034
6135580117_R02C01	0.996169
6135580117_R03C01	0.996854
6135580117_R04C01	0.997973
6135580117_R05C01	0.997393
6135580117_R06C01	0.997748
6135580118_R01C01	0.996525
6135580118_R02C01	0.996009
6135580118_R04C01	0.996998
6135580118_R05C01	0.997807
6135580118_R06C01	0.997109
6135580118_R08C01	0.996476
6135580123_R02C01	0.997971
6135580123_R04C01	0.998013
6135580123_R05C01	0.996499
6135580123_R07C01	0.989614
6135580123_R08C01	0.995427
6135580144_R01C01	0.996909
6135580144_R08C01	0.996737
6135580145_R06C01	0.998433
6135580145_R08C01	0.991475
6135601008_R01C01	0.998134
6135601008_R02C01	0.991708
6135601008_R03C01	0.997209
6135601008_R04C01	0.996123
6135601008_R06C01	0.9989
6135601008_R07C01	0.998099
6135601008_R08C01	0.997545
6135601009_R01C01	0.997368
6135601009_R02C01	0.99688
6135601009_R03C01	0.998063
6135601009_R04C01	0.998434
6135601009_R05C01	0.997534
6135601009_R06C01	0.997807
6135601009_R07C01	0.99818
6135601009_R08C01	0.998267
6135601012_R04C01	0.997563
6135601012_R05C01	0.997984
6135601012_R06C01	0.997437
6135601012_R07C01	0.991624
6135601018_R03C01	0.997575
6135601018_R05C01	0.99764
6135601018_R07C01	0.989544
6135601018_R08C01	0.99485
6135601027_R03C01	0.997441
6135601027_R04C01	0.997488
6135601027_R05C01	0.997576
6135601027_R07C01	0.997796
6135601034_R01C01	0.99817
6135601034_R02C01	0.997343
6135601034_R03C01	0.996447
6135601034_R04C01	0.997815
6135601034_R06C01	0.99797
6135601045_R01C01	0.998524
6135601045_R02C01	0.998559
6135601045_R03C01	0.99608
6135601045_R04C01	0.997802
6135601045_R05C01	0.997966
6135601045_R07C01	0.997966
6135601045_R08C01	0.996569
6135601049_R01C01	0.997461
6135601049_R02C01	0.997592
6135601049_R03C01	0.997468
6135601049_R05C01	0.990846
6135601049_R06C01	0.998691
6135601049_R07C01	0.997966
6135601049_R08C01	0.997413
6135601060_R01C01	0.995486
6135601060_R03C01	0.996249
6135601060_R04C01	0.979881
6135601060_R05C01	0.995121
6135601060_R06C01	0.995009
6135601066_R01C01	0.997751
6135601066_R02C01	0.995259
6135601066_R03C01	0.997949
6135601066_R04C01	0.997988
6135601066_R05C01	0.996629
6135601066_R06C01	0.998746
6135601066_R07C01	0.997287
6135601066_R08C01	0.997476
6135601080_R01C01	0.997788
6135601080_R02C01	0.995296
6135601080_R03C01	0.998031
6135601080_R07C01	0.996797
6135601080_R08C01	0.998041
6135601081_R01C01	0.998367
6135601081_R02C01	0.997947
6135601081_R03C01	0.997442
6135601081_R04C01	0.99752
6135601081_R05C01	0.998369
6135601081_R07C01	0.997484
6135601081_R08C01	0.997794
6135601082_R02C01	0.997754
6135601082_R03C01	0.997588
6135601082_R04C01	0.997424
6135601082_R05C01	0.997511
6135601082_R06C01	0.996992
6135601082_R07C01	0.997996
6135601082_R08C01	0.997447
6135601086_R01C01	0.996376
6135601086_R03C01	0.997535
6135601086_R04C01	0.99803
6135601086_R05C01	0.995577
6135601086_R07C01	0.996871
6135601094_R05C01	0.996771
6135601094_R06C01	0.991251
6135601108_R01C01	0.997855
6135601108_R02C01	0.997525
6135601108_R03C01	0.998399
6135601108_R04C01	0.99697
6135601108_R05C01	0.997397
6135601108_R06C01	0.996955
6135601108_R07C01	0.997407
6135601108_R08C01	0.998171
6135601115_R02C01	0.997651
6135601115_R04C01	0.996889
6135601115_R06C01	0.997422
6135601115_R07C01	0.997602
6135601115_R08C01	0.998469
6135601116_R01C01	0.997024
6135601116_R02C01	0.998184
6135601116_R05C01	0.998163
6135601116_R07C01	0.998103
6135601116_R08C01	0.997942
6135601117_R01C01	0.996522
6135601117_R05C01	0.998369
6135601117_R06C01	0.996831
6135601117_R07C01	0.998277
6135601117_R08C01	0.998219
6135601120_R03C01	0.997627
6135601120_R04C01	0.998291
6135601120_R06C01	0.997819
6135601120_R07C01	0.99699
6135601120_R08C01	0.99863
6135601124_R01C01	0.998039
6135601124_R02C01	0.997981
6135601124_R03C01	0.997021
6135601124_R04C01	0.997568
6135601124_R05C01	0.997952
6135601124_R06C01	0.997287
6135601124_R07C01	0.99682
6135601124_R08C01	0.99745
6135601130_R01C01	0.99829
6135601130_R02C01	0.991847
6135601130_R03C01	0.997899
6135601130_R04C01	0.997006
6135601130_R05C01	0.99789
6135601130_R06C01	0.997964
6135601130_R07C01	0.99799
6135601130_R08C01	0.997419
6135601149_R01C01	0.996649
6135601149_R02C01	0.997729
6135601149_R06C01	0.994904
6135601149_R08C01	0.997524
6135601151_R01C01	0.996659
6135601151_R02C01	0.997348
6135601151_R03C01	0.998332
6135601151_R04C01	0.998417
6135601151_R05C01	0.997659
6135601151_R06C01	0.99729
6135601151_R07C01	0.997182
6135601151_R08C01	0.996878
6135601153_R03C01	0.99767
6135601153_R05C01	0.997386
6135601153_R06C01	0.992015
6135601153_R07C01	0.997199
6135601153_R08C01	0.998022
6135601156_R01C01	0.996846
6135601156_R02C01	0.997505
6135601156_R03C01	0.996479
6135601156_R04C01	0.997153
6135601156_R05C01	0.998388
6135601156_R06C01	0.998054
6135601156_R08C01	0.997802
6135601162_R01C01	0.993987
6135601162_R02C01	0.997126
6135601162_R04C01	0.997544
6135601162_R05C01	0.997194
6135601162_R06C01	0.997601
6135601162_R07C01	0.997715
6135601162_R08C01	0.997515
6135601167_R02C01	0.997899
6135601167_R03C01	0.997627
6135601167_R04C01	0.997617
6135601167_R05C01	0.995447
6135601167_R06C01	0.997241
6135601167_R07C01	0.996312
6147054060_R01C01	0.997606
6147054060_R02C01	0.997331
6147054060_R03C01	0.99781
6147054060_R04C01	0.998274
6147054060_R05C01	0.995447
6147054060_R07C01	0.997501
6147054060_R08C01	0.99792
6147054122_R01C01	0.996762
6147054122_R02C01	0.997953
6147054122_R03C01	0.995817
6147054122_R04C01	0.998599
6147054122_R05C01	0.997801
6147054122_R06C01	0.998103
6147054122_R07C01	0.998051
6147054122_R08C01	0.998772
6147054149_R01C01	0.996897
6147054149_R02C01	0.998892
6147054149_R07C01	0.99798
6147054149_R08C01	0.996995
6147054150_R01C01	0.997151
6147054150_R02C01	0.997798
6147054150_R03C01	0.998616
6147054150_R04C01	0.997339
6147054150_R05C01	0.998647
6147054150_R06C01	0.99882
6147054150_R07C01	0.996929
6147054150_R08C01	0.998336
6147062005_R03C01	0.997946
6147062005_R04C01	0.998593
6147062005_R06C01	0.997393
6147062005_R07C01	0.997988
6147062010_R01C01	0.997394
6147062010_R02C01	0.997909
6147062010_R03C01	0.997785
6147062010_R04C01	0.996969
6147062010_R05C01	0.998095
6147062010_R06C01	0.997748
6147062010_R07C01	0.998489
6147062010_R08C01	0.997985
6147062028_R03C01	0.99744
6147062037_R01C01	0.997668
6147062037_R02C01	0.994857
6147062037_R03C01	0.997827
6147062037_R04C01	0.997543
6147062037_R05C01	0.997194
6147062037_R06C01	0.997729
6147062037_R07C01	0.997778
6147062055_R01C01	0.997391
6147062055_R02C01	0.997246
6147062055_R04C01	0.996902
6147062055_R07C01	0.998187
6147062055_R08C01	0.99811
6147062102_R01C01	0.997855
6147062102_R02C01	0.997516
6147062102_R03C01	0.998672
6147062102_R04C01	0.998465
6147062102_R05C01	0.998143
6147062102_R06C01	0.998581
6147062133_R01C01	0.997515
6147062133_R02C01	0.998155
6147062133_R03C01	0.997468
6147062133_R05C01	0.997557
6147062133_R06C01	0.99775
6147062134_R01C01	0.996709
6147062134_R02C01	0.997866
6147062134_R03C01	0.998492
6147062134_R06C01	0.995482
6147062134_R07C01	0.997832
6147062134_R08C01	0.99785
6147062135_R01C01	0.998226
6147062135_R02C01	0.998211
6147062135_R04C01	0.997683
6147062135_R05C01	0.998125
6147062135_R06C01	0.995259
6147062135_R08C01	0.997202
6147062147_R01C01	0.992622
6147062147_R03C01	0.997436
6147062147_R04C01	0.998157
6147062147_R05C01	0.99763
6147062147_R06C01	0.997798
6147062147_R07C01	0.99458
6147062147_R08C01	0.997642
6147062162_R01C01	0.99893
6147062162_R03C01	0.997567
6147062162_R05C01	0.998483
6147062162_R06C01	0.997402
6147062162_R07C01	0.99897
6147062167_R02C01	0.998348
6147062167_R03C01	0.996537
6147062167_R04C01	0.996764
6147062167_R05C01	0.997406
6147062167_R06C01	0.996007
6147062167_R08C01	0.997007
6147071002_R01C01	0.997716
6147071002_R02C01	0.991704
6147071002_R03C01	0.997794
6147071002_R05C01	0.996236
6147071002_R06C01	0.997274
6147071002_R07C01	0.998472
6147071002_R08C01	0.998645
6147071043_R03C01	0.998582
6147071043_R05C01	0.99666
6147071043_R08C01	0.99805
6147071044_R01C01	0.998337
6147071044_R02C01	0.998063
6147071044_R03C01	0.997315
6147071044_R04C01	0.997539
6147071044_R06C01	0.996991
6147071044_R07C01	0.997691
6147071044_R08C01	0.996758
6147071047_R01C01	0.997642
6147071047_R02C01	0.996882
6147071047_R05C01	0.997097
6147071047_R06C01	0.998077
6147071047_R07C01	0.996995
6147071047_R08C01	0.995898
6147071059_R02C01	0.9969
6147071059_R03C01	0.997241
6147071059_R04C01	0.997199
6147071059_R07C01	0.998191
6147071059_R08C01	0.997417
6147071060_R02C01	0.998235
6147071060_R03C01	0.99744
6147071060_R04C01	0.996367
6147071060_R05C01	0.998472
6147071060_R06C01	0.99755
6147071060_R07C01	0.997165
6147071060_R08C01	0.994093
6147071101_R01C01	0.998689
6147071101_R02C01	0.996667
6147071101_R04C01	0.997642
6147071101_R05C01	0.998085
6147071101_R06C01	0.996884
6147071101_R07C01	0.998084
6147071101_R08C01	0.99597
6147071123_R01C01	0.997389
6147071123_R02C01	0.998235
6147071123_R03C01	0.996898
6147071123_R04C01	0.99735
6147071123_R05C01	0.997462
6147071123_R06C01	0.998618
6147071123_R07C01	0.998296
6147071123_R08C01	0.994676
6147071155_R01C01	0.997826
6147071155_R02C01	0.998182
6147071155_R03C01	0.99651
6147071155_R04C01	0.997547
6147071155_R06C01	0.997658
6147071155_R07C01	0.996411
6147071155_R08C01	0.997939
6147071157_R01C01	0.997876
6147071157_R02C01	0.998714
6147071157_R03C01	0.998086
6147071157_R04C01	0.998048
6147071157_R05C01	0.998096
6147071157_R06C01	0.998309
6147071157_R07C01	0.998162
6147071157_R08C01	0.997859
6160275010_R02C01	0.996477
6160275010_R03C01	0.997626
6160275010_R04C01	0.996133
6160275010_R05C01	0.997078
6160275010_R06C01	0.997971
6160275010_R07C01	0.997271
6160275010_R08C01	0.997934
6160275012_R02C01	0.997894
6160275012_R03C01	0.997264
6160275012_R04C01	0.99736
6160275012_R05C01	0.996335
6160275012_R06C01	0.996917
6160275012_R07C01	0.997818
6160275012_R08C01	0.998839
6160275019_R01C01	0.998088
6160275019_R02C01	0.997971
6160275019_R03C01	0.998699
6160275019_R04C01	0.997558
6160275019_R05C01	0.996713
6160275019_R06C01	0.997236
6160275019_R07C01	0.997076
6160275020_R01C01	0.997164
6160275020_R02C01	0.997721
6160275020_R03C01	0.998705
6160275020_R04C01	0.997701
6160275020_R05C01	0.99769
6160275020_R06C01	0.996786
6160275020_R07C01	0.997752
6160275020_R08C01	0.99834
6160275021_R01C01	0.997291
6160275021_R02C01	0.996285
6160275021_R03C01	0.998247
6160275021_R04C01	0.997084
6160275021_R05C01	0.996161
6160275021_R06C01	0.997926
6160275021_R07C01	0.998356
6160275021_R08C01	0.995534
6160275022_R01C01	0.998008
6160275022_R02C01	0.997927
6160275022_R03C01	0.998166
6160275022_R04C01	0.997266
6160275022_R05C01	0.997724
6160275022_R06C01	0.997692
6160275022_R07C01	0.998408
6160275022_R08C01	0.997861
6160275043_R01C01	0.997081
6160275043_R02C01	0.997916
6160275043_R03C01	0.997958
6160275043_R04C01	0.996447
6160275043_R05C01	0.997332
6160275043_R06C01	0.996831
6160275043_R08C01	0.993767
6160275044_R01C01	0.997313
6160275044_R02C01	0.998254
6160275044_R03C01	0.998246
6160275044_R04C01	0.997492
6160275044_R05C01	0.997557
6160275044_R06C01	0.998128
6160275044_R07C01	0.998137
6160275044_R08C01	0.997918
6160275046_R01C01	0.997765
6160275046_R02C01	0.998021
6160275046_R03C01	0.997186
6160275046_R05C01	0.99165
6160275046_R06C01	0.997762
6160275046_R07C01	0.997655
6160275058_R01C01	0.996145
6160275058_R02C01	0.998222
6160275058_R03C01	0.998209
6160275058_R04C01	0.998039
6160275058_R05C01	0.997828
6160275058_R06C01	0.99834
6160275058_R07C01	0.997722
6160275058_R08C01	0.998219
6160275059_R01C01	0.998286
6160275059_R02C01	0.997897
6160275059_R03C01	0.998195
6160275059_R04C01	0.997618
6160275059_R05C01	0.998179
6160275059_R06C01	0.998221
6160275059_R07C01	0.998203
6160275059_R08C01	0.997763
6160275060_R01C01	0.998035
6160275060_R02C01	0.997617
6160275060_R03C01	0.997611
6160275060_R04C01	0.998519
6160275060_R05C01	0.996746
6160275060_R06C01	0.997075
6160275060_R07C01	0.997775
6160275060_R08C01	0.998831
6160304032_R01C01	0.997692
6160304032_R02C01	0.995495
6160304032_R03C01	0.997597
6160304032_R04C01	0.99818
6160304032_R05C01	0.997709
6160304032_R07C01	0.997175
6160304032_R08C01	0.998417
6160304033_R01C01	0.998197
6160304033_R02C01	0.998287
6160304033_R03C01	0.997616
6160304033_R04C01	0.99801
6160304033_R05C01	0.99439
6160304033_R06C01	0.998067
6160304033_R07C01	0.997936
6160304033_R08C01	0.996534
6164663042_R01C01	0.992968
6164663042_R02C01	0.997459
6164663042_R03C01	0.997234
6164663042_R04C01	0.998176
6164663042_R05C01	0.997955
6164663042_R06C01	0.99594
6164663042_R07C01	0.997749
6164663042_R08C01	0.997005
6165295013_R01C01	0.99791
6165295013_R02C01	0.996789
6165295013_R03C01	0.998103
6165295013_R04C01	0.998487
6165295013_R06C01	0.996934
6165295019_R01C01	0.996434
6165295019_R02C01	0.997541
6165295019_R04C01	0.997456
6165295019_R05C01	0.997682
6165295019_R06C01	0.997804
6165295019_R07C01	0.997647
6165295019_R08C01	0.997841
6165295021_R01C01	0.98946
6165295021_R02C01	0.99731
6165295021_R03C01	0.997963
6165295021_R04C01	0.99771
6165295021_R05C01	0.997572
6165295021_R06C01	0.997731
6165295021_R07C01	0.998028
6165295021_R08C01	0.997554
6165295023_R01C01	0.993514
6165295023_R02C01	0.99264
6165295023_R03C01	0.997954
6165295023_R04C01	0.997628
6165295023_R05C01	0.991992
6165295023_R06C01	0.997309
6165295023_R07C01	0.997471
6165295023_R08C01	0.998021
6165295050_R01C01	0.9973
6165295050_R02C01	0.992582
6165295050_R03C01	0.996816
6165295050_R04C01	0.998113
6165295050_R05C01	0.998023
6165295050_R06C01	0.998447
6165295050_R07C01	0.99783
6165295050_R08C01	0.997957
6165295051_R01C01	0.99542
6165295051_R03C01	0.996004
6165295051_R04C01	0.997477
6165295051_R05C01	0.996945
6165295051_R07C01	0.994417
6165295051_R08C01	0.996318
6171492001_R02C01	0.991304
6171492001_R03C01	0.996845
6171492001_R05C01	0.997499
6171492001_R07C01	0.99773
6171492013_R02C01	0.998242
6171492013_R03C01	0.998212
6171492013_R04C01	0.998052
6171492013_R07C01	0.996938
6171492013_R08C01	0.997876
6171492015_R01C01	0.997722
6171492015_R02C01	0.9957
6171492015_R03C01	0.998485
6171492015_R04C01	0.997631
6171492015_R05C01	0.997619
6171492015_R06C01	0.9978
6171492015_R07C01	0.997258
6171492015_R08C01	0.998388
6171492016_R01C01	0.997112
6171492016_R02C01	0.997305
6171492016_R03C01	0.996383
6171492016_R04C01	0.99699
6171492016_R05C01	0.997999
6171492016_R06C01	0.996741
6171492016_R07C01	0.997973
6171492017_R02C01	0.997868
6171492017_R03C01	0.992816
6171492017_R04C01	0.998253
6171492017_R05C01	0.99745
6171492017_R06C01	0.998152
6171492017_R07C01	0.9972
6171492017_R08C01	0.996268
6171492025_R01C01	0.998509
6171492025_R02C01	0.998834
6171492025_R03C01	0.996553
6171492025_R04C01	0.993555
6171492025_R05C01	0.998016
6171492025_R06C01	0.997606
6171492025_R07C01	0.997271
6171492025_R08C01	0.997328
6171492029_R01C01	0.99788
6171492029_R02C01	0.99834
6171492029_R04C01	0.998256
6171492029_R05C01	0.998246
6171492029_R06C01	0.996885
6171492029_R08C01	0.997876
6171492039_R03C01	0.998036
6171492039_R04C01	0.996755
6171492039_R05C01	0.997796
6171492039_R06C01	0.986265
6171492039_R07C01	0.997164
6171492043_R02C01	0.998427
6171492043_R03C01	0.994416
6171492043_R04C01	0.996996
6171492043_R05C01	0.998265
6171492043_R06C01	0.99774
6171492043_R07C01	0.995616
6171492043_R08C01	0.998107
6171492045_R01C01	0.997843
6171492045_R02C01	0.996776
6171492045_R05C01	0.997977
6171492045_R08C01	0.997809
6171492048_R06C01	0.98586
6171492048_R08C01	0.9756
6171492049_R01C01	0.997767
6171492049_R02C01	0.998359
6171492049_R03C01	0.998035
6171492049_R04C01	0.991381
6171492049_R05C01	0.998079
6171492049_R06C01	0.9989
6171492049_R07C01	0.996869
6171492049_R08C01	0.997345
6171492050_R01C01	0.997851
6171492050_R02C01	0.997691
6171492050_R05C01	0.997586
6171492050_R06C01	0.99806
6171492050_R07C01	0.998267
6171492050_R08C01	0.996791
6171492053_R01C01	0.997706
6171492053_R02C01	0.998541
6171492053_R03C01	0.997954
6171492053_R04C01	0.997116
6171492053_R05C01	0.998629
6171492053_R06C01	0.996929
6171492053_R07C01	0.997977
6171492053_R08C01	0.998397
6171492055_R01C01	0.997597
6171492055_R02C01	0.996836
6171492055_R03C01	0.997946
6171492055_R04C01	0.998715
6171492055_R06C01	0.997869
6171492055_R07C01	0.99783
6171492055_R08C01	0.997504
6171492056_R01C01	0.99812
6171492056_R02C01	0.998339
6171492056_R03C01	0.998447
6171492056_R04C01	0.996907
6171492056_R05C01	0.997724
6171492056_R08C01	0.995549
6171492059_R01C01	0.997964
6171492059_R02C01	0.998188
6171492059_R04C01	0.998188
6171492059_R05C01	0.997675
6171492059_R06C01	0.998018
6171492059_R07C01	0.997458
6171492059_R08C01	0.997463
6171492060_R01C01	0.997765
6171492060_R02C01	0.997182
6171492060_R03C01	0.99457
6171492060_R04C01	0.997933
6171492060_R05C01	0.996372
6171492060_R08C01	0.991755
6171492068_R01C01	0.997788
6171492068_R02C01	0.997971
6171492068_R03C01	0.99808
6171492068_R04C01	0.996864
6171492068_R05C01	0.998507
6171492068_R06C01	0.997683
6171492068_R08C01	0.99811
6171492069_R02C01	0.996413
6171492069_R06C01	0.996183
6171492069_R07C01	0.997258
6171492069_R08C01	0.998008
6171492072_R03C01	0.997999
6171492072_R04C01	0.99735
6171492072_R05C01	0.998189
6171492072_R06C01	0.995822
6171492072_R08C01	0.997854
6171492074_R01C01	0.997774
6171492074_R02C01	0.996988
6171492074_R03C01	0.998064
6171492074_R04C01	0.997152
6171492074_R05C01	0.998181
6171492074_R07C01	0.996615
6171492074_R08C01	0.997285
6171492075_R01C01	0.997878
6171492075_R03C01	0.997135
6171492075_R05C01	0.997915
6171492075_R06C01	0.976484
6171492075_R08C01	0.997629
6171492077_R01C01	0.997553
6171492077_R02C01	0.9975
6171492077_R03C01	0.998164
6171492077_R07C01	0.997531
6171492077_R08C01	0.997531
6171492078_R01C01	0.998009
6171492078_R02C01	0.998201
6171492078_R03C01	0.998268
6171492078_R05C01	0.996584
6171492078_R06C01	0.997072
6171492078_R07C01	0.997375
6171492078_R08C01	0.998162
6171492079_R01C01	0.997616
6171492079_R03C01	0.997965
6171492079_R04C01	0.998305
6171492079_R05C01	0.997317
6171492079_R06C01	0.997263
6171492079_R07C01	0.998139
6171492079_R08C01	0.98375
6171492084_R01C01	0.997032
6171492084_R02C01	0.998057
6171492084_R03C01	0.999251
6171492084_R04C01	0.997927
6171492084_R05C01	0.996996
6171492084_R06C01	0.99784
6171492084_R08C01	0.997837
6171492086_R02C01	0.99775
6171492086_R05C01	0.997797
6171492086_R06C01	0.996499
6171492086_R07C01	0.998412
6171492086_R08C01	0.998291
6171492090_R01C01	0.997965
6171492090_R02C01	0.994173
6171492090_R03C01	0.997266
6171492090_R05C01	0.997293
6171492090_R06C01	0.997049
6171492090_R07C01	0.996857
6171492090_R08C01	0.998708
6171492100_R01C01	0.995986
6171492100_R03C01	0.996102
6171492100_R04C01	0.987184
6171492100_R05C01	0.996004
6171492100_R08C01	0.996475
6172882004_R01C01	0.998065
6172882004_R02C01	0.997424
6172882004_R03C01	0.992617
6172882004_R06C01	0.992679
6172882004_R07C01	0.997804
6172882004_R08C01	0.997774
6172882009_R01C01	0.997457
6172882009_R02C01	0.997681
6172882009_R03C01	0.9982
6172882009_R04C01	0.997774
6172882009_R05C01	0.997002
6172882009_R06C01	0.996971
6172882009_R07C01	0.997577
6172882009_R08C01	0.997017
6172882050_R01C01	0.998248
6172882050_R02C01	0.998085
6172882050_R03C01	0.99831
6172882050_R04C01	0.995824
6172882050_R05C01	0.99821
6172882050_R06C01	0.997787
6172882050_R08C01	0.995341
6172882051_R01C01	0.997911
6172882051_R02C01	0.997387
6172882051_R04C01	0.997413
6172882051_R05C01	0.996697
6172882051_R06C01	0.998565
6172882051_R07C01	0.997642
6172882051_R08C01	0.998071
6186483013_R01C01	0.99451
6186483013_R02C01	0.998005
6186483013_R03C01	0.992103
6186483013_R04C01	0.997927
6186483013_R05C01	0.996817
6186483013_R06C01	0.998428
6186483013_R07C01	0.997877
6186483013_R08C01	0.996384
6186483032_R03C01	0.997337
6186483032_R04C01	0.997574
6186483032_R05C01	0.99815
6186483032_R06C01	0.99817
6186483032_R07C01	0.996792
6186483032_R08C01	0.991601
6186483043_R01C01	0.979617
6186483043_R04C01	0.988921
6186483043_R05C01	0.998145
6186483043_R06C01	0.996733
6186483043_R08C01	0.997455
6186483051_R01C01	0.998655
6186483051_R08C01	0.997259
6186483068_R01C01	0.993581
6186483068_R02C01	0.998504
6186483068_R03C01	0.997297
6186483090_R01C01	0.998836
6186483090_R02C01	0.997175
6186483090_R03C01	0.99839
6186483090_R04C01	0.997714
6186483090_R06C01	0.998103
6186483090_R07C01	0.997039
6186483090_R08C01	0.997749
6186483093_R02C01	0.985496
6186483093_R03C01	0.996497
6186483093_R05C01	0.998651
6186483093_R06C01	0.998012
6186483093_R08C01	0.998018
6186483099_R01C01	0.996301
6186483099_R03C01	0.998177
6186483099_R04C01	0.998077
6186483099_R05C01	0.995912
6186483099_R07C01	0.998201
6186483099_R08C01	0.996233
6186483101_R01C01	0.996688
6186483101_R02C01	0.99674
6186483101_R03C01	0.995077
6186483101_R04C01	0.997729
6186483101_R05C01	0.993384
6186483101_R06C01	0.991578
6186483101_R08C01	0.997689
6186483132_R01C01	0.983693
6247194011_R02C01	0.997598
6247194011_R03C01	0.997632
6247194011_R04C01	0.997848
6247194011_R05C01	0.997623
6247194011_R07C01	0.994232
6247194011_R08C01	0.997857
6247194028_R01C01	0.996901
6247194028_R02C01	0.993418
6247194028_R03C01	0.998592
6247194028_R04C01	0.997403
6247194028_R06C01	0.997514
6247194028_R07C01	0.998112
6247194028_R08C01	0.998806
6247194031_R01C01	0.99608
6247194031_R02C01	0.998683
6247194031_R03C01	0.997688
6247194031_R05C01	0.997087
6247194031_R06C01	0.998556
6247194031_R07C01	0.9976
6247194043_R02C01	0.997461
6247194043_R03C01	0.998099
6247194043_R04C01	0.997977
6247194043_R07C01	0.997525
6247194043_R08C01	0.997768
6247194064_R01C01	0.99622
6247194064_R03C01	0.996747
6247194064_R04C01	0.998244
6247194064_R05C01	0.998069
6247194064_R06C01	0.997792
6247194064_R07C01	0.998274
6247194064_R08C01	0.998715
6247194098_R01C01	0.99801
6247194098_R02C01	0.997971
6247194098_R03C01	0.997632
6247194098_R04C01	0.999031
6247194098_R05C01	0.997558
6247194098_R06C01	0.9984
6247194098_R07C01	0.99852
6247194098_R08C01	0.999262
6247194107_R03C01	0.993187
6247194107_R05C01	0.990177
6247194107_R07C01	0.99764
6247194115_R02C01	0.997373
6247194115_R04C01	0.992564
6247194115_R05C01	0.9986
6247194115_R06C01	0.998116
6247194115_R08C01	0.997938
6247194117_R02C01	0.997892
6247194117_R03C01	0.998448
6247194117_R04C01	0.994175
6247194117_R05C01	0.997497
6247194117_R07C01	0.997724
6247194117_R08C01	0.997091
6247194118_R05C01	0.997955
6247194118_R08C01	0.995889
6264533042_R07C01	0.997821
6264533048_R01C01	0.997684
6264533048_R03C01	0.997281
6264533048_R04C01	0.997984
6264533048_R05C01	0.995549
6264533048_R06C01	0.998304
6264533048_R07C01	0.995904
6264533048_R08C01	0.998296
6264533060_R03C01	0.99685
6264533060_R05C01	0.996104
6264533060_R06C01	0.995918
6264533060_R07C01	0.99702
6264533060_R08C01	0.996847
6264533086_R01C01	0.97593
6264533086_R03C01	0.997769
6264533086_R05C01	0.992059
6264550046_R02C01	0.997943
6264550046_R03C01	0.99547
6264550046_R04C01	0.997388
6264550046_R07C01	0.996294
