                      +-----------------------------+
                      |                             |
                      |   Eagle v2.4.1              |
                      |   November 18, 2018         |
                      |   Po-Ru Loh                 |
                      |                             |
                      +-----------------------------+

Copyright (C) 2015-2018 Harvard University.
Distributed under the GNU GPLv3+ open source license.

Command line options:

eagle \
    --vcfRef=/BIODATA/StudentsHome/kevine/GWAS/Git/GWAS/1000G/ALL.chr18.phase3_integrated.20130502.genotypes.bcf \
    --vcfTarget=qc-camgwas-updated.vcf.gz \
    --geneticMapFile=tables/genetic_map_hg19_withX.txt.gz \
    --outPrefix=chr18-phased_wref \
    --chrom=18 \
    --pbwtIters=10 \
    --numThreads=90 \
    --Kpbwt=50000 \
    --vcfOutFormat=z 

Setting number of threads to 90
[W::bcf_hdr_check_sanity] PL should be declared as Number=G

Reference samples: Nref = 2504
Target samples: Ntarget = 1185
SNPs to analyze: M = 50450 SNPs in both target and reference

SNPs ignored: 0 SNPs in target but not reference
              1270360 SNPs in reference but not target
              0 multi-allelic SNPs in target

Missing rate in target genotypes: 0.0041463

Filling in genetic map coordinates using reference file:
  tables/genetic_map_hg19_withX.txt.gz
Physical distance range: 77929984 base pairs
Genetic distance range:  120.11 cM
Average # SNPs per cM:   420
Number of <=(64-SNP, 1cM) segments: 789
Average # SNPs per segment: 63

Time for reading input: 34.8547 sec

Fraction of heterozygous genotypes: 0.257316
Typical span of default 100-het history length: 0.93 cM
Setting --histFactor=1.08
Typical span of 108-het history length: 1.00 cM

BEGINNING PHASING

PHASING ITER 1 OF 10


Phasing target samples
................................................................................
Time for phasing iter 1: 707.019

PHASING ITER 2 OF 10


Phasing target samples
................................................................................
Time for phasing iter 2: 722.351

PHASING ITER 3 OF 10


Phasing target samples
................................................................................
Time for phasing iter 3: 686.298

PHASING ITER 4 OF 10


Phasing target samples
................................................................................
Time for phasing iter 4: 678.097

PHASING ITER 5 OF 10


Phasing target samples
................................................................................
Time for phasing iter 5: 671.588

PHASING ITER 6 OF 10


Phasing target samples
................................................................................
Time for phasing iter 6: 676.731

PHASING ITER 7 OF 10


Phasing target samples
................................................................................
Time for phasing iter 7: 673.63

PHASING ITER 8 OF 10


Phasing target samples
................................................................................
Time for phasing iter 8: 683.865

PHASING ITER 9 OF 10


Phasing target samples
................................................................................
Time for phasing iter 9: 675.08

PHASING ITER 10 OF 10


Phasing target samples
................................................................................
Time for phasing iter 10: 879.557
Writing vcf.gz output to chr18-phased_wref.vcf.gz
Time for writing output: 7.95255
Total elapsed time for analysis = 7097.16 sec

Mean phase confidence of each target individual:
ID	PHASE_CONFIDENCE
6042341077_R01C01	0.99811
6042341077_R03C01	0.997868
6042341077_R04C01	0.996691
6042341077_R05C01	0.997908
6042341077_R06C01	0.998119
6042341077_R07C01	0.996757
6042341089_R01C01	0.998129
6042341089_R02C01	0.998676
6042341089_R03C01	0.99744
6042341089_R04C01	0.997516
6042341089_R05C01	0.996477
6042341089_R06C01	0.995455
6042341089_R07C01	0.996987
6042341089_R08C01	0.996395
6042341090_R01C01	0.996435
6042341090_R02C01	0.996202
6042341090_R03C01	0.997719
6042341090_R04C01	0.997766
6042341090_R05C01	0.997097
6042341090_R06C01	0.997587
6042341090_R07C01	0.996915
6042341090_R08C01	0.997219
6042341099_R01C01	0.997564
6042341099_R02C01	0.997688
6042341099_R03C01	0.997028
6042341099_R04C01	0.996109
6042341099_R05C01	0.997366
6042341099_R06C01	0.993102
6042341099_R07C01	0.997031
6042341099_R08C01	0.995278
6042341154_R06C01	0.996478
6042341154_R07C01	0.997446
6042341154_R08C01	0.998007
6042341162_R01C01	0.997808
6042341162_R02C01	0.997986
6042341162_R03C01	0.997368
6042341162_R04C01	0.99799
6042341162_R05C01	0.998572
6042341162_R06C01	0.998404
6042341162_R07C01	0.998451
6042341162_R08C01	0.998162
6042359084_R01C01	0.997711
6042359084_R02C01	0.996837
6042359084_R03C01	0.997289
6042359084_R04C01	0.996765
6042359084_R05C01	0.996638
6042359084_R06C01	0.996719
6042359084_R07C01	0.997752
6042359084_R08C01	0.998507
6042375002_R01C01	0.994941
6042375002_R02C01	0.997705
6042375002_R03C01	0.998451
6042375002_R04C01	0.996803
6042375002_R05C01	0.998743
6042375002_R06C01	0.996693
6042375002_R07C01	0.997173
6042375002_R08C01	0.997504
6042375003_R01C01	0.998582
6042375003_R02C01	0.997629
6042375003_R03C01	0.997518
6042375003_R04C01	0.997166
6042375003_R05C01	0.998497
6042375003_R06C01	0.998182
6042375003_R07C01	0.998023
6042375003_R08C01	0.998235
6042375012_R01C01	0.998085
6042375012_R02C01	0.998722
6042375012_R03C01	0.996303
6042375012_R04C01	0.998265
6042375012_R05C01	0.9969
6042375012_R06C01	0.997488
6042375013_R01C01	0.997871
6042375013_R02C01	0.997455
6042375013_R03C01	0.996605
6042375013_R04C01	0.997332
6042375013_R05C01	0.997195
6042375013_R06C01	0.997932
6042375013_R07C01	0.997728
6042375013_R08C01	0.996932
6042375014_R01C01	0.998238
6042375014_R02C01	0.998523
6042375014_R03C01	0.99702
6042375014_R04C01	0.997531
6042375014_R05C01	0.996636
6042375014_R06C01	0.997384
6042375014_R08C01	0.996034
6042375022_R01C01	0.997288
6042375022_R02C01	0.998107
6042375022_R03C01	0.997847
6042375022_R04C01	0.997749
6042375022_R05C01	0.997217
6042375022_R06C01	0.998186
6042375022_R07C01	0.995324
6042375023_R01C01	0.997942
6042375023_R02C01	0.997205
6042375023_R03C01	0.998618
6042375023_R04C01	0.997887
6042375023_R05C01	0.997961
6042375023_R06C01	0.996395
6042375023_R07C01	0.997671
6042375023_R08C01	0.996137
6042375024_R01C01	0.997287
6042375024_R02C01	0.997342
6042375024_R03C01	0.996815
6042375024_R04C01	0.996866
6042375024_R05C01	0.998774
6042375024_R06C01	0.996949
6042375024_R07C01	0.995465
6042375024_R08C01	0.998135
6042375025_R01C01	0.997808
6042375025_R02C01	0.997941
6042375025_R03C01	0.998829
6042375025_R04C01	0.997165
6042375025_R05C01	0.997144
6042375025_R06C01	0.997561
6042375025_R07C01	0.998063
6042375025_R08C01	0.997768
6042375029_R01C01	0.997737
6042375029_R02C01	0.997032
6042375029_R03C01	0.997738
6042375029_R04C01	0.997004
6042375029_R05C01	0.996103
6042375029_R06C01	0.998369
6042375029_R07C01	0.99784
6042375029_R08C01	0.997363
6042375043_R01C01	0.998011
6042375043_R02C01	0.996749
6042375043_R04C01	0.998223
6042375043_R05C01	0.997381
6042375043_R07C01	0.996463
6042375043_R08C01	0.998516
6042375044_R01C01	0.995617
6042375044_R02C01	0.998502
6042375044_R03C01	0.997144
6042375044_R05C01	0.996157
6042375044_R06C01	0.997721
6042375044_R07C01	0.997894
6042375044_R08C01	0.994702
6042375045_R02C01	0.996107
6042375045_R03C01	0.99747
6042375045_R04C01	0.989901
6042375045_R05C01	0.996297
6042375045_R06C01	0.996749
6042375045_R07C01	0.997872
6042375045_R08C01	0.998253
6042375053_R01C01	0.997135
6042375053_R02C01	0.997608
6042375053_R03C01	0.996587
6042375053_R04C01	0.997441
6042375053_R05C01	0.998713
6042375053_R06C01	0.996358
6042375053_R07C01	0.99673
6042375053_R08C01	0.995685
6042375080_R01C01	0.998654
6042375080_R02C01	0.997972
6042375080_R03C01	0.998684
6042375080_R04C01	0.997944
6042375080_R05C01	0.998745
6042375080_R06C01	0.998044
6042375080_R07C01	0.997035
6042375080_R08C01	0.996262
6042375085_R01C01	0.997154
6042375085_R02C01	0.997776
6042375085_R03C01	0.995121
6042375085_R04C01	0.997209
6042375085_R05C01	0.996994
6042375085_R06C01	0.998116
6042375085_R07C01	0.999303
6042375085_R08C01	0.997313
6042375100_R01C01	0.995925
6042375100_R02C01	0.998032
6042375100_R04C01	0.999236
6042375100_R05C01	0.997927
6042375100_R06C01	0.99753
6042375100_R07C01	0.99771
6042375100_R08C01	0.998576
6042375101_R01C01	0.99704
6042375101_R02C01	0.997258
6042375101_R03C01	0.997808
6042375101_R04C01	0.997615
6042375101_R05C01	0.997005
6042375101_R06C01	0.990941
6042375101_R07C01	0.996735
6042375101_R08C01	0.997992
6042375104_R01C01	0.997419
6042375104_R02C01	0.996965
6042375104_R03C01	0.996954
6042375104_R04C01	0.996873
6042375104_R06C01	0.996475
6042375104_R08C01	0.996812
6042375137_R01C01	0.996502
6042375137_R02C01	0.998005
6042375137_R03C01	0.998068
6042375137_R05C01	0.995291
6042375137_R06C01	0.998721
6042375137_R07C01	0.998765
6042375137_R08C01	0.998314
6042375138_R01C01	0.997523
6042375138_R02C01	0.997946
6042375138_R03C01	0.997343
6042375138_R04C01	0.996592
6042375138_R05C01	0.998152
6042375138_R06C01	0.995032
6042375138_R07C01	0.997623
6042375138_R08C01	0.997671
6042375146_R01C01	0.998246
6042375146_R02C01	0.997704
6042375146_R03C01	0.997315
6042375146_R04C01	0.997665
6042375146_R05C01	0.997992
6042375146_R06C01	0.997761
6042375146_R07C01	0.997717
6042375146_R08C01	0.998162
6130471012_R01C01	0.998301
6130471012_R02C01	0.998625
6130471012_R03C01	0.996005
6130471012_R04C01	0.999046
6130471012_R05C01	0.997448
6130471012_R06C01	0.996491
6130471012_R07C01	0.998333
6130471012_R08C01	0.997673
6130471070_R01C01	0.998385
6130471070_R02C01	0.991069
6130471070_R03C01	0.997377
6130471070_R04C01	0.997331
6130471070_R05C01	0.99754
6130471070_R06C01	0.996522
6130471070_R07C01	0.997358
6130471070_R08C01	0.997047
6130471071_R01C01	0.995858
6130471071_R02C01	0.994832
6130471071_R03C01	0.997696
6130471071_R05C01	0.996466
6130471071_R06C01	0.995944
6130471071_R07C01	0.995009
6130471110_R01C01	0.998643
6130471110_R02C01	0.997146
6130471110_R04C01	0.996812
6130471110_R05C01	0.995236
6130471110_R06C01	0.997978
6130471110_R07C01	0.9976
6130471110_R08C01	0.994767
6130471129_R01C01	0.996419
6130471129_R02C01	0.997197
6130471129_R03C01	0.996986
6130471129_R04C01	0.9974
6130471129_R05C01	0.995685
6130471129_R06C01	0.997816
6130471129_R07C01	0.994429
6130471129_R08C01	0.997811
6135563011_R01C01	0.996569
6135563011_R02C01	0.997724
6135563011_R03C01	0.997589
6135563011_R04C01	0.998149
6135563011_R06C01	0.998232
6135563011_R07C01	0.997502
6135563011_R08C01	0.996632
6135563012_R02C01	0.997292
6135563012_R04C01	0.993895
6135563012_R05C01	0.996268
6135563012_R06C01	0.997608
6135563012_R07C01	0.997744
6135563012_R08C01	0.991346
6135563014_R02C01	0.998124
6135563014_R03C01	0.997881
6135563014_R04C01	0.99777
6135563014_R05C01	0.997479
6135563014_R06C01	0.998421
6135563014_R07C01	0.997507
6135563014_R08C01	0.998755
6135563015_R02C01	0.99599
6135563015_R04C01	0.996052
6135563015_R05C01	0.997536
6135563015_R06C01	0.996684
6135563015_R07C01	0.99734
6135563015_R08C01	0.997368
6135563041_R01C01	0.998432
6135563041_R03C01	0.998435
6135563041_R04C01	0.998494
6135563041_R05C01	0.998206
6135563041_R06C01	0.998012
6135571025_R01C01	0.993243
6135571025_R03C01	0.995675
6135571025_R04C01	0.997885
6135571025_R07C01	0.997805
6135571025_R08C01	0.998581
6135580001_R01C01	0.998242
6135580001_R02C01	0.998361
6135580001_R03C01	0.998329
6135580001_R04C01	0.996488
6135580001_R05C01	0.997058
6135580001_R06C01	0.998239
6135580001_R07C01	0.997881
6135580001_R08C01	0.997472
6135580011_R01C01	0.996695
6135580011_R02C01	0.996076
6135580011_R03C01	0.997916
6135580011_R04C01	0.997722
6135580011_R05C01	0.998557
6135580011_R07C01	0.997408
6135580011_R08C01	0.997746
6135580017_R01C01	0.99864
6135580017_R02C01	0.997939
6135580017_R03C01	0.996882
6135580017_R04C01	0.997804
6135580017_R05C01	0.998385
6135580017_R06C01	0.997442
6135580017_R07C01	0.998088
6135580017_R08C01	0.998039
6135580027_R01C01	0.997964
6135580027_R02C01	0.996107
6135580027_R03C01	0.998351
6135580027_R04C01	0.998697
6135580027_R05C01	0.998365
6135580027_R06C01	0.998682
6135580027_R07C01	0.998191
6135580027_R08C01	0.99857
6135580057_R01C01	0.996986
6135580057_R02C01	0.997927
6135580057_R03C01	0.998085
6135580057_R04C01	0.998268
6135580057_R05C01	0.998322
6135580057_R06C01	0.996498
6135580057_R07C01	0.998019
6135580057_R08C01	0.998006
6135580073_R01C01	0.997949
6135580073_R03C01	0.997394
6135580073_R04C01	0.996945
6135580073_R05C01	0.995164
6135580073_R06C01	0.997985
6135580073_R07C01	0.997472
6135580073_R08C01	0.997298
6135580082_R01C01	0.998177
6135580082_R02C01	0.99681
6135580082_R03C01	0.997012
6135580082_R04C01	0.998451
6135580082_R06C01	0.996413
6135580082_R07C01	0.998218
6135580082_R08C01	0.998367
6135580098_R01C01	0.997514
6135580098_R02C01	0.99807
6135580098_R04C01	0.997932
6135580098_R05C01	0.997879
6135580098_R06C01	0.996531
6135580098_R07C01	0.997683
6135580098_R08C01	0.999156
6135580116_R02C01	0.993582
6135580116_R03C01	0.997173
6135580116_R05C01	0.997151
6135580116_R06C01	0.997435
6135580116_R08C01	0.99714
6135580117_R02C01	0.995785
6135580117_R03C01	0.997076
6135580117_R04C01	0.998391
6135580117_R05C01	0.997583
6135580117_R06C01	0.99772
6135580118_R01C01	0.996758
6135580118_R02C01	0.995526
6135580118_R04C01	0.996033
6135580118_R05C01	0.998605
6135580118_R06C01	0.996687
6135580118_R08C01	0.996727
6135580123_R02C01	0.996709
6135580123_R04C01	0.99782
6135580123_R05C01	0.997276
6135580123_R07C01	0.994147
6135580123_R08C01	0.993831
6135580144_R01C01	0.99783
6135580144_R08C01	0.996563
6135580145_R06C01	0.999229
6135580145_R08C01	0.991521
6135601008_R01C01	0.996993
6135601008_R02C01	0.990958
6135601008_R03C01	0.997392
6135601008_R04C01	0.997264
6135601008_R06C01	0.998489
6135601008_R07C01	0.997989
6135601008_R08C01	0.997938
6135601009_R01C01	0.998782
6135601009_R02C01	0.996706
6135601009_R03C01	0.998632
6135601009_R04C01	0.998626
6135601009_R05C01	0.996858
6135601009_R06C01	0.997825
6135601009_R07C01	0.998196
6135601009_R08C01	0.998228
6135601012_R04C01	0.997345
6135601012_R05C01	0.999372
6135601012_R06C01	0.996859
6135601012_R07C01	0.990899
6135601018_R03C01	0.99705
6135601018_R05C01	0.997977
6135601018_R07C01	0.987326
6135601018_R08C01	0.99551
6135601027_R03C01	0.99751
6135601027_R04C01	0.995843
6135601027_R05C01	0.997284
6135601027_R07C01	0.996933
6135601034_R01C01	0.999412
6135601034_R02C01	0.997651
6135601034_R03C01	0.996877
6135601034_R04C01	0.99813
6135601034_R06C01	0.99717
6135601045_R01C01	0.998789
6135601045_R02C01	0.998211
6135601045_R03C01	0.995701
6135601045_R04C01	0.997917
6135601045_R05C01	0.998253
6135601045_R07C01	0.997893
6135601045_R08C01	0.996204
6135601049_R01C01	0.998576
6135601049_R02C01	0.996878
6135601049_R03C01	0.996865
6135601049_R05C01	0.992161
6135601049_R06C01	0.99852
6135601049_R07C01	0.998051
6135601049_R08C01	0.997806
6135601060_R01C01	0.994983
6135601060_R03C01	0.996166
6135601060_R04C01	0.983155
6135601060_R05C01	0.995322
6135601060_R06C01	0.996413
6135601066_R01C01	0.99857
6135601066_R02C01	0.994256
6135601066_R03C01	0.997836
6135601066_R04C01	0.997476
6135601066_R05C01	0.995164
6135601066_R06C01	0.997781
6135601066_R07C01	0.997698
6135601066_R08C01	0.996966
6135601080_R01C01	0.99738
6135601080_R02C01	0.993808
6135601080_R03C01	0.997079
6135601080_R07C01	0.997585
6135601080_R08C01	0.998692
6135601081_R01C01	0.998121
6135601081_R02C01	0.998157
6135601081_R03C01	0.997441
6135601081_R04C01	0.996949
6135601081_R05C01	0.998249
6135601081_R07C01	0.997041
6135601081_R08C01	0.997286
6135601082_R02C01	0.997863
6135601082_R03C01	0.998355
6135601082_R04C01	0.99723
6135601082_R05C01	0.997376
6135601082_R06C01	0.996876
6135601082_R07C01	0.998125
6135601082_R08C01	0.998158
6135601086_R01C01	0.995599
6135601086_R03C01	0.997077
6135601086_R04C01	0.997436
6135601086_R05C01	0.994239
6135601086_R07C01	0.997556
6135601094_R05C01	0.997038
6135601094_R06C01	0.992404
6135601108_R01C01	0.99526
6135601108_R02C01	0.997754
6135601108_R03C01	0.998056
6135601108_R04C01	0.997903
6135601108_R05C01	0.997908
6135601108_R06C01	0.99739
6135601108_R07C01	0.996478
6135601108_R08C01	0.996564
6135601115_R02C01	0.997256
6135601115_R04C01	0.996547
6135601115_R06C01	0.996154
6135601115_R07C01	0.99814
6135601115_R08C01	0.997641
6135601116_R01C01	0.997006
6135601116_R02C01	0.998001
6135601116_R05C01	0.997807
6135601116_R07C01	0.996807
6135601116_R08C01	0.998474
6135601117_R01C01	0.996745
6135601117_R05C01	0.997795
6135601117_R06C01	0.995856
6135601117_R07C01	0.998117
6135601117_R08C01	0.997508
6135601120_R03C01	0.997401
6135601120_R04C01	0.997215
6135601120_R06C01	0.997755
6135601120_R07C01	0.996908
6135601120_R08C01	0.997497
6135601124_R01C01	0.998316
6135601124_R02C01	0.997079
6135601124_R03C01	0.997282
6135601124_R04C01	0.99881
6135601124_R05C01	0.99767
6135601124_R06C01	0.995917
6135601124_R07C01	0.996235
6135601124_R08C01	0.996943
6135601130_R01C01	0.998067
6135601130_R02C01	0.991126
6135601130_R03C01	0.998687
6135601130_R04C01	0.997748
6135601130_R05C01	0.997923
6135601130_R06C01	0.998107
6135601130_R07C01	0.99753
6135601130_R08C01	0.997702
6135601149_R01C01	0.995931
6135601149_R02C01	0.998061
6135601149_R06C01	0.993992
6135601149_R08C01	0.996919
6135601151_R01C01	0.995326
6135601151_R02C01	0.996253
6135601151_R03C01	0.998165
6135601151_R04C01	0.997477
6135601151_R05C01	0.998041
6135601151_R06C01	0.997221
6135601151_R07C01	0.997947
6135601151_R08C01	0.998012
6135601153_R03C01	0.996301
6135601153_R05C01	0.99732
6135601153_R06C01	0.990746
6135601153_R07C01	0.998013
6135601153_R08C01	0.998761
6135601156_R01C01	0.997435
6135601156_R02C01	0.998042
6135601156_R03C01	0.996334
6135601156_R04C01	0.997622
6135601156_R05C01	0.998343
6135601156_R06C01	0.997994
6135601156_R08C01	0.998741
6135601162_R01C01	0.992416
6135601162_R02C01	0.995877
6135601162_R04C01	0.997929
6135601162_R05C01	0.996283
6135601162_R06C01	0.996213
6135601162_R07C01	0.998215
6135601162_R08C01	0.996736
6135601167_R02C01	0.997626
6135601167_R03C01	0.996699
6135601167_R04C01	0.997155
6135601167_R05C01	0.994294
6135601167_R06C01	0.997449
6135601167_R07C01	0.996071
6147054060_R01C01	0.997144
6147054060_R02C01	0.998239
6147054060_R03C01	0.997838
6147054060_R04C01	0.997705
6147054060_R05C01	0.995674
6147054060_R07C01	0.996745
6147054060_R08C01	0.998788
6147054122_R01C01	0.99683
6147054122_R02C01	0.996522
6147054122_R03C01	0.996147
6147054122_R04C01	0.997886
6147054122_R05C01	0.997808
6147054122_R06C01	0.99712
6147054122_R07C01	0.997421
6147054122_R08C01	0.997648
6147054149_R01C01	0.997246
6147054149_R02C01	0.997572
6147054149_R07C01	0.997837
6147054149_R08C01	0.997657
6147054150_R01C01	0.998581
6147054150_R02C01	0.997158
6147054150_R03C01	0.998365
6147054150_R04C01	0.997757
6147054150_R05C01	0.997612
6147054150_R06C01	0.998266
6147054150_R07C01	0.995848
6147054150_R08C01	0.99773
6147062005_R03C01	0.997723
6147062005_R04C01	0.998544
6147062005_R06C01	0.99673
6147062005_R07C01	0.99813
6147062010_R01C01	0.997132
6147062010_R02C01	0.998897
6147062010_R03C01	0.998081
6147062010_R04C01	0.997042
6147062010_R05C01	0.999274
6147062010_R06C01	0.997423
6147062010_R07C01	0.997204
6147062010_R08C01	0.997941
6147062028_R03C01	0.996903
6147062037_R01C01	0.997235
6147062037_R02C01	0.993237
6147062037_R03C01	0.998414
6147062037_R04C01	0.997923
6147062037_R05C01	0.997044
6147062037_R06C01	0.997428
6147062037_R07C01	0.997127
6147062055_R01C01	0.997159
6147062055_R02C01	0.996894
6147062055_R04C01	0.996107
6147062055_R07C01	0.998344
6147062055_R08C01	0.998267
6147062102_R01C01	0.997481
6147062102_R02C01	0.997425
6147062102_R03C01	0.99805
6147062102_R04C01	0.997341
6147062102_R05C01	0.998038
6147062102_R06C01	0.998231
6147062133_R01C01	0.996478
6147062133_R02C01	0.998379
6147062133_R03C01	0.997202
6147062133_R05C01	0.997683
6147062133_R06C01	0.997121
6147062134_R01C01	0.997526
6147062134_R02C01	0.99791
6147062134_R03C01	0.998892
6147062134_R06C01	0.996918
6147062134_R07C01	0.997059
6147062134_R08C01	0.998367
6147062135_R01C01	0.997857
6147062135_R02C01	0.998198
6147062135_R04C01	0.997451
6147062135_R05C01	0.997397
6147062135_R06C01	0.994874
6147062135_R08C01	0.997939
6147062147_R01C01	0.993448
6147062147_R03C01	0.99764
6147062147_R04C01	0.997828
6147062147_R05C01	0.998368
6147062147_R06C01	0.997647
6147062147_R07C01	0.995455
6147062147_R08C01	0.997494
6147062162_R01C01	0.998339
6147062162_R03C01	0.997657
6147062162_R05C01	0.997868
6147062162_R06C01	0.997194
6147062162_R07C01	0.997185
6147062167_R02C01	0.998262
6147062167_R03C01	0.996277
6147062167_R04C01	0.997446
6147062167_R05C01	0.996167
6147062167_R06C01	0.994995
6147062167_R08C01	0.99722
6147071002_R01C01	0.997532
6147071002_R02C01	0.992187
6147071002_R03C01	0.996629
6147071002_R05C01	0.995851
6147071002_R06C01	0.99685
6147071002_R07C01	0.997954
6147071002_R08C01	0.997596
6147071043_R03C01	0.997615
6147071043_R05C01	0.996329
6147071043_R08C01	0.998122
6147071044_R01C01	0.997502
6147071044_R02C01	0.997633
6147071044_R03C01	0.997647
6147071044_R04C01	0.997198
6147071044_R06C01	0.996214
6147071044_R07C01	0.996658
6147071044_R08C01	0.996392
6147071047_R01C01	0.997908
6147071047_R02C01	0.997297
6147071047_R05C01	0.997236
6147071047_R06C01	0.997635
6147071047_R07C01	0.996623
6147071047_R08C01	0.995576
6147071059_R02C01	0.996816
6147071059_R03C01	0.996921
6147071059_R04C01	0.99772
6147071059_R07C01	0.998497
6147071059_R08C01	0.996836
6147071060_R02C01	0.998036
6147071060_R03C01	0.997892
6147071060_R04C01	0.995349
6147071060_R05C01	0.997082
6147071060_R06C01	0.997637
6147071060_R07C01	0.996939
6147071060_R08C01	0.993882
6147071101_R01C01	0.998122
6147071101_R02C01	0.996445
6147071101_R04C01	0.996848
6147071101_R05C01	0.997561
6147071101_R06C01	0.997164
6147071101_R07C01	0.997471
6147071101_R08C01	0.995639
6147071123_R01C01	0.996872
6147071123_R02C01	0.998171
6147071123_R03C01	0.997339
6147071123_R04C01	0.997924
6147071123_R05C01	0.997877
6147071123_R06C01	0.997901
6147071123_R07C01	0.997847
6147071123_R08C01	0.995377
6147071155_R01C01	0.997122
6147071155_R02C01	0.998348
6147071155_R03C01	0.996175
6147071155_R04C01	0.99669
6147071155_R06C01	0.997996
6147071155_R07C01	0.996591
6147071155_R08C01	0.997294
6147071157_R01C01	0.997688
6147071157_R02C01	0.998239
6147071157_R03C01	0.998346
6147071157_R04C01	0.997164
6147071157_R05C01	0.998264
6147071157_R06C01	0.997675
6147071157_R07C01	0.998489
6147071157_R08C01	0.997688
6160275010_R02C01	0.997368
6160275010_R03C01	0.997772
6160275010_R04C01	0.99618
6160275010_R05C01	0.998165
6160275010_R06C01	0.998268
6160275010_R07C01	0.998527
6160275010_R08C01	0.997137
6160275012_R02C01	0.997661
6160275012_R03C01	0.997167
6160275012_R04C01	0.996547
6160275012_R05C01	0.996361
6160275012_R06C01	0.997709
6160275012_R07C01	0.997853
6160275012_R08C01	0.998684
6160275019_R01C01	0.998032
6160275019_R02C01	0.997022
6160275019_R03C01	0.998204
6160275019_R04C01	0.997913
6160275019_R05C01	0.996615
6160275019_R06C01	0.997299
6160275019_R07C01	0.996909
6160275020_R01C01	0.997345
6160275020_R02C01	0.997694
6160275020_R03C01	0.998056
6160275020_R04C01	0.997938
6160275020_R05C01	0.997746
6160275020_R06C01	0.995872
6160275020_R07C01	0.997577
6160275020_R08C01	0.99867
6160275021_R01C01	0.996871
6160275021_R02C01	0.995182
6160275021_R03C01	0.998106
6160275021_R04C01	0.996755
6160275021_R05C01	0.996007
6160275021_R06C01	0.997841
6160275021_R07C01	0.996524
6160275021_R08C01	0.997846
6160275022_R01C01	0.997596
6160275022_R02C01	0.997124
6160275022_R03C01	0.996335
6160275022_R04C01	0.996801
6160275022_R05C01	0.997672
6160275022_R06C01	0.997806
6160275022_R07C01	0.99771
6160275022_R08C01	0.997905
6160275043_R01C01	0.996789
6160275043_R02C01	0.995837
6160275043_R03C01	0.997771
6160275043_R04C01	0.996808
6160275043_R05C01	0.997245
6160275043_R06C01	0.998236
6160275043_R08C01	0.994527
6160275044_R01C01	0.99641
6160275044_R02C01	0.997325
6160275044_R03C01	0.998031
6160275044_R04C01	0.997249
6160275044_R05C01	0.997597
6160275044_R06C01	0.998021
6160275044_R07C01	0.998242
6160275044_R08C01	0.997108
6160275046_R01C01	0.997001
6160275046_R02C01	0.9974
6160275046_R03C01	0.996405
6160275046_R05C01	0.993153
6160275046_R06C01	0.996516
6160275046_R07C01	0.998072
6160275058_R01C01	0.995663
6160275058_R02C01	0.998358
6160275058_R03C01	0.997883
6160275058_R04C01	0.996881
6160275058_R05C01	0.99728
6160275058_R06C01	0.996755
6160275058_R07C01	0.997542
6160275058_R08C01	0.99827
6160275059_R01C01	0.997969
6160275059_R02C01	0.998316
6160275059_R03C01	0.997744
6160275059_R04C01	0.998375
6160275059_R05C01	0.998329
6160275059_R06C01	0.998012
6160275059_R07C01	0.9982
6160275059_R08C01	0.997498
6160275060_R01C01	0.998008
6160275060_R02C01	0.997181
6160275060_R03C01	0.996038
6160275060_R04C01	0.998734
6160275060_R05C01	0.996526
6160275060_R06C01	0.998464
6160275060_R07C01	0.997401
6160275060_R08C01	0.999018
6160304032_R01C01	0.998307
6160304032_R02C01	0.995123
6160304032_R03C01	0.997702
6160304032_R04C01	0.997021
6160304032_R05C01	0.997893
6160304032_R07C01	0.997945
6160304032_R08C01	0.99768
6160304033_R01C01	0.998228
6160304033_R02C01	0.998067
6160304033_R03C01	0.997761
6160304033_R04C01	0.998216
6160304033_R05C01	0.994696
6160304033_R06C01	0.99815
6160304033_R07C01	0.997653
6160304033_R08C01	0.997337
6164663042_R01C01	0.992153
6164663042_R02C01	0.998083
6164663042_R03C01	0.997025
6164663042_R04C01	0.998077
6164663042_R05C01	0.998459
6164663042_R06C01	0.995759
6164663042_R07C01	0.998177
6164663042_R08C01	0.997537
6165295013_R01C01	0.997996
6165295013_R02C01	0.996637
6165295013_R03C01	0.99765
6165295013_R04C01	0.998651
6165295013_R06C01	0.996887
6165295019_R01C01	0.995219
6165295019_R02C01	0.997512
6165295019_R04C01	0.997478
6165295019_R05C01	0.997929
6165295019_R06C01	0.997766
6165295019_R07C01	0.997063
6165295019_R08C01	0.997944
6165295021_R01C01	0.989526
6165295021_R02C01	0.998101
6165295021_R03C01	0.997323
6165295021_R04C01	0.99743
6165295021_R05C01	0.996853
6165295021_R06C01	0.997593
6165295021_R07C01	0.998005
6165295021_R08C01	0.996935
6165295023_R01C01	0.993727
6165295023_R02C01	0.99508
6165295023_R03C01	0.997716
6165295023_R04C01	0.997229
6165295023_R05C01	0.991378
6165295023_R06C01	0.99746
6165295023_R07C01	0.997798
6165295023_R08C01	0.998438
6165295050_R01C01	0.998015
6165295050_R02C01	0.991977
6165295050_R03C01	0.995703
6165295050_R04C01	0.998483
6165295050_R05C01	0.998439
6165295050_R06C01	0.998256
6165295050_R07C01	0.997137
6165295050_R08C01	0.997289
6165295051_R01C01	0.994681
6165295051_R03C01	0.994996
6165295051_R04C01	0.997593
6165295051_R05C01	0.997111
6165295051_R07C01	0.994694
6165295051_R08C01	0.997035
6171492001_R02C01	0.988443
6171492001_R03C01	0.996533
6171492001_R05C01	0.997151
6171492001_R07C01	0.997147
6171492013_R02C01	0.996444
6171492013_R03C01	0.997259
6171492013_R04C01	0.998681
6171492013_R07C01	0.996441
6171492013_R08C01	0.99805
6171492015_R01C01	0.997512
6171492015_R02C01	0.995067
6171492015_R03C01	0.998136
6171492015_R04C01	0.997009
6171492015_R05C01	0.996947
6171492015_R06C01	0.997375
6171492015_R07C01	0.997565
6171492015_R08C01	0.996537
6171492016_R01C01	0.996617
6171492016_R02C01	0.997508
6171492016_R03C01	0.996867
6171492016_R04C01	0.995955
6171492016_R05C01	0.99709
6171492016_R06C01	0.996728
6171492016_R07C01	0.997477
6171492017_R02C01	0.99755
6171492017_R03C01	0.990739
6171492017_R04C01	0.998403
6171492017_R05C01	0.996578
6171492017_R06C01	0.996565
6171492017_R07C01	0.99736
6171492017_R08C01	0.99589
6171492025_R01C01	0.997756
6171492025_R02C01	0.998563
6171492025_R03C01	0.996455
6171492025_R04C01	0.991781
6171492025_R05C01	0.997825
6171492025_R06C01	0.997243
6171492025_R07C01	0.997324
6171492025_R08C01	0.997582
6171492029_R01C01	0.997572
6171492029_R02C01	0.996659
6171492029_R04C01	0.998209
6171492029_R05C01	0.997993
6171492029_R06C01	0.997034
6171492029_R08C01	0.997335
6171492039_R03C01	0.9979
6171492039_R04C01	0.996357
6171492039_R05C01	0.996706
6171492039_R06C01	0.987017
6171492039_R07C01	0.997037
6171492043_R02C01	0.99866
6171492043_R03C01	0.99424
6171492043_R04C01	0.997057
6171492043_R05C01	0.998431
6171492043_R06C01	0.997834
6171492043_R07C01	0.996301
6171492043_R08C01	0.997517
6171492045_R01C01	0.997212
6171492045_R02C01	0.997045
6171492045_R05C01	0.99809
6171492045_R08C01	0.996699
6171492048_R06C01	0.986181
6171492048_R08C01	0.976831
6171492049_R01C01	0.998
6171492049_R02C01	0.997829
6171492049_R03C01	0.997049
6171492049_R04C01	0.991083
6171492049_R05C01	0.9981
6171492049_R06C01	0.999098
6171492049_R07C01	0.996784
6171492049_R08C01	0.997262
6171492050_R01C01	0.997358
6171492050_R02C01	0.997647
6171492050_R05C01	0.997652
6171492050_R06C01	0.997557
6171492050_R07C01	0.998292
6171492050_R08C01	0.995838
6171492053_R01C01	0.996817
6171492053_R02C01	0.997056
6171492053_R03C01	0.998071
6171492053_R04C01	0.997073
6171492053_R05C01	0.998218
6171492053_R06C01	0.995852
6171492053_R07C01	0.998327
6171492053_R08C01	0.9977
6171492055_R01C01	0.998403
6171492055_R02C01	0.989917
6171492055_R03C01	0.998151
6171492055_R04C01	0.998183
6171492055_R06C01	0.998207
6171492055_R07C01	0.997821
6171492055_R08C01	0.997539
6171492056_R01C01	0.997196
6171492056_R02C01	0.998407
6171492056_R03C01	0.998565
6171492056_R04C01	0.996715
6171492056_R05C01	0.997825
6171492056_R08C01	0.996262
6171492059_R01C01	0.997746
6171492059_R02C01	0.99791
6171492059_R04C01	0.998549
6171492059_R05C01	0.99758
6171492059_R06C01	0.996726
6171492059_R07C01	0.997342
6171492059_R08C01	0.998633
6171492060_R01C01	0.997519
6171492060_R02C01	0.998128
6171492060_R03C01	0.993138
6171492060_R04C01	0.99784
6171492060_R05C01	0.996626
6171492060_R08C01	0.992015
6171492068_R01C01	0.997966
6171492068_R02C01	0.997679
6171492068_R03C01	0.998336
6171492068_R04C01	0.997173
6171492068_R05C01	0.998233
6171492068_R06C01	0.997855
6171492068_R08C01	0.997808
6171492069_R02C01	0.995711
6171492069_R06C01	0.995424
6171492069_R07C01	0.997127
6171492069_R08C01	0.998371
6171492072_R03C01	0.998045
6171492072_R04C01	0.996929
6171492072_R05C01	0.998469
6171492072_R06C01	0.995241
6171492072_R08C01	0.99763
6171492074_R01C01	0.997497
6171492074_R02C01	0.997093
6171492074_R03C01	0.998319
6171492074_R04C01	0.997383
6171492074_R05C01	0.997762
6171492074_R07C01	0.996366
6171492074_R08C01	0.998408
6171492075_R01C01	0.998328
6171492075_R03C01	0.997423
6171492075_R05C01	0.997914
6171492075_R06C01	0.977919
6171492075_R08C01	0.997506
6171492077_R01C01	0.997536
6171492077_R02C01	0.997075
6171492077_R03C01	0.997174
6171492077_R07C01	0.997329
6171492077_R08C01	0.997264
6171492078_R01C01	0.998263
6171492078_R02C01	0.997511
6171492078_R03C01	0.996803
6171492078_R05C01	0.995674
6171492078_R06C01	0.996084
6171492078_R07C01	0.998205
6171492078_R08C01	0.998217
6171492079_R01C01	0.997621
6171492079_R03C01	0.997913
6171492079_R04C01	0.998787
6171492079_R05C01	0.998592
6171492079_R06C01	0.996767
6171492079_R07C01	0.997189
6171492079_R08C01	0.985467
6171492084_R01C01	0.996693
6171492084_R02C01	0.998402
6171492084_R03C01	0.998504
6171492084_R04C01	0.997562
6171492084_R05C01	0.997017
6171492084_R06C01	0.997578
6171492084_R08C01	0.997308
6171492086_R02C01	0.997911
6171492086_R05C01	0.9977
6171492086_R06C01	0.995032
6171492086_R07C01	0.99789
6171492086_R08C01	0.998211
6171492090_R01C01	0.998415
6171492090_R02C01	0.995519
6171492090_R03C01	0.996786
6171492090_R05C01	0.996588
6171492090_R06C01	0.996383
6171492090_R07C01	0.997346
6171492090_R08C01	0.997649
6171492100_R01C01	0.996851
6171492100_R03C01	0.996768
6171492100_R04C01	0.986603
6171492100_R05C01	0.996646
6171492100_R08C01	0.997194
6172882004_R01C01	0.997024
6172882004_R02C01	0.996992
6172882004_R03C01	0.996415
6172882004_R06C01	0.991232
6172882004_R07C01	0.997625
6172882004_R08C01	0.997361
6172882009_R01C01	0.998068
6172882009_R02C01	0.998738
6172882009_R03C01	0.997652
6172882009_R04C01	0.997339
6172882009_R05C01	0.995852
6172882009_R06C01	0.997399
6172882009_R07C01	0.997961
6172882009_R08C01	0.997315
6172882050_R01C01	0.997494
6172882050_R02C01	0.997678
6172882050_R03C01	0.99719
6172882050_R04C01	0.996117
6172882050_R05C01	0.997928
6172882050_R06C01	0.997666
6172882050_R08C01	0.994984
6172882051_R01C01	0.998026
6172882051_R02C01	0.996986
6172882051_R04C01	0.997541
6172882051_R05C01	0.996215
6172882051_R06C01	0.997304
6172882051_R07C01	0.997783
6172882051_R08C01	0.997748
6186483013_R01C01	0.994353
6186483013_R02C01	0.997462
6186483013_R03C01	0.990388
6186483013_R04C01	0.997708
6186483013_R05C01	0.997593
6186483013_R06C01	0.998033
6186483013_R07C01	0.99694
6186483013_R08C01	0.996977
6186483032_R03C01	0.997214
6186483032_R04C01	0.997056
6186483032_R05C01	0.997679
6186483032_R06C01	0.997358
6186483032_R07C01	0.996419
6186483032_R08C01	0.99214
6186483043_R01C01	0.978736
6186483043_R04C01	0.988374
6186483043_R05C01	0.998094
6186483043_R06C01	0.995863
6186483043_R08C01	0.996951
6186483051_R01C01	0.997729
6186483051_R08C01	0.997066
6186483068_R01C01	0.993877
6186483068_R02C01	0.997977
6186483068_R03C01	0.996968
6186483090_R01C01	0.998467
6186483090_R02C01	0.997917
6186483090_R03C01	0.997517
6186483090_R04C01	0.998453
6186483090_R06C01	0.997682
6186483090_R07C01	0.998421
6186483090_R08C01	0.997442
6186483093_R02C01	0.986556
6186483093_R03C01	0.996458
6186483093_R05C01	0.9979
6186483093_R06C01	0.997748
6186483093_R08C01	0.997917
6186483099_R01C01	0.996944
6186483099_R03C01	0.997537
6186483099_R04C01	0.997923
6186483099_R05C01	0.997144
6186483099_R07C01	0.997318
6186483099_R08C01	0.996001
6186483101_R01C01	0.995669
6186483101_R02C01	0.996921
6186483101_R03C01	0.994029
6186483101_R04C01	0.996964
6186483101_R05C01	0.993896
6186483101_R06C01	0.990372
6186483101_R08C01	0.99817
6186483132_R01C01	0.984552
6247194011_R02C01	0.996153
6247194011_R03C01	0.998227
6247194011_R04C01	0.997148
6247194011_R05C01	0.995728
6247194011_R07C01	0.99389
6247194011_R08C01	0.994715
6247194028_R01C01	0.996765
6247194028_R02C01	0.991238
6247194028_R03C01	0.997841
6247194028_R04C01	0.997477
6247194028_R06C01	0.997854
6247194028_R07C01	0.998235
6247194028_R08C01	0.997668
6247194031_R01C01	0.996281
6247194031_R02C01	0.99729
6247194031_R03C01	0.99742
6247194031_R05C01	0.996391
6247194031_R06C01	0.997773
6247194031_R07C01	0.997292
6247194043_R02C01	0.997406
6247194043_R03C01	0.997423
6247194043_R04C01	0.997497
6247194043_R07C01	0.998294
6247194043_R08C01	0.997078
6247194064_R01C01	0.995924
6247194064_R03C01	0.996282
6247194064_R04C01	0.997284
6247194064_R05C01	0.998278
6247194064_R06C01	0.999186
6247194064_R07C01	0.997948
6247194064_R08C01	0.998888
6247194098_R01C01	0.997855
6247194098_R02C01	0.997936
6247194098_R03C01	0.995584
6247194098_R04C01	0.997787
6247194098_R05C01	0.997674
6247194098_R06C01	0.999212
6247194098_R07C01	0.997656
6247194098_R08C01	0.998844
6247194107_R03C01	0.995054
6247194107_R05C01	0.991339
6247194107_R07C01	0.997682
6247194115_R02C01	0.997796
6247194115_R04C01	0.992808
6247194115_R05C01	0.997914
6247194115_R06C01	0.996834
6247194115_R08C01	0.997895
6247194117_R02C01	0.997836
6247194117_R03C01	0.998043
6247194117_R04C01	0.994641
6247194117_R05C01	0.99714
6247194117_R07C01	0.99586
6247194117_R08C01	0.996486
6247194118_R05C01	0.997207
6247194118_R08C01	0.996047
6264533042_R07C01	0.997053
6264533048_R01C01	0.99784
6264533048_R03C01	0.996639
6264533048_R04C01	0.998183
6264533048_R05C01	0.996146
6264533048_R06C01	0.998566
6264533048_R07C01	0.997772
6264533048_R08C01	0.997883
6264533060_R03C01	0.996811
6264533060_R05C01	0.995689
6264533060_R06C01	0.996764
6264533060_R07C01	0.996546
6264533060_R08C01	0.997632
6264533086_R01C01	0.973525
6264533086_R03C01	0.997682
6264533086_R05C01	0.992826
6264550046_R02C01	0.997284
6264550046_R03C01	0.995472
6264550046_R04C01	0.996566
6264550046_R07C01	0.996123
