                      +-----------------------------+
                      |                             |
                      |   Eagle v2.4.1              |
                      |   November 18, 2018         |
                      |   Po-Ru Loh                 |
                      |                             |
                      +-----------------------------+

Copyright (C) 2015-2018 Harvard University.
Distributed under the GNU GPLv3+ open source license.

Command line options:

eagle \
    --vcfRef=/BIODATA/StudentsHome/kevine/GWAS/Git/GWAS/1000G/ALL.chr11.phase3_integrated.20130502.genotypes.bcf \
    --vcfTarget=qc-camgwas-updated.vcf.gz \
    --geneticMapFile=tables/genetic_map_hg19_withX.txt.gz \
    --outPrefix=chr11-phased_wref \
    --chrom=11 \
    --pbwtIters=10 \
    --numThreads=90 \
    --Kpbwt=50000 \
    --vcfOutFormat=z 

Setting number of threads to 90
[W::bcf_hdr_check_sanity] PL should be declared as Number=G

Reference samples: Nref = 2504
Target samples: Ntarget = 1185
SNPs to analyze: M = 79547 SNPs in both target and reference

SNPs ignored: 0 SNPs in target but not reference
              2256751 SNPs in reference but not target
              0 multi-allelic SNPs in target

Missing rate in target genotypes: 0.00449356

Filling in genetic map coordinates using reference file:
  tables/genetic_map_hg19_withX.txt.gz
Physical distance range: 134740078 base pairs
Genetic distance range:  161.843 cM
Average # SNPs per cM:   492
Number of <=(64-SNP, 1cM) segments: 1244
Average # SNPs per segment: 63

Time for reading input: 53.449 sec

Fraction of heterozygous genotypes: 0.252797
Typical span of default 100-het history length: 0.80 cM
Setting --histFactor=1.24
Typical span of 124-het history length: 1.00 cM

BEGINNING PHASING

PHASING ITER 1 OF 10


Phasing target samples
................................................................................
Time for phasing iter 1: 1021.73

PHASING ITER 2 OF 10


Phasing target samples
................................................................................
Time for phasing iter 2: 971.255

PHASING ITER 3 OF 10


Phasing target samples
................................................................................
Time for phasing iter 3: 948.092

PHASING ITER 4 OF 10


Phasing target samples
................................................................................
Time for phasing iter 4: 941.59

PHASING ITER 5 OF 10


Phasing target samples
................................................................................
Time for phasing iter 5: 935.89

PHASING ITER 6 OF 10


Phasing target samples
................................................................................
Time for phasing iter 6: 937.661

PHASING ITER 7 OF 10


Phasing target samples
................................................................................
Time for phasing iter 7: 906.782

PHASING ITER 8 OF 10


Phasing target samples
................................................................................
Time for phasing iter 8: 929.646

PHASING ITER 9 OF 10


Phasing target samples
................................................................................
Time for phasing iter 9: 881.664

PHASING ITER 10 OF 10


Phasing target samples
................................................................................
Time for phasing iter 10: 1162.16
Writing vcf.gz output to chr11-phased_wref.vcf.gz
Time for writing output: 11.9007
Total elapsed time for analysis = 9702.04 sec

Mean phase confidence of each target individual:
ID	PHASE_CONFIDENCE
6042341077_R01C01	0.997923
6042341077_R03C01	0.997801
6042341077_R04C01	0.996237
6042341077_R05C01	0.998772
6042341077_R06C01	0.998679
6042341077_R07C01	0.99772
6042341089_R01C01	0.998504
6042341089_R02C01	0.998179
6042341089_R03C01	0.997886
6042341089_R04C01	0.99743
6042341089_R05C01	0.997747
6042341089_R06C01	0.997193
6042341089_R07C01	0.996972
6042341089_R08C01	0.998453
6042341090_R01C01	0.996896
6042341090_R02C01	0.997857
6042341090_R03C01	0.997441
6042341090_R04C01	0.998285
6042341090_R05C01	0.997372
6042341090_R06C01	0.997367
6042341090_R07C01	0.996386
6042341090_R08C01	0.997503
6042341099_R01C01	0.997947
6042341099_R02C01	0.998045
6042341099_R03C01	0.99795
6042341099_R04C01	0.998307
6042341099_R05C01	0.99772
6042341099_R06C01	0.992507
6042341099_R07C01	0.996461
6042341099_R08C01	0.995517
6042341154_R06C01	0.997669
6042341154_R07C01	0.997601
6042341154_R08C01	0.998396
6042341162_R01C01	0.998263
6042341162_R02C01	0.9982
6042341162_R03C01	0.997462
6042341162_R04C01	0.998493
6042341162_R05C01	0.997615
6042341162_R06C01	0.998721
6042341162_R07C01	0.998889
6042341162_R08C01	0.99848
6042359084_R01C01	0.99775
6042359084_R02C01	0.998139
6042359084_R03C01	0.997362
6042359084_R04C01	0.996805
6042359084_R05C01	0.99688
6042359084_R06C01	0.997342
6042359084_R07C01	0.998094
6042359084_R08C01	0.998415
6042375002_R01C01	0.995602
6042375002_R02C01	0.998072
6042375002_R03C01	0.998448
6042375002_R04C01	0.997788
6042375002_R05C01	0.997841
6042375002_R06C01	0.998251
6042375002_R07C01	0.998302
6042375002_R08C01	0.998208
6042375003_R01C01	0.999152
6042375003_R02C01	0.998581
6042375003_R03C01	0.997394
6042375003_R04C01	0.99766
6042375003_R05C01	0.998775
6042375003_R06C01	0.998928
6042375003_R07C01	0.998676
6042375003_R08C01	0.998631
6042375012_R01C01	0.998313
6042375012_R02C01	0.998967
6042375012_R03C01	0.996825
6042375012_R04C01	0.998181
6042375012_R05C01	0.997763
6042375012_R06C01	0.998183
6042375013_R01C01	0.998419
6042375013_R02C01	0.99757
6042375013_R03C01	0.997938
6042375013_R04C01	0.997849
6042375013_R05C01	0.997406
6042375013_R06C01	0.998168
6042375013_R07C01	0.998873
6042375013_R08C01	0.997898
6042375014_R01C01	0.998715
6042375014_R02C01	0.998931
6042375014_R03C01	0.997241
6042375014_R04C01	0.997791
6042375014_R05C01	0.997095
6042375014_R06C01	0.998239
6042375014_R08C01	0.995615
6042375022_R01C01	0.997905
6042375022_R02C01	0.998287
6042375022_R03C01	0.997993
6042375022_R04C01	0.997874
6042375022_R05C01	0.99741
6042375022_R06C01	0.998117
6042375022_R07C01	0.99705
6042375023_R01C01	0.998246
6042375023_R02C01	0.998257
6042375023_R03C01	0.997907
6042375023_R04C01	0.997506
6042375023_R05C01	0.997808
6042375023_R06C01	0.997399
6042375023_R07C01	0.998137
6042375023_R08C01	0.997799
6042375024_R01C01	0.998104
6042375024_R02C01	0.997781
6042375024_R03C01	0.997047
6042375024_R04C01	0.997583
6042375024_R05C01	0.998595
6042375024_R06C01	0.997756
6042375024_R07C01	0.996628
6042375024_R08C01	0.998604
6042375025_R01C01	0.997366
6042375025_R02C01	0.998548
6042375025_R03C01	0.999214
6042375025_R04C01	0.998209
6042375025_R05C01	0.997963
6042375025_R06C01	0.997932
6042375025_R07C01	0.998145
6042375025_R08C01	0.997117
6042375029_R01C01	0.998373
6042375029_R02C01	0.99757
6042375029_R03C01	0.998577
6042375029_R04C01	0.997745
6042375029_R05C01	0.99717
6042375029_R06C01	0.997904
6042375029_R07C01	0.998246
6042375029_R08C01	0.997094
6042375043_R01C01	0.998641
6042375043_R02C01	0.9978
6042375043_R04C01	0.997756
6042375043_R05C01	0.997928
6042375043_R07C01	0.996635
6042375043_R08C01	0.998617
6042375044_R01C01	0.996913
6042375044_R02C01	0.998378
6042375044_R03C01	0.997988
6042375044_R05C01	0.995913
6042375044_R06C01	0.996888
6042375044_R07C01	0.998329
6042375044_R08C01	0.996085
6042375045_R02C01	0.996169
6042375045_R03C01	0.995278
6042375045_R04C01	0.991921
6042375045_R05C01	0.998022
6042375045_R06C01	0.99808
6042375045_R07C01	0.998214
6042375045_R08C01	0.998987
6042375053_R01C01	0.997824
6042375053_R02C01	0.997967
6042375053_R03C01	0.997028
6042375053_R04C01	0.997502
6042375053_R05C01	0.998225
6042375053_R06C01	0.997215
6042375053_R07C01	0.997496
6042375053_R08C01	0.995658
6042375080_R01C01	0.998837
6042375080_R02C01	0.998423
6042375080_R03C01	0.998065
6042375080_R04C01	0.998051
6042375080_R05C01	0.998183
6042375080_R06C01	0.99856
6042375080_R07C01	0.998877
6042375080_R08C01	0.997423
6042375085_R01C01	0.996575
6042375085_R02C01	0.998262
6042375085_R03C01	0.995836
6042375085_R04C01	0.997804
6042375085_R05C01	0.998504
6042375085_R06C01	0.998521
6042375085_R07C01	0.998564
6042375085_R08C01	0.997997
6042375100_R01C01	0.997481
6042375100_R02C01	0.998668
6042375100_R04C01	0.99839
6042375100_R05C01	0.998015
6042375100_R06C01	0.998322
6042375100_R07C01	0.998349
6042375100_R08C01	0.998531
6042375101_R01C01	0.997678
6042375101_R02C01	0.997563
6042375101_R03C01	0.998318
6042375101_R04C01	0.997826
6042375101_R05C01	0.997834
6042375101_R06C01	0.993028
6042375101_R07C01	0.997945
6042375101_R08C01	0.998746
6042375104_R01C01	0.997426
6042375104_R02C01	0.996585
6042375104_R03C01	0.997646
6042375104_R04C01	0.997739
6042375104_R06C01	0.997242
6042375104_R08C01	0.997705
6042375137_R01C01	0.997139
6042375137_R02C01	0.998651
6042375137_R03C01	0.997865
6042375137_R05C01	0.994654
6042375137_R06C01	0.998701
6042375137_R07C01	0.998871
6042375137_R08C01	0.998142
6042375138_R01C01	0.998194
6042375138_R02C01	0.997883
6042375138_R03C01	0.996171
6042375138_R04C01	0.997519
6042375138_R05C01	0.998555
6042375138_R06C01	0.992212
6042375138_R07C01	0.997729
6042375138_R08C01	0.998445
6042375146_R01C01	0.998623
6042375146_R02C01	0.998341
6042375146_R03C01	0.998214
6042375146_R04C01	0.996622
6042375146_R05C01	0.99846
6042375146_R06C01	0.99821
6042375146_R07C01	0.997635
6042375146_R08C01	0.997545
6130471012_R01C01	0.998373
6130471012_R02C01	0.998336
6130471012_R03C01	0.995659
6130471012_R04C01	0.998675
6130471012_R05C01	0.997961
6130471012_R06C01	0.997547
6130471012_R07C01	0.998459
6130471012_R08C01	0.997812
6130471070_R01C01	0.997264
6130471070_R02C01	0.992
6130471070_R03C01	0.998148
6130471070_R04C01	0.997714
6130471070_R05C01	0.997232
6130471070_R06C01	0.996912
6130471070_R07C01	0.997033
6130471070_R08C01	0.998078
6130471071_R01C01	0.997587
6130471071_R02C01	0.997522
6130471071_R03C01	0.997826
6130471071_R05C01	0.996585
6130471071_R06C01	0.995809
6130471071_R07C01	0.997577
6130471110_R01C01	0.997919
6130471110_R02C01	0.997505
6130471110_R04C01	0.997362
6130471110_R05C01	0.993311
6130471110_R06C01	0.998029
6130471110_R07C01	0.997707
6130471110_R08C01	0.993794
6130471129_R01C01	0.997121
6130471129_R02C01	0.997306
6130471129_R03C01	0.997339
6130471129_R04C01	0.997463
6130471129_R05C01	0.996568
6130471129_R06C01	0.998678
6130471129_R07C01	0.995052
6130471129_R08C01	0.997526
6135563011_R01C01	0.997565
6135563011_R02C01	0.997196
6135563011_R03C01	0.99752
6135563011_R04C01	0.998292
6135563011_R06C01	0.99784
6135563011_R07C01	0.997694
6135563011_R08C01	0.996737
6135563012_R02C01	0.997887
6135563012_R04C01	0.99367
6135563012_R05C01	0.997912
6135563012_R06C01	0.998215
6135563012_R07C01	0.996663
6135563012_R08C01	0.995028
6135563014_R02C01	0.998175
6135563014_R03C01	0.998673
6135563014_R04C01	0.99799
6135563014_R05C01	0.998044
6135563014_R06C01	0.998191
6135563014_R07C01	0.99772
6135563014_R08C01	0.998087
6135563015_R02C01	0.996905
6135563015_R04C01	0.997481
6135563015_R05C01	0.996994
6135563015_R06C01	0.997079
6135563015_R07C01	0.996735
6135563015_R08C01	0.996966
6135563041_R01C01	0.998501
6135563041_R03C01	0.998167
6135563041_R04C01	0.998698
6135563041_R05C01	0.998104
6135563041_R06C01	0.998477
6135571025_R01C01	0.992427
6135571025_R03C01	0.995907
6135571025_R04C01	0.997509
6135571025_R07C01	0.998124
6135571025_R08C01	0.997939
6135580001_R01C01	0.998396
6135580001_R02C01	0.998162
6135580001_R03C01	0.997829
6135580001_R04C01	0.99796
6135580001_R05C01	0.997965
6135580001_R06C01	0.998719
6135580001_R07C01	0.998759
6135580001_R08C01	0.998041
6135580011_R01C01	0.997557
6135580011_R02C01	0.996854
6135580011_R03C01	0.997989
6135580011_R04C01	0.997957
6135580011_R05C01	0.99882
6135580011_R07C01	0.9986
6135580011_R08C01	0.997931
6135580017_R01C01	0.998495
6135580017_R02C01	0.999215
6135580017_R03C01	0.997938
6135580017_R04C01	0.998549
6135580017_R05C01	0.998011
6135580017_R06C01	0.998213
6135580017_R07C01	0.998939
6135580017_R08C01	0.998811
6135580027_R01C01	0.997134
6135580027_R02C01	0.997514
6135580027_R03C01	0.998253
6135580027_R04C01	0.998892
6135580027_R05C01	0.998313
6135580027_R06C01	0.99851
6135580027_R07C01	0.998701
6135580027_R08C01	0.999034
6135580057_R01C01	0.997268
6135580057_R02C01	0.997366
6135580057_R03C01	0.99788
6135580057_R04C01	0.997199
6135580057_R05C01	0.998645
6135580057_R06C01	0.997301
6135580057_R07C01	0.998257
6135580057_R08C01	0.997532
6135580073_R01C01	0.997938
6135580073_R03C01	0.99732
6135580073_R04C01	0.997961
6135580073_R05C01	0.998659
6135580073_R06C01	0.998428
6135580073_R07C01	0.997117
6135580073_R08C01	0.997786
6135580082_R01C01	0.998183
6135580082_R02C01	0.998569
6135580082_R03C01	0.998395
6135580082_R04C01	0.998549
6135580082_R06C01	0.996903
6135580082_R07C01	0.998065
6135580082_R08C01	0.99795
6135580098_R01C01	0.99825
6135580098_R02C01	0.998927
6135580098_R04C01	0.997753
6135580098_R05C01	0.99815
6135580098_R06C01	0.99814
6135580098_R07C01	0.997513
6135580098_R08C01	0.998445
6135580116_R02C01	0.994104
6135580116_R03C01	0.998086
6135580116_R05C01	0.997031
6135580116_R06C01	0.998141
6135580116_R08C01	0.998175
6135580117_R02C01	0.997448
6135580117_R03C01	0.997083
6135580117_R04C01	0.998305
6135580117_R05C01	0.998223
6135580117_R06C01	0.998347
6135580118_R01C01	0.996904
6135580118_R02C01	0.995898
6135580118_R04C01	0.997582
6135580118_R05C01	0.998563
6135580118_R06C01	0.996848
6135580118_R08C01	0.996643
6135580123_R02C01	0.997891
6135580123_R04C01	0.997232
6135580123_R05C01	0.997385
6135580123_R07C01	0.991081
6135580123_R08C01	0.996085
6135580144_R01C01	0.997897
6135580144_R08C01	0.997954
6135580145_R06C01	0.99797
6135580145_R08C01	0.99157
6135601008_R01C01	0.997903
6135601008_R02C01	0.993947
6135601008_R03C01	0.997399
6135601008_R04C01	0.997098
6135601008_R06C01	0.998343
6135601008_R07C01	0.998652
6135601008_R08C01	0.99835
6135601009_R01C01	0.998428
6135601009_R02C01	0.997137
6135601009_R03C01	0.999036
6135601009_R04C01	0.999126
6135601009_R05C01	0.997584
6135601009_R06C01	0.99827
6135601009_R07C01	0.998495
6135601009_R08C01	0.998201
6135601012_R04C01	0.998239
6135601012_R05C01	0.998984
6135601012_R06C01	0.998473
6135601012_R07C01	0.992006
6135601018_R03C01	0.996914
6135601018_R05C01	0.998329
6135601018_R07C01	0.986861
6135601018_R08C01	0.99375
6135601027_R03C01	0.998294
6135601027_R04C01	0.996468
6135601027_R05C01	0.996945
6135601027_R07C01	0.997212
6135601034_R01C01	0.998741
6135601034_R02C01	0.99761
6135601034_R03C01	0.997377
6135601034_R04C01	0.997544
6135601034_R06C01	0.997935
6135601045_R01C01	0.998806
6135601045_R02C01	0.99845
6135601045_R03C01	0.996534
6135601045_R04C01	0.997954
6135601045_R05C01	0.998762
6135601045_R07C01	0.998589
6135601045_R08C01	0.996936
6135601049_R01C01	0.998039
6135601049_R02C01	0.997834
6135601049_R03C01	0.998126
6135601049_R05C01	0.992838
6135601049_R06C01	0.998506
6135601049_R07C01	0.997947
6135601049_R08C01	0.99853
6135601060_R01C01	0.994347
6135601060_R03C01	0.997086
6135601060_R04C01	0.982837
6135601060_R05C01	0.996446
6135601060_R06C01	0.99526
6135601066_R01C01	0.997817
6135601066_R02C01	0.995664
6135601066_R03C01	0.997548
6135601066_R04C01	0.997163
6135601066_R05C01	0.995788
6135601066_R06C01	0.997908
6135601066_R07C01	0.998021
6135601066_R08C01	0.998388
6135601080_R01C01	0.99796
6135601080_R02C01	0.994597
6135601080_R03C01	0.998737
6135601080_R07C01	0.997553
6135601080_R08C01	0.998888
6135601081_R01C01	0.998414
6135601081_R02C01	0.997234
6135601081_R03C01	0.997009
6135601081_R04C01	0.997612
6135601081_R05C01	0.99816
6135601081_R07C01	0.99774
6135601081_R08C01	0.997775
6135601082_R02C01	0.998201
6135601082_R03C01	0.998
6135601082_R04C01	0.998049
6135601082_R05C01	0.998048
6135601082_R06C01	0.996899
6135601082_R07C01	0.997723
6135601082_R08C01	0.998406
6135601086_R01C01	0.996874
6135601086_R03C01	0.997584
6135601086_R04C01	0.997995
6135601086_R05C01	0.994898
6135601086_R07C01	0.997247
6135601094_R05C01	0.997077
6135601094_R06C01	0.990658
6135601108_R01C01	0.998454
6135601108_R02C01	0.997749
6135601108_R03C01	0.998945
6135601108_R04C01	0.997563
6135601108_R05C01	0.997732
6135601108_R06C01	0.997876
6135601108_R07C01	0.997644
6135601108_R08C01	0.997094
6135601115_R02C01	0.997202
6135601115_R04C01	0.996388
6135601115_R06C01	0.997837
6135601115_R07C01	0.9982
6135601115_R08C01	0.998081
6135601116_R01C01	0.996833
6135601116_R02C01	0.998134
6135601116_R05C01	0.997494
6135601116_R07C01	0.998404
6135601116_R08C01	0.998188
6135601117_R01C01	0.997307
6135601117_R05C01	0.998542
6135601117_R06C01	0.996366
6135601117_R07C01	0.998369
6135601117_R08C01	0.997739
6135601120_R03C01	0.998026
6135601120_R04C01	0.998533
6135601120_R06C01	0.998521
6135601120_R07C01	0.996699
6135601120_R08C01	0.99821
6135601124_R01C01	0.997739
6135601124_R02C01	0.997737
6135601124_R03C01	0.997838
6135601124_R04C01	0.996648
6135601124_R05C01	0.997926
6135601124_R06C01	0.997088
6135601124_R07C01	0.997082
6135601124_R08C01	0.99765
6135601130_R01C01	0.998911
6135601130_R02C01	0.991999
6135601130_R03C01	0.997878
6135601130_R04C01	0.997888
6135601130_R05C01	0.997743
6135601130_R06C01	0.997462
6135601130_R07C01	0.997942
6135601130_R08C01	0.998305
6135601149_R01C01	0.99804
6135601149_R02C01	0.997305
6135601149_R06C01	0.995359
6135601149_R08C01	0.997379
6135601151_R01C01	0.99805
6135601151_R02C01	0.997089
6135601151_R03C01	0.998558
6135601151_R04C01	0.998159
6135601151_R05C01	0.998115
6135601151_R06C01	0.997891
6135601151_R07C01	0.997108
6135601151_R08C01	0.997527
6135601153_R03C01	0.997733
6135601153_R05C01	0.997614
6135601153_R06C01	0.993419
6135601153_R07C01	0.997477
6135601153_R08C01	0.998853
6135601156_R01C01	0.997443
6135601156_R02C01	0.997458
6135601156_R03C01	0.997277
6135601156_R04C01	0.997934
6135601156_R05C01	0.997757
6135601156_R06C01	0.998406
6135601156_R08C01	0.998165
6135601162_R01C01	0.994171
6135601162_R02C01	0.996713
6135601162_R04C01	0.997967
6135601162_R05C01	0.997587
6135601162_R06C01	0.996283
6135601162_R07C01	0.997758
6135601162_R08C01	0.996852
6135601167_R02C01	0.998206
6135601167_R03C01	0.998377
6135601167_R04C01	0.998089
6135601167_R05C01	0.995442
6135601167_R06C01	0.997933
6135601167_R07C01	0.99748
6147054060_R01C01	0.997837
6147054060_R02C01	0.998405
6147054060_R03C01	0.998142
6147054060_R04C01	0.998856
6147054060_R05C01	0.996678
6147054060_R07C01	0.997644
6147054060_R08C01	0.99839
6147054122_R01C01	0.997097
6147054122_R02C01	0.998106
6147054122_R03C01	0.996493
6147054122_R04C01	0.998692
6147054122_R05C01	0.998005
6147054122_R06C01	0.998404
6147054122_R07C01	0.998149
6147054122_R08C01	0.998801
6147054149_R01C01	0.997914
6147054149_R02C01	0.998889
6147054149_R07C01	0.997409
6147054149_R08C01	0.998508
6147054150_R01C01	0.998339
6147054150_R02C01	0.998296
6147054150_R03C01	0.998848
6147054150_R04C01	0.997987
6147054150_R05C01	0.998194
6147054150_R06C01	0.997699
6147054150_R07C01	0.996605
6147054150_R08C01	0.997388
6147062005_R03C01	0.998078
6147062005_R04C01	0.998929
6147062005_R06C01	0.997308
6147062005_R07C01	0.997873
6147062010_R01C01	0.997076
6147062010_R02C01	0.998398
6147062010_R03C01	0.998286
6147062010_R04C01	0.997012
6147062010_R05C01	0.998797
6147062010_R06C01	0.998564
6147062010_R07C01	0.998371
6147062010_R08C01	0.998256
6147062028_R03C01	0.996977
6147062037_R01C01	0.998025
6147062037_R02C01	0.993982
6147062037_R03C01	0.99801
6147062037_R04C01	0.997954
6147062037_R05C01	0.9978
6147062037_R06C01	0.99771
6147062037_R07C01	0.998221
6147062055_R01C01	0.996981
6147062055_R02C01	0.997619
6147062055_R04C01	0.996801
6147062055_R07C01	0.998011
6147062055_R08C01	0.998178
6147062102_R01C01	0.997996
6147062102_R02C01	0.998209
6147062102_R03C01	0.997786
6147062102_R04C01	0.997389
6147062102_R05C01	0.998229
6147062102_R06C01	0.998218
6147062133_R01C01	0.996251
6147062133_R02C01	0.997951
6147062133_R03C01	0.998287
6147062133_R05C01	0.998029
6147062133_R06C01	0.998084
6147062134_R01C01	0.997067
6147062134_R02C01	0.997743
6147062134_R03C01	0.998502
6147062134_R06C01	0.995585
6147062134_R07C01	0.997306
6147062134_R08C01	0.998251
6147062135_R01C01	0.99805
6147062135_R02C01	0.998162
6147062135_R04C01	0.997097
6147062135_R05C01	0.99864
6147062135_R06C01	0.994286
6147062135_R08C01	0.998301
6147062147_R01C01	0.992419
6147062147_R03C01	0.997622
6147062147_R04C01	0.997881
6147062147_R05C01	0.998015
6147062147_R06C01	0.998441
6147062147_R07C01	0.99541
6147062147_R08C01	0.998332
6147062162_R01C01	0.998213
6147062162_R03C01	0.997796
6147062162_R05C01	0.997335
6147062162_R06C01	0.99776
6147062162_R07C01	0.997933
6147062167_R02C01	0.998241
6147062167_R03C01	0.997705
6147062167_R04C01	0.997363
6147062167_R05C01	0.997626
6147062167_R06C01	0.994776
6147062167_R08C01	0.99723
6147071002_R01C01	0.997975
6147071002_R02C01	0.992549
6147071002_R03C01	0.997811
6147071002_R05C01	0.997302
6147071002_R06C01	0.997976
6147071002_R07C01	0.998884
6147071002_R08C01	0.998567
6147071043_R03C01	0.998026
6147071043_R05C01	0.997207
6147071043_R08C01	0.997804
6147071044_R01C01	0.999117
6147071044_R02C01	0.998146
6147071044_R03C01	0.997524
6147071044_R04C01	0.997473
6147071044_R06C01	0.997392
6147071044_R07C01	0.997021
6147071044_R08C01	0.997421
6147071047_R01C01	0.996811
6147071047_R02C01	0.997891
6147071047_R05C01	0.997625
6147071047_R06C01	0.997844
6147071047_R07C01	0.997283
6147071047_R08C01	0.997361
6147071059_R02C01	0.998689
6147071059_R03C01	0.996778
6147071059_R04C01	0.99684
6147071059_R07C01	0.998691
6147071059_R08C01	0.99705
6147071060_R02C01	0.998398
6147071060_R03C01	0.997673
6147071060_R04C01	0.995493
6147071060_R05C01	0.997184
6147071060_R06C01	0.998375
6147071060_R07C01	0.997541
6147071060_R08C01	0.996076
6147071101_R01C01	0.998344
6147071101_R02C01	0.997277
6147071101_R04C01	0.998493
6147071101_R05C01	0.998748
6147071101_R06C01	0.997821
6147071101_R07C01	0.998018
6147071101_R08C01	0.997323
6147071123_R01C01	0.998347
6147071123_R02C01	0.998776
6147071123_R03C01	0.998046
6147071123_R04C01	0.997796
6147071123_R05C01	0.998509
6147071123_R06C01	0.998489
6147071123_R07C01	0.998478
6147071123_R08C01	0.995591
6147071155_R01C01	0.9973
6147071155_R02C01	0.998321
6147071155_R03C01	0.996165
6147071155_R04C01	0.996511
6147071155_R06C01	0.998404
6147071155_R07C01	0.997406
6147071155_R08C01	0.998116
6147071157_R01C01	0.99672
6147071157_R02C01	0.99764
6147071157_R03C01	0.998518
6147071157_R04C01	0.998258
6147071157_R05C01	0.997506
6147071157_R06C01	0.997737
6147071157_R07C01	0.997786
6147071157_R08C01	0.997739
6160275010_R02C01	0.997976
6160275010_R03C01	0.997993
6160275010_R04C01	0.99647
6160275010_R05C01	0.997415
6160275010_R06C01	0.998019
6160275010_R07C01	0.998116
6160275010_R08C01	0.998135
6160275012_R02C01	0.998451
6160275012_R03C01	0.997073
6160275012_R04C01	0.998238
6160275012_R05C01	0.996793
6160275012_R06C01	0.997107
6160275012_R07C01	0.998155
6160275012_R08C01	0.999001
6160275019_R01C01	0.998944
6160275019_R02C01	0.998565
6160275019_R03C01	0.998546
6160275019_R04C01	0.998464
6160275019_R05C01	0.997563
6160275019_R06C01	0.996807
6160275019_R07C01	0.997168
6160275020_R01C01	0.998082
6160275020_R02C01	0.998168
6160275020_R03C01	0.998189
6160275020_R04C01	0.998146
6160275020_R05C01	0.998253
6160275020_R06C01	0.997329
6160275020_R07C01	0.997613
6160275020_R08C01	0.998576
6160275021_R01C01	0.997097
6160275021_R02C01	0.996792
6160275021_R03C01	0.998213
6160275021_R04C01	0.998147
6160275021_R05C01	0.997785
6160275021_R06C01	0.998582
6160275021_R07C01	0.998599
6160275021_R08C01	0.996888
6160275022_R01C01	0.997537
6160275022_R02C01	0.997449
6160275022_R03C01	0.998053
6160275022_R04C01	0.998293
6160275022_R05C01	0.998114
6160275022_R06C01	0.997883
6160275022_R07C01	0.998266
6160275022_R08C01	0.997012
6160275043_R01C01	0.998053
6160275043_R02C01	0.997813
6160275043_R03C01	0.997266
6160275043_R04C01	0.997571
6160275043_R05C01	0.997918
6160275043_R06C01	0.997123
6160275043_R08C01	0.995662
6160275044_R01C01	0.996763
6160275044_R02C01	0.997504
6160275044_R03C01	0.998806
6160275044_R04C01	0.997275
6160275044_R05C01	0.998186
6160275044_R06C01	0.998591
6160275044_R07C01	0.998247
6160275044_R08C01	0.997375
6160275046_R01C01	0.997497
6160275046_R02C01	0.998045
6160275046_R03C01	0.996726
6160275046_R05C01	0.991645
6160275046_R06C01	0.997902
6160275046_R07C01	0.998647
6160275058_R01C01	0.996111
6160275058_R02C01	0.997992
6160275058_R03C01	0.997617
6160275058_R04C01	0.997557
6160275058_R05C01	0.997901
6160275058_R06C01	0.998045
6160275058_R07C01	0.998278
6160275058_R08C01	0.998661
6160275059_R01C01	0.998605
6160275059_R02C01	0.998559
6160275059_R03C01	0.997168
6160275059_R04C01	0.997679
6160275059_R05C01	0.998676
6160275059_R06C01	0.998533
6160275059_R07C01	0.998931
6160275059_R08C01	0.997627
6160275060_R01C01	0.998505
6160275060_R02C01	0.998041
6160275060_R03C01	0.998134
6160275060_R04C01	0.998791
6160275060_R05C01	0.996761
6160275060_R06C01	0.999096
6160275060_R07C01	0.996992
6160275060_R08C01	0.999424
6160304032_R01C01	0.997795
6160304032_R02C01	0.995596
6160304032_R03C01	0.997985
6160304032_R04C01	0.998037
6160304032_R05C01	0.997989
6160304032_R07C01	0.998026
6160304032_R08C01	0.998522
6160304033_R01C01	0.998282
6160304033_R02C01	0.998432
6160304033_R03C01	0.998386
6160304033_R04C01	0.998554
6160304033_R05C01	0.994327
6160304033_R06C01	0.997598
6160304033_R07C01	0.997755
6160304033_R08C01	0.998379
6164663042_R01C01	0.992674
6164663042_R02C01	0.99753
6164663042_R03C01	0.997184
6164663042_R04C01	0.998228
6164663042_R05C01	0.998192
6164663042_R06C01	0.996317
6164663042_R07C01	0.998506
6164663042_R08C01	0.997551
6165295013_R01C01	0.99797
6165295013_R02C01	0.998276
6165295013_R03C01	0.998524
6165295013_R04C01	0.998538
6165295013_R06C01	0.997255
6165295019_R01C01	0.996934
6165295019_R02C01	0.997244
6165295019_R04C01	0.997348
6165295019_R05C01	0.997738
6165295019_R06C01	0.997731
6165295019_R07C01	0.997542
6165295019_R08C01	0.99816
6165295021_R01C01	0.990649
6165295021_R02C01	0.997702
6165295021_R03C01	0.998346
6165295021_R04C01	0.997702
6165295021_R05C01	0.997907
6165295021_R06C01	0.998403
6165295021_R07C01	0.998433
6165295021_R08C01	0.998092
6165295023_R01C01	0.995479
6165295023_R02C01	0.994641
6165295023_R03C01	0.998293
6165295023_R04C01	0.997784
6165295023_R05C01	0.991211
6165295023_R06C01	0.998004
6165295023_R07C01	0.997638
6165295023_R08C01	0.999028
6165295050_R01C01	0.998631
6165295050_R02C01	0.991343
6165295050_R03C01	0.996626
6165295050_R04C01	0.998332
6165295050_R05C01	0.998208
6165295050_R06C01	0.997815
6165295050_R07C01	0.99736
6165295050_R08C01	0.997911
6165295051_R01C01	0.995438
6165295051_R03C01	0.99777
6165295051_R04C01	0.998092
6165295051_R05C01	0.997455
6165295051_R07C01	0.995935
6165295051_R08C01	0.996428
6171492001_R02C01	0.990628
6171492001_R03C01	0.996683
6171492001_R05C01	0.997676
6171492001_R07C01	0.997842
6171492013_R02C01	0.998161
6171492013_R03C01	0.998063
6171492013_R04C01	0.998308
6171492013_R07C01	0.996948
6171492013_R08C01	0.998439
6171492015_R01C01	0.998389
6171492015_R02C01	0.995983
6171492015_R03C01	0.997791
6171492015_R04C01	0.997812
6171492015_R05C01	0.997394
6171492015_R06C01	0.997411
6171492015_R07C01	0.997545
6171492015_R08C01	0.997841
6171492016_R01C01	0.998166
6171492016_R02C01	0.997354
6171492016_R03C01	0.99713
6171492016_R04C01	0.996583
6171492016_R05C01	0.998197
6171492016_R06C01	0.997347
6171492016_R07C01	0.998015
6171492017_R02C01	0.99774
6171492017_R03C01	0.993112
6171492017_R04C01	0.99813
6171492017_R05C01	0.997517
6171492017_R06C01	0.997625
6171492017_R07C01	0.997948
6171492017_R08C01	0.995921
6171492025_R01C01	0.998089
6171492025_R02C01	0.997837
6171492025_R03C01	0.99792
6171492025_R04C01	0.994016
6171492025_R05C01	0.997559
6171492025_R06C01	0.998118
6171492025_R07C01	0.99773
6171492025_R08C01	0.997603
6171492029_R01C01	0.998308
6171492029_R02C01	0.997579
6171492029_R04C01	0.998106
6171492029_R05C01	0.998675
6171492029_R06C01	0.998135
6171492029_R08C01	0.998447
6171492039_R03C01	0.998847
6171492039_R04C01	0.997274
6171492039_R05C01	0.997992
6171492039_R06C01	0.987473
6171492039_R07C01	0.996794
6171492043_R02C01	0.998825
6171492043_R03C01	0.994991
6171492043_R04C01	0.997071
6171492043_R05C01	0.998882
6171492043_R06C01	0.998529
6171492043_R07C01	0.996254
6171492043_R08C01	0.998238
6171492045_R01C01	0.997717
6171492045_R02C01	0.997604
6171492045_R05C01	0.998168
6171492045_R08C01	0.998425
6171492048_R06C01	0.984685
6171492048_R08C01	0.976708
6171492049_R01C01	0.997933
6171492049_R02C01	0.998955
6171492049_R03C01	0.997846
6171492049_R04C01	0.993388
6171492049_R05C01	0.999117
6171492049_R06C01	0.999075
6171492049_R07C01	0.996778
6171492049_R08C01	0.996675
6171492050_R01C01	0.997809
6171492050_R02C01	0.998142
6171492050_R05C01	0.997461
6171492050_R06C01	0.998289
6171492050_R07C01	0.998795
6171492050_R08C01	0.996811
6171492053_R01C01	0.997317
6171492053_R02C01	0.998627
6171492053_R03C01	0.998025
6171492053_R04C01	0.997374
6171492053_R05C01	0.998756
6171492053_R06C01	0.99794
6171492053_R07C01	0.99866
6171492053_R08C01	0.997627
6171492055_R01C01	0.997306
6171492055_R02C01	0.990863
6171492055_R03C01	0.997765
6171492055_R04C01	0.998886
6171492055_R06C01	0.998184
6171492055_R07C01	0.996885
6171492055_R08C01	0.997983
6171492056_R01C01	0.998342
6171492056_R02C01	0.9989
6171492056_R03C01	0.999075
6171492056_R04C01	0.997827
6171492056_R05C01	0.997934
6171492056_R08C01	0.997603
6171492059_R01C01	0.998911
6171492059_R02C01	0.998082
6171492059_R04C01	0.998276
6171492059_R05C01	0.997783
6171492059_R06C01	0.998135
6171492059_R07C01	0.997237
6171492059_R08C01	0.998024
6171492060_R01C01	0.997922
6171492060_R02C01	0.998175
6171492060_R03C01	0.993796
6171492060_R04C01	0.99836
6171492060_R05C01	0.997964
6171492060_R08C01	0.991801
6171492068_R01C01	0.99809
6171492068_R02C01	0.999041
6171492068_R03C01	0.997375
6171492068_R04C01	0.997029
6171492068_R05C01	0.998523
6171492068_R06C01	0.998061
6171492068_R08C01	0.997629
6171492069_R02C01	0.996896
6171492069_R06C01	0.996078
6171492069_R07C01	0.997819
6171492069_R08C01	0.998257
6171492072_R03C01	0.997751
6171492072_R04C01	0.996864
6171492072_R05C01	0.998432
6171492072_R06C01	0.996608
6171492072_R08C01	0.99745
6171492074_R01C01	0.997356
6171492074_R02C01	0.997711
6171492074_R03C01	0.997701
6171492074_R04C01	0.997619
6171492074_R05C01	0.997835
6171492074_R07C01	0.997881
6171492074_R08C01	0.998106
6171492075_R01C01	0.998805
6171492075_R03C01	0.998261
6171492075_R05C01	0.998191
6171492075_R06C01	0.977834
6171492075_R08C01	0.997725
6171492077_R01C01	0.995937
6171492077_R02C01	0.997377
6171492077_R03C01	0.997897
6171492077_R07C01	0.997534
6171492077_R08C01	0.997705
6171492078_R01C01	0.998729
6171492078_R02C01	0.998508
6171492078_R03C01	0.997548
6171492078_R05C01	0.997506
6171492078_R06C01	0.996831
6171492078_R07C01	0.997561
6171492078_R08C01	0.9982
6171492079_R01C01	0.998322
6171492079_R03C01	0.997917
6171492079_R04C01	0.998441
6171492079_R05C01	0.997118
6171492079_R06C01	0.99804
6171492079_R07C01	0.998066
6171492079_R08C01	0.983643
6171492084_R01C01	0.997382
6171492084_R02C01	0.997729
6171492084_R03C01	0.998699
6171492084_R04C01	0.998225
6171492084_R05C01	0.997638
6171492084_R06C01	0.998041
6171492084_R08C01	0.998538
6171492086_R02C01	0.997599
6171492086_R05C01	0.997855
6171492086_R06C01	0.996504
6171492086_R07C01	0.99807
6171492086_R08C01	0.998248
6171492090_R01C01	0.998145
6171492090_R02C01	0.994241
6171492090_R03C01	0.998084
6171492090_R05C01	0.997461
6171492090_R06C01	0.997492
6171492090_R07C01	0.997276
6171492090_R08C01	0.998688
6171492100_R01C01	0.995935
6171492100_R03C01	0.996242
6171492100_R04C01	0.987737
6171492100_R05C01	0.997002
6171492100_R08C01	0.997602
6172882004_R01C01	0.997881
6172882004_R02C01	0.998552
6172882004_R03C01	0.994385
6172882004_R06C01	0.991646
6172882004_R07C01	0.998798
6172882004_R08C01	0.998175
6172882009_R01C01	0.998362
6172882009_R02C01	0.997841
6172882009_R03C01	0.998951
6172882009_R04C01	0.997604
6172882009_R05C01	0.997089
6172882009_R06C01	0.99724
6172882009_R07C01	0.998231
6172882009_R08C01	0.998001
6172882050_R01C01	0.997741
6172882050_R02C01	0.998164
6172882050_R03C01	0.9988
6172882050_R04C01	0.99812
6172882050_R05C01	0.998249
6172882050_R06C01	0.998252
6172882050_R08C01	0.996639
6172882051_R01C01	0.998249
6172882051_R02C01	0.99764
6172882051_R04C01	0.997858
6172882051_R05C01	0.99667
6172882051_R06C01	0.997864
6172882051_R07C01	0.9979
6172882051_R08C01	0.998416
6186483013_R01C01	0.994984
6186483013_R02C01	0.998163
6186483013_R03C01	0.990733
6186483013_R04C01	0.9979
6186483013_R05C01	0.998309
6186483013_R06C01	0.997846
6186483013_R07C01	0.998523
6186483013_R08C01	0.998269
6186483032_R03C01	0.998215
6186483032_R04C01	0.997756
6186483032_R05C01	0.998211
6186483032_R06C01	0.997743
6186483032_R07C01	0.997549
6186483032_R08C01	0.992797
6186483043_R01C01	0.979576
6186483043_R04C01	0.990754
6186483043_R05C01	0.998162
6186483043_R06C01	0.996726
6186483043_R08C01	0.997496
6186483051_R01C01	0.998199
6186483051_R08C01	0.997632
6186483068_R01C01	0.994136
6186483068_R02C01	0.998191
6186483068_R03C01	0.997878
6186483090_R01C01	0.998234
6186483090_R02C01	0.996509
6186483090_R03C01	0.998748
6186483090_R04C01	0.997954
6186483090_R06C01	0.998114
6186483090_R07C01	0.998168
6186483090_R08C01	0.997488
6186483093_R02C01	0.98483
6186483093_R03C01	0.996849
6186483093_R05C01	0.998863
6186483093_R06C01	0.99853
6186483093_R08C01	0.998581
6186483099_R01C01	0.996422
6186483099_R03C01	0.997014
6186483099_R04C01	0.99849
6186483099_R05C01	0.996785
6186483099_R07C01	0.998201
6186483099_R08C01	0.997863
6186483101_R01C01	0.996114
6186483101_R02C01	0.9965
6186483101_R03C01	0.993595
6186483101_R04C01	0.997954
6186483101_R05C01	0.994411
6186483101_R06C01	0.990628
6186483101_R08C01	0.998593
6186483132_R01C01	0.985648
6247194011_R02C01	0.997355
6247194011_R03C01	0.997943
6247194011_R04C01	0.998011
6247194011_R05C01	0.998134
6247194011_R07C01	0.993444
6247194011_R08C01	0.997663
6247194028_R01C01	0.997194
6247194028_R02C01	0.992502
6247194028_R03C01	0.997927
6247194028_R04C01	0.997874
6247194028_R06C01	0.998755
6247194028_R07C01	0.997418
6247194028_R08C01	0.99861
6247194031_R01C01	0.99634
6247194031_R02C01	0.99848
6247194031_R03C01	0.997744
6247194031_R05C01	0.997678
6247194031_R06C01	0.99878
6247194031_R07C01	0.997695
6247194043_R02C01	0.996691
6247194043_R03C01	0.998033
6247194043_R04C01	0.998109
6247194043_R07C01	0.998604
6247194043_R08C01	0.997693
6247194064_R01C01	0.997181
6247194064_R03C01	0.997922
6247194064_R04C01	0.99857
6247194064_R05C01	0.997914
6247194064_R06C01	0.998609
6247194064_R07C01	0.998712
6247194064_R08C01	0.998729
6247194098_R01C01	0.997657
6247194098_R02C01	0.998367
6247194098_R03C01	0.996896
6247194098_R04C01	0.999209
6247194098_R05C01	0.998087
6247194098_R06C01	0.998654
6247194098_R07C01	0.99815
6247194098_R08C01	0.9984
6247194107_R03C01	0.995287
6247194107_R05C01	0.990323
6247194107_R07C01	0.997074
6247194115_R02C01	0.99788
6247194115_R04C01	0.993631
6247194115_R05C01	0.998366
6247194115_R06C01	0.997389
6247194115_R08C01	0.997652
6247194117_R02C01	0.998636
6247194117_R03C01	0.99913
6247194117_R04C01	0.993923
6247194117_R05C01	0.997995
6247194117_R07C01	0.997117
6247194117_R08C01	0.997607
6247194118_R05C01	0.998659
6247194118_R08C01	0.995876
6264533042_R07C01	0.998719
6264533048_R01C01	0.9983
6264533048_R03C01	0.997361
6264533048_R04C01	0.997858
6264533048_R05C01	0.996347
6264533048_R06C01	0.998307
6264533048_R07C01	0.998544
6264533048_R08C01	0.998778
6264533060_R03C01	0.996807
6264533060_R05C01	0.996386
6264533060_R06C01	0.99634
6264533060_R07C01	0.996497
6264533060_R08C01	0.998148
6264533086_R01C01	0.976629
6264533086_R03C01	0.996956
6264533086_R05C01	0.993305
6264550046_R02C01	0.997681
6264550046_R03C01	0.996238
6264550046_R04C01	0.996835
6264550046_R07C01	0.996599
