                      +-----------------------------+
                      |                             |
                      |   Eagle v2.4.1              |
                      |   November 18, 2018         |
                      |   Po-Ru Loh                 |
                      |                             |
                      +-----------------------------+

Copyright (C) 2015-2018 Harvard University.
Distributed under the GNU GPLv3+ open source license.

Command line options:

eagle \
    --vcfRef=/BIODATA/StudentsHome/kevine/GWAS/Git/GWAS/1000G/ALL.chr12.phase3_integrated.20130502.genotypes.bcf \
    --vcfTarget=qc-camgwas-updated.vcf.gz \
    --geneticMapFile=tables/genetic_map_hg19_withX.txt.gz \
    --outPrefix=chr12-phased_wref \
    --chrom=12 \
    --pbwtIters=10 \
    --numThreads=90 \
    --Kpbwt=50000 \
    --vcfOutFormat=z 

Setting number of threads to 90
[W::bcf_hdr_check_sanity] PL should be declared as Number=G

Reference samples: Nref = 2504
Target samples: Ntarget = 1185
SNPs to analyze: M = 78598 SNPs in both target and reference

SNPs ignored: 0 SNPs in target but not reference
              2165900 SNPs in reference but not target
              0 multi-allelic SNPs in target

Missing rate in target genotypes: 0.00435039

Filling in genetic map coordinates using reference file:
  tables/genetic_map_hg19_withX.txt.gz
Physical distance range: 133613826 base pairs
Genetic distance range:  175.093 cM
Average # SNPs per cM:   449
Number of <=(64-SNP, 1cM) segments: 1229
Average # SNPs per segment: 63

Time for reading input: 49.1494 sec

Fraction of heterozygous genotypes: 0.25334
Typical span of default 100-het history length: 0.88 cM
Setting --histFactor=1.14
Typical span of 113-het history length: 1.00 cM

BEGINNING PHASING

PHASING ITER 1 OF 10


Phasing target samples
................................................................................
Time for phasing iter 1: 993.9

PHASING ITER 2 OF 10


Phasing target samples
................................................................................
Time for phasing iter 2: 989.391

PHASING ITER 3 OF 10


Phasing target samples
................................................................................
Time for phasing iter 3: 935.624

PHASING ITER 4 OF 10


Phasing target samples
................................................................................
Time for phasing iter 4: 930.174

PHASING ITER 5 OF 10


Phasing target samples
................................................................................
Time for phasing iter 5: 940.138

PHASING ITER 6 OF 10


Phasing target samples
................................................................................
Time for phasing iter 6: 930.158

PHASING ITER 7 OF 10


Phasing target samples
................................................................................
Time for phasing iter 7: 943.159

PHASING ITER 8 OF 10


Phasing target samples
................................................................................
Time for phasing iter 8: 930.37

PHASING ITER 9 OF 10


Phasing target samples
................................................................................
Time for phasing iter 9: 919.358

PHASING ITER 10 OF 10


Phasing target samples
................................................................................
Time for phasing iter 10: 1168.57
Writing vcf.gz output to chr12-phased_wref.vcf.gz
Time for writing output: 12.6806
Total elapsed time for analysis = 9742.88 sec

Mean phase confidence of each target individual:
ID	PHASE_CONFIDENCE
6042341077_R01C01	0.998112
6042341077_R03C01	0.997103
6042341077_R04C01	0.996155
6042341077_R05C01	0.998489
6042341077_R06C01	0.998242
6042341077_R07C01	0.995917
6042341089_R01C01	0.99877
6042341089_R02C01	0.997421
6042341089_R03C01	0.997789
6042341089_R04C01	0.997452
6042341089_R05C01	0.99825
6042341089_R06C01	0.997063
6042341089_R07C01	0.997249
6042341089_R08C01	0.998263
6042341090_R01C01	0.997531
6042341090_R02C01	0.997419
6042341090_R03C01	0.997019
6042341090_R04C01	0.997632
6042341090_R05C01	0.996888
6042341090_R06C01	0.99815
6042341090_R07C01	0.996151
6042341090_R08C01	0.997205
6042341099_R01C01	0.998195
6042341099_R02C01	0.99752
6042341099_R03C01	0.998387
6042341099_R04C01	0.997701
6042341099_R05C01	0.996797
6042341099_R06C01	0.992498
6042341099_R07C01	0.995545
6042341099_R08C01	0.995975
6042341154_R06C01	0.997145
6042341154_R07C01	0.99785
6042341154_R08C01	0.998082
6042341162_R01C01	0.997889
6042341162_R02C01	0.998282
6042341162_R03C01	0.997635
6042341162_R04C01	0.998361
6042341162_R05C01	0.997932
6042341162_R06C01	0.998141
6042341162_R07C01	0.998538
6042341162_R08C01	0.998869
6042359084_R01C01	0.997684
6042359084_R02C01	0.997909
6042359084_R03C01	0.997175
6042359084_R04C01	0.997758
6042359084_R05C01	0.996528
6042359084_R06C01	0.99746
6042359084_R07C01	0.997309
6042359084_R08C01	0.999129
6042375002_R01C01	0.995794
6042375002_R02C01	0.997639
6042375002_R03C01	0.997362
6042375002_R04C01	0.997775
6042375002_R05C01	0.998517
6042375002_R06C01	0.99769
6042375002_R07C01	0.997412
6042375002_R08C01	0.997764
6042375003_R01C01	0.998343
6042375003_R02C01	0.998168
6042375003_R03C01	0.998008
6042375003_R04C01	0.997207
6042375003_R05C01	0.99834
6042375003_R06C01	0.998437
6042375003_R07C01	0.998411
6042375003_R08C01	0.998851
6042375012_R01C01	0.997486
6042375012_R02C01	0.998763
6042375012_R03C01	0.997013
6042375012_R04C01	0.998471
6042375012_R05C01	0.997302
6042375012_R06C01	0.997079
6042375013_R01C01	0.997961
6042375013_R02C01	0.997433
6042375013_R03C01	0.99735
6042375013_R04C01	0.997701
6042375013_R05C01	0.998057
6042375013_R06C01	0.998218
6042375013_R07C01	0.997814
6042375013_R08C01	0.997768
6042375014_R01C01	0.998663
6042375014_R02C01	0.998545
6042375014_R03C01	0.996368
6042375014_R04C01	0.997838
6042375014_R05C01	0.995982
6042375014_R06C01	0.998022
6042375014_R08C01	0.996861
6042375022_R01C01	0.996977
6042375022_R02C01	0.99804
6042375022_R03C01	0.997733
6042375022_R04C01	0.997582
6042375022_R05C01	0.997101
6042375022_R06C01	0.997706
6042375022_R07C01	0.997288
6042375023_R01C01	0.998647
6042375023_R02C01	0.998287
6042375023_R03C01	0.997913
6042375023_R04C01	0.997271
6042375023_R05C01	0.998179
6042375023_R06C01	0.997213
6042375023_R07C01	0.997307
6042375023_R08C01	0.997345
6042375024_R01C01	0.99894
6042375024_R02C01	0.997452
6042375024_R03C01	0.996987
6042375024_R04C01	0.997434
6042375024_R05C01	0.998292
6042375024_R06C01	0.997977
6042375024_R07C01	0.995309
6042375024_R08C01	0.99863
6042375025_R01C01	0.997972
6042375025_R02C01	0.998425
6042375025_R03C01	0.998744
6042375025_R04C01	0.99847
6042375025_R05C01	0.997981
6042375025_R06C01	0.998071
6042375025_R07C01	0.99856
6042375025_R08C01	0.998203
6042375029_R01C01	0.998006
6042375029_R02C01	0.997258
6042375029_R03C01	0.998159
6042375029_R04C01	0.997761
6042375029_R05C01	0.996585
6042375029_R06C01	0.99807
6042375029_R07C01	0.997551
6042375029_R08C01	0.996886
6042375043_R01C01	0.99804
6042375043_R02C01	0.997447
6042375043_R04C01	0.998076
6042375043_R05C01	0.99713
6042375043_R07C01	0.996371
6042375043_R08C01	0.99921
6042375044_R01C01	0.993842
6042375044_R02C01	0.998685
6042375044_R03C01	0.997873
6042375044_R05C01	0.995626
6042375044_R06C01	0.997916
6042375044_R07C01	0.997727
6042375044_R08C01	0.996659
6042375045_R02C01	0.996013
6042375045_R03C01	0.995765
6042375045_R04C01	0.991235
6042375045_R05C01	0.99804
6042375045_R06C01	0.99737
6042375045_R07C01	0.997693
6042375045_R08C01	0.998248
6042375053_R01C01	0.998063
6042375053_R02C01	0.998135
6042375053_R03C01	0.997963
6042375053_R04C01	0.997546
6042375053_R05C01	0.997611
6042375053_R06C01	0.997104
6042375053_R07C01	0.9966
6042375053_R08C01	0.996048
6042375080_R01C01	0.997666
6042375080_R02C01	0.997927
6042375080_R03C01	0.99839
6042375080_R04C01	0.997676
6042375080_R05C01	0.99839
6042375080_R06C01	0.998584
6042375080_R07C01	0.998297
6042375080_R08C01	0.997811
6042375085_R01C01	0.996817
6042375085_R02C01	0.997255
6042375085_R03C01	0.995294
6042375085_R04C01	0.997582
6042375085_R05C01	0.997547
6042375085_R06C01	0.998422
6042375085_R07C01	0.998359
6042375085_R08C01	0.997612
6042375100_R01C01	0.996306
6042375100_R02C01	0.998674
6042375100_R04C01	0.998362
6042375100_R05C01	0.997483
6042375100_R06C01	0.997673
6042375100_R07C01	0.997904
6042375100_R08C01	0.99808
6042375101_R01C01	0.997235
6042375101_R02C01	0.997915
6042375101_R03C01	0.998576
6042375101_R04C01	0.997702
6042375101_R05C01	0.997439
6042375101_R06C01	0.992939
6042375101_R07C01	0.997668
6042375101_R08C01	0.997956
6042375104_R01C01	0.996647
6042375104_R02C01	0.995164
6042375104_R03C01	0.996886
6042375104_R04C01	0.99736
6042375104_R06C01	0.997216
6042375104_R08C01	0.997723
6042375137_R01C01	0.996692
6042375137_R02C01	0.998821
6042375137_R03C01	0.996912
6042375137_R05C01	0.994091
6042375137_R06C01	0.998535
6042375137_R07C01	0.998301
6042375137_R08C01	0.99833
6042375138_R01C01	0.99811
6042375138_R02C01	0.998443
6042375138_R03C01	0.996851
6042375138_R04C01	0.997536
6042375138_R05C01	0.997975
6042375138_R06C01	0.992212
6042375138_R07C01	0.998489
6042375138_R08C01	0.997417
6042375146_R01C01	0.997699
6042375146_R02C01	0.997175
6042375146_R03C01	0.997977
6042375146_R04C01	0.997428
6042375146_R05C01	0.99817
6042375146_R06C01	0.998383
6042375146_R07C01	0.998368
6042375146_R08C01	0.998398
6130471012_R01C01	0.998208
6130471012_R02C01	0.997835
6130471012_R03C01	0.996246
6130471012_R04C01	0.998052
6130471012_R05C01	0.997443
6130471012_R06C01	0.997175
6130471012_R07C01	0.998833
6130471012_R08C01	0.997726
6130471070_R01C01	0.998155
6130471070_R02C01	0.991031
6130471070_R03C01	0.998476
6130471070_R04C01	0.997974
6130471070_R05C01	0.997368
6130471070_R06C01	0.996915
6130471070_R07C01	0.997348
6130471070_R08C01	0.997232
6130471071_R01C01	0.997316
6130471071_R02C01	0.996273
6130471071_R03C01	0.997599
6130471071_R05C01	0.997372
6130471071_R06C01	0.994938
6130471071_R07C01	0.997258
6130471110_R01C01	0.997227
6130471110_R02C01	0.997561
6130471110_R04C01	0.997459
6130471110_R05C01	0.993714
6130471110_R06C01	0.998464
6130471110_R07C01	0.996843
6130471110_R08C01	0.993666
6130471129_R01C01	0.996422
6130471129_R02C01	0.997513
6130471129_R03C01	0.997635
6130471129_R04C01	0.99718
6130471129_R05C01	0.995912
6130471129_R06C01	0.99772
6130471129_R07C01	0.995285
6130471129_R08C01	0.997778
6135563011_R01C01	0.997852
6135563011_R02C01	0.997605
6135563011_R03C01	0.99825
6135563011_R04C01	0.998351
6135563011_R06C01	0.99836
6135563011_R07C01	0.997895
6135563011_R08C01	0.996354
6135563012_R02C01	0.998199
6135563012_R04C01	0.994509
6135563012_R05C01	0.997094
6135563012_R06C01	0.998205
6135563012_R07C01	0.997622
6135563012_R08C01	0.995149
6135563014_R02C01	0.998441
6135563014_R03C01	0.998017
6135563014_R04C01	0.998157
6135563014_R05C01	0.997621
6135563014_R06C01	0.997147
6135563014_R07C01	0.998268
6135563014_R08C01	0.998494
6135563015_R02C01	0.996457
6135563015_R04C01	0.997238
6135563015_R05C01	0.996679
6135563015_R06C01	0.99675
6135563015_R07C01	0.996614
6135563015_R08C01	0.99785
6135563041_R01C01	0.998562
6135563041_R03C01	0.995964
6135563041_R04C01	0.997796
6135563041_R05C01	0.998104
6135563041_R06C01	0.999157
6135571025_R01C01	0.99329
6135571025_R03C01	0.995378
6135571025_R04C01	0.997599
6135571025_R07C01	0.997678
6135571025_R08C01	0.997546
6135580001_R01C01	0.99811
6135580001_R02C01	0.998123
6135580001_R03C01	0.998127
6135580001_R04C01	0.997364
6135580001_R05C01	0.997357
6135580001_R06C01	0.998096
6135580001_R07C01	0.998359
6135580001_R08C01	0.998162
6135580011_R01C01	0.997288
6135580011_R02C01	0.996484
6135580011_R03C01	0.998345
6135580011_R04C01	0.997497
6135580011_R05C01	0.998366
6135580011_R07C01	0.997962
6135580011_R08C01	0.998131
6135580017_R01C01	0.998276
6135580017_R02C01	0.998296
6135580017_R03C01	0.995611
6135580017_R04C01	0.997574
6135580017_R05C01	0.997418
6135580017_R06C01	0.997654
6135580017_R07C01	0.998625
6135580017_R08C01	0.998144
6135580027_R01C01	0.997415
6135580027_R02C01	0.996778
6135580027_R03C01	0.998524
6135580027_R04C01	0.997583
6135580027_R05C01	0.997862
6135580027_R06C01	0.998476
6135580027_R07C01	0.998565
6135580027_R08C01	0.998535
6135580057_R01C01	0.997319
6135580057_R02C01	0.997882
6135580057_R03C01	0.99858
6135580057_R04C01	0.998031
6135580057_R05C01	0.997666
6135580057_R06C01	0.996566
6135580057_R07C01	0.997869
6135580057_R08C01	0.998507
6135580073_R01C01	0.998447
6135580073_R03C01	0.997898
6135580073_R04C01	0.996905
6135580073_R05C01	0.997093
6135580073_R06C01	0.998085
6135580073_R07C01	0.998162
6135580073_R08C01	0.9979
6135580082_R01C01	0.998238
6135580082_R02C01	0.998518
6135580082_R03C01	0.996314
6135580082_R04C01	0.998248
6135580082_R06C01	0.995527
6135580082_R07C01	0.998289
6135580082_R08C01	0.998348
6135580098_R01C01	0.99874
6135580098_R02C01	0.996957
6135580098_R04C01	0.997786
6135580098_R05C01	0.998005
6135580098_R06C01	0.997594
6135580098_R07C01	0.997806
6135580098_R08C01	0.99831
6135580116_R02C01	0.993932
6135580116_R03C01	0.998333
6135580116_R05C01	0.996913
6135580116_R06C01	0.997159
6135580116_R08C01	0.99776
6135580117_R02C01	0.995715
6135580117_R03C01	0.998814
6135580117_R04C01	0.997861
6135580117_R05C01	0.998145
6135580117_R06C01	0.99851
6135580118_R01C01	0.997703
6135580118_R02C01	0.995105
6135580118_R04C01	0.997534
6135580118_R05C01	0.99733
6135580118_R06C01	0.996433
6135580118_R08C01	0.995995
6135580123_R02C01	0.997628
6135580123_R04C01	0.997529
6135580123_R05C01	0.997949
6135580123_R07C01	0.990727
6135580123_R08C01	0.994649
6135580144_R01C01	0.998263
6135580144_R08C01	0.99703
6135580145_R06C01	0.998126
6135580145_R08C01	0.992008
6135601008_R01C01	0.997986
6135601008_R02C01	0.993869
6135601008_R03C01	0.998077
6135601008_R04C01	0.99672
6135601008_R06C01	0.998483
6135601008_R07C01	0.998257
6135601008_R08C01	0.998126
6135601009_R01C01	0.998515
6135601009_R02C01	0.997215
6135601009_R03C01	0.998724
6135601009_R04C01	0.998693
6135601009_R05C01	0.997292
6135601009_R06C01	0.998466
6135601009_R07C01	0.998036
6135601009_R08C01	0.997458
6135601012_R04C01	0.998042
6135601012_R05C01	0.998681
6135601012_R06C01	0.998384
6135601012_R07C01	0.992478
6135601018_R03C01	0.997239
6135601018_R05C01	0.997838
6135601018_R07C01	0.988395
6135601018_R08C01	0.994402
6135601027_R03C01	0.997382
6135601027_R04C01	0.997125
6135601027_R05C01	0.997622
6135601027_R07C01	0.997025
6135601034_R01C01	0.99842
6135601034_R02C01	0.997036
6135601034_R03C01	0.997664
6135601034_R04C01	0.997749
6135601034_R06C01	0.99801
6135601045_R01C01	0.998282
6135601045_R02C01	0.999032
6135601045_R03C01	0.996661
6135601045_R04C01	0.997959
6135601045_R05C01	0.997317
6135601045_R07C01	0.997841
6135601045_R08C01	0.997371
6135601049_R01C01	0.998246
6135601049_R02C01	0.997523
6135601049_R03C01	0.997672
6135601049_R05C01	0.991861
6135601049_R06C01	0.998795
6135601049_R07C01	0.997546
6135601049_R08C01	0.998306
6135601060_R01C01	0.995244
6135601060_R03C01	0.996918
6135601060_R04C01	0.980262
6135601060_R05C01	0.996119
6135601060_R06C01	0.995243
6135601066_R01C01	0.997339
6135601066_R02C01	0.995237
6135601066_R03C01	0.997944
6135601066_R04C01	0.997208
6135601066_R05C01	0.994673
6135601066_R06C01	0.997661
6135601066_R07C01	0.997153
6135601066_R08C01	0.998035
6135601080_R01C01	0.997935
6135601080_R02C01	0.995056
6135601080_R03C01	0.997944
6135601080_R07C01	0.998055
6135601080_R08C01	0.998891
6135601081_R01C01	0.99835
6135601081_R02C01	0.998343
6135601081_R03C01	0.997833
6135601081_R04C01	0.997073
6135601081_R05C01	0.998126
6135601081_R07C01	0.998114
6135601081_R08C01	0.997596
6135601082_R02C01	0.998471
6135601082_R03C01	0.998181
6135601082_R04C01	0.99754
6135601082_R05C01	0.997205
6135601082_R06C01	0.996611
6135601082_R07C01	0.99753
6135601082_R08C01	0.997998
6135601086_R01C01	0.996177
6135601086_R03C01	0.997293
6135601086_R04C01	0.998398
6135601086_R05C01	0.994783
6135601086_R07C01	0.997467
6135601094_R05C01	0.996263
6135601094_R06C01	0.991059
6135601108_R01C01	0.997333
6135601108_R02C01	0.996436
6135601108_R03C01	0.998001
6135601108_R04C01	0.998129
6135601108_R05C01	0.99718
6135601108_R06C01	0.997042
6135601108_R07C01	0.997574
6135601108_R08C01	0.997377
6135601115_R02C01	0.997259
6135601115_R04C01	0.997291
6135601115_R06C01	0.997392
6135601115_R07C01	0.997637
6135601115_R08C01	0.998029
6135601116_R01C01	0.996629
6135601116_R02C01	0.998382
6135601116_R05C01	0.997742
6135601116_R07C01	0.997346
6135601116_R08C01	0.998419
6135601117_R01C01	0.996122
6135601117_R05C01	0.997912
6135601117_R06C01	0.996164
6135601117_R07C01	0.99787
6135601117_R08C01	0.997292
6135601120_R03C01	0.997367
6135601120_R04C01	0.998675
6135601120_R06C01	0.998183
6135601120_R07C01	0.996472
6135601120_R08C01	0.998027
6135601124_R01C01	0.997309
6135601124_R02C01	0.997459
6135601124_R03C01	0.998382
6135601124_R04C01	0.996972
6135601124_R05C01	0.998261
6135601124_R06C01	0.996951
6135601124_R07C01	0.996705
6135601124_R08C01	0.997015
6135601130_R01C01	0.997723
6135601130_R02C01	0.992106
6135601130_R03C01	0.99854
6135601130_R04C01	0.997909
6135601130_R05C01	0.997936
6135601130_R06C01	0.998069
6135601130_R07C01	0.99759
6135601130_R08C01	0.997919
6135601149_R01C01	0.996214
6135601149_R02C01	0.997105
6135601149_R06C01	0.994385
6135601149_R08C01	0.997281
6135601151_R01C01	0.996488
6135601151_R02C01	0.997362
6135601151_R03C01	0.997528
6135601151_R04C01	0.99794
6135601151_R05C01	0.998019
6135601151_R06C01	0.997944
6135601151_R07C01	0.997233
6135601151_R08C01	0.996664
6135601153_R03C01	0.997802
6135601153_R05C01	0.998087
6135601153_R06C01	0.993424
6135601153_R07C01	0.997199
6135601153_R08C01	0.998814
6135601156_R01C01	0.997422
6135601156_R02C01	0.997961
6135601156_R03C01	0.997139
6135601156_R04C01	0.997669
6135601156_R05C01	0.998163
6135601156_R06C01	0.998459
6135601156_R08C01	0.998143
6135601162_R01C01	0.993629
6135601162_R02C01	0.995832
6135601162_R04C01	0.997122
6135601162_R05C01	0.997384
6135601162_R06C01	0.996525
6135601162_R07C01	0.99779
6135601162_R08C01	0.997566
6135601167_R02C01	0.998422
6135601167_R03C01	0.997136
6135601167_R04C01	0.997231
6135601167_R05C01	0.995956
6135601167_R06C01	0.997141
6135601167_R07C01	0.996385
6147054060_R01C01	0.997817
6147054060_R02C01	0.998057
6147054060_R03C01	0.997433
6147054060_R04C01	0.998198
6147054060_R05C01	0.99653
6147054060_R07C01	0.997698
6147054060_R08C01	0.998799
6147054122_R01C01	0.997043
6147054122_R02C01	0.997683
6147054122_R03C01	0.996345
6147054122_R04C01	0.997268
6147054122_R05C01	0.996283
6147054122_R06C01	0.997464
6147054122_R07C01	0.997667
6147054122_R08C01	0.99774
6147054149_R01C01	0.997422
6147054149_R02C01	0.997308
6147054149_R07C01	0.997427
6147054149_R08C01	0.998185
6147054150_R01C01	0.998256
6147054150_R02C01	0.997843
6147054150_R03C01	0.99823
6147054150_R04C01	0.998596
6147054150_R05C01	0.997456
6147054150_R06C01	0.998426
6147054150_R07C01	0.996637
6147054150_R08C01	0.998429
6147062005_R03C01	0.998262
6147062005_R04C01	0.998125
6147062005_R06C01	0.996865
6147062005_R07C01	0.998401
6147062010_R01C01	0.997298
6147062010_R02C01	0.997765
6147062010_R03C01	0.998283
6147062010_R04C01	0.996886
6147062010_R05C01	0.998153
6147062010_R06C01	0.998125
6147062010_R07C01	0.997894
6147062010_R08C01	0.998169
6147062028_R03C01	0.997561
6147062037_R01C01	0.997219
6147062037_R02C01	0.992789
6147062037_R03C01	0.997531
6147062037_R04C01	0.997781
6147062037_R05C01	0.998224
6147062037_R06C01	0.997013
6147062037_R07C01	0.997264
6147062055_R01C01	0.996345
6147062055_R02C01	0.997326
6147062055_R04C01	0.99648
6147062055_R07C01	0.998142
6147062055_R08C01	0.997858
6147062102_R01C01	0.997522
6147062102_R02C01	0.997796
6147062102_R03C01	0.998235
6147062102_R04C01	0.997905
6147062102_R05C01	0.99832
6147062102_R06C01	0.998301
6147062133_R01C01	0.997633
6147062133_R02C01	0.997467
6147062133_R03C01	0.997486
6147062133_R05C01	0.998526
6147062133_R06C01	0.99797
6147062134_R01C01	0.997608
6147062134_R02C01	0.998142
6147062134_R03C01	0.998514
6147062134_R06C01	0.996074
6147062134_R07C01	0.997622
6147062134_R08C01	0.997216
6147062135_R01C01	0.998119
6147062135_R02C01	0.998183
6147062135_R04C01	0.998048
6147062135_R05C01	0.998291
6147062135_R06C01	0.995871
6147062135_R08C01	0.997465
6147062147_R01C01	0.992924
6147062147_R03C01	0.996805
6147062147_R04C01	0.998282
6147062147_R05C01	0.998344
6147062147_R06C01	0.997297
6147062147_R07C01	0.995987
6147062147_R08C01	0.997811
6147062162_R01C01	0.997939
6147062162_R03C01	0.997449
6147062162_R05C01	0.998818
6147062162_R06C01	0.997742
6147062162_R07C01	0.998114
6147062167_R02C01	0.997999
6147062167_R03C01	0.997913
6147062167_R04C01	0.997433
6147062167_R05C01	0.997203
6147062167_R06C01	0.995986
6147062167_R08C01	0.99639
6147071002_R01C01	0.997322
6147071002_R02C01	0.991804
6147071002_R03C01	0.998484
6147071002_R05C01	0.996798
6147071002_R06C01	0.997733
6147071002_R07C01	0.999025
6147071002_R08C01	0.998456
6147071043_R03C01	0.998342
6147071043_R05C01	0.997732
6147071043_R08C01	0.997837
6147071044_R01C01	0.998832
6147071044_R02C01	0.997061
6147071044_R03C01	0.998004
6147071044_R04C01	0.997849
6147071044_R06C01	0.996975
6147071044_R07C01	0.997134
6147071044_R08C01	0.997326
6147071047_R01C01	0.997519
6147071047_R02C01	0.998125
6147071047_R05C01	0.997373
6147071047_R06C01	0.99779
6147071047_R07C01	0.997466
6147071047_R08C01	0.995806
6147071059_R02C01	0.997542
6147071059_R03C01	0.996786
6147071059_R04C01	0.998009
6147071059_R07C01	0.997724
6147071059_R08C01	0.997016
6147071060_R02C01	0.997504
6147071060_R03C01	0.996676
6147071060_R04C01	0.996737
6147071060_R05C01	0.997949
6147071060_R06C01	0.998031
6147071060_R07C01	0.996651
6147071060_R08C01	0.994944
6147071101_R01C01	0.998444
6147071101_R02C01	0.997105
6147071101_R04C01	0.996934
6147071101_R05C01	0.998212
6147071101_R06C01	0.997549
6147071101_R07C01	0.998144
6147071101_R08C01	0.994748
6147071123_R01C01	0.997585
6147071123_R02C01	0.997914
6147071123_R03C01	0.997193
6147071123_R04C01	0.998147
6147071123_R05C01	0.998147
6147071123_R06C01	0.99794
6147071123_R07C01	0.997939
6147071123_R08C01	0.996207
6147071155_R01C01	0.997844
6147071155_R02C01	0.998158
6147071155_R03C01	0.996663
6147071155_R04C01	0.99725
6147071155_R06C01	0.998389
6147071155_R07C01	0.996197
6147071155_R08C01	0.998201
6147071157_R01C01	0.997293
6147071157_R02C01	0.997851
6147071157_R03C01	0.997855
6147071157_R04C01	0.998237
6147071157_R05C01	0.998041
6147071157_R06C01	0.99804
6147071157_R07C01	0.997992
6147071157_R08C01	0.996925
6160275010_R02C01	0.996673
6160275010_R03C01	0.997846
6160275010_R04C01	0.997045
6160275010_R05C01	0.997462
6160275010_R06C01	0.997795
6160275010_R07C01	0.998205
6160275010_R08C01	0.997731
6160275012_R02C01	0.998064
6160275012_R03C01	0.997457
6160275012_R04C01	0.997675
6160275012_R05C01	0.996057
6160275012_R06C01	0.997353
6160275012_R07C01	0.997947
6160275012_R08C01	0.999035
6160275019_R01C01	0.999139
6160275019_R02C01	0.997048
6160275019_R03C01	0.998759
6160275019_R04C01	0.998411
6160275019_R05C01	0.997046
6160275019_R06C01	0.997803
6160275019_R07C01	0.997175
6160275020_R01C01	0.997831
6160275020_R02C01	0.997407
6160275020_R03C01	0.997814
6160275020_R04C01	0.998472
6160275020_R05C01	0.998128
6160275020_R06C01	0.996945
6160275020_R07C01	0.997189
6160275020_R08C01	0.99817
6160275021_R01C01	0.997182
6160275021_R02C01	0.996905
6160275021_R03C01	0.998581
6160275021_R04C01	0.997749
6160275021_R05C01	0.997658
6160275021_R06C01	0.998532
6160275021_R07C01	0.997841
6160275021_R08C01	0.997682
6160275022_R01C01	0.997401
6160275022_R02C01	0.997738
6160275022_R03C01	0.997768
6160275022_R04C01	0.997621
6160275022_R05C01	0.997427
6160275022_R06C01	0.997517
6160275022_R07C01	0.997722
6160275022_R08C01	0.998124
6160275043_R01C01	0.997694
6160275043_R02C01	0.996739
6160275043_R03C01	0.99825
6160275043_R04C01	0.996922
6160275043_R05C01	0.998188
6160275043_R06C01	0.996935
6160275043_R08C01	0.994673
6160275044_R01C01	0.997086
6160275044_R02C01	0.99733
6160275044_R03C01	0.997246
6160275044_R04C01	0.997322
6160275044_R05C01	0.996877
6160275044_R06C01	0.997742
6160275044_R07C01	0.998704
6160275044_R08C01	0.99749
6160275046_R01C01	0.997588
6160275046_R02C01	0.997599
6160275046_R03C01	0.996571
6160275046_R05C01	0.991188
6160275046_R06C01	0.99822
6160275046_R07C01	0.997524
6160275058_R01C01	0.995958
6160275058_R02C01	0.998029
6160275058_R03C01	0.9975
6160275058_R04C01	0.997461
6160275058_R05C01	0.997697
6160275058_R06C01	0.998406
6160275058_R07C01	0.997176
6160275058_R08C01	0.998671
6160275059_R01C01	0.998809
6160275059_R02C01	0.99874
6160275059_R03C01	0.998455
6160275059_R04C01	0.997554
6160275059_R05C01	0.998132
6160275059_R06C01	0.998607
6160275059_R07C01	0.998815
6160275059_R08C01	0.998153
6160275060_R01C01	0.997287
6160275060_R02C01	0.997366
6160275060_R03C01	0.997566
6160275060_R04C01	0.998845
6160275060_R05C01	0.997639
6160275060_R06C01	0.99808
6160275060_R07C01	0.997879
6160275060_R08C01	0.997653
6160304032_R01C01	0.997944
6160304032_R02C01	0.995949
6160304032_R03C01	0.99782
6160304032_R04C01	0.997579
6160304032_R05C01	0.997935
6160304032_R07C01	0.997433
6160304032_R08C01	0.998318
6160304033_R01C01	0.998756
6160304033_R02C01	0.998581
6160304033_R03C01	0.997609
6160304033_R04C01	0.997754
6160304033_R05C01	0.9936
6160304033_R06C01	0.998775
6160304033_R07C01	0.99781
6160304033_R08C01	0.997551
6164663042_R01C01	0.992894
6164663042_R02C01	0.997697
6164663042_R03C01	0.998091
6164663042_R04C01	0.997969
6164663042_R05C01	0.997652
6164663042_R06C01	0.996415
6164663042_R07C01	0.998127
6164663042_R08C01	0.998096
6165295013_R01C01	0.998068
6165295013_R02C01	0.996972
6165295013_R03C01	0.998371
6165295013_R04C01	0.998551
6165295013_R06C01	0.997866
6165295019_R01C01	0.996585
6165295019_R02C01	0.997485
6165295019_R04C01	0.996729
6165295019_R05C01	0.998026
6165295019_R06C01	0.998109
6165295019_R07C01	0.997024
6165295019_R08C01	0.998184
6165295021_R01C01	0.990532
6165295021_R02C01	0.997702
6165295021_R03C01	0.997663
6165295021_R04C01	0.997464
6165295021_R05C01	0.998259
6165295021_R06C01	0.99828
6165295021_R07C01	0.998075
6165295021_R08C01	0.996521
6165295023_R01C01	0.995046
6165295023_R02C01	0.995449
6165295023_R03C01	0.997849
6165295023_R04C01	0.997195
6165295023_R05C01	0.993304
6165295023_R06C01	0.997598
6165295023_R07C01	0.998164
6165295023_R08C01	0.998554
6165295050_R01C01	0.997759
6165295050_R02C01	0.992823
6165295050_R03C01	0.996124
6165295050_R04C01	0.997784
6165295050_R05C01	0.998156
6165295050_R06C01	0.998762
6165295050_R07C01	0.997724
6165295050_R08C01	0.998266
6165295051_R01C01	0.995067
6165295051_R03C01	0.996575
6165295051_R04C01	0.997867
6165295051_R05C01	0.997395
6165295051_R07C01	0.996061
6165295051_R08C01	0.996921
6171492001_R02C01	0.99067
6171492001_R03C01	0.997141
6171492001_R05C01	0.99738
6171492001_R07C01	0.998123
6171492013_R02C01	0.998049
6171492013_R03C01	0.99787
6171492013_R04C01	0.998831
6171492013_R07C01	0.996334
6171492013_R08C01	0.998293
6171492015_R01C01	0.998057
6171492015_R02C01	0.995713
6171492015_R03C01	0.998253
6171492015_R04C01	0.996498
6171492015_R05C01	0.997912
6171492015_R06C01	0.997728
6171492015_R07C01	0.997631
6171492015_R08C01	0.997993
6171492016_R01C01	0.997595
6171492016_R02C01	0.997579
6171492016_R03C01	0.996707
6171492016_R04C01	0.996893
6171492016_R05C01	0.998066
6171492016_R06C01	0.997054
6171492016_R07C01	0.99793
6171492017_R02C01	0.997587
6171492017_R03C01	0.993412
6171492017_R04C01	0.997304
6171492017_R05C01	0.997414
6171492017_R06C01	0.997199
6171492017_R07C01	0.997877
6171492017_R08C01	0.996078
6171492025_R01C01	0.998508
6171492025_R02C01	0.996795
6171492025_R03C01	0.9962
6171492025_R04C01	0.993384
6171492025_R05C01	0.997919
6171492025_R06C01	0.997069
6171492025_R07C01	0.997514
6171492025_R08C01	0.997949
6171492029_R01C01	0.998584
6171492029_R02C01	0.997759
6171492029_R04C01	0.998669
6171492029_R05C01	0.998227
6171492029_R06C01	0.998565
6171492029_R08C01	0.997953
6171492039_R03C01	0.998395
6171492039_R04C01	0.996789
6171492039_R05C01	0.998122
6171492039_R06C01	0.987602
6171492039_R07C01	0.997055
6171492043_R02C01	0.998061
6171492043_R03C01	0.994587
6171492043_R04C01	0.996022
6171492043_R05C01	0.998225
6171492043_R06C01	0.997864
6171492043_R07C01	0.994717
6171492043_R08C01	0.998632
6171492045_R01C01	0.997624
6171492045_R02C01	0.997291
6171492045_R05C01	0.998028
6171492045_R08C01	0.99676
6171492048_R06C01	0.984919
6171492048_R08C01	0.975513
6171492049_R01C01	0.997116
6171492049_R02C01	0.998321
6171492049_R03C01	0.997968
6171492049_R04C01	0.992714
6171492049_R05C01	0.998388
6171492049_R06C01	0.99936
6171492049_R07C01	0.996942
6171492049_R08C01	0.996854
6171492050_R01C01	0.997254
6171492050_R02C01	0.997785
6171492050_R05C01	0.997346
6171492050_R06C01	0.99741
6171492050_R07C01	0.998344
6171492050_R08C01	0.996456
6171492053_R01C01	0.997651
6171492053_R02C01	0.998855
6171492053_R03C01	0.997692
6171492053_R04C01	0.996784
6171492053_R05C01	0.997537
6171492053_R06C01	0.997439
6171492053_R07C01	0.998393
6171492053_R08C01	0.99845
6171492055_R01C01	0.997909
6171492055_R02C01	0.990866
6171492055_R03C01	0.998037
6171492055_R04C01	0.998604
6171492055_R06C01	0.998509
6171492055_R07C01	0.997927
6171492055_R08C01	0.998171
6171492056_R01C01	0.998075
6171492056_R02C01	0.997759
6171492056_R03C01	0.998258
6171492056_R04C01	0.997691
6171492056_R05C01	0.997705
6171492056_R08C01	0.997099
6171492059_R01C01	0.99836
6171492059_R02C01	0.997065
6171492059_R04C01	0.997787
6171492059_R05C01	0.997672
6171492059_R06C01	0.997043
6171492059_R07C01	0.997245
6171492059_R08C01	0.998696
6171492060_R01C01	0.998298
6171492060_R02C01	0.998664
6171492060_R03C01	0.993966
6171492060_R04C01	0.997858
6171492060_R05C01	0.998013
6171492060_R08C01	0.990669
6171492068_R01C01	0.998024
6171492068_R02C01	0.998246
6171492068_R03C01	0.997686
6171492068_R04C01	0.997381
6171492068_R05C01	0.998173
6171492068_R06C01	0.997726
6171492068_R08C01	0.997068
6171492069_R02C01	0.996719
6171492069_R06C01	0.996005
6171492069_R07C01	0.997347
6171492069_R08C01	0.997973
6171492072_R03C01	0.997266
6171492072_R04C01	0.99797
6171492072_R05C01	0.997669
6171492072_R06C01	0.996931
6171492072_R08C01	0.997929
6171492074_R01C01	0.998032
6171492074_R02C01	0.997872
6171492074_R03C01	0.997738
6171492074_R04C01	0.996722
6171492074_R05C01	0.998014
6171492074_R07C01	0.99721
6171492074_R08C01	0.998101
6171492075_R01C01	0.997613
6171492075_R03C01	0.998336
6171492075_R05C01	0.998097
6171492075_R06C01	0.977546
6171492075_R08C01	0.997837
6171492077_R01C01	0.997238
6171492077_R02C01	0.996872
6171492077_R03C01	0.99736
6171492077_R07C01	0.996368
6171492077_R08C01	0.997701
6171492078_R01C01	0.998376
6171492078_R02C01	0.998093
6171492078_R03C01	0.997136
6171492078_R05C01	0.997529
6171492078_R06C01	0.996202
6171492078_R07C01	0.997444
6171492078_R08C01	0.997739
6171492079_R01C01	0.998418
6171492079_R03C01	0.997706
6171492079_R04C01	0.998212
6171492079_R05C01	0.997986
6171492079_R06C01	0.997013
6171492079_R07C01	0.998328
6171492079_R08C01	0.983744
6171492084_R01C01	0.996638
6171492084_R02C01	0.998256
6171492084_R03C01	0.99857
6171492084_R04C01	0.997921
6171492084_R05C01	0.997521
6171492084_R06C01	0.997776
6171492084_R08C01	0.998659
6171492086_R02C01	0.997495
6171492086_R05C01	0.997332
6171492086_R06C01	0.996894
6171492086_R07C01	0.998118
6171492086_R08C01	0.997903
6171492090_R01C01	0.997973
6171492090_R02C01	0.995551
6171492090_R03C01	0.998233
6171492090_R05C01	0.997394
6171492090_R06C01	0.997257
6171492090_R07C01	0.997648
6171492090_R08C01	0.998526
6171492100_R01C01	0.997527
6171492100_R03C01	0.996058
6171492100_R04C01	0.987022
6171492100_R05C01	0.996087
6171492100_R08C01	0.998241
6172882004_R01C01	0.998182
6172882004_R02C01	0.997809
6172882004_R03C01	0.994933
6172882004_R06C01	0.990745
6172882004_R07C01	0.998137
6172882004_R08C01	0.998248
6172882009_R01C01	0.997984
6172882009_R02C01	0.997321
6172882009_R03C01	0.998265
6172882009_R04C01	0.997913
6172882009_R05C01	0.996774
6172882009_R06C01	0.99746
6172882009_R07C01	0.998206
6172882009_R08C01	0.997917
6172882050_R01C01	0.998188
6172882050_R02C01	0.997756
6172882050_R03C01	0.997871
6172882050_R04C01	0.994612
6172882050_R05C01	0.998816
6172882050_R06C01	0.99796
6172882050_R08C01	0.99637
6172882051_R01C01	0.99805
6172882051_R02C01	0.997569
6172882051_R04C01	0.997529
6172882051_R05C01	0.996082
6172882051_R06C01	0.997831
6172882051_R07C01	0.998945
6172882051_R08C01	0.998007
6186483013_R01C01	0.994032
6186483013_R02C01	0.998021
6186483013_R03C01	0.992572
6186483013_R04C01	0.997643
6186483013_R05C01	0.997585
6186483013_R06C01	0.998221
6186483013_R07C01	0.998142
6186483013_R08C01	0.997387
6186483032_R03C01	0.998387
6186483032_R04C01	0.996423
6186483032_R05C01	0.997457
6186483032_R06C01	0.997545
6186483032_R07C01	0.996588
6186483032_R08C01	0.992879
6186483043_R01C01	0.979774
6186483043_R04C01	0.989225
6186483043_R05C01	0.998353
6186483043_R06C01	0.996003
6186483043_R08C01	0.997453
6186483051_R01C01	0.998366
6186483051_R08C01	0.997651
6186483068_R01C01	0.994818
6186483068_R02C01	0.997744
6186483068_R03C01	0.997764
6186483090_R01C01	0.99877
6186483090_R02C01	0.997888
6186483090_R03C01	0.998151
6186483090_R04C01	0.997314
6186483090_R06C01	0.998553
6186483090_R07C01	0.997444
6186483090_R08C01	0.997913
6186483093_R02C01	0.986555
6186483093_R03C01	0.997308
6186483093_R05C01	0.998712
6186483093_R06C01	0.997669
6186483093_R08C01	0.998256
6186483099_R01C01	0.996205
6186483099_R03C01	0.99777
6186483099_R04C01	0.99748
6186483099_R05C01	0.996347
6186483099_R07C01	0.997139
6186483099_R08C01	0.998399
6186483101_R01C01	0.996493
6186483101_R02C01	0.995507
6186483101_R03C01	0.993226
6186483101_R04C01	0.997506
6186483101_R05C01	0.994462
6186483101_R06C01	0.991804
6186483101_R08C01	0.998421
6186483132_R01C01	0.98437
6247194011_R02C01	0.997587
6247194011_R03C01	0.997096
6247194011_R04C01	0.997679
6247194011_R05C01	0.997208
6247194011_R07C01	0.995548
6247194011_R08C01	0.997541
6247194028_R01C01	0.996927
6247194028_R02C01	0.992512
6247194028_R03C01	0.997163
6247194028_R04C01	0.997905
6247194028_R06C01	0.996825
6247194028_R07C01	0.997448
6247194028_R08C01	0.998432
6247194031_R01C01	0.996109
6247194031_R02C01	0.996824
6247194031_R03C01	0.998027
6247194031_R05C01	0.997456
6247194031_R06C01	0.998747
6247194031_R07C01	0.997939
6247194043_R02C01	0.996801
6247194043_R03C01	0.998106
6247194043_R04C01	0.997345
6247194043_R07C01	0.99791
6247194043_R08C01	0.997153
6247194064_R01C01	0.997196
6247194064_R03C01	0.996933
6247194064_R04C01	0.998864
6247194064_R05C01	0.99767
6247194064_R06C01	0.998414
6247194064_R07C01	0.99832
6247194064_R08C01	0.998446
6247194098_R01C01	0.997611
6247194098_R02C01	0.997346
6247194098_R03C01	0.997256
6247194098_R04C01	0.99843
6247194098_R05C01	0.998484
6247194098_R06C01	0.999175
6247194098_R07C01	0.997543
6247194098_R08C01	0.997939
6247194107_R03C01	0.994908
6247194107_R05C01	0.989622
6247194107_R07C01	0.998148
6247194115_R02C01	0.997774
6247194115_R04C01	0.991857
6247194115_R05C01	0.997979
6247194115_R06C01	0.996559
6247194115_R08C01	0.996536
6247194117_R02C01	0.997451
6247194117_R03C01	0.998175
6247194117_R04C01	0.995213
6247194117_R05C01	0.997966
6247194117_R07C01	0.997027
6247194117_R08C01	0.997657
6247194118_R05C01	0.997797
6247194118_R08C01	0.996416
6264533042_R07C01	0.998379
6264533048_R01C01	0.998127
6264533048_R03C01	0.997805
6264533048_R04C01	0.998313
6264533048_R05C01	0.995392
6264533048_R06C01	0.997632
6264533048_R07C01	0.997934
6264533048_R08C01	0.997682
6264533060_R03C01	0.996123
6264533060_R05C01	0.995959
6264533060_R06C01	0.996199
6264533060_R07C01	0.99592
6264533060_R08C01	0.997669
6264533086_R01C01	0.977174
6264533086_R03C01	0.997863
6264533086_R05C01	0.992806
6264550046_R02C01	0.997206
6264550046_R03C01	0.995655
6264550046_R04C01	0.997401
6264550046_R07C01	0.996898
