                      +-----------------------------+
                      |                             |
                      |   Eagle v2.4.1              |
                      |   November 18, 2018         |
                      |   Po-Ru Loh                 |
                      |                             |
                      +-----------------------------+

Copyright (C) 2015-2018 Harvard University.
Distributed under the GNU GPLv3+ open source license.

Command line options:

eagle \
    --vcfRef=/BIODATA/StudentsHome/kevine/GWAS/Git/GWAS/1000G/ALL.chr13.phase3_integrated.20130502.genotypes.bcf \
    --vcfTarget=qc-camgwas-updated.vcf.gz \
    --geneticMapFile=tables/genetic_map_hg19_withX.txt.gz \
    --outPrefix=chr13-phased_wref \
    --chrom=13 \
    --pbwtIters=10 \
    --numThreads=90 \
    --Kpbwt=50000 \
    --vcfOutFormat=z 

Setting number of threads to 90
[W::bcf_hdr_check_sanity] PL should be declared as Number=G

Reference samples: Nref = 2504
Target samples: Ntarget = 1185
SNPs to analyze: M = 60538 SNPs in both target and reference

SNPs ignored: 1 SNPs in target but not reference
              1602237 SNPs in reference but not target
              0 multi-allelic SNPs in target

Missing rate in target genotypes: 0.00403528

Filling in genetic map coordinates using reference file:
  tables/genetic_map_hg19_withX.txt.gz
Physical distance range: 95901700 base pairs
Genetic distance range:  129.474 cM
Average # SNPs per cM:   468
Number of <=(64-SNP, 1cM) segments: 946
Average # SNPs per segment: 63

Time for reading input: 40.2274 sec

Fraction of heterozygous genotypes: 0.25546
Typical span of default 100-het history length: 0.84 cM
Setting --histFactor=1.19
Typical span of 119-het history length: 1.00 cM

BEGINNING PHASING

PHASING ITER 1 OF 10


Phasing target samples
................................................................................
Time for phasing iter 1: 758.82

PHASING ITER 2 OF 10


Phasing target samples
................................................................................
Time for phasing iter 2: 785.532

PHASING ITER 3 OF 10


Phasing target samples
................................................................................
Time for phasing iter 3: 755.866

PHASING ITER 4 OF 10


Phasing target samples
................................................................................
Time for phasing iter 4: 721.736

PHASING ITER 5 OF 10


Phasing target samples
................................................................................
Time for phasing iter 5: 749.236

PHASING ITER 6 OF 10


Phasing target samples
................................................................................
Time for phasing iter 6: 745.932

PHASING ITER 7 OF 10


Phasing target samples
................................................................................
Time for phasing iter 7: 753.456

PHASING ITER 8 OF 10


Phasing target samples
................................................................................
Time for phasing iter 8: 764.638

PHASING ITER 9 OF 10


Phasing target samples
................................................................................
Time for phasing iter 9: 740.25

PHASING ITER 10 OF 10


Phasing target samples
................................................................................
Time for phasing iter 10: 948.962
Writing vcf.gz output to chr13-phased_wref.vcf.gz
Time for writing output: 10.595
Total elapsed time for analysis = 7775.4 sec

Mean phase confidence of each target individual:
ID	PHASE_CONFIDENCE
6042341077_R01C01	0.99783
6042341077_R03C01	0.998089
6042341077_R04C01	0.996988
6042341077_R05C01	0.998436
6042341077_R06C01	0.99838
6042341077_R07C01	0.997546
6042341089_R01C01	0.998822
6042341089_R02C01	0.998407
6042341089_R03C01	0.997238
6042341089_R04C01	0.998248
6042341089_R05C01	0.997563
6042341089_R06C01	0.997219
6042341089_R07C01	0.996987
6042341089_R08C01	0.998136
6042341090_R01C01	0.997205
6042341090_R02C01	0.996477
6042341090_R03C01	0.996997
6042341090_R04C01	0.99807
6042341090_R05C01	0.996496
6042341090_R06C01	0.997738
6042341090_R07C01	0.996446
6042341090_R08C01	0.997674
6042341099_R01C01	0.998281
6042341099_R02C01	0.998396
6042341099_R03C01	0.99849
6042341099_R04C01	0.998358
6042341099_R05C01	0.996589
6042341099_R06C01	0.992643
6042341099_R07C01	0.996973
6042341099_R08C01	0.997038
6042341154_R06C01	0.997853
6042341154_R07C01	0.997976
6042341154_R08C01	0.99857
6042341162_R01C01	0.998725
6042341162_R02C01	0.997574
6042341162_R03C01	0.997756
6042341162_R04C01	0.998483
6042341162_R05C01	0.997442
6042341162_R06C01	0.998713
6042341162_R07C01	0.998648
6042341162_R08C01	0.998489
6042359084_R01C01	0.997449
6042359084_R02C01	0.997938
6042359084_R03C01	0.997673
6042359084_R04C01	0.996617
6042359084_R05C01	0.996962
6042359084_R06C01	0.997112
6042359084_R07C01	0.998155
6042359084_R08C01	0.999014
6042375002_R01C01	0.9954
6042375002_R02C01	0.997067
6042375002_R03C01	0.997982
6042375002_R04C01	0.997647
6042375002_R05C01	0.99886
6042375002_R06C01	0.998348
6042375002_R07C01	0.997666
6042375002_R08C01	0.997675
6042375003_R01C01	0.998785
6042375003_R02C01	0.997358
6042375003_R03C01	0.997976
6042375003_R04C01	0.997701
6042375003_R05C01	0.998915
6042375003_R06C01	0.999001
6042375003_R07C01	0.998624
6042375003_R08C01	0.998314
6042375012_R01C01	0.998144
6042375012_R02C01	0.998453
6042375012_R03C01	0.997501
6042375012_R04C01	0.998444
6042375012_R05C01	0.997675
6042375012_R06C01	0.99753
6042375013_R01C01	0.997785
6042375013_R02C01	0.997624
6042375013_R03C01	0.99792
6042375013_R04C01	0.997966
6042375013_R05C01	0.998146
6042375013_R06C01	0.997333
6042375013_R07C01	0.998864
6042375013_R08C01	0.997351
6042375014_R01C01	0.997984
6042375014_R02C01	0.998183
6042375014_R03C01	0.996656
6042375014_R04C01	0.997938
6042375014_R05C01	0.997512
6042375014_R06C01	0.997141
6042375014_R08C01	0.99727
6042375022_R01C01	0.997233
6042375022_R02C01	0.997275
6042375022_R03C01	0.997347
6042375022_R04C01	0.998303
6042375022_R05C01	0.997669
6042375022_R06C01	0.998359
6042375022_R07C01	0.996434
6042375023_R01C01	0.997489
6042375023_R02C01	0.998635
6042375023_R03C01	0.997824
6042375023_R04C01	0.997869
6042375023_R05C01	0.997519
6042375023_R06C01	0.996865
6042375023_R07C01	0.997979
6042375023_R08C01	0.997783
6042375024_R01C01	0.998548
6042375024_R02C01	0.99802
6042375024_R03C01	0.997129
6042375024_R04C01	0.996885
6042375024_R05C01	0.998479
6042375024_R06C01	0.998125
6042375024_R07C01	0.996573
6042375024_R08C01	0.99815
6042375025_R01C01	0.998059
6042375025_R02C01	0.997938
6042375025_R03C01	0.998897
6042375025_R04C01	0.998691
6042375025_R05C01	0.997557
6042375025_R06C01	0.998415
6042375025_R07C01	0.998518
6042375025_R08C01	0.997414
6042375029_R01C01	0.998069
6042375029_R02C01	0.997029
6042375029_R03C01	0.998472
6042375029_R04C01	0.997324
6042375029_R05C01	0.997832
6042375029_R06C01	0.998356
6042375029_R07C01	0.997647
6042375029_R08C01	0.997175
6042375043_R01C01	0.998772
6042375043_R02C01	0.998177
6042375043_R04C01	0.997312
6042375043_R05C01	0.997964
6042375043_R07C01	0.996322
6042375043_R08C01	0.998094
6042375044_R01C01	0.996988
6042375044_R02C01	0.998773
6042375044_R03C01	0.998755
6042375044_R05C01	0.99594
6042375044_R06C01	0.997703
6042375044_R07C01	0.997415
6042375044_R08C01	0.996488
6042375045_R02C01	0.996913
6042375045_R03C01	0.996836
6042375045_R04C01	0.992201
6042375045_R05C01	0.997561
6042375045_R06C01	0.997027
6042375045_R07C01	0.997353
6042375045_R08C01	0.99852
6042375053_R01C01	0.997364
6042375053_R02C01	0.998077
6042375053_R03C01	0.996758
6042375053_R04C01	0.997325
6042375053_R05C01	0.997629
6042375053_R06C01	0.998716
6042375053_R07C01	0.997467
6042375053_R08C01	0.996687
6042375080_R01C01	0.998517
6042375080_R02C01	0.998473
6042375080_R03C01	0.998032
6042375080_R04C01	0.998249
6042375080_R05C01	0.998672
6042375080_R06C01	0.998418
6042375080_R07C01	0.998436
6042375080_R08C01	0.99686
6042375085_R01C01	0.995956
6042375085_R02C01	0.997682
6042375085_R03C01	0.997291
6042375085_R04C01	0.998563
6042375085_R05C01	0.998032
6042375085_R06C01	0.998834
6042375085_R07C01	0.998998
6042375085_R08C01	0.997088
6042375100_R01C01	0.996539
6042375100_R02C01	0.998173
6042375100_R04C01	0.998419
6042375100_R05C01	0.997482
6042375100_R06C01	0.997636
6042375100_R07C01	0.998075
6042375100_R08C01	0.998407
6042375101_R01C01	0.997843
6042375101_R02C01	0.997833
6042375101_R03C01	0.997785
6042375101_R04C01	0.997599
6042375101_R05C01	0.996903
6042375101_R06C01	0.992974
6042375101_R07C01	0.998694
6042375101_R08C01	0.997531
6042375104_R01C01	0.997807
6042375104_R02C01	0.997171
6042375104_R03C01	0.997217
6042375104_R04C01	0.997906
6042375104_R06C01	0.998182
6042375104_R08C01	0.997945
6042375137_R01C01	0.997296
6042375137_R02C01	0.998559
6042375137_R03C01	0.997329
6042375137_R05C01	0.995356
6042375137_R06C01	0.998105
6042375137_R07C01	0.998577
6042375137_R08C01	0.99824
6042375138_R01C01	0.998036
6042375138_R02C01	0.997303
6042375138_R03C01	0.997461
6042375138_R04C01	0.996962
6042375138_R05C01	0.99828
6042375138_R06C01	0.995897
6042375138_R07C01	0.998133
6042375138_R08C01	0.997838
6042375146_R01C01	0.99848
6042375146_R02C01	0.997059
6042375146_R03C01	0.997962
6042375146_R04C01	0.997487
6042375146_R05C01	0.998278
6042375146_R06C01	0.998071
6042375146_R07C01	0.99764
6042375146_R08C01	0.998826
6130471012_R01C01	0.998151
6130471012_R02C01	0.998096
6130471012_R03C01	0.996762
6130471012_R04C01	0.998119
6130471012_R05C01	0.997633
6130471012_R06C01	0.99731
6130471012_R07C01	0.997885
6130471012_R08C01	0.997898
6130471070_R01C01	0.998152
6130471070_R02C01	0.99292
6130471070_R03C01	0.998035
6130471070_R04C01	0.998339
6130471070_R05C01	0.99816
6130471070_R06C01	0.997391
6130471070_R07C01	0.997612
6130471070_R08C01	0.998603
6130471071_R01C01	0.996513
6130471071_R02C01	0.995534
6130471071_R03C01	0.996902
6130471071_R05C01	0.996881
6130471071_R06C01	0.993514
6130471071_R07C01	0.99718
6130471110_R01C01	0.997967
6130471110_R02C01	0.997675
6130471110_R04C01	0.997444
6130471110_R05C01	0.995831
6130471110_R06C01	0.998787
6130471110_R07C01	0.998441
6130471110_R08C01	0.993867
6130471129_R01C01	0.996957
6130471129_R02C01	0.997674
6130471129_R03C01	0.996809
6130471129_R04C01	0.998121
6130471129_R05C01	0.994827
6130471129_R06C01	0.997666
6130471129_R07C01	0.994424
6130471129_R08C01	0.998478
6135563011_R01C01	0.99777
6135563011_R02C01	0.997807
6135563011_R03C01	0.997718
6135563011_R04C01	0.997229
6135563011_R06C01	0.998115
6135563011_R07C01	0.99767
6135563011_R08C01	0.997211
6135563012_R02C01	0.998187
6135563012_R04C01	0.993183
6135563012_R05C01	0.997618
6135563012_R06C01	0.997775
6135563012_R07C01	0.996661
6135563012_R08C01	0.991852
6135563014_R02C01	0.998963
6135563014_R03C01	0.998206
6135563014_R04C01	0.997845
6135563014_R05C01	0.997942
6135563014_R06C01	0.996621
6135563014_R07C01	0.998055
6135563014_R08C01	0.998289
6135563015_R02C01	0.997053
6135563015_R04C01	0.995912
6135563015_R05C01	0.997522
6135563015_R06C01	0.996282
6135563015_R07C01	0.996575
6135563015_R08C01	0.996743
6135563041_R01C01	0.998628
6135563041_R03C01	0.996653
6135563041_R04C01	0.998406
6135563041_R05C01	0.997009
6135563041_R06C01	0.998373
6135571025_R01C01	0.994566
6135571025_R03C01	0.996506
6135571025_R04C01	0.998042
6135571025_R07C01	0.997992
6135571025_R08C01	0.998263
6135580001_R01C01	0.998588
6135580001_R02C01	0.998844
6135580001_R03C01	0.998377
6135580001_R04C01	0.997911
6135580001_R05C01	0.997035
6135580001_R06C01	0.998265
6135580001_R07C01	0.998541
6135580001_R08C01	0.997694
6135580011_R01C01	0.99677
6135580011_R02C01	0.996017
6135580011_R03C01	0.997928
6135580011_R04C01	0.998201
6135580011_R05C01	0.998668
6135580011_R07C01	0.998221
6135580011_R08C01	0.997917
6135580017_R01C01	0.998399
6135580017_R02C01	0.998571
6135580017_R03C01	0.997213
6135580017_R04C01	0.997441
6135580017_R05C01	0.998091
6135580017_R06C01	0.997777
6135580017_R07C01	0.998175
6135580017_R08C01	0.998849
6135580027_R01C01	0.997176
6135580027_R02C01	0.997407
6135580027_R03C01	0.998493
6135580027_R04C01	0.998948
6135580027_R05C01	0.998306
6135580027_R06C01	0.997878
6135580027_R07C01	0.997983
6135580027_R08C01	0.999019
6135580057_R01C01	0.997724
6135580057_R02C01	0.998029
6135580057_R03C01	0.998294
6135580057_R04C01	0.998109
6135580057_R05C01	0.998664
6135580057_R06C01	0.997734
6135580057_R07C01	0.996471
6135580057_R08C01	0.997682
6135580073_R01C01	0.998523
6135580073_R03C01	0.997285
6135580073_R04C01	0.996746
6135580073_R05C01	0.996759
6135580073_R06C01	0.998503
6135580073_R07C01	0.998351
6135580073_R08C01	0.998261
6135580082_R01C01	0.998749
6135580082_R02C01	0.99884
6135580082_R03C01	0.996966
6135580082_R04C01	0.998634
6135580082_R06C01	0.994478
6135580082_R07C01	0.997894
6135580082_R08C01	0.998465
6135580098_R01C01	0.997917
6135580098_R02C01	0.997995
6135580098_R04C01	0.997461
6135580098_R05C01	0.998562
6135580098_R06C01	0.997885
6135580098_R07C01	0.997119
6135580098_R08C01	0.998601
6135580116_R02C01	0.994218
6135580116_R03C01	0.997606
6135580116_R05C01	0.997658
6135580116_R06C01	0.9974
6135580116_R08C01	0.997799
6135580117_R02C01	0.997179
6135580117_R03C01	0.99626
6135580117_R04C01	0.998449
6135580117_R05C01	0.998114
6135580117_R06C01	0.997718
6135580118_R01C01	0.996064
6135580118_R02C01	0.995876
6135580118_R04C01	0.99805
6135580118_R05C01	0.997877
6135580118_R06C01	0.9977
6135580118_R08C01	0.995813
6135580123_R02C01	0.996934
6135580123_R04C01	0.99812
6135580123_R05C01	0.997767
6135580123_R07C01	0.994333
6135580123_R08C01	0.995627
6135580144_R01C01	0.997458
6135580144_R08C01	0.997022
6135580145_R06C01	0.998738
6135580145_R08C01	0.992124
6135601008_R01C01	0.997872
6135601008_R02C01	0.991107
6135601008_R03C01	0.997203
6135601008_R04C01	0.997878
6135601008_R06C01	0.99877
6135601008_R07C01	0.998387
6135601008_R08C01	0.998068
6135601009_R01C01	0.998833
6135601009_R02C01	0.997418
6135601009_R03C01	0.998842
6135601009_R04C01	0.998546
6135601009_R05C01	0.997261
6135601009_R06C01	0.998345
6135601009_R07C01	0.998448
6135601009_R08C01	0.998145
6135601012_R04C01	0.997693
6135601012_R05C01	0.998715
6135601012_R06C01	0.99799
6135601012_R07C01	0.991872
6135601018_R03C01	0.99722
6135601018_R05C01	0.998198
6135601018_R07C01	0.986416
6135601018_R08C01	0.994874
6135601027_R03C01	0.99661
6135601027_R04C01	0.997053
6135601027_R05C01	0.99738
6135601027_R07C01	0.997376
6135601034_R01C01	0.998494
6135601034_R02C01	0.997777
6135601034_R03C01	0.998031
6135601034_R04C01	0.99789
6135601034_R06C01	0.996846
6135601045_R01C01	0.998686
6135601045_R02C01	0.997852
6135601045_R03C01	0.997105
6135601045_R04C01	0.996991
6135601045_R05C01	0.997524
6135601045_R07C01	0.998179
6135601045_R08C01	0.99729
6135601049_R01C01	0.998283
6135601049_R02C01	0.997381
6135601049_R03C01	0.997175
6135601049_R05C01	0.993014
6135601049_R06C01	0.998103
6135601049_R07C01	0.997796
6135601049_R08C01	0.996959
6135601060_R01C01	0.9956
6135601060_R03C01	0.996244
6135601060_R04C01	0.982036
6135601060_R05C01	0.994993
6135601060_R06C01	0.994844
6135601066_R01C01	0.997666
6135601066_R02C01	0.996274
6135601066_R03C01	0.998164
6135601066_R04C01	0.996598
6135601066_R05C01	0.996314
6135601066_R06C01	0.997822
6135601066_R07C01	0.997239
6135601066_R08C01	0.998315
6135601080_R01C01	0.998439
6135601080_R02C01	0.995612
6135601080_R03C01	0.998862
6135601080_R07C01	0.997198
6135601080_R08C01	0.998384
6135601081_R01C01	0.997701
6135601081_R02C01	0.997881
6135601081_R03C01	0.997979
6135601081_R04C01	0.997876
6135601081_R05C01	0.998316
6135601081_R07C01	0.998478
6135601081_R08C01	0.99722
6135601082_R02C01	0.998128
6135601082_R03C01	0.998103
6135601082_R04C01	0.998393
6135601082_R05C01	0.997933
6135601082_R06C01	0.995978
6135601082_R07C01	0.998101
6135601082_R08C01	0.996793
6135601086_R01C01	0.996681
6135601086_R03C01	0.998264
6135601086_R04C01	0.998023
6135601086_R05C01	0.995292
6135601086_R07C01	0.996986
6135601094_R05C01	0.99717
6135601094_R06C01	0.99184
6135601108_R01C01	0.998007
6135601108_R02C01	0.998079
6135601108_R03C01	0.998064
6135601108_R04C01	0.998104
6135601108_R05C01	0.998006
6135601108_R06C01	0.997663
6135601108_R07C01	0.99798
6135601108_R08C01	0.997413
6135601115_R02C01	0.996868
6135601115_R04C01	0.996914
6135601115_R06C01	0.997605
6135601115_R07C01	0.998127
6135601115_R08C01	0.997765
6135601116_R01C01	0.995871
6135601116_R02C01	0.997947
6135601116_R05C01	0.997936
6135601116_R07C01	0.997529
6135601116_R08C01	0.998867
6135601117_R01C01	0.996649
6135601117_R05C01	0.998556
6135601117_R06C01	0.99565
6135601117_R07C01	0.998306
6135601117_R08C01	0.9977
6135601120_R03C01	0.997526
6135601120_R04C01	0.997772
6135601120_R06C01	0.998028
6135601120_R07C01	0.997724
6135601120_R08C01	0.998024
6135601124_R01C01	0.997737
6135601124_R02C01	0.99812
6135601124_R03C01	0.998302
6135601124_R04C01	0.99614
6135601124_R05C01	0.998003
6135601124_R06C01	0.996723
6135601124_R07C01	0.996381
6135601124_R08C01	0.997587
6135601130_R01C01	0.997873
6135601130_R02C01	0.99253
6135601130_R03C01	0.998389
6135601130_R04C01	0.998205
6135601130_R05C01	0.997637
6135601130_R06C01	0.998639
6135601130_R07C01	0.998847
6135601130_R08C01	0.997178
6135601149_R01C01	0.996172
6135601149_R02C01	0.997843
6135601149_R06C01	0.995484
6135601149_R08C01	0.997726
6135601151_R01C01	0.99756
6135601151_R02C01	0.997598
6135601151_R03C01	0.998264
6135601151_R04C01	0.997881
6135601151_R05C01	0.997605
6135601151_R06C01	0.997374
6135601151_R07C01	0.997239
6135601151_R08C01	0.997874
6135601153_R03C01	0.99764
6135601153_R05C01	0.997062
6135601153_R06C01	0.991268
6135601153_R07C01	0.997493
6135601153_R08C01	0.998741
6135601156_R01C01	0.997762
6135601156_R02C01	0.997602
6135601156_R03C01	0.996729
6135601156_R04C01	0.997387
6135601156_R05C01	0.997748
6135601156_R06C01	0.998947
6135601156_R08C01	0.998321
6135601162_R01C01	0.994008
6135601162_R02C01	0.997933
6135601162_R04C01	0.997708
6135601162_R05C01	0.997486
6135601162_R06C01	0.996682
6135601162_R07C01	0.997943
6135601162_R08C01	0.997301
6135601167_R02C01	0.9981
6135601167_R03C01	0.998032
6135601167_R04C01	0.998205
6135601167_R05C01	0.995227
6135601167_R06C01	0.996736
6135601167_R07C01	0.99535
6147054060_R01C01	0.998445
6147054060_R02C01	0.997419
6147054060_R03C01	0.997198
6147054060_R04C01	0.998444
6147054060_R05C01	0.997173
6147054060_R07C01	0.997857
6147054060_R08C01	0.998549
6147054122_R01C01	0.995985
6147054122_R02C01	0.998082
6147054122_R03C01	0.997159
6147054122_R04C01	0.997636
6147054122_R05C01	0.997508
6147054122_R06C01	0.998687
6147054122_R07C01	0.998008
6147054122_R08C01	0.99812
6147054149_R01C01	0.997395
6147054149_R02C01	0.997893
6147054149_R07C01	0.997423
6147054149_R08C01	0.99675
6147054150_R01C01	0.998658
6147054150_R02C01	0.997716
6147054150_R03C01	0.998114
6147054150_R04C01	0.99851
6147054150_R05C01	0.998321
6147054150_R06C01	0.998434
6147054150_R07C01	0.997303
6147054150_R08C01	0.996224
6147062005_R03C01	0.998101
6147062005_R04C01	0.997962
6147062005_R06C01	0.997246
6147062005_R07C01	0.99793
6147062010_R01C01	0.997514
6147062010_R02C01	0.997494
6147062010_R03C01	0.998486
6147062010_R04C01	0.997956
6147062010_R05C01	0.998653
6147062010_R06C01	0.998161
6147062010_R07C01	0.99837
6147062010_R08C01	0.998506
6147062028_R03C01	0.997863
6147062037_R01C01	0.997389
6147062037_R02C01	0.994054
6147062037_R03C01	0.997624
6147062037_R04C01	0.99781
6147062037_R05C01	0.997772
6147062037_R06C01	0.997327
6147062037_R07C01	0.997617
6147062055_R01C01	0.995761
6147062055_R02C01	0.998111
6147062055_R04C01	0.997074
6147062055_R07C01	0.998496
6147062055_R08C01	0.997064
6147062102_R01C01	0.99688
6147062102_R02C01	0.99837
6147062102_R03C01	0.99848
6147062102_R04C01	0.998075
6147062102_R05C01	0.99728
6147062102_R06C01	0.997488
6147062133_R01C01	0.996189
6147062133_R02C01	0.998088
6147062133_R03C01	0.996981
6147062133_R05C01	0.99818
6147062133_R06C01	0.998486
6147062134_R01C01	0.996688
6147062134_R02C01	0.998196
6147062134_R03C01	0.999031
6147062134_R06C01	0.996999
6147062134_R07C01	0.997499
6147062134_R08C01	0.997101
6147062135_R01C01	0.998792
6147062135_R02C01	0.998283
6147062135_R04C01	0.997305
6147062135_R05C01	0.998108
6147062135_R06C01	0.995085
6147062135_R08C01	0.998018
6147062147_R01C01	0.993725
6147062147_R03C01	0.997583
6147062147_R04C01	0.997993
6147062147_R05C01	0.99779
6147062147_R06C01	0.997522
6147062147_R07C01	0.996471
6147062147_R08C01	0.99807
6147062162_R01C01	0.998749
6147062162_R03C01	0.996609
6147062162_R05C01	0.99815
6147062162_R06C01	0.997497
6147062162_R07C01	0.997074
6147062167_R02C01	0.997628
6147062167_R03C01	0.998188
6147062167_R04C01	0.996515
6147062167_R05C01	0.998039
6147062167_R06C01	0.996177
6147062167_R08C01	0.997588
6147071002_R01C01	0.997838
6147071002_R02C01	0.993304
6147071002_R03C01	0.998093
6147071002_R05C01	0.996592
6147071002_R06C01	0.997651
6147071002_R07C01	0.998969
6147071002_R08C01	0.998431
6147071043_R03C01	0.99766
6147071043_R05C01	0.997549
6147071043_R08C01	0.997936
6147071044_R01C01	0.998806
6147071044_R02C01	0.997881
6147071044_R03C01	0.997518
6147071044_R04C01	0.997555
6147071044_R06C01	0.996835
6147071044_R07C01	0.997396
6147071044_R08C01	0.997934
6147071047_R01C01	0.997494
6147071047_R02C01	0.997806
6147071047_R05C01	0.997298
6147071047_R06C01	0.998562
6147071047_R07C01	0.997291
6147071047_R08C01	0.996134
6147071059_R02C01	0.997429
6147071059_R03C01	0.997658
6147071059_R04C01	0.996572
6147071059_R07C01	0.997498
6147071059_R08C01	0.997254
6147071060_R02C01	0.998515
6147071060_R03C01	0.996871
6147071060_R04C01	0.996597
6147071060_R05C01	0.99793
6147071060_R06C01	0.997775
6147071060_R07C01	0.997391
6147071060_R08C01	0.994829
6147071101_R01C01	0.998152
6147071101_R02C01	0.997422
6147071101_R04C01	0.9973
6147071101_R05C01	0.998077
6147071101_R06C01	0.997588
6147071101_R07C01	0.997948
6147071101_R08C01	0.994061
6147071123_R01C01	0.998213
6147071123_R02C01	0.997523
6147071123_R03C01	0.996955
6147071123_R04C01	0.996583
6147071123_R05C01	0.996939
6147071123_R06C01	0.997891
6147071123_R07C01	0.998484
6147071123_R08C01	0.99445
6147071155_R01C01	0.997229
6147071155_R02C01	0.99827
6147071155_R03C01	0.996944
6147071155_R04C01	0.997081
6147071155_R06C01	0.997981
6147071155_R07C01	0.997174
6147071155_R08C01	0.998131
6147071157_R01C01	0.998207
6147071157_R02C01	0.998252
6147071157_R03C01	0.997701
6147071157_R04C01	0.997835
6147071157_R05C01	0.997244
6147071157_R06C01	0.997878
6147071157_R07C01	0.99794
6147071157_R08C01	0.99703
6160275010_R02C01	0.997461
6160275010_R03C01	0.997461
6160275010_R04C01	0.995944
6160275010_R05C01	0.996595
6160275010_R06C01	0.998623
6160275010_R07C01	0.99736
6160275010_R08C01	0.9985
6160275012_R02C01	0.998101
6160275012_R03C01	0.996174
6160275012_R04C01	0.997956
6160275012_R05C01	0.997278
6160275012_R06C01	0.997317
6160275012_R07C01	0.997614
6160275012_R08C01	0.998971
6160275019_R01C01	0.998102
6160275019_R02C01	0.997923
6160275019_R03C01	0.998213
6160275019_R04C01	0.998307
6160275019_R05C01	0.997012
6160275019_R06C01	0.997376
6160275019_R07C01	0.997372
6160275020_R01C01	0.99758
6160275020_R02C01	0.997747
6160275020_R03C01	0.998246
6160275020_R04C01	0.997718
6160275020_R05C01	0.998671
6160275020_R06C01	0.997171
6160275020_R07C01	0.99799
6160275020_R08C01	0.997673
6160275021_R01C01	0.996909
6160275021_R02C01	0.996209
6160275021_R03C01	0.997781
6160275021_R04C01	0.997153
6160275021_R05C01	0.997797
6160275021_R06C01	0.997869
6160275021_R07C01	0.998462
6160275021_R08C01	0.997804
6160275022_R01C01	0.997891
6160275022_R02C01	0.997869
6160275022_R03C01	0.99732
6160275022_R04C01	0.997363
6160275022_R05C01	0.997759
6160275022_R06C01	0.997782
6160275022_R07C01	0.997522
6160275022_R08C01	0.997986
6160275043_R01C01	0.998119
6160275043_R02C01	0.99724
6160275043_R03C01	0.998216
6160275043_R04C01	0.998181
6160275043_R05C01	0.997901
6160275043_R06C01	0.998137
6160275043_R08C01	0.994577
6160275044_R01C01	0.996787
6160275044_R02C01	0.998052
6160275044_R03C01	0.99775
6160275044_R04C01	0.998214
6160275044_R05C01	0.997867
6160275044_R06C01	0.998053
6160275044_R07C01	0.997444
6160275044_R08C01	0.997292
6160275046_R01C01	0.998253
6160275046_R02C01	0.997917
6160275046_R03C01	0.996932
6160275046_R05C01	0.99275
6160275046_R06C01	0.998491
6160275046_R07C01	0.996864
6160275058_R01C01	0.995812
6160275058_R02C01	0.99799
6160275058_R03C01	0.99797
6160275058_R04C01	0.997683
6160275058_R05C01	0.998141
6160275058_R06C01	0.995668
6160275058_R07C01	0.997207
6160275058_R08C01	0.998226
6160275059_R01C01	0.998688
6160275059_R02C01	0.998799
6160275059_R03C01	0.998476
6160275059_R04C01	0.997863
6160275059_R05C01	0.997806
6160275059_R06C01	0.998488
6160275059_R07C01	0.998191
6160275059_R08C01	0.998871
6160275060_R01C01	0.99724
6160275060_R02C01	0.9982
6160275060_R03C01	0.996621
6160275060_R04C01	0.998969
6160275060_R05C01	0.995884
6160275060_R06C01	0.998041
6160275060_R07C01	0.997518
6160275060_R08C01	0.997979
6160304032_R01C01	0.998095
6160304032_R02C01	0.996254
6160304032_R03C01	0.997296
6160304032_R04C01	0.998136
6160304032_R05C01	0.998248
6160304032_R07C01	0.996997
6160304032_R08C01	0.997598
6160304033_R01C01	0.998468
6160304033_R02C01	0.998103
6160304033_R03C01	0.99868
6160304033_R04C01	0.997697
6160304033_R05C01	0.995077
6160304033_R06C01	0.99881
6160304033_R07C01	0.998004
6160304033_R08C01	0.997429
6164663042_R01C01	0.99155
6164663042_R02C01	0.997756
6164663042_R03C01	0.997996
6164663042_R04C01	0.998575
6164663042_R05C01	0.998286
6164663042_R06C01	0.996453
6164663042_R07C01	0.998279
6164663042_R08C01	0.997545
6165295013_R01C01	0.997441
6165295013_R02C01	0.998393
6165295013_R03C01	0.998683
6165295013_R04C01	0.998418
6165295013_R06C01	0.997388
6165295019_R01C01	0.996933
6165295019_R02C01	0.998263
6165295019_R04C01	0.997421
6165295019_R05C01	0.998245
6165295019_R06C01	0.997718
6165295019_R07C01	0.997243
6165295019_R08C01	0.998429
6165295021_R01C01	0.989276
6165295021_R02C01	0.997603
6165295021_R03C01	0.997996
6165295021_R04C01	0.996756
6165295021_R05C01	0.998039
6165295021_R06C01	0.997667
6165295021_R07C01	0.997983
6165295021_R08C01	0.996415
6165295023_R01C01	0.996211
6165295023_R02C01	0.996341
6165295023_R03C01	0.998441
6165295023_R04C01	0.997809
6165295023_R05C01	0.991192
6165295023_R06C01	0.997715
6165295023_R07C01	0.99774
6165295023_R08C01	0.998244
6165295050_R01C01	0.997547
6165295050_R02C01	0.991085
6165295050_R03C01	0.996301
6165295050_R04C01	0.999028
6165295050_R05C01	0.997919
6165295050_R06C01	0.998414
6165295050_R07C01	0.997767
6165295050_R08C01	0.998313
6165295051_R01C01	0.99471
6165295051_R03C01	0.996608
6165295051_R04C01	0.997084
6165295051_R05C01	0.99735
6165295051_R07C01	0.995188
6165295051_R08C01	0.99707
6171492001_R02C01	0.990834
6171492001_R03C01	0.997586
6171492001_R05C01	0.998053
6171492001_R07C01	0.996747
6171492013_R02C01	0.997763
6171492013_R03C01	0.998227
6171492013_R04C01	0.997915
6171492013_R07C01	0.995915
6171492013_R08C01	0.998149
6171492015_R01C01	0.997867
6171492015_R02C01	0.995107
6171492015_R03C01	0.99858
6171492015_R04C01	0.99664
6171492015_R05C01	0.997608
6171492015_R06C01	0.998496
6171492015_R07C01	0.997043
6171492015_R08C01	0.997937
6171492016_R01C01	0.997226
6171492016_R02C01	0.997739
6171492016_R03C01	0.997378
6171492016_R04C01	0.996695
6171492016_R05C01	0.998581
6171492016_R06C01	0.997414
6171492016_R07C01	0.997654
6171492017_R02C01	0.99793
6171492017_R03C01	0.991528
6171492017_R04C01	0.998475
6171492017_R05C01	0.997544
6171492017_R06C01	0.997317
6171492017_R07C01	0.998273
6171492017_R08C01	0.995383
6171492025_R01C01	0.998144
6171492025_R02C01	0.997353
6171492025_R03C01	0.996822
6171492025_R04C01	0.994481
6171492025_R05C01	0.998258
6171492025_R06C01	0.998036
6171492025_R07C01	0.998119
6171492025_R08C01	0.997847
6171492029_R01C01	0.998314
6171492029_R02C01	0.99775
6171492029_R04C01	0.998741
6171492029_R05C01	0.998038
6171492029_R06C01	0.9975
6171492029_R08C01	0.997499
6171492039_R03C01	0.998369
6171492039_R04C01	0.997497
6171492039_R05C01	0.997878
6171492039_R06C01	0.98828
6171492039_R07C01	0.997114
6171492043_R02C01	0.998246
6171492043_R03C01	0.995099
6171492043_R04C01	0.996727
6171492043_R05C01	0.998142
6171492043_R06C01	0.997722
6171492043_R07C01	0.996185
6171492043_R08C01	0.997148
6171492045_R01C01	0.997351
6171492045_R02C01	0.996326
6171492045_R05C01	0.998078
6171492045_R08C01	0.997467
6171492048_R06C01	0.985928
6171492048_R08C01	0.975651
6171492049_R01C01	0.996992
6171492049_R02C01	0.99812
6171492049_R03C01	0.997448
6171492049_R04C01	0.993962
6171492049_R05C01	0.997858
6171492049_R06C01	0.998928
6171492049_R07C01	0.997393
6171492049_R08C01	0.997812
6171492050_R01C01	0.997794
6171492050_R02C01	0.998686
6171492050_R05C01	0.998567
6171492050_R06C01	0.998551
6171492050_R07C01	0.99841
6171492050_R08C01	0.99671
6171492053_R01C01	0.997075
6171492053_R02C01	0.998564
6171492053_R03C01	0.998425
6171492053_R04C01	0.996707
6171492053_R05C01	0.997805
6171492053_R06C01	0.996898
6171492053_R07C01	0.998239
6171492053_R08C01	0.998429
6171492055_R01C01	0.99759
6171492055_R02C01	0.99207
6171492055_R03C01	0.997901
6171492055_R04C01	0.998572
6171492055_R06C01	0.998268
6171492055_R07C01	0.997482
6171492055_R08C01	0.99833
6171492056_R01C01	0.997442
6171492056_R02C01	0.998682
6171492056_R03C01	0.99868
6171492056_R04C01	0.997862
6171492056_R05C01	0.997427
6171492056_R08C01	0.996103
6171492059_R01C01	0.997652
6171492059_R02C01	0.997673
6171492059_R04C01	0.998166
6171492059_R05C01	0.998033
6171492059_R06C01	0.997634
6171492059_R07C01	0.998013
6171492059_R08C01	0.998797
6171492060_R01C01	0.998414
6171492060_R02C01	0.998564
6171492060_R03C01	0.993601
6171492060_R04C01	0.997997
6171492060_R05C01	0.997475
6171492060_R08C01	0.992454
6171492068_R01C01	0.997973
6171492068_R02C01	0.997704
6171492068_R03C01	0.99794
6171492068_R04C01	0.997371
6171492068_R05C01	0.997975
6171492068_R06C01	0.997877
6171492068_R08C01	0.997657
6171492069_R02C01	0.997142
6171492069_R06C01	0.996322
6171492069_R07C01	0.997394
6171492069_R08C01	0.998214
6171492072_R03C01	0.997637
6171492072_R04C01	0.997944
6171492072_R05C01	0.997872
6171492072_R06C01	0.997633
6171492072_R08C01	0.998546
6171492074_R01C01	0.998388
6171492074_R02C01	0.997504
6171492074_R03C01	0.997614
6171492074_R04C01	0.997787
6171492074_R05C01	0.997972
6171492074_R07C01	0.996484
6171492074_R08C01	0.997314
6171492075_R01C01	0.998806
6171492075_R03C01	0.996232
6171492075_R05C01	0.998352
6171492075_R06C01	0.978117
6171492075_R08C01	0.997713
6171492077_R01C01	0.997291
6171492077_R02C01	0.997245
6171492077_R03C01	0.997671
6171492077_R07C01	0.997513
6171492077_R08C01	0.997482
6171492078_R01C01	0.998189
6171492078_R02C01	0.997616
6171492078_R03C01	0.997755
6171492078_R05C01	0.996463
6171492078_R06C01	0.99644
6171492078_R07C01	0.997784
6171492078_R08C01	0.998074
6171492079_R01C01	0.998405
6171492079_R03C01	0.997839
6171492079_R04C01	0.998939
6171492079_R05C01	0.998221
6171492079_R06C01	0.998043
6171492079_R07C01	0.998317
6171492079_R08C01	0.983667
6171492084_R01C01	0.995857
6171492084_R02C01	0.998923
6171492084_R03C01	0.99784
6171492084_R04C01	0.996678
6171492084_R05C01	0.997577
6171492084_R06C01	0.997721
6171492084_R08C01	0.99782
6171492086_R02C01	0.997576
6171492086_R05C01	0.99731
6171492086_R06C01	0.99681
6171492086_R07C01	0.99848
6171492086_R08C01	0.998161
6171492090_R01C01	0.998195
6171492090_R02C01	0.998173
6171492090_R03C01	0.998001
6171492090_R05C01	0.997334
6171492090_R06C01	0.996665
6171492090_R07C01	0.99728
6171492090_R08C01	0.998268
6171492100_R01C01	0.996412
6171492100_R03C01	0.996436
6171492100_R04C01	0.989338
6171492100_R05C01	0.995434
6171492100_R08C01	0.997447
6172882004_R01C01	0.997647
6172882004_R02C01	0.9985
6172882004_R03C01	0.995379
6172882004_R06C01	0.992066
6172882004_R07C01	0.997855
6172882004_R08C01	0.997678
6172882009_R01C01	0.998059
6172882009_R02C01	0.997606
6172882009_R03C01	0.998321
6172882009_R04C01	0.997757
6172882009_R05C01	0.997212
6172882009_R06C01	0.998254
6172882009_R07C01	0.998047
6172882009_R08C01	0.996878
6172882050_R01C01	0.997642
6172882050_R02C01	0.998226
6172882050_R03C01	0.998456
6172882050_R04C01	0.997266
6172882050_R05C01	0.998713
6172882050_R06C01	0.997183
6172882050_R08C01	0.995946
6172882051_R01C01	0.997838
6172882051_R02C01	0.997603
6172882051_R04C01	0.99846
6172882051_R05C01	0.996892
6172882051_R06C01	0.998498
6172882051_R07C01	0.99794
6172882051_R08C01	0.997217
6186483013_R01C01	0.99496
6186483013_R02C01	0.998136
6186483013_R03C01	0.992027
6186483013_R04C01	0.997935
6186483013_R05C01	0.996902
6186483013_R06C01	0.998194
6186483013_R07C01	0.998152
6186483013_R08C01	0.997566
6186483032_R03C01	0.997299
6186483032_R04C01	0.997116
6186483032_R05C01	0.998667
6186483032_R06C01	0.997756
6186483032_R07C01	0.997236
6186483032_R08C01	0.993281
6186483043_R01C01	0.980443
6186483043_R04C01	0.991023
6186483043_R05C01	0.997792
6186483043_R06C01	0.997386
6186483043_R08C01	0.996775
6186483051_R01C01	0.999123
6186483051_R08C01	0.996913
6186483068_R01C01	0.994006
6186483068_R02C01	0.997356
6186483068_R03C01	0.997885
6186483090_R01C01	0.998434
6186483090_R02C01	0.996941
6186483090_R03C01	0.998426
6186483090_R04C01	0.997158
6186483090_R06C01	0.998079
6186483090_R07C01	0.997065
6186483090_R08C01	0.997381
6186483093_R02C01	0.985835
6186483093_R03C01	0.996668
6186483093_R05C01	0.99831
6186483093_R06C01	0.998644
6186483093_R08C01	0.997852
6186483099_R01C01	0.996869
6186483099_R03C01	0.99849
6186483099_R04C01	0.997865
6186483099_R05C01	0.996243
6186483099_R07C01	0.997914
6186483099_R08C01	0.997231
6186483101_R01C01	0.995881
6186483101_R02C01	0.995807
6186483101_R03C01	0.994603
6186483101_R04C01	0.997313
6186483101_R05C01	0.994061
6186483101_R06C01	0.990609
6186483101_R08C01	0.998592
6186483132_R01C01	0.985255
6247194011_R02C01	0.997628
6247194011_R03C01	0.997594
6247194011_R04C01	0.997367
6247194011_R05C01	0.997349
6247194011_R07C01	0.994636
6247194011_R08C01	0.997295
6247194028_R01C01	0.997718
6247194028_R02C01	0.992768
6247194028_R03C01	0.997465
6247194028_R04C01	0.996442
6247194028_R06C01	0.99727
6247194028_R07C01	0.997828
6247194028_R08C01	0.998963
6247194031_R01C01	0.995575
6247194031_R02C01	0.998137
6247194031_R03C01	0.997944
6247194031_R05C01	0.99738
6247194031_R06C01	0.998609
6247194031_R07C01	0.996904
6247194043_R02C01	0.997856
6247194043_R03C01	0.99853
6247194043_R04C01	0.996899
6247194043_R07C01	0.99774
6247194043_R08C01	0.997915
6247194064_R01C01	0.997703
6247194064_R03C01	0.997986
6247194064_R04C01	0.998013
6247194064_R05C01	0.997442
6247194064_R06C01	0.999136
6247194064_R07C01	0.998143
6247194064_R08C01	0.999212
6247194098_R01C01	0.998697
6247194098_R02C01	0.997869
6247194098_R03C01	0.998131
6247194098_R04C01	0.998157
6247194098_R05C01	0.998035
6247194098_R06C01	0.998635
6247194098_R07C01	0.997793
6247194098_R08C01	0.998918
6247194107_R03C01	0.99427
6247194107_R05C01	0.99163
6247194107_R07C01	0.99704
6247194115_R02C01	0.998129
6247194115_R04C01	0.993369
6247194115_R05C01	0.997815
6247194115_R06C01	0.996792
6247194115_R08C01	0.997777
6247194117_R02C01	0.997252
6247194117_R03C01	0.998056
6247194117_R04C01	0.993979
6247194117_R05C01	0.997601
6247194117_R07C01	0.99706
6247194117_R08C01	0.997195
6247194118_R05C01	0.998274
6247194118_R08C01	0.995965
6264533042_R07C01	0.998463
6264533048_R01C01	0.997578
6264533048_R03C01	0.997869
6264533048_R04C01	0.998611
6264533048_R05C01	0.996101
6264533048_R06C01	0.997534
6264533048_R07C01	0.99846
6264533048_R08C01	0.998458
6264533060_R03C01	0.997136
6264533060_R05C01	0.996819
6264533060_R06C01	0.996215
6264533060_R07C01	0.995835
6264533060_R08C01	0.996915
6264533086_R01C01	0.975967
6264533086_R03C01	0.997361
6264533086_R05C01	0.993748
6264550046_R02C01	0.997354
6264550046_R03C01	0.996871
6264550046_R04C01	0.997634
6264550046_R07C01	0.997425
