                      +-----------------------------+
                      |                             |
                      |   Eagle v2.4.1              |
                      |   November 18, 2018         |
                      |   Po-Ru Loh                 |
                      |                             |
                      +-----------------------------+

Copyright (C) 2015-2018 Harvard University.
Distributed under the GNU GPLv3+ open source license.

Command line options:

eagle \
    --vcfRef=/BIODATA/StudentsHome/kevine/GWAS/Git/GWAS/1000G/ALL.chr17.phase3_integrated.20130502.genotypes.bcf \
    --vcfTarget=qc-camgwas-updated.vcf.gz \
    --geneticMapFile=tables/genetic_map_hg19_withX.txt.gz \
    --outPrefix=chr17-phased_wref \
    --chrom=17 \
    --pbwtIters=10 \
    --numThreads=90 \
    --Kpbwt=50000 \
    --vcfOutFormat=z 

Setting number of threads to 90
[W::bcf_hdr_check_sanity] PL should be declared as Number=G

Reference samples: Nref = 2504
Target samples: Ntarget = 1185
SNPs to analyze: M = 40584 SNPs in both target and reference

SNPs ignored: 0 SNPs in target but not reference
              1306688 SNPs in reference but not target
              0 multi-allelic SNPs in target

Missing rate in target genotypes: 0.00596192

Filling in genetic map coordinates using reference file:
  tables/genetic_map_hg19_withX.txt.gz
Physical distance range: 81015566 base pairs
Genetic distance range:  128.495 cM
Average # SNPs per cM:   316
Number of <=(64-SNP, 1cM) segments: 636
Average # SNPs per segment: 63

Time for reading input: 36.0382 sec

Fraction of heterozygous genotypes: 0.255861
Typical span of default 100-het history length: 1.24 cM
Setting --histFactor=1.00

BEGINNING PHASING

PHASING ITER 1 OF 10


Phasing target samples
................................................................................
Time for phasing iter 1: 557.495

PHASING ITER 2 OF 10


Phasing target samples
................................................................................
Time for phasing iter 2: 601.193

PHASING ITER 3 OF 10


Phasing target samples
................................................................................
Time for phasing iter 3: 570.711

PHASING ITER 4 OF 10


Phasing target samples
................................................................................
Time for phasing iter 4: 578.119

PHASING ITER 5 OF 10


Phasing target samples
................................................................................
Time for phasing iter 5: 561.152

PHASING ITER 6 OF 10


Phasing target samples
................................................................................
Time for phasing iter 6: 538.308

PHASING ITER 7 OF 10


Phasing target samples
................................................................................
Time for phasing iter 7: 571.546

PHASING ITER 8 OF 10


Phasing target samples
................................................................................
Time for phasing iter 8: 556.779

PHASING ITER 9 OF 10


Phasing target samples
................................................................................
Time for phasing iter 9: 555.408

PHASING ITER 10 OF 10


Phasing target samples
................................................................................
Time for phasing iter 10: 743.608
Writing vcf.gz output to chr17-phased_wref.vcf.gz
Time for writing output: 7.5477
Total elapsed time for analysis = 5878.01 sec

Mean phase confidence of each target individual:
ID	PHASE_CONFIDENCE
6042341077_R01C01	0.99712
6042341077_R03C01	0.996086
6042341077_R04C01	0.993443
6042341077_R05C01	0.997275
6042341077_R06C01	0.996688
6042341077_R07C01	0.994613
6042341089_R01C01	0.998776
6042341089_R02C01	0.997361
6042341089_R03C01	0.996624
6042341089_R04C01	0.995332
6042341089_R05C01	0.995206
6042341089_R06C01	0.99477
6042341089_R07C01	0.995893
6042341089_R08C01	0.997221
6042341090_R01C01	0.995679
6042341090_R02C01	0.996008
6042341090_R03C01	0.997169
6042341090_R04C01	0.997246
6042341090_R05C01	0.995644
6042341090_R06C01	0.9958
6042341090_R07C01	0.995668
6042341090_R08C01	0.99386
6042341099_R01C01	0.997753
6042341099_R02C01	0.997392
6042341099_R03C01	0.995367
6042341099_R04C01	0.996854
6042341099_R05C01	0.996132
6042341099_R06C01	0.990133
6042341099_R07C01	0.994687
6042341099_R08C01	0.996305
6042341154_R06C01	0.996809
6042341154_R07C01	0.997583
6042341154_R08C01	0.998236
6042341162_R01C01	0.99754
6042341162_R02C01	0.996837
6042341162_R03C01	0.996722
6042341162_R04C01	0.99729
6042341162_R05C01	0.99735
6042341162_R06C01	0.997689
6042341162_R07C01	0.997243
6042341162_R08C01	0.995842
6042359084_R01C01	0.996616
6042359084_R02C01	0.996345
6042359084_R03C01	0.995913
6042359084_R04C01	0.995253
6042359084_R05C01	0.994927
6042359084_R06C01	0.997031
6042359084_R07C01	0.997031
6042359084_R08C01	0.99878
6042375002_R01C01	0.991654
6042375002_R02C01	0.99603
6042375002_R03C01	0.997298
6042375002_R04C01	0.997992
6042375002_R05C01	0.997548
6042375002_R06C01	0.997293
6042375002_R07C01	0.996651
6042375002_R08C01	0.996869
6042375003_R01C01	0.998195
6042375003_R02C01	0.996146
6042375003_R03C01	0.996983
6042375003_R04C01	0.996935
6042375003_R05C01	0.997454
6042375003_R06C01	0.997941
6042375003_R07C01	0.997302
6042375003_R08C01	0.997212
6042375012_R01C01	0.997363
6042375012_R02C01	0.996614
6042375012_R03C01	0.995223
6042375012_R04C01	0.997305
6042375012_R05C01	0.995861
6042375012_R06C01	0.996636
6042375013_R01C01	0.99845
6042375013_R02C01	0.998418
6042375013_R03C01	0.996718
6042375013_R04C01	0.996519
6042375013_R05C01	0.995935
6042375013_R06C01	0.996057
6042375013_R07C01	0.996634
6042375013_R08C01	0.996168
6042375014_R01C01	0.997193
6042375014_R02C01	0.996036
6042375014_R03C01	0.995732
6042375014_R04C01	0.995298
6042375014_R05C01	0.996065
6042375014_R06C01	0.997173
6042375014_R08C01	0.99628
6042375022_R01C01	0.996626
6042375022_R02C01	0.996648
6042375022_R03C01	0.997071
6042375022_R04C01	0.996367
6042375022_R05C01	0.99707
6042375022_R06C01	0.996526
6042375022_R07C01	0.995899
6042375023_R01C01	0.996228
6042375023_R02C01	0.997185
6042375023_R03C01	0.997018
6042375023_R04C01	0.995925
6042375023_R05C01	0.997022
6042375023_R06C01	0.997487
6042375023_R07C01	0.995774
6042375023_R08C01	0.996329
6042375024_R01C01	0.996391
6042375024_R02C01	0.996164
6042375024_R03C01	0.995837
6042375024_R04C01	0.995745
6042375024_R05C01	0.999257
6042375024_R06C01	0.995318
6042375024_R07C01	0.994749
6042375024_R08C01	0.997227
6042375025_R01C01	0.995656
6042375025_R02C01	0.997619
6042375025_R03C01	0.997855
6042375025_R04C01	0.997657
6042375025_R05C01	0.996485
6042375025_R06C01	0.996714
6042375025_R07C01	0.99783
6042375025_R08C01	0.996494
6042375029_R01C01	0.99722
6042375029_R02C01	0.997116
6042375029_R03C01	0.996376
6042375029_R04C01	0.996873
6042375029_R05C01	0.995559
6042375029_R06C01	0.996335
6042375029_R07C01	0.997765
6042375029_R08C01	0.995917
6042375043_R01C01	0.998692
6042375043_R02C01	0.996463
6042375043_R04C01	0.996258
6042375043_R05C01	0.994741
6042375043_R07C01	0.99573
6042375043_R08C01	0.998532
6042375044_R01C01	0.994702
6042375044_R02C01	0.998492
6042375044_R03C01	0.997409
6042375044_R05C01	0.995251
6042375044_R06C01	0.996297
6042375044_R07C01	0.997636
6042375044_R08C01	0.992323
6042375045_R02C01	0.993853
6042375045_R03C01	0.99556
6042375045_R04C01	0.989249
6042375045_R05C01	0.99591
6042375045_R06C01	0.996627
6042375045_R07C01	0.995665
6042375045_R08C01	0.997425
6042375053_R01C01	0.995934
6042375053_R02C01	0.995825
6042375053_R03C01	0.994798
6042375053_R04C01	0.997195
6042375053_R05C01	0.997611
6042375053_R06C01	0.997273
6042375053_R07C01	0.995109
6042375053_R08C01	0.993344
6042375080_R01C01	0.997327
6042375080_R02C01	0.996548
6042375080_R03C01	0.997844
6042375080_R04C01	0.997314
6042375080_R05C01	0.997941
6042375080_R06C01	0.99698
6042375080_R07C01	0.997418
6042375080_R08C01	0.995977
6042375085_R01C01	0.996715
6042375085_R02C01	0.996384
6042375085_R03C01	0.996089
6042375085_R04C01	0.997147
6042375085_R05C01	0.99612
6042375085_R06C01	0.997698
6042375085_R07C01	0.99759
6042375085_R08C01	0.996995
6042375100_R01C01	0.993358
6042375100_R02C01	0.997104
6042375100_R04C01	0.997806
6042375100_R05C01	0.996575
6042375100_R06C01	0.996622
6042375100_R07C01	0.997504
6042375100_R08C01	0.998297
6042375101_R01C01	0.996282
6042375101_R02C01	0.995328
6042375101_R03C01	0.997473
6042375101_R04C01	0.99597
6042375101_R05C01	0.998063
6042375101_R06C01	0.990516
6042375101_R07C01	0.997657
6042375101_R08C01	0.996139
6042375104_R01C01	0.996676
6042375104_R02C01	0.995616
6042375104_R03C01	0.99588
6042375104_R04C01	0.997352
6042375104_R06C01	0.995578
6042375104_R08C01	0.997221
6042375137_R01C01	0.994686
6042375137_R02C01	0.998246
6042375137_R03C01	0.995634
6042375137_R05C01	0.988339
6042375137_R06C01	0.997633
6042375137_R07C01	0.998311
6042375137_R08C01	0.997261
6042375138_R01C01	0.997405
6042375138_R02C01	0.997644
6042375138_R03C01	0.996164
6042375138_R04C01	0.995391
6042375138_R05C01	0.99692
6042375138_R06C01	0.978984
6042375138_R07C01	0.996734
6042375138_R08C01	0.995987
6042375146_R01C01	0.996461
6042375146_R02C01	0.995571
6042375146_R03C01	0.996327
6042375146_R04C01	0.997324
6042375146_R05C01	0.997
6042375146_R06C01	0.996621
6042375146_R07C01	0.996773
6042375146_R08C01	0.99749
6130471012_R01C01	0.997059
6130471012_R02C01	0.997311
6130471012_R03C01	0.995793
6130471012_R04C01	0.99737
6130471012_R05C01	0.997679
6130471012_R06C01	0.996279
6130471012_R07C01	0.997883
6130471012_R08C01	0.996464
6130471070_R01C01	0.997528
6130471070_R02C01	0.983922
6130471070_R03C01	0.996451
6130471070_R04C01	0.996752
6130471070_R05C01	0.995369
6130471070_R06C01	0.996275
6130471070_R07C01	0.995478
6130471070_R08C01	0.996501
6130471071_R01C01	0.995911
6130471071_R02C01	0.994791
6130471071_R03C01	0.996249
6130471071_R05C01	0.995323
6130471071_R06C01	0.991767
6130471071_R07C01	0.995754
6130471110_R01C01	0.99727
6130471110_R02C01	0.995656
6130471110_R04C01	0.996468
6130471110_R05C01	0.983968
6130471110_R06C01	0.997149
6130471110_R07C01	0.995084
6130471110_R08C01	0.991549
6130471129_R01C01	0.99604
6130471129_R02C01	0.996369
6130471129_R03C01	0.995818
6130471129_R04C01	0.995916
6130471129_R05C01	0.993478
6130471129_R06C01	0.99698
6130471129_R07C01	0.992599
6130471129_R08C01	0.997361
6135563011_R01C01	0.997181
6135563011_R02C01	0.99651
6135563011_R03C01	0.996586
6135563011_R04C01	0.997751
6135563011_R06C01	0.996514
6135563011_R07C01	0.995886
6135563011_R08C01	0.995765
6135563012_R02C01	0.998051
6135563012_R04C01	0.992291
6135563012_R05C01	0.997064
6135563012_R06C01	0.996704
6135563012_R07C01	0.996864
6135563012_R08C01	0.993439
6135563014_R02C01	0.998584
6135563014_R03C01	0.998124
6135563014_R04C01	0.996552
6135563014_R05C01	0.995326
6135563014_R06C01	0.997001
6135563014_R07C01	0.997108
6135563014_R08C01	0.997152
6135563015_R02C01	0.995842
6135563015_R04C01	0.995254
6135563015_R05C01	0.99625
6135563015_R06C01	0.994675
6135563015_R07C01	0.99647
6135563015_R08C01	0.998112
6135563041_R01C01	0.998046
6135563041_R03C01	0.996122
6135563041_R04C01	0.998206
6135563041_R05C01	0.997593
6135563041_R06C01	0.997853
6135571025_R01C01	0.987249
6135571025_R03C01	0.994636
6135571025_R04C01	0.996671
6135571025_R07C01	0.996618
6135571025_R08C01	0.996566
6135580001_R01C01	0.9979
6135580001_R02C01	0.998213
6135580001_R03C01	0.997894
6135580001_R04C01	0.997153
6135580001_R05C01	0.995733
6135580001_R06C01	0.99829
6135580001_R07C01	0.998012
6135580001_R08C01	0.995383
6135580011_R01C01	0.99713
6135580011_R02C01	0.994854
6135580011_R03C01	0.997309
6135580011_R04C01	0.995956
6135580011_R05C01	0.996614
6135580011_R07C01	0.996818
6135580011_R08C01	0.994965
6135580017_R01C01	0.997738
6135580017_R02C01	0.998027
6135580017_R03C01	0.996394
6135580017_R04C01	0.997826
6135580017_R05C01	0.997104
6135580017_R06C01	0.996243
6135580017_R07C01	0.99819
6135580017_R08C01	0.99801
6135580027_R01C01	0.99644
6135580027_R02C01	0.994389
6135580027_R03C01	0.997608
6135580027_R04C01	0.997131
6135580027_R05C01	0.997655
6135580027_R06C01	0.998476
6135580027_R07C01	0.997082
6135580027_R08C01	0.997395
6135580057_R01C01	0.996514
6135580057_R02C01	0.996467
6135580057_R03C01	0.99604
6135580057_R04C01	0.997815
6135580057_R05C01	0.997821
6135580057_R06C01	0.996755
6135580057_R07C01	0.997218
6135580057_R08C01	0.998005
6135580073_R01C01	0.99697
6135580073_R03C01	0.996274
6135580073_R04C01	0.996192
6135580073_R05C01	0.996857
6135580073_R06C01	0.997863
6135580073_R07C01	0.996453
6135580073_R08C01	0.996946
6135580082_R01C01	0.997325
6135580082_R02C01	0.997919
6135580082_R03C01	0.994067
6135580082_R04C01	0.996397
6135580082_R06C01	0.993723
6135580082_R07C01	0.995922
6135580082_R08C01	0.998119
6135580098_R01C01	0.997614
6135580098_R02C01	0.997807
6135580098_R04C01	0.996138
6135580098_R05C01	0.997588
6135580098_R06C01	0.994892
6135580098_R07C01	0.995337
6135580098_R08C01	0.998054
6135580116_R02C01	0.994376
6135580116_R03C01	0.995778
6135580116_R05C01	0.996624
6135580116_R06C01	0.996478
6135580116_R08C01	0.996219
6135580117_R02C01	0.996229
6135580117_R03C01	0.995398
6135580117_R04C01	0.997965
6135580117_R05C01	0.997598
6135580117_R06C01	0.996632
6135580118_R01C01	0.996074
6135580118_R02C01	0.994104
6135580118_R04C01	0.997349
6135580118_R05C01	0.996801
6135580118_R06C01	0.995797
6135580118_R08C01	0.994775
6135580123_R02C01	0.996389
6135580123_R04C01	0.997757
6135580123_R05C01	0.995862
6135580123_R07C01	0.977727
6135580123_R08C01	0.99475
6135580144_R01C01	0.996077
6135580144_R08C01	0.996177
6135580145_R06C01	0.997587
6135580145_R08C01	0.989144
6135601008_R01C01	0.996746
6135601008_R02C01	0.990895
6135601008_R03C01	0.996289
6135601008_R04C01	0.993389
6135601008_R06C01	0.996795
6135601008_R07C01	0.996506
6135601008_R08C01	0.996086
6135601009_R01C01	0.99754
6135601009_R02C01	0.995292
6135601009_R03C01	0.998389
6135601009_R04C01	0.99833
6135601009_R05C01	0.996981
6135601009_R06C01	0.996307
6135601009_R07C01	0.99795
6135601009_R08C01	0.997012
6135601012_R04C01	0.996393
6135601012_R05C01	0.998002
6135601012_R06C01	0.996642
6135601012_R07C01	0.989718
6135601018_R03C01	0.997586
6135601018_R05C01	0.996674
6135601018_R07C01	0.990528
6135601018_R08C01	0.992087
6135601027_R03C01	0.99686
6135601027_R04C01	0.99453
6135601027_R05C01	0.995272
6135601027_R07C01	0.996855
6135601034_R01C01	0.997661
6135601034_R02C01	0.996679
6135601034_R03C01	0.996781
6135601034_R04C01	0.997037
6135601034_R06C01	0.996477
6135601045_R01C01	0.997839
6135601045_R02C01	0.998446
6135601045_R03C01	0.995809
6135601045_R04C01	0.996479
6135601045_R05C01	0.996623
6135601045_R07C01	0.997989
6135601045_R08C01	0.995956
6135601049_R01C01	0.997705
6135601049_R02C01	0.997317
6135601049_R03C01	0.995986
6135601049_R05C01	0.988557
6135601049_R06C01	0.998122
6135601049_R07C01	0.995988
6135601049_R08C01	0.997387
6135601060_R01C01	0.993474
6135601060_R03C01	0.995789
6135601060_R04C01	0.976012
6135601060_R05C01	0.99321
6135601060_R06C01	0.99283
6135601066_R01C01	0.997809
6135601066_R02C01	0.993093
6135601066_R03C01	0.997427
6135601066_R04C01	0.995813
6135601066_R05C01	0.995239
6135601066_R06C01	0.99693
6135601066_R07C01	0.996591
6135601066_R08C01	0.997159
6135601080_R01C01	0.997087
6135601080_R02C01	0.993485
6135601080_R03C01	0.996557
6135601080_R07C01	0.997194
6135601080_R08C01	0.997062
6135601081_R01C01	0.998182
6135601081_R02C01	0.997198
6135601081_R03C01	0.996473
6135601081_R04C01	0.996793
6135601081_R05C01	0.997763
6135601081_R07C01	0.995747
6135601081_R08C01	0.995701
6135601082_R02C01	0.996347
6135601082_R03C01	0.997026
6135601082_R04C01	0.996972
6135601082_R05C01	0.99613
6135601082_R06C01	0.995257
6135601082_R07C01	0.997801
6135601082_R08C01	0.99704
6135601086_R01C01	0.993956
6135601086_R03C01	0.996103
6135601086_R04C01	0.995879
6135601086_R05C01	0.991407
6135601086_R07C01	0.996509
6135601094_R05C01	0.996437
6135601094_R06C01	0.9907
6135601108_R01C01	0.996936
6135601108_R02C01	0.996421
6135601108_R03C01	0.998558
6135601108_R04C01	0.996647
6135601108_R05C01	0.996557
6135601108_R06C01	0.99564
6135601108_R07C01	0.996703
6135601108_R08C01	0.99569
6135601115_R02C01	0.99674
6135601115_R04C01	0.996094
6135601115_R06C01	0.995673
6135601115_R07C01	0.996858
6135601115_R08C01	0.997345
6135601116_R01C01	0.994358
6135601116_R02C01	0.996196
6135601116_R05C01	0.996991
6135601116_R07C01	0.995957
6135601116_R08C01	0.996793
6135601117_R01C01	0.995044
6135601117_R05C01	0.997102
6135601117_R06C01	0.994581
6135601117_R07C01	0.99773
6135601117_R08C01	0.995894
6135601120_R03C01	0.997118
6135601120_R04C01	0.9981
6135601120_R06C01	0.996009
6135601120_R07C01	0.995962
6135601120_R08C01	0.99683
6135601124_R01C01	0.996413
6135601124_R02C01	0.99538
6135601124_R03C01	0.997268
6135601124_R04C01	0.996456
6135601124_R05C01	0.997919
6135601124_R06C01	0.994556
6135601124_R07C01	0.995271
6135601124_R08C01	0.996918
6135601130_R01C01	0.995885
6135601130_R02C01	0.988731
6135601130_R03C01	0.996682
6135601130_R04C01	0.996551
6135601130_R05C01	0.997383
6135601130_R06C01	0.997633
6135601130_R07C01	0.996309
6135601130_R08C01	0.997043
6135601149_R01C01	0.995799
6135601149_R02C01	0.998372
6135601149_R06C01	0.991672
6135601149_R08C01	0.996136
6135601151_R01C01	0.996393
6135601151_R02C01	0.995715
6135601151_R03C01	0.997827
6135601151_R04C01	0.996473
6135601151_R05C01	0.996607
6135601151_R06C01	0.995761
6135601151_R07C01	0.996397
6135601151_R08C01	0.995402
6135601153_R03C01	0.996634
6135601153_R05C01	0.996536
6135601153_R06C01	0.989406
6135601153_R07C01	0.995596
6135601153_R08C01	0.998395
6135601156_R01C01	0.995475
6135601156_R02C01	0.995031
6135601156_R03C01	0.991953
6135601156_R04C01	0.996425
6135601156_R05C01	0.997149
6135601156_R06C01	0.996379
6135601156_R08C01	0.998312
6135601162_R01C01	0.9907
6135601162_R02C01	0.99614
6135601162_R04C01	0.997469
6135601162_R05C01	0.994771
6135601162_R06C01	0.993308
6135601162_R07C01	0.996509
6135601162_R08C01	0.99575
6135601167_R02C01	0.99684
6135601167_R03C01	0.997153
6135601167_R04C01	0.997171
6135601167_R05C01	0.992794
6135601167_R06C01	0.997088
6135601167_R07C01	0.995319
6147054060_R01C01	0.995766
6147054060_R02C01	0.997068
6147054060_R03C01	0.996943
6147054060_R04C01	0.997361
6147054060_R05C01	0.996525
6147054060_R07C01	0.996662
6147054060_R08C01	0.998192
6147054122_R01C01	0.995227
6147054122_R02C01	0.997186
6147054122_R03C01	0.994247
6147054122_R04C01	0.996678
6147054122_R05C01	0.997253
6147054122_R06C01	0.998607
6147054122_R07C01	0.996867
6147054122_R08C01	0.996683
6147054149_R01C01	0.995998
6147054149_R02C01	0.997075
6147054149_R07C01	0.997307
6147054149_R08C01	0.995795
6147054150_R01C01	0.996239
6147054150_R02C01	0.995487
6147054150_R03C01	0.99714
6147054150_R04C01	0.995973
6147054150_R05C01	0.996796
6147054150_R06C01	0.995598
6147054150_R07C01	0.996125
6147054150_R08C01	0.996528
6147062005_R03C01	0.997456
6147062005_R04C01	0.997497
6147062005_R06C01	0.995878
6147062005_R07C01	0.997408
6147062010_R01C01	0.995708
6147062010_R02C01	0.996596
6147062010_R03C01	0.997426
6147062010_R04C01	0.994259
6147062010_R05C01	0.998021
6147062010_R06C01	0.996876
6147062010_R07C01	0.997874
6147062010_R08C01	0.997933
6147062028_R03C01	0.996885
6147062037_R01C01	0.997163
6147062037_R02C01	0.992
6147062037_R03C01	0.996341
6147062037_R04C01	0.997892
6147062037_R05C01	0.995489
6147062037_R06C01	0.997114
6147062037_R07C01	0.995718
6147062055_R01C01	0.995503
6147062055_R02C01	0.995978
6147062055_R04C01	0.99576
6147062055_R07C01	0.997535
6147062055_R08C01	0.997379
6147062102_R01C01	0.996827
6147062102_R02C01	0.99634
6147062102_R03C01	0.997546
6147062102_R04C01	0.998214
6147062102_R05C01	0.997089
6147062102_R06C01	0.996511
6147062133_R01C01	0.996472
6147062133_R02C01	0.996234
6147062133_R03C01	0.995666
6147062133_R05C01	0.997167
6147062133_R06C01	0.997072
6147062134_R01C01	0.996343
6147062134_R02C01	0.997075
6147062134_R03C01	0.998961
6147062134_R06C01	0.991763
6147062134_R07C01	0.997367
6147062134_R08C01	0.995181
6147062135_R01C01	0.997429
6147062135_R02C01	0.997877
6147062135_R04C01	0.995712
6147062135_R05C01	0.997319
6147062135_R06C01	0.992208
6147062135_R08C01	0.996644
6147062147_R01C01	0.989013
6147062147_R03C01	0.996923
6147062147_R04C01	0.997049
6147062147_R05C01	0.997275
6147062147_R06C01	0.996321
6147062147_R07C01	0.991843
6147062147_R08C01	0.996792
6147062162_R01C01	0.997264
6147062162_R03C01	0.996831
6147062162_R05C01	0.997046
6147062162_R06C01	0.996378
6147062162_R07C01	0.997863
6147062167_R02C01	0.995354
6147062167_R03C01	0.996782
6147062167_R04C01	0.996669
6147062167_R05C01	0.995403
6147062167_R06C01	0.993572
6147062167_R08C01	0.995042
6147071002_R01C01	0.997085
6147071002_R02C01	0.989782
6147071002_R03C01	0.996768
6147071002_R05C01	0.994666
6147071002_R06C01	0.996059
6147071002_R07C01	0.997976
6147071002_R08C01	0.996987
6147071043_R03C01	0.997563
6147071043_R05C01	0.99568
6147071043_R08C01	0.996357
6147071044_R01C01	0.998098
6147071044_R02C01	0.996465
6147071044_R03C01	0.996439
6147071044_R04C01	0.996418
6147071044_R06C01	0.995652
6147071044_R07C01	0.996582
6147071044_R08C01	0.995905
6147071047_R01C01	0.996282
6147071047_R02C01	0.995754
6147071047_R05C01	0.997551
6147071047_R06C01	0.997379
6147071047_R07C01	0.99668
6147071047_R08C01	0.995585
6147071059_R02C01	0.995865
6147071059_R03C01	0.995771
6147071059_R04C01	0.996184
6147071059_R07C01	0.997291
6147071059_R08C01	0.996986
6147071060_R02C01	0.996814
6147071060_R03C01	0.99763
6147071060_R04C01	0.994427
6147071060_R05C01	0.997064
6147071060_R06C01	0.996628
6147071060_R07C01	0.99649
6147071060_R08C01	0.988857
6147071101_R01C01	0.997405
6147071101_R02C01	0.996645
6147071101_R04C01	0.995541
6147071101_R05C01	0.997112
6147071101_R06C01	0.996577
6147071101_R07C01	0.997571
6147071101_R08C01	0.994423
6147071123_R01C01	0.996345
6147071123_R02C01	0.997665
6147071123_R03C01	0.998093
6147071123_R04C01	0.996706
6147071123_R05C01	0.996615
6147071123_R06C01	0.997609
6147071123_R07C01	0.997977
6147071123_R08C01	0.992451
6147071155_R01C01	0.99656
6147071155_R02C01	0.997016
6147071155_R03C01	0.995771
6147071155_R04C01	0.994489
6147071155_R06C01	0.997256
6147071155_R07C01	0.993917
6147071155_R08C01	0.996961
6147071157_R01C01	0.997489
6147071157_R02C01	0.997153
6147071157_R03C01	0.997138
6147071157_R04C01	0.99672
6147071157_R05C01	0.997486
6147071157_R06C01	0.996574
6147071157_R07C01	0.997364
6147071157_R08C01	0.997011
6160275010_R02C01	0.996619
6160275010_R03C01	0.99566
6160275010_R04C01	0.996298
6160275010_R05C01	0.995642
6160275010_R06C01	0.997346
6160275010_R07C01	0.997271
6160275010_R08C01	0.995467
6160275012_R02C01	0.996796
6160275012_R03C01	0.997272
6160275012_R04C01	0.99757
6160275012_R05C01	0.995032
6160275012_R06C01	0.996374
6160275012_R07C01	0.997463
6160275012_R08C01	0.997998
6160275019_R01C01	0.997834
6160275019_R02C01	0.996097
6160275019_R03C01	0.996854
6160275019_R04C01	0.997408
6160275019_R05C01	0.995174
6160275019_R06C01	0.995985
6160275019_R07C01	0.995815
6160275020_R01C01	0.997565
6160275020_R02C01	0.996087
6160275020_R03C01	0.997701
6160275020_R04C01	0.997826
6160275020_R05C01	0.996896
6160275020_R06C01	0.995247
6160275020_R07C01	0.997476
6160275020_R08C01	0.996224
6160275021_R01C01	0.997007
6160275021_R02C01	0.995831
6160275021_R03C01	0.998412
6160275021_R04C01	0.996528
6160275021_R05C01	0.994558
6160275021_R06C01	0.998214
6160275021_R07C01	0.998167
6160275021_R08C01	0.995958
6160275022_R01C01	0.996769
6160275022_R02C01	0.996079
6160275022_R03C01	0.997725
6160275022_R04C01	0.996613
6160275022_R05C01	0.996285
6160275022_R06C01	0.996819
6160275022_R07C01	0.996941
6160275022_R08C01	0.996767
6160275043_R01C01	0.996327
6160275043_R02C01	0.996559
6160275043_R03C01	0.996555
6160275043_R04C01	0.995613
6160275043_R05C01	0.997217
6160275043_R06C01	0.996554
6160275043_R08C01	0.992771
6160275044_R01C01	0.996229
6160275044_R02C01	0.995151
6160275044_R03C01	0.996426
6160275044_R04C01	0.997724
6160275044_R05C01	0.996146
6160275044_R06C01	0.997456
6160275044_R07C01	0.997931
6160275044_R08C01	0.996681
6160275046_R01C01	0.99615
6160275046_R02C01	0.995815
6160275046_R03C01	0.996261
6160275046_R05C01	0.989305
6160275046_R06C01	0.994885
6160275046_R07C01	0.99812
6160275058_R01C01	0.995053
6160275058_R02C01	0.997812
6160275058_R03C01	0.993699
6160275058_R04C01	0.995019
6160275058_R05C01	0.997712
6160275058_R06C01	0.996703
6160275058_R07C01	0.995824
6160275058_R08C01	0.997225
6160275059_R01C01	0.997567
6160275059_R02C01	0.998314
6160275059_R03C01	0.998308
6160275059_R04C01	0.996088
6160275059_R05C01	0.99846
6160275059_R06C01	0.99762
6160275059_R07C01	0.998074
6160275059_R08C01	0.996999
6160275060_R01C01	0.996638
6160275060_R02C01	0.997038
6160275060_R03C01	0.996722
6160275060_R04C01	0.997391
6160275060_R05C01	0.996245
6160275060_R06C01	0.997665
6160275060_R07C01	0.996397
6160275060_R08C01	0.996667
6160304032_R01C01	0.99706
6160304032_R02C01	0.993366
6160304032_R03C01	0.992611
6160304032_R04C01	0.997534
6160304032_R05C01	0.997499
6160304032_R07C01	0.997244
6160304032_R08C01	0.997115
6160304033_R01C01	0.997185
6160304033_R02C01	0.997082
6160304033_R03C01	0.997915
6160304033_R04C01	0.996569
6160304033_R05C01	0.992147
6160304033_R06C01	0.997199
6160304033_R07C01	0.996971
6160304033_R08C01	0.99746
6164663042_R01C01	0.988538
6164663042_R02C01	0.997328
6164663042_R03C01	0.993736
6164663042_R04C01	0.996862
6164663042_R05C01	0.997802
6164663042_R06C01	0.995282
6164663042_R07C01	0.997224
6164663042_R08C01	0.996616
6165295013_R01C01	0.997271
6165295013_R02C01	0.995288
6165295013_R03C01	0.996532
6165295013_R04C01	0.998649
6165295013_R06C01	0.995429
6165295019_R01C01	0.994844
6165295019_R02C01	0.996064
6165295019_R04C01	0.996838
6165295019_R05C01	0.996238
6165295019_R06C01	0.996204
6165295019_R07C01	0.996587
6165295019_R08C01	0.99607
6165295021_R01C01	0.987304
6165295021_R02C01	0.996517
6165295021_R03C01	0.997004
6165295021_R04C01	0.996165
6165295021_R05C01	0.996732
6165295021_R06C01	0.996785
6165295021_R07C01	0.996384
6165295021_R08C01	0.996569
6165295023_R01C01	0.992286
6165295023_R02C01	0.992338
6165295023_R03C01	0.995869
6165295023_R04C01	0.997587
6165295023_R05C01	0.991477
6165295023_R06C01	0.996782
6165295023_R07C01	0.997383
6165295023_R08C01	0.996913
6165295050_R01C01	0.996476
6165295050_R02C01	0.987258
6165295050_R03C01	0.994443
6165295050_R04C01	0.99837
6165295050_R05C01	0.995904
6165295050_R06C01	0.997772
6165295050_R07C01	0.997074
6165295050_R08C01	0.997594
6165295051_R01C01	0.993712
6165295051_R03C01	0.994957
6165295051_R04C01	0.997369
6165295051_R05C01	0.995296
6165295051_R07C01	0.993786
6165295051_R08C01	0.994849
6171492001_R02C01	0.988515
6171492001_R03C01	0.995427
6171492001_R05C01	0.996116
6171492001_R07C01	0.996605
6171492013_R02C01	0.997312
6171492013_R03C01	0.996555
6171492013_R04C01	0.997786
6171492013_R07C01	0.994658
6171492013_R08C01	0.997172
6171492015_R01C01	0.996782
6171492015_R02C01	0.992823
6171492015_R03C01	0.997596
6171492015_R04C01	0.995452
6171492015_R05C01	0.995438
6171492015_R06C01	0.996534
6171492015_R07C01	0.995004
6171492015_R08C01	0.997416
6171492016_R01C01	0.995875
6171492016_R02C01	0.99719
6171492016_R03C01	0.997012
6171492016_R04C01	0.993919
6171492016_R05C01	0.997625
6171492016_R06C01	0.995916
6171492016_R07C01	0.996122
6171492017_R02C01	0.995584
6171492017_R03C01	0.98969
6171492017_R04C01	0.997274
6171492017_R05C01	0.997065
6171492017_R06C01	0.99686
6171492017_R07C01	0.995726
6171492017_R08C01	0.992707
6171492025_R01C01	0.996889
6171492025_R02C01	0.996746
6171492025_R03C01	0.996314
6171492025_R04C01	0.991288
6171492025_R05C01	0.995128
6171492025_R06C01	0.996312
6171492025_R07C01	0.996244
6171492025_R08C01	0.997368
6171492029_R01C01	0.996736
6171492029_R02C01	0.996099
6171492029_R04C01	0.997037
6171492029_R05C01	0.996679
6171492029_R06C01	0.997388
6171492029_R08C01	0.996552
6171492039_R03C01	0.996244
6171492039_R04C01	0.99549
6171492039_R05C01	0.997032
6171492039_R06C01	0.98345
6171492039_R07C01	0.996425
6171492043_R02C01	0.997426
6171492043_R03C01	0.993814
6171492043_R04C01	0.99555
6171492043_R05C01	0.997677
6171492043_R06C01	0.996498
6171492043_R07C01	0.994091
6171492043_R08C01	0.996326
6171492045_R01C01	0.996909
6171492045_R02C01	0.994717
6171492045_R05C01	0.997085
6171492045_R08C01	0.996274
6171492048_R06C01	0.982569
6171492048_R08C01	0.975031
6171492049_R01C01	0.996709
6171492049_R02C01	0.997114
6171492049_R03C01	0.993869
6171492049_R04C01	0.989092
6171492049_R05C01	0.996976
6171492049_R06C01	0.997949
6171492049_R07C01	0.996923
6171492049_R08C01	0.99591
6171492050_R01C01	0.995957
6171492050_R02C01	0.997629
6171492050_R05C01	0.996113
6171492050_R06C01	0.996293
6171492050_R07C01	0.996383
6171492050_R08C01	0.995081
6171492053_R01C01	0.996468
6171492053_R02C01	0.997762
6171492053_R03C01	0.997211
6171492053_R04C01	0.995615
6171492053_R05C01	0.996984
6171492053_R06C01	0.996343
6171492053_R07C01	0.996835
6171492053_R08C01	0.997432
6171492055_R01C01	0.995017
6171492055_R02C01	0.991316
6171492055_R03C01	0.99671
6171492055_R04C01	0.998158
6171492055_R06C01	0.996515
6171492055_R07C01	0.996091
6171492055_R08C01	0.996333
6171492056_R01C01	0.99734
6171492056_R02C01	0.996837
6171492056_R03C01	0.998385
6171492056_R04C01	0.99643
6171492056_R05C01	0.996939
6171492056_R08C01	0.995914
6171492059_R01C01	0.997892
6171492059_R02C01	0.997326
6171492059_R04C01	0.99733
6171492059_R05C01	0.996394
6171492059_R06C01	0.997173
6171492059_R07C01	0.996332
6171492059_R08C01	0.998039
6171492060_R01C01	0.997851
6171492060_R02C01	0.998011
6171492060_R03C01	0.994076
6171492060_R04C01	0.995953
6171492060_R05C01	0.996918
6171492060_R08C01	0.988521
6171492068_R01C01	0.997989
6171492068_R02C01	0.997722
6171492068_R03C01	0.996716
6171492068_R04C01	0.99608
6171492068_R05C01	0.997854
6171492068_R06C01	0.996619
6171492068_R08C01	0.997239
6171492069_R02C01	0.996069
6171492069_R06C01	0.995128
6171492069_R07C01	0.997259
6171492069_R08C01	0.99676
6171492072_R03C01	0.996365
6171492072_R04C01	0.995772
6171492072_R05C01	0.997408
6171492072_R06C01	0.995186
6171492072_R08C01	0.997275
6171492074_R01C01	0.995416
6171492074_R02C01	0.997482
6171492074_R03C01	0.997902
6171492074_R04C01	0.997728
6171492074_R05C01	0.996552
6171492074_R07C01	0.994963
6171492074_R08C01	0.997042
6171492075_R01C01	0.996506
6171492075_R03C01	0.99683
6171492075_R05C01	0.998081
6171492075_R06C01	0.975292
6171492075_R08C01	0.997269
6171492077_R01C01	0.995256
6171492077_R02C01	0.99417
6171492077_R03C01	0.997302
6171492077_R07C01	0.996371
6171492077_R08C01	0.995948
6171492078_R01C01	0.997419
6171492078_R02C01	0.996922
6171492078_R03C01	0.996552
6171492078_R05C01	0.997469
6171492078_R06C01	0.994343
6171492078_R07C01	0.99476
6171492078_R08C01	0.99724
6171492079_R01C01	0.997298
6171492079_R03C01	0.997699
6171492079_R04C01	0.998681
6171492079_R05C01	0.996685
6171492079_R06C01	0.995812
6171492079_R07C01	0.996389
6171492079_R08C01	0.982432
6171492084_R01C01	0.994878
6171492084_R02C01	0.996394
6171492084_R03C01	0.997808
6171492084_R04C01	0.994591
6171492084_R05C01	0.996432
6171492084_R06C01	0.996911
6171492084_R08C01	0.996974
6171492086_R02C01	0.996499
6171492086_R05C01	0.996544
6171492086_R06C01	0.994962
6171492086_R07C01	0.995816
6171492086_R08C01	0.997212
6171492090_R01C01	0.997124
6171492090_R02C01	0.988905
6171492090_R03C01	0.996036
6171492090_R05C01	0.997631
6171492090_R06C01	0.996467
6171492090_R07C01	0.996704
6171492090_R08C01	0.998097
6171492100_R01C01	0.99447
6171492100_R03C01	0.992849
6171492100_R04C01	0.987854
6171492100_R05C01	0.996131
6171492100_R08C01	0.994951
6172882004_R01C01	0.995281
6172882004_R02C01	0.996933
6172882004_R03C01	0.989703
6172882004_R06C01	0.991922
6172882004_R07C01	0.998246
6172882004_R08C01	0.997805
6172882009_R01C01	0.997433
6172882009_R02C01	0.996819
6172882009_R03C01	0.997248
6172882009_R04C01	0.997026
6172882009_R05C01	0.995749
6172882009_R06C01	0.996109
6172882009_R07C01	0.997696
6172882009_R08C01	0.996074
6172882050_R01C01	0.997556
6172882050_R02C01	0.99714
6172882050_R03C01	0.996892
6172882050_R04C01	0.997416
6172882050_R05C01	0.997638
6172882050_R06C01	0.997495
6172882050_R08C01	0.992024
6172882051_R01C01	0.996904
6172882051_R02C01	0.996203
6172882051_R04C01	0.996962
6172882051_R05C01	0.994247
6172882051_R06C01	0.99751
6172882051_R07C01	0.997405
6172882051_R08C01	0.996939
6186483013_R01C01	0.992024
6186483013_R02C01	0.997926
6186483013_R03C01	0.987947
6186483013_R04C01	0.997293
6186483013_R05C01	0.996164
6186483013_R06C01	0.997487
6186483013_R07C01	0.996587
6186483013_R08C01	0.996998
6186483032_R03C01	0.996317
6186483032_R04C01	0.994599
6186483032_R05C01	0.99717
6186483032_R06C01	0.997627
6186483032_R07C01	0.997032
6186483032_R08C01	0.988171
6186483043_R01C01	0.978379
6186483043_R04C01	0.988801
6186483043_R05C01	0.997648
6186483043_R06C01	0.996757
6186483043_R08C01	0.997483
6186483051_R01C01	0.997114
6186483051_R08C01	0.997171
6186483068_R01C01	0.991426
6186483068_R02C01	0.997612
6186483068_R03C01	0.99676
6186483090_R01C01	0.997954
6186483090_R02C01	0.996578
6186483090_R03C01	0.997844
6186483090_R04C01	0.996698
6186483090_R06C01	0.996922
6186483090_R07C01	0.996879
6186483090_R08C01	0.996957
6186483093_R02C01	0.985361
6186483093_R03C01	0.995698
6186483093_R05C01	0.997188
6186483093_R06C01	0.997077
6186483093_R08C01	0.996933
6186483099_R01C01	0.994233
6186483099_R03C01	0.996358
6186483099_R04C01	0.99729
6186483099_R05C01	0.996288
6186483099_R07C01	0.996156
6186483099_R08C01	0.99563
6186483101_R01C01	0.993859
6186483101_R02C01	0.995639
6186483101_R03C01	0.993032
6186483101_R04C01	0.995044
6186483101_R05C01	0.991898
6186483101_R06C01	0.991096
6186483101_R08C01	0.99778
6186483132_R01C01	0.981062
6247194011_R02C01	0.995142
6247194011_R03C01	0.997931
6247194011_R04C01	0.996364
6247194011_R05C01	0.997313
6247194011_R07C01	0.990287
6247194011_R08C01	0.997776
6247194028_R01C01	0.994537
6247194028_R02C01	0.991475
6247194028_R03C01	0.997171
6247194028_R04C01	0.996541
6247194028_R06C01	0.99776
6247194028_R07C01	0.996529
6247194028_R08C01	0.997724
6247194031_R01C01	0.994948
6247194031_R02C01	0.997759
6247194031_R03C01	0.997082
6247194031_R05C01	0.997015
6247194031_R06C01	0.998416
6247194031_R07C01	0.997056
6247194043_R02C01	0.996833
6247194043_R03C01	0.997301
6247194043_R04C01	0.996772
6247194043_R07C01	0.997811
6247194043_R08C01	0.99745
6247194064_R01C01	0.995948
6247194064_R03C01	0.99484
6247194064_R04C01	0.997631
6247194064_R05C01	0.996437
6247194064_R06C01	0.998789
6247194064_R07C01	0.997214
6247194064_R08C01	0.998344
6247194098_R01C01	0.997172
6247194098_R02C01	0.996961
6247194098_R03C01	0.995008
6247194098_R04C01	0.99811
6247194098_R05C01	0.997
6247194098_R06C01	0.997011
6247194098_R07C01	0.996894
6247194098_R08C01	0.997772
6247194107_R03C01	0.992717
6247194107_R05C01	0.983108
6247194107_R07C01	0.996108
6247194115_R02C01	0.996884
6247194115_R04C01	0.989924
6247194115_R05C01	0.996584
6247194115_R06C01	0.996823
6247194115_R08C01	0.995202
6247194117_R02C01	0.997008
6247194117_R03C01	0.998513
6247194117_R04C01	0.991361
6247194117_R05C01	0.997404
6247194117_R07C01	0.996107
6247194117_R08C01	0.996014
6247194118_R05C01	0.997275
6247194118_R08C01	0.995609
6264533042_R07C01	0.997277
6264533048_R01C01	0.99773
6264533048_R03C01	0.99643
6264533048_R04C01	0.996762
6264533048_R05C01	0.994956
6264533048_R06C01	0.996672
6264533048_R07C01	0.997159
6264533048_R08C01	0.996995
6264533060_R03C01	0.995476
6264533060_R05C01	0.99248
6264533060_R06C01	0.994137
6264533060_R07C01	0.995324
6264533060_R08C01	0.995558
6264533086_R01C01	0.975303
6264533086_R03C01	0.996553
6264533086_R05C01	0.993186
6264550046_R02C01	0.997126
6264550046_R03C01	0.994129
6264550046_R04C01	0.99586
6264550046_R07C01	0.994686
