                      +-----------------------------+
                      |                             |
                      |   Eagle v2.4.1              |
                      |   November 18, 2018         |
                      |   Po-Ru Loh                 |
                      |                             |
                      +-----------------------------+

Copyright (C) 2015-2018 Harvard University.
Distributed under the GNU GPLv3+ open source license.

Command line options:

eagle \
    --vcfRef=/BIODATA/StudentsHome/kevine/GWAS/Git/GWAS/1000G/ALL.chr19.phase3_integrated.20130502.genotypes.bcf \
    --vcfTarget=qc-camgwas-updated.vcf.gz \
    --geneticMapFile=tables/genetic_map_hg19_withX.txt.gz \
    --outPrefix=chr19-phased_wref \
    --chrom=19 \
    --pbwtIters=10 \
    --numThreads=90 \
    --Kpbwt=50000 \
    --vcfOutFormat=z 

Setting number of threads to 90
[W::bcf_hdr_check_sanity] PL should be declared as Number=G

Reference samples: Nref = 2504
Target samples: Ntarget = 1185
SNPs to analyze: M = 26501 SNPs in both target and reference

SNPs ignored: 0 SNPs in target but not reference
              1059126 SNPs in reference but not target
              0 multi-allelic SNPs in target

Missing rate in target genotypes: 0.00705965

Filling in genetic map coordinates using reference file:
  tables/genetic_map_hg19_withX.txt.gz
Physical distance range: 58836840 base pairs
Genetic distance range:  106.856 cM
Average # SNPs per cM:   248
Number of <=(64-SNP, 1cM) segments: 420
Average # SNPs per segment: 63

Time for reading input: 25.9966 sec

Fraction of heterozygous genotypes: 0.255306
Typical span of default 100-het history length: 1.58 cM
Setting --histFactor=1.00

BEGINNING PHASING

PHASING ITER 1 OF 10


Phasing target samples
................................................................................
Time for phasing iter 1: 337.719

PHASING ITER 2 OF 10


Phasing target samples
................................................................................
Time for phasing iter 2: 330.747

PHASING ITER 3 OF 10


Phasing target samples
................................................................................
Time for phasing iter 3: 307.837

PHASING ITER 4 OF 10


Phasing target samples
................................................................................
Time for phasing iter 4: 312.257

PHASING ITER 5 OF 10


Phasing target samples
................................................................................
Time for phasing iter 5: 303.991

PHASING ITER 6 OF 10


Phasing target samples
................................................................................
Time for phasing iter 6: 312.078

PHASING ITER 7 OF 10


Phasing target samples
................................................................................
Time for phasing iter 7: 303.941

PHASING ITER 8 OF 10


Phasing target samples
................................................................................
Time for phasing iter 8: 324.956

PHASING ITER 9 OF 10


Phasing target samples
................................................................................
Time for phasing iter 9: 309.731

PHASING ITER 10 OF 10


Phasing target samples
................................................................................
Time for phasing iter 10: 478.773
Writing vcf.gz output to chr19-phased_wref.vcf.gz
Time for writing output: 4.2234
Total elapsed time for analysis = 3352.3 sec

Mean phase confidence of each target individual:
ID	PHASE_CONFIDENCE
6042341077_R01C01	0.997222
6042341077_R03C01	0.995987
6042341077_R04C01	0.992556
6042341077_R05C01	0.996061
6042341077_R06C01	0.997068
6042341077_R07C01	0.995259
6042341089_R01C01	0.998365
6042341089_R02C01	0.99668
6042341089_R03C01	0.996403
6042341089_R04C01	0.994503
6042341089_R05C01	0.996095
6042341089_R06C01	0.993865
6042341089_R07C01	0.995979
6042341089_R08C01	0.995416
6042341090_R01C01	0.995691
6042341090_R02C01	0.995458
6042341090_R03C01	0.995531
6042341090_R04C01	0.997037
6042341090_R05C01	0.994939
6042341090_R06C01	0.995671
6042341090_R07C01	0.99372
6042341090_R08C01	0.99077
6042341099_R01C01	0.996939
6042341099_R02C01	0.995147
6042341099_R03C01	0.99399
6042341099_R04C01	0.99737
6042341099_R05C01	0.995157
6042341099_R06C01	0.987674
6042341099_R07C01	0.994618
6042341099_R08C01	0.994373
6042341154_R06C01	0.99546
6042341154_R07C01	0.996653
6042341154_R08C01	0.995172
6042341162_R01C01	0.995359
6042341162_R02C01	0.996496
6042341162_R03C01	0.99626
6042341162_R04C01	0.996053
6042341162_R05C01	0.99501
6042341162_R06C01	0.996303
6042341162_R07C01	0.997794
6042341162_R08C01	0.997273
6042359084_R01C01	0.99625
6042359084_R02C01	0.995376
6042359084_R03C01	0.995539
6042359084_R04C01	0.994183
6042359084_R05C01	0.993217
6042359084_R06C01	0.996547
6042359084_R07C01	0.99701
6042359084_R08C01	0.998685
6042375002_R01C01	0.994941
6042375002_R02C01	0.995378
6042375002_R03C01	0.997253
6042375002_R04C01	0.996046
6042375002_R05C01	0.996263
6042375002_R06C01	0.996367
6042375002_R07C01	0.997455
6042375002_R08C01	0.995663
6042375003_R01C01	0.998102
6042375003_R02C01	0.996259
6042375003_R03C01	0.994957
6042375003_R04C01	0.995178
6042375003_R05C01	0.997
6042375003_R06C01	0.997783
6042375003_R07C01	0.996216
6042375003_R08C01	0.996635
6042375012_R01C01	0.995755
6042375012_R02C01	0.996654
6042375012_R03C01	0.995887
6042375012_R04C01	0.995616
6042375012_R05C01	0.995598
6042375012_R06C01	0.995255
6042375013_R01C01	0.99778
6042375013_R02C01	0.99441
6042375013_R03C01	0.996218
6042375013_R04C01	0.995213
6042375013_R05C01	0.995256
6042375013_R06C01	0.993614
6042375013_R07C01	0.996748
6042375013_R08C01	0.993986
6042375014_R01C01	0.996392
6042375014_R02C01	0.996858
6042375014_R03C01	0.993982
6042375014_R04C01	0.994051
6042375014_R05C01	0.994344
6042375014_R06C01	0.996495
6042375014_R08C01	0.995022
6042375022_R01C01	0.996113
6042375022_R02C01	0.996771
6042375022_R03C01	0.995217
6042375022_R04C01	0.995566
6042375022_R05C01	0.995749
6042375022_R06C01	0.996076
6042375022_R07C01	0.993938
6042375023_R01C01	0.997025
6042375023_R02C01	0.998492
6042375023_R03C01	0.995585
6042375023_R04C01	0.995114
6042375023_R05C01	0.995787
6042375023_R06C01	0.994725
6042375023_R07C01	0.996032
6042375023_R08C01	0.996728
6042375024_R01C01	0.996842
6042375024_R02C01	0.994305
6042375024_R03C01	0.99413
6042375024_R04C01	0.994572
6042375024_R05C01	0.998419
6042375024_R06C01	0.994663
6042375024_R07C01	0.990831
6042375024_R08C01	0.996466
6042375025_R01C01	0.994235
6042375025_R02C01	0.996765
6042375025_R03C01	0.997616
6042375025_R04C01	0.997821
6042375025_R05C01	0.995507
6042375025_R06C01	0.996273
6042375025_R07C01	0.997204
6042375025_R08C01	0.99605
6042375029_R01C01	0.996676
6042375029_R02C01	0.995885
6042375029_R03C01	0.993099
6042375029_R04C01	0.995149
6042375029_R05C01	0.994394
6042375029_R06C01	0.997372
6042375029_R07C01	0.996595
6042375029_R08C01	0.995275
6042375043_R01C01	0.998224
6042375043_R02C01	0.995941
6042375043_R04C01	0.99427
6042375043_R05C01	0.995378
6042375043_R07C01	0.994603
6042375043_R08C01	0.99654
6042375044_R01C01	0.992846
6042375044_R02C01	0.99724
6042375044_R03C01	0.996468
6042375044_R05C01	0.993204
6042375044_R06C01	0.994576
6042375044_R07C01	0.995699
6042375044_R08C01	0.992305
6042375045_R02C01	0.9915
6042375045_R03C01	0.993799
6042375045_R04C01	0.988193
6042375045_R05C01	0.994737
6042375045_R06C01	0.993078
6042375045_R07C01	0.996953
6042375045_R08C01	0.996575
6042375053_R01C01	0.995959
6042375053_R02C01	0.996647
6042375053_R03C01	0.992883
6042375053_R04C01	0.995252
6042375053_R05C01	0.995934
6042375053_R06C01	0.994031
6042375053_R07C01	0.994203
6042375053_R08C01	0.994915
6042375080_R01C01	0.997885
6042375080_R02C01	0.995922
6042375080_R03C01	0.997954
6042375080_R04C01	0.995357
6042375080_R05C01	0.996001
6042375080_R06C01	0.997544
6042375080_R07C01	0.996365
6042375080_R08C01	0.996065
6042375085_R01C01	0.996065
6042375085_R02C01	0.995175
6042375085_R03C01	0.993773
6042375085_R04C01	0.997187
6042375085_R05C01	0.99591
6042375085_R06C01	0.997425
6042375085_R07C01	0.997007
6042375085_R08C01	0.995987
6042375100_R01C01	0.994851
6042375100_R02C01	0.997478
6042375100_R04C01	0.996559
6042375100_R05C01	0.995974
6042375100_R06C01	0.996399
6042375100_R07C01	0.995116
6042375100_R08C01	0.997608
6042375101_R01C01	0.993784
6042375101_R02C01	0.992526
6042375101_R03C01	0.995528
6042375101_R04C01	0.997178
6042375101_R05C01	0.994845
6042375101_R06C01	0.986893
6042375101_R07C01	0.994927
6042375101_R08C01	0.995768
6042375104_R01C01	0.996103
6042375104_R02C01	0.994249
6042375104_R03C01	0.995794
6042375104_R04C01	0.995662
6042375104_R06C01	0.99538
6042375104_R08C01	0.996488
6042375137_R01C01	0.993901
6042375137_R02C01	0.997848
6042375137_R03C01	0.995665
6042375137_R05C01	0.985695
6042375137_R06C01	0.996348
6042375137_R07C01	0.998071
6042375137_R08C01	0.996859
6042375138_R01C01	0.995624
6042375138_R02C01	0.996602
6042375138_R03C01	0.992174
6042375138_R04C01	0.994357
6042375138_R05C01	0.997408
6042375138_R06C01	0.968581
6042375138_R07C01	0.995114
6042375138_R08C01	0.996415
6042375146_R01C01	0.9964
6042375146_R02C01	0.996475
6042375146_R03C01	0.995996
6042375146_R04C01	0.995985
6042375146_R05C01	0.997042
6042375146_R06C01	0.995935
6042375146_R07C01	0.996555
6042375146_R08C01	0.996797
6130471012_R01C01	0.996918
6130471012_R02C01	0.996346
6130471012_R03C01	0.994051
6130471012_R04C01	0.99388
6130471012_R05C01	0.997069
6130471012_R06C01	0.995209
6130471012_R07C01	0.996953
6130471012_R08C01	0.995535
6130471070_R01C01	0.997159
6130471070_R02C01	0.980961
6130471070_R03C01	0.995894
6130471070_R04C01	0.994582
6130471070_R05C01	0.994144
6130471070_R06C01	0.993558
6130471070_R07C01	0.995429
6130471070_R08C01	0.995955
6130471071_R01C01	0.995951
6130471071_R02C01	0.992122
6130471071_R03C01	0.994727
6130471071_R05C01	0.994621
6130471071_R06C01	0.989637
6130471071_R07C01	0.994845
6130471110_R01C01	0.996094
6130471110_R02C01	0.995633
6130471110_R04C01	0.994762
6130471110_R05C01	0.977655
6130471110_R06C01	0.996839
6130471110_R07C01	0.995095
6130471110_R08C01	0.990854
6130471129_R01C01	0.993693
6130471129_R02C01	0.9944
6130471129_R03C01	0.996833
6130471129_R04C01	0.993296
6130471129_R05C01	0.993004
6130471129_R06C01	0.995357
6130471129_R07C01	0.991596
6130471129_R08C01	0.995902
6135563011_R01C01	0.994555
6135563011_R02C01	0.996041
6135563011_R03C01	0.996386
6135563011_R04C01	0.995989
6135563011_R06C01	0.998519
6135563011_R07C01	0.99649
6135563011_R08C01	0.99422
6135563012_R02C01	0.995385
6135563012_R04C01	0.987811
6135563012_R05C01	0.996914
6135563012_R06C01	0.995715
6135563012_R07C01	0.996335
6135563012_R08C01	0.992778
6135563014_R02C01	0.998031
6135563014_R03C01	0.996455
6135563014_R04C01	0.996487
6135563014_R05C01	0.996317
6135563014_R06C01	0.997895
6135563014_R07C01	0.996105
6135563014_R08C01	0.996461
6135563015_R02C01	0.993608
6135563015_R04C01	0.992891
6135563015_R05C01	0.996681
6135563015_R06C01	0.993602
6135563015_R07C01	0.99533
6135563015_R08C01	0.996916
6135563041_R01C01	0.996434
6135563041_R03C01	0.996293
6135563041_R04C01	0.995595
6135563041_R05C01	0.997923
6135563041_R06C01	0.997633
6135571025_R01C01	0.984108
6135571025_R03C01	0.991561
6135571025_R04C01	0.994207
6135571025_R07C01	0.995954
6135571025_R08C01	0.995933
6135580001_R01C01	0.997716
6135580001_R02C01	0.99636
6135580001_R03C01	0.997414
6135580001_R04C01	0.996663
6135580001_R05C01	0.995407
6135580001_R06C01	0.996554
6135580001_R07C01	0.997395
6135580001_R08C01	0.994491
6135580011_R01C01	0.995895
6135580011_R02C01	0.993508
6135580011_R03C01	0.995524
6135580011_R04C01	0.996473
6135580011_R05C01	0.997392
6135580011_R07C01	0.99829
6135580011_R08C01	0.994226
6135580017_R01C01	0.996912
6135580017_R02C01	0.997365
6135580017_R03C01	0.993774
6135580017_R04C01	0.996097
6135580017_R05C01	0.996653
6135580017_R06C01	0.995776
6135580017_R07C01	0.996225
6135580017_R08C01	0.995707
6135580027_R01C01	0.995958
6135580027_R02C01	0.993208
6135580027_R03C01	0.996024
6135580027_R04C01	0.99723
6135580027_R05C01	0.997386
6135580027_R06C01	0.997744
6135580027_R07C01	0.997086
6135580027_R08C01	0.997531
6135580057_R01C01	0.995963
6135580057_R02C01	0.99555
6135580057_R03C01	0.996224
6135580057_R04C01	0.995637
6135580057_R05C01	0.99558
6135580057_R06C01	0.994627
6135580057_R07C01	0.995816
6135580057_R08C01	0.998422
6135580073_R01C01	0.996264
6135580073_R03C01	0.997226
6135580073_R04C01	0.995345
6135580073_R05C01	0.996852
6135580073_R06C01	0.997059
6135580073_R07C01	0.995004
6135580073_R08C01	0.997523
6135580082_R01C01	0.996364
6135580082_R02C01	0.99752
6135580082_R03C01	0.990569
6135580082_R04C01	0.99633
6135580082_R06C01	0.992771
6135580082_R07C01	0.997494
6135580082_R08C01	0.995538
6135580098_R01C01	0.99506
6135580098_R02C01	0.997119
6135580098_R04C01	0.996059
6135580098_R05C01	0.995908
6135580098_R06C01	0.995963
6135580098_R07C01	0.996015
6135580098_R08C01	0.996846
6135580116_R02C01	0.993407
6135580116_R03C01	0.99537
6135580116_R05C01	0.993462
6135580116_R06C01	0.994962
6135580116_R08C01	0.995085
6135580117_R02C01	0.995077
6135580117_R03C01	0.994881
6135580117_R04C01	0.996978
6135580117_R05C01	0.997144
6135580117_R06C01	0.995458
6135580118_R01C01	0.995914
6135580118_R02C01	0.991901
6135580118_R04C01	0.995056
6135580118_R05C01	0.994682
6135580118_R06C01	0.994048
6135580118_R08C01	0.993764
6135580123_R02C01	0.997338
6135580123_R04C01	0.997084
6135580123_R05C01	0.993845
6135580123_R07C01	0.96532
6135580123_R08C01	0.99188
6135580144_R01C01	0.996081
6135580144_R08C01	0.995486
6135580145_R06C01	0.996681
6135580145_R08C01	0.988881
6135601008_R01C01	0.996943
6135601008_R02C01	0.989091
6135601008_R03C01	0.995314
6135601008_R04C01	0.991809
6135601008_R06C01	0.996811
6135601008_R07C01	0.997388
6135601008_R08C01	0.99626
6135601009_R01C01	0.9964
6135601009_R02C01	0.994264
6135601009_R03C01	0.998597
6135601009_R04C01	0.998135
6135601009_R05C01	0.994304
6135601009_R06C01	0.996881
6135601009_R07C01	0.997032
6135601009_R08C01	0.997181
6135601012_R04C01	0.996436
6135601012_R05C01	0.996345
6135601012_R06C01	0.997092
6135601012_R07C01	0.986596
6135601018_R03C01	0.997422
6135601018_R05C01	0.997165
6135601018_R07C01	0.99082
6135601018_R08C01	0.993174
6135601027_R03C01	0.99671
6135601027_R04C01	0.994895
6135601027_R05C01	0.993656
6135601027_R07C01	0.995568
6135601034_R01C01	0.997562
6135601034_R02C01	0.993567
6135601034_R03C01	0.995518
6135601034_R04C01	0.996245
6135601034_R06C01	0.996562
6135601045_R01C01	0.995724
6135601045_R02C01	0.99773
6135601045_R03C01	0.996381
6135601045_R04C01	0.996067
6135601045_R05C01	0.995167
6135601045_R07C01	0.997501
6135601045_R08C01	0.99535
6135601049_R01C01	0.996685
6135601049_R02C01	0.995416
6135601049_R03C01	0.994045
6135601049_R05C01	0.988175
6135601049_R06C01	0.997188
6135601049_R07C01	0.996961
6135601049_R08C01	0.996776
6135601060_R01C01	0.991403
6135601060_R03C01	0.993691
6135601060_R04C01	0.976875
6135601060_R05C01	0.992505
6135601060_R06C01	0.992239
6135601066_R01C01	0.994398
6135601066_R02C01	0.992495
6135601066_R03C01	0.996873
6135601066_R04C01	0.994727
6135601066_R05C01	0.992747
6135601066_R06C01	0.995556
6135601066_R07C01	0.996111
6135601066_R08C01	0.996687
6135601080_R01C01	0.994384
6135601080_R02C01	0.993485
6135601080_R03C01	0.996173
6135601080_R07C01	0.995867
6135601080_R08C01	0.997262
6135601081_R01C01	0.995266
6135601081_R02C01	0.994189
6135601081_R03C01	0.996643
6135601081_R04C01	0.995755
6135601081_R05C01	0.997181
6135601081_R07C01	0.994345
6135601081_R08C01	0.996042
6135601082_R02C01	0.996637
6135601082_R03C01	0.995495
6135601082_R04C01	0.996266
6135601082_R05C01	0.995581
6135601082_R06C01	0.995207
6135601082_R07C01	0.996038
6135601082_R08C01	0.997519
6135601086_R01C01	0.994418
6135601086_R03C01	0.996466
6135601086_R04C01	0.99536
6135601086_R05C01	0.99155
6135601086_R07C01	0.996173
6135601094_R05C01	0.995495
6135601094_R06C01	0.992379
6135601108_R01C01	0.997551
6135601108_R02C01	0.997116
6135601108_R03C01	0.998248
6135601108_R04C01	0.997114
6135601108_R05C01	0.996406
6135601108_R06C01	0.994781
6135601108_R07C01	0.994772
6135601108_R08C01	0.997421
6135601115_R02C01	0.995325
6135601115_R04C01	0.995464
6135601115_R06C01	0.995615
6135601115_R07C01	0.997145
6135601115_R08C01	0.997027
6135601116_R01C01	0.995467
6135601116_R02C01	0.9965
6135601116_R05C01	0.996432
6135601116_R07C01	0.994104
6135601116_R08C01	0.995617
6135601117_R01C01	0.994811
6135601117_R05C01	0.996
6135601117_R06C01	0.994339
6135601117_R07C01	0.996405
6135601117_R08C01	0.995999
6135601120_R03C01	0.995527
6135601120_R04C01	0.995349
6135601120_R06C01	0.995482
6135601120_R07C01	0.994304
6135601120_R08C01	0.99555
6135601124_R01C01	0.995349
6135601124_R02C01	0.995946
6135601124_R03C01	0.995974
6135601124_R04C01	0.99657
6135601124_R05C01	0.9954
6135601124_R06C01	0.995765
6135601124_R07C01	0.994152
6135601124_R08C01	0.99504
6135601130_R01C01	0.996678
6135601130_R02C01	0.986444
6135601130_R03C01	0.995101
6135601130_R04C01	0.994758
6135601130_R05C01	0.996785
6135601130_R06C01	0.99661
6135601130_R07C01	0.99702
6135601130_R08C01	0.997132
6135601149_R01C01	0.994103
6135601149_R02C01	0.996627
6135601149_R06C01	0.990389
6135601149_R08C01	0.993455
6135601151_R01C01	0.994467
6135601151_R02C01	0.995439
6135601151_R03C01	0.997226
6135601151_R04C01	0.995652
6135601151_R05C01	0.995314
6135601151_R06C01	0.994771
6135601151_R07C01	0.995523
6135601151_R08C01	0.996166
6135601153_R03C01	0.995132
6135601153_R05C01	0.995112
6135601153_R06C01	0.989059
6135601153_R07C01	0.993436
6135601153_R08C01	0.997648
6135601156_R01C01	0.996244
6135601156_R02C01	0.997559
6135601156_R03C01	0.993574
6135601156_R04C01	0.994565
6135601156_R05C01	0.995198
6135601156_R06C01	0.995753
6135601156_R08C01	0.997354
6135601162_R01C01	0.988766
6135601162_R02C01	0.994707
6135601162_R04C01	0.995994
6135601162_R05C01	0.995265
6135601162_R06C01	0.992607
6135601162_R07C01	0.994371
6135601162_R08C01	0.994712
6135601167_R02C01	0.995865
6135601167_R03C01	0.99692
6135601167_R04C01	0.995613
6135601167_R05C01	0.992542
6135601167_R06C01	0.994685
6135601167_R07C01	0.994367
6147054060_R01C01	0.994902
6147054060_R02C01	0.996269
6147054060_R03C01	0.994294
6147054060_R04C01	0.997744
6147054060_R05C01	0.990466
6147054060_R07C01	0.995966
6147054060_R08C01	0.997159
6147054122_R01C01	0.994258
6147054122_R02C01	0.996333
6147054122_R03C01	0.994651
6147054122_R04C01	0.996804
6147054122_R05C01	0.994852
6147054122_R06C01	0.997862
6147054122_R07C01	0.995432
6147054122_R08C01	0.99723
6147054149_R01C01	0.995671
6147054149_R02C01	0.997382
6147054149_R07C01	0.997872
6147054149_R08C01	0.99581
6147054150_R01C01	0.994016
6147054150_R02C01	0.996636
6147054150_R03C01	0.995115
6147054150_R04C01	0.994223
6147054150_R05C01	0.997885
6147054150_R06C01	0.996665
6147054150_R07C01	0.993531
6147054150_R08C01	0.99572
6147062005_R03C01	0.997049
6147062005_R04C01	0.994934
6147062005_R06C01	0.995035
6147062005_R07C01	0.997497
6147062010_R01C01	0.994892
6147062010_R02C01	0.997441
6147062010_R03C01	0.997019
6147062010_R04C01	0.994741
6147062010_R05C01	0.99677
6147062010_R06C01	0.997276
6147062010_R07C01	0.995819
6147062010_R08C01	0.996412
6147062028_R03C01	0.994283
6147062037_R01C01	0.995124
6147062037_R02C01	0.989707
6147062037_R03C01	0.996617
6147062037_R04C01	0.995893
6147062037_R05C01	0.995679
6147062037_R06C01	0.995396
6147062037_R07C01	0.994731
6147062055_R01C01	0.993486
6147062055_R02C01	0.995484
6147062055_R04C01	0.994746
6147062055_R07C01	0.997127
6147062055_R08C01	0.995604
6147062102_R01C01	0.995826
6147062102_R02C01	0.997088
6147062102_R03C01	0.997639
6147062102_R04C01	0.996604
6147062102_R05C01	0.995722
6147062102_R06C01	0.996535
6147062133_R01C01	0.994764
6147062133_R02C01	0.996208
6147062133_R03C01	0.993228
6147062133_R05C01	0.99589
6147062133_R06C01	0.997781
6147062134_R01C01	0.994945
6147062134_R02C01	0.99646
6147062134_R03C01	0.997335
6147062134_R06C01	0.986764
6147062134_R07C01	0.993822
6147062134_R08C01	0.99591
6147062135_R01C01	0.997165
6147062135_R02C01	0.997413
6147062135_R04C01	0.995793
6147062135_R05C01	0.997754
6147062135_R06C01	0.987087
6147062135_R08C01	0.995898
6147062147_R01C01	0.988474
6147062147_R03C01	0.995065
6147062147_R04C01	0.997427
6147062147_R05C01	0.997384
6147062147_R06C01	0.996426
6147062147_R07C01	0.98954
6147062147_R08C01	0.995479
6147062162_R01C01	0.996183
6147062162_R03C01	0.99658
6147062162_R05C01	0.996247
6147062162_R06C01	0.995739
6147062162_R07C01	0.995613
6147062167_R02C01	0.996122
6147062167_R03C01	0.997484
6147062167_R04C01	0.995154
6147062167_R05C01	0.996055
6147062167_R06C01	0.992632
6147062167_R08C01	0.996336
6147071002_R01C01	0.995114
6147071002_R02C01	0.987688
6147071002_R03C01	0.99428
6147071002_R05C01	0.995434
6147071002_R06C01	0.994701
6147071002_R07C01	0.99704
6147071002_R08C01	0.995918
6147071043_R03C01	0.99755
6147071043_R05C01	0.993913
6147071043_R08C01	0.997077
6147071044_R01C01	0.997815
6147071044_R02C01	0.994937
6147071044_R03C01	0.996497
6147071044_R04C01	0.995772
6147071044_R06C01	0.995014
6147071044_R07C01	0.995735
6147071044_R08C01	0.992505
6147071047_R01C01	0.996704
6147071047_R02C01	0.996256
6147071047_R05C01	0.994657
6147071047_R06C01	0.996624
6147071047_R07C01	0.994312
6147071047_R08C01	0.993461
6147071059_R02C01	0.996307
6147071059_R03C01	0.994655
6147071059_R04C01	0.993896
6147071059_R07C01	0.996307
6147071059_R08C01	0.993975
6147071060_R02C01	0.995997
6147071060_R03C01	0.994874
6147071060_R04C01	0.995119
6147071060_R05C01	0.996158
6147071060_R06C01	0.993954
6147071060_R07C01	0.996796
6147071060_R08C01	0.989476
6147071101_R01C01	0.998568
6147071101_R02C01	0.996492
6147071101_R04C01	0.995643
6147071101_R05C01	0.996498
6147071101_R06C01	0.995935
6147071101_R07C01	0.996118
6147071101_R08C01	0.992127
6147071123_R01C01	0.994474
6147071123_R02C01	0.995163
6147071123_R03C01	0.996257
6147071123_R04C01	0.996887
6147071123_R05C01	0.996202
6147071123_R06C01	0.996093
6147071123_R07C01	0.997925
6147071123_R08C01	0.989635
6147071155_R01C01	0.994981
6147071155_R02C01	0.995851
6147071155_R03C01	0.995321
6147071155_R04C01	0.993192
6147071155_R06C01	0.996843
6147071155_R07C01	0.993848
6147071155_R08C01	0.99695
6147071157_R01C01	0.995603
6147071157_R02C01	0.997448
6147071157_R03C01	0.996774
6147071157_R04C01	0.997044
6147071157_R05C01	0.994969
6147071157_R06C01	0.995626
6147071157_R07C01	0.995527
6147071157_R08C01	0.996349
6160275010_R02C01	0.995713
6160275010_R03C01	0.995994
6160275010_R04C01	0.993805
6160275010_R05C01	0.99338
6160275010_R06C01	0.99594
6160275010_R07C01	0.996803
6160275010_R08C01	0.996288
6160275012_R02C01	0.995394
6160275012_R03C01	0.995147
6160275012_R04C01	0.996835
6160275012_R05C01	0.993973
6160275012_R06C01	0.995166
6160275012_R07C01	0.995715
6160275012_R08C01	0.997652
6160275019_R01C01	0.995884
6160275019_R02C01	0.996434
6160275019_R03C01	0.997387
6160275019_R04C01	0.996069
6160275019_R05C01	0.995812
6160275019_R06C01	0.995579
6160275019_R07C01	0.995152
6160275020_R01C01	0.995859
6160275020_R02C01	0.995126
6160275020_R03C01	0.996118
6160275020_R04C01	0.996536
6160275020_R05C01	0.997815
6160275020_R06C01	0.993272
6160275020_R07C01	0.997183
6160275020_R08C01	0.996851
6160275021_R01C01	0.996776
6160275021_R02C01	0.994812
6160275021_R03C01	0.996609
6160275021_R04C01	0.996825
6160275021_R05C01	0.994436
6160275021_R06C01	0.997598
6160275021_R07C01	0.995922
6160275021_R08C01	0.995555
6160275022_R01C01	0.996656
6160275022_R02C01	0.995953
6160275022_R03C01	0.995199
6160275022_R04C01	0.995537
6160275022_R05C01	0.996139
6160275022_R06C01	0.996946
6160275022_R07C01	0.994893
6160275022_R08C01	0.995081
6160275043_R01C01	0.993711
6160275043_R02C01	0.995605
6160275043_R03C01	0.994275
6160275043_R04C01	0.9956
6160275043_R05C01	0.996126
6160275043_R06C01	0.997259
6160275043_R08C01	0.991653
6160275044_R01C01	0.995266
6160275044_R02C01	0.996881
6160275044_R03C01	0.997581
6160275044_R04C01	0.996305
6160275044_R05C01	0.99667
6160275044_R06C01	0.994711
6160275044_R07C01	0.996115
6160275044_R08C01	0.99649
6160275046_R01C01	0.995514
6160275046_R02C01	0.995374
6160275046_R03C01	0.995052
6160275046_R05C01	0.990103
6160275046_R06C01	0.997189
6160275046_R07C01	0.996675
6160275058_R01C01	0.991045
6160275058_R02C01	0.997343
6160275058_R03C01	0.996543
6160275058_R04C01	0.997007
6160275058_R05C01	0.996397
6160275058_R06C01	0.994812
6160275058_R07C01	0.99542
6160275058_R08C01	0.997883
6160275059_R01C01	0.997201
6160275059_R02C01	0.997482
6160275059_R03C01	0.996946
6160275059_R04C01	0.995235
6160275059_R05C01	0.996508
6160275059_R06C01	0.995844
6160275059_R07C01	0.99533
6160275059_R08C01	0.996277
6160275060_R01C01	0.996068
6160275060_R02C01	0.994945
6160275060_R03C01	0.994958
6160275060_R04C01	0.997857
6160275060_R05C01	0.995179
6160275060_R06C01	0.997204
6160275060_R07C01	0.996578
6160275060_R08C01	0.998389
6160304032_R01C01	0.994381
6160304032_R02C01	0.994478
6160304032_R03C01	0.993394
6160304032_R04C01	0.995869
6160304032_R05C01	0.995462
6160304032_R07C01	0.995038
6160304032_R08C01	0.995341
6160304033_R01C01	0.997342
6160304033_R02C01	0.995954
6160304033_R03C01	0.996388
6160304033_R04C01	0.995742
6160304033_R05C01	0.992499
6160304033_R06C01	0.998184
6160304033_R07C01	0.997235
6160304033_R08C01	0.99588
6164663042_R01C01	0.987103
6164663042_R02C01	0.996493
6164663042_R03C01	0.99578
6164663042_R04C01	0.995659
6164663042_R05C01	0.995574
6164663042_R06C01	0.990388
6164663042_R07C01	0.995836
6164663042_R08C01	0.996548
6165295013_R01C01	0.994404
6165295013_R02C01	0.995444
6165295013_R03C01	0.996529
6165295013_R04C01	0.998503
6165295013_R06C01	0.995387
6165295019_R01C01	0.993282
6165295019_R02C01	0.994638
6165295019_R04C01	0.995191
6165295019_R05C01	0.995323
6165295019_R06C01	0.996255
6165295019_R07C01	0.995432
6165295019_R08C01	0.995704
6165295021_R01C01	0.984495
6165295021_R02C01	0.995096
6165295021_R03C01	0.995145
6165295021_R04C01	0.995105
6165295021_R05C01	0.996807
6165295021_R06C01	0.996089
6165295021_R07C01	0.996654
6165295021_R08C01	0.995872
6165295023_R01C01	0.99025
6165295023_R02C01	0.988916
6165295023_R03C01	0.996057
6165295023_R04C01	0.997228
6165295023_R05C01	0.992011
6165295023_R06C01	0.995855
6165295023_R07C01	0.994574
6165295023_R08C01	0.995413
6165295050_R01C01	0.997271
6165295050_R02C01	0.984907
6165295050_R03C01	0.991633
6165295050_R04C01	0.997651
6165295050_R05C01	0.996469
6165295050_R06C01	0.99775
6165295050_R07C01	0.995955
6165295050_R08C01	0.996959
6165295051_R01C01	0.993239
6165295051_R03C01	0.995205
6165295051_R04C01	0.996199
6165295051_R05C01	0.994689
6165295051_R07C01	0.992819
6165295051_R08C01	0.99456
6171492001_R02C01	0.991218
6171492001_R03C01	0.995137
6171492001_R05C01	0.994843
6171492001_R07C01	0.99439
6171492013_R02C01	0.997035
6171492013_R03C01	0.995989
6171492013_R04C01	0.9967
6171492013_R07C01	0.994708
6171492013_R08C01	0.995952
6171492015_R01C01	0.997492
6171492015_R02C01	0.992426
6171492015_R03C01	0.997627
6171492015_R04C01	0.995904
6171492015_R05C01	0.995872
6171492015_R06C01	0.996417
6171492015_R07C01	0.994286
6171492015_R08C01	0.997886
6171492016_R01C01	0.99547
6171492016_R02C01	0.995816
6171492016_R03C01	0.995379
6171492016_R04C01	0.994195
6171492016_R05C01	0.997975
6171492016_R06C01	0.993584
6171492016_R07C01	0.994669
6171492017_R02C01	0.996127
6171492017_R03C01	0.98583
6171492017_R04C01	0.996695
6171492017_R05C01	0.996278
6171492017_R06C01	0.996007
6171492017_R07C01	0.995244
6171492017_R08C01	0.99022
6171492025_R01C01	0.996977
6171492025_R02C01	0.997463
6171492025_R03C01	0.992959
6171492025_R04C01	0.990708
6171492025_R05C01	0.995405
6171492025_R06C01	0.997075
6171492025_R07C01	0.997167
6171492025_R08C01	0.996976
6171492029_R01C01	0.994385
6171492029_R02C01	0.997446
6171492029_R04C01	0.997055
6171492029_R05C01	0.996998
6171492029_R06C01	0.994426
6171492029_R08C01	0.995528
6171492039_R03C01	0.995597
6171492039_R04C01	0.995219
6171492039_R05C01	0.99458
6171492039_R06C01	0.986135
6171492039_R07C01	0.993632
6171492043_R02C01	0.996568
6171492043_R03C01	0.992096
6171492043_R04C01	0.992775
6171492043_R05C01	0.99664
6171492043_R06C01	0.994554
6171492043_R07C01	0.995014
6171492043_R08C01	0.995944
6171492045_R01C01	0.995896
6171492045_R02C01	0.994432
6171492045_R05C01	0.996829
6171492045_R08C01	0.99605
6171492048_R06C01	0.985691
6171492048_R08C01	0.973697
6171492049_R01C01	0.996065
6171492049_R02C01	0.998435
6171492049_R03C01	0.995385
6171492049_R04C01	0.986097
6171492049_R05C01	0.997627
6171492049_R06C01	0.998169
6171492049_R07C01	0.994658
6171492049_R08C01	0.996003
6171492050_R01C01	0.995653
6171492050_R02C01	0.996228
6171492050_R05C01	0.995839
6171492050_R06C01	0.996667
6171492050_R07C01	0.995524
6171492050_R08C01	0.991677
6171492053_R01C01	0.995074
6171492053_R02C01	0.99718
6171492053_R03C01	0.995809
6171492053_R04C01	0.994481
6171492053_R05C01	0.997002
6171492053_R06C01	0.995606
6171492053_R07C01	0.996029
6171492053_R08C01	0.997449
6171492055_R01C01	0.995744
6171492055_R02C01	0.983798
6171492055_R03C01	0.997078
6171492055_R04C01	0.996339
6171492055_R06C01	0.996288
6171492055_R07C01	0.995809
6171492055_R08C01	0.995403
6171492056_R01C01	0.994614
6171492056_R02C01	0.996493
6171492056_R03C01	0.9985
6171492056_R04C01	0.995433
6171492056_R05C01	0.995409
6171492056_R08C01	0.995663
6171492059_R01C01	0.996156
6171492059_R02C01	0.99629
6171492059_R04C01	0.997495
6171492059_R05C01	0.996909
6171492059_R06C01	0.996417
6171492059_R07C01	0.993745
6171492059_R08C01	0.996405
6171492060_R01C01	0.996759
6171492060_R02C01	0.996764
6171492060_R03C01	0.993377
6171492060_R04C01	0.997043
6171492060_R05C01	0.996891
6171492060_R08C01	0.990714
6171492068_R01C01	0.996437
6171492068_R02C01	0.996074
6171492068_R03C01	0.994237
6171492068_R04C01	0.992629
6171492068_R05C01	0.997393
6171492068_R06C01	0.997181
6171492068_R08C01	0.995322
6171492069_R02C01	0.993828
6171492069_R06C01	0.992965
6171492069_R07C01	0.99376
6171492069_R08C01	0.996785
6171492072_R03C01	0.996838
6171492072_R04C01	0.994826
6171492072_R05C01	0.997145
6171492072_R06C01	0.994254
6171492072_R08C01	0.996517
6171492074_R01C01	0.996481
6171492074_R02C01	0.995424
6171492074_R03C01	0.99683
6171492074_R04C01	0.995344
6171492074_R05C01	0.995855
6171492074_R07C01	0.99272
6171492074_R08C01	0.996077
6171492075_R01C01	0.996416
6171492075_R03C01	0.995127
6171492075_R05C01	0.995803
6171492075_R06C01	0.974691
6171492075_R08C01	0.995264
6171492077_R01C01	0.995284
6171492077_R02C01	0.996416
6171492077_R03C01	0.994579
6171492077_R07C01	0.9948
6171492077_R08C01	0.997416
6171492078_R01C01	0.996024
6171492078_R02C01	0.996399
6171492078_R03C01	0.997166
6171492078_R05C01	0.993751
6171492078_R06C01	0.99369
6171492078_R07C01	0.995821
6171492078_R08C01	0.997719
6171492079_R01C01	0.994034
6171492079_R03C01	0.994877
6171492079_R04C01	0.998895
6171492079_R05C01	0.99532
6171492079_R06C01	0.99391
6171492079_R07C01	0.997318
6171492079_R08C01	0.984881
6171492084_R01C01	0.993055
6171492084_R02C01	0.996412
6171492084_R03C01	0.995541
6171492084_R04C01	0.997239
6171492084_R05C01	0.99646
6171492084_R06C01	0.994492
6171492084_R08C01	0.995483
6171492086_R02C01	0.995616
6171492086_R05C01	0.995467
6171492086_R06C01	0.994606
6171492086_R07C01	0.996902
6171492086_R08C01	0.996798
6171492090_R01C01	0.9982
6171492090_R02C01	0.984877
6171492090_R03C01	0.99655
6171492090_R05C01	0.994903
6171492090_R06C01	0.994447
6171492090_R07C01	0.994636
6171492090_R08C01	0.997022
6171492100_R01C01	0.995861
6171492100_R03C01	0.994637
6171492100_R04C01	0.98543
6171492100_R05C01	0.995103
6171492100_R08C01	0.994959
6172882004_R01C01	0.997146
6172882004_R02C01	0.995001
6172882004_R03C01	0.985491
6172882004_R06C01	0.991036
6172882004_R07C01	0.996149
6172882004_R08C01	0.99758
6172882009_R01C01	0.997221
6172882009_R02C01	0.995743
6172882009_R03C01	0.99712
6172882009_R04C01	0.994112
6172882009_R05C01	0.994739
6172882009_R06C01	0.996605
6172882009_R07C01	0.997162
6172882009_R08C01	0.996124
6172882050_R01C01	0.997033
6172882050_R02C01	0.997033
6172882050_R03C01	0.996522
6172882050_R04C01	0.995468
6172882050_R05C01	0.99818
6172882050_R06C01	0.997
6172882050_R08C01	0.992725
6172882051_R01C01	0.996223
6172882051_R02C01	0.99605
6172882051_R04C01	0.995247
6172882051_R05C01	0.99217
6172882051_R06C01	0.996182
6172882051_R07C01	0.994911
6172882051_R08C01	0.996248
6186483013_R01C01	0.988624
6186483013_R02C01	0.996363
6186483013_R03C01	0.985943
6186483013_R04C01	0.996224
6186483013_R05C01	0.995183
6186483013_R06C01	0.996623
6186483013_R07C01	0.996514
6186483013_R08C01	0.996104
6186483032_R03C01	0.995437
6186483032_R04C01	0.996473
6186483032_R05C01	0.996483
6186483032_R06C01	0.997185
6186483032_R07C01	0.994244
6186483032_R08C01	0.983941
6186483043_R01C01	0.979243
6186483043_R04C01	0.991186
6186483043_R05C01	0.997837
6186483043_R06C01	0.99517
6186483043_R08C01	0.995016
6186483051_R01C01	0.997423
6186483051_R08C01	0.995483
6186483068_R01C01	0.988933
6186483068_R02C01	0.997126
6186483068_R03C01	0.995845
6186483090_R01C01	0.997948
6186483090_R02C01	0.994553
6186483090_R03C01	0.997753
6186483090_R04C01	0.99698
6186483090_R06C01	0.996078
6186483090_R07C01	0.997581
6186483090_R08C01	0.99389
6186483093_R02C01	0.986126
6186483093_R03C01	0.994423
6186483093_R05C01	0.996747
6186483093_R06C01	0.99747
6186483093_R08C01	0.996691
6186483099_R01C01	0.995235
6186483099_R03C01	0.99557
6186483099_R04C01	0.996487
6186483099_R05C01	0.996109
6186483099_R07C01	0.994999
6186483099_R08C01	0.996213
6186483101_R01C01	0.994454
6186483101_R02C01	0.995253
6186483101_R03C01	0.991574
6186483101_R04C01	0.995846
6186483101_R05C01	0.992668
6186483101_R06C01	0.992326
6186483101_R08C01	0.994628
6186483132_R01C01	0.985469
6247194011_R02C01	0.994767
6247194011_R03C01	0.995484
6247194011_R04C01	0.99542
6247194011_R05C01	0.994862
6247194011_R07C01	0.991492
6247194011_R08C01	0.993649
6247194028_R01C01	0.995035
6247194028_R02C01	0.986006
6247194028_R03C01	0.997233
6247194028_R04C01	0.996427
6247194028_R06C01	0.995262
6247194028_R07C01	0.995665
6247194028_R08C01	0.996215
6247194031_R01C01	0.99477
6247194031_R02C01	0.996731
6247194031_R03C01	0.995703
6247194031_R05C01	0.996203
6247194031_R06C01	0.997541
6247194031_R07C01	0.99554
6247194043_R02C01	0.995966
6247194043_R03C01	0.996594
6247194043_R04C01	0.994371
6247194043_R07C01	0.996178
6247194043_R08C01	0.995295
6247194064_R01C01	0.995663
6247194064_R03C01	0.994956
6247194064_R04C01	0.996496
6247194064_R05C01	0.995794
6247194064_R06C01	0.998788
6247194064_R07C01	0.996953
6247194064_R08C01	0.998118
6247194098_R01C01	0.994117
6247194098_R02C01	0.996428
6247194098_R03C01	0.996104
6247194098_R04C01	0.998524
6247194098_R05C01	0.994553
6247194098_R06C01	0.997526
6247194098_R07C01	0.995995
6247194098_R08C01	0.998522
6247194107_R03C01	0.990093
6247194107_R05C01	0.983232
6247194107_R07C01	0.995719
6247194115_R02C01	0.995967
6247194115_R04C01	0.990006
6247194115_R05C01	0.995858
6247194115_R06C01	0.996517
6247194115_R08C01	0.995673
6247194117_R02C01	0.996255
6247194117_R03C01	0.997655
6247194117_R04C01	0.986152
6247194117_R05C01	0.99628
6247194117_R07C01	0.996293
6247194117_R08C01	0.995368
6247194118_R05C01	0.997207
6247194118_R08C01	0.993508
6264533042_R07C01	0.996273
6264533048_R01C01	0.995972
6264533048_R03C01	0.996466
6264533048_R04C01	0.996765
6264533048_R05C01	0.993088
6264533048_R06C01	0.99585
6264533048_R07C01	0.995304
6264533048_R08C01	0.996184
6264533060_R03C01	0.995234
6264533060_R05C01	0.993087
6264533060_R06C01	0.994464
6264533060_R07C01	0.993986
6264533060_R08C01	0.994317
6264533086_R01C01	0.976024
6264533086_R03C01	0.996278
6264533086_R05C01	0.992549
6264550046_R02C01	0.99526
6264550046_R03C01	0.992844
6264550046_R04C01	0.995604
6264550046_R07C01	0.994572
