                      +-----------------------------+
                      |                             |
                      |   Eagle v2.4.1              |
                      |   November 18, 2018         |
                      |   Po-Ru Loh                 |
                      |                             |
                      +-----------------------------+

Copyright (C) 2015-2018 Harvard University.
Distributed under the GNU GPLv3+ open source license.

Command line options:

eagle \
    --vcfRef=/BIODATA/StudentsHome/kevine/GWAS/Git/GWAS/1000G/ALL.chr20.phase3_integrated.20130502.genotypes.bcf \
    --vcfTarget=qc-camgwas-updated.vcf.gz \
    --geneticMapFile=tables/genetic_map_hg19_withX.txt.gz \
    --outPrefix=chr20-phased_wref \
    --chrom=20 \
    --pbwtIters=10 \
    --numThreads=90 \
    --Kpbwt=50000 \
    --vcfOutFormat=z 

Setting number of threads to 90
[W::bcf_hdr_check_sanity] PL should be declared as Number=G

Reference samples: Nref = 2504
Target samples: Ntarget = 1185
SNPs to analyze: M = 38812 SNPs in both target and reference

SNPs ignored: 0 SNPs in target but not reference
              1009809 SNPs in reference but not target
              0 multi-allelic SNPs in target

Missing rate in target genotypes: 0.00501778

Filling in genetic map coordinates using reference file:
  tables/genetic_map_hg19_withX.txt.gz
Physical distance range: 62885807 base pairs
Genetic distance range:  110.205 cM
Average # SNPs per cM:   352
Number of <=(64-SNP, 1cM) segments: 608
Average # SNPs per segment: 63

Time for reading input: 25.99 sec

Fraction of heterozygous genotypes: 0.257868
Typical span of default 100-het history length: 1.10 cM
Setting --histFactor=1.00

BEGINNING PHASING

PHASING ITER 1 OF 10


Phasing target samples
................................................................................
Time for phasing iter 1: 473.782

PHASING ITER 2 OF 10


Phasing target samples
................................................................................
Time for phasing iter 2: 507.818

PHASING ITER 3 OF 10


Phasing target samples
................................................................................
Time for phasing iter 3: 461.265

PHASING ITER 4 OF 10


Phasing target samples
................................................................................
Time for phasing iter 4: 436.694

PHASING ITER 5 OF 10


Phasing target samples
................................................................................
Time for phasing iter 5: 449.712

PHASING ITER 6 OF 10


Phasing target samples
................................................................................
Time for phasing iter 6: 429.399

PHASING ITER 7 OF 10


Phasing target samples
................................................................................
Time for phasing iter 7: 440.412

PHASING ITER 8 OF 10


Phasing target samples
................................................................................
Time for phasing iter 8: 449.112

PHASING ITER 9 OF 10


Phasing target samples
................................................................................
Time for phasing iter 9: 444.761

PHASING ITER 10 OF 10


Phasing target samples
................................................................................
Time for phasing iter 10: 602.107
Writing vcf.gz output to chr20-phased_wref.vcf.gz
Time for writing output: 6.72012
Total elapsed time for analysis = 4727.87 sec

Mean phase confidence of each target individual:
ID	PHASE_CONFIDENCE
6042341077_R01C01	0.997221
6042341077_R03C01	0.997088
6042341077_R04C01	0.993607
6042341077_R05C01	0.997373
6042341077_R06C01	0.997964
6042341077_R07C01	0.996219
6042341089_R01C01	0.998992
6042341089_R02C01	0.99764
6042341089_R03C01	0.997726
6042341089_R04C01	0.997844
6042341089_R05C01	0.997594
6042341089_R06C01	0.995543
6042341089_R07C01	0.996557
6042341089_R08C01	0.997929
6042341090_R01C01	0.997084
6042341090_R02C01	0.996056
6042341090_R03C01	0.997499
6042341090_R04C01	0.997656
6042341090_R05C01	0.996334
6042341090_R06C01	0.996829
6042341090_R07C01	0.99734
6042341090_R08C01	0.996664
6042341099_R01C01	0.997596
6042341099_R02C01	0.996943
6042341099_R03C01	0.998557
6042341099_R04C01	0.997695
6042341099_R05C01	0.99713
6042341099_R06C01	0.990971
6042341099_R07C01	0.995499
6042341099_R08C01	0.995287
6042341154_R06C01	0.995055
6042341154_R07C01	0.997984
6042341154_R08C01	0.99784
6042341162_R01C01	0.998031
6042341162_R02C01	0.997465
6042341162_R03C01	0.99774
6042341162_R04C01	0.998354
6042341162_R05C01	0.99753
6042341162_R06C01	0.997085
6042341162_R07C01	0.998782
6042341162_R08C01	0.997768
6042359084_R01C01	0.997139
6042359084_R02C01	0.997633
6042359084_R03C01	0.995777
6042359084_R04C01	0.996076
6042359084_R05C01	0.996302
6042359084_R06C01	0.995607
6042359084_R07C01	0.997034
6042359084_R08C01	0.998145
6042375002_R01C01	0.994663
6042375002_R02C01	0.997727
6042375002_R03C01	0.997634
6042375002_R04C01	0.99796
6042375002_R05C01	0.998167
6042375002_R06C01	0.996966
6042375002_R07C01	0.996938
6042375002_R08C01	0.996047
6042375003_R01C01	0.998574
6042375003_R02C01	0.996495
6042375003_R03C01	0.997523
6042375003_R04C01	0.997829
6042375003_R05C01	0.998634
6042375003_R06C01	0.998379
6042375003_R07C01	0.99839
6042375003_R08C01	0.997713
6042375012_R01C01	0.99689
6042375012_R02C01	0.997488
6042375012_R03C01	0.997104
6042375012_R04C01	0.997876
6042375012_R05C01	0.99625
6042375012_R06C01	0.997325
6042375013_R01C01	0.998333
6042375013_R02C01	0.998765
6042375013_R03C01	0.996984
6042375013_R04C01	0.996436
6042375013_R05C01	0.997685
6042375013_R06C01	0.998014
6042375013_R07C01	0.996869
6042375013_R08C01	0.995121
6042375014_R01C01	0.9984
6042375014_R02C01	0.998104
6042375014_R03C01	0.995591
6042375014_R04C01	0.996751
6042375014_R05C01	0.995972
6042375014_R06C01	0.997811
6042375014_R08C01	0.996265
6042375022_R01C01	0.9971
6042375022_R02C01	0.997087
6042375022_R03C01	0.995615
6042375022_R04C01	0.996678
6042375022_R05C01	0.997603
6042375022_R06C01	0.997497
6042375022_R07C01	0.995465
6042375023_R01C01	0.998954
6042375023_R02C01	0.998772
6042375023_R03C01	0.997857
6042375023_R04C01	0.99642
6042375023_R05C01	0.996425
6042375023_R06C01	0.99621
6042375023_R07C01	0.996924
6042375023_R08C01	0.997378
6042375024_R01C01	0.998298
6042375024_R02C01	0.997254
6042375024_R03C01	0.996808
6042375024_R04C01	0.996734
6042375024_R05C01	0.998984
6042375024_R06C01	0.997108
6042375024_R07C01	0.994329
6042375024_R08C01	0.998118
6042375025_R01C01	0.99622
6042375025_R02C01	0.997967
6042375025_R03C01	0.997664
6042375025_R04C01	0.99706
6042375025_R05C01	0.996556
6042375025_R06C01	0.997961
6042375025_R07C01	0.996854
6042375025_R08C01	0.996742
6042375029_R01C01	0.99693
6042375029_R02C01	0.996669
6042375029_R03C01	0.996616
6042375029_R04C01	0.997146
6042375029_R05C01	0.995371
6042375029_R06C01	0.998739
6042375029_R07C01	0.998311
6042375029_R08C01	0.996783
6042375043_R01C01	0.997823
6042375043_R02C01	0.996019
6042375043_R04C01	0.995361
6042375043_R05C01	0.997424
6042375043_R07C01	0.996121
6042375043_R08C01	0.997456
6042375044_R01C01	0.99432
6042375044_R02C01	0.998475
6042375044_R03C01	0.997927
6042375044_R05C01	0.995945
6042375044_R06C01	0.996372
6042375044_R07C01	0.996927
6042375044_R08C01	0.996158
6042375045_R02C01	0.995935
6042375045_R03C01	0.994812
6042375045_R04C01	0.99116
6042375045_R05C01	0.997419
6042375045_R06C01	0.994178
6042375045_R07C01	0.997992
6042375045_R08C01	0.997954
6042375053_R01C01	0.99636
6042375053_R02C01	0.998363
6042375053_R03C01	0.996104
6042375053_R04C01	0.997995
6042375053_R05C01	0.997159
6042375053_R06C01	0.996001
6042375053_R07C01	0.996035
6042375053_R08C01	0.99577
6042375080_R01C01	0.997371
6042375080_R02C01	0.99715
6042375080_R03C01	0.99833
6042375080_R04C01	0.998032
6042375080_R05C01	0.997214
6042375080_R06C01	0.99774
6042375080_R07C01	0.998174
6042375080_R08C01	0.997553
6042375085_R01C01	0.995028
6042375085_R02C01	0.99771
6042375085_R03C01	0.996254
6042375085_R04C01	0.997824
6042375085_R05C01	0.996923
6042375085_R06C01	0.998526
6042375085_R07C01	0.997949
6042375085_R08C01	0.99694
6042375100_R01C01	0.995374
6042375100_R02C01	0.996974
6042375100_R04C01	0.998006
6042375100_R05C01	0.996696
6042375100_R06C01	0.997327
6042375100_R07C01	0.997321
6042375100_R08C01	0.997208
6042375101_R01C01	0.997322
6042375101_R02C01	0.996056
6042375101_R03C01	0.996296
6042375101_R04C01	0.997077
6042375101_R05C01	0.996972
6042375101_R06C01	0.991544
6042375101_R07C01	0.996139
6042375101_R08C01	0.997294
6042375104_R01C01	0.997319
6042375104_R02C01	0.996137
6042375104_R03C01	0.996335
6042375104_R04C01	0.996838
6042375104_R06C01	0.995394
6042375104_R08C01	0.997666
6042375137_R01C01	0.997701
6042375137_R02C01	0.997483
6042375137_R03C01	0.997036
6042375137_R05C01	0.991134
6042375137_R06C01	0.998242
6042375137_R07C01	0.997602
6042375137_R08C01	0.997642
6042375138_R01C01	0.998708
6042375138_R02C01	0.997539
6042375138_R03C01	0.996048
6042375138_R04C01	0.997173
6042375138_R05C01	0.99715
6042375138_R06C01	0.986461
6042375138_R07C01	0.996503
6042375138_R08C01	0.997484
6042375146_R01C01	0.996767
6042375146_R02C01	0.996143
6042375146_R03C01	0.997034
6042375146_R04C01	0.996257
6042375146_R05C01	0.997514
6042375146_R06C01	0.998197
6042375146_R07C01	0.998385
6042375146_R08C01	0.997964
6130471012_R01C01	0.996727
6130471012_R02C01	0.997242
6130471012_R03C01	0.995814
6130471012_R04C01	0.99799
6130471012_R05C01	0.997109
6130471012_R06C01	0.997141
6130471012_R07C01	0.99743
6130471012_R08C01	0.996507
6130471070_R01C01	0.997304
6130471070_R02C01	0.989543
6130471070_R03C01	0.996382
6130471070_R04C01	0.997834
6130471070_R05C01	0.995432
6130471070_R06C01	0.996548
6130471070_R07C01	0.996443
6130471070_R08C01	0.996333
6130471071_R01C01	0.996455
6130471071_R02C01	0.991972
6130471071_R03C01	0.996449
6130471071_R05C01	0.995315
6130471071_R06C01	0.992699
6130471071_R07C01	0.99647
6130471110_R01C01	0.997793
6130471110_R02C01	0.996429
6130471110_R04C01	0.99563
6130471110_R05C01	0.990318
6130471110_R06C01	0.998005
6130471110_R07C01	0.995876
6130471110_R08C01	0.990464
6130471129_R01C01	0.994926
6130471129_R02C01	0.995762
6130471129_R03C01	0.99611
6130471129_R04C01	0.996161
6130471129_R05C01	0.994034
6130471129_R06C01	0.998469
6130471129_R07C01	0.993861
6130471129_R08C01	0.99681
6135563011_R01C01	0.996468
6135563011_R02C01	0.996514
6135563011_R03C01	0.99404
6135563011_R04C01	0.997531
6135563011_R06C01	0.998052
6135563011_R07C01	0.997262
6135563011_R08C01	0.996466
6135563012_R02C01	0.998599
6135563012_R04C01	0.993672
6135563012_R05C01	0.997027
6135563012_R06C01	0.997197
6135563012_R07C01	0.997152
6135563012_R08C01	0.994193
6135563014_R02C01	0.998522
6135563014_R03C01	0.997219
6135563014_R04C01	0.99716
6135563014_R05C01	0.996805
6135563014_R06C01	0.997062
6135563014_R07C01	0.997805
6135563014_R08C01	0.997734
6135563015_R02C01	0.995377
6135563015_R04C01	0.994862
6135563015_R05C01	0.996863
6135563015_R06C01	0.995613
6135563015_R07C01	0.99497
6135563015_R08C01	0.996982
6135563041_R01C01	0.997992
6135563041_R03C01	0.997949
6135563041_R04C01	0.996066
6135563041_R05C01	0.996635
6135563041_R06C01	0.997636
6135571025_R01C01	0.991302
6135571025_R03C01	0.995442
6135571025_R04C01	0.99682
6135571025_R07C01	0.998567
6135571025_R08C01	0.99756
6135580001_R01C01	0.997306
6135580001_R02C01	0.997895
6135580001_R03C01	0.997323
6135580001_R04C01	0.997546
6135580001_R05C01	0.99652
6135580001_R06C01	0.997255
6135580001_R07C01	0.997821
6135580001_R08C01	0.997727
6135580011_R01C01	0.997685
6135580011_R02C01	0.996417
6135580011_R03C01	0.997025
6135580011_R04C01	0.998296
6135580011_R05C01	0.997229
6135580011_R07C01	0.997804
6135580011_R08C01	0.997
6135580017_R01C01	0.997124
6135580017_R02C01	0.998294
6135580017_R03C01	0.997272
6135580017_R04C01	0.997363
6135580017_R05C01	0.998323
6135580017_R06C01	0.996905
6135580017_R07C01	0.999
6135580017_R08C01	0.998503
6135580027_R01C01	0.997444
6135580027_R02C01	0.995709
6135580027_R03C01	0.998435
6135580027_R04C01	0.998975
6135580027_R05C01	0.996821
6135580027_R06C01	0.996511
6135580027_R07C01	0.997587
6135580027_R08C01	0.998514
6135580057_R01C01	0.996063
6135580057_R02C01	0.997279
6135580057_R03C01	0.99799
6135580057_R04C01	0.997577
6135580057_R05C01	0.996596
6135580057_R06C01	0.996874
6135580057_R07C01	0.997216
6135580057_R08C01	0.997815
6135580073_R01C01	0.99666
6135580073_R03C01	0.995201
6135580073_R04C01	0.995478
6135580073_R05C01	0.997134
6135580073_R06C01	0.997902
6135580073_R07C01	0.997728
6135580073_R08C01	0.996489
6135580082_R01C01	0.998319
6135580082_R02C01	0.998891
6135580082_R03C01	0.996883
6135580082_R04C01	0.997994
6135580082_R06C01	0.994892
6135580082_R07C01	0.99734
6135580082_R08C01	0.998498
6135580098_R01C01	0.997007
6135580098_R02C01	0.997852
6135580098_R04C01	0.996796
6135580098_R05C01	0.99828
6135580098_R06C01	0.996984
6135580098_R07C01	0.996511
6135580098_R08C01	0.997241
6135580116_R02C01	0.993171
6135580116_R03C01	0.998241
6135580116_R05C01	0.995414
6135580116_R06C01	0.995761
6135580116_R08C01	0.995481
6135580117_R02C01	0.997724
6135580117_R03C01	0.99636
6135580117_R04C01	0.998002
6135580117_R05C01	0.998006
6135580117_R06C01	0.997687
6135580118_R01C01	0.99554
6135580118_R02C01	0.994517
6135580118_R04C01	0.997467
6135580118_R05C01	0.997004
6135580118_R06C01	0.997184
6135580118_R08C01	0.995938
6135580123_R02C01	0.994982
6135580123_R04C01	0.995441
6135580123_R05C01	0.997101
6135580123_R07C01	0.987165
6135580123_R08C01	0.994596
6135580144_R01C01	0.996883
6135580144_R08C01	0.996483
6135580145_R06C01	0.997439
6135580145_R08C01	0.991225
6135601008_R01C01	0.997037
6135601008_R02C01	0.992359
6135601008_R03C01	0.997292
6135601008_R04C01	0.995027
6135601008_R06C01	0.997321
6135601008_R07C01	0.998277
6135601008_R08C01	0.997679
6135601009_R01C01	0.997754
6135601009_R02C01	0.996056
6135601009_R03C01	0.998477
6135601009_R04C01	0.997971
6135601009_R05C01	0.997442
6135601009_R06C01	0.997152
6135601009_R07C01	0.996972
6135601009_R08C01	0.99699
6135601012_R04C01	0.997091
6135601012_R05C01	0.998692
6135601012_R06C01	0.997032
6135601012_R07C01	0.990851
6135601018_R03C01	0.998215
6135601018_R05C01	0.997491
6135601018_R07C01	0.989819
6135601018_R08C01	0.994375
6135601027_R03C01	0.99628
6135601027_R04C01	0.99707
6135601027_R05C01	0.996128
6135601027_R07C01	0.996285
6135601034_R01C01	0.997997
6135601034_R02C01	0.9967
6135601034_R03C01	0.996805
6135601034_R04C01	0.997611
6135601034_R06C01	0.997866
6135601045_R01C01	0.997192
6135601045_R02C01	0.99838
6135601045_R03C01	0.995927
6135601045_R04C01	0.99775
6135601045_R05C01	0.996894
6135601045_R07C01	0.998919
6135601045_R08C01	0.995025
6135601049_R01C01	0.998003
6135601049_R02C01	0.996389
6135601049_R03C01	0.997326
6135601049_R05C01	0.989362
6135601049_R06C01	0.998528
6135601049_R07C01	0.997151
6135601049_R08C01	0.997598
6135601060_R01C01	0.995126
6135601060_R03C01	0.996354
6135601060_R04C01	0.980506
6135601060_R05C01	0.994679
6135601060_R06C01	0.995166
6135601066_R01C01	0.998278
6135601066_R02C01	0.994238
6135601066_R03C01	0.997148
6135601066_R04C01	0.993385
6135601066_R05C01	0.993641
6135601066_R06C01	0.995867
6135601066_R07C01	0.997341
6135601066_R08C01	0.997642
6135601080_R01C01	0.997754
6135601080_R02C01	0.993802
6135601080_R03C01	0.997758
6135601080_R07C01	0.995791
6135601080_R08C01	0.998545
6135601081_R01C01	0.996675
6135601081_R02C01	0.9969
6135601081_R03C01	0.996486
6135601081_R04C01	0.996353
6135601081_R05C01	0.997719
6135601081_R07C01	0.996718
6135601081_R08C01	0.99728
6135601082_R02C01	0.998531
6135601082_R03C01	0.997167
6135601082_R04C01	0.997552
6135601082_R05C01	0.997277
6135601082_R06C01	0.995882
6135601082_R07C01	0.995866
6135601082_R08C01	0.997335
6135601086_R01C01	0.995391
6135601086_R03C01	0.996819
6135601086_R04C01	0.997271
6135601086_R05C01	0.995043
6135601086_R07C01	0.99713
6135601094_R05C01	0.996621
6135601094_R06C01	0.991359
6135601108_R01C01	0.996445
6135601108_R02C01	0.997419
6135601108_R03C01	0.999039
6135601108_R04C01	0.997612
6135601108_R05C01	0.997842
6135601108_R06C01	0.997397
6135601108_R07C01	0.996865
6135601108_R08C01	0.997244
6135601115_R02C01	0.996455
6135601115_R04C01	0.996009
6135601115_R06C01	0.995347
6135601115_R07C01	0.997314
6135601115_R08C01	0.996745
6135601116_R01C01	0.996897
6135601116_R02C01	0.99746
6135601116_R05C01	0.997297
6135601116_R07C01	0.997057
6135601116_R08C01	0.997854
6135601117_R01C01	0.99653
6135601117_R05C01	0.998272
6135601117_R06C01	0.994728
6135601117_R07C01	0.996967
6135601117_R08C01	0.997344
6135601120_R03C01	0.996874
6135601120_R04C01	0.997841
6135601120_R06C01	0.997331
6135601120_R07C01	0.996923
6135601120_R08C01	0.997399
6135601124_R01C01	0.995605
6135601124_R02C01	0.997223
6135601124_R03C01	0.996564
6135601124_R04C01	0.996456
6135601124_R05C01	0.997601
6135601124_R06C01	0.997255
6135601124_R07C01	0.996825
6135601124_R08C01	0.99639
6135601130_R01C01	0.99806
6135601130_R02C01	0.989993
6135601130_R03C01	0.997336
6135601130_R04C01	0.996233
6135601130_R05C01	0.997054
6135601130_R06C01	0.997165
6135601130_R07C01	0.997283
6135601130_R08C01	0.99766
6135601149_R01C01	0.997028
6135601149_R02C01	0.998279
6135601149_R06C01	0.992464
6135601149_R08C01	0.99538
6135601151_R01C01	0.995853
6135601151_R02C01	0.996489
6135601151_R03C01	0.998106
6135601151_R04C01	0.997859
6135601151_R05C01	0.997536
6135601151_R06C01	0.997087
6135601151_R07C01	0.996753
6135601151_R08C01	0.996496
6135601153_R03C01	0.996826
6135601153_R05C01	0.9973
6135601153_R06C01	0.989652
6135601153_R07C01	0.997421
6135601153_R08C01	0.997847
6135601156_R01C01	0.99646
6135601156_R02C01	0.998141
6135601156_R03C01	0.995537
6135601156_R04C01	0.996048
6135601156_R05C01	0.996941
6135601156_R06C01	0.998112
6135601156_R08C01	0.99757
6135601162_R01C01	0.992401
6135601162_R02C01	0.996422
6135601162_R04C01	0.997924
6135601162_R05C01	0.99554
6135601162_R06C01	0.994324
6135601162_R07C01	0.99747
6135601162_R08C01	0.996197
6135601167_R02C01	0.996942
6135601167_R03C01	0.997341
6135601167_R04C01	0.997748
6135601167_R05C01	0.993963
6135601167_R06C01	0.997041
6135601167_R07C01	0.993852
6147054060_R01C01	0.996425
6147054060_R02C01	0.997237
6147054060_R03C01	0.99689
6147054060_R04C01	0.998791
6147054060_R05C01	0.99546
6147054060_R07C01	0.996686
6147054060_R08C01	0.99813
6147054122_R01C01	0.996017
6147054122_R02C01	0.998176
6147054122_R03C01	0.996107
6147054122_R04C01	0.997233
6147054122_R05C01	0.998163
6147054122_R06C01	0.997965
6147054122_R07C01	0.997292
6147054122_R08C01	0.997548
6147054149_R01C01	0.996437
6147054149_R02C01	0.997445
6147054149_R07C01	0.996811
6147054149_R08C01	0.996833
6147054150_R01C01	0.997625
6147054150_R02C01	0.997012
6147054150_R03C01	0.997189
6147054150_R04C01	0.997982
6147054150_R05C01	0.998057
6147054150_R06C01	0.997551
6147054150_R07C01	0.996207
6147054150_R08C01	0.996811
6147062005_R03C01	0.998146
6147062005_R04C01	0.997557
6147062005_R06C01	0.996949
6147062005_R07C01	0.997008
6147062010_R01C01	0.996309
6147062010_R02C01	0.998369
6147062010_R03C01	0.997899
6147062010_R04C01	0.995578
6147062010_R05C01	0.998292
6147062010_R06C01	0.996726
6147062010_R07C01	0.997046
6147062010_R08C01	0.997847
6147062028_R03C01	0.994917
6147062037_R01C01	0.996239
6147062037_R02C01	0.991002
6147062037_R03C01	0.997492
6147062037_R04C01	0.998194
6147062037_R05C01	0.995913
6147062037_R06C01	0.996123
6147062037_R07C01	0.996311
6147062055_R01C01	0.996256
6147062055_R02C01	0.995879
6147062055_R04C01	0.995978
6147062055_R07C01	0.997616
6147062055_R08C01	0.997312
6147062102_R01C01	0.997043
6147062102_R02C01	0.997501
6147062102_R03C01	0.997724
6147062102_R04C01	0.997416
6147062102_R05C01	0.998051
6147062102_R06C01	0.9967
6147062133_R01C01	0.995419
6147062133_R02C01	0.997977
6147062133_R03C01	0.997507
6147062133_R05C01	0.997266
6147062133_R06C01	0.996807
6147062134_R01C01	0.996007
6147062134_R02C01	0.996903
6147062134_R03C01	0.997917
6147062134_R06C01	0.99505
6147062134_R07C01	0.996714
6147062134_R08C01	0.996631
6147062135_R01C01	0.998186
6147062135_R02C01	0.997235
6147062135_R04C01	0.996817
6147062135_R05C01	0.997791
6147062135_R06C01	0.993299
6147062135_R08C01	0.996233
6147062147_R01C01	0.990705
6147062147_R03C01	0.997257
6147062147_R04C01	0.997944
6147062147_R05C01	0.998339
6147062147_R06C01	0.997858
6147062147_R07C01	0.994868
6147062147_R08C01	0.998354
6147062162_R01C01	0.998066
6147062162_R03C01	0.997532
6147062162_R05C01	0.997562
6147062162_R06C01	0.996943
6147062162_R07C01	0.99752
6147062167_R02C01	0.997821
6147062167_R03C01	0.996974
6147062167_R04C01	0.996454
6147062167_R05C01	0.997108
6147062167_R06C01	0.99339
6147062167_R08C01	0.996079
6147071002_R01C01	0.997185
6147071002_R02C01	0.989255
6147071002_R03C01	0.996319
6147071002_R05C01	0.995357
6147071002_R06C01	0.9979
6147071002_R07C01	0.997392
6147071002_R08C01	0.997954
6147071043_R03C01	0.997878
6147071043_R05C01	0.996047
6147071043_R08C01	0.996844
6147071044_R01C01	0.997992
6147071044_R02C01	0.997622
6147071044_R03C01	0.997076
6147071044_R04C01	0.996696
6147071044_R06C01	0.995754
6147071044_R07C01	0.99762
6147071044_R08C01	0.996595
6147071047_R01C01	0.998082
6147071047_R02C01	0.99693
6147071047_R05C01	0.996475
6147071047_R06C01	0.997735
6147071047_R07C01	0.996256
6147071047_R08C01	0.994718
6147071059_R02C01	0.996348
6147071059_R03C01	0.99581
6147071059_R04C01	0.995938
6147071059_R07C01	0.997998
6147071059_R08C01	0.996351
6147071060_R02C01	0.998468
6147071060_R03C01	0.997609
6147071060_R04C01	0.993149
6147071060_R05C01	0.997514
6147071060_R06C01	0.996912
6147071060_R07C01	0.997416
6147071060_R08C01	0.992268
6147071101_R01C01	0.998241
6147071101_R02C01	0.995357
6147071101_R04C01	0.997557
6147071101_R05C01	0.999035
6147071101_R06C01	0.995917
6147071101_R07C01	0.998116
6147071101_R08C01	0.995209
6147071123_R01C01	0.997488
6147071123_R02C01	0.996813
6147071123_R03C01	0.99649
6147071123_R04C01	0.997289
6147071123_R05C01	0.997328
6147071123_R06C01	0.996997
6147071123_R07C01	0.99863
6147071123_R08C01	0.994685
6147071155_R01C01	0.996106
6147071155_R02C01	0.997429
6147071155_R03C01	0.994985
6147071155_R04C01	0.995387
6147071155_R06C01	0.997602
6147071155_R07C01	0.995846
6147071155_R08C01	0.997215
6147071157_R01C01	0.995892
6147071157_R02C01	0.998083
6147071157_R03C01	0.997466
6147071157_R04C01	0.997525
6147071157_R05C01	0.996608
6147071157_R06C01	0.996719
6147071157_R07C01	0.997787
6147071157_R08C01	0.996294
6160275010_R02C01	0.997668
6160275010_R03C01	0.996906
6160275010_R04C01	0.994819
6160275010_R05C01	0.996266
6160275010_R06C01	0.996591
6160275010_R07C01	0.99679
6160275010_R08C01	0.997913
6160275012_R02C01	0.997143
6160275012_R03C01	0.994504
6160275012_R04C01	0.997944
6160275012_R05C01	0.996256
6160275012_R06C01	0.995286
6160275012_R07C01	0.997749
6160275012_R08C01	0.999048
6160275019_R01C01	0.996564
6160275019_R02C01	0.996547
6160275019_R03C01	0.998248
6160275019_R04C01	0.998236
6160275019_R05C01	0.996139
6160275019_R06C01	0.997149
6160275019_R07C01	0.996645
6160275020_R01C01	0.997482
6160275020_R02C01	0.997956
6160275020_R03C01	0.99693
6160275020_R04C01	0.997575
6160275020_R05C01	0.997367
6160275020_R06C01	0.995558
6160275020_R07C01	0.997648
6160275020_R08C01	0.996767
6160275021_R01C01	0.996888
6160275021_R02C01	0.99514
6160275021_R03C01	0.997722
6160275021_R04C01	0.996571
6160275021_R05C01	0.996023
6160275021_R06C01	0.998723
6160275021_R07C01	0.997508
6160275021_R08C01	0.996217
6160275022_R01C01	0.99553
6160275022_R02C01	0.997089
6160275022_R03C01	0.99756
6160275022_R04C01	0.997804
6160275022_R05C01	0.99795
6160275022_R06C01	0.997024
6160275022_R07C01	0.997541
6160275022_R08C01	0.996813
6160275043_R01C01	0.997079
6160275043_R02C01	0.997548
6160275043_R03C01	0.997202
6160275043_R04C01	0.997097
6160275043_R05C01	0.997076
6160275043_R06C01	0.996938
6160275043_R08C01	0.994295
6160275044_R01C01	0.996826
6160275044_R02C01	0.997354
6160275044_R03C01	0.996376
6160275044_R04C01	0.996763
6160275044_R05C01	0.997779
6160275044_R06C01	0.998562
6160275044_R07C01	0.997646
6160275044_R08C01	0.997348
6160275046_R01C01	0.997181
6160275046_R02C01	0.997707
6160275046_R03C01	0.996754
6160275046_R05C01	0.990738
6160275046_R06C01	0.997198
6160275046_R07C01	0.997971
6160275058_R01C01	0.994943
6160275058_R02C01	0.997441
6160275058_R03C01	0.997795
6160275058_R04C01	0.996597
6160275058_R05C01	0.997738
6160275058_R06C01	0.997248
6160275058_R07C01	0.996069
6160275058_R08C01	0.998244
6160275059_R01C01	0.998132
6160275059_R02C01	0.998312
6160275059_R03C01	0.997926
6160275059_R04C01	0.996096
6160275059_R05C01	0.997876
6160275059_R06C01	0.997495
6160275059_R07C01	0.998594
6160275059_R08C01	0.997325
6160275060_R01C01	0.998761
6160275060_R02C01	0.997627
6160275060_R03C01	0.996228
6160275060_R04C01	0.998114
6160275060_R05C01	0.996289
6160275060_R06C01	0.997487
6160275060_R07C01	0.99735
6160275060_R08C01	0.998897
6160304032_R01C01	0.996968
6160304032_R02C01	0.995298
6160304032_R03C01	0.995859
6160304032_R04C01	0.997131
6160304032_R05C01	0.996771
6160304032_R07C01	0.997235
6160304032_R08C01	0.99705
6160304033_R01C01	0.996412
6160304033_R02C01	0.997079
6160304033_R03C01	0.997967
6160304033_R04C01	0.997755
6160304033_R05C01	0.991281
6160304033_R06C01	0.997923
6160304033_R07C01	0.997956
6160304033_R08C01	0.99362
6164663042_R01C01	0.991163
6164663042_R02C01	0.996927
6164663042_R03C01	0.996932
6164663042_R04C01	0.997731
6164663042_R05C01	0.997513
6164663042_R06C01	0.994914
6164663042_R07C01	0.996536
6164663042_R08C01	0.997216
6165295013_R01C01	0.997472
6165295013_R02C01	0.997187
6165295013_R03C01	0.997591
6165295013_R04C01	0.998204
6165295013_R06C01	0.997019
6165295019_R01C01	0.995738
6165295019_R02C01	0.99698
6165295019_R04C01	0.99668
6165295019_R05C01	0.996212
6165295019_R06C01	0.996796
6165295019_R07C01	0.995776
6165295019_R08C01	0.996945
6165295021_R01C01	0.987744
6165295021_R02C01	0.996824
6165295021_R03C01	0.99816
6165295021_R04C01	0.995751
6165295021_R05C01	0.996363
6165295021_R06C01	0.998229
6165295021_R07C01	0.997816
6165295021_R08C01	0.997868
6165295023_R01C01	0.993102
6165295023_R02C01	0.99244
6165295023_R03C01	0.998374
6165295023_R04C01	0.997627
6165295023_R05C01	0.991047
6165295023_R06C01	0.996664
6165295023_R07C01	0.997224
6165295023_R08C01	0.996364
6165295050_R01C01	0.997449
6165295050_R02C01	0.989817
6165295050_R03C01	0.995381
6165295050_R04C01	0.998387
6165295050_R05C01	0.998275
6165295050_R06C01	0.998411
6165295050_R07C01	0.996307
6165295050_R08C01	0.997808
6165295051_R01C01	0.993745
6165295051_R03C01	0.99512
6165295051_R04C01	0.997503
6165295051_R05C01	0.996312
6165295051_R07C01	0.993506
6165295051_R08C01	0.994854
6171492001_R02C01	0.98958
6171492001_R03C01	0.99628
6171492001_R05C01	0.997307
6171492001_R07C01	0.997273
6171492013_R02C01	0.99694
6171492013_R03C01	0.99774
6171492013_R04C01	0.997444
6171492013_R07C01	0.996123
6171492013_R08C01	0.997406
6171492015_R01C01	0.996929
6171492015_R02C01	0.995473
6171492015_R03C01	0.997373
6171492015_R04C01	0.997842
6171492015_R05C01	0.997521
6171492015_R06C01	0.998521
6171492015_R07C01	0.995412
6171492015_R08C01	0.997538
6171492016_R01C01	0.996761
6171492016_R02C01	0.996208
6171492016_R03C01	0.995625
6171492016_R04C01	0.994741
6171492016_R05C01	0.997876
6171492016_R06C01	0.996849
6171492016_R07C01	0.996896
6171492017_R02C01	0.996854
6171492017_R03C01	0.990753
6171492017_R04C01	0.997265
6171492017_R05C01	0.997119
6171492017_R06C01	0.997592
6171492017_R07C01	0.99759
6171492017_R08C01	0.995127
6171492025_R01C01	0.996793
6171492025_R02C01	0.997881
6171492025_R03C01	0.994041
6171492025_R04C01	0.9918
6171492025_R05C01	0.995803
6171492025_R06C01	0.99751
6171492025_R07C01	0.996736
6171492025_R08C01	0.99662
6171492029_R01C01	0.996811
6171492029_R02C01	0.996249
6171492029_R04C01	0.99836
6171492029_R05C01	0.998289
6171492029_R06C01	0.995668
6171492029_R08C01	0.996646
6171492039_R03C01	0.997717
6171492039_R04C01	0.996797
6171492039_R05C01	0.996271
6171492039_R06C01	0.987582
6171492039_R07C01	0.99736
6171492043_R02C01	0.997264
6171492043_R03C01	0.995074
6171492043_R04C01	0.995745
6171492043_R05C01	0.997314
6171492043_R06C01	0.996985
6171492043_R07C01	0.994247
6171492043_R08C01	0.997262
6171492045_R01C01	0.996809
6171492045_R02C01	0.996381
6171492045_R05C01	0.997891
6171492045_R08C01	0.996698
6171492048_R06C01	0.982984
6171492048_R08C01	0.974568
6171492049_R01C01	0.997543
6171492049_R02C01	0.997413
6171492049_R03C01	0.996848
6171492049_R04C01	0.989085
6171492049_R05C01	0.997746
6171492049_R06C01	0.998567
6171492049_R07C01	0.997606
6171492049_R08C01	0.996029
6171492050_R01C01	0.9963
6171492050_R02C01	0.996429
6171492050_R05C01	0.997673
6171492050_R06C01	0.996357
6171492050_R07C01	0.997832
6171492050_R08C01	0.995807
6171492053_R01C01	0.997279
6171492053_R02C01	0.997776
6171492053_R03C01	0.99708
6171492053_R04C01	0.996034
6171492053_R05C01	0.997716
6171492053_R06C01	0.996171
6171492053_R07C01	0.996972
6171492053_R08C01	0.998035
6171492055_R01C01	0.996469
6171492055_R02C01	0.992722
6171492055_R03C01	0.997391
6171492055_R04C01	0.998006
6171492055_R06C01	0.996958
6171492055_R07C01	0.997673
6171492055_R08C01	0.997446
6171492056_R01C01	0.996459
6171492056_R02C01	0.998318
6171492056_R03C01	0.997735
6171492056_R04C01	0.996875
6171492056_R05C01	0.996415
6171492056_R08C01	0.996666
6171492059_R01C01	0.997831
6171492059_R02C01	0.997022
6171492059_R04C01	0.996996
6171492059_R05C01	0.997567
6171492059_R06C01	0.997067
6171492059_R07C01	0.996971
6171492059_R08C01	0.997106
6171492060_R01C01	0.998162
6171492060_R02C01	0.997612
6171492060_R03C01	0.993818
6171492060_R04C01	0.997215
6171492060_R05C01	0.997141
6171492060_R08C01	0.991761
6171492068_R01C01	0.998071
6171492068_R02C01	0.998443
6171492068_R03C01	0.996593
6171492068_R04C01	0.996122
6171492068_R05C01	0.998671
6171492068_R06C01	0.995914
6171492068_R08C01	0.997678
6171492069_R02C01	0.996278
6171492069_R06C01	0.996291
6171492069_R07C01	0.997145
6171492069_R08C01	0.996329
6171492072_R03C01	0.997756
6171492072_R04C01	0.99702
6171492072_R05C01	0.998191
6171492072_R06C01	0.994392
6171492072_R08C01	0.997225
6171492074_R01C01	0.99695
6171492074_R02C01	0.99748
6171492074_R03C01	0.996889
6171492074_R04C01	0.995104
6171492074_R05C01	0.998599
6171492074_R07C01	0.996134
6171492074_R08C01	0.996493
6171492075_R01C01	0.997243
6171492075_R03C01	0.996318
6171492075_R05C01	0.997371
6171492075_R06C01	0.977209
6171492075_R08C01	0.996907
6171492077_R01C01	0.995198
6171492077_R02C01	0.996259
6171492077_R03C01	0.997153
6171492077_R07C01	0.996581
6171492077_R08C01	0.998311
6171492078_R01C01	0.997433
6171492078_R02C01	0.996886
6171492078_R03C01	0.997578
6171492078_R05C01	0.996363
6171492078_R06C01	0.995856
6171492078_R07C01	0.996138
6171492078_R08C01	0.997464
6171492079_R01C01	0.99732
6171492079_R03C01	0.996622
6171492079_R04C01	0.998328
6171492079_R05C01	0.997164
6171492079_R06C01	0.995625
6171492079_R07C01	0.998373
6171492079_R08C01	0.981855
6171492084_R01C01	0.994669
6171492084_R02C01	0.995889
6171492084_R03C01	0.998643
6171492084_R04C01	0.996698
6171492084_R05C01	0.996153
6171492084_R06C01	0.998145
6171492084_R08C01	0.996975
6171492086_R02C01	0.997258
6171492086_R05C01	0.997648
6171492086_R06C01	0.995839
6171492086_R07C01	0.996448
6171492086_R08C01	0.997859
6171492090_R01C01	0.997931
6171492090_R02C01	0.99454
6171492090_R03C01	0.99672
6171492090_R05C01	0.998555
6171492090_R06C01	0.995297
6171492090_R07C01	0.996643
6171492090_R08C01	0.998185
6171492100_R01C01	0.995607
6171492100_R03C01	0.993857
6171492100_R04C01	0.986813
6171492100_R05C01	0.99479
6171492100_R08C01	0.996917
6172882004_R01C01	0.997541
6172882004_R02C01	0.997873
6172882004_R03C01	0.992083
6172882004_R06C01	0.991833
6172882004_R07C01	0.99789
6172882004_R08C01	0.997797
6172882009_R01C01	0.997788
6172882009_R02C01	0.997081
6172882009_R03C01	0.99839
6172882009_R04C01	0.996976
6172882009_R05C01	0.995336
6172882009_R06C01	0.996906
6172882009_R07C01	0.996909
6172882009_R08C01	0.997258
6172882050_R01C01	0.997916
6172882050_R02C01	0.996217
6172882050_R03C01	0.997223
6172882050_R04C01	0.996525
6172882050_R05C01	0.997266
6172882050_R06C01	0.997235
6172882050_R08C01	0.993886
6172882051_R01C01	0.997049
6172882051_R02C01	0.997329
6172882051_R04C01	0.9975
6172882051_R05C01	0.995468
6172882051_R06C01	0.997989
6172882051_R07C01	0.996798
6172882051_R08C01	0.997575
6186483013_R01C01	0.994699
6186483013_R02C01	0.996895
6186483013_R03C01	0.989793
6186483013_R04C01	0.997478
6186483013_R05C01	0.997099
6186483013_R06C01	0.998082
6186483013_R07C01	0.997854
6186483013_R08C01	0.997551
6186483032_R03C01	0.997919
6186483032_R04C01	0.997453
6186483032_R05C01	0.997172
6186483032_R06C01	0.996924
6186483032_R07C01	0.997045
6186483032_R08C01	0.991952
6186483043_R01C01	0.980918
6186483043_R04C01	0.986176
6186483043_R05C01	0.997334
6186483043_R06C01	0.996209
6186483043_R08C01	0.996867
6186483051_R01C01	0.99821
6186483051_R08C01	0.995702
6186483068_R01C01	0.991614
6186483068_R02C01	0.997576
6186483068_R03C01	0.996859
6186483090_R01C01	0.997968
6186483090_R02C01	0.997161
6186483090_R03C01	0.99855
6186483090_R04C01	0.997024
6186483090_R06C01	0.997362
6186483090_R07C01	0.996805
6186483090_R08C01	0.997784
6186483093_R02C01	0.985787
6186483093_R03C01	0.996498
6186483093_R05C01	0.997827
6186483093_R06C01	0.997777
6186483093_R08C01	0.998105
6186483099_R01C01	0.995823
6186483099_R03C01	0.997621
6186483099_R04C01	0.997057
6186483099_R05C01	0.996352
6186483099_R07C01	0.996417
6186483099_R08C01	0.996202
6186483101_R01C01	0.994936
6186483101_R02C01	0.99592
6186483101_R03C01	0.993022
6186483101_R04C01	0.996571
6186483101_R05C01	0.994391
6186483101_R06C01	0.991785
6186483101_R08C01	0.997666
6186483132_R01C01	0.984702
6247194011_R02C01	0.996786
6247194011_R03C01	0.998689
6247194011_R04C01	0.997398
6247194011_R05C01	0.99607
6247194011_R07C01	0.995676
6247194011_R08C01	0.997337
6247194028_R01C01	0.997034
6247194028_R02C01	0.990286
6247194028_R03C01	0.996812
6247194028_R04C01	0.996727
6247194028_R06C01	0.996289
6247194028_R07C01	0.997092
6247194028_R08C01	0.997725
6247194031_R01C01	0.995634
6247194031_R02C01	0.997691
6247194031_R03C01	0.99736
6247194031_R05C01	0.99716
6247194031_R06C01	0.998738
6247194031_R07C01	0.996948
6247194043_R02C01	0.996405
6247194043_R03C01	0.997675
6247194043_R04C01	0.99737
6247194043_R07C01	0.997987
6247194043_R08C01	0.997455
6247194064_R01C01	0.99721
6247194064_R03C01	0.995226
6247194064_R04C01	0.997108
6247194064_R05C01	0.997658
6247194064_R06C01	0.998367
6247194064_R07C01	0.996581
6247194064_R08C01	0.998456
6247194098_R01C01	0.996913
6247194098_R02C01	0.99767
6247194098_R03C01	0.996827
6247194098_R04C01	0.999261
6247194098_R05C01	0.997027
6247194098_R06C01	0.997253
6247194098_R07C01	0.997507
6247194098_R08C01	0.998935
6247194107_R03C01	0.992271
6247194107_R05C01	0.986478
6247194107_R07C01	0.997643
6247194115_R02C01	0.997915
6247194115_R04C01	0.992042
6247194115_R05C01	0.997499
6247194115_R06C01	0.99779
6247194115_R08C01	0.996595
6247194117_R02C01	0.997208
6247194117_R03C01	0.998166
6247194117_R04C01	0.995427
6247194117_R05C01	0.997376
6247194117_R07C01	0.996429
6247194117_R08C01	0.997251
6247194118_R05C01	0.998127
6247194118_R08C01	0.994239
6264533042_R07C01	0.997521
6264533048_R01C01	0.996035
6264533048_R03C01	0.997168
6264533048_R04C01	0.997932
6264533048_R05C01	0.996023
6264533048_R06C01	0.996995
6264533048_R07C01	0.995849
6264533048_R08C01	0.997835
6264533060_R03C01	0.996171
6264533060_R05C01	0.995293
6264533060_R06C01	0.995966
6264533060_R07C01	0.996138
6264533060_R08C01	0.996351
6264533086_R01C01	0.979121
6264533086_R03C01	0.997386
6264533086_R05C01	0.991804
6264550046_R02C01	0.997303
6264550046_R03C01	0.996074
6264550046_R04C01	0.99674
6264550046_R07C01	0.995619
