                      +-----------------------------+
                      |                             |
                      |   Eagle v2.4.1              |
                      |   November 18, 2018         |
                      |   Po-Ru Loh                 |
                      |                             |
                      +-----------------------------+

Copyright (C) 2015-2018 Harvard University.
Distributed under the GNU GPLv3+ open source license.

Command line options:

eagle \
    --vcfRef=/BIODATA/StudentsHome/kevine/GWAS/Git/GWAS/1000G/ALL.chr2.phase3_integrated.20130502.genotypes.bcf \
    --vcfTarget=qc-camgwas-updated.vcf.gz \
    --geneticMapFile=tables/genetic_map_hg19_withX.txt.gz \
    --outPrefix=chr2-phased_wref \
    --chrom=2 \
    --pbwtIters=10 \
    --numThreads=90 \
    --Kpbwt=50000 \
    --vcfOutFormat=z 

Setting number of threads to 90
[W::bcf_hdr_check_sanity] PL should be declared as Number=G

Reference samples: Nref = 2504
Target samples: Ntarget = 1185
SNPs to analyze: M = 138035 SNPs in both target and reference

SNPs ignored: 0 SNPs in target but not reference
              3922495 SNPs in reference but not target
              0 multi-allelic SNPs in target

Missing rate in target genotypes: 0.00427482

Filling in genetic map coordinates using reference file:
  tables/genetic_map_hg19_withX.txt.gz
Physical distance range: 243032946 base pairs
Genetic distance range:  274.855 cM
Average # SNPs per cM:   502
Number of <=(64-SNP, 1cM) segments: 2159
Average # SNPs per segment: 63

Time for reading input: 73.5218 sec

Fraction of heterozygous genotypes: 0.253365
Typical span of default 100-het history length: 0.79 cM
Setting --histFactor=1.27
Typical span of 127-het history length: 1.00 cM

BEGINNING PHASING

PHASING ITER 1 OF 10


Phasing target samples
................................................................................
Time for phasing iter 1: 1869.28

PHASING ITER 2 OF 10


Phasing target samples
................................................................................
Time for phasing iter 2: 2085.11

PHASING ITER 3 OF 10


Phasing target samples
................................................................................
Time for phasing iter 3: 2035.92

PHASING ITER 4 OF 10


Phasing target samples
................................................................................
Time for phasing iter 4: 2216.21

PHASING ITER 5 OF 10


Phasing target samples
................................................................................
Time for phasing iter 5: 1993.94

PHASING ITER 6 OF 10


Phasing target samples
................................................................................
Time for phasing iter 6: 1905.69

PHASING ITER 7 OF 10


Phasing target samples
................................................................................
Time for phasing iter 7: 1926.39

PHASING ITER 8 OF 10


Phasing target samples
................................................................................
Time for phasing iter 8: 1900.56

PHASING ITER 9 OF 10


Phasing target samples
................................................................................
Time for phasing iter 9: 2227.27

PHASING ITER 10 OF 10


Phasing target samples
................................................................................
Time for phasing iter 10: 2686.24
Writing vcf.gz output to chr2-phased_wref.vcf.gz
Time for writing output: 21.1988
Total elapsed time for analysis = 20941.7 sec

Mean phase confidence of each target individual:
ID	PHASE_CONFIDENCE
6042341077_R01C01	0.998341
6042341077_R03C01	0.998018
6042341077_R04C01	0.996404
6042341077_R05C01	0.998354
6042341077_R06C01	0.998519
6042341077_R07C01	0.996965
6042341089_R01C01	0.998952
6042341089_R02C01	0.998515
6042341089_R03C01	0.998296
6042341089_R04C01	0.997753
6042341089_R05C01	0.998161
6042341089_R06C01	0.996908
6042341089_R07C01	0.997693
6042341089_R08C01	0.997775
6042341090_R01C01	0.997247
6042341090_R02C01	0.997446
6042341090_R03C01	0.997541
6042341090_R04C01	0.997697
6042341090_R05C01	0.997369
6042341090_R06C01	0.997955
6042341090_R07C01	0.997027
6042341090_R08C01	0.997342
6042341099_R01C01	0.998373
6042341099_R02C01	0.998087
6042341099_R03C01	0.997839
6042341099_R04C01	0.998503
6042341099_R05C01	0.996852
6042341099_R06C01	0.993112
6042341099_R07C01	0.996035
6042341099_R08C01	0.996518
6042341154_R06C01	0.997693
6042341154_R07C01	0.997721
6042341154_R08C01	0.998229
6042341162_R01C01	0.998544
6042341162_R02C01	0.998408
6042341162_R03C01	0.997818
6042341162_R04C01	0.99817
6042341162_R05C01	0.99784
6042341162_R06C01	0.99827
6042341162_R07C01	0.998297
6042341162_R08C01	0.998177
6042359084_R01C01	0.998002
6042359084_R02C01	0.99824
6042359084_R03C01	0.99804
6042359084_R04C01	0.997526
6042359084_R05C01	0.99715
6042359084_R06C01	0.998539
6042359084_R07C01	0.998285
6042359084_R08C01	0.999127
6042375002_R01C01	0.995958
6042375002_R02C01	0.997473
6042375002_R03C01	0.998468
6042375002_R04C01	0.99797
6042375002_R05C01	0.998388
6042375002_R06C01	0.997994
6042375002_R07C01	0.997893
6042375002_R08C01	0.9979
6042375003_R01C01	0.998773
6042375003_R02C01	0.997704
6042375003_R03C01	0.997911
6042375003_R04C01	0.998344
6042375003_R05C01	0.998334
6042375003_R06C01	0.998737
6042375003_R07C01	0.998061
6042375003_R08C01	0.998253
6042375012_R01C01	0.997793
6042375012_R02C01	0.998459
6042375012_R03C01	0.997424
6042375012_R04C01	0.998183
6042375012_R05C01	0.997981
6042375012_R06C01	0.998188
6042375013_R01C01	0.998309
6042375013_R02C01	0.998084
6042375013_R03C01	0.998016
6042375013_R04C01	0.997926
6042375013_R05C01	0.997608
6042375013_R06C01	0.998327
6042375013_R07C01	0.998687
6042375013_R08C01	0.997685
6042375014_R01C01	0.998437
6042375014_R02C01	0.998131
6042375014_R03C01	0.997581
6042375014_R04C01	0.997729
6042375014_R05C01	0.997515
6042375014_R06C01	0.99812
6042375014_R08C01	0.99737
6042375022_R01C01	0.99779
6042375022_R02C01	0.998294
6042375022_R03C01	0.997696
6042375022_R04C01	0.998216
6042375022_R05C01	0.997249
6042375022_R06C01	0.99741
6042375022_R07C01	0.996314
6042375023_R01C01	0.998182
6042375023_R02C01	0.998825
6042375023_R03C01	0.99802
6042375023_R04C01	0.997682
6042375023_R05C01	0.997736
6042375023_R06C01	0.99696
6042375023_R07C01	0.998036
6042375023_R08C01	0.997919
6042375024_R01C01	0.998798
6042375024_R02C01	0.997907
6042375024_R03C01	0.997394
6042375024_R04C01	0.997845
6042375024_R05C01	0.999092
6042375024_R06C01	0.997641
6042375024_R07C01	0.995071
6042375024_R08C01	0.998017
6042375025_R01C01	0.997606
6042375025_R02C01	0.998334
6042375025_R03C01	0.99869
6042375025_R04C01	0.998166
6042375025_R05C01	0.998353
6042375025_R06C01	0.998672
6042375025_R07C01	0.998899
6042375025_R08C01	0.997935
6042375029_R01C01	0.997908
6042375029_R02C01	0.997877
6042375029_R03C01	0.997924
6042375029_R04C01	0.998445
6042375029_R05C01	0.996732
6042375029_R06C01	0.998323
6042375029_R07C01	0.997777
6042375029_R08C01	0.99777
6042375043_R01C01	0.998787
6042375043_R02C01	0.997719
6042375043_R04C01	0.998358
6042375043_R05C01	0.997382
6042375043_R07C01	0.996726
6042375043_R08C01	0.99853
6042375044_R01C01	0.996373
6042375044_R02C01	0.99822
6042375044_R03C01	0.998378
6042375044_R05C01	0.996356
6042375044_R06C01	0.997952
6042375044_R07C01	0.998027
6042375044_R08C01	0.996441
6042375045_R02C01	0.996776
6042375045_R03C01	0.997045
6042375045_R04C01	0.992719
6042375045_R05C01	0.997968
6042375045_R06C01	0.997116
6042375045_R07C01	0.997555
6042375045_R08C01	0.998586
6042375053_R01C01	0.997828
6042375053_R02C01	0.998552
6042375053_R03C01	0.997947
6042375053_R04C01	0.998006
6042375053_R05C01	0.998293
6042375053_R06C01	0.998427
6042375053_R07C01	0.997112
6042375053_R08C01	0.995973
6042375080_R01C01	0.998115
6042375080_R02C01	0.998357
6042375080_R03C01	0.998521
6042375080_R04C01	0.998491
6042375080_R05C01	0.998459
6042375080_R06C01	0.998284
6042375080_R07C01	0.99834
6042375080_R08C01	0.997165
6042375085_R01C01	0.997305
6042375085_R02C01	0.997254
6042375085_R03C01	0.995421
6042375085_R04C01	0.99838
6042375085_R05C01	0.998099
6042375085_R06C01	0.998419
6042375085_R07C01	0.998489
6042375085_R08C01	0.998494
6042375100_R01C01	0.996902
6042375100_R02C01	0.998323
6042375100_R04C01	0.9988
6042375100_R05C01	0.99716
6042375100_R06C01	0.99801
6042375100_R07C01	0.998546
6042375100_R08C01	0.998348
6042375101_R01C01	0.997177
6042375101_R02C01	0.997344
6042375101_R03C01	0.99803
6042375101_R04C01	0.997599
6042375101_R05C01	0.998398
6042375101_R06C01	0.994221
6042375101_R07C01	0.997448
6042375101_R08C01	0.998504
6042375104_R01C01	0.997583
6042375104_R02C01	0.996601
6042375104_R03C01	0.997675
6042375104_R04C01	0.998133
6042375104_R06C01	0.997536
6042375104_R08C01	0.998285
6042375137_R01C01	0.997301
6042375137_R02C01	0.998402
6042375137_R03C01	0.998303
6042375137_R05C01	0.994821
6042375137_R06C01	0.998857
6042375137_R07C01	0.998383
6042375137_R08C01	0.998469
6042375138_R01C01	0.998117
6042375138_R02C01	0.998304
6042375138_R03C01	0.996997
6042375138_R04C01	0.997035
6042375138_R05C01	0.998726
6042375138_R06C01	0.993859
6042375138_R07C01	0.99819
6042375138_R08C01	0.998109
6042375146_R01C01	0.997996
6042375146_R02C01	0.997743
6042375146_R03C01	0.99799
6042375146_R04C01	0.997252
6042375146_R05C01	0.998726
6042375146_R06C01	0.997926
6042375146_R07C01	0.998292
6042375146_R08C01	0.998803
6130471012_R01C01	0.99834
6130471012_R02C01	0.998302
6130471012_R03C01	0.995954
6130471012_R04C01	0.998475
6130471012_R05C01	0.997777
6130471012_R06C01	0.998056
6130471012_R07C01	0.998559
6130471012_R08C01	0.998414
6130471070_R01C01	0.99839
6130471070_R02C01	0.990992
6130471070_R03C01	0.997901
6130471070_R04C01	0.997354
6130471070_R05C01	0.997822
6130471070_R06C01	0.997456
6130471070_R07C01	0.997889
6130471070_R08C01	0.997848
6130471071_R01C01	0.997603
6130471071_R02C01	0.996396
6130471071_R03C01	0.997858
6130471071_R05C01	0.996728
6130471071_R06C01	0.99608
6130471071_R07C01	0.996804
6130471110_R01C01	0.99868
6130471110_R02C01	0.997603
6130471110_R04C01	0.997847
6130471110_R05C01	0.993928
6130471110_R06C01	0.9987
6130471110_R07C01	0.99794
6130471110_R08C01	0.993926
6130471129_R01C01	0.997737
6130471129_R02C01	0.997761
6130471129_R03C01	0.997024
6130471129_R04C01	0.998429
6130471129_R05C01	0.996599
6130471129_R06C01	0.998422
6130471129_R07C01	0.995054
6130471129_R08C01	0.997986
6135563011_R01C01	0.997317
6135563011_R02C01	0.998347
6135563011_R03C01	0.998024
6135563011_R04C01	0.99806
6135563011_R06C01	0.997746
6135563011_R07C01	0.998201
6135563011_R08C01	0.99699
6135563012_R02C01	0.99819
6135563012_R04C01	0.994596
6135563012_R05C01	0.99722
6135563012_R06C01	0.997576
6135563012_R07C01	0.997841
6135563012_R08C01	0.994371
6135563014_R02C01	0.998887
6135563014_R03C01	0.998729
6135563014_R04C01	0.998597
6135563014_R05C01	0.997955
6135563014_R06C01	0.99816
6135563014_R07C01	0.997797
6135563014_R08C01	0.998217
6135563015_R02C01	0.997169
6135563015_R04C01	0.99713
6135563015_R05C01	0.997724
6135563015_R06C01	0.996967
6135563015_R07C01	0.997206
6135563015_R08C01	0.998954
6135563041_R01C01	0.998806
6135563041_R03C01	0.99753
6135563041_R04C01	0.99847
6135563041_R05C01	0.99831
6135563041_R06C01	0.998741
6135571025_R01C01	0.991736
6135571025_R03C01	0.997081
6135571025_R04C01	0.997723
6135571025_R07C01	0.998062
6135571025_R08C01	0.998173
6135580001_R01C01	0.998047
6135580001_R02C01	0.99797
6135580001_R03C01	0.998051
6135580001_R04C01	0.9979
6135580001_R05C01	0.997935
6135580001_R06C01	0.998326
6135580001_R07C01	0.998909
6135580001_R08C01	0.998216
6135580011_R01C01	0.997972
6135580011_R02C01	0.995761
6135580011_R03C01	0.99823
6135580011_R04C01	0.997612
6135580011_R05C01	0.998489
6135580011_R07C01	0.998276
6135580011_R08C01	0.997456
6135580017_R01C01	0.998651
6135580017_R02C01	0.998699
6135580017_R03C01	0.996037
6135580017_R04C01	0.997164
6135580017_R05C01	0.998172
6135580017_R06C01	0.998096
6135580017_R07C01	0.998933
6135580017_R08C01	0.998608
6135580027_R01C01	0.997324
6135580027_R02C01	0.996777
6135580027_R03C01	0.998481
6135580027_R04C01	0.99854
6135580027_R05C01	0.998611
6135580027_R06C01	0.998531
6135580027_R07C01	0.998735
6135580027_R08C01	0.998296
6135580057_R01C01	0.997286
6135580057_R02C01	0.99779
6135580057_R03C01	0.998713
6135580057_R04C01	0.998601
6135580057_R05C01	0.998853
6135580057_R06C01	0.997585
6135580057_R07C01	0.99849
6135580057_R08C01	0.998849
6135580073_R01C01	0.998375
6135580073_R03C01	0.997764
6135580073_R04C01	0.997891
6135580073_R05C01	0.99823
6135580073_R06C01	0.998531
6135580073_R07C01	0.998241
6135580073_R08C01	0.998573
6135580082_R01C01	0.998443
6135580082_R02C01	0.998646
6135580082_R03C01	0.996739
6135580082_R04C01	0.997728
6135580082_R06C01	0.996524
6135580082_R07C01	0.997462
6135580082_R08C01	0.998118
6135580098_R01C01	0.998447
6135580098_R02C01	0.998831
6135580098_R04C01	0.998129
6135580098_R05C01	0.99853
6135580098_R06C01	0.998127
6135580098_R07C01	0.997981
6135580098_R08C01	0.99824
6135580116_R02C01	0.994198
6135580116_R03C01	0.998034
6135580116_R05C01	0.997292
6135580116_R06C01	0.998097
6135580116_R08C01	0.997148
6135580117_R02C01	0.997268
6135580117_R03C01	0.996836
6135580117_R04C01	0.998525
6135580117_R05C01	0.997801
6135580117_R06C01	0.998389
6135580118_R01C01	0.997425
6135580118_R02C01	0.996001
6135580118_R04C01	0.997164
6135580118_R05C01	0.998101
6135580118_R06C01	0.997405
6135580118_R08C01	0.996527
6135580123_R02C01	0.997654
6135580123_R04C01	0.997255
6135580123_R05C01	0.998238
6135580123_R07C01	0.992517
6135580123_R08C01	0.995637
6135580144_R01C01	0.997922
6135580144_R08C01	0.99761
6135580145_R06C01	0.998197
6135580145_R08C01	0.992582
6135601008_R01C01	0.998616
6135601008_R02C01	0.993734
6135601008_R03C01	0.9984
6135601008_R04C01	0.997111
6135601008_R06C01	0.998556
6135601008_R07C01	0.998309
6135601008_R08C01	0.998161
6135601009_R01C01	0.998555
6135601009_R02C01	0.997472
6135601009_R03C01	0.998652
6135601009_R04C01	0.998792
6135601009_R05C01	0.99724
6135601009_R06C01	0.997886
6135601009_R07C01	0.998739
6135601009_R08C01	0.998266
6135601012_R04C01	0.997953
6135601012_R05C01	0.998779
6135601012_R06C01	0.998553
6135601012_R07C01	0.993686
6135601018_R03C01	0.997727
6135601018_R05C01	0.997741
6135601018_R07C01	0.989167
6135601018_R08C01	0.994541
6135601027_R03C01	0.997723
6135601027_R04C01	0.996423
6135601027_R05C01	0.997259
6135601027_R07C01	0.99814
6135601034_R01C01	0.998346
6135601034_R02C01	0.997506
6135601034_R03C01	0.99755
6135601034_R04C01	0.998047
6135601034_R06C01	0.997927
6135601045_R01C01	0.998655
6135601045_R02C01	0.99866
6135601045_R03C01	0.996982
6135601045_R04C01	0.998082
6135601045_R05C01	0.997679
6135601045_R07C01	0.998664
6135601045_R08C01	0.997829
6135601049_R01C01	0.998766
6135601049_R02C01	0.997896
6135601049_R03C01	0.997682
6135601049_R05C01	0.992389
6135601049_R06C01	0.998391
6135601049_R07C01	0.998008
6135601049_R08C01	0.997551
6135601060_R01C01	0.994957
6135601060_R03C01	0.99774
6135601060_R04C01	0.980172
6135601060_R05C01	0.996424
6135601060_R06C01	0.995768
6135601066_R01C01	0.997853
6135601066_R02C01	0.995343
6135601066_R03C01	0.998436
6135601066_R04C01	0.997454
6135601066_R05C01	0.995935
6135601066_R06C01	0.998128
6135601066_R07C01	0.99771
6135601066_R08C01	0.998456
6135601080_R01C01	0.998532
6135601080_R02C01	0.995269
6135601080_R03C01	0.998849
6135601080_R07C01	0.996911
6135601080_R08C01	0.997739
6135601081_R01C01	0.99768
6135601081_R02C01	0.998334
6135601081_R03C01	0.998268
6135601081_R04C01	0.998385
6135601081_R05C01	0.998037
6135601081_R07C01	0.998486
6135601081_R08C01	0.998085
6135601082_R02C01	0.998351
6135601082_R03C01	0.998151
6135601082_R04C01	0.998103
6135601082_R05C01	0.997519
6135601082_R06C01	0.997456
6135601082_R07C01	0.998286
6135601082_R08C01	0.997534
6135601086_R01C01	0.997239
6135601086_R03C01	0.99805
6135601086_R04C01	0.99849
6135601086_R05C01	0.995485
6135601086_R07C01	0.996485
6135601094_R05C01	0.996664
6135601094_R06C01	0.991788
6135601108_R01C01	0.998178
6135601108_R02C01	0.998129
6135601108_R03C01	0.998655
6135601108_R04C01	0.997795
6135601108_R05C01	0.997709
6135601108_R06C01	0.99778
6135601108_R07C01	0.99767
6135601108_R08C01	0.997861
6135601115_R02C01	0.99794
6135601115_R04C01	0.997658
6135601115_R06C01	0.997471
6135601115_R07C01	0.997837
6135601115_R08C01	0.99816
6135601116_R01C01	0.996998
6135601116_R02C01	0.998122
6135601116_R05C01	0.997935
6135601116_R07C01	0.997757
6135601116_R08C01	0.99832
6135601117_R01C01	0.997372
6135601117_R05C01	0.998325
6135601117_R06C01	0.996706
6135601117_R07C01	0.9985
6135601117_R08C01	0.99809
6135601120_R03C01	0.998564
6135601120_R04C01	0.998211
6135601120_R06C01	0.997767
6135601120_R07C01	0.997657
6135601120_R08C01	0.998551
6135601124_R01C01	0.99777
6135601124_R02C01	0.998091
6135601124_R03C01	0.99796
6135601124_R04C01	0.997635
6135601124_R05C01	0.998388
6135601124_R06C01	0.997036
6135601124_R07C01	0.997495
6135601124_R08C01	0.997662
6135601130_R01C01	0.998806
6135601130_R02C01	0.99314
6135601130_R03C01	0.997909
6135601130_R04C01	0.99817
6135601130_R05C01	0.998416
6135601130_R06C01	0.998472
6135601130_R07C01	0.998018
6135601130_R08C01	0.998174
6135601149_R01C01	0.99764
6135601149_R02C01	0.998265
6135601149_R06C01	0.995949
6135601149_R08C01	0.997102
6135601151_R01C01	0.996892
6135601151_R02C01	0.998037
6135601151_R03C01	0.998493
6135601151_R04C01	0.998268
6135601151_R05C01	0.998184
6135601151_R06C01	0.99804
6135601151_R07C01	0.99718
6135601151_R08C01	0.998235
6135601153_R03C01	0.997688
6135601153_R05C01	0.998019
6135601153_R06C01	0.994018
6135601153_R07C01	0.996995
6135601153_R08C01	0.998207
6135601156_R01C01	0.997955
6135601156_R02C01	0.996892
6135601156_R03C01	0.997243
6135601156_R04C01	0.997867
6135601156_R05C01	0.997804
6135601156_R06C01	0.998561
6135601156_R08C01	0.998699
6135601162_R01C01	0.99443
6135601162_R02C01	0.997073
6135601162_R04C01	0.997521
6135601162_R05C01	0.997492
6135601162_R06C01	0.99674
6135601162_R07C01	0.998279
6135601162_R08C01	0.997432
6135601167_R02C01	0.998358
6135601167_R03C01	0.997731
6135601167_R04C01	0.997573
6135601167_R05C01	0.996215
6135601167_R06C01	0.997604
6135601167_R07C01	0.996871
6147054060_R01C01	0.99781
6147054060_R02C01	0.997854
6147054060_R03C01	0.998275
6147054060_R04C01	0.998147
6147054060_R05C01	0.996253
6147054060_R07C01	0.997775
6147054060_R08C01	0.998587
6147054122_R01C01	0.996986
6147054122_R02C01	0.99865
6147054122_R03C01	0.996546
6147054122_R04C01	0.997878
6147054122_R05C01	0.997847
6147054122_R06C01	0.998558
6147054122_R07C01	0.998263
6147054122_R08C01	0.997476
6147054149_R01C01	0.997564
6147054149_R02C01	0.998628
6147054149_R07C01	0.998043
6147054149_R08C01	0.998023
6147054150_R01C01	0.997571
6147054150_R02C01	0.99777
6147054150_R03C01	0.998624
6147054150_R04C01	0.997949
6147054150_R05C01	0.998571
6147054150_R06C01	0.998823
6147054150_R07C01	0.996988
6147054150_R08C01	0.998048
6147062005_R03C01	0.998236
6147062005_R04C01	0.998765
6147062005_R06C01	0.997695
6147062005_R07C01	0.998298
6147062010_R01C01	0.997801
6147062010_R02C01	0.998613
6147062010_R03C01	0.99815
6147062010_R04C01	0.996746
6147062010_R05C01	0.998989
6147062010_R06C01	0.998261
6147062010_R07C01	0.997468
6147062010_R08C01	0.998634
6147062028_R03C01	0.997941
6147062037_R01C01	0.998173
6147062037_R02C01	0.994522
6147062037_R03C01	0.998004
6147062037_R04C01	0.998513
6147062037_R05C01	0.997296
6147062037_R06C01	0.997898
6147062037_R07C01	0.997503
6147062055_R01C01	0.997009
6147062055_R02C01	0.997116
6147062055_R04C01	0.997509
6147062055_R07C01	0.998326
6147062055_R08C01	0.998001
6147062102_R01C01	0.997613
6147062102_R02C01	0.998048
6147062102_R03C01	0.9976
6147062102_R04C01	0.998369
6147062102_R05C01	0.998497
6147062102_R06C01	0.998492
6147062133_R01C01	0.99855
6147062133_R02C01	0.998758
6147062133_R03C01	0.997945
6147062133_R05C01	0.9981
6147062133_R06C01	0.998453
6147062134_R01C01	0.997509
6147062134_R02C01	0.998341
6147062134_R03C01	0.998814
6147062134_R06C01	0.996768
6147062134_R07C01	0.997812
6147062134_R08C01	0.998028
6147062135_R01C01	0.99866
6147062135_R02C01	0.998177
6147062135_R04C01	0.998312
6147062135_R05C01	0.998354
6147062135_R06C01	0.995054
6147062135_R08C01	0.997995
6147062147_R01C01	0.992546
6147062147_R03C01	0.998094
6147062147_R04C01	0.998362
6147062147_R05C01	0.998634
6147062147_R06C01	0.998252
6147062147_R07C01	0.99692
6147062147_R08C01	0.998453
6147062162_R01C01	0.998725
6147062162_R03C01	0.997947
6147062162_R05C01	0.998013
6147062162_R06C01	0.997385
6147062162_R07C01	0.998124
6147062167_R02C01	0.998441
6147062167_R03C01	0.99843
6147062167_R04C01	0.997879
6147062167_R05C01	0.997795
6147062167_R06C01	0.994337
6147062167_R08C01	0.997423
6147071002_R01C01	0.997593
6147071002_R02C01	0.99343
6147071002_R03C01	0.998
6147071002_R05C01	0.997679
6147071002_R06C01	0.99731
6147071002_R07C01	0.99878
6147071002_R08C01	0.998756
6147071043_R03C01	0.998032
6147071043_R05C01	0.997937
6147071043_R08C01	0.9978
6147071044_R01C01	0.998637
6147071044_R02C01	0.997805
6147071044_R03C01	0.997585
6147071044_R04C01	0.997463
6147071044_R06C01	0.996975
6147071044_R07C01	0.997881
6147071044_R08C01	0.997348
6147071047_R01C01	0.997263
6147071047_R02C01	0.998446
6147071047_R05C01	0.997379
6147071047_R06C01	0.998179
6147071047_R07C01	0.997534
6147071047_R08C01	0.996838
6147071059_R02C01	0.997525
6147071059_R03C01	0.997473
6147071059_R04C01	0.997165
6147071059_R07C01	0.998417
6147071059_R08C01	0.997701
6147071060_R02C01	0.998366
6147071060_R03C01	0.997516
6147071060_R04C01	0.996783
6147071060_R05C01	0.997564
6147071060_R06C01	0.997776
6147071060_R07C01	0.998131
6147071060_R08C01	0.995551
6147071101_R01C01	0.998409
6147071101_R02C01	0.995721
6147071101_R04C01	0.997646
6147071101_R05C01	0.998733
6147071101_R06C01	0.997225
6147071101_R07C01	0.998228
6147071101_R08C01	0.995665
6147071123_R01C01	0.997844
6147071123_R02C01	0.998315
6147071123_R03C01	0.997051
6147071123_R04C01	0.997495
6147071123_R05C01	0.997979
6147071123_R06C01	0.998405
6147071123_R07C01	0.998516
6147071123_R08C01	0.995522
6147071155_R01C01	0.997906
6147071155_R02C01	0.998091
6147071155_R03C01	0.996904
6147071155_R04C01	0.997215
6147071155_R06C01	0.998208
6147071155_R07C01	0.99695
6147071155_R08C01	0.99847
6147071157_R01C01	0.998049
6147071157_R02C01	0.998551
6147071157_R03C01	0.998659
6147071157_R04C01	0.998484
6147071157_R05C01	0.998627
6147071157_R06C01	0.998543
6147071157_R07C01	0.997751
6147071157_R08C01	0.998114
6160275010_R02C01	0.99701
6160275010_R03C01	0.997294
6160275010_R04C01	0.99675
6160275010_R05C01	0.997878
6160275010_R06C01	0.998497
6160275010_R07C01	0.998002
6160275010_R08C01	0.997631
6160275012_R02C01	0.998003
6160275012_R03C01	0.997095
6160275012_R04C01	0.997445
6160275012_R05C01	0.996842
6160275012_R06C01	0.997294
6160275012_R07C01	0.998339
6160275012_R08C01	0.999229
6160275019_R01C01	0.997935
6160275019_R02C01	0.997809
6160275019_R03C01	0.998776
6160275019_R04C01	0.998083
6160275019_R05C01	0.997515
6160275019_R06C01	0.997687
6160275019_R07C01	0.998126
6160275020_R01C01	0.99759
6160275020_R02C01	0.997421
6160275020_R03C01	0.998194
6160275020_R04C01	0.997817
6160275020_R05C01	0.998456
6160275020_R06C01	0.997626
6160275020_R07C01	0.998051
6160275020_R08C01	0.99849
6160275021_R01C01	0.996848
6160275021_R02C01	0.996848
6160275021_R03C01	0.998568
6160275021_R04C01	0.998021
6160275021_R05C01	0.997861
6160275021_R06C01	0.998563
6160275021_R07C01	0.998431
6160275021_R08C01	0.997174
6160275022_R01C01	0.997598
6160275022_R02C01	0.998498
6160275022_R03C01	0.998001
6160275022_R04C01	0.998336
6160275022_R05C01	0.99815
6160275022_R06C01	0.997624
6160275022_R07C01	0.998047
6160275022_R08C01	0.997938
6160275043_R01C01	0.998022
6160275043_R02C01	0.997539
6160275043_R03C01	0.998084
6160275043_R04C01	0.997805
6160275043_R05C01	0.997541
6160275043_R06C01	0.998268
6160275043_R08C01	0.994651
6160275044_R01C01	0.997246
6160275044_R02C01	0.998065
6160275044_R03C01	0.998661
6160275044_R04C01	0.997961
6160275044_R05C01	0.997718
6160275044_R06C01	0.997745
6160275044_R07C01	0.998069
6160275044_R08C01	0.997753
6160275046_R01C01	0.997696
6160275046_R02C01	0.99859
6160275046_R03C01	0.99753
6160275046_R05C01	0.992042
6160275046_R06C01	0.997689
6160275046_R07C01	0.99764
6160275058_R01C01	0.997562
6160275058_R02C01	0.99754
6160275058_R03C01	0.997152
6160275058_R04C01	0.997904
6160275058_R05C01	0.998034
6160275058_R06C01	0.997736
6160275058_R07C01	0.998111
6160275058_R08C01	0.998514
6160275059_R01C01	0.998635
6160275059_R02C01	0.998188
6160275059_R03C01	0.997823
6160275059_R04C01	0.998162
6160275059_R05C01	0.997721
6160275059_R06C01	0.998489
6160275059_R07C01	0.998166
6160275059_R08C01	0.997812
6160275060_R01C01	0.998112
6160275060_R02C01	0.997957
6160275060_R03C01	0.997963
6160275060_R04C01	0.998625
6160275060_R05C01	0.996724
6160275060_R06C01	0.998309
6160275060_R07C01	0.998051
6160275060_R08C01	0.999002
6160304032_R01C01	0.998375
6160304032_R02C01	0.997151
6160304032_R03C01	0.997382
6160304032_R04C01	0.998232
6160304032_R05C01	0.997922
6160304032_R07C01	0.99813
6160304032_R08C01	0.998422
6160304033_R01C01	0.998538
6160304033_R02C01	0.998527
6160304033_R03C01	0.997657
6160304033_R04C01	0.998132
6160304033_R05C01	0.994444
6160304033_R06C01	0.998193
6160304033_R07C01	0.998331
6160304033_R08C01	0.998424
6164663042_R01C01	0.993918
6164663042_R02C01	0.998064
6164663042_R03C01	0.998138
6164663042_R04C01	0.998689
6164663042_R05C01	0.998657
6164663042_R06C01	0.996777
6164663042_R07C01	0.998281
6164663042_R08C01	0.99817
6165295013_R01C01	0.998394
6165295013_R02C01	0.997705
6165295013_R03C01	0.998732
6165295013_R04C01	0.998481
6165295013_R06C01	0.997504
6165295019_R01C01	0.99668
6165295019_R02C01	0.997902
6165295019_R04C01	0.997407
6165295019_R05C01	0.997805
6165295019_R06C01	0.998219
6165295019_R07C01	0.997904
6165295019_R08C01	0.998329
6165295021_R01C01	0.990725
6165295021_R02C01	0.998085
6165295021_R03C01	0.998305
6165295021_R04C01	0.997925
6165295021_R05C01	0.998757
6165295021_R06C01	0.998403
6165295021_R07C01	0.998901
6165295021_R08C01	0.997387
6165295023_R01C01	0.995477
6165295023_R02C01	0.99536
6165295023_R03C01	0.998247
6165295023_R04C01	0.997374
6165295023_R05C01	0.99287
6165295023_R06C01	0.997841
6165295023_R07C01	0.998417
6165295023_R08C01	0.99846
6165295050_R01C01	0.998336
6165295050_R02C01	0.992159
6165295050_R03C01	0.99636
6165295050_R04C01	0.998438
6165295050_R05C01	0.998358
6165295050_R06C01	0.998504
6165295050_R07C01	0.997765
6165295050_R08C01	0.998164
6165295051_R01C01	0.995736
6165295051_R03C01	0.997221
6165295051_R04C01	0.998362
6165295051_R05C01	0.997312
6165295051_R07C01	0.996129
6165295051_R08C01	0.997412
6171492001_R02C01	0.989556
6171492001_R03C01	0.996894
6171492001_R05C01	0.99741
6171492001_R07C01	0.998328
6171492013_R02C01	0.997999
6171492013_R03C01	0.99764
6171492013_R04C01	0.998591
6171492013_R07C01	0.996869
6171492013_R08C01	0.998321
6171492015_R01C01	0.998293
6171492015_R02C01	0.996872
6171492015_R03C01	0.998585
6171492015_R04C01	0.997759
6171492015_R05C01	0.998143
6171492015_R06C01	0.998666
6171492015_R07C01	0.997526
6171492015_R08C01	0.998331
6171492016_R01C01	0.997183
6171492016_R02C01	0.998211
6171492016_R03C01	0.997163
6171492016_R04C01	0.996803
6171492016_R05C01	0.997888
6171492016_R06C01	0.997464
6171492016_R07C01	0.997589
6171492017_R02C01	0.997921
6171492017_R03C01	0.992509
6171492017_R04C01	0.998358
6171492017_R05C01	0.99749
6171492017_R06C01	0.997584
6171492017_R07C01	0.998167
6171492017_R08C01	0.996827
6171492025_R01C01	0.998306
6171492025_R02C01	0.998397
6171492025_R03C01	0.996933
6171492025_R04C01	0.994713
6171492025_R05C01	0.997747
6171492025_R06C01	0.997989
6171492025_R07C01	0.99771
6171492025_R08C01	0.99819
6171492029_R01C01	0.998277
6171492029_R02C01	0.998141
6171492029_R04C01	0.998549
6171492029_R05C01	0.998578
6171492029_R06C01	0.99851
6171492029_R08C01	0.998115
6171492039_R03C01	0.99795
6171492039_R04C01	0.9971
6171492039_R05C01	0.998259
6171492039_R06C01	0.987259
6171492039_R07C01	0.997668
6171492043_R02C01	0.998805
6171492043_R03C01	0.994509
6171492043_R04C01	0.997586
6171492043_R05C01	0.997841
6171492043_R06C01	0.997849
6171492043_R07C01	0.996185
6171492043_R08C01	0.997939
6171492045_R01C01	0.998277
6171492045_R02C01	0.996516
6171492045_R05C01	0.997956
6171492045_R08C01	0.997993
6171492048_R06C01	0.984628
6171492048_R08C01	0.975946
6171492049_R01C01	0.997875
6171492049_R02C01	0.997706
6171492049_R03C01	0.998038
6171492049_R04C01	0.993743
6171492049_R05C01	0.998319
6171492049_R06C01	0.998987
6171492049_R07C01	0.997439
6171492049_R08C01	0.997986
6171492050_R01C01	0.997754
6171492050_R02C01	0.998451
6171492050_R05C01	0.998
6171492050_R06C01	0.998422
6171492050_R07C01	0.998402
6171492050_R08C01	0.996366
6171492053_R01C01	0.997688
6171492053_R02C01	0.998716
6171492053_R03C01	0.997931
6171492053_R04C01	0.9973
6171492053_R05C01	0.998546
6171492053_R06C01	0.997383
6171492053_R07C01	0.998426
6171492053_R08C01	0.997734
6171492055_R01C01	0.998064
6171492055_R02C01	0.994906
6171492055_R03C01	0.998512
6171492055_R04C01	0.998617
6171492055_R06C01	0.998015
6171492055_R07C01	0.998118
6171492055_R08C01	0.997984
6171492056_R01C01	0.998498
6171492056_R02C01	0.998574
6171492056_R03C01	0.998326
6171492056_R04C01	0.998463
6171492056_R05C01	0.998255
6171492056_R08C01	0.996923
6171492059_R01C01	0.998776
6171492059_R02C01	0.998513
6171492059_R04C01	0.998591
6171492059_R05C01	0.997717
6171492059_R06C01	0.997857
6171492059_R07C01	0.997888
6171492059_R08C01	0.998018
6171492060_R01C01	0.997681
6171492060_R02C01	0.99772
6171492060_R03C01	0.994522
6171492060_R04C01	0.998159
6171492060_R05C01	0.998199
6171492060_R08C01	0.991706
6171492068_R01C01	0.998335
6171492068_R02C01	0.998199
6171492068_R03C01	0.997818
6171492068_R04C01	0.997128
6171492068_R05C01	0.99876
6171492068_R06C01	0.998289
6171492068_R08C01	0.998195
6171492069_R02C01	0.997067
6171492069_R06C01	0.9971
6171492069_R07C01	0.997659
6171492069_R08C01	0.997626
6171492072_R03C01	0.997713
6171492072_R04C01	0.997687
6171492072_R05C01	0.998252
6171492072_R06C01	0.996587
6171492072_R08C01	0.998097
6171492074_R01C01	0.998045
6171492074_R02C01	0.998062
6171492074_R03C01	0.998346
6171492074_R04C01	0.998603
6171492074_R05C01	0.998418
6171492074_R07C01	0.99825
6171492074_R08C01	0.998442
6171492075_R01C01	0.998059
6171492075_R03C01	0.997139
6171492075_R05C01	0.998347
6171492075_R06C01	0.975137
6171492075_R08C01	0.998073
6171492077_R01C01	0.996605
6171492077_R02C01	0.996952
6171492077_R03C01	0.9979
6171492077_R07C01	0.997863
6171492077_R08C01	0.99811
6171492078_R01C01	0.998402
6171492078_R02C01	0.998121
6171492078_R03C01	0.998335
6171492078_R05C01	0.997438
6171492078_R06C01	0.99727
6171492078_R07C01	0.998208
6171492078_R08C01	0.997365
6171492079_R01C01	0.997965
6171492079_R03C01	0.997691
6171492079_R04C01	0.998655
6171492079_R05C01	0.998032
6171492079_R06C01	0.997305
6171492079_R07C01	0.998046
6171492079_R08C01	0.983872
6171492084_R01C01	0.996415
6171492084_R02C01	0.998398
6171492084_R03C01	0.998572
6171492084_R04C01	0.997896
6171492084_R05C01	0.997453
6171492084_R06C01	0.997793
6171492084_R08C01	0.99818
6171492086_R02C01	0.997737
6171492086_R05C01	0.997608
6171492086_R06C01	0.997513
6171492086_R07C01	0.998067
6171492086_R08C01	0.998165
6171492090_R01C01	0.998584
6171492090_R02C01	0.996186
6171492090_R03C01	0.997928
6171492090_R05C01	0.997973
6171492090_R06C01	0.997937
6171492090_R07C01	0.997678
6171492090_R08C01	0.997879
6171492100_R01C01	0.996784
6171492100_R03C01	0.996823
6171492100_R04C01	0.987175
6171492100_R05C01	0.997234
6171492100_R08C01	0.996994
6172882004_R01C01	0.99797
6172882004_R02C01	0.998135
6172882004_R03C01	0.995865
6172882004_R06C01	0.989793
6172882004_R07C01	0.998429
6172882004_R08C01	0.99828
6172882009_R01C01	0.998683
6172882009_R02C01	0.997656
6172882009_R03C01	0.998491
6172882009_R04C01	0.997652
6172882009_R05C01	0.997171
6172882009_R06C01	0.997988
6172882009_R07C01	0.998825
6172882009_R08C01	0.997646
6172882050_R01C01	0.99769
6172882050_R02C01	0.998527
6172882050_R03C01	0.998637
6172882050_R04C01	0.996425
6172882050_R05C01	0.998636
6172882050_R06C01	0.99793
6172882050_R08C01	0.996366
6172882051_R01C01	0.998569
6172882051_R02C01	0.99792
6172882051_R04C01	0.997401
6172882051_R05C01	0.996715
6172882051_R06C01	0.998709
6172882051_R07C01	0.998445
6172882051_R08C01	0.998053
6186483013_R01C01	0.996135
6186483013_R02C01	0.997422
6186483013_R03C01	0.992505
6186483013_R04C01	0.998059
6186483013_R05C01	0.99736
6186483013_R06C01	0.998443
6186483013_R07C01	0.998584
6186483013_R08C01	0.997506
6186483032_R03C01	0.998362
6186483032_R04C01	0.997905
6186483032_R05C01	0.99835
6186483032_R06C01	0.997568
6186483032_R07C01	0.997942
6186483032_R08C01	0.993775
6186483043_R01C01	0.978404
6186483043_R04C01	0.989398
6186483043_R05C01	0.997973
6186483043_R06C01	0.997251
6186483043_R08C01	0.99713
6186483051_R01C01	0.998733
6186483051_R08C01	0.997498
6186483068_R01C01	0.994558
6186483068_R02C01	0.998604
6186483068_R03C01	0.997505
6186483090_R01C01	0.998356
6186483090_R02C01	0.998389
6186483090_R03C01	0.998615
6186483090_R04C01	0.998056
6186483090_R06C01	0.99765
6186483090_R07C01	0.998199
6186483090_R08C01	0.997584
6186483093_R02C01	0.983602
6186483093_R03C01	0.997316
6186483093_R05C01	0.998614
6186483093_R06C01	0.998221
6186483093_R08C01	0.998678
6186483099_R01C01	0.997583
6186483099_R03C01	0.997733
6186483099_R04C01	0.998025
6186483099_R05C01	0.996938
6186483099_R07C01	0.998019
6186483099_R08C01	0.998187
6186483101_R01C01	0.996323
6186483101_R02C01	0.996304
6186483101_R03C01	0.994372
6186483101_R04C01	0.99736
6186483101_R05C01	0.995107
6186483101_R06C01	0.991354
6186483101_R08C01	0.998189
6186483132_R01C01	0.984005
6247194011_R02C01	0.997746
6247194011_R03C01	0.998056
6247194011_R04C01	0.997882
6247194011_R05C01	0.997616
6247194011_R07C01	0.993507
6247194011_R08C01	0.997689
6247194028_R01C01	0.996558
6247194028_R02C01	0.993338
6247194028_R03C01	0.998022
6247194028_R04C01	0.997896
6247194028_R06C01	0.997957
6247194028_R07C01	0.997593
6247194028_R08C01	0.998697
6247194031_R01C01	0.995744
6247194031_R02C01	0.997606
6247194031_R03C01	0.998357
6247194031_R05C01	0.997747
6247194031_R06C01	0.998627
6247194031_R07C01	0.998047
6247194043_R02C01	0.998078
6247194043_R03C01	0.998141
6247194043_R04C01	0.997891
6247194043_R07C01	0.998073
6247194043_R08C01	0.998128
6247194064_R01C01	0.997095
6247194064_R03C01	0.998006
6247194064_R04C01	0.998001
6247194064_R05C01	0.997948
6247194064_R06C01	0.998699
6247194064_R07C01	0.998463
6247194064_R08C01	0.998905
6247194098_R01C01	0.99746
6247194098_R02C01	0.998037
6247194098_R03C01	0.997559
6247194098_R04C01	0.998747
6247194098_R05C01	0.997294
6247194098_R06C01	0.99879
6247194098_R07C01	0.998181
6247194098_R08C01	0.99894
6247194107_R03C01	0.995046
6247194107_R05C01	0.991515
6247194107_R07C01	0.9971
6247194115_R02C01	0.998473
6247194115_R04C01	0.993744
6247194115_R05C01	0.998022
6247194115_R06C01	0.997716
6247194115_R08C01	0.998071
6247194117_R02C01	0.997838
6247194117_R03C01	0.998844
6247194117_R04C01	0.994226
6247194117_R05C01	0.998017
6247194117_R07C01	0.998197
6247194117_R08C01	0.997339
6247194118_R05C01	0.997667
6247194118_R08C01	0.996576
6264533042_R07C01	0.998461
6264533048_R01C01	0.998207
6264533048_R03C01	0.998335
6264533048_R04C01	0.998582
6264533048_R05C01	0.995951
6264533048_R06C01	0.998105
6264533048_R07C01	0.997563
6264533048_R08C01	0.997639
6264533060_R03C01	0.996515
6264533060_R05C01	0.996166
6264533060_R06C01	0.996216
6264533060_R07C01	0.997488
6264533060_R08C01	0.997516
6264533086_R01C01	0.977522
6264533086_R03C01	0.997924
6264533086_R05C01	0.992814
6264550046_R02C01	0.997057
6264550046_R03C01	0.9961
6264550046_R04C01	0.99759
6264550046_R07C01	0.996787
