                      +-----------------------------+
                      |                             |
                      |   Eagle v2.4.1              |
                      |   November 18, 2018         |
                      |   Po-Ru Loh                 |
                      |                             |
                      +-----------------------------+

Copyright (C) 2015-2018 Harvard University.
Distributed under the GNU GPLv3+ open source license.

Command line options:

eagle \
    --vcfRef=/BIODATA/StudentsHome/kevine/GWAS/Git/GWAS/1000G/ALL.chr21.phase3_integrated.20130502.genotypes.bcf \
    --vcfTarget=qc-camgwas-updated.vcf.gz \
    --geneticMapFile=tables/genetic_map_hg19_withX.txt.gz \
    --outPrefix=chr21-phased_wref \
    --chrom=21 \
    --pbwtIters=10 \
    --numThreads=90 \
    --Kpbwt=50000 \
    --vcfOutFormat=z 

Setting number of threads to 90
[W::bcf_hdr_check_sanity] PL should be declared as Number=G

Reference samples: Nref = 2504
Target samples: Ntarget = 1185
SNPs to analyze: M = 22181 SNPs in both target and reference

SNPs ignored: 0 SNPs in target but not reference
              634469 SNPs in reference but not target
              0 multi-allelic SNPs in target

Missing rate in target genotypes: 0.00470331

Filling in genetic map coordinates using reference file:
  tables/genetic_map_hg19_withX.txt.gz
Physical distance range: 37218165 base pairs
Genetic distance range:  64.6287 cM
Average # SNPs per cM:   343
Number of <=(64-SNP, 1cM) segments: 348
Average # SNPs per segment: 63

Time for reading input: 18.7741 sec

Fraction of heterozygous genotypes: 0.261462
Typical span of default 100-het history length: 1.11 cM
Setting --histFactor=1.00

BEGINNING PHASING

PHASING ITER 1 OF 10


Phasing target samples
................................................................................
Time for phasing iter 1: 201.785

PHASING ITER 2 OF 10


Phasing target samples
................................................................................
Time for phasing iter 2: 200.371

PHASING ITER 3 OF 10


Phasing target samples
................................................................................
Time for phasing iter 3: 189.445

PHASING ITER 4 OF 10


Phasing target samples
................................................................................
Time for phasing iter 4: 186.565

PHASING ITER 5 OF 10


Phasing target samples
................................................................................
Time for phasing iter 5: 188.812

PHASING ITER 6 OF 10


Phasing target samples
................................................................................
Time for phasing iter 6: 183.215

PHASING ITER 7 OF 10


Phasing target samples
................................................................................
Time for phasing iter 7: 187.743

PHASING ITER 8 OF 10


Phasing target samples
................................................................................
Time for phasing iter 8: 185.805

PHASING ITER 9 OF 10


Phasing target samples
................................................................................
Time for phasing iter 9: 185.784

PHASING ITER 10 OF 10


Phasing target samples
................................................................................
Time for phasing iter 10: 299.789
Writing vcf.gz output to chr21-phased_wref.vcf.gz
Time for writing output: 3.46258
Total elapsed time for analysis = 2031.59 sec

Mean phase confidence of each target individual:
ID	PHASE_CONFIDENCE
6042341077_R01C01	0.998426
6042341077_R03C01	0.997436
6042341077_R04C01	0.994206
6042341077_R05C01	0.997119
6042341077_R06C01	0.996978
6042341077_R07C01	0.996627
6042341089_R01C01	0.998987
6042341089_R02C01	0.996847
6042341089_R03C01	0.997593
6042341089_R04C01	0.993912
6042341089_R05C01	0.996461
6042341089_R06C01	0.995788
6042341089_R07C01	0.995655
6042341089_R08C01	0.998381
6042341090_R01C01	0.996568
6042341090_R02C01	0.997199
6042341090_R03C01	0.996785
6042341090_R04C01	0.997716
6042341090_R05C01	0.99673
6042341090_R06C01	0.997064
6042341090_R07C01	0.994788
6042341090_R08C01	0.996229
6042341099_R01C01	0.997645
6042341099_R02C01	0.997484
6042341099_R03C01	0.997146
6042341099_R04C01	0.99618
6042341099_R05C01	0.998369
6042341099_R06C01	0.990475
6042341099_R07C01	0.995907
6042341099_R08C01	0.995669
6042341154_R06C01	0.99593
6042341154_R07C01	0.997627
6042341154_R08C01	0.997897
6042341162_R01C01	0.998611
6042341162_R02C01	0.996951
6042341162_R03C01	0.997561
6042341162_R04C01	0.997654
6042341162_R05C01	0.99776
6042341162_R06C01	0.997556
6042341162_R07C01	0.996806
6042341162_R08C01	0.997399
6042359084_R01C01	0.997
6042359084_R02C01	0.997262
6042359084_R03C01	0.997717
6042359084_R04C01	0.996256
6042359084_R05C01	0.995257
6042359084_R06C01	0.997446
6042359084_R07C01	0.99624
6042359084_R08C01	0.996868
6042375002_R01C01	0.995491
6042375002_R02C01	0.996779
6042375002_R03C01	0.998457
6042375002_R04C01	0.996798
6042375002_R05C01	0.997756
6042375002_R06C01	0.995916
6042375002_R07C01	0.997751
6042375002_R08C01	0.996684
6042375003_R01C01	0.999638
6042375003_R02C01	0.997552
6042375003_R03C01	0.997414
6042375003_R04C01	0.995314
6042375003_R05C01	0.998236
6042375003_R06C01	0.998691
6042375003_R07C01	0.997893
6042375003_R08C01	0.998788
6042375012_R01C01	0.998004
6042375012_R02C01	0.997533
6042375012_R03C01	0.996071
6042375012_R04C01	0.99777
6042375012_R05C01	0.997613
6042375012_R06C01	0.996944
6042375013_R01C01	0.996543
6042375013_R02C01	0.996896
6042375013_R03C01	0.997583
6042375013_R04C01	0.99763
6042375013_R05C01	0.996031
6042375013_R06C01	0.998124
6042375013_R07C01	0.997463
6042375013_R08C01	0.996292
6042375014_R01C01	0.997585
6042375014_R02C01	0.997329
6042375014_R03C01	0.997255
6042375014_R04C01	0.9973
6042375014_R05C01	0.996511
6042375014_R06C01	0.995977
6042375014_R08C01	0.998254
6042375022_R01C01	0.996724
6042375022_R02C01	0.997459
6042375022_R03C01	0.995761
6042375022_R04C01	0.997887
6042375022_R05C01	0.99563
6042375022_R06C01	0.996322
6042375022_R07C01	0.995987
6042375023_R01C01	0.998076
6042375023_R02C01	0.997157
6042375023_R03C01	0.997563
6042375023_R04C01	0.996683
6042375023_R05C01	0.995493
6042375023_R06C01	0.997388
6042375023_R07C01	0.99558
6042375023_R08C01	0.997053
6042375024_R01C01	0.996285
6042375024_R02C01	0.99434
6042375024_R03C01	0.996904
6042375024_R04C01	0.99584
6042375024_R05C01	0.997904
6042375024_R06C01	0.995127
6042375024_R07C01	0.993405
6042375024_R08C01	0.997787
6042375025_R01C01	0.995784
6042375025_R02C01	0.998123
6042375025_R03C01	0.998121
6042375025_R04C01	0.997152
6042375025_R05C01	0.99881
6042375025_R06C01	0.996264
6042375025_R07C01	0.997487
6042375025_R08C01	0.996372
6042375029_R01C01	0.997592
6042375029_R02C01	0.997898
6042375029_R03C01	0.997388
6042375029_R04C01	0.997373
6042375029_R05C01	0.998391
6042375029_R06C01	0.997202
6042375029_R07C01	0.999014
6042375029_R08C01	0.996128
6042375043_R01C01	0.996881
6042375043_R02C01	0.996984
6042375043_R04C01	0.997382
6042375043_R05C01	0.997092
6042375043_R07C01	0.995762
6042375043_R08C01	0.997775
6042375044_R01C01	0.995285
6042375044_R02C01	0.997776
6042375044_R03C01	0.997463
6042375044_R05C01	0.996699
6042375044_R06C01	0.995244
6042375044_R07C01	0.998199
6042375044_R08C01	0.996187
6042375045_R02C01	0.995429
6042375045_R03C01	0.996171
6042375045_R04C01	0.988982
6042375045_R05C01	0.99679
6042375045_R06C01	0.99687
6042375045_R07C01	0.99735
6042375045_R08C01	0.996989
6042375053_R01C01	0.996751
6042375053_R02C01	0.997529
6042375053_R03C01	0.998088
6042375053_R04C01	0.99598
6042375053_R05C01	0.996807
6042375053_R06C01	0.998106
6042375053_R07C01	0.996676
6042375053_R08C01	0.995127
6042375080_R01C01	0.997834
6042375080_R02C01	0.997182
6042375080_R03C01	0.998236
6042375080_R04C01	0.998659
6042375080_R05C01	0.997819
6042375080_R06C01	0.99606
6042375080_R07C01	0.998569
6042375080_R08C01	0.997977
6042375085_R01C01	0.996855
6042375085_R02C01	0.996403
6042375085_R03C01	0.994487
6042375085_R04C01	0.998182
6042375085_R05C01	0.996743
6042375085_R06C01	0.997346
6042375085_R07C01	0.995929
6042375085_R08C01	0.995722
6042375100_R01C01	0.994247
6042375100_R02C01	0.997883
6042375100_R04C01	0.996827
6042375100_R05C01	0.996219
6042375100_R06C01	0.997727
6042375100_R07C01	0.99781
6042375100_R08C01	0.99852
6042375101_R01C01	0.997176
6042375101_R02C01	0.994293
6042375101_R03C01	0.998352
6042375101_R04C01	0.996053
6042375101_R05C01	0.996928
6042375101_R06C01	0.991705
6042375101_R07C01	0.997442
6042375101_R08C01	0.997037
6042375104_R01C01	0.997182
6042375104_R02C01	0.993785
6042375104_R03C01	0.995598
6042375104_R04C01	0.996732
6042375104_R06C01	0.997057
6042375104_R08C01	0.997692
6042375137_R01C01	0.996577
6042375137_R02C01	0.999202
6042375137_R03C01	0.994865
6042375137_R05C01	0.992806
6042375137_R06C01	0.996345
6042375137_R07C01	0.998135
6042375137_R08C01	0.997592
6042375138_R01C01	0.99785
6042375138_R02C01	0.998163
6042375138_R03C01	0.99584
6042375138_R04C01	0.994036
6042375138_R05C01	0.99813
6042375138_R06C01	0.988404
6042375138_R07C01	0.997551
6042375138_R08C01	0.996763
6042375146_R01C01	0.997783
6042375146_R02C01	0.997532
6042375146_R03C01	0.996799
6042375146_R04C01	0.994077
6042375146_R05C01	0.997452
6042375146_R06C01	0.997357
6042375146_R07C01	0.99828
6042375146_R08C01	0.997933
6130471012_R01C01	0.997736
6130471012_R02C01	0.995972
6130471012_R03C01	0.991203
6130471012_R04C01	0.995991
6130471012_R05C01	0.998304
6130471012_R06C01	0.994526
6130471012_R07C01	0.998759
6130471012_R08C01	0.997887
6130471070_R01C01	0.997626
6130471070_R02C01	0.991628
6130471070_R03C01	0.997662
6130471070_R04C01	0.997716
6130471070_R05C01	0.996119
6130471070_R06C01	0.99614
6130471070_R07C01	0.996219
6130471070_R08C01	0.996148
6130471071_R01C01	0.996445
6130471071_R02C01	0.995867
6130471071_R03C01	0.996286
6130471071_R05C01	0.994986
6130471071_R06C01	0.994324
6130471071_R07C01	0.996899
6130471110_R01C01	0.999015
6130471110_R02C01	0.996104
6130471110_R04C01	0.997559
6130471110_R05C01	0.992704
6130471110_R06C01	0.998843
6130471110_R07C01	0.99678
6130471110_R08C01	0.992809
6130471129_R01C01	0.995562
6130471129_R02C01	0.997407
6130471129_R03C01	0.996673
6130471129_R04C01	0.995924
6130471129_R05C01	0.994061
6130471129_R06C01	0.997659
6130471129_R07C01	0.993891
6130471129_R08C01	0.996047
6135563011_R01C01	0.996417
6135563011_R02C01	0.99704
6135563011_R03C01	0.997013
6135563011_R04C01	0.996834
6135563011_R06C01	0.996736
6135563011_R07C01	0.996814
6135563011_R08C01	0.99593
6135563012_R02C01	0.997722
6135563012_R04C01	0.994366
6135563012_R05C01	0.995929
6135563012_R06C01	0.997216
6135563012_R07C01	0.995552
6135563012_R08C01	0.993048
6135563014_R02C01	0.999344
6135563014_R03C01	0.998399
6135563014_R04C01	0.997713
6135563014_R05C01	0.997917
6135563014_R06C01	0.99685
6135563014_R07C01	0.99657
6135563014_R08C01	0.997567
6135563015_R02C01	0.995345
6135563015_R04C01	0.996355
6135563015_R05C01	0.997724
6135563015_R06C01	0.997415
6135563015_R07C01	0.995861
6135563015_R08C01	0.997961
6135563041_R01C01	0.99814
6135563041_R03C01	0.997639
6135563041_R04C01	0.997589
6135563041_R05C01	0.99629
6135563041_R06C01	0.998693
6135571025_R01C01	0.992797
6135571025_R03C01	0.996161
6135571025_R04C01	0.997494
6135571025_R07C01	0.997447
6135571025_R08C01	0.996897
6135580001_R01C01	0.99642
6135580001_R02C01	0.996786
6135580001_R03C01	0.997045
6135580001_R04C01	0.997145
6135580001_R05C01	0.995905
6135580001_R06C01	0.997587
6135580001_R07C01	0.99786
6135580001_R08C01	0.99602
6135580011_R01C01	0.998364
6135580011_R02C01	0.997108
6135580011_R03C01	0.996399
6135580011_R04C01	0.99585
6135580011_R05C01	0.997611
6135580011_R07C01	0.997835
6135580011_R08C01	0.997253
6135580017_R01C01	0.997131
6135580017_R02C01	0.997948
6135580017_R03C01	0.997814
6135580017_R04C01	0.995338
6135580017_R05C01	0.998624
6135580017_R06C01	0.997398
6135580017_R07C01	0.998277
6135580017_R08C01	0.998034
6135580027_R01C01	0.996661
6135580027_R02C01	0.994356
6135580027_R03C01	0.996979
6135580027_R04C01	0.998397
6135580027_R05C01	0.996477
6135580027_R06C01	0.997078
6135580027_R07C01	0.9984
6135580027_R08C01	0.998141
6135580057_R01C01	0.996048
6135580057_R02C01	0.997767
6135580057_R03C01	0.997531
6135580057_R04C01	0.997203
6135580057_R05C01	0.997346
6135580057_R06C01	0.997339
6135580057_R07C01	0.995319
6135580057_R08C01	0.997702
6135580073_R01C01	0.998447
6135580073_R03C01	0.997503
6135580073_R04C01	0.994915
6135580073_R05C01	0.99669
6135580073_R06C01	0.998408
6135580073_R07C01	0.997172
6135580073_R08C01	0.997844
6135580082_R01C01	0.998061
6135580082_R02C01	0.996909
6135580082_R03C01	0.997069
6135580082_R04C01	0.99706
6135580082_R06C01	0.995353
6135580082_R07C01	0.997416
6135580082_R08C01	0.998773
6135580098_R01C01	0.996456
6135580098_R02C01	0.999009
6135580098_R04C01	0.997139
6135580098_R05C01	0.996887
6135580098_R06C01	0.996291
6135580098_R07C01	0.996857
6135580098_R08C01	0.996953
6135580116_R02C01	0.993782
6135580116_R03C01	0.997756
6135580116_R05C01	0.996303
6135580116_R06C01	0.996792
6135580116_R08C01	0.996743
6135580117_R02C01	0.99322
6135580117_R03C01	0.996056
6135580117_R04C01	0.996567
6135580117_R05C01	0.998841
6135580117_R06C01	0.997314
6135580118_R01C01	0.99623
6135580118_R02C01	0.995978
6135580118_R04C01	0.996008
6135580118_R05C01	0.996584
6135580118_R06C01	0.997269
6135580118_R08C01	0.994279
6135580123_R02C01	0.997781
6135580123_R04C01	0.996813
6135580123_R05C01	0.99581
6135580123_R07C01	0.98889
6135580123_R08C01	0.994974
6135580144_R01C01	0.9976
6135580144_R08C01	0.995811
6135580145_R06C01	0.99833
6135580145_R08C01	0.992105
6135601008_R01C01	0.997623
6135601008_R02C01	0.991507
6135601008_R03C01	0.99693
6135601008_R04C01	0.996976
6135601008_R06C01	0.998585
6135601008_R07C01	0.996782
6135601008_R08C01	0.997918
6135601009_R01C01	0.998468
6135601009_R02C01	0.996202
6135601009_R03C01	0.998105
6135601009_R04C01	0.997803
6135601009_R05C01	0.997124
6135601009_R06C01	0.997861
6135601009_R07C01	0.997487
6135601009_R08C01	0.9971
6135601012_R04C01	0.997464
6135601012_R05C01	0.99879
6135601012_R06C01	0.997965
6135601012_R07C01	0.991727
6135601018_R03C01	0.996385
6135601018_R05C01	0.998349
6135601018_R07C01	0.986378
6135601018_R08C01	0.993352
6135601027_R03C01	0.997535
6135601027_R04C01	0.996449
6135601027_R05C01	0.996506
6135601027_R07C01	0.996165
6135601034_R01C01	0.999371
6135601034_R02C01	0.996045
6135601034_R03C01	0.996595
6135601034_R04C01	0.997482
6135601034_R06C01	0.996786
6135601045_R01C01	0.998626
6135601045_R02C01	0.996667
6135601045_R03C01	0.996355
6135601045_R04C01	0.997997
6135601045_R05C01	0.995834
6135601045_R07C01	0.99856
6135601045_R08C01	0.997105
6135601049_R01C01	0.998057
6135601049_R02C01	0.995647
6135601049_R03C01	0.99555
6135601049_R05C01	0.989167
6135601049_R06C01	0.99881
6135601049_R07C01	0.997355
6135601049_R08C01	0.997074
6135601060_R01C01	0.992958
6135601060_R03C01	0.997517
6135601060_R04C01	0.980256
6135601060_R05C01	0.994878
6135601060_R06C01	0.995472
6135601066_R01C01	0.997592
6135601066_R02C01	0.994294
6135601066_R03C01	0.997657
6135601066_R04C01	0.994832
6135601066_R05C01	0.99417
6135601066_R06C01	0.996217
6135601066_R07C01	0.99697
6135601066_R08C01	0.999199
6135601080_R01C01	0.995613
6135601080_R02C01	0.994424
6135601080_R03C01	0.997551
6135601080_R07C01	0.996298
6135601080_R08C01	0.997902
6135601081_R01C01	0.997354
6135601081_R02C01	0.996841
6135601081_R03C01	0.997452
6135601081_R04C01	0.99685
6135601081_R05C01	0.997177
6135601081_R07C01	0.996197
6135601081_R08C01	0.995893
6135601082_R02C01	0.998283
6135601082_R03C01	0.996663
6135601082_R04C01	0.997108
6135601082_R05C01	0.994885
6135601082_R06C01	0.993911
6135601082_R07C01	0.998455
6135601082_R08C01	0.997191
6135601086_R01C01	0.996189
6135601086_R03C01	0.997307
6135601086_R04C01	0.997135
6135601086_R05C01	0.994162
6135601086_R07C01	0.995186
6135601094_R05C01	0.996017
6135601094_R06C01	0.989908
6135601108_R01C01	0.998158
6135601108_R02C01	0.99774
6135601108_R03C01	0.997724
6135601108_R04C01	0.997275
6135601108_R05C01	0.99758
6135601108_R06C01	0.996982
6135601108_R07C01	0.996673
6135601108_R08C01	0.997182
6135601115_R02C01	0.997556
6135601115_R04C01	0.996303
6135601115_R06C01	0.99671
6135601115_R07C01	0.998648
6135601115_R08C01	0.997136
6135601116_R01C01	0.992341
6135601116_R02C01	0.995888
6135601116_R05C01	0.99727
6135601116_R07C01	0.997641
6135601116_R08C01	0.998093
6135601117_R01C01	0.993482
6135601117_R05C01	0.998032
6135601117_R06C01	0.993392
6135601117_R07C01	0.998549
6135601117_R08C01	0.997223
6135601120_R03C01	0.99569
6135601120_R04C01	0.997387
6135601120_R06C01	0.997657
6135601120_R07C01	0.995843
6135601120_R08C01	0.998301
6135601124_R01C01	0.998252
6135601124_R02C01	0.997314
6135601124_R03C01	0.998165
6135601124_R04C01	0.995819
6135601124_R05C01	0.995947
6135601124_R06C01	0.997029
6135601124_R07C01	0.995596
6135601124_R08C01	0.997355
6135601130_R01C01	0.998468
6135601130_R02C01	0.990161
6135601130_R03C01	0.998478
6135601130_R04C01	0.99782
6135601130_R05C01	0.998559
6135601130_R06C01	0.998712
6135601130_R07C01	0.998367
6135601130_R08C01	0.998415
6135601149_R01C01	0.993844
6135601149_R02C01	0.996905
6135601149_R06C01	0.992892
6135601149_R08C01	0.99499
6135601151_R01C01	0.99697
6135601151_R02C01	0.995253
6135601151_R03C01	0.998184
6135601151_R04C01	0.996976
6135601151_R05C01	0.998235
6135601151_R06C01	0.997398
6135601151_R07C01	0.996374
6135601151_R08C01	0.996951
6135601153_R03C01	0.997391
6135601153_R05C01	0.997234
6135601153_R06C01	0.990615
6135601153_R07C01	0.995564
6135601153_R08C01	0.996729
6135601156_R01C01	0.997284
6135601156_R02C01	0.99775
6135601156_R03C01	0.997569
6135601156_R04C01	0.996165
6135601156_R05C01	0.996879
6135601156_R06C01	0.997969
6135601156_R08C01	0.997731
6135601162_R01C01	0.994529
6135601162_R02C01	0.995183
6135601162_R04C01	0.998084
6135601162_R05C01	0.995654
6135601162_R06C01	0.995372
6135601162_R07C01	0.996017
6135601162_R08C01	0.995698
6135601167_R02C01	0.998228
6135601167_R03C01	0.995659
6135601167_R04C01	0.996803
6135601167_R05C01	0.994089
6135601167_R06C01	0.997232
6135601167_R07C01	0.995141
6147054060_R01C01	0.995798
6147054060_R02C01	0.997606
6147054060_R03C01	0.997851
6147054060_R04C01	0.998673
6147054060_R05C01	0.995118
6147054060_R07C01	0.996157
6147054060_R08C01	0.999106
6147054122_R01C01	0.996589
6147054122_R02C01	0.995721
6147054122_R03C01	0.997134
6147054122_R04C01	0.996768
6147054122_R05C01	0.998801
6147054122_R06C01	0.996823
6147054122_R07C01	0.996835
6147054122_R08C01	0.997698
6147054149_R01C01	0.995197
6147054149_R02C01	0.999311
6147054149_R07C01	0.996766
6147054149_R08C01	0.998314
6147054150_R01C01	0.996588
6147054150_R02C01	0.996959
6147054150_R03C01	0.99926
6147054150_R04C01	0.998002
6147054150_R05C01	0.997238
6147054150_R06C01	0.99799
6147054150_R07C01	0.996684
6147054150_R08C01	0.996572
6147062005_R03C01	0.997834
6147062005_R04C01	0.998148
6147062005_R06C01	0.995725
6147062005_R07C01	0.996217
6147062010_R01C01	0.997086
6147062010_R02C01	0.997884
6147062010_R03C01	0.996785
6147062010_R04C01	0.996141
6147062010_R05C01	0.998263
6147062010_R06C01	0.998291
6147062010_R07C01	0.99818
6147062010_R08C01	0.997343
6147062028_R03C01	0.996775
6147062037_R01C01	0.997658
6147062037_R02C01	0.993284
6147062037_R03C01	0.997093
6147062037_R04C01	0.99762
6147062037_R05C01	0.997015
6147062037_R06C01	0.99724
6147062037_R07C01	0.996657
6147062055_R01C01	0.996194
6147062055_R02C01	0.997041
6147062055_R04C01	0.996955
6147062055_R07C01	0.998186
6147062055_R08C01	0.998228
6147062102_R01C01	0.997732
6147062102_R02C01	0.996755
6147062102_R03C01	0.997557
6147062102_R04C01	0.998138
6147062102_R05C01	0.998078
6147062102_R06C01	0.997493
6147062133_R01C01	0.995137
6147062133_R02C01	0.997377
6147062133_R03C01	0.996597
6147062133_R05C01	0.997432
6147062133_R06C01	0.997606
6147062134_R01C01	0.99711
6147062134_R02C01	0.997504
6147062134_R03C01	0.997692
6147062134_R06C01	0.994544
6147062134_R07C01	0.997206
6147062134_R08C01	0.997163
6147062135_R01C01	0.997376
6147062135_R02C01	0.996633
6147062135_R04C01	0.997127
6147062135_R05C01	0.997952
6147062135_R06C01	0.993723
6147062135_R08C01	0.997243
6147062147_R01C01	0.992576
6147062147_R03C01	0.997415
6147062147_R04C01	0.997338
6147062147_R05C01	0.997874
6147062147_R06C01	0.997235
6147062147_R07C01	0.995736
6147062147_R08C01	0.995632
6147062162_R01C01	0.996347
6147062162_R03C01	0.997935
6147062162_R05C01	0.996315
6147062162_R06C01	0.995943
6147062162_R07C01	0.997171
6147062167_R02C01	0.997499
6147062167_R03C01	0.99656
6147062167_R04C01	0.995615
6147062167_R05C01	0.997277
6147062167_R06C01	0.993409
6147062167_R08C01	0.995267
6147071002_R01C01	0.998135
6147071002_R02C01	0.988765
6147071002_R03C01	0.996821
6147071002_R05C01	0.99519
6147071002_R06C01	0.99778
6147071002_R07C01	0.998118
6147071002_R08C01	0.997714
6147071043_R03C01	0.997612
6147071043_R05C01	0.996457
6147071043_R08C01	0.997575
6147071044_R01C01	0.997644
6147071044_R02C01	0.996135
6147071044_R03C01	0.994292
6147071044_R04C01	0.996875
6147071044_R06C01	0.996474
6147071044_R07C01	0.995359
6147071044_R08C01	0.996229
6147071047_R01C01	0.997009
6147071047_R02C01	0.996412
6147071047_R05C01	0.994617
6147071047_R06C01	0.997673
6147071047_R07C01	0.996342
6147071047_R08C01	0.993263
6147071059_R02C01	0.994766
6147071059_R03C01	0.99635
6147071059_R04C01	0.994222
6147071059_R07C01	0.997614
6147071059_R08C01	0.995335
6147071060_R02C01	0.996986
6147071060_R03C01	0.997257
6147071060_R04C01	0.995427
6147071060_R05C01	0.996227
6147071060_R06C01	0.997804
6147071060_R07C01	0.996699
6147071060_R08C01	0.992111
6147071101_R01C01	0.998638
6147071101_R02C01	0.996038
6147071101_R04C01	0.997219
6147071101_R05C01	0.996937
6147071101_R06C01	0.995596
6147071101_R07C01	0.998649
6147071101_R08C01	0.992733
6147071123_R01C01	0.996269
6147071123_R02C01	0.997323
6147071123_R03C01	0.995447
6147071123_R04C01	0.995921
6147071123_R05C01	0.997949
6147071123_R06C01	0.998201
6147071123_R07C01	0.997467
6147071123_R08C01	0.991661
6147071155_R01C01	0.997187
6147071155_R02C01	0.996738
6147071155_R03C01	0.994788
6147071155_R04C01	0.996511
6147071155_R06C01	0.996998
6147071155_R07C01	0.997968
6147071155_R08C01	0.996572
6147071157_R01C01	0.997929
6147071157_R02C01	0.997984
6147071157_R03C01	0.997388
6147071157_R04C01	0.997502
6147071157_R05C01	0.997667
6147071157_R06C01	0.99759
6147071157_R07C01	0.995499
6147071157_R08C01	0.997616
6160275010_R02C01	0.996383
6160275010_R03C01	0.9971
6160275010_R04C01	0.994446
6160275010_R05C01	0.995499
6160275010_R06C01	0.997896
6160275010_R07C01	0.997043
6160275010_R08C01	0.996616
6160275012_R02C01	0.997228
6160275012_R03C01	0.996474
6160275012_R04C01	0.99785
6160275012_R05C01	0.995707
6160275012_R06C01	0.996759
6160275012_R07C01	0.997063
6160275012_R08C01	0.998394
6160275019_R01C01	0.99715
6160275019_R02C01	0.997512
6160275019_R03C01	0.996322
6160275019_R04C01	0.997593
6160275019_R05C01	0.995619
6160275019_R06C01	0.996435
6160275019_R07C01	0.996382
6160275020_R01C01	0.997319
6160275020_R02C01	0.996072
6160275020_R03C01	0.998007
6160275020_R04C01	0.997101
6160275020_R05C01	0.997927
6160275020_R06C01	0.995754
6160275020_R07C01	0.996785
6160275020_R08C01	0.996634
6160275021_R01C01	0.998307
6160275021_R02C01	0.995281
6160275021_R03C01	0.997156
6160275021_R04C01	0.997753
6160275021_R05C01	0.996117
6160275021_R06C01	0.996825
6160275021_R07C01	0.996848
6160275021_R08C01	0.997688
6160275022_R01C01	0.996223
6160275022_R02C01	0.996054
6160275022_R03C01	0.99727
6160275022_R04C01	0.997302
6160275022_R05C01	0.997117
6160275022_R06C01	0.997678
6160275022_R07C01	0.996997
6160275022_R08C01	0.996522
6160275043_R01C01	0.995362
6160275043_R02C01	0.997775
6160275043_R03C01	0.996848
6160275043_R04C01	0.996984
6160275043_R05C01	0.995553
6160275043_R06C01	0.996074
6160275043_R08C01	0.99557
6160275044_R01C01	0.99676
6160275044_R02C01	0.996265
6160275044_R03C01	0.996722
6160275044_R04C01	0.996745
6160275044_R05C01	0.997651
6160275044_R06C01	0.99661
6160275044_R07C01	0.998457
6160275044_R08C01	0.996161
6160275046_R01C01	0.994834
6160275046_R02C01	0.997449
6160275046_R03C01	0.995864
6160275046_R05C01	0.992913
6160275046_R06C01	0.997473
6160275046_R07C01	0.995975
6160275058_R01C01	0.997971
6160275058_R02C01	0.996913
6160275058_R03C01	0.997699
6160275058_R04C01	0.997113
6160275058_R05C01	0.996822
6160275058_R06C01	0.995819
6160275058_R07C01	0.997595
6160275058_R08C01	0.998191
6160275059_R01C01	0.997351
6160275059_R02C01	0.996772
6160275059_R03C01	0.996201
6160275059_R04C01	0.995051
6160275059_R05C01	0.998174
6160275059_R06C01	0.997544
6160275059_R07C01	0.997266
6160275059_R08C01	0.995885
6160275060_R01C01	0.997369
6160275060_R02C01	0.997849
6160275060_R03C01	0.997122
6160275060_R04C01	0.997528
6160275060_R05C01	0.994867
6160275060_R06C01	0.997441
6160275060_R07C01	0.995632
6160275060_R08C01	0.998676
6160304032_R01C01	0.997692
6160304032_R02C01	0.99378
6160304032_R03C01	0.994781
6160304032_R04C01	0.997633
6160304032_R05C01	0.997169
6160304032_R07C01	0.998489
6160304032_R08C01	0.994508
6160304033_R01C01	0.998456
6160304033_R02C01	0.996622
6160304033_R03C01	0.997136
6160304033_R04C01	0.997153
6160304033_R05C01	0.994132
6160304033_R06C01	0.997806
6160304033_R07C01	0.996136
6160304033_R08C01	0.996351
6164663042_R01C01	0.988328
6164663042_R02C01	0.997517
6164663042_R03C01	0.996189
6164663042_R04C01	0.998697
6164663042_R05C01	0.997413
6164663042_R06C01	0.993243
6164663042_R07C01	0.996256
6164663042_R08C01	0.996717
6165295013_R01C01	0.997852
6165295013_R02C01	0.995829
6165295013_R03C01	0.997289
6165295013_R04C01	0.999417
6165295013_R06C01	0.995346
6165295019_R01C01	0.996747
6165295019_R02C01	0.995658
6165295019_R04C01	0.995079
6165295019_R05C01	0.996269
6165295019_R06C01	0.99575
6165295019_R07C01	0.995861
6165295019_R08C01	0.997401
6165295021_R01C01	0.986783
6165295021_R02C01	0.995647
6165295021_R03C01	0.998362
6165295021_R04C01	0.99685
6165295021_R05C01	0.997299
6165295021_R06C01	0.998795
6165295021_R07C01	0.997122
6165295021_R08C01	0.996918
6165295023_R01C01	0.99438
6165295023_R02C01	0.993563
6165295023_R03C01	0.997381
6165295023_R04C01	0.997072
6165295023_R05C01	0.992196
6165295023_R06C01	0.99754
6165295023_R07C01	0.998568
6165295023_R08C01	0.998512
6165295050_R01C01	0.99645
6165295050_R02C01	0.989369
6165295050_R03C01	0.995174
6165295050_R04C01	0.997095
6165295050_R05C01	0.998847
6165295050_R06C01	0.998462
6165295050_R07C01	0.996061
6165295050_R08C01	0.997889
6165295051_R01C01	0.994383
6165295051_R03C01	0.994782
6165295051_R04C01	0.997326
6165295051_R05C01	0.994717
6165295051_R07C01	0.993252
6165295051_R08C01	0.994476
6171492001_R02C01	0.991033
6171492001_R03C01	0.994995
6171492001_R05C01	0.996125
6171492001_R07C01	0.996355
6171492013_R02C01	0.996632
6171492013_R03C01	0.997127
6171492013_R04C01	0.997265
6171492013_R07C01	0.995478
6171492013_R08C01	0.997953
6171492015_R01C01	0.997195
6171492015_R02C01	0.993835
6171492015_R03C01	0.997733
6171492015_R04C01	0.998116
6171492015_R05C01	0.996627
6171492015_R06C01	0.997177
6171492015_R07C01	0.99598
6171492015_R08C01	0.998982
6171492016_R01C01	0.996857
6171492016_R02C01	0.996713
6171492016_R03C01	0.996225
6171492016_R04C01	0.995549
6171492016_R05C01	0.9978
6171492016_R06C01	0.995695
6171492016_R07C01	0.996545
6171492017_R02C01	0.996699
6171492017_R03C01	0.992752
6171492017_R04C01	0.996864
6171492017_R05C01	0.997849
6171492017_R06C01	0.997166
6171492017_R07C01	0.997121
6171492017_R08C01	0.994071
6171492025_R01C01	0.99757
6171492025_R02C01	0.996892
6171492025_R03C01	0.995524
6171492025_R04C01	0.990339
6171492025_R05C01	0.997351
6171492025_R06C01	0.998
6171492025_R07C01	0.996137
6171492025_R08C01	0.99764
6171492029_R01C01	0.995953
6171492029_R02C01	0.997054
6171492029_R04C01	0.998701
6171492029_R05C01	0.998282
6171492029_R06C01	0.998597
6171492029_R08C01	0.996157
6171492039_R03C01	0.996094
6171492039_R04C01	0.99617
6171492039_R05C01	0.99701
6171492039_R06C01	0.988874
6171492039_R07C01	0.996143
6171492043_R02C01	0.997811
6171492043_R03C01	0.992999
6171492043_R04C01	0.994628
6171492043_R05C01	0.998016
6171492043_R06C01	0.996514
6171492043_R07C01	0.993873
6171492043_R08C01	0.997304
6171492045_R01C01	0.997551
6171492045_R02C01	0.995799
6171492045_R05C01	0.996365
6171492045_R08C01	0.996283
6171492048_R06C01	0.987895
6171492048_R08C01	0.980093
6171492049_R01C01	0.995992
6171492049_R02C01	0.998627
6171492049_R03C01	0.998309
6171492049_R04C01	0.993555
6171492049_R05C01	0.998569
6171492049_R06C01	0.999302
6171492049_R07C01	0.997486
6171492049_R08C01	0.99522
6171492050_R01C01	0.997199
6171492050_R02C01	0.997537
6171492050_R05C01	0.995276
6171492050_R06C01	0.99751
6171492050_R07C01	0.998134
6171492050_R08C01	0.99532
6171492053_R01C01	0.995208
6171492053_R02C01	0.997035
6171492053_R03C01	0.998807
6171492053_R04C01	0.995338
6171492053_R05C01	0.997523
6171492053_R06C01	0.995717
6171492053_R07C01	0.997201
6171492053_R08C01	0.997596
6171492055_R01C01	0.997137
6171492055_R02C01	0.989117
6171492055_R03C01	0.997593
6171492055_R04C01	0.997455
6171492055_R06C01	0.996545
6171492055_R07C01	0.997654
6171492055_R08C01	0.995708
6171492056_R01C01	0.996913
6171492056_R02C01	0.998675
6171492056_R03C01	0.995996
6171492056_R04C01	0.997736
6171492056_R05C01	0.996921
6171492056_R08C01	0.994148
6171492059_R01C01	0.998074
6171492059_R02C01	0.997075
6171492059_R04C01	0.99722
6171492059_R05C01	0.997793
6171492059_R06C01	0.997574
6171492059_R07C01	0.996361
6171492059_R08C01	0.998147
6171492060_R01C01	0.997739
6171492060_R02C01	0.997996
6171492060_R03C01	0.992804
6171492060_R04C01	0.995021
6171492060_R05C01	0.996292
6171492060_R08C01	0.991097
6171492068_R01C01	0.998216
6171492068_R02C01	0.99861
6171492068_R03C01	0.996989
6171492068_R04C01	0.997179
6171492068_R05C01	0.997632
6171492068_R06C01	0.997988
6171492068_R08C01	0.996396
6171492069_R02C01	0.99631
6171492069_R06C01	0.996917
6171492069_R07C01	0.998074
6171492069_R08C01	0.996518
6171492072_R03C01	0.996606
6171492072_R04C01	0.997314
6171492072_R05C01	0.997952
6171492072_R06C01	0.99557
6171492072_R08C01	0.997059
6171492074_R01C01	0.996127
6171492074_R02C01	0.996139
6171492074_R03C01	0.998229
6171492074_R04C01	0.995733
6171492074_R05C01	0.997974
6171492074_R07C01	0.996754
6171492074_R08C01	0.996437
6171492075_R01C01	0.996419
6171492075_R03C01	0.99746
6171492075_R05C01	0.998006
6171492075_R06C01	0.978825
6171492075_R08C01	0.99744
6171492077_R01C01	0.995997
6171492077_R02C01	0.995378
6171492077_R03C01	0.996889
6171492077_R07C01	0.997268
6171492077_R08C01	0.996256
6171492078_R01C01	0.996991
6171492078_R02C01	0.998795
6171492078_R03C01	0.996924
6171492078_R05C01	0.996575
6171492078_R06C01	0.99592
6171492078_R07C01	0.997166
6171492078_R08C01	0.997434
6171492079_R01C01	0.997399
6171492079_R03C01	0.998387
6171492079_R04C01	0.998643
6171492079_R05C01	0.99719
6171492079_R06C01	0.996128
6171492079_R07C01	0.994984
6171492079_R08C01	0.986434
6171492084_R01C01	0.993771
6171492084_R02C01	0.997396
6171492084_R03C01	0.997737
6171492084_R04C01	0.996939
6171492084_R05C01	0.996987
6171492084_R06C01	0.995639
6171492084_R08C01	0.997862
6171492086_R02C01	0.997724
6171492086_R05C01	0.996696
6171492086_R06C01	0.994533
6171492086_R07C01	0.997656
6171492086_R08C01	0.996749
6171492090_R01C01	0.99732
6171492090_R02C01	0.995288
6171492090_R03C01	0.997467
6171492090_R05C01	0.997404
6171492090_R06C01	0.996141
6171492090_R07C01	0.996626
6171492090_R08C01	0.997721
6171492100_R01C01	0.995439
6171492100_R03C01	0.993667
6171492100_R04C01	0.988153
6171492100_R05C01	0.99718
6171492100_R08C01	0.995186
6172882004_R01C01	0.994473
6172882004_R02C01	0.997711
6172882004_R03C01	0.993874
6172882004_R06C01	0.992946
6172882004_R07C01	0.995887
6172882004_R08C01	0.996396
6172882009_R01C01	0.997905
6172882009_R02C01	0.998437
6172882009_R03C01	0.997057
6172882009_R04C01	0.995241
6172882009_R05C01	0.996952
6172882009_R06C01	0.996811
6172882009_R07C01	0.997557
6172882009_R08C01	0.996329
6172882050_R01C01	0.997911
6172882050_R02C01	0.997909
6172882050_R03C01	0.997004
6172882050_R04C01	0.99349
6172882050_R05C01	0.997872
6172882050_R06C01	0.998018
6172882050_R08C01	0.994519
6172882051_R01C01	0.997334
6172882051_R02C01	0.995713
6172882051_R04C01	0.996983
6172882051_R05C01	0.995842
6172882051_R06C01	0.997998
6172882051_R07C01	0.997058
6172882051_R08C01	0.996539
6186483013_R01C01	0.992442
6186483013_R02C01	0.99708
6186483013_R03C01	0.988771
6186483013_R04C01	0.997247
6186483013_R05C01	0.995947
6186483013_R06C01	0.998607
6186483013_R07C01	0.996781
6186483013_R08C01	0.996873
6186483032_R03C01	0.996836
6186483032_R04C01	0.996562
6186483032_R05C01	0.997065
6186483032_R06C01	0.998756
6186483032_R07C01	0.995883
6186483032_R08C01	0.990532
6186483043_R01C01	0.977766
6186483043_R04C01	0.990753
6186483043_R05C01	0.998331
6186483043_R06C01	0.996577
6186483043_R08C01	0.997625
6186483051_R01C01	0.998011
6186483051_R08C01	0.995303
6186483068_R01C01	0.991586
6186483068_R02C01	0.997066
6186483068_R03C01	0.997055
6186483090_R01C01	0.998127
6186483090_R02C01	0.99893
6186483090_R03C01	0.997636
6186483090_R04C01	0.996868
6186483090_R06C01	0.997118
6186483090_R07C01	0.997903
6186483090_R08C01	0.996844
6186483093_R02C01	0.984747
6186483093_R03C01	0.996646
6186483093_R05C01	0.996963
6186483093_R06C01	0.997598
6186483093_R08C01	0.996853
6186483099_R01C01	0.995541
6186483099_R03C01	0.99766
6186483099_R04C01	0.996268
6186483099_R05C01	0.996118
6186483099_R07C01	0.996648
6186483099_R08C01	0.997968
6186483101_R01C01	0.997036
6186483101_R02C01	0.993759
6186483101_R03C01	0.995523
6186483101_R04C01	0.994644
6186483101_R05C01	0.994805
6186483101_R06C01	0.989292
6186483101_R08C01	0.996857
6186483132_R01C01	0.98434
6247194011_R02C01	0.996513
6247194011_R03C01	0.996373
6247194011_R04C01	0.995746
6247194011_R05C01	0.996615
6247194011_R07C01	0.993186
6247194011_R08C01	0.998195
6247194028_R01C01	0.995605
6247194028_R02C01	0.98941
6247194028_R03C01	0.993525
6247194028_R04C01	0.997456
6247194028_R06C01	0.997839
6247194028_R07C01	0.997895
6247194028_R08C01	0.997928
6247194031_R01C01	0.996774
6247194031_R02C01	0.99462
6247194031_R03C01	0.996556
6247194031_R05C01	0.99665
6247194031_R06C01	0.999168
6247194031_R07C01	0.99735
6247194043_R02C01	0.996708
6247194043_R03C01	0.997005
6247194043_R04C01	0.996955
6247194043_R07C01	0.998375
6247194043_R08C01	0.995679
6247194064_R01C01	0.995696
6247194064_R03C01	0.995679
6247194064_R04C01	0.998217
6247194064_R05C01	0.996733
6247194064_R06C01	0.996895
6247194064_R07C01	0.998131
6247194064_R08C01	0.998216
6247194098_R01C01	0.997231
6247194098_R02C01	0.998066
6247194098_R03C01	0.995008
6247194098_R04C01	0.998364
6247194098_R05C01	0.996383
6247194098_R06C01	0.997097
6247194098_R07C01	0.997313
6247194098_R08C01	0.997789
6247194107_R03C01	0.993613
6247194107_R05C01	0.984796
6247194107_R07C01	0.997948
6247194115_R02C01	0.996044
6247194115_R04C01	0.992185
6247194115_R05C01	0.996256
6247194115_R06C01	0.997134
6247194115_R08C01	0.995619
6247194117_R02C01	0.99661
6247194117_R03C01	0.998328
6247194117_R04C01	0.99245
6247194117_R05C01	0.997611
6247194117_R07C01	0.996294
6247194117_R08C01	0.993053
6247194118_R05C01	0.997789
6247194118_R08C01	0.997245
6264533042_R07C01	0.997109
6264533048_R01C01	0.996476
6264533048_R03C01	0.998855
6264533048_R04C01	0.997258
6264533048_R05C01	0.996772
6264533048_R06C01	0.997798
6264533048_R07C01	0.996276
6264533048_R08C01	0.997781
6264533060_R03C01	0.995761
6264533060_R05C01	0.99517
6264533060_R06C01	0.994074
6264533060_R07C01	0.995516
6264533060_R08C01	0.997309
6264533086_R01C01	0.976729
6264533086_R03C01	0.996193
6264533086_R05C01	0.994619
6264550046_R02C01	0.99788
6264550046_R03C01	0.994907
6264550046_R04C01	0.995836
6264550046_R07C01	0.996253
