                      +-----------------------------+
                      |                             |
                      |   Eagle v2.4.1              |
                      |   November 18, 2018         |
                      |   Po-Ru Loh                 |
                      |                             |
                      +-----------------------------+

Copyright (C) 2015-2018 Harvard University.
Distributed under the GNU GPLv3+ open source license.

Command line options:

eagle \
    --vcfRef=/BIODATA/StudentsHome/kevine/GWAS/Git/GWAS/1000G/ALL.chr22.phase3_integrated.20130502.genotypes.bcf \
    --vcfTarget=qc-camgwas-updated.vcf.gz \
    --geneticMapFile=tables/genetic_map_hg19_withX.txt.gz \
    --outPrefix=chr22-phased_wref \
    --chrom=22 \
    --pbwtIters=10 \
    --numThreads=90 \
    --Kpbwt=50000 \
    --vcfOutFormat=z 

Setting number of threads to 90
[W::bcf_hdr_check_sanity] PL should be declared as Number=G

Reference samples: Nref = 2504
Target samples: Ntarget = 1185
SNPs to analyze: M = 18920 SNPs in both target and reference

SNPs ignored: 0 SNPs in target but not reference
              634348 SNPs in reference but not target
              0 multi-allelic SNPs in target

Missing rate in target genotypes: 0.0071254

Filling in genetic map coordinates using reference file:
  tables/genetic_map_hg19_withX.txt.gz
Physical distance range: 34165913 base pairs
Genetic distance range:  72.7804 cM
Average # SNPs per cM:   260
Number of <=(64-SNP, 1cM) segments: 299
Average # SNPs per segment: 63

Time for reading input: 18.4733 sec

Fraction of heterozygous genotypes: 0.261954
Typical span of default 100-het history length: 1.47 cM
Setting --histFactor=1.00

BEGINNING PHASING

PHASING ITER 1 OF 10


Phasing target samples
................................................................................
Time for phasing iter 1: 159.813

PHASING ITER 2 OF 10


Phasing target samples
................................................................................
Time for phasing iter 2: 171.294

PHASING ITER 3 OF 10


Phasing target samples
................................................................................
Time for phasing iter 3: 159.117

PHASING ITER 4 OF 10


Phasing target samples
................................................................................
Time for phasing iter 4: 157.862

PHASING ITER 5 OF 10


Phasing target samples
................................................................................
Time for phasing iter 5: 157.38

PHASING ITER 6 OF 10


Phasing target samples
................................................................................
Time for phasing iter 6: 156.302

PHASING ITER 7 OF 10


Phasing target samples
................................................................................
Time for phasing iter 7: 154.76

PHASING ITER 8 OF 10


Phasing target samples
................................................................................
Time for phasing iter 8: 157.952

PHASING ITER 9 OF 10


Phasing target samples
................................................................................
Time for phasing iter 9: 155.474

PHASING ITER 10 OF 10


Phasing target samples
................................................................................
Time for phasing iter 10: 256.086
Writing vcf.gz output to chr22-phased_wref.vcf.gz
Time for writing output: 2.96716
Total elapsed time for analysis = 1707.52 sec

Mean phase confidence of each target individual:
ID	PHASE_CONFIDENCE
6042341077_R01C01	0.997387
6042341077_R03C01	0.99515
6042341077_R04C01	0.993206
6042341077_R05C01	0.997204
6042341077_R06C01	0.995652
6042341077_R07C01	0.995442
6042341089_R01C01	0.997229
6042341089_R02C01	0.995863
6042341089_R03C01	0.995549
6042341089_R04C01	0.996594
6042341089_R05C01	0.997433
6042341089_R06C01	0.99444
6042341089_R07C01	0.995149
6042341089_R08C01	0.994193
6042341090_R01C01	0.996071
6042341090_R02C01	0.99734
6042341090_R03C01	0.995529
6042341090_R04C01	0.99828
6042341090_R05C01	0.995063
6042341090_R06C01	0.996767
6042341090_R07C01	0.993911
6042341090_R08C01	0.994316
6042341099_R01C01	0.99742
6042341099_R02C01	0.997141
6042341099_R03C01	0.996971
6042341099_R04C01	0.996653
6042341099_R05C01	0.994767
6042341099_R06C01	0.98792
6042341099_R07C01	0.991387
6042341099_R08C01	0.993009
6042341154_R06C01	0.995957
6042341154_R07C01	0.996673
6042341154_R08C01	0.99661
6042341162_R01C01	0.996141
6042341162_R02C01	0.997064
6042341162_R03C01	0.995525
6042341162_R04C01	0.996043
6042341162_R05C01	0.99593
6042341162_R06C01	0.996771
6042341162_R07C01	0.997099
6042341162_R08C01	0.997165
6042359084_R01C01	0.994579
6042359084_R02C01	0.995887
6042359084_R03C01	0.995527
6042359084_R04C01	0.995876
6042359084_R05C01	0.993242
6042359084_R06C01	0.993911
6042359084_R07C01	0.994638
6042359084_R08C01	0.998752
6042375002_R01C01	0.993549
6042375002_R02C01	0.996606
6042375002_R03C01	0.995729
6042375002_R04C01	0.99417
6042375002_R05C01	0.99828
6042375002_R06C01	0.996142
6042375002_R07C01	0.996435
6042375002_R08C01	0.996406
6042375003_R01C01	0.997204
6042375003_R02C01	0.995624
6042375003_R03C01	0.995728
6042375003_R04C01	0.996907
6042375003_R05C01	0.996011
6042375003_R06C01	0.997143
6042375003_R07C01	0.9956
6042375003_R08C01	0.996699
6042375012_R01C01	0.99646
6042375012_R02C01	0.995668
6042375012_R03C01	0.993452
6042375012_R04C01	0.996692
6042375012_R05C01	0.998262
6042375012_R06C01	0.995219
6042375013_R01C01	0.998255
6042375013_R02C01	0.994464
6042375013_R03C01	0.993317
6042375013_R04C01	0.995963
6042375013_R05C01	0.99513
6042375013_R06C01	0.996961
6042375013_R07C01	0.997286
6042375013_R08C01	0.99481
6042375014_R01C01	0.998184
6042375014_R02C01	0.998232
6042375014_R03C01	0.995016
6042375014_R04C01	0.996102
6042375014_R05C01	0.993853
6042375014_R06C01	0.997862
6042375014_R08C01	0.99233
6042375022_R01C01	0.993821
6042375022_R02C01	0.996472
6042375022_R03C01	0.997461
6042375022_R04C01	0.995039
6042375022_R05C01	0.99611
6042375022_R06C01	0.995156
6042375022_R07C01	0.993762
6042375023_R01C01	0.998102
6042375023_R02C01	0.998097
6042375023_R03C01	0.996201
6042375023_R04C01	0.996412
6042375023_R05C01	0.995711
6042375023_R06C01	0.997974
6042375023_R07C01	0.996128
6042375023_R08C01	0.996868
6042375024_R01C01	0.997207
6042375024_R02C01	0.99587
6042375024_R03C01	0.994898
6042375024_R04C01	0.994925
6042375024_R05C01	0.998109
6042375024_R06C01	0.995107
6042375024_R07C01	0.991772
6042375024_R08C01	0.995402
6042375025_R01C01	0.996443
6042375025_R02C01	0.996865
6042375025_R03C01	0.99825
6042375025_R04C01	0.997156
6042375025_R05C01	0.995524
6042375025_R06C01	0.997086
6042375025_R07C01	0.997186
6042375025_R08C01	0.997096
6042375029_R01C01	0.995719
6042375029_R02C01	0.997012
6042375029_R03C01	0.996781
6042375029_R04C01	0.998008
6042375029_R05C01	0.994564
6042375029_R06C01	0.996588
6042375029_R07C01	0.995965
6042375029_R08C01	0.995775
6042375043_R01C01	0.998202
6042375043_R02C01	0.995639
6042375043_R04C01	0.997541
6042375043_R05C01	0.996807
6042375043_R07C01	0.993635
6042375043_R08C01	0.995048
6042375044_R01C01	0.993945
6042375044_R02C01	0.997493
6042375044_R03C01	0.996554
6042375044_R05C01	0.993867
6042375044_R06C01	0.995977
6042375044_R07C01	0.996503
6042375044_R08C01	0.991272
6042375045_R02C01	0.993245
6042375045_R03C01	0.991809
6042375045_R04C01	0.987726
6042375045_R05C01	0.995014
6042375045_R06C01	0.993161
6042375045_R07C01	0.996419
6042375045_R08C01	0.994817
6042375053_R01C01	0.996328
6042375053_R02C01	0.995755
6042375053_R03C01	0.994147
6042375053_R04C01	0.996855
6042375053_R05C01	0.996472
6042375053_R06C01	0.995514
6042375053_R07C01	0.994162
6042375053_R08C01	0.994188
6042375080_R01C01	0.997351
6042375080_R02C01	0.99492
6042375080_R03C01	0.996241
6042375080_R04C01	0.99595
6042375080_R05C01	0.997197
6042375080_R06C01	0.996612
6042375080_R07C01	0.996683
6042375080_R08C01	0.992438
6042375085_R01C01	0.996109
6042375085_R02C01	0.996599
6042375085_R03C01	0.990391
6042375085_R04C01	0.998083
6042375085_R05C01	0.994852
6042375085_R06C01	0.997505
6042375085_R07C01	0.997236
6042375085_R08C01	0.99535
6042375100_R01C01	0.995636
6042375100_R02C01	0.997284
6042375100_R04C01	0.996832
6042375100_R05C01	0.996421
6042375100_R06C01	0.994963
6042375100_R07C01	0.996368
6042375100_R08C01	0.996607
6042375101_R01C01	0.994608
6042375101_R02C01	0.99591
6042375101_R03C01	0.996322
6042375101_R04C01	0.995457
6042375101_R05C01	0.996544
6042375101_R06C01	0.987865
6042375101_R07C01	0.996616
6042375101_R08C01	0.995681
6042375104_R01C01	0.996036
6042375104_R02C01	0.992349
6042375104_R03C01	0.996035
6042375104_R04C01	0.996449
6042375104_R06C01	0.99544
6042375104_R08C01	0.996102
6042375137_R01C01	0.995089
6042375137_R02C01	0.998077
6042375137_R03C01	0.995179
6042375137_R05C01	0.987525
6042375137_R06C01	0.996549
6042375137_R07C01	0.997755
6042375137_R08C01	0.996342
6042375138_R01C01	0.997616
6042375138_R02C01	0.996756
6042375138_R03C01	0.990615
6042375138_R04C01	0.995534
6042375138_R05C01	0.997312
6042375138_R06C01	0.971794
6042375138_R07C01	0.994438
6042375138_R08C01	0.994801
6042375146_R01C01	0.997699
6042375146_R02C01	0.995792
6042375146_R03C01	0.996046
6042375146_R04C01	0.995839
6042375146_R05C01	0.996996
6042375146_R06C01	0.997091
6042375146_R07C01	0.997752
6042375146_R08C01	0.997927
6130471012_R01C01	0.997458
6130471012_R02C01	0.99643
6130471012_R03C01	0.993258
6130471012_R04C01	0.997162
6130471012_R05C01	0.997196
6130471012_R06C01	0.994588
6130471012_R07C01	0.99639
6130471012_R08C01	0.99536
6130471070_R01C01	0.996777
6130471070_R02C01	0.979998
6130471070_R03C01	0.993711
6130471070_R04C01	0.996587
6130471070_R05C01	0.993833
6130471070_R06C01	0.991112
6130471070_R07C01	0.993502
6130471070_R08C01	0.994564
6130471071_R01C01	0.993261
6130471071_R02C01	0.990506
6130471071_R03C01	0.998001
6130471071_R05C01	0.994385
6130471071_R06C01	0.989102
6130471071_R07C01	0.991972
6130471110_R01C01	0.996906
6130471110_R02C01	0.996863
6130471110_R04C01	0.996878
6130471110_R05C01	0.976731
6130471110_R06C01	0.99802
6130471110_R07C01	0.993686
6130471110_R08C01	0.98959
6130471129_R01C01	0.997114
6130471129_R02C01	0.996663
6130471129_R03C01	0.996976
6130471129_R04C01	0.99442
6130471129_R05C01	0.992531
6130471129_R06C01	0.996644
6130471129_R07C01	0.991173
6130471129_R08C01	0.996609
6135563011_R01C01	0.995923
6135563011_R02C01	0.995254
6135563011_R03C01	0.994012
6135563011_R04C01	0.997418
6135563011_R06C01	0.997888
6135563011_R07C01	0.997475
6135563011_R08C01	0.993434
6135563012_R02C01	0.994613
6135563012_R04C01	0.992644
6135563012_R05C01	0.994412
6135563012_R06C01	0.99531
6135563012_R07C01	0.996793
6135563012_R08C01	0.99098
6135563014_R02C01	0.995501
6135563014_R03C01	0.998369
6135563014_R04C01	0.99671
6135563014_R05C01	0.996124
6135563014_R06C01	0.997055
6135563014_R07C01	0.995377
6135563014_R08C01	0.996368
6135563015_R02C01	0.993516
6135563015_R04C01	0.991482
6135563015_R05C01	0.996137
6135563015_R06C01	0.99428
6135563015_R07C01	0.995624
6135563015_R08C01	0.996074
6135563041_R01C01	0.99657
6135563041_R03C01	0.993869
6135563041_R04C01	0.995016
6135563041_R05C01	0.997637
6135563041_R06C01	0.995753
6135571025_R01C01	0.986586
6135571025_R03C01	0.993172
6135571025_R04C01	0.994214
6135571025_R07C01	0.994561
6135571025_R08C01	0.996225
6135580001_R01C01	0.998585
6135580001_R02C01	0.996837
6135580001_R03C01	0.997212
6135580001_R04C01	0.995625
6135580001_R05C01	0.994745
6135580001_R06C01	0.997631
6135580001_R07C01	0.998108
6135580001_R08C01	0.997531
6135580011_R01C01	0.995788
6135580011_R02C01	0.991425
6135580011_R03C01	0.994827
6135580011_R04C01	0.995669
6135580011_R05C01	0.998107
6135580011_R07C01	0.996169
6135580011_R08C01	0.993991
6135580017_R01C01	0.995914
6135580017_R02C01	0.997487
6135580017_R03C01	0.991572
6135580017_R04C01	0.994052
6135580017_R05C01	0.996065
6135580017_R06C01	0.994553
6135580017_R07C01	0.998018
6135580017_R08C01	0.997883
6135580027_R01C01	0.996693
6135580027_R02C01	0.994125
6135580027_R03C01	0.996628
6135580027_R04C01	0.997133
6135580027_R05C01	0.995283
6135580027_R06C01	0.998139
6135580027_R07C01	0.997242
6135580027_R08C01	0.996713
6135580057_R01C01	0.99471
6135580057_R02C01	0.996655
6135580057_R03C01	0.996628
6135580057_R04C01	0.99673
6135580057_R05C01	0.996983
6135580057_R06C01	0.995856
6135580057_R07C01	0.996633
6135580057_R08C01	0.99735
6135580073_R01C01	0.997887
6135580073_R03C01	0.996166
6135580073_R04C01	0.993835
6135580073_R05C01	0.996219
6135580073_R06C01	0.996281
6135580073_R07C01	0.994172
6135580073_R08C01	0.997342
6135580082_R01C01	0.994967
6135580082_R02C01	0.995727
6135580082_R03C01	0.995109
6135580082_R04C01	0.998222
6135580082_R06C01	0.99295
6135580082_R07C01	0.996797
6135580082_R08C01	0.997351
6135580098_R01C01	0.996721
6135580098_R02C01	0.995728
6135580098_R04C01	0.995602
6135580098_R05C01	0.996681
6135580098_R06C01	0.995126
6135580098_R07C01	0.995337
6135580098_R08C01	0.99522
6135580116_R02C01	0.995177
6135580116_R03C01	0.995474
6135580116_R05C01	0.993506
6135580116_R06C01	0.994577
6135580116_R08C01	0.995856
6135580117_R02C01	0.99455
6135580117_R03C01	0.992599
6135580117_R04C01	0.997845
6135580117_R05C01	0.995613
6135580117_R06C01	0.995998
6135580118_R01C01	0.993707
6135580118_R02C01	0.994172
6135580118_R04C01	0.997507
6135580118_R05C01	0.995516
6135580118_R06C01	0.995126
6135580118_R08C01	0.99426
6135580123_R02C01	0.994671
6135580123_R04C01	0.99674
6135580123_R05C01	0.993792
6135580123_R07C01	0.96803
6135580123_R08C01	0.993771
6135580144_R01C01	0.995476
6135580144_R08C01	0.994647
6135580145_R06C01	0.99754
6135580145_R08C01	0.988648
6135601008_R01C01	0.995201
6135601008_R02C01	0.988119
6135601008_R03C01	0.995363
6135601008_R04C01	0.990676
6135601008_R06C01	0.996591
6135601008_R07C01	0.995421
6135601008_R08C01	0.995636
6135601009_R01C01	0.996866
6135601009_R02C01	0.993237
6135601009_R03C01	0.996815
6135601009_R04C01	0.995968
6135601009_R05C01	0.996486
6135601009_R06C01	0.996228
6135601009_R07C01	0.996466
6135601009_R08C01	0.997167
6135601012_R04C01	0.995417
6135601012_R05C01	0.997608
6135601012_R06C01	0.997356
6135601012_R07C01	0.988282
6135601018_R03C01	0.995338
6135601018_R05C01	0.995907
6135601018_R07C01	0.990368
6135601018_R08C01	0.993012
6135601027_R03C01	0.995363
6135601027_R04C01	0.995408
6135601027_R05C01	0.995775
6135601027_R07C01	0.995907
6135601034_R01C01	0.99769
6135601034_R02C01	0.995938
6135601034_R03C01	0.994367
6135601034_R04C01	0.996526
6135601034_R06C01	0.993687
6135601045_R01C01	0.998165
6135601045_R02C01	0.996292
6135601045_R03C01	0.995038
6135601045_R04C01	0.994912
6135601045_R05C01	0.995687
6135601045_R07C01	0.996801
6135601045_R08C01	0.99478
6135601049_R01C01	0.996712
6135601049_R02C01	0.997809
6135601049_R03C01	0.994191
6135601049_R05C01	0.986694
6135601049_R06C01	0.997673
6135601049_R07C01	0.998427
6135601049_R08C01	0.996027
6135601060_R01C01	0.988903
6135601060_R03C01	0.996177
6135601060_R04C01	0.976744
6135601060_R05C01	0.990489
6135601060_R06C01	0.991998
6135601066_R01C01	0.994006
6135601066_R02C01	0.992863
6135601066_R03C01	0.995732
6135601066_R04C01	0.995494
6135601066_R05C01	0.99223
6135601066_R06C01	0.99547
6135601066_R07C01	0.995335
6135601066_R08C01	0.995409
6135601080_R01C01	0.996325
6135601080_R02C01	0.992214
6135601080_R03C01	0.998373
6135601080_R07C01	0.995187
6135601080_R08C01	0.99696
6135601081_R01C01	0.997401
6135601081_R02C01	0.994811
6135601081_R03C01	0.996031
6135601081_R04C01	0.995463
6135601081_R05C01	0.996234
6135601081_R07C01	0.996917
6135601081_R08C01	0.995993
6135601082_R02C01	0.998632
6135601082_R03C01	0.994967
6135601082_R04C01	0.996178
6135601082_R05C01	0.997007
6135601082_R06C01	0.991847
6135601082_R07C01	0.996597
6135601082_R08C01	0.994698
6135601086_R01C01	0.993713
6135601086_R03C01	0.994557
6135601086_R04C01	0.996444
6135601086_R05C01	0.99055
6135601086_R07C01	0.992146
6135601094_R05C01	0.995632
6135601094_R06C01	0.992292
6135601108_R01C01	0.99348
6135601108_R02C01	0.992776
6135601108_R03C01	0.99758
6135601108_R04C01	0.99414
6135601108_R05C01	0.996061
6135601108_R06C01	0.99737
6135601108_R07C01	0.995949
6135601108_R08C01	0.997486
6135601115_R02C01	0.994633
6135601115_R04C01	0.9963
6135601115_R06C01	0.995183
6135601115_R07C01	0.996771
6135601115_R08C01	0.997258
6135601116_R01C01	0.992895
6135601116_R02C01	0.995095
6135601116_R05C01	0.995431
6135601116_R07C01	0.994837
6135601116_R08C01	0.995054
6135601117_R01C01	0.995752
6135601117_R05C01	0.998475
6135601117_R06C01	0.993907
6135601117_R07C01	0.996685
6135601117_R08C01	0.994466
6135601120_R03C01	0.997288
6135601120_R04C01	0.996788
6135601120_R06C01	0.99569
6135601120_R07C01	0.993095
6135601120_R08C01	0.995409
6135601124_R01C01	0.995265
6135601124_R02C01	0.996532
6135601124_R03C01	0.997555
6135601124_R04C01	0.996166
6135601124_R05C01	0.996866
6135601124_R06C01	0.995964
6135601124_R07C01	0.994888
6135601124_R08C01	0.994859
6135601130_R01C01	0.995155
6135601130_R02C01	0.988158
6135601130_R03C01	0.997738
6135601130_R04C01	0.996153
6135601130_R05C01	0.995994
6135601130_R06C01	0.997046
6135601130_R07C01	0.996919
6135601130_R08C01	0.994994
6135601149_R01C01	0.995265
6135601149_R02C01	0.996661
6135601149_R06C01	0.992886
6135601149_R08C01	0.994324
6135601151_R01C01	0.993264
6135601151_R02C01	0.995034
6135601151_R03C01	0.99731
6135601151_R04C01	0.996172
6135601151_R05C01	0.996954
6135601151_R06C01	0.995523
6135601151_R07C01	0.995289
6135601151_R08C01	0.996353
6135601153_R03C01	0.995223
6135601153_R05C01	0.996216
6135601153_R06C01	0.987542
6135601153_R07C01	0.995721
6135601153_R08C01	0.995179
6135601156_R01C01	0.996029
6135601156_R02C01	0.997429
6135601156_R03C01	0.994804
6135601156_R04C01	0.994831
6135601156_R05C01	0.996626
6135601156_R06C01	0.99695
6135601156_R08C01	0.996763
6135601162_R01C01	0.988033
6135601162_R02C01	0.994235
6135601162_R04C01	0.995967
6135601162_R05C01	0.995397
6135601162_R06C01	0.994575
6135601162_R07C01	0.995196
6135601162_R08C01	0.995421
6135601167_R02C01	0.996559
6135601167_R03C01	0.995533
6135601167_R04C01	0.995786
6135601167_R05C01	0.990254
6135601167_R06C01	0.996355
6135601167_R07C01	0.993793
6147054060_R01C01	0.996257
6147054060_R02C01	0.995505
6147054060_R03C01	0.99597
6147054060_R04C01	0.998647
6147054060_R05C01	0.993382
6147054060_R07C01	0.995843
6147054060_R08C01	0.99674
6147054122_R01C01	0.994606
6147054122_R02C01	0.997758
6147054122_R03C01	0.99508
6147054122_R04C01	0.997024
6147054122_R05C01	0.991519
6147054122_R06C01	0.997298
6147054122_R07C01	0.993619
6147054122_R08C01	0.997306
6147054149_R01C01	0.996071
6147054149_R02C01	0.997975
6147054149_R07C01	0.996496
6147054149_R08C01	0.995968
6147054150_R01C01	0.993751
6147054150_R02C01	0.996122
6147054150_R03C01	0.996336
6147054150_R04C01	0.997994
6147054150_R05C01	0.997522
6147054150_R06C01	0.996427
6147054150_R07C01	0.996288
6147054150_R08C01	0.996088
6147062005_R03C01	0.996808
6147062005_R04C01	0.996918
6147062005_R06C01	0.995442
6147062005_R07C01	0.99656
6147062010_R01C01	0.992644
6147062010_R02C01	0.997361
6147062010_R03C01	0.995499
6147062010_R04C01	0.99399
6147062010_R05C01	0.997422
6147062010_R06C01	0.995555
6147062010_R07C01	0.995338
6147062010_R08C01	0.996904
6147062028_R03C01	0.996579
6147062037_R01C01	0.996206
6147062037_R02C01	0.991795
6147062037_R03C01	0.994894
6147062037_R04C01	0.996968
6147062037_R05C01	0.996742
6147062037_R06C01	0.995656
6147062037_R07C01	0.995831
6147062055_R01C01	0.995105
6147062055_R02C01	0.995422
6147062055_R04C01	0.994114
6147062055_R07C01	0.996358
6147062055_R08C01	0.995026
6147062102_R01C01	0.996283
6147062102_R02C01	0.996647
6147062102_R03C01	0.997184
6147062102_R04C01	0.995914
6147062102_R05C01	0.997632
6147062102_R06C01	0.994976
6147062133_R01C01	0.994741
6147062133_R02C01	0.996767
6147062133_R03C01	0.9959
6147062133_R05C01	0.995926
6147062133_R06C01	0.99658
6147062134_R01C01	0.995195
6147062134_R02C01	0.996201
6147062134_R03C01	0.998383
6147062134_R06C01	0.987295
6147062134_R07C01	0.997161
6147062134_R08C01	0.995571
6147062135_R01C01	0.997455
6147062135_R02C01	0.996825
6147062135_R04C01	0.993487
6147062135_R05C01	0.997194
6147062135_R06C01	0.986342
6147062135_R08C01	0.997515
6147062147_R01C01	0.988014
6147062147_R03C01	0.997039
6147062147_R04C01	0.997208
6147062147_R05C01	0.99852
6147062147_R06C01	0.996256
6147062147_R07C01	0.987975
6147062147_R08C01	0.996144
6147062162_R01C01	0.996829
6147062162_R03C01	0.994143
6147062162_R05C01	0.997802
6147062162_R06C01	0.99394
6147062162_R07C01	0.997922
6147062167_R02C01	0.996104
6147062167_R03C01	0.996793
6147062167_R04C01	0.995936
6147062167_R05C01	0.994987
6147062167_R06C01	0.994962
6147062167_R08C01	0.995504
6147071002_R01C01	0.995553
6147071002_R02C01	0.986572
6147071002_R03C01	0.99621
6147071002_R05C01	0.993829
6147071002_R06C01	0.996096
6147071002_R07C01	0.997826
6147071002_R08C01	0.997616
6147071043_R03C01	0.99726
6147071043_R05C01	0.993248
6147071043_R08C01	0.994515
6147071044_R01C01	0.995914
6147071044_R02C01	0.99586
6147071044_R03C01	0.996491
6147071044_R04C01	0.995496
6147071044_R06C01	0.994849
6147071044_R07C01	0.992204
6147071044_R08C01	0.994152
6147071047_R01C01	0.996655
6147071047_R02C01	0.996849
6147071047_R05C01	0.995506
6147071047_R06C01	0.995654
6147071047_R07C01	0.995961
6147071047_R08C01	0.994235
6147071059_R02C01	0.995887
6147071059_R03C01	0.99519
6147071059_R04C01	0.994408
6147071059_R07C01	0.996981
6147071059_R08C01	0.994663
6147071060_R02C01	0.996669
6147071060_R03C01	0.996965
6147071060_R04C01	0.995917
6147071060_R05C01	0.996101
6147071060_R06C01	0.996672
6147071060_R07C01	0.995234
6147071060_R08C01	0.991967
6147071101_R01C01	0.996467
6147071101_R02C01	0.995086
6147071101_R04C01	0.995073
6147071101_R05C01	0.998738
6147071101_R06C01	0.997272
6147071101_R07C01	0.998199
6147071101_R08C01	0.991861
6147071123_R01C01	0.994934
6147071123_R02C01	0.996075
6147071123_R03C01	0.994763
6147071123_R04C01	0.994439
6147071123_R05C01	0.995931
6147071123_R06C01	0.997393
6147071123_R07C01	0.998178
6147071123_R08C01	0.989006
6147071155_R01C01	0.994227
6147071155_R02C01	0.997189
6147071155_R03C01	0.993581
6147071155_R04C01	0.994674
6147071155_R06C01	0.995843
6147071155_R07C01	0.995174
6147071155_R08C01	0.994771
6147071157_R01C01	0.997043
6147071157_R02C01	0.996995
6147071157_R03C01	0.996391
6147071157_R04C01	0.996749
6147071157_R05C01	0.995808
6147071157_R06C01	0.9965
6147071157_R07C01	0.994924
6147071157_R08C01	0.996674
6160275010_R02C01	0.99579
6160275010_R03C01	0.995292
6160275010_R04C01	0.994689
6160275010_R05C01	0.995687
6160275010_R06C01	0.997205
6160275010_R07C01	0.995887
6160275010_R08C01	0.995429
6160275012_R02C01	0.997041
6160275012_R03C01	0.995401
6160275012_R04C01	0.997045
6160275012_R05C01	0.994079
6160275012_R06C01	0.994534
6160275012_R07C01	0.994305
6160275012_R08C01	0.997581
6160275019_R01C01	0.995983
6160275019_R02C01	0.996554
6160275019_R03C01	0.996738
6160275019_R04C01	0.997887
6160275019_R05C01	0.994587
6160275019_R06C01	0.995779
6160275019_R07C01	0.996546
6160275020_R01C01	0.995144
6160275020_R02C01	0.995689
6160275020_R03C01	0.994896
6160275020_R04C01	0.99677
6160275020_R05C01	0.996953
6160275020_R06C01	0.994798
6160275020_R07C01	0.99432
6160275020_R08C01	0.99582
6160275021_R01C01	0.99775
6160275021_R02C01	0.994994
6160275021_R03C01	0.997235
6160275021_R04C01	0.994732
6160275021_R05C01	0.995684
6160275021_R06C01	0.997192
6160275021_R07C01	0.996715
6160275021_R08C01	0.993868
6160275022_R01C01	0.996264
6160275022_R02C01	0.996005
6160275022_R03C01	0.996102
6160275022_R04C01	0.99518
6160275022_R05C01	0.994886
6160275022_R06C01	0.995249
6160275022_R07C01	0.997621
6160275022_R08C01	0.99443
6160275043_R01C01	0.99592
6160275043_R02C01	0.997136
6160275043_R03C01	0.996119
6160275043_R04C01	0.996161
6160275043_R05C01	0.994305
6160275043_R06C01	0.994794
6160275043_R08C01	0.994847
6160275044_R01C01	0.994433
6160275044_R02C01	0.996036
6160275044_R03C01	0.996494
6160275044_R04C01	0.996976
6160275044_R05C01	0.996051
6160275044_R06C01	0.994907
6160275044_R07C01	0.995985
6160275044_R08C01	0.996438
6160275046_R01C01	0.997189
6160275046_R02C01	0.994955
6160275046_R03C01	0.995792
6160275046_R05C01	0.988668
6160275046_R06C01	0.9964
6160275046_R07C01	0.996659
6160275058_R01C01	0.992686
6160275058_R02C01	0.996267
6160275058_R03C01	0.994116
6160275058_R04C01	0.995462
6160275058_R05C01	0.996102
6160275058_R06C01	0.994521
6160275058_R07C01	0.994729
6160275058_R08C01	0.997524
6160275059_R01C01	0.996966
6160275059_R02C01	0.99682
6160275059_R03C01	0.995116
6160275059_R04C01	0.995283
6160275059_R05C01	0.996412
6160275059_R06C01	0.996281
6160275059_R07C01	0.997313
6160275059_R08C01	0.99748
6160275060_R01C01	0.996674
6160275060_R02C01	0.997064
6160275060_R03C01	0.996629
6160275060_R04C01	0.998301
6160275060_R05C01	0.996114
6160275060_R06C01	0.997088
6160275060_R07C01	0.994797
6160275060_R08C01	0.999315
6160304032_R01C01	0.996971
6160304032_R02C01	0.992526
6160304032_R03C01	0.990604
6160304032_R04C01	0.996803
6160304032_R05C01	0.995915
6160304032_R07C01	0.997137
6160304032_R08C01	0.996527
6160304033_R01C01	0.99622
6160304033_R02C01	0.995711
6160304033_R03C01	0.996618
6160304033_R04C01	0.99489
6160304033_R05C01	0.990912
6160304033_R06C01	0.99885
6160304033_R07C01	0.9958
6160304033_R08C01	0.995814
6164663042_R01C01	0.989309
6164663042_R02C01	0.996604
6164663042_R03C01	0.995709
6164663042_R04C01	0.996168
6164663042_R05C01	0.996939
6164663042_R06C01	0.994694
6164663042_R07C01	0.996243
6164663042_R08C01	0.996423
6165295013_R01C01	0.997497
6165295013_R02C01	0.995203
6165295013_R03C01	0.996994
6165295013_R04C01	0.995853
6165295013_R06C01	0.993779
6165295019_R01C01	0.992259
6165295019_R02C01	0.994526
6165295019_R04C01	0.996025
6165295019_R05C01	0.994006
6165295019_R06C01	0.996339
6165295019_R07C01	0.993562
6165295019_R08C01	0.996387
6165295021_R01C01	0.980245
6165295021_R02C01	0.996166
6165295021_R03C01	0.996597
6165295021_R04C01	0.995987
6165295021_R05C01	0.997288
6165295021_R06C01	0.995876
6165295021_R07C01	0.996738
6165295021_R08C01	0.996042
6165295023_R01C01	0.990824
6165295023_R02C01	0.985468
6165295023_R03C01	0.998048
6165295023_R04C01	0.99734
6165295023_R05C01	0.991373
6165295023_R06C01	0.995729
6165295023_R07C01	0.994865
6165295023_R08C01	0.997167
6165295050_R01C01	0.997009
6165295050_R02C01	0.987537
6165295050_R03C01	0.995106
6165295050_R04C01	0.99531
6165295050_R05C01	0.996715
6165295050_R06C01	0.99799
6165295050_R07C01	0.9946
6165295050_R08C01	0.9964
6165295051_R01C01	0.993812
6165295051_R03C01	0.995126
6165295051_R04C01	0.997814
6165295051_R05C01	0.995454
6165295051_R07C01	0.993216
6165295051_R08C01	0.994821
6171492001_R02C01	0.991109
6171492001_R03C01	0.993046
6171492001_R05C01	0.995609
6171492001_R07C01	0.997742
6171492013_R02C01	0.997074
6171492013_R03C01	0.997118
6171492013_R04C01	0.995735
6171492013_R07C01	0.995224
6171492013_R08C01	0.996101
6171492015_R01C01	0.995558
6171492015_R02C01	0.991709
6171492015_R03C01	0.996292
6171492015_R04C01	0.99497
6171492015_R05C01	0.99597
6171492015_R06C01	0.996437
6171492015_R07C01	0.995009
6171492015_R08C01	0.997496
6171492016_R01C01	0.996962
6171492016_R02C01	0.994776
6171492016_R03C01	0.994861
6171492016_R04C01	0.996609
6171492016_R05C01	0.997537
6171492016_R06C01	0.995136
6171492016_R07C01	0.994451
6171492017_R02C01	0.994578
6171492017_R03C01	0.987375
6171492017_R04C01	0.996159
6171492017_R05C01	0.995907
6171492017_R06C01	0.99614
6171492017_R07C01	0.997151
6171492017_R08C01	0.992504
6171492025_R01C01	0.998038
6171492025_R02C01	0.994853
6171492025_R03C01	0.99599
6171492025_R04C01	0.989636
6171492025_R05C01	0.996245
6171492025_R06C01	0.997087
6171492025_R07C01	0.99608
6171492025_R08C01	0.99725
6171492029_R01C01	0.996187
6171492029_R02C01	0.995074
6171492029_R04C01	0.997635
6171492029_R05C01	0.995514
6171492029_R06C01	0.996268
6171492029_R08C01	0.995567
6171492039_R03C01	0.997945
6171492039_R04C01	0.993647
6171492039_R05C01	0.995827
6171492039_R06C01	0.988188
6171492039_R07C01	0.995108
6171492043_R02C01	0.996393
6171492043_R03C01	0.995065
6171492043_R04C01	0.995583
6171492043_R05C01	0.998022
6171492043_R06C01	0.994223
6171492043_R07C01	0.992218
6171492043_R08C01	0.996275
6171492045_R01C01	0.995381
6171492045_R02C01	0.995555
6171492045_R05C01	0.996963
6171492045_R08C01	0.995587
6171492048_R06C01	0.981585
6171492048_R08C01	0.976188
6171492049_R01C01	0.99587
6171492049_R02C01	0.997184
6171492049_R03C01	0.995902
6171492049_R04C01	0.989526
6171492049_R05C01	0.998154
6171492049_R06C01	0.997803
6171492049_R07C01	0.996293
6171492049_R08C01	0.99642
6171492050_R01C01	0.995655
6171492050_R02C01	0.995941
6171492050_R05C01	0.99507
6171492050_R06C01	0.996657
6171492050_R07C01	0.996596
6171492050_R08C01	0.993073
6171492053_R01C01	0.995879
6171492053_R02C01	0.997503
6171492053_R03C01	0.995769
6171492053_R04C01	0.9962
6171492053_R05C01	0.997513
6171492053_R06C01	0.99562
6171492053_R07C01	0.996449
6171492053_R08C01	0.997397
6171492055_R01C01	0.995768
6171492055_R02C01	0.985834
6171492055_R03C01	0.99601
6171492055_R04C01	0.998256
6171492055_R06C01	0.997107
6171492055_R07C01	0.995743
6171492055_R08C01	0.995877
6171492056_R01C01	0.995017
6171492056_R02C01	0.998363
6171492056_R03C01	0.997381
6171492056_R04C01	0.995049
6171492056_R05C01	0.996423
6171492056_R08C01	0.995005
6171492059_R01C01	0.996309
6171492059_R02C01	0.998166
6171492059_R04C01	0.997495
6171492059_R05C01	0.996988
6171492059_R06C01	0.996646
6171492059_R07C01	0.993642
6171492059_R08C01	0.99739
6171492060_R01C01	0.995811
6171492060_R02C01	0.996562
6171492060_R03C01	0.992473
6171492060_R04C01	0.995605
6171492060_R05C01	0.996181
6171492060_R08C01	0.988293
6171492068_R01C01	0.99643
6171492068_R02C01	0.998517
6171492068_R03C01	0.996885
6171492068_R04C01	0.995831
6171492068_R05C01	0.997595
6171492068_R06C01	0.995068
6171492068_R08C01	0.995059
6171492069_R02C01	0.993155
6171492069_R06C01	0.993201
6171492069_R07C01	0.994204
6171492069_R08C01	0.995019
6171492072_R03C01	0.995464
6171492072_R04C01	0.995571
6171492072_R05C01	0.996242
6171492072_R06C01	0.995057
6171492072_R08C01	0.99729
6171492074_R01C01	0.99456
6171492074_R02C01	0.995707
6171492074_R03C01	0.996437
6171492074_R04C01	0.995318
6171492074_R05C01	0.995733
6171492074_R07C01	0.994566
6171492074_R08C01	0.996239
6171492075_R01C01	0.997401
6171492075_R03C01	0.994902
6171492075_R05C01	0.997111
6171492075_R06C01	0.976634
6171492075_R08C01	0.995257
6171492077_R01C01	0.99576
6171492077_R02C01	0.996031
6171492077_R03C01	0.996635
6171492077_R07C01	0.997341
6171492077_R08C01	0.995621
6171492078_R01C01	0.99661
6171492078_R02C01	0.995875
6171492078_R03C01	0.994393
6171492078_R05C01	0.995506
6171492078_R06C01	0.993536
6171492078_R07C01	0.996202
6171492078_R08C01	0.997299
6171492079_R01C01	0.998458
6171492079_R03C01	0.994584
6171492079_R04C01	0.997307
6171492079_R05C01	0.995997
6171492079_R06C01	0.996633
6171492079_R07C01	0.996444
6171492079_R08C01	0.976062
6171492084_R01C01	0.99404
6171492084_R02C01	0.996993
6171492084_R03C01	0.998088
6171492084_R04C01	0.99747
6171492084_R05C01	0.995405
6171492084_R06C01	0.996156
6171492084_R08C01	0.996396
6171492086_R02C01	0.993578
6171492086_R05C01	0.996752
6171492086_R06C01	0.995145
6171492086_R07C01	0.994608
6171492086_R08C01	0.996811
6171492090_R01C01	0.997292
6171492090_R02C01	0.985488
6171492090_R03C01	0.996486
6171492090_R05C01	0.994111
6171492090_R06C01	0.993214
6171492090_R07C01	0.994221
6171492090_R08C01	0.995213
6171492100_R01C01	0.993842
6171492100_R03C01	0.992623
6171492100_R04C01	0.991202
6171492100_R05C01	0.993582
6171492100_R08C01	0.995372
6172882004_R01C01	0.996256
6172882004_R02C01	0.995533
6172882004_R03C01	0.982171
6172882004_R06C01	0.990904
6172882004_R07C01	0.995285
6172882004_R08C01	0.99718
6172882009_R01C01	0.995902
6172882009_R02C01	0.996967
6172882009_R03C01	0.995118
6172882009_R04C01	0.996613
6172882009_R05C01	0.994582
6172882009_R06C01	0.996198
6172882009_R07C01	0.995901
6172882009_R08C01	0.995978
6172882050_R01C01	0.996224
6172882050_R02C01	0.996206
6172882050_R03C01	0.995949
6172882050_R04C01	0.993718
6172882050_R05C01	0.996819
6172882050_R06C01	0.995712
6172882050_R08C01	0.993076
6172882051_R01C01	0.997057
6172882051_R02C01	0.99551
6172882051_R04C01	0.996303
6172882051_R05C01	0.992988
6172882051_R06C01	0.997388
6172882051_R07C01	0.99502
6172882051_R08C01	0.995385
6186483013_R01C01	0.992112
6186483013_R02C01	0.995464
6186483013_R03C01	0.988507
6186483013_R04C01	0.996122
6186483013_R05C01	0.993935
6186483013_R06C01	0.996259
6186483013_R07C01	0.996647
6186483013_R08C01	0.997669
6186483032_R03C01	0.995335
6186483032_R04C01	0.996369
6186483032_R05C01	0.995072
6186483032_R06C01	0.997662
6186483032_R07C01	0.99584
6186483032_R08C01	0.987853
6186483043_R01C01	0.980988
6186483043_R04C01	0.989414
6186483043_R05C01	0.995219
6186483043_R06C01	0.993859
6186483043_R08C01	0.995964
6186483051_R01C01	0.997218
6186483051_R08C01	0.994014
6186483068_R01C01	0.989026
6186483068_R02C01	0.997068
6186483068_R03C01	0.994462
6186483090_R01C01	0.995716
6186483090_R02C01	0.997977
6186483090_R03C01	0.997082
6186483090_R04C01	0.996374
6186483090_R06C01	0.998279
6186483090_R07C01	0.994817
6186483090_R08C01	0.99649
6186483093_R02C01	0.986922
6186483093_R03C01	0.995196
6186483093_R05C01	0.996937
6186483093_R06C01	0.997635
6186483093_R08C01	0.995641
6186483099_R01C01	0.993092
6186483099_R03C01	0.9948
6186483099_R04C01	0.996122
6186483099_R05C01	0.994218
6186483099_R07C01	0.997186
6186483099_R08C01	0.994177
6186483101_R01C01	0.993713
6186483101_R02C01	0.994042
6186483101_R03C01	0.992655
6186483101_R04C01	0.996131
6186483101_R05C01	0.992499
6186483101_R06C01	0.992469
6186483101_R08C01	0.995917
6186483132_R01C01	0.981105
6247194011_R02C01	0.997169
6247194011_R03C01	0.996355
6247194011_R04C01	0.996203
6247194011_R05C01	0.996955
6247194011_R07C01	0.992151
6247194011_R08C01	0.995853
6247194028_R01C01	0.993723
6247194028_R02C01	0.990358
6247194028_R03C01	0.997485
6247194028_R04C01	0.995075
6247194028_R06C01	0.996936
6247194028_R07C01	0.994751
6247194028_R08C01	0.995666
6247194031_R01C01	0.996686
6247194031_R02C01	0.99733
6247194031_R03C01	0.990988
6247194031_R05C01	0.993559
6247194031_R06C01	0.999292
6247194031_R07C01	0.994468
6247194043_R02C01	0.995203
6247194043_R03C01	0.997523
6247194043_R04C01	0.996257
6247194043_R07C01	0.998516
6247194043_R08C01	0.995954
6247194064_R01C01	0.996323
6247194064_R03C01	0.995475
6247194064_R04C01	0.997256
6247194064_R05C01	0.994915
6247194064_R06C01	0.997872
6247194064_R07C01	0.996005
6247194064_R08C01	0.998256
6247194098_R01C01	0.993771
6247194098_R02C01	0.994312
6247194098_R03C01	0.992047
6247194098_R04C01	0.998674
6247194098_R05C01	0.99593
6247194098_R06C01	0.998058
6247194098_R07C01	0.995277
6247194098_R08C01	0.998893
6247194107_R03C01	0.990767
6247194107_R05C01	0.983784
6247194107_R07C01	0.994017
6247194115_R02C01	0.9957
6247194115_R04C01	0.99013
6247194115_R05C01	0.99673
6247194115_R06C01	0.996552
6247194115_R08C01	0.995051
6247194117_R02C01	0.996021
6247194117_R03C01	0.997628
6247194117_R04C01	0.992218
6247194117_R05C01	0.996897
6247194117_R07C01	0.995402
6247194117_R08C01	0.993933
6247194118_R05C01	0.995858
6247194118_R08C01	0.992023
6264533042_R07C01	0.995492
6264533048_R01C01	0.995165
6264533048_R03C01	0.997171
6264533048_R04C01	0.997784
6264533048_R05C01	0.992405
6264533048_R06C01	0.995447
6264533048_R07C01	0.994215
6264533048_R08C01	0.996701
6264533060_R03C01	0.99472
6264533060_R05C01	0.993823
6264533060_R06C01	0.992339
6264533060_R07C01	0.994446
6264533060_R08C01	0.994154
6264533086_R01C01	0.976117
6264533086_R03C01	0.99492
6264533086_R05C01	0.991381
6264550046_R02C01	0.99441
6264550046_R03C01	0.996369
6264550046_R04C01	0.993956
6264550046_R07C01	0.993573
