                      +-----------------------------+
                      |                             |
                      |   Eagle v2.4.1              |
                      |   November 18, 2018         |
                      |   Po-Ru Loh                 |
                      |                             |
                      +-----------------------------+

Copyright (C) 2015-2018 Harvard University.
Distributed under the GNU GPLv3+ open source license.

Command line options:

eagle \
    --vcfRef=/BIODATA/StudentsHome/kevine/GWAS/Git/GWAS/1000G/ALL.chr3.phase3_integrated.20130502.genotypes.bcf \
    --vcfTarget=qc-camgwas-updated.vcf.gz \
    --geneticMapFile=tables/genetic_map_hg19_withX.txt.gz \
    --outPrefix=chr3-phased_wref \
    --chrom=3 \
    --pbwtIters=10 \
    --numThreads=90 \
    --Kpbwt=50000 \
    --vcfOutFormat=z 

Setting number of threads to 90
[W::bcf_hdr_check_sanity] PL should be declared as Number=G

Reference samples: Nref = 2504
Target samples: Ntarget = 1185
SNPs to analyze: M = 117458 SNPs in both target and reference

SNPs ignored: 0 SNPs in target but not reference
              3241358 SNPs in reference but not target
              0 multi-allelic SNPs in target

Missing rate in target genotypes: 0.00408845

Filling in genetic map coordinates using reference file:
  tables/genetic_map_hg19_withX.txt.gz
Physical distance range: 197789243 base pairs
Genetic distance range:  227.707 cM
Average # SNPs per cM:   516
Number of <=(64-SNP, 1cM) segments: 1836
Average # SNPs per segment: 63

Time for reading input: 63.3319 sec

Fraction of heterozygous genotypes: 0.254317
Typical span of default 100-het history length: 0.76 cM
Setting --histFactor=1.31
Typical span of 131-het history length: 1.00 cM

BEGINNING PHASING

PHASING ITER 1 OF 10


Phasing target samples
................................................................................
Time for phasing iter 1: 1673.21

PHASING ITER 2 OF 10


Phasing target samples
................................................................................
Time for phasing iter 2: 1906.69

PHASING ITER 3 OF 10


Phasing target samples
................................................................................
Time for phasing iter 3: 1846.69

PHASING ITER 4 OF 10


Phasing target samples
................................................................................
Time for phasing iter 4: 1477.29

PHASING ITER 5 OF 10


Phasing target samples
................................................................................
Time for phasing iter 5: 1455.03

PHASING ITER 6 OF 10


Phasing target samples
................................................................................
Time for phasing iter 6: 1454.7

PHASING ITER 7 OF 10


Phasing target samples
................................................................................
Time for phasing iter 7: 1477.72

PHASING ITER 8 OF 10


Phasing target samples
................................................................................
Time for phasing iter 8: 1419.66

PHASING ITER 9 OF 10


Phasing target samples
................................................................................
Time for phasing iter 9: 1499.74

PHASING ITER 10 OF 10


Phasing target samples
................................................................................
Time for phasing iter 10: 1887.65
Writing vcf.gz output to chr3-phased_wref.vcf.gz
Time for writing output: 18.5344
Total elapsed time for analysis = 16180.6 sec

Mean phase confidence of each target individual:
ID	PHASE_CONFIDENCE
6042341077_R01C01	0.998359
6042341077_R03C01	0.997283
6042341077_R04C01	0.995707
6042341077_R05C01	0.998524
6042341077_R06C01	0.998049
6042341077_R07C01	0.997577
6042341089_R01C01	0.999394
6042341089_R02C01	0.997851
6042341089_R03C01	0.99854
6042341089_R04C01	0.996967
6042341089_R05C01	0.997961
6042341089_R06C01	0.997344
6042341089_R07C01	0.997785
6042341089_R08C01	0.998015
6042341090_R01C01	0.996948
6042341090_R02C01	0.997364
6042341090_R03C01	0.997313
6042341090_R04C01	0.997775
6042341090_R05C01	0.9975
6042341090_R06C01	0.998031
6042341090_R07C01	0.997206
6042341090_R08C01	0.997096
6042341099_R01C01	0.998415
6042341099_R02C01	0.998091
6042341099_R03C01	0.998321
6042341099_R04C01	0.998132
6042341099_R05C01	0.99764
6042341099_R06C01	0.993282
6042341099_R07C01	0.9956
6042341099_R08C01	0.996701
6042341154_R06C01	0.997487
6042341154_R07C01	0.998362
6042341154_R08C01	0.997868
6042341162_R01C01	0.998449
6042341162_R02C01	0.998181
6042341162_R03C01	0.998316
6042341162_R04C01	0.99846
6042341162_R05C01	0.998338
6042341162_R06C01	0.998377
6042341162_R07C01	0.998409
6042341162_R08C01	0.998156
6042359084_R01C01	0.998173
6042359084_R02C01	0.998178
6042359084_R03C01	0.997528
6042359084_R04C01	0.997612
6042359084_R05C01	0.996933
6042359084_R06C01	0.997897
6042359084_R07C01	0.997527
6042359084_R08C01	0.998957
6042375002_R01C01	0.995425
6042375002_R02C01	0.997538
6042375002_R03C01	0.998056
6042375002_R04C01	0.997593
6042375002_R05C01	0.998632
6042375002_R06C01	0.998119
6042375002_R07C01	0.998314
6042375002_R08C01	0.997461
6042375003_R01C01	0.9987
6042375003_R02C01	0.99821
6042375003_R03C01	0.997676
6042375003_R04C01	0.997554
6042375003_R05C01	0.998736
6042375003_R06C01	0.998606
6042375003_R07C01	0.997831
6042375003_R08C01	0.998706
6042375012_R01C01	0.99842
6042375012_R02C01	0.99853
6042375012_R03C01	0.997802
6042375012_R04C01	0.997643
6042375012_R05C01	0.997987
6042375012_R06C01	0.997914
6042375013_R01C01	0.997973
6042375013_R02C01	0.997293
6042375013_R03C01	0.998338
6042375013_R04C01	0.998014
6042375013_R05C01	0.997296
6042375013_R06C01	0.997382
6042375013_R07C01	0.998242
6042375013_R08C01	0.997993
6042375014_R01C01	0.998121
6042375014_R02C01	0.99839
6042375014_R03C01	0.997631
6042375014_R04C01	0.997093
6042375014_R05C01	0.997053
6042375014_R06C01	0.998396
6042375014_R08C01	0.997176
6042375022_R01C01	0.998137
6042375022_R02C01	0.99754
6042375022_R03C01	0.998324
6042375022_R04C01	0.998387
6042375022_R05C01	0.998815
6042375022_R06C01	0.998532
6042375022_R07C01	0.997402
6042375023_R01C01	0.998354
6042375023_R02C01	0.99833
6042375023_R03C01	0.997895
6042375023_R04C01	0.998003
6042375023_R05C01	0.998378
6042375023_R06C01	0.997722
6042375023_R07C01	0.99772
6042375023_R08C01	0.99777
6042375024_R01C01	0.998108
6042375024_R02C01	0.998208
6042375024_R03C01	0.997082
6042375024_R04C01	0.997326
6042375024_R05C01	0.999206
6042375024_R06C01	0.997348
6042375024_R07C01	0.99563
6042375024_R08C01	0.997833
6042375025_R01C01	0.997932
6042375025_R02C01	0.998055
6042375025_R03C01	0.998607
6042375025_R04C01	0.998266
6042375025_R05C01	0.998376
6042375025_R06C01	0.99863
6042375025_R07C01	0.998558
6042375025_R08C01	0.997887
6042375029_R01C01	0.998135
6042375029_R02C01	0.998175
6042375029_R03C01	0.998029
6042375029_R04C01	0.997753
6042375029_R05C01	0.996972
6042375029_R06C01	0.998148
6042375029_R07C01	0.998119
6042375029_R08C01	0.997656
6042375043_R01C01	0.998981
6042375043_R02C01	0.997967
6042375043_R04C01	0.997868
6042375043_R05C01	0.998282
6042375043_R07C01	0.997182
6042375043_R08C01	0.99872
6042375044_R01C01	0.996052
6042375044_R02C01	0.99766
6042375044_R03C01	0.998371
6042375044_R05C01	0.996591
6042375044_R06C01	0.998194
6042375044_R07C01	0.998043
6042375044_R08C01	0.996168
6042375045_R02C01	0.997516
6042375045_R03C01	0.997344
6042375045_R04C01	0.992327
6042375045_R05C01	0.998351
6042375045_R06C01	0.998081
6042375045_R07C01	0.997199
6042375045_R08C01	0.998482
6042375053_R01C01	0.997024
6042375053_R02C01	0.998395
6042375053_R03C01	0.997896
6042375053_R04C01	0.997725
6042375053_R05C01	0.998542
6042375053_R06C01	0.99844
6042375053_R07C01	0.996857
6042375053_R08C01	0.996911
6042375080_R01C01	0.998121
6042375080_R02C01	0.998185
6042375080_R03C01	0.997993
6042375080_R04C01	0.9985
6042375080_R05C01	0.998418
6042375080_R06C01	0.998342
6042375080_R07C01	0.998317
6042375080_R08C01	0.997425
6042375085_R01C01	0.99706
6042375085_R02C01	0.998408
6042375085_R03C01	0.995626
6042375085_R04C01	0.998718
6042375085_R05C01	0.997607
6042375085_R06C01	0.998428
6042375085_R07C01	0.998276
6042375085_R08C01	0.998015
6042375100_R01C01	0.99698
6042375100_R02C01	0.998104
6042375100_R04C01	0.998971
6042375100_R05C01	0.997653
6042375100_R06C01	0.998096
6042375100_R07C01	0.99834
6042375100_R08C01	0.998807
6042375101_R01C01	0.998211
6042375101_R02C01	0.998143
6042375101_R03C01	0.998339
6042375101_R04C01	0.997322
6042375101_R05C01	0.997958
6042375101_R06C01	0.993248
6042375101_R07C01	0.998033
6042375101_R08C01	0.997891
6042375104_R01C01	0.998036
6042375104_R02C01	0.99734
6042375104_R03C01	0.997243
6042375104_R04C01	0.998388
6042375104_R06C01	0.997454
6042375104_R08C01	0.997888
6042375137_R01C01	0.997818
6042375137_R02C01	0.998484
6042375137_R03C01	0.997948
6042375137_R05C01	0.995936
6042375137_R06C01	0.998599
6042375137_R07C01	0.998769
6042375137_R08C01	0.998076
6042375138_R01C01	0.998434
6042375138_R02C01	0.997802
6042375138_R03C01	0.997661
6042375138_R04C01	0.997487
6042375138_R05C01	0.998212
6042375138_R06C01	0.994862
6042375138_R07C01	0.99777
6042375138_R08C01	0.998307
6042375146_R01C01	0.998122
6042375146_R02C01	0.997602
6042375146_R03C01	0.997686
6042375146_R04C01	0.997862
6042375146_R05C01	0.998118
6042375146_R06C01	0.996899
6042375146_R07C01	0.997842
6042375146_R08C01	0.998033
6130471012_R01C01	0.998061
6130471012_R02C01	0.998781
6130471012_R03C01	0.994883
6130471012_R04C01	0.997988
6130471012_R05C01	0.998083
6130471012_R06C01	0.997914
6130471012_R07C01	0.997652
6130471012_R08C01	0.998267
6130471070_R01C01	0.9983
6130471070_R02C01	0.992739
6130471070_R03C01	0.997824
6130471070_R04C01	0.997754
6130471070_R05C01	0.998019
6130471070_R06C01	0.997218
6130471070_R07C01	0.997817
6130471070_R08C01	0.998104
6130471071_R01C01	0.997342
6130471071_R02C01	0.997232
6130471071_R03C01	0.998045
6130471071_R05C01	0.996918
6130471071_R06C01	0.996739
6130471071_R07C01	0.997121
6130471110_R01C01	0.99764
6130471110_R02C01	0.996672
6130471110_R04C01	0.997963
6130471110_R05C01	0.995148
6130471110_R06C01	0.99828
6130471110_R07C01	0.997491
6130471110_R08C01	0.994506
6130471129_R01C01	0.99724
6130471129_R02C01	0.997965
6130471129_R03C01	0.996518
6130471129_R04C01	0.997477
6130471129_R05C01	0.995906
6130471129_R06C01	0.998397
6130471129_R07C01	0.996067
6130471129_R08C01	0.998167
6135563011_R01C01	0.997845
6135563011_R02C01	0.998484
6135563011_R03C01	0.997935
6135563011_R04C01	0.998018
6135563011_R06C01	0.99841
6135563011_R07C01	0.998192
6135563011_R08C01	0.997918
6135563012_R02C01	0.998254
6135563012_R04C01	0.994954
6135563012_R05C01	0.997148
6135563012_R06C01	0.997893
6135563012_R07C01	0.998031
6135563012_R08C01	0.994122
6135563014_R02C01	0.999409
6135563014_R03C01	0.999081
6135563014_R04C01	0.998142
6135563014_R05C01	0.998155
6135563014_R06C01	0.998159
6135563014_R07C01	0.998547
6135563014_R08C01	0.99765
6135563015_R02C01	0.997378
6135563015_R04C01	0.997018
6135563015_R05C01	0.997854
6135563015_R06C01	0.997155
6135563015_R07C01	0.998044
6135563015_R08C01	0.997854
6135563041_R01C01	0.998866
6135563041_R03C01	0.997637
6135563041_R04C01	0.997781
6135563041_R05C01	0.998111
6135563041_R06C01	0.99876
6135571025_R01C01	0.993241
6135571025_R03C01	0.997012
6135571025_R04C01	0.997649
6135571025_R07C01	0.998429
6135571025_R08C01	0.998181
6135580001_R01C01	0.998291
6135580001_R02C01	0.998572
6135580001_R03C01	0.998796
6135580001_R04C01	0.998168
6135580001_R05C01	0.997399
6135580001_R06C01	0.998251
6135580001_R07C01	0.99875
6135580001_R08C01	0.997918
6135580011_R01C01	0.997661
6135580011_R02C01	0.995935
6135580011_R03C01	0.997792
6135580011_R04C01	0.997957
6135580011_R05C01	0.998787
6135580011_R07C01	0.998667
6135580011_R08C01	0.99771
6135580017_R01C01	0.998397
6135580017_R02C01	0.99885
6135580017_R03C01	0.996698
6135580017_R04C01	0.997375
6135580017_R05C01	0.998868
6135580017_R06C01	0.998015
6135580017_R07C01	0.998386
6135580017_R08C01	0.998089
6135580027_R01C01	0.998173
6135580027_R02C01	0.99702
6135580027_R03C01	0.998528
6135580027_R04C01	0.99855
6135580027_R05C01	0.998583
6135580027_R06C01	0.998684
6135580027_R07C01	0.998676
6135580027_R08C01	0.998364
6135580057_R01C01	0.997361
6135580057_R02C01	0.998172
6135580057_R03C01	0.998387
6135580057_R04C01	0.998339
6135580057_R05C01	0.998187
6135580057_R06C01	0.997749
6135580057_R07C01	0.997654
6135580057_R08C01	0.998774
6135580073_R01C01	0.998376
6135580073_R03C01	0.996976
6135580073_R04C01	0.997425
6135580073_R05C01	0.998388
6135580073_R06C01	0.998572
6135580073_R07C01	0.997943
6135580073_R08C01	0.997688
6135580082_R01C01	0.997821
6135580082_R02C01	0.998565
6135580082_R03C01	0.997262
6135580082_R04C01	0.99902
6135580082_R06C01	0.995943
6135580082_R07C01	0.99829
6135580082_R08C01	0.998041
6135580098_R01C01	0.998288
6135580098_R02C01	0.998525
6135580098_R04C01	0.998214
6135580098_R05C01	0.998151
6135580098_R06C01	0.998473
6135580098_R07C01	0.99861
6135580098_R08C01	0.99844
6135580116_R02C01	0.994616
6135580116_R03C01	0.998356
6135580116_R05C01	0.996975
6135580116_R06C01	0.99789
6135580116_R08C01	0.997465
6135580117_R02C01	0.997224
6135580117_R03C01	0.997162
6135580117_R04C01	0.99868
6135580117_R05C01	0.998011
6135580117_R06C01	0.998375
6135580118_R01C01	0.996684
6135580118_R02C01	0.995736
6135580118_R04C01	0.996985
6135580118_R05C01	0.998326
6135580118_R06C01	0.997711
6135580118_R08C01	0.997047
6135580123_R02C01	0.997877
6135580123_R04C01	0.997449
6135580123_R05C01	0.997878
6135580123_R07C01	0.994855
6135580123_R08C01	0.996264
6135580144_R01C01	0.997824
6135580144_R08C01	0.997574
6135580145_R06C01	0.998094
6135580145_R08C01	0.99214
6135601008_R01C01	0.998215
6135601008_R02C01	0.993539
6135601008_R03C01	0.997883
6135601008_R04C01	0.997579
6135601008_R06C01	0.998939
6135601008_R07C01	0.998554
6135601008_R08C01	0.998146
6135601009_R01C01	0.998407
6135601009_R02C01	0.996956
6135601009_R03C01	0.998542
6135601009_R04C01	0.998892
6135601009_R05C01	0.99751
6135601009_R06C01	0.998255
6135601009_R07C01	0.997997
6135601009_R08C01	0.998082
6135601012_R04C01	0.998262
6135601012_R05C01	0.9989
6135601012_R06C01	0.997842
6135601012_R07C01	0.99437
6135601018_R03C01	0.997892
6135601018_R05C01	0.998069
6135601018_R07C01	0.987071
6135601018_R08C01	0.9944
6135601027_R03C01	0.997703
6135601027_R04C01	0.997322
6135601027_R05C01	0.99806
6135601027_R07C01	0.998017
6135601034_R01C01	0.998674
6135601034_R02C01	0.997917
6135601034_R03C01	0.997753
6135601034_R04C01	0.998152
6135601034_R06C01	0.997513
6135601045_R01C01	0.998507
6135601045_R02C01	0.998715
6135601045_R03C01	0.99677
6135601045_R04C01	0.998143
6135601045_R05C01	0.997899
6135601045_R07C01	0.998838
6135601045_R08C01	0.997276
6135601049_R01C01	0.998394
6135601049_R02C01	0.997941
6135601049_R03C01	0.997156
6135601049_R05C01	0.993467
6135601049_R06C01	0.998211
6135601049_R07C01	0.997507
6135601049_R08C01	0.998016
6135601060_R01C01	0.996106
6135601060_R03C01	0.997539
6135601060_R04C01	0.980942
6135601060_R05C01	0.996159
6135601060_R06C01	0.99648
6135601066_R01C01	0.998004
6135601066_R02C01	0.995533
6135601066_R03C01	0.998315
6135601066_R04C01	0.997264
6135601066_R05C01	0.996289
6135601066_R06C01	0.997792
6135601066_R07C01	0.997755
6135601066_R08C01	0.998137
6135601080_R01C01	0.99804
6135601080_R02C01	0.995145
6135601080_R03C01	0.998725
6135601080_R07C01	0.997982
6135601080_R08C01	0.998515
6135601081_R01C01	0.998025
6135601081_R02C01	0.997473
6135601081_R03C01	0.997706
6135601081_R04C01	0.99821
6135601081_R05C01	0.998994
6135601081_R07C01	0.998102
6135601081_R08C01	0.998417
6135601082_R02C01	0.998509
6135601082_R03C01	0.998146
6135601082_R04C01	0.997896
6135601082_R05C01	0.997272
6135601082_R06C01	0.997632
6135601082_R07C01	0.997969
6135601082_R08C01	0.997809
6135601086_R01C01	0.996307
6135601086_R03C01	0.997581
6135601086_R04C01	0.997743
6135601086_R05C01	0.994752
6135601086_R07C01	0.996179
6135601094_R05C01	0.99727
6135601094_R06C01	0.9909
6135601108_R01C01	0.996874
6135601108_R02C01	0.997872
6135601108_R03C01	0.998526
6135601108_R04C01	0.997981
6135601108_R05C01	0.997975
6135601108_R06C01	0.997306
6135601108_R07C01	0.99749
6135601108_R08C01	0.997982
6135601115_R02C01	0.997373
6135601115_R04C01	0.997581
6135601115_R06C01	0.997335
6135601115_R07C01	0.998022
6135601115_R08C01	0.998652
6135601116_R01C01	0.997127
6135601116_R02C01	0.997821
6135601116_R05C01	0.997995
6135601116_R07C01	0.997599
6135601116_R08C01	0.998686
6135601117_R01C01	0.997231
6135601117_R05C01	0.998635
6135601117_R06C01	0.996239
6135601117_R07C01	0.998694
6135601117_R08C01	0.998122
6135601120_R03C01	0.998002
6135601120_R04C01	0.998068
6135601120_R06C01	0.99819
6135601120_R07C01	0.997652
6135601120_R08C01	0.998835
6135601124_R01C01	0.998309
6135601124_R02C01	0.997324
6135601124_R03C01	0.997643
6135601124_R04C01	0.997543
6135601124_R05C01	0.99819
6135601124_R06C01	0.997449
6135601124_R07C01	0.997451
6135601124_R08C01	0.997374
6135601130_R01C01	0.99835
6135601130_R02C01	0.992348
6135601130_R03C01	0.998616
6135601130_R04C01	0.996783
6135601130_R05C01	0.997818
6135601130_R06C01	0.99868
6135601130_R07C01	0.998277
6135601130_R08C01	0.998341
6135601149_R01C01	0.996812
6135601149_R02C01	0.998234
6135601149_R06C01	0.995607
6135601149_R08C01	0.997718
6135601151_R01C01	0.996503
6135601151_R02C01	0.997904
6135601151_R03C01	0.997899
6135601151_R04C01	0.99821
6135601151_R05C01	0.998189
6135601151_R06C01	0.998131
6135601151_R07C01	0.997523
6135601151_R08C01	0.997763
6135601153_R03C01	0.997747
6135601153_R05C01	0.997602
6135601153_R06C01	0.993254
6135601153_R07C01	0.997019
6135601153_R08C01	0.998762
6135601156_R01C01	0.997706
6135601156_R02C01	0.997669
6135601156_R03C01	0.997347
6135601156_R04C01	0.997453
6135601156_R05C01	0.998127
6135601156_R06C01	0.998075
6135601156_R08C01	0.99854
6135601162_R01C01	0.993984
6135601162_R02C01	0.997361
6135601162_R04C01	0.997987
6135601162_R05C01	0.998255
6135601162_R06C01	0.997305
6135601162_R07C01	0.998174
6135601162_R08C01	0.997734
6135601167_R02C01	0.998808
6135601167_R03C01	0.998585
6135601167_R04C01	0.997982
6135601167_R05C01	0.99583
6135601167_R06C01	0.997693
6135601167_R07C01	0.996392
6147054060_R01C01	0.998351
6147054060_R02C01	0.99843
6147054060_R03C01	0.997591
6147054060_R04C01	0.998368
6147054060_R05C01	0.997014
6147054060_R07C01	0.997335
6147054060_R08C01	0.998105
6147054122_R01C01	0.996286
6147054122_R02C01	0.998092
6147054122_R03C01	0.996996
6147054122_R04C01	0.99815
6147054122_R05C01	0.99809
6147054122_R06C01	0.997922
6147054122_R07C01	0.997973
6147054122_R08C01	0.997656
6147054149_R01C01	0.997324
6147054149_R02C01	0.99855
6147054149_R07C01	0.998078
6147054149_R08C01	0.998101
6147054150_R01C01	0.998053
6147054150_R02C01	0.998361
6147054150_R03C01	0.99857
6147054150_R04C01	0.998206
6147054150_R05C01	0.998452
6147054150_R06C01	0.998614
6147054150_R07C01	0.997672
6147054150_R08C01	0.998365
6147062005_R03C01	0.998539
6147062005_R04C01	0.998288
6147062005_R06C01	0.997182
6147062005_R07C01	0.997958
6147062010_R01C01	0.99775
6147062010_R02C01	0.998846
6147062010_R03C01	0.998417
6147062010_R04C01	0.996238
6147062010_R05C01	0.998997
6147062010_R06C01	0.998659
6147062010_R07C01	0.998392
6147062010_R08C01	0.998472
6147062028_R03C01	0.996987
6147062037_R01C01	0.997397
6147062037_R02C01	0.994033
6147062037_R03C01	0.998318
6147062037_R04C01	0.998069
6147062037_R05C01	0.997507
6147062037_R06C01	0.997692
6147062037_R07C01	0.997717
6147062055_R01C01	0.997189
6147062055_R02C01	0.997469
6147062055_R04C01	0.997896
6147062055_R07C01	0.998417
6147062055_R08C01	0.998052
6147062102_R01C01	0.997831
6147062102_R02C01	0.998051
6147062102_R03C01	0.997897
6147062102_R04C01	0.997923
6147062102_R05C01	0.998659
6147062102_R06C01	0.998326
6147062133_R01C01	0.997972
6147062133_R02C01	0.998426
6147062133_R03C01	0.998208
6147062133_R05C01	0.998238
6147062133_R06C01	0.998564
6147062134_R01C01	0.998481
6147062134_R02C01	0.998363
6147062134_R03C01	0.99902
6147062134_R06C01	0.997358
6147062134_R07C01	0.997744
6147062134_R08C01	0.997724
6147062135_R01C01	0.998276
6147062135_R02C01	0.998101
6147062135_R04C01	0.997569
6147062135_R05C01	0.99815
6147062135_R06C01	0.995446
6147062135_R08C01	0.997949
6147062147_R01C01	0.993276
6147062147_R03C01	0.998021
6147062147_R04C01	0.998045
6147062147_R05C01	0.998473
6147062147_R06C01	0.998025
6147062147_R07C01	0.996493
6147062147_R08C01	0.998234
6147062162_R01C01	0.99781
6147062162_R03C01	0.99742
6147062162_R05C01	0.997394
6147062162_R06C01	0.996943
6147062162_R07C01	0.997793
6147062167_R02C01	0.99843
6147062167_R03C01	0.997871
6147062167_R04C01	0.996809
6147062167_R05C01	0.998054
6147062167_R06C01	0.99471
6147062167_R08C01	0.997303
6147071002_R01C01	0.998269
6147071002_R02C01	0.993036
6147071002_R03C01	0.997811
6147071002_R05C01	0.996873
6147071002_R06C01	0.997482
6147071002_R07C01	0.998621
6147071002_R08C01	0.997816
6147071043_R03C01	0.998502
6147071043_R05C01	0.997397
6147071043_R08C01	0.998128
6147071044_R01C01	0.998094
6147071044_R02C01	0.997695
6147071044_R03C01	0.997049
6147071044_R04C01	0.997369
6147071044_R06C01	0.997446
6147071044_R07C01	0.997092
6147071044_R08C01	0.997579
6147071047_R01C01	0.99793
6147071047_R02C01	0.997913
6147071047_R05C01	0.99776
6147071047_R06C01	0.998155
6147071047_R07C01	0.998177
6147071047_R08C01	0.996115
6147071059_R02C01	0.997745
6147071059_R03C01	0.997649
6147071059_R04C01	0.997379
6147071059_R07C01	0.998285
6147071059_R08C01	0.997491
6147071060_R02C01	0.998351
6147071060_R03C01	0.99818
6147071060_R04C01	0.996846
6147071060_R05C01	0.997498
6147071060_R06C01	0.996935
6147071060_R07C01	0.997861
6147071060_R08C01	0.995117
6147071101_R01C01	0.998422
6147071101_R02C01	0.996969
6147071101_R04C01	0.997469
6147071101_R05C01	0.998549
6147071101_R06C01	0.997777
6147071101_R07C01	0.998621
6147071101_R08C01	0.996967
6147071123_R01C01	0.99773
6147071123_R02C01	0.998418
6147071123_R03C01	0.998289
6147071123_R04C01	0.997518
6147071123_R05C01	0.998016
6147071123_R06C01	0.998427
6147071123_R07C01	0.998754
6147071123_R08C01	0.996355
6147071155_R01C01	0.997519
6147071155_R02C01	0.998495
6147071155_R03C01	0.996814
6147071155_R04C01	0.996799
6147071155_R06C01	0.998347
6147071155_R07C01	0.99751
6147071155_R08C01	0.998102
6147071157_R01C01	0.998404
6147071157_R02C01	0.998622
6147071157_R03C01	0.998277
6147071157_R04C01	0.998221
6147071157_R05C01	0.997934
6147071157_R06C01	0.997958
6147071157_R07C01	0.998314
6147071157_R08C01	0.997681
6160275010_R02C01	0.997399
6160275010_R03C01	0.99786
6160275010_R04C01	0.996899
6160275010_R05C01	0.997033
6160275010_R06C01	0.997573
6160275010_R07C01	0.99854
6160275010_R08C01	0.998246
6160275012_R02C01	0.997873
6160275012_R03C01	0.997935
6160275012_R04C01	0.99772
6160275012_R05C01	0.996599
6160275012_R06C01	0.997352
6160275012_R07C01	0.998336
6160275012_R08C01	0.999048
6160275019_R01C01	0.997953
6160275019_R02C01	0.997829
6160275019_R03C01	0.998436
6160275019_R04C01	0.998558
6160275019_R05C01	0.998507
6160275019_R06C01	0.997921
6160275019_R07C01	0.997612
6160275020_R01C01	0.998046
6160275020_R02C01	0.997771
6160275020_R03C01	0.997937
6160275020_R04C01	0.998201
6160275020_R05C01	0.998512
6160275020_R06C01	0.997528
6160275020_R07C01	0.998042
6160275020_R08C01	0.998482
6160275021_R01C01	0.997074
6160275021_R02C01	0.997628
6160275021_R03C01	0.998401
6160275021_R04C01	0.998045
6160275021_R05C01	0.997274
6160275021_R06C01	0.998138
6160275021_R07C01	0.998648
6160275021_R08C01	0.998009
6160275022_R01C01	0.997071
6160275022_R02C01	0.997987
6160275022_R03C01	0.998291
6160275022_R04C01	0.997869
6160275022_R05C01	0.998447
6160275022_R06C01	0.997992
6160275022_R07C01	0.998042
6160275022_R08C01	0.997702
6160275043_R01C01	0.99783
6160275043_R02C01	0.99819
6160275043_R03C01	0.998124
6160275043_R04C01	0.997553
6160275043_R05C01	0.997905
6160275043_R06C01	0.997918
6160275043_R08C01	0.994278
6160275044_R01C01	0.997346
6160275044_R02C01	0.997755
6160275044_R03C01	0.998581
6160275044_R04C01	0.99739
6160275044_R05C01	0.998186
6160275044_R06C01	0.998095
6160275044_R07C01	0.998455
6160275044_R08C01	0.997647
6160275046_R01C01	0.998127
6160275046_R02C01	0.998287
6160275046_R03C01	0.99697
6160275046_R05C01	0.993189
6160275046_R06C01	0.998042
6160275046_R07C01	0.998008
6160275058_R01C01	0.99688
6160275058_R02C01	0.997931
6160275058_R03C01	0.997614
6160275058_R04C01	0.997864
6160275058_R05C01	0.998334
6160275058_R06C01	0.997935
6160275058_R07C01	0.998017
6160275058_R08C01	0.998929
6160275059_R01C01	0.99856
6160275059_R02C01	0.998526
6160275059_R03C01	0.998545
6160275059_R04C01	0.998216
6160275059_R05C01	0.998643
6160275059_R06C01	0.998636
6160275059_R07C01	0.998687
6160275059_R08C01	0.997796
6160275060_R01C01	0.997932
6160275060_R02C01	0.998611
6160275060_R03C01	0.998332
6160275060_R04C01	0.998823
6160275060_R05C01	0.996982
6160275060_R06C01	0.998824
6160275060_R07C01	0.998248
6160275060_R08C01	0.998668
6160304032_R01C01	0.997698
6160304032_R02C01	0.995728
6160304032_R03C01	0.997493
6160304032_R04C01	0.99826
6160304032_R05C01	0.998067
6160304032_R07C01	0.997901
6160304032_R08C01	0.997675
6160304033_R01C01	0.997837
6160304033_R02C01	0.998255
6160304033_R03C01	0.998286
6160304033_R04C01	0.997991
6160304033_R05C01	0.995212
6160304033_R06C01	0.998493
6160304033_R07C01	0.998432
6160304033_R08C01	0.998218
6164663042_R01C01	0.992937
6164663042_R02C01	0.997843
6164663042_R03C01	0.997565
6164663042_R04C01	0.998369
6164663042_R05C01	0.99813
6164663042_R06C01	0.995332
6164663042_R07C01	0.99844
6164663042_R08C01	0.997629
6165295013_R01C01	0.998395
6165295013_R02C01	0.997585
6165295013_R03C01	0.99835
6165295013_R04C01	0.998558
6165295013_R06C01	0.997227
6165295019_R01C01	0.997139
6165295019_R02C01	0.998179
6165295019_R04C01	0.997411
6165295019_R05C01	0.99808
6165295019_R06C01	0.997905
6165295019_R07C01	0.99792
6165295019_R08C01	0.997937
6165295021_R01C01	0.991305
6165295021_R02C01	0.998369
6165295021_R03C01	0.997867
6165295021_R04C01	0.997031
6165295021_R05C01	0.998327
6165295021_R06C01	0.998167
6165295021_R07C01	0.998312
6165295021_R08C01	0.997657
6165295023_R01C01	0.995383
6165295023_R02C01	0.99547
6165295023_R03C01	0.998504
6165295023_R04C01	0.998292
6165295023_R05C01	0.991936
6165295023_R06C01	0.997954
6165295023_R07C01	0.997654
6165295023_R08C01	0.998363
6165295050_R01C01	0.997444
6165295050_R02C01	0.991997
6165295050_R03C01	0.997024
6165295050_R04C01	0.998316
6165295050_R05C01	0.998037
6165295050_R06C01	0.998596
6165295050_R07C01	0.998412
6165295050_R08C01	0.998266
6165295051_R01C01	0.996049
6165295051_R03C01	0.997568
6165295051_R04C01	0.998527
6165295051_R05C01	0.996545
6165295051_R07C01	0.996125
6165295051_R08C01	0.996767
6171492001_R02C01	0.990454
6171492001_R03C01	0.998004
6171492001_R05C01	0.997572
6171492001_R07C01	0.997259
6171492013_R02C01	0.998651
6171492013_R03C01	0.997744
6171492013_R04C01	0.998519
6171492013_R07C01	0.996793
6171492013_R08C01	0.998435
6171492015_R01C01	0.998299
6171492015_R02C01	0.996378
6171492015_R03C01	0.998261
6171492015_R04C01	0.997441
6171492015_R05C01	0.997902
6171492015_R06C01	0.997936
6171492015_R07C01	0.997267
6171492015_R08C01	0.998167
6171492016_R01C01	0.997946
6171492016_R02C01	0.997418
6171492016_R03C01	0.997206
6171492016_R04C01	0.997103
6171492016_R05C01	0.998353
6171492016_R06C01	0.99783
6171492016_R07C01	0.997453
6171492017_R02C01	0.997591
6171492017_R03C01	0.993544
6171492017_R04C01	0.998842
6171492017_R05C01	0.998266
6171492017_R06C01	0.997911
6171492017_R07C01	0.997711
6171492017_R08C01	0.99701
6171492025_R01C01	0.998357
6171492025_R02C01	0.997697
6171492025_R03C01	0.996033
6171492025_R04C01	0.993803
6171492025_R05C01	0.997466
6171492025_R06C01	0.998496
6171492025_R07C01	0.998084
6171492025_R08C01	0.998457
6171492029_R01C01	0.997787
6171492029_R02C01	0.998689
6171492029_R04C01	0.998044
6171492029_R05C01	0.998645
6171492029_R06C01	0.997309
6171492029_R08C01	0.998348
6171492039_R03C01	0.997892
6171492039_R04C01	0.996895
6171492039_R05C01	0.99779
6171492039_R06C01	0.988166
6171492039_R07C01	0.997665
6171492043_R02C01	0.998631
6171492043_R03C01	0.994224
6171492043_R04C01	0.996575
6171492043_R05C01	0.998648
6171492043_R06C01	0.997907
6171492043_R07C01	0.996245
6171492043_R08C01	0.998081
6171492045_R01C01	0.997469
6171492045_R02C01	0.997187
6171492045_R05C01	0.998105
6171492045_R08C01	0.997817
6171492048_R06C01	0.984576
6171492048_R08C01	0.973185
6171492049_R01C01	0.997756
6171492049_R02C01	0.998485
6171492049_R03C01	0.997127
6171492049_R04C01	0.99356
6171492049_R05C01	0.998391
6171492049_R06C01	0.998828
6171492049_R07C01	0.997194
6171492049_R08C01	0.99773
6171492050_R01C01	0.997959
6171492050_R02C01	0.998327
6171492050_R05C01	0.998086
6171492050_R06C01	0.998554
6171492050_R07C01	0.998603
6171492050_R08C01	0.996492
6171492053_R01C01	0.997439
6171492053_R02C01	0.998388
6171492053_R03C01	0.998311
6171492053_R04C01	0.997789
6171492053_R05C01	0.998359
6171492053_R06C01	0.997648
6171492053_R07C01	0.998533
6171492053_R08C01	0.998544
6171492055_R01C01	0.99808
6171492055_R02C01	0.992048
6171492055_R03C01	0.998183
6171492055_R04C01	0.99856
6171492055_R06C01	0.998301
6171492055_R07C01	0.997918
6171492055_R08C01	0.99797
6171492056_R01C01	0.998045
6171492056_R02C01	0.998086
6171492056_R03C01	0.998637
6171492056_R04C01	0.998297
6171492056_R05C01	0.997616
6171492056_R08C01	0.997994
6171492059_R01C01	0.998483
6171492059_R02C01	0.998522
6171492059_R04C01	0.997883
6171492059_R05C01	0.998309
6171492059_R06C01	0.99742
6171492059_R07C01	0.998061
6171492059_R08C01	0.99713
6171492060_R01C01	0.99794
6171492060_R02C01	0.998008
6171492060_R03C01	0.99451
6171492060_R04C01	0.998035
6171492060_R05C01	0.99806
6171492060_R08C01	0.99153
6171492068_R01C01	0.998438
6171492068_R02C01	0.998605
6171492068_R03C01	0.998455
6171492068_R04C01	0.99702
6171492068_R05C01	0.999129
6171492068_R06C01	0.998206
6171492068_R08C01	0.997621
6171492069_R02C01	0.99741
6171492069_R06C01	0.996929
6171492069_R07C01	0.997956
6171492069_R08C01	0.997888
6171492072_R03C01	0.998092
6171492072_R04C01	0.997758
6171492072_R05C01	0.998221
6171492072_R06C01	0.996989
6171492072_R08C01	0.998177
6171492074_R01C01	0.997816
6171492074_R02C01	0.998107
6171492074_R03C01	0.998237
6171492074_R04C01	0.998096
6171492074_R05C01	0.998366
6171492074_R07C01	0.997
6171492074_R08C01	0.998364
6171492075_R01C01	0.998613
6171492075_R03C01	0.997054
6171492075_R05C01	0.998382
6171492075_R06C01	0.97823
6171492075_R08C01	0.99797
6171492077_R01C01	0.99699
6171492077_R02C01	0.997344
6171492077_R03C01	0.998177
6171492077_R07C01	0.998242
6171492077_R08C01	0.998007
6171492078_R01C01	0.997489
6171492078_R02C01	0.997875
6171492078_R03C01	0.997485
6171492078_R05C01	0.997368
6171492078_R06C01	0.996146
6171492078_R07C01	0.997542
6171492078_R08C01	0.99823
6171492079_R01C01	0.998225
6171492079_R03C01	0.998605
6171492079_R04C01	0.998677
6171492079_R05C01	0.997823
6171492079_R06C01	0.997337
6171492079_R07C01	0.998385
6171492079_R08C01	0.984511
6171492084_R01C01	0.997084
6171492084_R02C01	0.998155
6171492084_R03C01	0.998092
6171492084_R04C01	0.997613
6171492084_R05C01	0.997007
6171492084_R06C01	0.998095
6171492084_R08C01	0.998097
6171492086_R02C01	0.997716
6171492086_R05C01	0.997963
6171492086_R06C01	0.996967
6171492086_R07C01	0.997911
6171492086_R08C01	0.997834
6171492090_R01C01	0.998729
6171492090_R02C01	0.996521
6171492090_R03C01	0.99749
6171492090_R05C01	0.998535
6171492090_R06C01	0.997283
6171492090_R07C01	0.997946
6171492090_R08C01	0.998328
6171492100_R01C01	0.996095
6171492100_R03C01	0.996731
6171492100_R04C01	0.988467
6171492100_R05C01	0.996486
6171492100_R08C01	0.997603
6172882004_R01C01	0.998475
6172882004_R02C01	0.998341
6172882004_R03C01	0.996155
6172882004_R06C01	0.992068
6172882004_R07C01	0.998386
6172882004_R08C01	0.998733
6172882009_R01C01	0.998226
6172882009_R02C01	0.997527
6172882009_R03C01	0.99842
6172882009_R04C01	0.997825
6172882009_R05C01	0.997825
6172882009_R06C01	0.998168
6172882009_R07C01	0.998353
6172882009_R08C01	0.998244
6172882050_R01C01	0.997804
6172882050_R02C01	0.997939
6172882050_R03C01	0.998489
6172882050_R04C01	0.995886
6172882050_R05C01	0.998718
6172882050_R06C01	0.998394
6172882050_R08C01	0.995651
6172882051_R01C01	0.997903
6172882051_R02C01	0.998561
6172882051_R04C01	0.996918
6172882051_R05C01	0.995569
6172882051_R06C01	0.998411
6172882051_R07C01	0.998628
6172882051_R08C01	0.997662
6186483013_R01C01	0.996267
6186483013_R02C01	0.99853
6186483013_R03C01	0.993158
6186483013_R04C01	0.998253
6186483013_R05C01	0.99748
6186483013_R06C01	0.998508
6186483013_R07C01	0.997709
6186483013_R08C01	0.997983
6186483032_R03C01	0.998492
6186483032_R04C01	0.997743
6186483032_R05C01	0.998101
6186483032_R06C01	0.998553
6186483032_R07C01	0.997647
6186483032_R08C01	0.994768
6186483043_R01C01	0.978369
6186483043_R04C01	0.988848
6186483043_R05C01	0.997933
6186483043_R06C01	0.997528
6186483043_R08C01	0.997349
6186483051_R01C01	0.998398
6186483051_R08C01	0.997818
6186483068_R01C01	0.99348
6186483068_R02C01	0.998057
6186483068_R03C01	0.996777
6186483090_R01C01	0.998674
6186483090_R02C01	0.997506
6186483090_R03C01	0.99842
6186483090_R04C01	0.997429
6186483090_R06C01	0.998634
6186483090_R07C01	0.997564
6186483090_R08C01	0.997921
6186483093_R02C01	0.985515
6186483093_R03C01	0.996921
6186483093_R05C01	0.998557
6186483093_R06C01	0.998671
6186483093_R08C01	0.997889
6186483099_R01C01	0.997332
6186483099_R03C01	0.998225
6186483099_R04C01	0.998254
6186483099_R05C01	0.996819
6186483099_R07C01	0.998172
6186483099_R08C01	0.997363
6186483101_R01C01	0.995379
6186483101_R02C01	0.996627
6186483101_R03C01	0.994244
6186483101_R04C01	0.997591
6186483101_R05C01	0.994735
6186483101_R06C01	0.99161
6186483101_R08C01	0.997962
6186483132_R01C01	0.984874
6247194011_R02C01	0.99745
6247194011_R03C01	0.998325
6247194011_R04C01	0.997564
6247194011_R05C01	0.997191
6247194011_R07C01	0.995404
6247194011_R08C01	0.997312
6247194028_R01C01	0.996932
6247194028_R02C01	0.993875
6247194028_R03C01	0.997457
6247194028_R04C01	0.997978
6247194028_R06C01	0.997025
6247194028_R07C01	0.998039
6247194028_R08C01	0.998474
6247194031_R01C01	0.996595
6247194031_R02C01	0.996271
6247194031_R03C01	0.998176
6247194031_R05C01	0.997713
6247194031_R06C01	0.998768
6247194031_R07C01	0.997774
6247194043_R02C01	0.997343
6247194043_R03C01	0.998477
6247194043_R04C01	0.998136
6247194043_R07C01	0.998009
6247194043_R08C01	0.998001
6247194064_R01C01	0.997264
6247194064_R03C01	0.99795
6247194064_R04C01	0.998253
6247194064_R05C01	0.997912
6247194064_R06C01	0.99862
6247194064_R07C01	0.99858
6247194064_R08C01	0.998491
6247194098_R01C01	0.997983
6247194098_R02C01	0.998197
6247194098_R03C01	0.997821
6247194098_R04C01	0.998787
6247194098_R05C01	0.997889
6247194098_R06C01	0.998729
6247194098_R07C01	0.997959
6247194098_R08C01	0.998728
6247194107_R03C01	0.994615
6247194107_R05C01	0.989699
6247194107_R07C01	0.996969
6247194115_R02C01	0.99868
6247194115_R04C01	0.99452
6247194115_R05C01	0.99851
6247194115_R06C01	0.99768
6247194115_R08C01	0.997524
6247194117_R02C01	0.998092
6247194117_R03C01	0.999028
6247194117_R04C01	0.995401
6247194117_R05C01	0.998019
6247194117_R07C01	0.998064
6247194117_R08C01	0.997626
6247194118_R05C01	0.997942
6247194118_R08C01	0.996728
6264533042_R07C01	0.998308
6264533048_R01C01	0.997869
6264533048_R03C01	0.997918
6264533048_R04C01	0.998236
6264533048_R05C01	0.995246
6264533048_R06C01	0.99802
6264533048_R07C01	0.99758
6264533048_R08C01	0.998415
6264533060_R03C01	0.997332
6264533060_R05C01	0.996643
6264533060_R06C01	0.99618
6264533060_R07C01	0.997423
6264533060_R08C01	0.997591
6264533086_R01C01	0.975574
6264533086_R03C01	0.997934
6264533086_R05C01	0.993095
6264550046_R02C01	0.997783
6264550046_R03C01	0.99675
6264550046_R04C01	0.997872
6264550046_R07C01	0.997922
