                      +-----------------------------+
                      |                             |
                      |   Eagle v2.4.1              |
                      |   November 18, 2018         |
                      |   Po-Ru Loh                 |
                      |                             |
                      +-----------------------------+

Copyright (C) 2015-2018 Harvard University.
Distributed under the GNU GPLv3+ open source license.

Command line options:

eagle \
    --vcfRef=/BIODATA/StudentsHome/kevine/GWAS/Git/GWAS/1000G/ALL.chr4.phase3_integrated.20130502.genotypes.bcf \
    --vcfTarget=qc-camgwas-updated.vcf.gz \
    --geneticMapFile=tables/genetic_map_hg19_withX.txt.gz \
    --outPrefix=chr4-phased_wref \
    --chrom=4 \
    --pbwtIters=10 \
    --numThreads=90 \
    --Kpbwt=50000 \
    --vcfOutFormat=z 

Setting number of threads to 90
[W::bcf_hdr_check_sanity] PL should be declared as Number=G

Reference samples: Nref = 2504
Target samples: Ntarget = 1185
SNPs to analyze: M = 110067 SNPs in both target and reference

SNPs ignored: 0 SNPs in target but not reference
              3230031 SNPs in reference but not target
              0 multi-allelic SNPs in target

Missing rate in target genotypes: 0.00401044

Filling in genetic map coordinates using reference file:
  tables/genetic_map_hg19_withX.txt.gz
Physical distance range: 190803317 base pairs
Genetic distance range:  219.79 cM
Average # SNPs per cM:   501
Number of <=(64-SNP, 1cM) segments: 1721
Average # SNPs per segment: 63

Time for reading input: 69.7512 sec

Fraction of heterozygous genotypes: 0.252126
Typical span of default 100-het history length: 0.79 cM
Setting --histFactor=1.26
Typical span of 126-het history length: 1.00 cM

BEGINNING PHASING

PHASING ITER 1 OF 10


Phasing target samples
................................................................................
Time for phasing iter 1: 1337.52

PHASING ITER 2 OF 10


Phasing target samples
................................................................................
Time for phasing iter 2: 1398.08

PHASING ITER 3 OF 10


Phasing target samples
................................................................................
Time for phasing iter 3: 1314.77

PHASING ITER 4 OF 10


Phasing target samples
................................................................................
Time for phasing iter 4: 1323.02

PHASING ITER 5 OF 10


Phasing target samples
................................................................................
Time for phasing iter 5: 1335.56

PHASING ITER 6 OF 10


Phasing target samples
................................................................................
Time for phasing iter 6: 1322.75

PHASING ITER 7 OF 10


Phasing target samples
................................................................................
Time for phasing iter 7: 1339.45

PHASING ITER 8 OF 10


Phasing target samples
................................................................................
Time for phasing iter 8: 1326.96

PHASING ITER 9 OF 10


Phasing target samples
................................................................................
Time for phasing iter 9: 1344.73

PHASING ITER 10 OF 10


Phasing target samples
................................................................................
Time for phasing iter 10: 1715.1
Writing vcf.gz output to chr4-phased_wref.vcf.gz
Time for writing output: 16.6838
Total elapsed time for analysis = 13844.7 sec

Mean phase confidence of each target individual:
ID	PHASE_CONFIDENCE
6042341077_R01C01	0.998098
6042341077_R03C01	0.998054
6042341077_R04C01	0.996883
6042341077_R05C01	0.998009
6042341077_R06C01	0.99844
6042341077_R07C01	0.996801
6042341089_R01C01	0.998907
6042341089_R02C01	0.998605
6042341089_R03C01	0.997945
6042341089_R04C01	0.998005
6042341089_R05C01	0.997718
6042341089_R06C01	0.997341
6042341089_R07C01	0.997429
6042341089_R08C01	0.998721
6042341090_R01C01	0.99747
6042341090_R02C01	0.998182
6042341090_R03C01	0.997304
6042341090_R04C01	0.998174
6042341090_R05C01	0.997516
6042341090_R06C01	0.998234
6042341090_R07C01	0.997303
6042341090_R08C01	0.997421
6042341099_R01C01	0.998315
6042341099_R02C01	0.998417
6042341099_R03C01	0.998217
6042341099_R04C01	0.997405
6042341099_R05C01	0.99735
6042341099_R06C01	0.993654
6042341099_R07C01	0.996246
6042341099_R08C01	0.996411
6042341154_R06C01	0.997705
6042341154_R07C01	0.997841
6042341154_R08C01	0.998294
6042341162_R01C01	0.998126
6042341162_R02C01	0.99847
6042341162_R03C01	0.998276
6042341162_R04C01	0.99829
6042341162_R05C01	0.997409
6042341162_R06C01	0.997753
6042341162_R07C01	0.998854
6042341162_R08C01	0.998541
6042359084_R01C01	0.998444
6042359084_R02C01	0.997955
6042359084_R03C01	0.998419
6042359084_R04C01	0.99688
6042359084_R05C01	0.996419
6042359084_R06C01	0.99795
6042359084_R07C01	0.998022
6042359084_R08C01	0.99857
6042375002_R01C01	0.995929
6042375002_R02C01	0.997781
6042375002_R03C01	0.998606
6042375002_R04C01	0.997685
6042375002_R05C01	0.998369
6042375002_R06C01	0.998059
6042375002_R07C01	0.997667
6042375002_R08C01	0.998264
6042375003_R01C01	0.998507
6042375003_R02C01	0.998228
6042375003_R03C01	0.997457
6042375003_R04C01	0.997935
6042375003_R05C01	0.998208
6042375003_R06C01	0.998642
6042375003_R07C01	0.998835
6042375003_R08C01	0.998496
6042375012_R01C01	0.997817
6042375012_R02C01	0.998468
6042375012_R03C01	0.997764
6042375012_R04C01	0.998169
6042375012_R05C01	0.998336
6042375012_R06C01	0.997474
6042375013_R01C01	0.9988
6042375013_R02C01	0.998154
6042375013_R03C01	0.997453
6042375013_R04C01	0.998284
6042375013_R05C01	0.997626
6042375013_R06C01	0.997868
6042375013_R07C01	0.99855
6042375013_R08C01	0.997019
6042375014_R01C01	0.998739
6042375014_R02C01	0.997878
6042375014_R03C01	0.997098
6042375014_R04C01	0.997995
6042375014_R05C01	0.997033
6042375014_R06C01	0.998573
6042375014_R08C01	0.996997
6042375022_R01C01	0.997569
6042375022_R02C01	0.998425
6042375022_R03C01	0.998133
6042375022_R04C01	0.998192
6042375022_R05C01	0.998033
6042375022_R06C01	0.998712
6042375022_R07C01	0.996816
6042375023_R01C01	0.998435
6042375023_R02C01	0.998448
6042375023_R03C01	0.998125
6042375023_R04C01	0.997814
6042375023_R05C01	0.997969
6042375023_R06C01	0.997556
6042375023_R07C01	0.997449
6042375023_R08C01	0.997163
6042375024_R01C01	0.998411
6042375024_R02C01	0.997922
6042375024_R03C01	0.997363
6042375024_R04C01	0.997521
6042375024_R05C01	0.998838
6042375024_R06C01	0.997898
6042375024_R07C01	0.995584
6042375024_R08C01	0.997902
6042375025_R01C01	0.997957
6042375025_R02C01	0.99836
6042375025_R03C01	0.998878
6042375025_R04C01	0.998495
6042375025_R05C01	0.998226
6042375025_R06C01	0.998369
6042375025_R07C01	0.998318
6042375025_R08C01	0.998283
6042375029_R01C01	0.998242
6042375029_R02C01	0.997983
6042375029_R03C01	0.998335
6042375029_R04C01	0.998258
6042375029_R05C01	0.997062
6042375029_R06C01	0.99856
6042375029_R07C01	0.998089
6042375029_R08C01	0.997927
6042375043_R01C01	0.998483
6042375043_R02C01	0.996981
6042375043_R04C01	0.997913
6042375043_R05C01	0.997633
6042375043_R07C01	0.997183
6042375043_R08C01	0.998402
6042375044_R01C01	0.995653
6042375044_R02C01	0.998702
6042375044_R03C01	0.998234
6042375044_R05C01	0.99681
6042375044_R06C01	0.998142
6042375044_R07C01	0.997979
6042375044_R08C01	0.99676
6042375045_R02C01	0.996922
6042375045_R03C01	0.996113
6042375045_R04C01	0.993184
6042375045_R05C01	0.998803
6042375045_R06C01	0.997304
6042375045_R07C01	0.998081
6042375045_R08C01	0.998772
6042375053_R01C01	0.997961
6042375053_R02C01	0.998251
6042375053_R03C01	0.997663
6042375053_R04C01	0.997782
6042375053_R05C01	0.99877
6042375053_R06C01	0.998502
6042375053_R07C01	0.998039
6042375053_R08C01	0.996881
6042375080_R01C01	0.998444
6042375080_R02C01	0.998067
6042375080_R03C01	0.998277
6042375080_R04C01	0.997538
6042375080_R05C01	0.998516
6042375080_R06C01	0.998422
6042375080_R07C01	0.998393
6042375080_R08C01	0.997092
6042375085_R01C01	0.997709
6042375085_R02C01	0.998088
6042375085_R03C01	0.996607
6042375085_R04C01	0.998559
6042375085_R05C01	0.997804
6042375085_R06C01	0.998201
6042375085_R07C01	0.997656
6042375085_R08C01	0.998105
6042375100_R01C01	0.996168
6042375100_R02C01	0.998882
6042375100_R04C01	0.998662
6042375100_R05C01	0.998444
6042375100_R06C01	0.997615
6042375100_R07C01	0.998897
6042375100_R08C01	0.997883
6042375101_R01C01	0.997056
6042375101_R02C01	0.998193
6042375101_R03C01	0.998442
6042375101_R04C01	0.998437
6042375101_R05C01	0.998117
6042375101_R06C01	0.993921
6042375101_R07C01	0.997829
6042375101_R08C01	0.998478
6042375104_R01C01	0.99793
6042375104_R02C01	0.997347
6042375104_R03C01	0.997257
6042375104_R04C01	0.99802
6042375104_R06C01	0.99791
6042375104_R08C01	0.997823
6042375137_R01C01	0.997442
6042375137_R02C01	0.999161
6042375137_R03C01	0.997818
6042375137_R05C01	0.995596
6042375137_R06C01	0.998498
6042375137_R07C01	0.999114
6042375137_R08C01	0.998129
6042375138_R01C01	0.998354
6042375138_R02C01	0.998153
6042375138_R03C01	0.996763
6042375138_R04C01	0.997447
6042375138_R05C01	0.998511
6042375138_R06C01	0.997161
6042375138_R07C01	0.997547
6042375138_R08C01	0.998314
6042375146_R01C01	0.998161
6042375146_R02C01	0.997243
6042375146_R03C01	0.998259
6042375146_R04C01	0.997949
6042375146_R05C01	0.998473
6042375146_R06C01	0.998224
6042375146_R07C01	0.998202
6042375146_R08C01	0.998533
6130471012_R01C01	0.997933
6130471012_R02C01	0.998255
6130471012_R03C01	0.995696
6130471012_R04C01	0.998361
6130471012_R05C01	0.99806
6130471012_R06C01	0.998223
6130471012_R07C01	0.998599
6130471012_R08C01	0.997844
6130471070_R01C01	0.998015
6130471070_R02C01	0.993355
6130471070_R03C01	0.998172
6130471070_R04C01	0.997653
6130471070_R05C01	0.998369
6130471070_R06C01	0.997152
6130471070_R07C01	0.997703
6130471070_R08C01	0.997592
6130471071_R01C01	0.997667
6130471071_R02C01	0.996854
6130471071_R03C01	0.998361
6130471071_R05C01	0.995831
6130471071_R06C01	0.995973
6130471071_R07C01	0.996984
6130471110_R01C01	0.997676
6130471110_R02C01	0.997193
6130471110_R04C01	0.997727
6130471110_R05C01	0.996975
6130471110_R06C01	0.998846
6130471110_R07C01	0.998166
6130471110_R08C01	0.994224
6130471129_R01C01	0.997288
6130471129_R02C01	0.998106
6130471129_R03C01	0.997134
6130471129_R04C01	0.997565
6130471129_R05C01	0.996015
6130471129_R06C01	0.998638
6130471129_R07C01	0.996043
6130471129_R08C01	0.99821
6135563011_R01C01	0.997852
6135563011_R02C01	0.997907
6135563011_R03C01	0.998311
6135563011_R04C01	0.998069
6135563011_R06C01	0.998545
6135563011_R07C01	0.99783
6135563011_R08C01	0.997065
6135563012_R02C01	0.998461
6135563012_R04C01	0.993369
6135563012_R05C01	0.997265
6135563012_R06C01	0.997898
6135563012_R07C01	0.997654
6135563012_R08C01	0.993119
6135563014_R02C01	0.998603
6135563014_R03C01	0.998518
6135563014_R04C01	0.998387
6135563014_R05C01	0.99806
6135563014_R06C01	0.998528
6135563014_R07C01	0.998151
6135563014_R08C01	0.998424
6135563015_R02C01	0.997374
6135563015_R04C01	0.997045
6135563015_R05C01	0.998008
6135563015_R06C01	0.99687
6135563015_R07C01	0.99849
6135563015_R08C01	0.998609
6135563041_R01C01	0.998616
6135563041_R03C01	0.997445
6135563041_R04C01	0.998007
6135563041_R05C01	0.998171
6135563041_R06C01	0.998834
6135571025_R01C01	0.994854
6135571025_R03C01	0.996704
6135571025_R04C01	0.997187
6135571025_R07C01	0.997981
6135571025_R08C01	0.997803
6135580001_R01C01	0.998768
6135580001_R02C01	0.999182
6135580001_R03C01	0.998018
6135580001_R04C01	0.998009
6135580001_R05C01	0.997477
6135580001_R06C01	0.998602
6135580001_R07C01	0.998021
6135580001_R08C01	0.997891
6135580011_R01C01	0.997604
6135580011_R02C01	0.996537
6135580011_R03C01	0.997907
6135580011_R04C01	0.997393
6135580011_R05C01	0.998773
6135580011_R07C01	0.998548
6135580011_R08C01	0.997896
6135580017_R01C01	0.998364
6135580017_R02C01	0.999196
6135580017_R03C01	0.998002
6135580017_R04C01	0.997883
6135580017_R05C01	0.99817
6135580017_R06C01	0.997459
6135580017_R07C01	0.99842
6135580017_R08C01	0.99819
6135580027_R01C01	0.997567
6135580027_R02C01	0.997753
6135580027_R03C01	0.998563
6135580027_R04C01	0.999348
6135580027_R05C01	0.99867
6135580027_R06C01	0.99845
6135580027_R07C01	0.998469
6135580027_R08C01	0.99862
6135580057_R01C01	0.997481
6135580057_R02C01	0.997862
6135580057_R03C01	0.998238
6135580057_R04C01	0.998503
6135580057_R05C01	0.998429
6135580057_R06C01	0.998165
6135580057_R07C01	0.998314
6135580057_R08C01	0.998331
6135580073_R01C01	0.99836
6135580073_R03C01	0.998378
6135580073_R04C01	0.997601
6135580073_R05C01	0.998032
6135580073_R06C01	0.998698
6135580073_R07C01	0.998821
6135580073_R08C01	0.99726
6135580082_R01C01	0.998363
6135580082_R02C01	0.999001
6135580082_R03C01	0.997165
6135580082_R04C01	0.998532
6135580082_R06C01	0.996755
6135580082_R07C01	0.99827
6135580082_R08C01	0.998251
6135580098_R01C01	0.998962
6135580098_R02C01	0.998779
6135580098_R04C01	0.99737
6135580098_R05C01	0.998356
6135580098_R06C01	0.997803
6135580098_R07C01	0.997057
6135580098_R08C01	0.998507
6135580116_R02C01	0.994887
6135580116_R03C01	0.998128
6135580116_R05C01	0.99804
6135580116_R06C01	0.997913
6135580116_R08C01	0.997133
6135580117_R02C01	0.996398
6135580117_R03C01	0.996911
6135580117_R04C01	0.998424
6135580117_R05C01	0.998523
6135580117_R06C01	0.998781
6135580118_R01C01	0.997143
6135580118_R02C01	0.996477
6135580118_R04C01	0.998472
6135580118_R05C01	0.998142
6135580118_R06C01	0.997461
6135580118_R08C01	0.996461
6135580123_R02C01	0.998008
6135580123_R04C01	0.997115
6135580123_R05C01	0.998287
6135580123_R07C01	0.996279
6135580123_R08C01	0.99653
6135580144_R01C01	0.997593
6135580144_R08C01	0.997813
6135580145_R06C01	0.997949
6135580145_R08C01	0.993087
6135601008_R01C01	0.998104
6135601008_R02C01	0.993587
6135601008_R03C01	0.998283
6135601008_R04C01	0.99762
6135601008_R06C01	0.998719
6135601008_R07C01	0.998156
6135601008_R08C01	0.997744
6135601009_R01C01	0.998527
6135601009_R02C01	0.996936
6135601009_R03C01	0.998796
6135601009_R04C01	0.998696
6135601009_R05C01	0.997586
6135601009_R06C01	0.998574
6135601009_R07C01	0.998138
6135601009_R08C01	0.998104
6135601012_R04C01	0.997911
6135601012_R05C01	0.998952
6135601012_R06C01	0.998536
6135601012_R07C01	0.99398
6135601018_R03C01	0.997157
6135601018_R05C01	0.998133
6135601018_R07C01	0.985577
6135601018_R08C01	0.995188
6135601027_R03C01	0.997806
6135601027_R04C01	0.997696
6135601027_R05C01	0.997658
6135601027_R07C01	0.997954
6135601034_R01C01	0.998903
6135601034_R02C01	0.99768
6135601034_R03C01	0.997715
6135601034_R04C01	0.998197
6135601034_R06C01	0.997472
6135601045_R01C01	0.998532
6135601045_R02C01	0.9985
6135601045_R03C01	0.997362
6135601045_R04C01	0.998101
6135601045_R05C01	0.997694
6135601045_R07C01	0.9983
6135601045_R08C01	0.997479
6135601049_R01C01	0.998275
6135601049_R02C01	0.997977
6135601049_R03C01	0.997359
6135601049_R05C01	0.993218
6135601049_R06C01	0.998719
6135601049_R07C01	0.99786
6135601049_R08C01	0.998072
6135601060_R01C01	0.996136
6135601060_R03C01	0.997995
6135601060_R04C01	0.981213
6135601060_R05C01	0.996406
6135601060_R06C01	0.997032
6135601066_R01C01	0.997947
6135601066_R02C01	0.996218
6135601066_R03C01	0.998001
6135601066_R04C01	0.996497
6135601066_R05C01	0.996242
6135601066_R06C01	0.998237
6135601066_R07C01	0.997862
6135601066_R08C01	0.998621
6135601080_R01C01	0.997847
6135601080_R02C01	0.996065
6135601080_R03C01	0.998229
6135601080_R07C01	0.998389
6135601080_R08C01	0.998172
6135601081_R01C01	0.997826
6135601081_R02C01	0.998287
6135601081_R03C01	0.99776
6135601081_R04C01	0.997987
6135601081_R05C01	0.998381
6135601081_R07C01	0.998026
6135601081_R08C01	0.997701
6135601082_R02C01	0.997979
6135601082_R03C01	0.998054
6135601082_R04C01	0.998135
6135601082_R05C01	0.99802
6135601082_R06C01	0.997186
6135601082_R07C01	0.997538
6135601082_R08C01	0.998341
6135601086_R01C01	0.996803
6135601086_R03C01	0.998206
6135601086_R04C01	0.997963
6135601086_R05C01	0.995432
6135601086_R07C01	0.995916
6135601094_R05C01	0.997725
6135601094_R06C01	0.99095
6135601108_R01C01	0.997903
6135601108_R02C01	0.998138
6135601108_R03C01	0.99787
6135601108_R04C01	0.996858
6135601108_R05C01	0.998003
6135601108_R06C01	0.997417
6135601108_R07C01	0.997972
6135601108_R08C01	0.998023
6135601115_R02C01	0.998303
6135601115_R04C01	0.997865
6135601115_R06C01	0.9977
6135601115_R07C01	0.998213
6135601115_R08C01	0.998746
6135601116_R01C01	0.996951
6135601116_R02C01	0.997946
6135601116_R05C01	0.997848
6135601116_R07C01	0.997887
6135601116_R08C01	0.998409
6135601117_R01C01	0.99756
6135601117_R05C01	0.998735
6135601117_R06C01	0.997454
6135601117_R07C01	0.998953
6135601117_R08C01	0.997793
6135601120_R03C01	0.997835
6135601120_R04C01	0.998777
6135601120_R06C01	0.998359
6135601120_R07C01	0.997765
6135601120_R08C01	0.998564
6135601124_R01C01	0.998031
6135601124_R02C01	0.997893
6135601124_R03C01	0.997968
6135601124_R04C01	0.998258
6135601124_R05C01	0.998211
6135601124_R06C01	0.996762
6135601124_R07C01	0.99749
6135601124_R08C01	0.997786
6135601130_R01C01	0.998629
6135601130_R02C01	0.992437
6135601130_R03C01	0.997882
6135601130_R04C01	0.997378
6135601130_R05C01	0.99759
6135601130_R06C01	0.998289
6135601130_R07C01	0.998254
6135601130_R08C01	0.99803
6135601149_R01C01	0.996677
6135601149_R02C01	0.998645
6135601149_R06C01	0.995773
6135601149_R08C01	0.997287
6135601151_R01C01	0.997444
6135601151_R02C01	0.9977
6135601151_R03C01	0.998775
6135601151_R04C01	0.99838
6135601151_R05C01	0.998188
6135601151_R06C01	0.997986
6135601151_R07C01	0.998146
6135601151_R08C01	0.997936
6135601153_R03C01	0.997169
6135601153_R05C01	0.99781
6135601153_R06C01	0.994107
6135601153_R07C01	0.997842
6135601153_R08C01	0.998154
6135601156_R01C01	0.998454
6135601156_R02C01	0.998318
6135601156_R03C01	0.996452
6135601156_R04C01	0.998134
6135601156_R05C01	0.998225
6135601156_R06C01	0.998602
6135601156_R08C01	0.998561
6135601162_R01C01	0.994289
6135601162_R02C01	0.997637
6135601162_R04C01	0.997665
6135601162_R05C01	0.997804
6135601162_R06C01	0.996806
6135601162_R07C01	0.998018
6135601162_R08C01	0.997938
6135601167_R02C01	0.998391
6135601167_R03C01	0.998074
6135601167_R04C01	0.998244
6135601167_R05C01	0.995982
6135601167_R06C01	0.998048
6135601167_R07C01	0.99623
6147054060_R01C01	0.997723
6147054060_R02C01	0.99779
6147054060_R03C01	0.998825
6147054060_R04C01	0.99867
6147054060_R05C01	0.997493
6147054060_R07C01	0.998034
6147054060_R08C01	0.997979
6147054122_R01C01	0.997551
6147054122_R02C01	0.998544
6147054122_R03C01	0.997268
6147054122_R04C01	0.998598
6147054122_R05C01	0.997183
6147054122_R06C01	0.997895
6147054122_R07C01	0.998297
6147054122_R08C01	0.998039
6147054149_R01C01	0.997167
6147054149_R02C01	0.998813
6147054149_R07C01	0.998387
6147054149_R08C01	0.998108
6147054150_R01C01	0.998166
6147054150_R02C01	0.997761
6147054150_R03C01	0.998667
6147054150_R04C01	0.998097
6147054150_R05C01	0.997147
6147054150_R06C01	0.997998
6147054150_R07C01	0.99733
6147054150_R08C01	0.998192
6147062005_R03C01	0.998305
6147062005_R04C01	0.998278
6147062005_R06C01	0.997594
6147062005_R07C01	0.998034
6147062010_R01C01	0.997856
6147062010_R02C01	0.998354
6147062010_R03C01	0.998261
6147062010_R04C01	0.996968
6147062010_R05C01	0.998973
6147062010_R06C01	0.998649
6147062010_R07C01	0.998855
6147062010_R08C01	0.997709
6147062028_R03C01	0.997646
6147062037_R01C01	0.997307
6147062037_R02C01	0.993831
6147062037_R03C01	0.997797
6147062037_R04C01	0.998265
6147062037_R05C01	0.99817
6147062037_R06C01	0.998372
6147062037_R07C01	0.997549
6147062055_R01C01	0.997089
6147062055_R02C01	0.997756
6147062055_R04C01	0.996355
6147062055_R07C01	0.997992
6147062055_R08C01	0.998027
6147062102_R01C01	0.997709
6147062102_R02C01	0.997968
6147062102_R03C01	0.998765
6147062102_R04C01	0.998548
6147062102_R05C01	0.998188
6147062102_R06C01	0.998518
6147062133_R01C01	0.997337
6147062133_R02C01	0.998371
6147062133_R03C01	0.998046
6147062133_R05C01	0.997867
6147062133_R06C01	0.998722
6147062134_R01C01	0.997406
6147062134_R02C01	0.998316
6147062134_R03C01	0.998501
6147062134_R06C01	0.997933
6147062134_R07C01	0.99796
6147062134_R08C01	0.997911
6147062135_R01C01	0.998701
6147062135_R02C01	0.998615
6147062135_R04C01	0.997944
6147062135_R05C01	0.998239
6147062135_R06C01	0.996222
6147062135_R08C01	0.99814
6147062147_R01C01	0.993453
6147062147_R03C01	0.997465
6147062147_R04C01	0.997852
6147062147_R05C01	0.998576
6147062147_R06C01	0.997627
6147062147_R07C01	0.99727
6147062147_R08C01	0.998464
6147062162_R01C01	0.998301
6147062162_R03C01	0.99763
6147062162_R05C01	0.998502
6147062162_R06C01	0.998239
6147062162_R07C01	0.998428
6147062167_R02C01	0.99803
6147062167_R03C01	0.998134
6147062167_R04C01	0.997305
6147062167_R05C01	0.997905
6147062167_R06C01	0.995778
6147062167_R08C01	0.997655
6147071002_R01C01	0.998152
6147071002_R02C01	0.993157
6147071002_R03C01	0.998284
6147071002_R05C01	0.997751
6147071002_R06C01	0.998392
6147071002_R07C01	0.998634
6147071002_R08C01	0.998763
6147071043_R03C01	0.998474
6147071043_R05C01	0.997101
6147071043_R08C01	0.998259
6147071044_R01C01	0.997777
6147071044_R02C01	0.997978
6147071044_R03C01	0.997685
6147071044_R04C01	0.9975
6147071044_R06C01	0.997276
6147071044_R07C01	0.997416
6147071044_R08C01	0.997698
6147071047_R01C01	0.998002
6147071047_R02C01	0.997785
6147071047_R05C01	0.998249
6147071047_R06C01	0.998602
6147071047_R07C01	0.997401
6147071047_R08C01	0.996587
6147071059_R02C01	0.997616
6147071059_R03C01	0.998298
6147071059_R04C01	0.99726
6147071059_R07C01	0.998427
6147071059_R08C01	0.997579
6147071060_R02C01	0.998543
6147071060_R03C01	0.997345
6147071060_R04C01	0.997402
6147071060_R05C01	0.998559
6147071060_R06C01	0.997898
6147071060_R07C01	0.99829
6147071060_R08C01	0.99555
6147071101_R01C01	0.998553
6147071101_R02C01	0.997098
6147071101_R04C01	0.996957
6147071101_R05C01	0.998645
6147071101_R06C01	0.996909
6147071101_R07C01	0.998999
6147071101_R08C01	0.995031
6147071123_R01C01	0.99782
6147071123_R02C01	0.998501
6147071123_R03C01	0.998372
6147071123_R04C01	0.998041
6147071123_R05C01	0.998213
6147071123_R06C01	0.998687
6147071123_R07C01	0.998344
6147071123_R08C01	0.995592
6147071155_R01C01	0.997611
6147071155_R02C01	0.998371
6147071155_R03C01	0.996456
6147071155_R04C01	0.997693
6147071155_R06C01	0.998091
6147071155_R07C01	0.997726
6147071155_R08C01	0.997572
6147071157_R01C01	0.997977
6147071157_R02C01	0.997984
6147071157_R03C01	0.998406
6147071157_R04C01	0.998268
6147071157_R05C01	0.998282
6147071157_R06C01	0.998073
6147071157_R07C01	0.997515
6147071157_R08C01	0.997934
6160275010_R02C01	0.997782
6160275010_R03C01	0.997576
6160275010_R04C01	0.996847
6160275010_R05C01	0.997663
6160275010_R06C01	0.998486
6160275010_R07C01	0.997981
6160275010_R08C01	0.998175
6160275012_R02C01	0.997929
6160275012_R03C01	0.997365
6160275012_R04C01	0.997757
6160275012_R05C01	0.995992
6160275012_R06C01	0.997557
6160275012_R07C01	0.998575
6160275012_R08C01	0.998773
6160275019_R01C01	0.998562
6160275019_R02C01	0.998011
6160275019_R03C01	0.999094
6160275019_R04C01	0.998372
6160275019_R05C01	0.997137
6160275019_R06C01	0.997893
6160275019_R07C01	0.997738
6160275020_R01C01	0.99825
6160275020_R02C01	0.997824
6160275020_R03C01	0.998477
6160275020_R04C01	0.998673
6160275020_R05C01	0.998978
6160275020_R06C01	0.997292
6160275020_R07C01	0.998444
6160275020_R08C01	0.998495
6160275021_R01C01	0.997102
6160275021_R02C01	0.997542
6160275021_R03C01	0.998885
6160275021_R04C01	0.997834
6160275021_R05C01	0.997903
6160275021_R06C01	0.998644
6160275021_R07C01	0.998695
6160275021_R08C01	0.997193
6160275022_R01C01	0.99786
6160275022_R02C01	0.997703
6160275022_R03C01	0.99834
6160275022_R04C01	0.998496
6160275022_R05C01	0.998314
6160275022_R06C01	0.998003
6160275022_R07C01	0.998284
6160275022_R08C01	0.997192
6160275043_R01C01	0.997934
6160275043_R02C01	0.997463
6160275043_R03C01	0.998362
6160275043_R04C01	0.997898
6160275043_R05C01	0.997521
6160275043_R06C01	0.998251
6160275043_R08C01	0.994109
6160275044_R01C01	0.996781
6160275044_R02C01	0.998201
6160275044_R03C01	0.998
6160275044_R04C01	0.998371
6160275044_R05C01	0.998499
6160275044_R06C01	0.99815
6160275044_R07C01	0.998052
6160275044_R08C01	0.997601
6160275046_R01C01	0.997073
6160275046_R02C01	0.997451
6160275046_R03C01	0.997166
6160275046_R05C01	0.991761
6160275046_R06C01	0.997256
6160275046_R07C01	0.998675
6160275058_R01C01	0.995811
6160275058_R02C01	0.997199
6160275058_R03C01	0.997704
6160275058_R04C01	0.998225
6160275058_R05C01	0.998612
6160275058_R06C01	0.997582
6160275058_R07C01	0.998084
6160275058_R08C01	0.998656
6160275059_R01C01	0.998576
6160275059_R02C01	0.998737
6160275059_R03C01	0.997856
6160275059_R04C01	0.997806
6160275059_R05C01	0.998553
6160275059_R06C01	0.998532
6160275059_R07C01	0.998264
6160275059_R08C01	0.998656
6160275060_R01C01	0.998433
6160275060_R02C01	0.998037
6160275060_R03C01	0.997742
6160275060_R04C01	0.998467
6160275060_R05C01	0.997673
6160275060_R06C01	0.99854
6160275060_R07C01	0.997876
6160275060_R08C01	0.999178
6160304032_R01C01	0.998377
6160304032_R02C01	0.997002
6160304032_R03C01	0.997904
6160304032_R04C01	0.998558
6160304032_R05C01	0.996845
6160304032_R07C01	0.998426
6160304032_R08C01	0.998213
6160304033_R01C01	0.998248
6160304033_R02C01	0.997626
6160304033_R03C01	0.998629
6160304033_R04C01	0.997527
6160304033_R05C01	0.994479
6160304033_R06C01	0.998162
6160304033_R07C01	0.998279
6160304033_R08C01	0.997285
6164663042_R01C01	0.993426
6164663042_R02C01	0.998019
6164663042_R03C01	0.998
6164663042_R04C01	0.998206
6164663042_R05C01	0.998393
6164663042_R06C01	0.995694
6164663042_R07C01	0.998142
6164663042_R08C01	0.99787
6165295013_R01C01	0.998189
6165295013_R02C01	0.998018
6165295013_R03C01	0.998285
6165295013_R04C01	0.998861
6165295013_R06C01	0.997835
6165295019_R01C01	0.997351
6165295019_R02C01	0.99823
6165295019_R04C01	0.998029
6165295019_R05C01	0.998339
6165295019_R06C01	0.997841
6165295019_R07C01	0.997169
6165295019_R08C01	0.998603
6165295021_R01C01	0.99115
6165295021_R02C01	0.998384
6165295021_R03C01	0.998086
6165295021_R04C01	0.997556
6165295021_R05C01	0.998023
6165295021_R06C01	0.998244
6165295021_R07C01	0.998427
6165295021_R08C01	0.997446
6165295023_R01C01	0.99523
6165295023_R02C01	0.997101
6165295023_R03C01	0.998747
6165295023_R04C01	0.997488
6165295023_R05C01	0.992807
6165295023_R06C01	0.997917
6165295023_R07C01	0.998183
6165295023_R08C01	0.99861
6165295050_R01C01	0.997938
6165295050_R02C01	0.993293
6165295050_R03C01	0.996799
6165295050_R04C01	0.998165
6165295050_R05C01	0.998281
6165295050_R06C01	0.998477
6165295050_R07C01	0.997111
6165295050_R08C01	0.998881
6165295051_R01C01	0.995984
6165295051_R03C01	0.996543
6165295051_R04C01	0.998033
6165295051_R05C01	0.997414
6165295051_R07C01	0.996593
6165295051_R08C01	0.996562
6171492001_R02C01	0.990329
6171492001_R03C01	0.997679
6171492001_R05C01	0.997817
6171492001_R07C01	0.998703
6171492013_R02C01	0.998802
6171492013_R03C01	0.998123
6171492013_R04C01	0.998899
6171492013_R07C01	0.997504
6171492013_R08C01	0.998395
6171492015_R01C01	0.998501
6171492015_R02C01	0.99581
6171492015_R03C01	0.998388
6171492015_R04C01	0.998283
6171492015_R05C01	0.997829
6171492015_R06C01	0.997921
6171492015_R07C01	0.997464
6171492015_R08C01	0.998452
6171492016_R01C01	0.997655
6171492016_R02C01	0.998214
6171492016_R03C01	0.997108
6171492016_R04C01	0.996568
6171492016_R05C01	0.998631
6171492016_R06C01	0.9977
6171492016_R07C01	0.998456
6171492017_R02C01	0.997939
6171492017_R03C01	0.99264
6171492017_R04C01	0.998555
6171492017_R05C01	0.997866
6171492017_R06C01	0.998033
6171492017_R07C01	0.998192
6171492017_R08C01	0.996
6171492025_R01C01	0.997921
6171492025_R02C01	0.998221
6171492025_R03C01	0.997293
6171492025_R04C01	0.994302
6171492025_R05C01	0.998336
6171492025_R06C01	0.998422
6171492025_R07C01	0.997783
6171492025_R08C01	0.998633
6171492029_R01C01	0.997671
6171492029_R02C01	0.998331
6171492029_R04C01	0.998585
6171492029_R05C01	0.998566
6171492029_R06C01	0.998701
6171492029_R08C01	0.998254
6171492039_R03C01	0.998305
6171492039_R04C01	0.996767
6171492039_R05C01	0.998382
6171492039_R06C01	0.989326
6171492039_R07C01	0.997256
6171492043_R02C01	0.998351
6171492043_R03C01	0.995242
6171492043_R04C01	0.997241
6171492043_R05C01	0.998023
6171492043_R06C01	0.997799
6171492043_R07C01	0.996042
6171492043_R08C01	0.998078
6171492045_R01C01	0.997697
6171492045_R02C01	0.997426
6171492045_R05C01	0.998341
6171492045_R08C01	0.997841
6171492048_R06C01	0.985889
6171492048_R08C01	0.975283
6171492049_R01C01	0.998128
6171492049_R02C01	0.998205
6171492049_R03C01	0.997627
6171492049_R04C01	0.994224
6171492049_R05C01	0.998663
6171492049_R06C01	0.998919
6171492049_R07C01	0.997549
6171492049_R08C01	0.997777
6171492050_R01C01	0.997496
6171492050_R02C01	0.998125
6171492050_R05C01	0.997504
6171492050_R06C01	0.998336
6171492050_R07C01	0.998522
6171492050_R08C01	0.996721
6171492053_R01C01	0.997623
6171492053_R02C01	0.998892
6171492053_R03C01	0.998796
6171492053_R04C01	0.997452
6171492053_R05C01	0.998638
6171492053_R06C01	0.997837
6171492053_R07C01	0.998145
6171492053_R08C01	0.998501
6171492055_R01C01	0.997355
6171492055_R02C01	0.989303
6171492055_R03C01	0.997926
6171492055_R04C01	0.998509
6171492055_R06C01	0.99726
6171492055_R07C01	0.998102
6171492055_R08C01	0.997808
6171492056_R01C01	0.997751
6171492056_R02C01	0.9983
6171492056_R03C01	0.998887
6171492056_R04C01	0.997227
6171492056_R05C01	0.997471
6171492056_R08C01	0.996703
6171492059_R01C01	0.998762
6171492059_R02C01	0.998224
6171492059_R04C01	0.998415
6171492059_R05C01	0.998278
6171492059_R06C01	0.998491
6171492059_R07C01	0.998036
6171492059_R08C01	0.998401
6171492060_R01C01	0.998355
6171492060_R02C01	0.998038
6171492060_R03C01	0.994451
6171492060_R04C01	0.997771
6171492060_R05C01	0.998357
6171492060_R08C01	0.991892
6171492068_R01C01	0.998645
6171492068_R02C01	0.998535
6171492068_R03C01	0.997378
6171492068_R04C01	0.997849
6171492068_R05C01	0.998279
6171492068_R06C01	0.99771
6171492068_R08C01	0.998114
6171492069_R02C01	0.997198
6171492069_R06C01	0.996836
6171492069_R07C01	0.997211
6171492069_R08C01	0.998064
6171492072_R03C01	0.997849
6171492072_R04C01	0.997795
6171492072_R05C01	0.997812
6171492072_R06C01	0.996543
6171492072_R08C01	0.998518
6171492074_R01C01	0.998413
6171492074_R02C01	0.998541
6171492074_R03C01	0.998083
6171492074_R04C01	0.998281
6171492074_R05C01	0.997934
6171492074_R07C01	0.998282
6171492074_R08C01	0.998777
6171492075_R01C01	0.997963
6171492075_R03C01	0.997353
6171492075_R05C01	0.998483
6171492075_R06C01	0.977569
6171492075_R08C01	0.998001
6171492077_R01C01	0.997947
6171492077_R02C01	0.997578
6171492077_R03C01	0.997817
6171492077_R07C01	0.997991
6171492077_R08C01	0.998114
6171492078_R01C01	0.998475
6171492078_R02C01	0.99772
6171492078_R03C01	0.998307
6171492078_R05C01	0.997041
6171492078_R06C01	0.997065
6171492078_R07C01	0.997707
6171492078_R08C01	0.998783
6171492079_R01C01	0.998903
6171492079_R03C01	0.997599
6171492079_R04C01	0.998587
6171492079_R05C01	0.997505
6171492079_R06C01	0.997846
6171492079_R07C01	0.997932
6171492079_R08C01	0.984185
6171492084_R01C01	0.997221
6171492084_R02C01	0.998425
6171492084_R03C01	0.998019
6171492084_R04C01	0.997783
6171492084_R05C01	0.997217
6171492084_R06C01	0.998046
6171492084_R08C01	0.998008
6171492086_R02C01	0.99765
6171492086_R05C01	0.997985
6171492086_R06C01	0.997248
6171492086_R07C01	0.998751
6171492086_R08C01	0.998192
6171492090_R01C01	0.999249
6171492090_R02C01	0.997503
6171492090_R03C01	0.99764
6171492090_R05C01	0.997339
6171492090_R06C01	0.997572
6171492090_R07C01	0.997939
6171492090_R08C01	0.998342
6171492100_R01C01	0.99683
6171492100_R03C01	0.996721
6171492100_R04C01	0.986919
6171492100_R05C01	0.9973
6171492100_R08C01	0.997816
6172882004_R01C01	0.997685
6172882004_R02C01	0.998049
6172882004_R03C01	0.99707
6172882004_R06C01	0.992351
6172882004_R07C01	0.99875
6172882004_R08C01	0.998605
6172882009_R01C01	0.998613
6172882009_R02C01	0.99837
6172882009_R03C01	0.997647
6172882009_R04C01	0.998393
6172882009_R05C01	0.997422
6172882009_R06C01	0.997658
6172882009_R07C01	0.998835
6172882009_R08C01	0.99811
6172882050_R01C01	0.998366
6172882050_R02C01	0.997969
6172882050_R03C01	0.998363
6172882050_R04C01	0.99855
6172882050_R05C01	0.999011
6172882050_R06C01	0.997953
6172882050_R08C01	0.996193
6172882051_R01C01	0.997956
6172882051_R02C01	0.998217
6172882051_R04C01	0.998347
6172882051_R05C01	0.995948
6172882051_R06C01	0.99837
6172882051_R07C01	0.997772
6172882051_R08C01	0.998398
6186483013_R01C01	0.994102
6186483013_R02C01	0.998292
6186483013_R03C01	0.993741
6186483013_R04C01	0.99843
6186483013_R05C01	0.996909
6186483013_R06C01	0.998233
6186483013_R07C01	0.998092
6186483013_R08C01	0.997901
6186483032_R03C01	0.998311
6186483032_R04C01	0.99779
6186483032_R05C01	0.997716
6186483032_R06C01	0.998336
6186483032_R07C01	0.996523
6186483032_R08C01	0.993059
6186483043_R01C01	0.977424
6186483043_R04C01	0.988832
6186483043_R05C01	0.998867
6186483043_R06C01	0.997235
6186483043_R08C01	0.996845
6186483051_R01C01	0.999059
6186483051_R08C01	0.997792
6186483068_R01C01	0.994586
6186483068_R02C01	0.998272
6186483068_R03C01	0.99756
6186483090_R01C01	0.99888
6186483090_R02C01	0.998181
6186483090_R03C01	0.998727
6186483090_R04C01	0.998598
6186483090_R06C01	0.998684
6186483090_R07C01	0.998777
6186483090_R08C01	0.997621
6186483093_R02C01	0.98623
6186483093_R03C01	0.996663
6186483093_R05C01	0.998612
6186483093_R06C01	0.998357
6186483093_R08C01	0.998588
6186483099_R01C01	0.997352
6186483099_R03C01	0.99733
6186483099_R04C01	0.998285
6186483099_R05C01	0.997128
6186483099_R07C01	0.997984
6186483099_R08C01	0.997361
6186483101_R01C01	0.9963
6186483101_R02C01	0.996345
6186483101_R03C01	0.994791
6186483101_R04C01	0.997839
6186483101_R05C01	0.994573
6186483101_R06C01	0.991092
6186483101_R08C01	0.998425
6186483132_R01C01	0.986676
6247194011_R02C01	0.998284
6247194011_R03C01	0.997742
6247194011_R04C01	0.997507
6247194011_R05C01	0.998336
6247194011_R07C01	0.995205
6247194011_R08C01	0.998345
6247194028_R01C01	0.997936
6247194028_R02C01	0.993769
6247194028_R03C01	0.998717
6247194028_R04C01	0.997837
6247194028_R06C01	0.99883
6247194028_R07C01	0.998219
6247194028_R08C01	0.998514
6247194031_R01C01	0.996393
6247194031_R02C01	0.99847
6247194031_R03C01	0.997625
6247194031_R05C01	0.997954
6247194031_R06C01	0.998285
6247194031_R07C01	0.997968
6247194043_R02C01	0.997805
6247194043_R03C01	0.998271
6247194043_R04C01	0.998554
6247194043_R07C01	0.998449
6247194043_R08C01	0.997983
6247194064_R01C01	0.996736
6247194064_R03C01	0.99795
6247194064_R04C01	0.997975
6247194064_R05C01	0.998303
6247194064_R06C01	0.998291
6247194064_R07C01	0.998453
6247194064_R08C01	0.998764
6247194098_R01C01	0.998554
6247194098_R02C01	0.998447
6247194098_R03C01	0.998089
6247194098_R04C01	0.998316
6247194098_R05C01	0.997648
6247194098_R06C01	0.998706
6247194098_R07C01	0.998398
6247194098_R08C01	0.999067
6247194107_R03C01	0.995978
6247194107_R05C01	0.991606
6247194107_R07C01	0.997828
6247194115_R02C01	0.99815
6247194115_R04C01	0.993873
6247194115_R05C01	0.997433
6247194115_R06C01	0.998673
6247194115_R08C01	0.997575
6247194117_R02C01	0.997643
6247194117_R03C01	0.999197
6247194117_R04C01	0.995194
6247194117_R05C01	0.998028
6247194117_R07C01	0.997972
6247194117_R08C01	0.997989
6247194118_R05C01	0.998472
6247194118_R08C01	0.996822
6264533042_R07C01	0.998487
6264533048_R01C01	0.998724
6264533048_R03C01	0.997991
6264533048_R04C01	0.998683
6264533048_R05C01	0.996397
6264533048_R06C01	0.998357
6264533048_R07C01	0.997175
6264533048_R08C01	0.998154
6264533060_R03C01	0.997646
6264533060_R05C01	0.996801
6264533060_R06C01	0.997023
6264533060_R07C01	0.997161
6264533060_R08C01	0.998108
6264533086_R01C01	0.977671
6264533086_R03C01	0.998342
6264533086_R05C01	0.993884
6264550046_R02C01	0.997648
6264550046_R03C01	0.996564
6264550046_R04C01	0.998034
6264550046_R07C01	0.997684
