                      +-----------------------------+
                      |                             |
                      |   Eagle v2.4.1              |
                      |   November 18, 2018         |
                      |   Po-Ru Loh                 |
                      |                             |
                      +-----------------------------+

Copyright (C) 2015-2018 Harvard University.
Distributed under the GNU GPLv3+ open source license.

Command line options:

eagle \
    --vcfRef=/BIODATA/StudentsHome/kevine/GWAS/Git/GWAS/1000G/ALL.chr5.phase3_integrated.20130502.genotypes.bcf \
    --vcfTarget=qc-camgwas-updated.vcf.gz \
    --geneticMapFile=tables/genetic_map_hg19_withX.txt.gz \
    --outPrefix=chr5-phased_wref \
    --chrom=5 \
    --pbwtIters=10 \
    --numThreads=90 \
    --Kpbwt=50000 \
    --vcfOutFormat=z 

Setting number of threads to 90
[W::bcf_hdr_check_sanity] PL should be declared as Number=G

Reference samples: Nref = 2504
Target samples: Ntarget = 1185
SNPs to analyze: M = 102047 SNPs in both target and reference

SNPs ignored: 0 SNPs in target but not reference
              2932332 SNPs in reference but not target
              0 multi-allelic SNPs in target

Missing rate in target genotypes: 0.0041008

Filling in genetic map coordinates using reference file:
  tables/genetic_map_hg19_withX.txt.gz
Physical distance range: 180668510 base pairs
Genetic distance range:  208.955 cM
Average # SNPs per cM:   488
Number of <=(64-SNP, 1cM) segments: 1595
Average # SNPs per segment: 63

Time for reading input: 66.1768 sec

Fraction of heterozygous genotypes: 0.251209
Typical span of default 100-het history length: 0.82 cM
Setting --histFactor=1.23
Typical span of 122-het history length: 1.00 cM

BEGINNING PHASING

PHASING ITER 1 OF 10


Phasing target samples
................................................................................
Time for phasing iter 1: 1337.33

PHASING ITER 2 OF 10


Phasing target samples
................................................................................
Time for phasing iter 2: 1308.87

PHASING ITER 3 OF 10


Phasing target samples
................................................................................
Time for phasing iter 3: 1219.37

PHASING ITER 4 OF 10


Phasing target samples
................................................................................
Time for phasing iter 4: 1212.82

PHASING ITER 5 OF 10


Phasing target samples
................................................................................
Time for phasing iter 5: 1223.77

PHASING ITER 6 OF 10


Phasing target samples
................................................................................
Time for phasing iter 6: 1205.96

PHASING ITER 7 OF 10


Phasing target samples
................................................................................
Time for phasing iter 7: 1198.7

PHASING ITER 8 OF 10


Phasing target samples
................................................................................
Time for phasing iter 8: 1235.61

PHASING ITER 9 OF 10


Phasing target samples
................................................................................
Time for phasing iter 9: 1214.52

PHASING ITER 10 OF 10


Phasing target samples
................................................................................
Time for phasing iter 10: 1518.52
Writing vcf.gz output to chr5-phased_wref.vcf.gz
Time for writing output: 15.2888
Total elapsed time for analysis = 12757.2 sec

Mean phase confidence of each target individual:
ID	PHASE_CONFIDENCE
6042341077_R01C01	0.998592
6042341077_R03C01	0.997559
6042341077_R04C01	0.996365
6042341077_R05C01	0.998561
6042341077_R06C01	0.998432
6042341077_R07C01	0.997619
6042341089_R01C01	0.998953
6042341089_R02C01	0.997734
6042341089_R03C01	0.998361
6042341089_R04C01	0.997144
6042341089_R05C01	0.997892
6042341089_R06C01	0.997188
6042341089_R07C01	0.997416
6042341089_R08C01	0.997706
6042341090_R01C01	0.997075
6042341090_R02C01	0.997879
6042341090_R03C01	0.997728
6042341090_R04C01	0.998117
6042341090_R05C01	0.997651
6042341090_R06C01	0.997787
6042341090_R07C01	0.996951
6042341090_R08C01	0.996439
6042341099_R01C01	0.998194
6042341099_R02C01	0.998741
6042341099_R03C01	0.998099
6042341099_R04C01	0.998066
6042341099_R05C01	0.997858
6042341099_R06C01	0.99336
6042341099_R07C01	0.99652
6042341099_R08C01	0.995573
6042341154_R06C01	0.997975
6042341154_R07C01	0.998337
6042341154_R08C01	0.998865
6042341162_R01C01	0.997596
6042341162_R02C01	0.998371
6042341162_R03C01	0.998007
6042341162_R04C01	0.998416
6042341162_R05C01	0.997363
6042341162_R06C01	0.998538
6042341162_R07C01	0.998621
6042341162_R08C01	0.997727
6042359084_R01C01	0.998243
6042359084_R02C01	0.998248
6042359084_R03C01	0.997704
6042359084_R04C01	0.997612
6042359084_R05C01	0.997028
6042359084_R06C01	0.99828
6042359084_R07C01	0.998009
6042359084_R08C01	0.998859
6042375002_R01C01	0.996272
6042375002_R02C01	0.997739
6042375002_R03C01	0.998083
6042375002_R04C01	0.997254
6042375002_R05C01	0.998225
6042375002_R06C01	0.997542
6042375002_R07C01	0.998319
6042375002_R08C01	0.998297
6042375003_R01C01	0.998742
6042375003_R02C01	0.998004
6042375003_R03C01	0.998037
6042375003_R04C01	0.996679
6042375003_R05C01	0.998744
6042375003_R06C01	0.998766
6042375003_R07C01	0.998552
6042375003_R08C01	0.998846
6042375012_R01C01	0.998003
6042375012_R02C01	0.998567
6042375012_R03C01	0.997046
6042375012_R04C01	0.998521
6042375012_R05C01	0.998141
6042375012_R06C01	0.997801
6042375013_R01C01	0.99816
6042375013_R02C01	0.998547
6042375013_R03C01	0.998121
6042375013_R04C01	0.998605
6042375013_R05C01	0.997562
6042375013_R06C01	0.99804
6042375013_R07C01	0.99871
6042375013_R08C01	0.997027
6042375014_R01C01	0.998892
6042375014_R02C01	0.998333
6042375014_R03C01	0.996985
6042375014_R04C01	0.997042
6042375014_R05C01	0.997596
6042375014_R06C01	0.998403
6042375014_R08C01	0.996351
6042375022_R01C01	0.997894
6042375022_R02C01	0.997887
6042375022_R03C01	0.998116
6042375022_R04C01	0.99805
6042375022_R05C01	0.997817
6042375022_R06C01	0.998315
6042375022_R07C01	0.997289
6042375023_R01C01	0.998972
6042375023_R02C01	0.998589
6042375023_R03C01	0.998689
6042375023_R04C01	0.998662
6042375023_R05C01	0.998357
6042375023_R06C01	0.997713
6042375023_R07C01	0.998234
6042375023_R08C01	0.997318
6042375024_R01C01	0.998898
6042375024_R02C01	0.997922
6042375024_R03C01	0.997548
6042375024_R04C01	0.997825
6042375024_R05C01	0.999189
6042375024_R06C01	0.998058
6042375024_R07C01	0.994962
6042375024_R08C01	0.99845
6042375025_R01C01	0.998186
6042375025_R02C01	0.998331
6042375025_R03C01	0.999072
6042375025_R04C01	0.998359
6042375025_R05C01	0.997731
6042375025_R06C01	0.998317
6042375025_R07C01	0.998726
6042375025_R08C01	0.997788
6042375029_R01C01	0.998249
6042375029_R02C01	0.997912
6042375029_R03C01	0.998274
6042375029_R04C01	0.998132
6042375029_R05C01	0.997105
6042375029_R06C01	0.998503
6042375029_R07C01	0.998476
6042375029_R08C01	0.997788
6042375043_R01C01	0.998695
6042375043_R02C01	0.997573
6042375043_R04C01	0.997991
6042375043_R05C01	0.997384
6042375043_R07C01	0.99614
6042375043_R08C01	0.998835
6042375044_R01C01	0.995061
6042375044_R02C01	0.99885
6042375044_R03C01	0.997706
6042375044_R05C01	0.996472
6042375044_R06C01	0.99795
6042375044_R07C01	0.998294
6042375044_R08C01	0.996235
6042375045_R02C01	0.996762
6042375045_R03C01	0.997241
6042375045_R04C01	0.99264
6042375045_R05C01	0.997877
6042375045_R06C01	0.99686
6042375045_R07C01	0.997708
6042375045_R08C01	0.99854
6042375053_R01C01	0.997548
6042375053_R02C01	0.998496
6042375053_R03C01	0.998314
6042375053_R04C01	0.998388
6042375053_R05C01	0.998195
6042375053_R06C01	0.99782
6042375053_R07C01	0.997069
6042375053_R08C01	0.995937
6042375080_R01C01	0.998599
6042375080_R02C01	0.998864
6042375080_R03C01	0.998249
6042375080_R04C01	0.99821
6042375080_R05C01	0.998723
6042375080_R06C01	0.99802
6042375080_R07C01	0.998121
6042375080_R08C01	0.997552
6042375085_R01C01	0.997672
6042375085_R02C01	0.998142
6042375085_R03C01	0.996471
6042375085_R04C01	0.998519
6042375085_R05C01	0.997589
6042375085_R06C01	0.998402
6042375085_R07C01	0.99852
6042375085_R08C01	0.997438
6042375100_R01C01	0.996361
6042375100_R02C01	0.998455
6042375100_R04C01	0.998689
6042375100_R05C01	0.997922
6042375100_R06C01	0.998353
6042375100_R07C01	0.999091
6042375100_R08C01	0.998256
6042375101_R01C01	0.997143
6042375101_R02C01	0.99739
6042375101_R03C01	0.998176
6042375101_R04C01	0.998068
6042375101_R05C01	0.997999
6042375101_R06C01	0.994211
6042375101_R07C01	0.99814
6042375101_R08C01	0.998067
6042375104_R01C01	0.996343
6042375104_R02C01	0.997181
6042375104_R03C01	0.997743
6042375104_R04C01	0.99823
6042375104_R06C01	0.997755
6042375104_R08C01	0.998368
6042375137_R01C01	0.998126
6042375137_R02C01	0.998719
6042375137_R03C01	0.998033
6042375137_R05C01	0.994679
6042375137_R06C01	0.998541
6042375137_R07C01	0.999025
6042375137_R08C01	0.998392
6042375138_R01C01	0.998614
6042375138_R02C01	0.998526
6042375138_R03C01	0.996725
6042375138_R04C01	0.997217
6042375138_R05C01	0.998709
6042375138_R06C01	0.995103
6042375138_R07C01	0.997703
6042375138_R08C01	0.998427
6042375146_R01C01	0.998171
6042375146_R02C01	0.998147
6042375146_R03C01	0.998542
6042375146_R04C01	0.998369
6042375146_R05C01	0.997837
6042375146_R06C01	0.998256
6042375146_R07C01	0.99771
6042375146_R08C01	0.998351
6130471012_R01C01	0.997389
6130471012_R02C01	0.997712
6130471012_R03C01	0.996579
6130471012_R04C01	0.998723
6130471012_R05C01	0.998623
6130471012_R06C01	0.997926
6130471012_R07C01	0.998281
6130471012_R08C01	0.996923
6130471070_R01C01	0.998432
6130471070_R02C01	0.991701
6130471070_R03C01	0.998147
6130471070_R04C01	0.997767
6130471070_R05C01	0.998324
6130471070_R06C01	0.99733
6130471070_R07C01	0.997367
6130471070_R08C01	0.99769
6130471071_R01C01	0.997188
6130471071_R02C01	0.99719
6130471071_R03C01	0.998128
6130471071_R05C01	0.997089
6130471071_R06C01	0.995183
6130471071_R07C01	0.997392
6130471110_R01C01	0.998337
6130471110_R02C01	0.997121
6130471110_R04C01	0.998161
6130471110_R05C01	0.995404
6130471110_R06C01	0.998682
6130471110_R07C01	0.997098
6130471110_R08C01	0.99437
6130471129_R01C01	0.996706
6130471129_R02C01	0.998468
6130471129_R03C01	0.996529
6130471129_R04C01	0.99831
6130471129_R05C01	0.996222
6130471129_R06C01	0.998428
6130471129_R07C01	0.995388
6130471129_R08C01	0.998231
6135563011_R01C01	0.997937
6135563011_R02C01	0.998177
6135563011_R03C01	0.997717
6135563011_R04C01	0.997913
6135563011_R06C01	0.997895
6135563011_R07C01	0.998313
6135563011_R08C01	0.997607
6135563012_R02C01	0.998642
6135563012_R04C01	0.993588
6135563012_R05C01	0.997845
6135563012_R06C01	0.99777
6135563012_R07C01	0.997897
6135563012_R08C01	0.994457
6135563014_R02C01	0.998845
6135563014_R03C01	0.998148
6135563014_R04C01	0.998462
6135563014_R05C01	0.997965
6135563014_R06C01	0.998028
6135563014_R07C01	0.998555
6135563014_R08C01	0.998016
6135563015_R02C01	0.996727
6135563015_R04C01	0.996709
6135563015_R05C01	0.997567
6135563015_R06C01	0.996736
6135563015_R07C01	0.997684
6135563015_R08C01	0.997493
6135563041_R01C01	0.998808
6135563041_R03C01	0.997786
6135563041_R04C01	0.997788
6135563041_R05C01	0.99792
6135563041_R06C01	0.998416
6135571025_R01C01	0.993621
6135571025_R03C01	0.995779
6135571025_R04C01	0.998056
6135571025_R07C01	0.99861
6135571025_R08C01	0.998362
6135580001_R01C01	0.99885
6135580001_R02C01	0.998804
6135580001_R03C01	0.998465
6135580001_R04C01	0.997956
6135580001_R05C01	0.997693
6135580001_R06C01	0.998791
6135580001_R07C01	0.998817
6135580001_R08C01	0.997685
6135580011_R01C01	0.997475
6135580011_R02C01	0.996196
6135580011_R03C01	0.998502
6135580011_R04C01	0.997648
6135580011_R05C01	0.998138
6135580011_R07C01	0.997956
6135580011_R08C01	0.997681
6135580017_R01C01	0.998618
6135580017_R02C01	0.998317
6135580017_R03C01	0.996762
6135580017_R04C01	0.998349
6135580017_R05C01	0.998189
6135580017_R06C01	0.997648
6135580017_R07C01	0.99792
6135580017_R08C01	0.998371
6135580027_R01C01	0.998212
6135580027_R02C01	0.9971
6135580027_R03C01	0.998776
6135580027_R04C01	0.998616
6135580027_R05C01	0.998331
6135580027_R06C01	0.998734
6135580027_R07C01	0.99882
6135580027_R08C01	0.998044
6135580057_R01C01	0.99743
6135580057_R02C01	0.997577
6135580057_R03C01	0.99828
6135580057_R04C01	0.99841
6135580057_R05C01	0.998145
6135580057_R06C01	0.997779
6135580057_R07C01	0.997424
6135580057_R08C01	0.998629
6135580073_R01C01	0.997855
6135580073_R03C01	0.997028
6135580073_R04C01	0.997304
6135580073_R05C01	0.998106
6135580073_R06C01	0.998379
6135580073_R07C01	0.997756
6135580073_R08C01	0.99827
6135580082_R01C01	0.998447
6135580082_R02C01	0.998525
6135580082_R03C01	0.996755
6135580082_R04C01	0.999014
6135580082_R06C01	0.996829
6135580082_R07C01	0.998133
6135580082_R08C01	0.998647
6135580098_R01C01	0.998627
6135580098_R02C01	0.998105
6135580098_R04C01	0.998026
6135580098_R05C01	0.998405
6135580098_R06C01	0.997663
6135580098_R07C01	0.997002
6135580098_R08C01	0.998412
6135580116_R02C01	0.994195
6135580116_R03C01	0.99762
6135580116_R05C01	0.99765
6135580116_R06C01	0.997876
6135580116_R08C01	0.997397
6135580117_R02C01	0.996793
6135580117_R03C01	0.996854
6135580117_R04C01	0.998847
6135580117_R05C01	0.997793
6135580117_R06C01	0.998141
6135580118_R01C01	0.997314
6135580118_R02C01	0.995406
6135580118_R04C01	0.998019
6135580118_R05C01	0.997596
6135580118_R06C01	0.997701
6135580118_R08C01	0.996575
6135580123_R02C01	0.998082
6135580123_R04C01	0.997425
6135580123_R05C01	0.997896
6135580123_R07C01	0.994101
6135580123_R08C01	0.995551
6135580144_R01C01	0.99744
6135580144_R08C01	0.997888
6135580145_R06C01	0.998818
6135580145_R08C01	0.991886
6135601008_R01C01	0.998517
6135601008_R02C01	0.993305
6135601008_R03C01	0.997382
6135601008_R04C01	0.99741
6135601008_R06C01	0.998086
6135601008_R07C01	0.998188
6135601008_R08C01	0.9984
6135601009_R01C01	0.998819
6135601009_R02C01	0.997304
6135601009_R03C01	0.999123
6135601009_R04C01	0.998783
6135601009_R05C01	0.997833
6135601009_R06C01	0.998002
6135601009_R07C01	0.998353
6135601009_R08C01	0.997883
6135601012_R04C01	0.998611
6135601012_R05C01	0.999127
6135601012_R06C01	0.998448
6135601012_R07C01	0.9931
6135601018_R03C01	0.997703
6135601018_R05C01	0.997819
6135601018_R07C01	0.98802
6135601018_R08C01	0.993677
6135601027_R03C01	0.998105
6135601027_R04C01	0.997398
6135601027_R05C01	0.997453
6135601027_R07C01	0.997723
6135601034_R01C01	0.99872
6135601034_R02C01	0.99815
6135601034_R03C01	0.997831
6135601034_R04C01	0.998148
6135601034_R06C01	0.997822
6135601045_R01C01	0.998421
6135601045_R02C01	0.998978
6135601045_R03C01	0.997852
6135601045_R04C01	0.997676
6135601045_R05C01	0.997847
6135601045_R07C01	0.998179
6135601045_R08C01	0.997221
6135601049_R01C01	0.997903
6135601049_R02C01	0.997989
6135601049_R03C01	0.997807
6135601049_R05C01	0.992403
6135601049_R06C01	0.998438
6135601049_R07C01	0.998529
6135601049_R08C01	0.997785
6135601060_R01C01	0.995843
6135601060_R03C01	0.997287
6135601060_R04C01	0.979844
6135601060_R05C01	0.99601
6135601060_R06C01	0.996007
6135601066_R01C01	0.998038
6135601066_R02C01	0.995404
6135601066_R03C01	0.998008
6135601066_R04C01	0.997986
6135601066_R05C01	0.996647
6135601066_R06C01	0.997965
6135601066_R07C01	0.997556
6135601066_R08C01	0.998077
6135601080_R01C01	0.997996
6135601080_R02C01	0.995644
6135601080_R03C01	0.998975
6135601080_R07C01	0.997783
6135601080_R08C01	0.998557
6135601081_R01C01	0.99878
6135601081_R02C01	0.998353
6135601081_R03C01	0.998157
6135601081_R04C01	0.99726
6135601081_R05C01	0.998519
6135601081_R07C01	0.997399
6135601081_R08C01	0.997828
6135601082_R02C01	0.998624
6135601082_R03C01	0.997944
6135601082_R04C01	0.998461
6135601082_R05C01	0.997623
6135601082_R06C01	0.996894
6135601082_R07C01	0.998084
6135601082_R08C01	0.998384
6135601086_R01C01	0.996618
6135601086_R03C01	0.998642
6135601086_R04C01	0.998048
6135601086_R05C01	0.994802
6135601086_R07C01	0.997865
6135601094_R05C01	0.997065
6135601094_R06C01	0.991718
6135601108_R01C01	0.997862
6135601108_R02C01	0.998075
6135601108_R03C01	0.998516
6135601108_R04C01	0.998249
6135601108_R05C01	0.997378
6135601108_R06C01	0.997236
6135601108_R07C01	0.997992
6135601108_R08C01	0.998025
6135601115_R02C01	0.996951
6135601115_R04C01	0.99828
6135601115_R06C01	0.997763
6135601115_R07C01	0.997849
6135601115_R08C01	0.998269
6135601116_R01C01	0.997133
6135601116_R02C01	0.997769
6135601116_R05C01	0.997937
6135601116_R07C01	0.997576
6135601116_R08C01	0.998787
6135601117_R01C01	0.997752
6135601117_R05C01	0.998138
6135601117_R06C01	0.996652
6135601117_R07C01	0.998294
6135601117_R08C01	0.998052
6135601120_R03C01	0.997997
6135601120_R04C01	0.998507
6135601120_R06C01	0.998173
6135601120_R07C01	0.996647
6135601120_R08C01	0.998527
6135601124_R01C01	0.99759
6135601124_R02C01	0.997277
6135601124_R03C01	0.998216
6135601124_R04C01	0.998247
6135601124_R05C01	0.99767
6135601124_R06C01	0.997312
6135601124_R07C01	0.99744
6135601124_R08C01	0.998144
6135601130_R01C01	0.998681
6135601130_R02C01	0.993057
6135601130_R03C01	0.997644
6135601130_R04C01	0.997752
6135601130_R05C01	0.998379
6135601130_R06C01	0.998267
6135601130_R07C01	0.998035
6135601130_R08C01	0.998207
6135601149_R01C01	0.997585
6135601149_R02C01	0.998023
6135601149_R06C01	0.995513
6135601149_R08C01	0.99757
6135601151_R01C01	0.996646
6135601151_R02C01	0.997947
6135601151_R03C01	0.998006
6135601151_R04C01	0.997891
6135601151_R05C01	0.997598
6135601151_R06C01	0.998011
6135601151_R07C01	0.99702
6135601151_R08C01	0.997835
6135601153_R03C01	0.997455
6135601153_R05C01	0.997802
6135601153_R06C01	0.991941
6135601153_R07C01	0.998005
6135601153_R08C01	0.999001
6135601156_R01C01	0.997687
6135601156_R02C01	0.996905
6135601156_R03C01	0.997017
6135601156_R04C01	0.998359
6135601156_R05C01	0.998112
6135601156_R06C01	0.997994
6135601156_R08C01	0.99905
6135601162_R01C01	0.994043
6135601162_R02C01	0.997195
6135601162_R04C01	0.997795
6135601162_R05C01	0.997677
6135601162_R06C01	0.996835
6135601162_R07C01	0.998161
6135601162_R08C01	0.996749
6135601167_R02C01	0.998368
6135601167_R03C01	0.997775
6135601167_R04C01	0.997941
6135601167_R05C01	0.996453
6135601167_R06C01	0.997393
6135601167_R07C01	0.99693
6147054060_R01C01	0.998404
6147054060_R02C01	0.997583
6147054060_R03C01	0.998301
6147054060_R04C01	0.998408
6147054060_R05C01	0.996765
6147054060_R07C01	0.998477
6147054060_R08C01	0.998725
6147054122_R01C01	0.997212
6147054122_R02C01	0.998815
6147054122_R03C01	0.997282
6147054122_R04C01	0.997756
6147054122_R05C01	0.996673
6147054122_R06C01	0.997971
6147054122_R07C01	0.998336
6147054122_R08C01	0.998723
6147054149_R01C01	0.997563
6147054149_R02C01	0.998192
6147054149_R07C01	0.997989
6147054149_R08C01	0.998009
6147054150_R01C01	0.998097
6147054150_R02C01	0.997835
6147054150_R03C01	0.99857
6147054150_R04C01	0.997574
6147054150_R05C01	0.998451
6147054150_R06C01	0.998693
6147054150_R07C01	0.997474
6147054150_R08C01	0.998399
6147062005_R03C01	0.998207
6147062005_R04C01	0.99832
6147062005_R06C01	0.997358
6147062005_R07C01	0.998416
6147062010_R01C01	0.997325
6147062010_R02C01	0.99846
6147062010_R03C01	0.998193
6147062010_R04C01	0.997201
6147062010_R05C01	0.999131
6147062010_R06C01	0.99826
6147062010_R07C01	0.998272
6147062010_R08C01	0.998273
6147062028_R03C01	0.997791
6147062037_R01C01	0.997211
6147062037_R02C01	0.994593
6147062037_R03C01	0.998218
6147062037_R04C01	0.997889
6147062037_R05C01	0.997782
6147062037_R06C01	0.997464
6147062037_R07C01	0.997871
6147062055_R01C01	0.997484
6147062055_R02C01	0.997395
6147062055_R04C01	0.997758
6147062055_R07C01	0.998315
6147062055_R08C01	0.997081
6147062102_R01C01	0.997819
6147062102_R02C01	0.997922
6147062102_R03C01	0.997912
6147062102_R04C01	0.997588
6147062102_R05C01	0.998221
6147062102_R06C01	0.99695
6147062133_R01C01	0.997959
6147062133_R02C01	0.998174
6147062133_R03C01	0.998188
6147062133_R05C01	0.998077
6147062133_R06C01	0.998475
6147062134_R01C01	0.998245
6147062134_R02C01	0.998343
6147062134_R03C01	0.998687
6147062134_R06C01	0.99714
6147062134_R07C01	0.998409
6147062134_R08C01	0.997569
6147062135_R01C01	0.998673
6147062135_R02C01	0.998162
6147062135_R04C01	0.997772
6147062135_R05C01	0.997994
6147062135_R06C01	0.995896
6147062135_R08C01	0.998317
6147062147_R01C01	0.993532
6147062147_R03C01	0.997898
6147062147_R04C01	0.998342
6147062147_R05C01	0.998185
6147062147_R06C01	0.998066
6147062147_R07C01	0.996026
6147062147_R08C01	0.997872
6147062162_R01C01	0.99849
6147062162_R03C01	0.998458
6147062162_R05C01	0.998303
6147062162_R06C01	0.997728
6147062162_R07C01	0.99845
6147062167_R02C01	0.997961
6147062167_R03C01	0.997809
6147062167_R04C01	0.997788
6147062167_R05C01	0.997797
6147062167_R06C01	0.995004
6147062167_R08C01	0.99724
6147071002_R01C01	0.998162
6147071002_R02C01	0.993884
6147071002_R03C01	0.9977
6147071002_R05C01	0.998119
6147071002_R06C01	0.998288
6147071002_R07C01	0.999095
6147071002_R08C01	0.998052
6147071043_R03C01	0.998338
6147071043_R05C01	0.996942
6147071043_R08C01	0.997901
6147071044_R01C01	0.998864
6147071044_R02C01	0.997955
6147071044_R03C01	0.99733
6147071044_R04C01	0.99791
6147071044_R06C01	0.996771
6147071044_R07C01	0.997761
6147071044_R08C01	0.997487
6147071047_R01C01	0.997569
6147071047_R02C01	0.997731
6147071047_R05C01	0.997279
6147071047_R06C01	0.998461
6147071047_R07C01	0.997836
6147071047_R08C01	0.997173
6147071059_R02C01	0.997249
6147071059_R03C01	0.997226
6147071059_R04C01	0.99725
6147071059_R07C01	0.997817
6147071059_R08C01	0.997995
6147071060_R02C01	0.998271
6147071060_R03C01	0.998097
6147071060_R04C01	0.996201
6147071060_R05C01	0.998452
6147071060_R06C01	0.997001
6147071060_R07C01	0.99773
6147071060_R08C01	0.993559
6147071101_R01C01	0.998865
6147071101_R02C01	0.997249
6147071101_R04C01	0.997756
6147071101_R05C01	0.998281
6147071101_R06C01	0.998123
6147071101_R07C01	0.998292
6147071101_R08C01	0.995982
6147071123_R01C01	0.99819
6147071123_R02C01	0.99797
6147071123_R03C01	0.997787
6147071123_R04C01	0.998119
6147071123_R05C01	0.998127
6147071123_R06C01	0.998337
6147071123_R07C01	0.998576
6147071123_R08C01	0.995858
6147071155_R01C01	0.998059
6147071155_R02C01	0.998376
6147071155_R03C01	0.99767
6147071155_R04C01	0.997634
6147071155_R06C01	0.997865
6147071155_R07C01	0.997139
6147071155_R08C01	0.997983
6147071157_R01C01	0.997867
6147071157_R02C01	0.998491
6147071157_R03C01	0.998081
6147071157_R04C01	0.998754
6147071157_R05C01	0.998352
6147071157_R06C01	0.997883
6147071157_R07C01	0.997989
6147071157_R08C01	0.997468
6160275010_R02C01	0.996929
6160275010_R03C01	0.997988
6160275010_R04C01	0.99642
6160275010_R05C01	0.997931
6160275010_R06C01	0.998236
6160275010_R07C01	0.99825
6160275010_R08C01	0.998093
6160275012_R02C01	0.998074
6160275012_R03C01	0.997757
6160275012_R04C01	0.997931
6160275012_R05C01	0.996938
6160275012_R06C01	0.996785
6160275012_R07C01	0.998405
6160275012_R08C01	0.99896
6160275019_R01C01	0.998281
6160275019_R02C01	0.998274
6160275019_R03C01	0.998865
6160275019_R04C01	0.998266
6160275019_R05C01	0.997015
6160275019_R06C01	0.998284
6160275019_R07C01	0.997638
6160275020_R01C01	0.997723
6160275020_R02C01	0.998191
6160275020_R03C01	0.998024
6160275020_R04C01	0.998062
6160275020_R05C01	0.998038
6160275020_R06C01	0.99744
6160275020_R07C01	0.997506
6160275020_R08C01	0.998401
6160275021_R01C01	0.996793
6160275021_R02C01	0.997102
6160275021_R03C01	0.998497
6160275021_R04C01	0.997206
6160275021_R05C01	0.997495
6160275021_R06C01	0.998545
6160275021_R07C01	0.998292
6160275021_R08C01	0.997149
6160275022_R01C01	0.998378
6160275022_R02C01	0.997516
6160275022_R03C01	0.997991
6160275022_R04C01	0.997564
6160275022_R05C01	0.998147
6160275022_R06C01	0.998265
6160275022_R07C01	0.998549
6160275022_R08C01	0.997904
6160275043_R01C01	0.99768
6160275043_R02C01	0.997488
6160275043_R03C01	0.997932
6160275043_R04C01	0.998125
6160275043_R05C01	0.997912
6160275043_R06C01	0.998362
6160275043_R08C01	0.995386
6160275044_R01C01	0.996902
6160275044_R02C01	0.997895
6160275044_R03C01	0.998189
6160275044_R04C01	0.997403
6160275044_R05C01	0.998096
6160275044_R06C01	0.997971
6160275044_R07C01	0.998639
6160275044_R08C01	0.997615
6160275046_R01C01	0.997851
6160275046_R02C01	0.99753
6160275046_R03C01	0.997652
6160275046_R05C01	0.992095
6160275046_R06C01	0.998147
6160275046_R07C01	0.997709
6160275058_R01C01	0.996859
6160275058_R02C01	0.998109
6160275058_R03C01	0.998032
6160275058_R04C01	0.997875
6160275058_R05C01	0.997618
6160275058_R06C01	0.997645
6160275058_R07C01	0.997281
6160275058_R08C01	0.998612
6160275059_R01C01	0.999023
6160275059_R02C01	0.998753
6160275059_R03C01	0.997356
6160275059_R04C01	0.99778
6160275059_R05C01	0.998824
6160275059_R06C01	0.997993
6160275059_R07C01	0.997849
6160275059_R08C01	0.998376
6160275060_R01C01	0.998171
6160275060_R02C01	0.998273
6160275060_R03C01	0.997685
6160275060_R04C01	0.999134
6160275060_R05C01	0.997273
6160275060_R06C01	0.998565
6160275060_R07C01	0.997614
6160275060_R08C01	0.997831
6160304032_R01C01	0.998142
6160304032_R02C01	0.996033
6160304032_R03C01	0.997977
6160304032_R04C01	0.99781
6160304032_R05C01	0.99862
6160304032_R07C01	0.998206
6160304032_R08C01	0.998114
6160304033_R01C01	0.998616
6160304033_R02C01	0.998105
6160304033_R03C01	0.998402
6160304033_R04C01	0.998355
6160304033_R05C01	0.99504
6160304033_R06C01	0.998072
6160304033_R07C01	0.998623
6160304033_R08C01	0.998011
6164663042_R01C01	0.99302
6164663042_R02C01	0.998213
6164663042_R03C01	0.997727
6164663042_R04C01	0.998823
6164663042_R05C01	0.998449
6164663042_R06C01	0.996719
6164663042_R07C01	0.997736
6164663042_R08C01	0.997726
6165295013_R01C01	0.998204
6165295013_R02C01	0.998093
6165295013_R03C01	0.998404
6165295013_R04C01	0.998506
6165295013_R06C01	0.99781
6165295019_R01C01	0.996543
6165295019_R02C01	0.997787
6165295019_R04C01	0.997796
6165295019_R05C01	0.997331
6165295019_R06C01	0.998142
6165295019_R07C01	0.997711
6165295019_R08C01	0.998531
6165295021_R01C01	0.990413
6165295021_R02C01	0.997887
6165295021_R03C01	0.998644
6165295021_R04C01	0.99791
6165295021_R05C01	0.998269
6165295021_R06C01	0.998626
6165295021_R07C01	0.997898
6165295021_R08C01	0.997584
6165295023_R01C01	0.99575
6165295023_R02C01	0.995756
6165295023_R03C01	0.998046
6165295023_R04C01	0.997958
6165295023_R05C01	0.992152
6165295023_R06C01	0.997275
6165295023_R07C01	0.99803
6165295023_R08C01	0.998495
6165295050_R01C01	0.997716
6165295050_R02C01	0.992119
6165295050_R03C01	0.997093
6165295050_R04C01	0.998704
6165295050_R05C01	0.998304
6165295050_R06C01	0.998391
6165295050_R07C01	0.997347
6165295050_R08C01	0.998808
6165295051_R01C01	0.997133
6165295051_R03C01	0.996157
6165295051_R04C01	0.997952
6165295051_R05C01	0.996447
6165295051_R07C01	0.994672
6165295051_R08C01	0.996936
6171492001_R02C01	0.989922
6171492001_R03C01	0.997267
6171492001_R05C01	0.997786
6171492001_R07C01	0.997267
6171492013_R02C01	0.998171
6171492013_R03C01	0.998472
6171492013_R04C01	0.998881
6171492013_R07C01	0.997352
6171492013_R08C01	0.998299
6171492015_R01C01	0.998323
6171492015_R02C01	0.996001
6171492015_R03C01	0.998645
6171492015_R04C01	0.997631
6171492015_R05C01	0.997868
6171492015_R06C01	0.997979
6171492015_R07C01	0.997666
6171492015_R08C01	0.998365
6171492016_R01C01	0.997241
6171492016_R02C01	0.99733
6171492016_R03C01	0.997144
6171492016_R04C01	0.996408
6171492016_R05C01	0.997813
6171492016_R06C01	0.997989
6171492016_R07C01	0.998115
6171492017_R02C01	0.998008
6171492017_R03C01	0.993
6171492017_R04C01	0.998208
6171492017_R05C01	0.997294
6171492017_R06C01	0.997713
6171492017_R07C01	0.997927
6171492017_R08C01	0.996156
6171492025_R01C01	0.998649
6171492025_R02C01	0.997639
6171492025_R03C01	0.99693
6171492025_R04C01	0.994173
6171492025_R05C01	0.998139
6171492025_R06C01	0.998466
6171492025_R07C01	0.996628
6171492025_R08C01	0.997891
6171492029_R01C01	0.998558
6171492029_R02C01	0.997203
6171492029_R04C01	0.99884
6171492029_R05C01	0.998072
6171492029_R06C01	0.998427
6171492029_R08C01	0.998151
6171492039_R03C01	0.998569
6171492039_R04C01	0.99722
6171492039_R05C01	0.998471
6171492039_R06C01	0.987255
6171492039_R07C01	0.998033
6171492043_R02C01	0.998722
6171492043_R03C01	0.994631
6171492043_R04C01	0.997578
6171492043_R05C01	0.998311
6171492043_R06C01	0.99802
6171492043_R07C01	0.996425
6171492043_R08C01	0.998161
6171492045_R01C01	0.997425
6171492045_R02C01	0.997349
6171492045_R05C01	0.998127
6171492045_R08C01	0.997602
6171492048_R06C01	0.986015
6171492048_R08C01	0.973786
6171492049_R01C01	0.998016
6171492049_R02C01	0.998187
6171492049_R03C01	0.997602
6171492049_R04C01	0.993504
6171492049_R05C01	0.998454
6171492049_R06C01	0.999221
6171492049_R07C01	0.997823
6171492049_R08C01	0.9978
6171492050_R01C01	0.998031
6171492050_R02C01	0.99839
6171492050_R05C01	0.997828
6171492050_R06C01	0.998691
6171492050_R07C01	0.998425
6171492050_R08C01	0.996603
6171492053_R01C01	0.99699
6171492053_R02C01	0.998513
6171492053_R03C01	0.997763
6171492053_R04C01	0.997315
6171492053_R05C01	0.997862
6171492053_R06C01	0.997728
6171492053_R07C01	0.998638
6171492053_R08C01	0.998752
6171492055_R01C01	0.997936
6171492055_R02C01	0.991931
6171492055_R03C01	0.998751
6171492055_R04C01	0.998661
6171492055_R06C01	0.998572
6171492055_R07C01	0.998124
6171492055_R08C01	0.998052
6171492056_R01C01	0.997613
6171492056_R02C01	0.998731
6171492056_R03C01	0.999145
6171492056_R04C01	0.997523
6171492056_R05C01	0.997588
6171492056_R08C01	0.99696
6171492059_R01C01	0.998478
6171492059_R02C01	0.998342
6171492059_R04C01	0.998306
6171492059_R05C01	0.998571
6171492059_R06C01	0.99813
6171492059_R07C01	0.997651
6171492059_R08C01	0.998325
6171492060_R01C01	0.998216
6171492060_R02C01	0.9979
6171492060_R03C01	0.993765
6171492060_R04C01	0.997651
6171492060_R05C01	0.998072
6171492060_R08C01	0.992032
6171492068_R01C01	0.998234
6171492068_R02C01	0.998514
6171492068_R03C01	0.998127
6171492068_R04C01	0.996985
6171492068_R05C01	0.998107
6171492068_R06C01	0.998174
6171492068_R08C01	0.997309
6171492069_R02C01	0.996538
6171492069_R06C01	0.995975
6171492069_R07C01	0.997298
6171492069_R08C01	0.99784
6171492072_R03C01	0.998003
6171492072_R04C01	0.997926
6171492072_R05C01	0.998218
6171492072_R06C01	0.995895
6171492072_R08C01	0.998581
6171492074_R01C01	0.997748
6171492074_R02C01	0.998339
6171492074_R03C01	0.998233
6171492074_R04C01	0.998078
6171492074_R05C01	0.997972
6171492074_R07C01	0.997468
6171492074_R08C01	0.9983
6171492075_R01C01	0.997936
6171492075_R03C01	0.997437
6171492075_R05C01	0.997967
6171492075_R06C01	0.977571
6171492075_R08C01	0.997767
6171492077_R01C01	0.997776
6171492077_R02C01	0.997834
6171492077_R03C01	0.997616
6171492077_R07C01	0.997376
6171492077_R08C01	0.997553
6171492078_R01C01	0.998483
6171492078_R02C01	0.997532
6171492078_R03C01	0.997899
6171492078_R05C01	0.996876
6171492078_R06C01	0.997122
6171492078_R07C01	0.997479
6171492078_R08C01	0.998038
6171492079_R01C01	0.998693
6171492079_R03C01	0.997391
6171492079_R04C01	0.99885
6171492079_R05C01	0.998531
6171492079_R06C01	0.997325
6171492079_R07C01	0.998324
6171492079_R08C01	0.984338
6171492084_R01C01	0.99705
6171492084_R02C01	0.998301
6171492084_R03C01	0.998465
6171492084_R04C01	0.997587
6171492084_R05C01	0.997217
6171492084_R06C01	0.998055
6171492084_R08C01	0.997603
6171492086_R02C01	0.996872
6171492086_R05C01	0.998065
6171492086_R06C01	0.996998
6171492086_R07C01	0.997707
6171492086_R08C01	0.998757
6171492090_R01C01	0.998382
6171492090_R02C01	0.996497
6171492090_R03C01	0.997782
6171492090_R05C01	0.997981
6171492090_R06C01	0.997245
6171492090_R07C01	0.998106
6171492090_R08C01	0.998365
6171492100_R01C01	0.997402
6171492100_R03C01	0.995712
6171492100_R04C01	0.986405
6171492100_R05C01	0.996835
6171492100_R08C01	0.997349
6172882004_R01C01	0.998258
6172882004_R02C01	0.998325
6172882004_R03C01	0.995458
6172882004_R06C01	0.990808
6172882004_R07C01	0.999003
6172882004_R08C01	0.998586
6172882009_R01C01	0.998397
6172882009_R02C01	0.99811
6172882009_R03C01	0.998432
6172882009_R04C01	0.997467
6172882009_R05C01	0.997489
6172882009_R06C01	0.998369
6172882009_R07C01	0.998012
6172882009_R08C01	0.998414
6172882050_R01C01	0.997988
6172882050_R02C01	0.998076
6172882050_R03C01	0.998628
6172882050_R04C01	0.995763
6172882050_R05C01	0.998332
6172882050_R06C01	0.998052
6172882050_R08C01	0.996567
6172882051_R01C01	0.998788
6172882051_R02C01	0.998338
6172882051_R04C01	0.997445
6172882051_R05C01	0.995948
6172882051_R06C01	0.998819
6172882051_R07C01	0.998687
6172882051_R08C01	0.997767
6186483013_R01C01	0.994877
6186483013_R02C01	0.998026
6186483013_R03C01	0.9927
6186483013_R04C01	0.99836
6186483013_R05C01	0.997275
6186483013_R06C01	0.998657
6186483013_R07C01	0.998198
6186483013_R08C01	0.997734
6186483032_R03C01	0.998135
6186483032_R04C01	0.997551
6186483032_R05C01	0.998043
6186483032_R06C01	0.998176
6186483032_R07C01	0.996651
6186483032_R08C01	0.992614
6186483043_R01C01	0.978453
6186483043_R04C01	0.99
6186483043_R05C01	0.998512
6186483043_R06C01	0.997149
6186483043_R08C01	0.996795
6186483051_R01C01	0.998282
6186483051_R08C01	0.997469
6186483068_R01C01	0.994476
6186483068_R02C01	0.998295
6186483068_R03C01	0.998256
6186483090_R01C01	0.998804
6186483090_R02C01	0.998403
6186483090_R03C01	0.998097
6186483090_R04C01	0.997559
6186483090_R06C01	0.99826
6186483090_R07C01	0.997765
6186483090_R08C01	0.997318
6186483093_R02C01	0.98363
6186483093_R03C01	0.997444
6186483093_R05C01	0.998088
6186483093_R06C01	0.998408
6186483093_R08C01	0.998088
6186483099_R01C01	0.996407
6186483099_R03C01	0.998051
6186483099_R04C01	0.997984
6186483099_R05C01	0.996756
6186483099_R07C01	0.998117
6186483099_R08C01	0.998177
6186483101_R01C01	0.996388
6186483101_R02C01	0.996792
6186483101_R03C01	0.993411
6186483101_R04C01	0.99824
6186483101_R05C01	0.994179
6186483101_R06C01	0.990654
6186483101_R08C01	0.998467
6186483132_R01C01	0.984263
6247194011_R02C01	0.997137
6247194011_R03C01	0.99749
6247194011_R04C01	0.997663
6247194011_R05C01	0.997389
6247194011_R07C01	0.9945
6247194011_R08C01	0.998052
6247194028_R01C01	0.996559
6247194028_R02C01	0.99332
6247194028_R03C01	0.998336
6247194028_R04C01	0.997662
6247194028_R06C01	0.998407
6247194028_R07C01	0.997908
6247194028_R08C01	0.998162
6247194031_R01C01	0.995735
6247194031_R02C01	0.998381
6247194031_R03C01	0.998304
6247194031_R05C01	0.997406
6247194031_R06C01	0.998003
6247194031_R07C01	0.99764
6247194043_R02C01	0.997419
6247194043_R03C01	0.998637
6247194043_R04C01	0.997724
6247194043_R07C01	0.998493
6247194043_R08C01	0.997512
6247194064_R01C01	0.997532
6247194064_R03C01	0.997707
6247194064_R04C01	0.998544
6247194064_R05C01	0.998595
6247194064_R06C01	0.999101
6247194064_R07C01	0.998493
6247194064_R08C01	0.998285
6247194098_R01C01	0.998109
6247194098_R02C01	0.998275
6247194098_R03C01	0.998208
6247194098_R04C01	0.999173
6247194098_R05C01	0.998546
6247194098_R06C01	0.998782
6247194098_R07C01	0.997874
6247194098_R08C01	0.998557
6247194107_R03C01	0.99485
6247194107_R05C01	0.990704
6247194107_R07C01	0.997362
6247194115_R02C01	0.997824
6247194115_R04C01	0.994081
6247194115_R05C01	0.998636
6247194115_R06C01	0.997927
6247194115_R08C01	0.997904
6247194117_R02C01	0.997922
6247194117_R03C01	0.998652
6247194117_R04C01	0.993593
6247194117_R05C01	0.997986
6247194117_R07C01	0.998156
6247194117_R08C01	0.998016
6247194118_R05C01	0.997434
6247194118_R08C01	0.996016
6264533042_R07C01	0.998051
6264533048_R01C01	0.998745
6264533048_R03C01	0.997703
6264533048_R04C01	0.998027
6264533048_R05C01	0.996225
6264533048_R06C01	0.997981
6264533048_R07C01	0.998044
6264533048_R08C01	0.998461
6264533060_R03C01	0.996943
6264533060_R05C01	0.996044
6264533060_R06C01	0.996967
6264533060_R07C01	0.996838
6264533060_R08C01	0.99778
6264533086_R01C01	0.976457
6264533086_R03C01	0.998408
6264533086_R05C01	0.993383
6264550046_R02C01	0.998068
6264550046_R03C01	0.997418
6264550046_R04C01	0.997567
6264550046_R07C01	0.996796
