                      +-----------------------------+
                      |                             |
                      |   Eagle v2.4.1              |
                      |   November 18, 2018         |
                      |   Po-Ru Loh                 |
                      |                             |
                      +-----------------------------+

Copyright (C) 2015-2018 Harvard University.
Distributed under the GNU GPLv3+ open source license.

Command line options:

eagle \
    --vcfRef=/BIODATA/StudentsHome/kevine/GWAS/Git/GWAS/1000G/ALL.chr6.phase3_integrated.20130502.genotypes.bcf \
    --vcfTarget=qc-camgwas-updated.vcf.gz \
    --geneticMapFile=tables/genetic_map_hg19_withX.txt.gz \
    --outPrefix=chr6-phased_wref \
    --chrom=6 \
    --pbwtIters=10 \
    --numThreads=90 \
    --Kpbwt=50000 \
    --vcfOutFormat=z 

Setting number of threads to 90
[W::bcf_hdr_check_sanity] PL should be declared as Number=G

Reference samples: Nref = 2504
Target samples: Ntarget = 1185
SNPs to analyze: M = 109463 SNPs in both target and reference

SNPs ignored: 0 SNPs in target but not reference
              2846576 SNPs in reference but not target
              0 multi-allelic SNPs in target

Missing rate in target genotypes: 0.00426845

Filling in genetic map coordinates using reference file:
  tables/genetic_map_hg19_withX.txt.gz
Physical distance range: 170749773 base pairs
Genetic distance range:  198.241 cM
Average # SNPs per cM:   552
Number of <=(64-SNP, 1cM) segments: 1711
Average # SNPs per segment: 63

Time for reading input: 64.3684 sec

Fraction of heterozygous genotypes: 0.253152
Typical span of default 100-het history length: 0.72 cM
Setting --histFactor=1.40
Typical span of 139-het history length: 1.00 cM

BEGINNING PHASING

PHASING ITER 1 OF 10


Phasing target samples
................................................................................
Time for phasing iter 1: 1331.44

PHASING ITER 2 OF 10


Phasing target samples
................................................................................
Time for phasing iter 2: 1359.02

PHASING ITER 3 OF 10


Phasing target samples
................................................................................
Time for phasing iter 3: 1290.98

PHASING ITER 4 OF 10


Phasing target samples
................................................................................
Time for phasing iter 4: 1271.49

PHASING ITER 5 OF 10


Phasing target samples
................................................................................
Time for phasing iter 5: 1246.61

PHASING ITER 6 OF 10


Phasing target samples
................................................................................
Time for phasing iter 6: 1278.43

PHASING ITER 7 OF 10


Phasing target samples
................................................................................
Time for phasing iter 7: 1286.47

PHASING ITER 8 OF 10


Phasing target samples
................................................................................
Time for phasing iter 8: 1289.78

PHASING ITER 9 OF 10


Phasing target samples
................................................................................
Time for phasing iter 9: 1324.15

PHASING ITER 10 OF 10


Phasing target samples
................................................................................
Time for phasing iter 10: 1624.09
Writing vcf.gz output to chr6-phased_wref.vcf.gz
Time for writing output: 17.7885
Total elapsed time for analysis = 13384.9 sec

Mean phase confidence of each target individual:
ID	PHASE_CONFIDENCE
6042341077_R01C01	0.998183
6042341077_R03C01	0.997795
6042341077_R04C01	0.996381
6042341077_R05C01	0.998613
6042341077_R06C01	0.998752
6042341077_R07C01	0.996926
6042341089_R01C01	0.999115
6042341089_R02C01	0.998822
6042341089_R03C01	0.998297
6042341089_R04C01	0.997722
6042341089_R05C01	0.998088
6042341089_R06C01	0.997496
6042341089_R07C01	0.998607
6042341089_R08C01	0.998466
6042341090_R01C01	0.998263
6042341090_R02C01	0.997624
6042341090_R03C01	0.997975
6042341090_R04C01	0.998547
6042341090_R05C01	0.998261
6042341090_R06C01	0.998107
6042341090_R07C01	0.997412
6042341090_R08C01	0.997609
6042341099_R01C01	0.999146
6042341099_R02C01	0.997804
6042341099_R03C01	0.997716
6042341099_R04C01	0.997926
6042341099_R05C01	0.997855
6042341099_R06C01	0.993645
6042341099_R07C01	0.996849
6042341099_R08C01	0.997799
6042341154_R06C01	0.997586
6042341154_R07C01	0.998226
6042341154_R08C01	0.99832
6042341162_R01C01	0.998068
6042341162_R02C01	0.998355
6042341162_R03C01	0.998087
6042341162_R04C01	0.998667
6042341162_R05C01	0.998319
6042341162_R06C01	0.998785
6042341162_R07C01	0.998384
6042341162_R08C01	0.998148
6042359084_R01C01	0.998723
6042359084_R02C01	0.997998
6042359084_R03C01	0.998138
6042359084_R04C01	0.996805
6042359084_R05C01	0.997653
6042359084_R06C01	0.997363
6042359084_R07C01	0.998206
6042359084_R08C01	0.999206
6042375002_R01C01	0.994977
6042375002_R02C01	0.997886
6042375002_R03C01	0.997934
6042375002_R04C01	0.997974
6042375002_R05C01	0.99873
6042375002_R06C01	0.998376
6042375002_R07C01	0.997929
6042375002_R08C01	0.998166
6042375003_R01C01	0.998852
6042375003_R02C01	0.998641
6042375003_R03C01	0.998242
6042375003_R04C01	0.998209
6042375003_R05C01	0.999026
6042375003_R06C01	0.998751
6042375003_R07C01	0.998438
6042375003_R08C01	0.998719
6042375012_R01C01	0.998121
6042375012_R02C01	0.998549
6042375012_R03C01	0.997851
6042375012_R04C01	0.998486
6042375012_R05C01	0.998437
6042375012_R06C01	0.998613
6042375013_R01C01	0.997886
6042375013_R02C01	0.997394
6042375013_R03C01	0.998232
6042375013_R04C01	0.998206
6042375013_R05C01	0.99781
6042375013_R06C01	0.998478
6042375013_R07C01	0.99866
6042375013_R08C01	0.997628
6042375014_R01C01	0.998371
6042375014_R02C01	0.998494
6042375014_R03C01	0.997427
6042375014_R04C01	0.99778
6042375014_R05C01	0.99782
6042375014_R06C01	0.99814
6042375014_R08C01	0.998027
6042375022_R01C01	0.998481
6042375022_R02C01	0.998446
6042375022_R03C01	0.998013
6042375022_R04C01	0.998185
6042375022_R05C01	0.998232
6042375022_R06C01	0.998349
6042375022_R07C01	0.997444
6042375023_R01C01	0.998692
6042375023_R02C01	0.999
6042375023_R03C01	0.998356
6042375023_R04C01	0.998403
6042375023_R05C01	0.998123
6042375023_R06C01	0.99725
6042375023_R07C01	0.997873
6042375023_R08C01	0.997914
6042375024_R01C01	0.998204
6042375024_R02C01	0.997615
6042375024_R03C01	0.997585
6042375024_R04C01	0.997936
6042375024_R05C01	0.999125
6042375024_R06C01	0.998048
6042375024_R07C01	0.996504
6042375024_R08C01	0.998111
6042375025_R01C01	0.997715
6042375025_R02C01	0.998497
6042375025_R03C01	0.998948
6042375025_R04C01	0.998601
6042375025_R05C01	0.998098
6042375025_R06C01	0.998683
6042375025_R07C01	0.998629
6042375025_R08C01	0.99882
6042375029_R01C01	0.998067
6042375029_R02C01	0.998237
6042375029_R03C01	0.99827
6042375029_R04C01	0.998026
6042375029_R05C01	0.997432
6042375029_R06C01	0.998532
6042375029_R07C01	0.998019
6042375029_R08C01	0.997843
6042375043_R01C01	0.998936
6042375043_R02C01	0.99823
6042375043_R04C01	0.997804
6042375043_R05C01	0.997783
6042375043_R07C01	0.997272
6042375043_R08C01	0.998652
6042375044_R01C01	0.996291
6042375044_R02C01	0.998531
6042375044_R03C01	0.99813
6042375044_R05C01	0.996718
6042375044_R06C01	0.997884
6042375044_R07C01	0.997603
6042375044_R08C01	0.995772
6042375045_R02C01	0.997197
6042375045_R03C01	0.997537
6042375045_R04C01	0.992821
6042375045_R05C01	0.998483
6042375045_R06C01	0.99697
6042375045_R07C01	0.997608
6042375045_R08C01	0.998998
6042375053_R01C01	0.997785
6042375053_R02C01	0.998546
6042375053_R03C01	0.997612
6042375053_R04C01	0.99874
6042375053_R05C01	0.998854
6042375053_R06C01	0.998227
6042375053_R07C01	0.997513
6042375053_R08C01	0.996426
6042375080_R01C01	0.998027
6042375080_R02C01	0.99865
6042375080_R03C01	0.99888
6042375080_R04C01	0.998102
6042375080_R05C01	0.99872
6042375080_R06C01	0.998907
6042375080_R07C01	0.998712
6042375080_R08C01	0.99815
6042375085_R01C01	0.997243
6042375085_R02C01	0.998423
6042375085_R03C01	0.997197
6042375085_R04C01	0.998478
6042375085_R05C01	0.997927
6042375085_R06C01	0.998923
6042375085_R07C01	0.998902
6042375085_R08C01	0.998056
6042375100_R01C01	0.997246
6042375100_R02C01	0.998757
6042375100_R04C01	0.998536
6042375100_R05C01	0.998235
6042375100_R06C01	0.998584
6042375100_R07C01	0.99885
6042375100_R08C01	0.998534
6042375101_R01C01	0.998403
6042375101_R02C01	0.997963
6042375101_R03C01	0.998406
6042375101_R04C01	0.998102
6042375101_R05C01	0.998282
6042375101_R06C01	0.994418
6042375101_R07C01	0.998374
6042375101_R08C01	0.99806
6042375104_R01C01	0.998449
6042375104_R02C01	0.99652
6042375104_R03C01	0.998026
6042375104_R04C01	0.998464
6042375104_R06C01	0.997648
6042375104_R08C01	0.997752
6042375137_R01C01	0.998139
6042375137_R02C01	0.999109
6042375137_R03C01	0.99785
6042375137_R05C01	0.994739
6042375137_R06C01	0.998372
6042375137_R07C01	0.998688
6042375137_R08C01	0.998674
6042375138_R01C01	0.998536
6042375138_R02C01	0.998183
6042375138_R03C01	0.997083
6042375138_R04C01	0.998183
6042375138_R05C01	0.998683
6042375138_R06C01	0.994633
6042375138_R07C01	0.998063
6042375138_R08C01	0.998639
6042375146_R01C01	0.997818
6042375146_R02C01	0.997778
6042375146_R03C01	0.998071
6042375146_R04C01	0.997603
6042375146_R05C01	0.998408
6042375146_R06C01	0.998353
6042375146_R07C01	0.998226
6042375146_R08C01	0.998811
6130471012_R01C01	0.998086
6130471012_R02C01	0.998939
6130471012_R03C01	0.995664
6130471012_R04C01	0.998776
6130471012_R05C01	0.998622
6130471012_R06C01	0.998522
6130471012_R07C01	0.998524
6130471012_R08C01	0.998128
6130471070_R01C01	0.998429
6130471070_R02C01	0.994376
6130471070_R03C01	0.998018
6130471070_R04C01	0.998053
6130471070_R05C01	0.997797
6130471070_R06C01	0.996008
6130471070_R07C01	0.997863
6130471070_R08C01	0.998289
6130471071_R01C01	0.996894
6130471071_R02C01	0.995383
6130471071_R03C01	0.998159
6130471071_R05C01	0.99693
6130471071_R06C01	0.995435
6130471071_R07C01	0.997543
6130471110_R01C01	0.998248
6130471110_R02C01	0.997483
6130471110_R04C01	0.998115
6130471110_R05C01	0.995321
6130471110_R06C01	0.999254
6130471110_R07C01	0.998402
6130471110_R08C01	0.995571
6130471129_R01C01	0.997775
6130471129_R02C01	0.998362
6130471129_R03C01	0.997537
6130471129_R04C01	0.998308
6130471129_R05C01	0.997315
6130471129_R06C01	0.998643
6130471129_R07C01	0.995804
6130471129_R08C01	0.998266
6135563011_R01C01	0.997184
6135563011_R02C01	0.99861
6135563011_R03C01	0.998129
6135563011_R04C01	0.998231
6135563011_R06C01	0.998622
6135563011_R07C01	0.998421
6135563011_R08C01	0.997289
6135563012_R02C01	0.998767
6135563012_R04C01	0.995383
6135563012_R05C01	0.998267
6135563012_R06C01	0.99859
6135563012_R07C01	0.998038
6135563012_R08C01	0.994054
6135563014_R02C01	0.99848
6135563014_R03C01	0.998432
6135563014_R04C01	0.998126
6135563014_R05C01	0.997835
6135563014_R06C01	0.997827
6135563014_R07C01	0.998502
6135563014_R08C01	0.997909
6135563015_R02C01	0.997712
6135563015_R04C01	0.996998
6135563015_R05C01	0.997842
6135563015_R06C01	0.997344
6135563015_R07C01	0.997768
6135563015_R08C01	0.99816
6135563041_R01C01	0.998779
6135563041_R03C01	0.998419
6135563041_R04C01	0.998136
6135563041_R05C01	0.998375
6135563041_R06C01	0.999043
6135571025_R01C01	0.993294
6135571025_R03C01	0.997191
6135571025_R04C01	0.997884
6135571025_R07C01	0.99821
6135571025_R08C01	0.998676
6135580001_R01C01	0.998812
6135580001_R02C01	0.998637
6135580001_R03C01	0.99882
6135580001_R04C01	0.998132
6135580001_R05C01	0.997616
6135580001_R06C01	0.998495
6135580001_R07C01	0.998908
6135580001_R08C01	0.998097
6135580011_R01C01	0.998143
6135580011_R02C01	0.997183
6135580011_R03C01	0.998222
6135580011_R04C01	0.998772
6135580011_R05C01	0.998471
6135580011_R07C01	0.997786
6135580011_R08C01	0.997983
6135580017_R01C01	0.9988
6135580017_R02C01	0.998942
6135580017_R03C01	0.997406
6135580017_R04C01	0.998143
6135580017_R05C01	0.998633
6135580017_R06C01	0.998266
6135580017_R07C01	0.998588
6135580017_R08C01	0.998693
6135580027_R01C01	0.997494
6135580027_R02C01	0.99715
6135580027_R03C01	0.998918
6135580027_R04C01	0.999157
6135580027_R05C01	0.998119
6135580027_R06C01	0.998698
6135580027_R07C01	0.998901
6135580027_R08C01	0.998584
6135580057_R01C01	0.997036
6135580057_R02C01	0.998047
6135580057_R03C01	0.998603
6135580057_R04C01	0.998404
6135580057_R05C01	0.998631
6135580057_R06C01	0.998213
6135580057_R07C01	0.997994
6135580057_R08C01	0.998984
6135580073_R01C01	0.998822
6135580073_R03C01	0.998325
6135580073_R04C01	0.997645
6135580073_R05C01	0.998622
6135580073_R06C01	0.99861
6135580073_R07C01	0.998353
6135580073_R08C01	0.998147
6135580082_R01C01	0.997994
6135580082_R02C01	0.998852
6135580082_R03C01	0.997841
6135580082_R04C01	0.998384
6135580082_R06C01	0.996737
6135580082_R07C01	0.99805
6135580082_R08C01	0.998655
6135580098_R01C01	0.999174
6135580098_R02C01	0.998305
6135580098_R04C01	0.998311
6135580098_R05C01	0.998877
6135580098_R06C01	0.998565
6135580098_R07C01	0.997452
6135580098_R08C01	0.998314
6135580116_R02C01	0.993956
6135580116_R03C01	0.998382
6135580116_R05C01	0.997594
6135580116_R06C01	0.997784
6135580116_R08C01	0.997762
6135580117_R02C01	0.99698
6135580117_R03C01	0.998048
6135580117_R04C01	0.998485
6135580117_R05C01	0.998488
6135580117_R06C01	0.998785
6135580118_R01C01	0.997455
6135580118_R02C01	0.996551
6135580118_R04C01	0.998402
6135580118_R05C01	0.998645
6135580118_R06C01	0.998177
6135580118_R08C01	0.996679
6135580123_R02C01	0.99778
6135580123_R04C01	0.997974
6135580123_R05C01	0.998071
6135580123_R07C01	0.993138
6135580123_R08C01	0.995775
6135580144_R01C01	0.998048
6135580144_R08C01	0.998062
6135580145_R06C01	0.998564
6135580145_R08C01	0.99234
6135601008_R01C01	0.998103
6135601008_R02C01	0.994281
6135601008_R03C01	0.997761
6135601008_R04C01	0.997825
6135601008_R06C01	0.998658
6135601008_R07C01	0.998481
6135601008_R08C01	0.998405
6135601009_R01C01	0.998213
6135601009_R02C01	0.997109
6135601009_R03C01	0.998741
6135601009_R04C01	0.998652
6135601009_R05C01	0.998093
6135601009_R06C01	0.998638
6135601009_R07C01	0.998788
6135601009_R08C01	0.998569
6135601012_R04C01	0.998636
6135601012_R05C01	0.998843
6135601012_R06C01	0.997772
6135601012_R07C01	0.993933
6135601018_R03C01	0.998215
6135601018_R05C01	0.998133
6135601018_R07C01	0.988511
6135601018_R08C01	0.994956
6135601027_R03C01	0.998244
6135601027_R04C01	0.997964
6135601027_R05C01	0.998198
6135601027_R07C01	0.998372
6135601034_R01C01	0.999038
6135601034_R02C01	0.997827
6135601034_R03C01	0.997257
6135601034_R04C01	0.998828
6135601034_R06C01	0.997636
6135601045_R01C01	0.998528
6135601045_R02C01	0.998922
6135601045_R03C01	0.99777
6135601045_R04C01	0.998315
6135601045_R05C01	0.998086
6135601045_R07C01	0.998618
6135601045_R08C01	0.997131
6135601049_R01C01	0.998401
6135601049_R02C01	0.998371
6135601049_R03C01	0.9982
6135601049_R05C01	0.992912
6135601049_R06C01	0.999336
6135601049_R07C01	0.997556
6135601049_R08C01	0.998483
6135601060_R01C01	0.994622
6135601060_R03C01	0.997452
6135601060_R04C01	0.980921
6135601060_R05C01	0.996743
6135601060_R06C01	0.996063
6135601066_R01C01	0.998191
6135601066_R02C01	0.996612
6135601066_R03C01	0.998377
6135601066_R04C01	0.996903
6135601066_R05C01	0.996463
6135601066_R06C01	0.99845
6135601066_R07C01	0.997793
6135601066_R08C01	0.998691
6135601080_R01C01	0.99825
6135601080_R02C01	0.996062
6135601080_R03C01	0.999111
6135601080_R07C01	0.998413
6135601080_R08C01	0.998398
6135601081_R01C01	0.998471
6135601081_R02C01	0.998149
6135601081_R03C01	0.997701
6135601081_R04C01	0.99818
6135601081_R05C01	0.998802
6135601081_R07C01	0.997878
6135601081_R08C01	0.99842
6135601082_R02C01	0.998665
6135601082_R03C01	0.998498
6135601082_R04C01	0.998499
6135601082_R05C01	0.998059
6135601082_R06C01	0.997277
6135601082_R07C01	0.998032
6135601082_R08C01	0.998061
6135601086_R01C01	0.997245
6135601086_R03C01	0.998372
6135601086_R04C01	0.99846
6135601086_R05C01	0.995795
6135601086_R07C01	0.997
6135601094_R05C01	0.997102
6135601094_R06C01	0.991964
6135601108_R01C01	0.997894
6135601108_R02C01	0.998227
6135601108_R03C01	0.998382
6135601108_R04C01	0.99862
6135601108_R05C01	0.998731
6135601108_R06C01	0.998206
6135601108_R07C01	0.997972
6135601108_R08C01	0.997783
6135601115_R02C01	0.997903
6135601115_R04C01	0.998182
6135601115_R06C01	0.997962
6135601115_R07C01	0.997872
6135601115_R08C01	0.998871
6135601116_R01C01	0.99725
6135601116_R02C01	0.997897
6135601116_R05C01	0.998069
6135601116_R07C01	0.998041
6135601116_R08C01	0.999096
6135601117_R01C01	0.997398
6135601117_R05C01	0.998028
6135601117_R06C01	0.996392
6135601117_R07C01	0.998201
6135601117_R08C01	0.997795
6135601120_R03C01	0.998459
6135601120_R04C01	0.998173
6135601120_R06C01	0.998509
6135601120_R07C01	0.997685
6135601120_R08C01	0.998764
6135601124_R01C01	0.998321
6135601124_R02C01	0.997693
6135601124_R03C01	0.998535
6135601124_R04C01	0.998303
6135601124_R05C01	0.998252
6135601124_R06C01	0.996858
6135601124_R07C01	0.997528
6135601124_R08C01	0.998206
6135601130_R01C01	0.998425
6135601130_R02C01	0.993777
6135601130_R03C01	0.998013
6135601130_R04C01	0.997637
6135601130_R05C01	0.998332
6135601130_R06C01	0.998662
6135601130_R07C01	0.999053
6135601130_R08C01	0.998327
6135601149_R01C01	0.99632
6135601149_R02C01	0.99839
6135601149_R06C01	0.996001
6135601149_R08C01	0.997175
6135601151_R01C01	0.997159
6135601151_R02C01	0.997825
6135601151_R03C01	0.998362
6135601151_R04C01	0.998219
6135601151_R05C01	0.998125
6135601151_R06C01	0.998349
6135601151_R07C01	0.998173
6135601151_R08C01	0.997954
6135601153_R03C01	0.99832
6135601153_R05C01	0.998404
6135601153_R06C01	0.993307
6135601153_R07C01	0.997321
6135601153_R08C01	0.999287
6135601156_R01C01	0.997571
6135601156_R02C01	0.998067
6135601156_R03C01	0.997144
6135601156_R04C01	0.997988
6135601156_R05C01	0.998244
6135601156_R06C01	0.998972
6135601156_R08C01	0.99836
6135601162_R01C01	0.995091
6135601162_R02C01	0.997453
6135601162_R04C01	0.998388
6135601162_R05C01	0.997804
6135601162_R06C01	0.99664
6135601162_R07C01	0.997999
6135601162_R08C01	0.997981
6135601167_R02C01	0.998727
6135601167_R03C01	0.998179
6135601167_R04C01	0.998265
6135601167_R05C01	0.996529
6135601167_R06C01	0.99784
6135601167_R07C01	0.996936
6147054060_R01C01	0.998299
6147054060_R02C01	0.998666
6147054060_R03C01	0.998876
6147054060_R04C01	0.998902
6147054060_R05C01	0.996782
6147054060_R07C01	0.997581
6147054060_R08C01	0.998539
6147054122_R01C01	0.996923
6147054122_R02C01	0.999046
6147054122_R03C01	0.997068
6147054122_R04C01	0.997995
6147054122_R05C01	0.99818
6147054122_R06C01	0.998717
6147054122_R07C01	0.998138
6147054122_R08C01	0.998499
6147054149_R01C01	0.998123
6147054149_R02C01	0.99821
6147054149_R07C01	0.99853
6147054149_R08C01	0.998158
6147054150_R01C01	0.998515
6147054150_R02C01	0.998386
6147054150_R03C01	0.998607
6147054150_R04C01	0.998297
6147054150_R05C01	0.998618
6147054150_R06C01	0.998711
6147054150_R07C01	0.997239
6147054150_R08C01	0.998276
6147062005_R03C01	0.998809
6147062005_R04C01	0.99853
6147062005_R06C01	0.996989
6147062005_R07C01	0.998603
6147062010_R01C01	0.997956
6147062010_R02C01	0.998298
6147062010_R03C01	0.998731
6147062010_R04C01	0.997068
6147062010_R05C01	0.999165
6147062010_R06C01	0.998232
6147062010_R07C01	0.998235
6147062010_R08C01	0.999003
6147062028_R03C01	0.998014
6147062037_R01C01	0.998043
6147062037_R02C01	0.995272
6147062037_R03C01	0.99794
6147062037_R04C01	0.998117
6147062037_R05C01	0.998256
6147062037_R06C01	0.997867
6147062037_R07C01	0.997577
6147062055_R01C01	0.997497
6147062055_R02C01	0.997822
6147062055_R04C01	0.997555
6147062055_R07C01	0.998418
6147062055_R08C01	0.998611
6147062102_R01C01	0.997509
6147062102_R02C01	0.997703
6147062102_R03C01	0.998196
6147062102_R04C01	0.998702
6147062102_R05C01	0.998639
6147062102_R06C01	0.998515
6147062133_R01C01	0.997777
6147062133_R02C01	0.998061
6147062133_R03C01	0.997913
6147062133_R05C01	0.998563
6147062133_R06C01	0.998408
6147062134_R01C01	0.997422
6147062134_R02C01	0.997962
6147062134_R03C01	0.998527
6147062134_R06C01	0.997431
6147062134_R07C01	0.998022
6147062134_R08C01	0.998452
6147062135_R01C01	0.998987
6147062135_R02C01	0.998594
6147062135_R04C01	0.998132
6147062135_R05C01	0.998793
6147062135_R06C01	0.995449
6147062135_R08C01	0.99821
6147062147_R01C01	0.993379
6147062147_R03C01	0.997852
6147062147_R04C01	0.998418
6147062147_R05C01	0.998128
6147062147_R06C01	0.997343
6147062147_R07C01	0.997174
6147062147_R08C01	0.998351
6147062162_R01C01	0.998553
6147062162_R03C01	0.998327
6147062162_R05C01	0.998105
6147062162_R06C01	0.998272
6147062162_R07C01	0.997913
6147062167_R02C01	0.998406
6147062167_R03C01	0.997827
6147062167_R04C01	0.997945
6147062167_R05C01	0.997459
6147062167_R06C01	0.99599
6147062167_R08C01	0.997544
6147071002_R01C01	0.998498
6147071002_R02C01	0.993827
6147071002_R03C01	0.998121
6147071002_R05C01	0.997599
6147071002_R06C01	0.998034
6147071002_R07C01	0.998889
6147071002_R08C01	0.998579
6147071043_R03C01	0.998691
6147071043_R05C01	0.997398
6147071043_R08C01	0.997318
6147071044_R01C01	0.998311
6147071044_R02C01	0.998528
6147071044_R03C01	0.998277
6147071044_R04C01	0.997863
6147071044_R06C01	0.997654
6147071044_R07C01	0.997991
6147071044_R08C01	0.998233
6147071047_R01C01	0.997973
6147071047_R02C01	0.998528
6147071047_R05C01	0.998
6147071047_R06C01	0.998532
6147071047_R07C01	0.998416
6147071047_R08C01	0.997089
6147071059_R02C01	0.997751
6147071059_R03C01	0.997981
6147071059_R04C01	0.998021
6147071059_R07C01	0.998435
6147071059_R08C01	0.997861
6147071060_R02C01	0.998264
6147071060_R03C01	0.997183
6147071060_R04C01	0.996618
6147071060_R05C01	0.998777
6147071060_R06C01	0.998249
6147071060_R07C01	0.998472
6147071060_R08C01	0.995549
6147071101_R01C01	0.999014
6147071101_R02C01	0.997583
6147071101_R04C01	0.998369
6147071101_R05C01	0.998652
6147071101_R06C01	0.997342
6147071101_R07C01	0.998333
6147071101_R08C01	0.996105
6147071123_R01C01	0.99809
6147071123_R02C01	0.998886
6147071123_R03C01	0.997793
6147071123_R04C01	0.997626
6147071123_R05C01	0.998164
6147071123_R06C01	0.998226
6147071123_R07C01	0.99896
6147071123_R08C01	0.996551
6147071155_R01C01	0.998514
6147071155_R02C01	0.998433
6147071155_R03C01	0.997639
6147071155_R04C01	0.997291
6147071155_R06C01	0.998172
6147071155_R07C01	0.997241
6147071155_R08C01	0.998408
6147071157_R01C01	0.998602
6147071157_R02C01	0.999067
6147071157_R03C01	0.998985
6147071157_R04C01	0.99846
6147071157_R05C01	0.998236
6147071157_R06C01	0.998187
6147071157_R07C01	0.998528
6147071157_R08C01	0.998502
6160275010_R02C01	0.998009
6160275010_R03C01	0.998031
6160275010_R04C01	0.997469
6160275010_R05C01	0.99817
6160275010_R06C01	0.998294
6160275010_R07C01	0.9986
6160275010_R08C01	0.997732
6160275012_R02C01	0.998261
6160275012_R03C01	0.997802
6160275012_R04C01	0.997776
6160275012_R05C01	0.997153
6160275012_R06C01	0.997936
6160275012_R07C01	0.998548
6160275012_R08C01	0.999128
6160275019_R01C01	0.99852
6160275019_R02C01	0.998477
6160275019_R03C01	0.998509
6160275019_R04C01	0.997876
6160275019_R05C01	0.99801
6160275019_R06C01	0.998152
6160275019_R07C01	0.998025
6160275020_R01C01	0.997821
6160275020_R02C01	0.998419
6160275020_R03C01	0.998807
6160275020_R04C01	0.997936
6160275020_R05C01	0.998351
6160275020_R06C01	0.997444
6160275020_R07C01	0.998334
6160275020_R08C01	0.998947
6160275021_R01C01	0.998103
6160275021_R02C01	0.997484
6160275021_R03C01	0.998648
6160275021_R04C01	0.998194
6160275021_R05C01	0.99754
6160275021_R06C01	0.997915
6160275021_R07C01	0.998645
6160275021_R08C01	0.99734
6160275022_R01C01	0.998353
6160275022_R02C01	0.998232
6160275022_R03C01	0.998248
6160275022_R04C01	0.998387
6160275022_R05C01	0.998097
6160275022_R06C01	0.998257
6160275022_R07C01	0.998392
6160275022_R08C01	0.998458
6160275043_R01C01	0.998324
6160275043_R02C01	0.99819
6160275043_R03C01	0.99852
6160275043_R04C01	0.99809
6160275043_R05C01	0.998496
6160275043_R06C01	0.998334
6160275043_R08C01	0.995529
6160275044_R01C01	0.997848
6160275044_R02C01	0.998404
6160275044_R03C01	0.998234
6160275044_R04C01	0.998025
6160275044_R05C01	0.998684
6160275044_R06C01	0.998927
6160275044_R07C01	0.998418
6160275044_R08C01	0.998079
6160275046_R01C01	0.99839
6160275046_R02C01	0.997345
6160275046_R03C01	0.997589
6160275046_R05C01	0.993132
6160275046_R06C01	0.998351
6160275046_R07C01	0.998078
6160275058_R01C01	0.997229
6160275058_R02C01	0.998668
6160275058_R03C01	0.998774
6160275058_R04C01	0.998057
6160275058_R05C01	0.998069
6160275058_R06C01	0.998307
6160275058_R07C01	0.998216
6160275058_R08C01	0.999013
6160275059_R01C01	0.998334
6160275059_R02C01	0.998551
6160275059_R03C01	0.998525
6160275059_R04C01	0.998382
6160275059_R05C01	0.998603
6160275059_R06C01	0.997944
6160275059_R07C01	0.998411
6160275059_R08C01	0.99826
6160275060_R01C01	0.9985
6160275060_R02C01	0.998256
6160275060_R03C01	0.998562
6160275060_R04C01	0.99897
6160275060_R05C01	0.997297
6160275060_R06C01	0.998538
6160275060_R07C01	0.998332
6160275060_R08C01	0.999106
6160304032_R01C01	0.997826
6160304032_R02C01	0.996458
6160304032_R03C01	0.997172
6160304032_R04C01	0.998631
6160304032_R05C01	0.99853
6160304032_R07C01	0.99841
6160304032_R08C01	0.998443
6160304033_R01C01	0.998477
6160304033_R02C01	0.998524
6160304033_R03C01	0.998513
6160304033_R04C01	0.998302
6160304033_R05C01	0.994835
6160304033_R06C01	0.998777
6160304033_R07C01	0.998541
6160304033_R08C01	0.997799
6164663042_R01C01	0.994028
6164663042_R02C01	0.997791
6164663042_R03C01	0.998014
6164663042_R04C01	0.998684
6164663042_R05C01	0.99837
6164663042_R06C01	0.995692
6164663042_R07C01	0.998763
6164663042_R08C01	0.997934
6165295013_R01C01	0.99859
6165295013_R02C01	0.9978
6165295013_R03C01	0.998701
6165295013_R04C01	0.998945
6165295013_R06C01	0.998311
6165295019_R01C01	0.997188
6165295019_R02C01	0.997736
6165295019_R04C01	0.998246
6165295019_R05C01	0.997929
6165295019_R06C01	0.998409
6165295019_R07C01	0.997769
6165295019_R08C01	0.998504
6165295021_R01C01	0.991727
6165295021_R02C01	0.998332
6165295021_R03C01	0.998504
6165295021_R04C01	0.997781
6165295021_R05C01	0.998038
6165295021_R06C01	0.998027
6165295021_R07C01	0.998747
6165295021_R08C01	0.997775
6165295023_R01C01	0.995961
6165295023_R02C01	0.995534
6165295023_R03C01	0.998085
6165295023_R04C01	0.997882
6165295023_R05C01	0.992443
6165295023_R06C01	0.998366
6165295023_R07C01	0.998455
6165295023_R08C01	0.998835
6165295050_R01C01	0.998073
6165295050_R02C01	0.994329
6165295050_R03C01	0.99757
6165295050_R04C01	0.998837
6165295050_R05C01	0.998377
6165295050_R06C01	0.998992
6165295050_R07C01	0.998562
6165295050_R08C01	0.998776
6165295051_R01C01	0.996393
6165295051_R03C01	0.997722
6165295051_R04C01	0.998646
6165295051_R05C01	0.997477
6165295051_R07C01	0.995865
6165295051_R08C01	0.997621
6171492001_R02C01	0.990342
6171492001_R03C01	0.997196
6171492001_R05C01	0.998359
6171492001_R07C01	0.998002
6171492013_R02C01	0.998464
6171492013_R03C01	0.998432
6171492013_R04C01	0.998903
6171492013_R07C01	0.997303
6171492013_R08C01	0.998919
6171492015_R01C01	0.998499
6171492015_R02C01	0.996675
6171492015_R03C01	0.998356
6171492015_R04C01	0.997959
6171492015_R05C01	0.997777
6171492015_R06C01	0.99833
6171492015_R07C01	0.997636
6171492015_R08C01	0.998053
6171492016_R01C01	0.997555
6171492016_R02C01	0.998177
6171492016_R03C01	0.996836
6171492016_R04C01	0.997393
6171492016_R05C01	0.998465
6171492016_R06C01	0.997981
6171492016_R07C01	0.998092
6171492017_R02C01	0.998318
6171492017_R03C01	0.993559
6171492017_R04C01	0.998218
6171492017_R05C01	0.998199
6171492017_R06C01	0.997915
6171492017_R07C01	0.998475
6171492017_R08C01	0.996634
6171492025_R01C01	0.998553
6171492025_R02C01	0.997392
6171492025_R03C01	0.997079
6171492025_R04C01	0.994567
6171492025_R05C01	0.99787
6171492025_R06C01	0.99818
6171492025_R07C01	0.998282
6171492025_R08C01	0.998089
6171492029_R01C01	0.998586
6171492029_R02C01	0.998425
6171492029_R04C01	0.998544
6171492029_R05C01	0.998202
6171492029_R06C01	0.998152
6171492029_R08C01	0.998165
6171492039_R03C01	0.998468
6171492039_R04C01	0.996941
6171492039_R05C01	0.99833
6171492039_R06C01	0.988111
6171492039_R07C01	0.997785
6171492043_R02C01	0.998761
6171492043_R03C01	0.994345
6171492043_R04C01	0.997503
6171492043_R05C01	0.998928
6171492043_R06C01	0.998286
6171492043_R07C01	0.996545
6171492043_R08C01	0.998359
6171492045_R01C01	0.998253
6171492045_R02C01	0.997413
6171492045_R05C01	0.997935
6171492045_R08C01	0.9982
6171492048_R06C01	0.984454
6171492048_R08C01	0.975906
6171492049_R01C01	0.998036
6171492049_R02C01	0.998508
6171492049_R03C01	0.99809
6171492049_R04C01	0.994597
6171492049_R05C01	0.998913
6171492049_R06C01	0.999314
6171492049_R07C01	0.998591
6171492049_R08C01	0.998292
6171492050_R01C01	0.998423
6171492050_R02C01	0.998625
6171492050_R05C01	0.997922
6171492050_R06C01	0.998686
6171492050_R07C01	0.998493
6171492050_R08C01	0.996961
6171492053_R01C01	0.997641
6171492053_R02C01	0.998529
6171492053_R03C01	0.998263
6171492053_R04C01	0.99727
6171492053_R05C01	0.998644
6171492053_R06C01	0.997799
6171492053_R07C01	0.998537
6171492053_R08C01	0.998531
6171492055_R01C01	0.99809
6171492055_R02C01	0.995329
6171492055_R03C01	0.998715
6171492055_R04C01	0.99876
6171492055_R06C01	0.998282
6171492055_R07C01	0.998071
6171492055_R08C01	0.99849
6171492056_R01C01	0.998607
6171492056_R02C01	0.998906
6171492056_R03C01	0.998616
6171492056_R04C01	0.998055
6171492056_R05C01	0.997385
6171492056_R08C01	0.997662
6171492059_R01C01	0.998683
6171492059_R02C01	0.998205
6171492059_R04C01	0.998196
6171492059_R05C01	0.998389
6171492059_R06C01	0.997865
6171492059_R07C01	0.998024
6171492059_R08C01	0.998462
6171492060_R01C01	0.998861
6171492060_R02C01	0.9986
6171492060_R03C01	0.994367
6171492060_R04C01	0.998738
6171492060_R05C01	0.997804
6171492060_R08C01	0.993111
6171492068_R01C01	0.998138
6171492068_R02C01	0.998986
6171492068_R03C01	0.997873
6171492068_R04C01	0.998079
6171492068_R05C01	0.998375
6171492068_R06C01	0.997856
6171492068_R08C01	0.997901
6171492069_R02C01	0.99725
6171492069_R06C01	0.996891
6171492069_R07C01	0.997191
6171492069_R08C01	0.998053
6171492072_R03C01	0.997869
6171492072_R04C01	0.99816
6171492072_R05C01	0.99848
6171492072_R06C01	0.9972
6171492072_R08C01	0.998455
6171492074_R01C01	0.997773
6171492074_R02C01	0.998172
6171492074_R03C01	0.99842
6171492074_R04C01	0.998318
6171492074_R05C01	0.998382
6171492074_R07C01	0.997175
6171492074_R08C01	0.998101
6171492075_R01C01	0.998876
6171492075_R03C01	0.997773
6171492075_R05C01	0.998609
6171492075_R06C01	0.977394
6171492075_R08C01	0.998094
6171492077_R01C01	0.997546
6171492077_R02C01	0.997889
6171492077_R03C01	0.998331
6171492077_R07C01	0.997851
6171492077_R08C01	0.997568
6171492078_R01C01	0.998391
6171492078_R02C01	0.998988
6171492078_R03C01	0.998196
6171492078_R05C01	0.997062
6171492078_R06C01	0.997392
6171492078_R07C01	0.997373
6171492078_R08C01	0.998091
6171492079_R01C01	0.998667
6171492079_R03C01	0.998367
6171492079_R04C01	0.998766
6171492079_R05C01	0.998376
6171492079_R06C01	0.997655
6171492079_R07C01	0.998131
6171492079_R08C01	0.984055
6171492084_R01C01	0.997434
6171492084_R02C01	0.998634
6171492084_R03C01	0.998456
6171492084_R04C01	0.997451
6171492084_R05C01	0.998106
6171492084_R06C01	0.997753
6171492084_R08C01	0.998335
6171492086_R02C01	0.998274
6171492086_R05C01	0.998146
6171492086_R06C01	0.996768
6171492086_R07C01	0.99873
6171492086_R08C01	0.998342
6171492090_R01C01	0.998431
6171492090_R02C01	0.996842
6171492090_R03C01	0.998401
6171492090_R05C01	0.997839
6171492090_R06C01	0.998318
6171492090_R07C01	0.9982
6171492090_R08C01	0.997987
6171492100_R01C01	0.996046
6171492100_R03C01	0.996481
6171492100_R04C01	0.986978
6171492100_R05C01	0.996661
6171492100_R08C01	0.998299
6172882004_R01C01	0.997849
6172882004_R02C01	0.998612
6172882004_R03C01	0.996338
6172882004_R06C01	0.991317
6172882004_R07C01	0.998477
6172882004_R08C01	0.998627
6172882009_R01C01	0.998352
6172882009_R02C01	0.99715
6172882009_R03C01	0.997545
6172882009_R04C01	0.997725
6172882009_R05C01	0.997596
6172882009_R06C01	0.997476
6172882009_R07C01	0.998103
6172882009_R08C01	0.997909
6172882050_R01C01	0.998446
6172882050_R02C01	0.998609
6172882050_R03C01	0.998923
6172882050_R04C01	0.997953
6172882050_R05C01	0.998248
6172882050_R06C01	0.998482
6172882050_R08C01	0.996413
6172882051_R01C01	0.998447
6172882051_R02C01	0.99781
6172882051_R04C01	0.998617
6172882051_R05C01	0.995682
6172882051_R06C01	0.998818
6172882051_R07C01	0.998567
6172882051_R08C01	0.998194
6186483013_R01C01	0.996007
6186483013_R02C01	0.998287
6186483013_R03C01	0.994679
6186483013_R04C01	0.99798
6186483013_R05C01	0.998025
6186483013_R06C01	0.998573
6186483013_R07C01	0.997311
6186483013_R08C01	0.998472
6186483032_R03C01	0.998138
6186483032_R04C01	0.997886
6186483032_R05C01	0.998469
6186483032_R06C01	0.998328
6186483032_R07C01	0.998102
6186483032_R08C01	0.993542
6186483043_R01C01	0.979024
6186483043_R04C01	0.988893
6186483043_R05C01	0.998528
6186483043_R06C01	0.997304
6186483043_R08C01	0.997348
6186483051_R01C01	0.998259
6186483051_R08C01	0.997785
6186483068_R01C01	0.994173
6186483068_R02C01	0.998591
6186483068_R03C01	0.9981
6186483090_R01C01	0.999029
6186483090_R02C01	0.997946
6186483090_R03C01	0.998234
6186483090_R04C01	0.997828
6186483090_R06C01	0.998976
6186483090_R07C01	0.998087
6186483090_R08C01	0.998114
6186483093_R02C01	0.986104
6186483093_R03C01	0.997326
6186483093_R05C01	0.998472
6186483093_R06C01	0.997887
6186483093_R08C01	0.998231
6186483099_R01C01	0.99734
6186483099_R03C01	0.997666
6186483099_R04C01	0.998832
6186483099_R05C01	0.99726
6186483099_R07C01	0.998552
6186483099_R08C01	0.997968
6186483101_R01C01	0.996149
6186483101_R02C01	0.997416
6186483101_R03C01	0.995055
6186483101_R04C01	0.997477
6186483101_R05C01	0.995493
6186483101_R06C01	0.991423
6186483101_R08C01	0.997867
6186483132_R01C01	0.985801
6247194011_R02C01	0.997668
6247194011_R03C01	0.997891
6247194011_R04C01	0.997867
6247194011_R05C01	0.997393
6247194011_R07C01	0.995596
6247194011_R08C01	0.99748
6247194028_R01C01	0.997717
6247194028_R02C01	0.994392
6247194028_R03C01	0.998569
6247194028_R04C01	0.997329
6247194028_R06C01	0.997972
6247194028_R07C01	0.998444
6247194028_R08C01	0.998356
6247194031_R01C01	0.996494
6247194031_R02C01	0.998031
6247194031_R03C01	0.998426
6247194031_R05C01	0.998098
6247194031_R06C01	0.998939
6247194031_R07C01	0.998249
6247194043_R02C01	0.997936
6247194043_R03C01	0.998711
6247194043_R04C01	0.998372
6247194043_R07C01	0.998593
6247194043_R08C01	0.997832
6247194064_R01C01	0.997646
6247194064_R03C01	0.99825
6247194064_R04C01	0.998271
6247194064_R05C01	0.998236
6247194064_R06C01	0.999069
6247194064_R07C01	0.998328
6247194064_R08C01	0.999229
6247194098_R01C01	0.997363
6247194098_R02C01	0.998249
6247194098_R03C01	0.998545
6247194098_R04C01	0.998655
6247194098_R05C01	0.998321
6247194098_R06C01	0.998968
6247194098_R07C01	0.998522
6247194098_R08C01	0.998884
6247194107_R03C01	0.995824
6247194107_R05C01	0.990361
6247194107_R07C01	0.998402
6247194115_R02C01	0.998525
6247194115_R04C01	0.993954
6247194115_R05C01	0.998497
6247194115_R06C01	0.997124
6247194115_R08C01	0.997774
6247194117_R02C01	0.998446
6247194117_R03C01	0.998823
6247194117_R04C01	0.995492
6247194117_R05C01	0.998574
6247194117_R07C01	0.997307
6247194117_R08C01	0.996902
6247194118_R05C01	0.998122
6247194118_R08C01	0.996675
6264533042_R07C01	0.998599
6264533048_R01C01	0.997536
6264533048_R03C01	0.998197
6264533048_R04C01	0.998648
6264533048_R05C01	0.996089
6264533048_R06C01	0.99834
6264533048_R07C01	0.997434
6264533048_R08C01	0.998108
6264533060_R03C01	0.997501
6264533060_R05C01	0.997398
6264533060_R06C01	0.99733
6264533060_R07C01	0.997368
6264533060_R08C01	0.998091
6264533086_R01C01	0.975633
6264533086_R03C01	0.997976
6264533086_R05C01	0.993305
6264550046_R02C01	0.997904
6264550046_R03C01	0.996448
6264550046_R04C01	0.998165
6264550046_R07C01	0.997468
