                      +-----------------------------+
                      |                             |
                      |   Eagle v2.4.1              |
                      |   November 18, 2018         |
                      |   Po-Ru Loh                 |
                      |                             |
                      +-----------------------------+

Copyright (C) 2015-2018 Harvard University.
Distributed under the GNU GPLv3+ open source license.

Command line options:

eagle \
    --vcfRef=/BIODATA/StudentsHome/kevine/GWAS/Git/GWAS/1000G/ALL.chr7.phase3_integrated.20130502.genotypes.bcf \
    --vcfTarget=qc-camgwas-updated.vcf.gz \
    --geneticMapFile=tables/genetic_map_hg19_withX.txt.gz \
    --outPrefix=chr7-phased_wref \
    --chrom=7 \
    --pbwtIters=10 \
    --numThreads=90 \
    --Kpbwt=50000 \
    --vcfOutFormat=z 

Setting number of threads to 90
[W::bcf_hdr_check_sanity] PL should be declared as Number=G

Reference samples: Nref = 2504
Target samples: Ntarget = 1185
SNPs to analyze: M = 89995 SNPs in both target and reference

SNPs ignored: 0 SNPs in target but not reference
              2666029 SNPs in reference but not target
              0 multi-allelic SNPs in target

Missing rate in target genotypes: 0.00436233

Filling in genetic map coordinates using reference file:
  tables/genetic_map_hg19_withX.txt.gz
Physical distance range: 159079487 base pairs
Genetic distance range:  190.443 cM
Average # SNPs per cM:   473
Number of <=(64-SNP, 1cM) segments: 1407
Average # SNPs per segment: 63

Time for reading input: 58.8876 sec

Fraction of heterozygous genotypes: 0.253671
Typical span of default 100-het history length: 0.83 cM
Setting --histFactor=1.20
Typical span of 119-het history length: 1.00 cM

BEGINNING PHASING

PHASING ITER 1 OF 10


Phasing target samples
................................................................................
Time for phasing iter 1: 1157.65

PHASING ITER 2 OF 10


Phasing target samples
................................................................................
Time for phasing iter 2: 1138.42

PHASING ITER 3 OF 10


Phasing target samples
................................................................................
Time for phasing iter 3: 1072.29

PHASING ITER 4 OF 10


Phasing target samples
................................................................................
Time for phasing iter 4: 1065.14

PHASING ITER 5 OF 10


Phasing target samples
................................................................................
Time for phasing iter 5: 1098.41

PHASING ITER 6 OF 10


Phasing target samples
................................................................................
Time for phasing iter 6: 1097.13

PHASING ITER 7 OF 10


Phasing target samples
................................................................................
Time for phasing iter 7: 1104.08

PHASING ITER 8 OF 10


Phasing target samples
................................................................................
Time for phasing iter 8: 1091.92

PHASING ITER 9 OF 10


Phasing target samples
................................................................................
Time for phasing iter 9: 1075.47

PHASING ITER 10 OF 10


Phasing target samples
................................................................................
Time for phasing iter 10: 1379.66
Writing vcf.gz output to chr7-phased_wref.vcf.gz
Time for writing output: 14.5433
Total elapsed time for analysis = 11353.8 sec

Mean phase confidence of each target individual:
ID	PHASE_CONFIDENCE
6042341077_R01C01	0.998304
6042341077_R03C01	0.997773
6042341077_R04C01	0.995426
6042341077_R05C01	0.99838
6042341077_R06C01	0.998733
6042341077_R07C01	0.995961
6042341089_R01C01	0.99881
6042341089_R02C01	0.998284
6042341089_R03C01	0.998423
6042341089_R04C01	0.997623
6042341089_R05C01	0.998183
6042341089_R06C01	0.997005
6042341089_R07C01	0.998328
6042341089_R08C01	0.998201
6042341090_R01C01	0.997359
6042341090_R02C01	0.997971
6042341090_R03C01	0.997422
6042341090_R04C01	0.997847
6042341090_R05C01	0.997312
6042341090_R06C01	0.998412
6042341090_R07C01	0.996669
6042341090_R08C01	0.9979
6042341099_R01C01	0.998282
6042341099_R02C01	0.998026
6042341099_R03C01	0.997605
6042341099_R04C01	0.996666
6042341099_R05C01	0.997429
6042341099_R06C01	0.993007
6042341099_R07C01	0.996632
6042341099_R08C01	0.997161
6042341154_R06C01	0.997643
6042341154_R07C01	0.998109
6042341154_R08C01	0.998486
6042341162_R01C01	0.998123
6042341162_R02C01	0.99744
6042341162_R03C01	0.997914
6042341162_R04C01	0.998585
6042341162_R05C01	0.99758
6042341162_R06C01	0.998785
6042341162_R07C01	0.998544
6042341162_R08C01	0.99813
6042359084_R01C01	0.998231
6042359084_R02C01	0.997925
6042359084_R03C01	0.997453
6042359084_R04C01	0.996937
6042359084_R05C01	0.997252
6042359084_R06C01	0.998173
6042359084_R07C01	0.997694
6042359084_R08C01	0.998758
6042375002_R01C01	0.996027
6042375002_R02C01	0.99773
6042375002_R03C01	0.998016
6042375002_R04C01	0.998122
6042375002_R05C01	0.998661
6042375002_R06C01	0.997132
6042375002_R07C01	0.997518
6042375002_R08C01	0.997533
6042375003_R01C01	0.998958
6042375003_R02C01	0.997953
6042375003_R03C01	0.997512
6042375003_R04C01	0.998328
6042375003_R05C01	0.998704
6042375003_R06C01	0.998791
6042375003_R07C01	0.997766
6042375003_R08C01	0.998208
6042375012_R01C01	0.99799
6042375012_R02C01	0.998506
6042375012_R03C01	0.99773
6042375012_R04C01	0.998234
6042375012_R05C01	0.998113
6042375012_R06C01	0.997889
6042375013_R01C01	0.998087
6042375013_R02C01	0.997395
6042375013_R03C01	0.997947
6042375013_R04C01	0.997724
6042375013_R05C01	0.99768
6042375013_R06C01	0.998401
6042375013_R07C01	0.998672
6042375013_R08C01	0.997026
6042375014_R01C01	0.998567
6042375014_R02C01	0.997829
6042375014_R03C01	0.996745
6042375014_R04C01	0.997593
6042375014_R05C01	0.996653
6042375014_R06C01	0.997725
6042375014_R08C01	0.996087
6042375022_R01C01	0.998082
6042375022_R02C01	0.997527
6042375022_R03C01	0.997586
6042375022_R04C01	0.998012
6042375022_R05C01	0.997829
6042375022_R06C01	0.997987
6042375022_R07C01	0.997421
6042375023_R01C01	0.998752
6042375023_R02C01	0.998618
6042375023_R03C01	0.998297
6042375023_R04C01	0.997744
6042375023_R05C01	0.997957
6042375023_R06C01	0.997101
6042375023_R07C01	0.997114
6042375023_R08C01	0.997813
6042375024_R01C01	0.99842
6042375024_R02C01	0.997746
6042375024_R03C01	0.997249
6042375024_R04C01	0.997565
6042375024_R05C01	0.999087
6042375024_R06C01	0.997757
6042375024_R07C01	0.995111
6042375024_R08C01	0.997378
6042375025_R01C01	0.997556
6042375025_R02C01	0.998084
6042375025_R03C01	0.998648
6042375025_R04C01	0.998576
6042375025_R05C01	0.998406
6042375025_R06C01	0.997565
6042375025_R07C01	0.997558
6042375025_R08C01	0.997929
6042375029_R01C01	0.99717
6042375029_R02C01	0.998361
6042375029_R03C01	0.9979
6042375029_R04C01	0.99815
6042375029_R05C01	0.99758
6042375029_R06C01	0.997802
6042375029_R07C01	0.998009
6042375029_R08C01	0.996653
6042375043_R01C01	0.998765
6042375043_R02C01	0.997671
6042375043_R04C01	0.997726
6042375043_R05C01	0.997261
6042375043_R07C01	0.996295
6042375043_R08C01	0.99864
6042375044_R01C01	0.996508
6042375044_R02C01	0.998757
6042375044_R03C01	0.998359
6042375044_R05C01	0.996133
6042375044_R06C01	0.997901
6042375044_R07C01	0.99761
6042375044_R08C01	0.995215
6042375045_R02C01	0.99662
6042375045_R03C01	0.996197
6042375045_R04C01	0.992703
6042375045_R05C01	0.998147
6042375045_R06C01	0.997755
6042375045_R07C01	0.997454
6042375045_R08C01	0.997836
6042375053_R01C01	0.997247
6042375053_R02C01	0.998478
6042375053_R03C01	0.99715
6042375053_R04C01	0.997829
6042375053_R05C01	0.998111
6042375053_R06C01	0.997724
6042375053_R07C01	0.997275
6042375053_R08C01	0.995556
6042375080_R01C01	0.998349
6042375080_R02C01	0.99882
6042375080_R03C01	0.997943
6042375080_R04C01	0.998188
6042375080_R05C01	0.998138
6042375080_R06C01	0.998392
6042375080_R07C01	0.998402
6042375080_R08C01	0.997475
6042375085_R01C01	0.997106
6042375085_R02C01	0.997353
6042375085_R03C01	0.994478
6042375085_R04C01	0.998544
6042375085_R05C01	0.998118
6042375085_R06C01	0.998577
6042375085_R07C01	0.998468
6042375085_R08C01	0.997398
6042375100_R01C01	0.995457
6042375100_R02C01	0.998245
6042375100_R04C01	0.997985
6042375100_R05C01	0.997845
6042375100_R06C01	0.997207
6042375100_R07C01	0.998227
6042375100_R08C01	0.998359
6042375101_R01C01	0.997559
6042375101_R02C01	0.997359
6042375101_R03C01	0.998887
6042375101_R04C01	0.997566
6042375101_R05C01	0.997238
6042375101_R06C01	0.992924
6042375101_R07C01	0.998018
6042375101_R08C01	0.998008
6042375104_R01C01	0.996513
6042375104_R02C01	0.996304
6042375104_R03C01	0.997353
6042375104_R04C01	0.99813
6042375104_R06C01	0.996667
6042375104_R08C01	0.997638
6042375137_R01C01	0.996941
6042375137_R02C01	0.998154
6042375137_R03C01	0.997427
6042375137_R05C01	0.99471
6042375137_R06C01	0.998447
6042375137_R07C01	0.998823
6042375137_R08C01	0.998295
6042375138_R01C01	0.997744
6042375138_R02C01	0.998123
6042375138_R03C01	0.997174
6042375138_R04C01	0.997552
6042375138_R05C01	0.997863
6042375138_R06C01	0.993678
6042375138_R07C01	0.997477
6042375138_R08C01	0.998214
6042375146_R01C01	0.99763
6042375146_R02C01	0.997572
6042375146_R03C01	0.997653
6042375146_R04C01	0.998001
6042375146_R05C01	0.997966
6042375146_R06C01	0.997433
6042375146_R07C01	0.997955
6042375146_R08C01	0.998618
6130471012_R01C01	0.99787
6130471012_R02C01	0.998462
6130471012_R03C01	0.995336
6130471012_R04C01	0.998541
6130471012_R05C01	0.99758
6130471012_R06C01	0.997506
6130471012_R07C01	0.99831
6130471012_R08C01	0.997142
6130471070_R01C01	0.998333
6130471070_R02C01	0.989484
6130471070_R03C01	0.997661
6130471070_R04C01	0.997449
6130471070_R05C01	0.997385
6130471070_R06C01	0.997259
6130471070_R07C01	0.998004
6130471070_R08C01	0.997253
6130471071_R01C01	0.99684
6130471071_R02C01	0.99595
6130471071_R03C01	0.997178
6130471071_R05C01	0.996688
6130471071_R06C01	0.995119
6130471071_R07C01	0.996978
6130471110_R01C01	0.997091
6130471110_R02C01	0.997054
6130471110_R04C01	0.997095
6130471110_R05C01	0.993716
6130471110_R06C01	0.998381
6130471110_R07C01	0.997366
6130471110_R08C01	0.994245
6130471129_R01C01	0.996921
6130471129_R02C01	0.997781
6130471129_R03C01	0.996878
6130471129_R04C01	0.997925
6130471129_R05C01	0.996013
6130471129_R06C01	0.998103
6130471129_R07C01	0.994932
6130471129_R08C01	0.998632
6135563011_R01C01	0.99756
6135563011_R02C01	0.997886
6135563011_R03C01	0.997227
6135563011_R04C01	0.998256
6135563011_R06C01	0.998394
6135563011_R07C01	0.998196
6135563011_R08C01	0.996409
6135563012_R02C01	0.99813
6135563012_R04C01	0.993227
6135563012_R05C01	0.997957
6135563012_R06C01	0.997993
6135563012_R07C01	0.997295
6135563012_R08C01	0.993349
6135563014_R02C01	0.998869
6135563014_R03C01	0.997576
6135563014_R04C01	0.997442
6135563014_R05C01	0.997632
6135563014_R06C01	0.998507
6135563014_R07C01	0.997946
6135563014_R08C01	0.998079
6135563015_R02C01	0.995988
6135563015_R04C01	0.996232
6135563015_R05C01	0.998013
6135563015_R06C01	0.997531
6135563015_R07C01	0.996582
6135563015_R08C01	0.997488
6135563041_R01C01	0.998598
6135563041_R03C01	0.997154
6135563041_R04C01	0.997613
6135563041_R05C01	0.997851
6135563041_R06C01	0.998623
6135571025_R01C01	0.992651
6135571025_R03C01	0.996256
6135571025_R04C01	0.997431
6135571025_R07C01	0.998438
6135571025_R08C01	0.99747
6135580001_R01C01	0.997996
6135580001_R02C01	0.998171
6135580001_R03C01	0.997718
6135580001_R04C01	0.997744
6135580001_R05C01	0.997856
6135580001_R06C01	0.998619
6135580001_R07C01	0.998797
6135580001_R08C01	0.997512
6135580011_R01C01	0.998115
6135580011_R02C01	0.996063
6135580011_R03C01	0.997915
6135580011_R04C01	0.997873
6135580011_R05C01	0.998547
6135580011_R07C01	0.99789
6135580011_R08C01	0.997916
6135580017_R01C01	0.998456
6135580017_R02C01	0.998121
6135580017_R03C01	0.996719
6135580017_R04C01	0.997906
6135580017_R05C01	0.99829
6135580017_R06C01	0.997891
6135580017_R07C01	0.998818
6135580017_R08C01	0.998466
6135580027_R01C01	0.997146
6135580027_R02C01	0.997246
6135580027_R03C01	0.998592
6135580027_R04C01	0.999049
6135580027_R05C01	0.997947
6135580027_R06C01	0.998508
6135580027_R07C01	0.99811
6135580027_R08C01	0.99812
6135580057_R01C01	0.997192
6135580057_R02C01	0.997478
6135580057_R03C01	0.998206
6135580057_R04C01	0.998207
6135580057_R05C01	0.998422
6135580057_R06C01	0.9975
6135580057_R07C01	0.998414
6135580057_R08C01	0.998163
6135580073_R01C01	0.998326
6135580073_R03C01	0.998111
6135580073_R04C01	0.997453
6135580073_R05C01	0.99795
6135580073_R06C01	0.998604
6135580073_R07C01	0.998316
6135580073_R08C01	0.997273
6135580082_R01C01	0.998803
6135580082_R02C01	0.998926
6135580082_R03C01	0.996064
6135580082_R04C01	0.998492
6135580082_R06C01	0.996953
6135580082_R07C01	0.997866
6135580082_R08C01	0.99823
6135580098_R01C01	0.998945
6135580098_R02C01	0.998632
6135580098_R04C01	0.997642
6135580098_R05C01	0.998137
6135580098_R06C01	0.997562
6135580098_R07C01	0.996759
6135580098_R08C01	0.998279
6135580116_R02C01	0.994743
6135580116_R03C01	0.997596
6135580116_R05C01	0.996937
6135580116_R06C01	0.997238
6135580116_R08C01	0.997183
6135580117_R02C01	0.996878
6135580117_R03C01	0.995494
6135580117_R04C01	0.997881
6135580117_R05C01	0.998076
6135580117_R06C01	0.997358
6135580118_R01C01	0.997505
6135580118_R02C01	0.996164
6135580118_R04C01	0.998008
6135580118_R05C01	0.997542
6135580118_R06C01	0.997314
6135580118_R08C01	0.996383
6135580123_R02C01	0.99756
6135580123_R04C01	0.997757
6135580123_R05C01	0.997741
6135580123_R07C01	0.989978
6135580123_R08C01	0.994699
6135580144_R01C01	0.997267
6135580144_R08C01	0.997441
6135580145_R06C01	0.998767
6135580145_R08C01	0.991482
6135601008_R01C01	0.997801
6135601008_R02C01	0.992895
6135601008_R03C01	0.997491
6135601008_R04C01	0.997396
6135601008_R06C01	0.998338
6135601008_R07C01	0.998207
6135601008_R08C01	0.997954
6135601009_R01C01	0.998706
6135601009_R02C01	0.996539
6135601009_R03C01	0.998968
6135601009_R04C01	0.999021
6135601009_R05C01	0.997079
6135601009_R06C01	0.997966
6135601009_R07C01	0.998262
6135601009_R08C01	0.997031
6135601012_R04C01	0.997452
6135601012_R05C01	0.998691
6135601012_R06C01	0.99826
6135601012_R07C01	0.993578
6135601018_R03C01	0.998077
6135601018_R05C01	0.998213
6135601018_R07C01	0.987832
6135601018_R08C01	0.995157
6135601027_R03C01	0.997624
6135601027_R04C01	0.996673
6135601027_R05C01	0.996781
6135601027_R07C01	0.997247
6135601034_R01C01	0.999123
6135601034_R02C01	0.997531
6135601034_R03C01	0.997615
6135601034_R04C01	0.998408
6135601034_R06C01	0.998074
6135601045_R01C01	0.999105
6135601045_R02C01	0.998936
6135601045_R03C01	0.996151
6135601045_R04C01	0.998559
6135601045_R05C01	0.998303
6135601045_R07C01	0.998714
6135601045_R08C01	0.997131
6135601049_R01C01	0.998368
6135601049_R02C01	0.997956
6135601049_R03C01	0.997102
6135601049_R05C01	0.993644
6135601049_R06C01	0.998673
6135601049_R07C01	0.997383
6135601049_R08C01	0.99749
6135601060_R01C01	0.995961
6135601060_R03C01	0.997041
6135601060_R04C01	0.981212
6135601060_R05C01	0.995741
6135601060_R06C01	0.994597
6135601066_R01C01	0.997397
6135601066_R02C01	0.995234
6135601066_R03C01	0.997676
6135601066_R04C01	0.997413
6135601066_R05C01	0.99563
6135601066_R06C01	0.99801
6135601066_R07C01	0.997532
6135601066_R08C01	0.998151
6135601080_R01C01	0.99768
6135601080_R02C01	0.995798
6135601080_R03C01	0.998914
6135601080_R07C01	0.998021
6135601080_R08C01	0.998531
6135601081_R01C01	0.997157
6135601081_R02C01	0.998003
6135601081_R03C01	0.997981
6135601081_R04C01	0.998156
6135601081_R05C01	0.998408
6135601081_R07C01	0.998132
6135601081_R08C01	0.997747
6135601082_R02C01	0.998555
6135601082_R03C01	0.997511
6135601082_R04C01	0.997908
6135601082_R05C01	0.99862
6135601082_R06C01	0.996805
6135601082_R07C01	0.997869
6135601082_R08C01	0.997699
6135601086_R01C01	0.995832
6135601086_R03C01	0.998302
6135601086_R04C01	0.998301
6135601086_R05C01	0.995483
6135601086_R07C01	0.996504
6135601094_R05C01	0.996516
6135601094_R06C01	0.992163
6135601108_R01C01	0.9979
6135601108_R02C01	0.998117
6135601108_R03C01	0.999088
6135601108_R04C01	0.997397
6135601108_R05C01	0.997746
6135601108_R06C01	0.997065
6135601108_R07C01	0.997751
6135601108_R08C01	0.997688
6135601115_R02C01	0.997621
6135601115_R04C01	0.997369
6135601115_R06C01	0.997413
6135601115_R07C01	0.997872
6135601115_R08C01	0.997984
6135601116_R01C01	0.996678
6135601116_R02C01	0.998702
6135601116_R05C01	0.997756
6135601116_R07C01	0.997803
6135601116_R08C01	0.997881
6135601117_R01C01	0.996689
6135601117_R05C01	0.998007
6135601117_R06C01	0.995744
6135601117_R07C01	0.998443
6135601117_R08C01	0.997651
6135601120_R03C01	0.99773
6135601120_R04C01	0.998029
6135601120_R06C01	0.997212
6135601120_R07C01	0.997194
6135601120_R08C01	0.998434
6135601124_R01C01	0.997674
6135601124_R02C01	0.997581
6135601124_R03C01	0.998214
6135601124_R04C01	0.997572
6135601124_R05C01	0.997972
6135601124_R06C01	0.997067
6135601124_R07C01	0.996984
6135601124_R08C01	0.997168
6135601130_R01C01	0.998623
6135601130_R02C01	0.993191
6135601130_R03C01	0.997099
6135601130_R04C01	0.997707
6135601130_R05C01	0.997681
6135601130_R06C01	0.998561
6135601130_R07C01	0.998332
6135601130_R08C01	0.997984
6135601149_R01C01	0.996659
6135601149_R02C01	0.997799
6135601149_R06C01	0.995031
6135601149_R08C01	0.996544
6135601151_R01C01	0.99685
6135601151_R02C01	0.996482
6135601151_R03C01	0.998174
6135601151_R04C01	0.998263
6135601151_R05C01	0.997779
6135601151_R06C01	0.997748
6135601151_R07C01	0.997716
6135601151_R08C01	0.997883
6135601153_R03C01	0.997684
6135601153_R05C01	0.997569
6135601153_R06C01	0.99302
6135601153_R07C01	0.997102
6135601153_R08C01	0.998879
6135601156_R01C01	0.998068
6135601156_R02C01	0.99641
6135601156_R03C01	0.997267
6135601156_R04C01	0.997569
6135601156_R05C01	0.998518
6135601156_R06C01	0.997627
6135601156_R08C01	0.998345
6135601162_R01C01	0.993948
6135601162_R02C01	0.997191
6135601162_R04C01	0.998063
6135601162_R05C01	0.997631
6135601162_R06C01	0.995983
6135601162_R07C01	0.998136
6135601162_R08C01	0.997723
6135601167_R02C01	0.998327
6135601167_R03C01	0.997676
6135601167_R04C01	0.997642
6135601167_R05C01	0.996226
6135601167_R06C01	0.997286
6135601167_R07C01	0.996434
6147054060_R01C01	0.998225
6147054060_R02C01	0.998279
6147054060_R03C01	0.997947
6147054060_R04C01	0.998481
6147054060_R05C01	0.995774
6147054060_R07C01	0.997667
6147054060_R08C01	0.998531
6147054122_R01C01	0.996519
6147054122_R02C01	0.997111
6147054122_R03C01	0.996388
6147054122_R04C01	0.996978
6147054122_R05C01	0.998127
6147054122_R06C01	0.998098
6147054122_R07C01	0.996893
6147054122_R08C01	0.999103
6147054149_R01C01	0.997777
6147054149_R02C01	0.998243
6147054149_R07C01	0.99773
6147054149_R08C01	0.997877
6147054150_R01C01	0.997634
6147054150_R02C01	0.997268
6147054150_R03C01	0.996995
6147054150_R04C01	0.997727
6147054150_R05C01	0.997416
6147054150_R06C01	0.998601
6147054150_R07C01	0.996462
6147054150_R08C01	0.997322
6147062005_R03C01	0.998736
6147062005_R04C01	0.998338
6147062005_R06C01	0.997959
6147062005_R07C01	0.997891
6147062010_R01C01	0.997402
6147062010_R02C01	0.997654
6147062010_R03C01	0.998022
6147062010_R04C01	0.997223
6147062010_R05C01	0.998471
6147062010_R06C01	0.997695
6147062010_R07C01	0.997473
6147062010_R08C01	0.998224
6147062028_R03C01	0.99765
6147062037_R01C01	0.997042
6147062037_R02C01	0.99494
6147062037_R03C01	0.997499
6147062037_R04C01	0.998093
6147062037_R05C01	0.998411
6147062037_R06C01	0.997298
6147062037_R07C01	0.9972
6147062055_R01C01	0.996522
6147062055_R02C01	0.996465
6147062055_R04C01	0.997175
6147062055_R07C01	0.997838
6147062055_R08C01	0.997883
6147062102_R01C01	0.996982
6147062102_R02C01	0.998148
6147062102_R03C01	0.998792
6147062102_R04C01	0.997833
6147062102_R05C01	0.998521
6147062102_R06C01	0.998208
6147062133_R01C01	0.997349
6147062133_R02C01	0.997751
6147062133_R03C01	0.997933
6147062133_R05C01	0.998284
6147062133_R06C01	0.998582
6147062134_R01C01	0.997253
6147062134_R02C01	0.998257
6147062134_R03C01	0.998909
6147062134_R06C01	0.996299
6147062134_R07C01	0.997319
6147062134_R08C01	0.9972
6147062135_R01C01	0.99811
6147062135_R02C01	0.998152
6147062135_R04C01	0.997415
6147062135_R05C01	0.997966
6147062135_R06C01	0.995019
6147062135_R08C01	0.997948
6147062147_R01C01	0.992532
6147062147_R03C01	0.997629
6147062147_R04C01	0.998175
6147062147_R05C01	0.998455
6147062147_R06C01	0.997997
6147062147_R07C01	0.996694
6147062147_R08C01	0.998044
6147062162_R01C01	0.998228
6147062162_R03C01	0.998237
6147062162_R05C01	0.998193
6147062162_R06C01	0.997379
6147062162_R07C01	0.997854
6147062167_R02C01	0.997979
6147062167_R03C01	0.997263
6147062167_R04C01	0.996637
6147062167_R05C01	0.99771
6147062167_R06C01	0.99439
6147062167_R08C01	0.997275
6147071002_R01C01	0.99817
6147071002_R02C01	0.99248
6147071002_R03C01	0.998439
6147071002_R05C01	0.99767
6147071002_R06C01	0.998071
6147071002_R07C01	0.998952
6147071002_R08C01	0.998157
6147071043_R03C01	0.9982
6147071043_R05C01	0.996849
6147071043_R08C01	0.998106
6147071044_R01C01	0.997903
6147071044_R02C01	0.997761
6147071044_R03C01	0.99684
6147071044_R04C01	0.998005
6147071044_R06C01	0.997342
6147071044_R07C01	0.996845
6147071044_R08C01	0.997391
6147071047_R01C01	0.99764
6147071047_R02C01	0.997934
6147071047_R05C01	0.997742
6147071047_R06C01	0.998181
6147071047_R07C01	0.997843
6147071047_R08C01	0.996343
6147071059_R02C01	0.997215
6147071059_R03C01	0.997828
6147071059_R04C01	0.996788
6147071059_R07C01	0.9985
6147071059_R08C01	0.997462
6147071060_R02C01	0.998479
6147071060_R03C01	0.996194
6147071060_R04C01	0.996945
6147071060_R05C01	0.997806
6147071060_R06C01	0.997964
6147071060_R07C01	0.998316
6147071060_R08C01	0.993995
6147071101_R01C01	0.998531
6147071101_R02C01	0.997453
6147071101_R04C01	0.997969
6147071101_R05C01	0.997516
6147071101_R06C01	0.997429
6147071101_R07C01	0.997945
6147071101_R08C01	0.995874
6147071123_R01C01	0.997722
6147071123_R02C01	0.997887
6147071123_R03C01	0.997446
6147071123_R04C01	0.997751
6147071123_R05C01	0.997257
6147071123_R06C01	0.998679
6147071123_R07C01	0.998015
6147071123_R08C01	0.995059
6147071155_R01C01	0.997429
6147071155_R02C01	0.998583
6147071155_R03C01	0.996858
6147071155_R04C01	0.99768
6147071155_R06C01	0.998283
6147071155_R07C01	0.997304
6147071155_R08C01	0.997888
6147071157_R01C01	0.997565
6147071157_R02C01	0.998133
6147071157_R03C01	0.998528
6147071157_R04C01	0.998516
6147071157_R05C01	0.997472
6147071157_R06C01	0.998186
6147071157_R07C01	0.997873
6147071157_R08C01	0.998128
6160275010_R02C01	0.998261
6160275010_R03C01	0.997614
6160275010_R04C01	0.997065
6160275010_R05C01	0.99746
6160275010_R06C01	0.998321
6160275010_R07C01	0.998148
6160275010_R08C01	0.997888
6160275012_R02C01	0.997252
6160275012_R03C01	0.997325
6160275012_R04C01	0.998164
6160275012_R05C01	0.997436
6160275012_R06C01	0.997073
6160275012_R07C01	0.998571
6160275012_R08C01	0.998797
6160275019_R01C01	0.998487
6160275019_R02C01	0.997929
6160275019_R03C01	0.998846
6160275019_R04C01	0.998136
6160275019_R05C01	0.997509
6160275019_R06C01	0.9978
6160275019_R07C01	0.997923
6160275020_R01C01	0.997772
6160275020_R02C01	0.997761
6160275020_R03C01	0.99855
6160275020_R04C01	0.998134
6160275020_R05C01	0.997777
6160275020_R06C01	0.9966
6160275020_R07C01	0.998228
6160275020_R08C01	0.998035
6160275021_R01C01	0.997391
6160275021_R02C01	0.99728
6160275021_R03C01	0.99837
6160275021_R04C01	0.998058
6160275021_R05C01	0.996823
6160275021_R06C01	0.998703
6160275021_R07C01	0.998419
6160275021_R08C01	0.99737
6160275022_R01C01	0.997743
6160275022_R02C01	0.997968
6160275022_R03C01	0.997335
6160275022_R04C01	0.997426
6160275022_R05C01	0.998336
6160275022_R06C01	0.99748
6160275022_R07C01	0.997863
6160275022_R08C01	0.997768
6160275043_R01C01	0.997874
6160275043_R02C01	0.997217
6160275043_R03C01	0.998076
6160275043_R04C01	0.997514
6160275043_R05C01	0.99667
6160275043_R06C01	0.996766
6160275043_R08C01	0.994687
6160275044_R01C01	0.996854
6160275044_R02C01	0.998677
6160275044_R03C01	0.997618
6160275044_R04C01	0.997581
6160275044_R05C01	0.99881
6160275044_R06C01	0.997327
6160275044_R07C01	0.997879
6160275044_R08C01	0.998075
6160275046_R01C01	0.99807
6160275046_R02C01	0.997513
6160275046_R03C01	0.996961
6160275046_R05C01	0.991692
6160275046_R06C01	0.997749
6160275046_R07C01	0.99616
6160275058_R01C01	0.995522
6160275058_R02C01	0.997487
6160275058_R03C01	0.997372
6160275058_R04C01	0.99788
6160275058_R05C01	0.998249
6160275058_R06C01	0.997552
6160275058_R07C01	0.997509
6160275058_R08C01	0.9987
6160275059_R01C01	0.998825
6160275059_R02C01	0.997645
6160275059_R03C01	0.998659
6160275059_R04C01	0.997593
6160275059_R05C01	0.998407
6160275059_R06C01	0.998231
6160275059_R07C01	0.998524
6160275059_R08C01	0.998166
6160275060_R01C01	0.997662
6160275060_R02C01	0.998311
6160275060_R03C01	0.998357
6160275060_R04C01	0.998594
6160275060_R05C01	0.99731
6160275060_R06C01	0.998317
6160275060_R07C01	0.99795
6160275060_R08C01	0.998844
6160304032_R01C01	0.997716
6160304032_R02C01	0.995311
6160304032_R03C01	0.997626
6160304032_R04C01	0.998125
6160304032_R05C01	0.997955
6160304032_R07C01	0.99763
6160304032_R08C01	0.998319
6160304033_R01C01	0.997816
6160304033_R02C01	0.997921
6160304033_R03C01	0.997809
6160304033_R04C01	0.998723
6160304033_R05C01	0.993578
6160304033_R06C01	0.998382
6160304033_R07C01	0.998653
6160304033_R08C01	0.997105
6164663042_R01C01	0.992312
6164663042_R02C01	0.997907
6164663042_R03C01	0.997265
6164663042_R04C01	0.99818
6164663042_R05C01	0.998338
6164663042_R06C01	0.995282
6164663042_R07C01	0.998386
6164663042_R08C01	0.997264
6165295013_R01C01	0.997947
6165295013_R02C01	0.997569
6165295013_R03C01	0.998218
6165295013_R04C01	0.999419
6165295013_R06C01	0.997325
6165295019_R01C01	0.996157
6165295019_R02C01	0.997895
6165295019_R04C01	0.997131
6165295019_R05C01	0.997294
6165295019_R06C01	0.998104
6165295019_R07C01	0.997751
6165295019_R08C01	0.997898
6165295021_R01C01	0.990946
6165295021_R02C01	0.997953
6165295021_R03C01	0.997484
6165295021_R04C01	0.997591
6165295021_R05C01	0.997648
6165295021_R06C01	0.997812
6165295021_R07C01	0.997882
6165295021_R08C01	0.998056
6165295023_R01C01	0.994994
6165295023_R02C01	0.995385
6165295023_R03C01	0.998242
6165295023_R04C01	0.998014
6165295023_R05C01	0.992933
6165295023_R06C01	0.997101
6165295023_R07C01	0.998224
6165295023_R08C01	0.998319
6165295050_R01C01	0.997633
6165295050_R02C01	0.990993
6165295050_R03C01	0.996626
6165295050_R04C01	0.998638
6165295050_R05C01	0.998344
6165295050_R06C01	0.998517
6165295050_R07C01	0.997527
6165295050_R08C01	0.998499
6165295051_R01C01	0.995414
6165295051_R03C01	0.99693
6165295051_R04C01	0.997015
6165295051_R05C01	0.996941
6165295051_R07C01	0.996211
6165295051_R08C01	0.996958
6171492001_R02C01	0.988299
6171492001_R03C01	0.997629
6171492001_R05C01	0.997943
6171492001_R07C01	0.997634
6171492013_R02C01	0.997784
6171492013_R03C01	0.99796
6171492013_R04C01	0.999085
6171492013_R07C01	0.997058
6171492013_R08C01	0.998305
6171492015_R01C01	0.998306
6171492015_R02C01	0.995664
6171492015_R03C01	0.997862
6171492015_R04C01	0.997438
6171492015_R05C01	0.997505
6171492015_R06C01	0.998475
6171492015_R07C01	0.997418
6171492015_R08C01	0.99754
6171492016_R01C01	0.996848
6171492016_R02C01	0.99712
6171492016_R03C01	0.99733
6171492016_R04C01	0.996267
6171492016_R05C01	0.998281
6171492016_R06C01	0.99703
6171492016_R07C01	0.997851
6171492017_R02C01	0.997847
6171492017_R03C01	0.992684
6171492017_R04C01	0.998266
6171492017_R05C01	0.998097
6171492017_R06C01	0.997011
6171492017_R07C01	0.997835
6171492017_R08C01	0.995886
6171492025_R01C01	0.998046
6171492025_R02C01	0.997907
6171492025_R03C01	0.99641
6171492025_R04C01	0.992783
6171492025_R05C01	0.997462
6171492025_R06C01	0.998134
6171492025_R07C01	0.997208
6171492025_R08C01	0.998232
6171492029_R01C01	0.997437
6171492029_R02C01	0.997434
6171492029_R04C01	0.998311
6171492029_R05C01	0.99789
6171492029_R06C01	0.997298
6171492029_R08C01	0.997973
6171492039_R03C01	0.99849
6171492039_R04C01	0.996908
6171492039_R05C01	0.997762
6171492039_R06C01	0.988034
6171492039_R07C01	0.998016
6171492043_R02C01	0.998647
6171492043_R03C01	0.994516
6171492043_R04C01	0.996593
6171492043_R05C01	0.998599
6171492043_R06C01	0.997832
6171492043_R07C01	0.99582
6171492043_R08C01	0.99764
6171492045_R01C01	0.997742
6171492045_R02C01	0.996967
6171492045_R05C01	0.998135
6171492045_R08C01	0.997422
6171492048_R06C01	0.986308
6171492048_R08C01	0.97418
6171492049_R01C01	0.997661
6171492049_R02C01	0.998707
6171492049_R03C01	0.997792
6171492049_R04C01	0.993052
6171492049_R05C01	0.998453
6171492049_R06C01	0.998436
6171492049_R07C01	0.995939
6171492049_R08C01	0.998596
6171492050_R01C01	0.997668
6171492050_R02C01	0.997207
6171492050_R05C01	0.997853
6171492050_R06C01	0.998145
6171492050_R07C01	0.998321
6171492050_R08C01	0.996268
6171492053_R01C01	0.997453
6171492053_R02C01	0.998394
6171492053_R03C01	0.997005
6171492053_R04C01	0.99689
6171492053_R05C01	0.998198
6171492053_R06C01	0.997263
6171492053_R07C01	0.998255
6171492053_R08C01	0.997273
6171492055_R01C01	0.997968
6171492055_R02C01	0.992213
6171492055_R03C01	0.998572
6171492055_R04C01	0.998159
6171492055_R06C01	0.99749
6171492055_R07C01	0.997923
6171492055_R08C01	0.998381
6171492056_R01C01	0.99803
6171492056_R02C01	0.998893
6171492056_R03C01	0.998872
6171492056_R04C01	0.997436
6171492056_R05C01	0.997409
6171492056_R08C01	0.997135
6171492059_R01C01	0.998736
6171492059_R02C01	0.998506
6171492059_R04C01	0.997565
6171492059_R05C01	0.99849
6171492059_R06C01	0.997835
6171492059_R07C01	0.996712
6171492059_R08C01	0.998324
6171492060_R01C01	0.997908
6171492060_R02C01	0.997928
6171492060_R03C01	0.995292
6171492060_R04C01	0.997345
6171492060_R05C01	0.997909
6171492060_R08C01	0.991614
6171492068_R01C01	0.998476
6171492068_R02C01	0.998147
6171492068_R03C01	0.997959
6171492068_R04C01	0.997457
6171492068_R05C01	0.998192
6171492068_R06C01	0.998378
6171492068_R08C01	0.99804
6171492069_R02C01	0.99637
6171492069_R06C01	0.996255
6171492069_R07C01	0.997468
6171492069_R08C01	0.998366
6171492072_R03C01	0.997763
6171492072_R04C01	0.99801
6171492072_R05C01	0.99818
6171492072_R06C01	0.996392
6171492072_R08C01	0.998495
6171492074_R01C01	0.997786
6171492074_R02C01	0.998183
6171492074_R03C01	0.997098
6171492074_R04C01	0.997324
6171492074_R05C01	0.997111
6171492074_R07C01	0.998094
6171492074_R08C01	0.998111
6171492075_R01C01	0.998534
6171492075_R03C01	0.997717
6171492075_R05C01	0.998137
6171492075_R06C01	0.977317
6171492075_R08C01	0.998185
6171492077_R01C01	0.997225
6171492077_R02C01	0.997174
6171492077_R03C01	0.997249
6171492077_R07C01	0.996821
6171492077_R08C01	0.997543
6171492078_R01C01	0.998446
6171492078_R02C01	0.997859
6171492078_R03C01	0.998773
6171492078_R05C01	0.996407
6171492078_R06C01	0.996575
6171492078_R07C01	0.997095
6171492078_R08C01	0.998146
6171492079_R01C01	0.998182
6171492079_R03C01	0.997745
6171492079_R04C01	0.99898
6171492079_R05C01	0.998371
6171492079_R06C01	0.99713
6171492079_R07C01	0.998566
6171492079_R08C01	0.982183
6171492084_R01C01	0.997387
6171492084_R02C01	0.998228
6171492084_R03C01	0.997851
6171492084_R04C01	0.998098
6171492084_R05C01	0.996922
6171492084_R06C01	0.998232
6171492084_R08C01	0.997134
6171492086_R02C01	0.99804
6171492086_R05C01	0.997561
6171492086_R06C01	0.996445
6171492086_R07C01	0.996868
6171492086_R08C01	0.998329
6171492090_R01C01	0.997766
6171492090_R02C01	0.995867
6171492090_R03C01	0.997376
6171492090_R05C01	0.997739
6171492090_R06C01	0.997123
6171492090_R07C01	0.99779
6171492090_R08C01	0.998163
6171492100_R01C01	0.996375
6171492100_R03C01	0.996049
6171492100_R04C01	0.986317
6171492100_R05C01	0.996067
6171492100_R08C01	0.997372
6172882004_R01C01	0.998033
6172882004_R02C01	0.998197
6172882004_R03C01	0.995135
6172882004_R06C01	0.990378
6172882004_R07C01	0.997812
6172882004_R08C01	0.998245
6172882009_R01C01	0.99806
6172882009_R02C01	0.997995
6172882009_R03C01	0.99786
6172882009_R04C01	0.997705
6172882009_R05C01	0.996759
6172882009_R06C01	0.99782
6172882009_R07C01	0.99867
6172882009_R08C01	0.997882
6172882050_R01C01	0.998001
6172882050_R02C01	0.998351
6172882050_R03C01	0.997924
6172882050_R04C01	0.996965
6172882050_R05C01	0.998072
6172882050_R06C01	0.997179
6172882050_R08C01	0.996449
6172882051_R01C01	0.997666
6172882051_R02C01	0.997947
6172882051_R04C01	0.99798
6172882051_R05C01	0.99671
6172882051_R06C01	0.998516
6172882051_R07C01	0.99818
6172882051_R08C01	0.998362
6186483013_R01C01	0.994484
6186483013_R02C01	0.997472
6186483013_R03C01	0.992314
6186483013_R04C01	0.998125
6186483013_R05C01	0.997773
6186483013_R06C01	0.997861
6186483013_R07C01	0.998182
6186483013_R08C01	0.997817
6186483032_R03C01	0.998121
6186483032_R04C01	0.997531
6186483032_R05C01	0.997965
6186483032_R06C01	0.998015
6186483032_R07C01	0.997222
6186483032_R08C01	0.992158
6186483043_R01C01	0.979352
6186483043_R04C01	0.990506
6186483043_R05C01	0.998434
6186483043_R06C01	0.996864
6186483043_R08C01	0.997504
6186483051_R01C01	0.998145
6186483051_R08C01	0.997875
6186483068_R01C01	0.994049
6186483068_R02C01	0.99763
6186483068_R03C01	0.997224
6186483090_R01C01	0.998339
6186483090_R02C01	0.998221
6186483090_R03C01	0.998006
6186483090_R04C01	0.998429
6186483090_R06C01	0.997745
6186483090_R07C01	0.998618
6186483090_R08C01	0.997882
6186483093_R02C01	0.984713
6186483093_R03C01	0.996643
6186483093_R05C01	0.998314
6186483093_R06C01	0.998069
6186483093_R08C01	0.998523
6186483099_R01C01	0.996664
6186483099_R03C01	0.996697
6186483099_R04C01	0.997928
6186483099_R05C01	0.995905
6186483099_R07C01	0.997398
6186483099_R08C01	0.997568
6186483101_R01C01	0.996664
6186483101_R02C01	0.996975
6186483101_R03C01	0.993637
6186483101_R04C01	0.997257
6186483101_R05C01	0.993827
6186483101_R06C01	0.990756
6186483101_R08C01	0.998184
6186483132_R01C01	0.985108
6247194011_R02C01	0.998408
6247194011_R03C01	0.997878
6247194011_R04C01	0.997114
6247194011_R05C01	0.997652
6247194011_R07C01	0.994523
6247194011_R08C01	0.997018
6247194028_R01C01	0.996006
6247194028_R02C01	0.993365
6247194028_R03C01	0.997437
6247194028_R04C01	0.997835
6247194028_R06C01	0.998483
6247194028_R07C01	0.998167
6247194028_R08C01	0.998225
6247194031_R01C01	0.995501
6247194031_R02C01	0.9978
6247194031_R03C01	0.998438
6247194031_R05C01	0.997107
6247194031_R06C01	0.998384
6247194031_R07C01	0.997762
6247194043_R02C01	0.998333
6247194043_R03C01	0.998424
6247194043_R04C01	0.99779
6247194043_R07C01	0.998073
6247194043_R08C01	0.997895
6247194064_R01C01	0.996246
6247194064_R03C01	0.997616
6247194064_R04C01	0.997495
6247194064_R05C01	0.998208
6247194064_R06C01	0.998884
6247194064_R07C01	0.998147
6247194064_R08C01	0.998701
6247194098_R01C01	0.997405
6247194098_R02C01	0.997601
6247194098_R03C01	0.996646
6247194098_R04C01	0.998447
6247194098_R05C01	0.998186
6247194098_R06C01	0.998382
6247194098_R07C01	0.997594
6247194098_R08C01	0.998413
6247194107_R03C01	0.993879
6247194107_R05C01	0.989607
6247194107_R07C01	0.996857
6247194115_R02C01	0.997832
6247194115_R04C01	0.993707
6247194115_R05C01	0.99748
6247194115_R06C01	0.997885
6247194115_R08C01	0.996801
6247194117_R02C01	0.997788
6247194117_R03C01	0.997776
6247194117_R04C01	0.994292
6247194117_R05C01	0.997927
6247194117_R07C01	0.997956
6247194117_R08C01	0.997072
6247194118_R05C01	0.998041
6247194118_R08C01	0.996411
6264533042_R07C01	0.997558
6264533048_R01C01	0.997527
6264533048_R03C01	0.997958
6264533048_R04C01	0.998215
6264533048_R05C01	0.996478
6264533048_R06C01	0.997898
6264533048_R07C01	0.99768
6264533048_R08C01	0.998143
6264533060_R03C01	0.997113
6264533060_R05C01	0.99628
6264533060_R06C01	0.996225
6264533060_R07C01	0.99612
6264533060_R08C01	0.997988
6264533086_R01C01	0.973751
6264533086_R03C01	0.998113
6264533086_R05C01	0.992968
6264550046_R02C01	0.997536
6264550046_R03C01	0.99637
6264550046_R04C01	0.997835
6264550046_R07C01	0.996924
