                      +-----------------------------+
                      |                             |
                      |   Eagle v2.4.1              |
                      |   November 18, 2018         |
                      |   Po-Ru Loh                 |
                      |                             |
                      +-----------------------------+

Copyright (C) 2015-2018 Harvard University.
Distributed under the GNU GPLv3+ open source license.

Command line options:

eagle \
    --vcfRef=/BIODATA/StudentsHome/kevine/GWAS/Git/GWAS/1000G/ALL.chr8.phase3_integrated.20130502.genotypes.bcf \
    --vcfTarget=qc-camgwas-updated.vcf.gz \
    --geneticMapFile=tables/genetic_map_hg19_withX.txt.gz \
    --outPrefix=chr8-phased_wref \
    --chrom=8 \
    --pbwtIters=10 \
    --numThreads=90 \
    --Kpbwt=50000 \
    --vcfOutFormat=z 

Setting number of threads to 90
[W::bcf_hdr_check_sanity] PL should be declared as Number=G

Reference samples: Nref = 2504
Target samples: Ntarget = 1185
SNPs to analyze: M = 89803 SNPs in both target and reference

SNPs ignored: 0 SNPs in target but not reference
              2564225 SNPs in reference but not target
              0 multi-allelic SNPs in target

Missing rate in target genotypes: 0.00413056

Filling in genetic map coordinates using reference file:
  tables/genetic_map_hg19_withX.txt.gz
Physical distance range: 146125402 base pairs
Genetic distance range:  178.15 cM
Average # SNPs per cM:   504
Number of <=(64-SNP, 1cM) segments: 1406
Average # SNPs per segment: 63

Time for reading input: 57.4951 sec

Fraction of heterozygous genotypes: 0.254418
Typical span of default 100-het history length: 0.78 cM
Setting --histFactor=1.28
Typical span of 128-het history length: 1.00 cM

BEGINNING PHASING

PHASING ITER 1 OF 10


Phasing target samples
................................................................................
Time for phasing iter 1: 1137.47

PHASING ITER 2 OF 10


Phasing target samples
................................................................................
Time for phasing iter 2: 1133.94

PHASING ITER 3 OF 10


Phasing target samples
................................................................................
Time for phasing iter 3: 1103.94

PHASING ITER 4 OF 10


Phasing target samples
................................................................................
Time for phasing iter 4: 1084.15

PHASING ITER 5 OF 10


Phasing target samples
................................................................................
Time for phasing iter 5: 1060.7

PHASING ITER 6 OF 10


Phasing target samples
................................................................................
Time for phasing iter 6: 1077.3

PHASING ITER 7 OF 10


Phasing target samples
................................................................................
Time for phasing iter 7: 1063.4

PHASING ITER 8 OF 10


Phasing target samples
................................................................................
Time for phasing iter 8: 1070.75

PHASING ITER 9 OF 10


Phasing target samples
................................................................................
Time for phasing iter 9: 1080.94

PHASING ITER 10 OF 10


Phasing target samples
................................................................................
Time for phasing iter 10: 1431.46
Writing vcf.gz output to chr8-phased_wref.vcf.gz
Time for writing output: 14.7287
Total elapsed time for analysis = 11316.5 sec

Mean phase confidence of each target individual:
ID	PHASE_CONFIDENCE
6042341077_R01C01	0.997451
6042341077_R03C01	0.998404
6042341077_R04C01	0.996709
6042341077_R05C01	0.998048
6042341077_R06C01	0.998281
6042341077_R07C01	0.996523
6042341089_R01C01	0.998838
6042341089_R02C01	0.998105
6042341089_R03C01	0.997959
6042341089_R04C01	0.99761
6042341089_R05C01	0.998816
6042341089_R06C01	0.996968
6042341089_R07C01	0.997589
6042341089_R08C01	0.997589
6042341090_R01C01	0.996958
6042341090_R02C01	0.9976
6042341090_R03C01	0.997976
6042341090_R04C01	0.997659
6042341090_R05C01	0.997547
6042341090_R06C01	0.998389
6042341090_R07C01	0.996856
6042341090_R08C01	0.997083
6042341099_R01C01	0.998232
6042341099_R02C01	0.997837
6042341099_R03C01	0.998299
6042341099_R04C01	0.998221
6042341099_R05C01	0.997391
6042341099_R06C01	0.993059
6042341099_R07C01	0.995513
6042341099_R08C01	0.996465
6042341154_R06C01	0.997218
6042341154_R07C01	0.998382
6042341154_R08C01	0.998317
6042341162_R01C01	0.998241
6042341162_R02C01	0.998026
6042341162_R03C01	0.997563
6042341162_R04C01	0.998491
6042341162_R05C01	0.998093
6042341162_R06C01	0.998409
6042341162_R07C01	0.998288
6042341162_R08C01	0.998888
6042359084_R01C01	0.998511
6042359084_R02C01	0.997912
6042359084_R03C01	0.997945
6042359084_R04C01	0.996947
6042359084_R05C01	0.997683
6042359084_R06C01	0.998006
6042359084_R07C01	0.998623
6042359084_R08C01	0.998135
6042375002_R01C01	0.996403
6042375002_R02C01	0.996885
6042375002_R03C01	0.997468
6042375002_R04C01	0.997826
6042375002_R05C01	0.998929
6042375002_R06C01	0.997885
6042375002_R07C01	0.997872
6042375002_R08C01	0.997306
6042375003_R01C01	0.998611
6042375003_R02C01	0.997946
6042375003_R03C01	0.997302
6042375003_R04C01	0.998125
6042375003_R05C01	0.998724
6042375003_R06C01	0.998751
6042375003_R07C01	0.997987
6042375003_R08C01	0.998753
6042375012_R01C01	0.998038
6042375012_R02C01	0.998901
6042375012_R03C01	0.997028
6042375012_R04C01	0.997267
6042375012_R05C01	0.998215
6042375012_R06C01	0.998053
6042375013_R01C01	0.998036
6042375013_R02C01	0.998027
6042375013_R03C01	0.998544
6042375013_R04C01	0.99808
6042375013_R05C01	0.997124
6042375013_R06C01	0.997559
6042375013_R07C01	0.998387
6042375013_R08C01	0.997493
6042375014_R01C01	0.998713
6042375014_R02C01	0.998044
6042375014_R03C01	0.99762
6042375014_R04C01	0.997358
6042375014_R05C01	0.997596
6042375014_R06C01	0.998295
6042375014_R08C01	0.997731
6042375022_R01C01	0.99704
6042375022_R02C01	0.998195
6042375022_R03C01	0.99721
6042375022_R04C01	0.998364
6042375022_R05C01	0.99828
6042375022_R06C01	0.998743
6042375022_R07C01	0.99722
6042375023_R01C01	0.998895
6042375023_R02C01	0.99897
6042375023_R03C01	0.997773
6042375023_R04C01	0.998218
6042375023_R05C01	0.998082
6042375023_R06C01	0.997784
6042375023_R07C01	0.99752
6042375023_R08C01	0.997668
6042375024_R01C01	0.998691
6042375024_R02C01	0.997482
6042375024_R03C01	0.997548
6042375024_R04C01	0.997778
6042375024_R05C01	0.998983
6042375024_R06C01	0.997841
6042375024_R07C01	0.996016
6042375024_R08C01	0.997607
6042375025_R01C01	0.998479
6042375025_R02C01	0.998234
6042375025_R03C01	0.999048
6042375025_R04C01	0.997726
6042375025_R05C01	0.997747
6042375025_R06C01	0.998544
6042375025_R07C01	0.998771
6042375025_R08C01	0.998673
6042375029_R01C01	0.997228
6042375029_R02C01	0.997698
6042375029_R03C01	0.9987
6042375029_R04C01	0.997255
6042375029_R05C01	0.997456
6042375029_R06C01	0.998818
6042375029_R07C01	0.997931
6042375029_R08C01	0.997168
6042375043_R01C01	0.998803
6042375043_R02C01	0.997747
6042375043_R04C01	0.997643
6042375043_R05C01	0.998243
6042375043_R07C01	0.997061
6042375043_R08C01	0.99878
6042375044_R01C01	0.995802
6042375044_R02C01	0.998447
6042375044_R03C01	0.998575
6042375044_R05C01	0.996614
6042375044_R06C01	0.998199
6042375044_R07C01	0.997681
6042375044_R08C01	0.996266
6042375045_R02C01	0.997218
6042375045_R03C01	0.996412
6042375045_R04C01	0.992565
6042375045_R05C01	0.998329
6042375045_R06C01	0.997874
6042375045_R07C01	0.997066
6042375045_R08C01	0.998107
6042375053_R01C01	0.9974
6042375053_R02C01	0.997905
6042375053_R03C01	0.997192
6042375053_R04C01	0.99752
6042375053_R05C01	0.997797
6042375053_R06C01	0.997422
6042375053_R07C01	0.997843
6042375053_R08C01	0.996267
6042375080_R01C01	0.998274
6042375080_R02C01	0.998821
6042375080_R03C01	0.998411
6042375080_R04C01	0.997882
6042375080_R05C01	0.998116
6042375080_R06C01	0.998247
6042375080_R07C01	0.998079
6042375080_R08C01	0.996849
6042375085_R01C01	0.99811
6042375085_R02C01	0.998056
6042375085_R03C01	0.99557
6042375085_R04C01	0.998447
6042375085_R05C01	0.998091
6042375085_R06C01	0.998941
6042375085_R07C01	0.998419
6042375085_R08C01	0.997855
6042375100_R01C01	0.996042
6042375100_R02C01	0.998259
6042375100_R04C01	0.998545
6042375100_R05C01	0.997632
6042375100_R06C01	0.997524
6042375100_R07C01	0.998171
6042375100_R08C01	0.998646
6042375101_R01C01	0.99751
6042375101_R02C01	0.997968
6042375101_R03C01	0.998728
6042375101_R04C01	0.997973
6042375101_R05C01	0.997986
6042375101_R06C01	0.992961
6042375101_R07C01	0.998448
6042375101_R08C01	0.997953
6042375104_R01C01	0.997639
6042375104_R02C01	0.997912
6042375104_R03C01	0.997953
6042375104_R04C01	0.997601
6042375104_R06C01	0.997218
6042375104_R08C01	0.997833
6042375137_R01C01	0.997973
6042375137_R02C01	0.998977
6042375137_R03C01	0.998241
6042375137_R05C01	0.995672
6042375137_R06C01	0.998223
6042375137_R07C01	0.998488
6042375137_R08C01	0.998545
6042375138_R01C01	0.998342
6042375138_R02C01	0.998663
6042375138_R03C01	0.996238
6042375138_R04C01	0.998033
6042375138_R05C01	0.998307
6042375138_R06C01	0.995093
6042375138_R07C01	0.998475
6042375138_R08C01	0.997377
6042375146_R01C01	0.99815
6042375146_R02C01	0.997645
6042375146_R03C01	0.997971
6042375146_R04C01	0.997735
6042375146_R05C01	0.99819
6042375146_R06C01	0.998109
6042375146_R07C01	0.998135
6042375146_R08C01	0.998257
6130471012_R01C01	0.998093
6130471012_R02C01	0.998783
6130471012_R03C01	0.996306
6130471012_R04C01	0.997592
6130471012_R05C01	0.997887
6130471012_R06C01	0.998136
6130471012_R07C01	0.997878
6130471012_R08C01	0.99753
6130471070_R01C01	0.998419
6130471070_R02C01	0.99221
6130471070_R03C01	0.998538
6130471070_R04C01	0.998363
6130471070_R05C01	0.997678
6130471070_R06C01	0.996301
6130471070_R07C01	0.997703
6130471070_R08C01	0.99831
6130471071_R01C01	0.996796
6130471071_R02C01	0.996219
6130471071_R03C01	0.997829
6130471071_R05C01	0.997402
6130471071_R06C01	0.995924
6130471071_R07C01	0.996424
6130471110_R01C01	0.998241
6130471110_R02C01	0.996997
6130471110_R04C01	0.99806
6130471110_R05C01	0.996259
6130471110_R06C01	0.998256
6130471110_R07C01	0.997103
6130471110_R08C01	0.995109
6130471129_R01C01	0.996884
6130471129_R02C01	0.99857
6130471129_R03C01	0.997324
6130471129_R04C01	0.997013
6130471129_R05C01	0.996253
6130471129_R06C01	0.998405
6130471129_R07C01	0.995185
6130471129_R08C01	0.998427
6135563011_R01C01	0.997647
6135563011_R02C01	0.998018
6135563011_R03C01	0.997331
6135563011_R04C01	0.998152
6135563011_R06C01	0.997833
6135563011_R07C01	0.998119
6135563011_R08C01	0.996671
6135563012_R02C01	0.998027
6135563012_R04C01	0.995055
6135563012_R05C01	0.997999
6135563012_R06C01	0.99794
6135563012_R07C01	0.997669
6135563012_R08C01	0.993256
6135563014_R02C01	0.998902
6135563014_R03C01	0.998557
6135563014_R04C01	0.998038
6135563014_R05C01	0.997724
6135563014_R06C01	0.998072
6135563014_R07C01	0.99823
6135563014_R08C01	0.998562
6135563015_R02C01	0.99712
6135563015_R04C01	0.996598
6135563015_R05C01	0.997206
6135563015_R06C01	0.997318
6135563015_R07C01	0.998101
6135563015_R08C01	0.997353
6135563041_R01C01	0.998766
6135563041_R03C01	0.998419
6135563041_R04C01	0.998445
6135563041_R05C01	0.998473
6135563041_R06C01	0.99863
6135571025_R01C01	0.993035
6135571025_R03C01	0.996628
6135571025_R04C01	0.998005
6135571025_R07C01	0.997769
6135571025_R08C01	0.998526
6135580001_R01C01	0.997798
6135580001_R02C01	0.998772
6135580001_R03C01	0.998245
6135580001_R04C01	0.998117
6135580001_R05C01	0.997807
6135580001_R06C01	0.998792
6135580001_R07C01	0.998569
6135580001_R08C01	0.998366
6135580011_R01C01	0.997496
6135580011_R02C01	0.997521
6135580011_R03C01	0.997946
6135580011_R04C01	0.997948
6135580011_R05C01	0.998187
6135580011_R07C01	0.998138
6135580011_R08C01	0.996304
6135580017_R01C01	0.998586
6135580017_R02C01	0.998953
6135580017_R03C01	0.998015
6135580017_R04C01	0.998373
6135580017_R05C01	0.99833
6135580017_R06C01	0.998233
6135580017_R07C01	0.997527
6135580017_R08C01	0.997975
6135580027_R01C01	0.998133
6135580027_R02C01	0.997184
6135580027_R03C01	0.998572
6135580027_R04C01	0.998571
6135580027_R05C01	0.997935
6135580027_R06C01	0.997459
6135580027_R07C01	0.998283
6135580027_R08C01	0.998498
6135580057_R01C01	0.997436
6135580057_R02C01	0.997071
6135580057_R03C01	0.9988
6135580057_R04C01	0.997712
6135580057_R05C01	0.998724
6135580057_R06C01	0.997807
6135580057_R07C01	0.99774
6135580057_R08C01	0.998447
6135580073_R01C01	0.998582
6135580073_R03C01	0.996858
6135580073_R04C01	0.997675
6135580073_R05C01	0.998368
6135580073_R06C01	0.99864
6135580073_R07C01	0.997972
6135580073_R08C01	0.998178
6135580082_R01C01	0.99814
6135580082_R02C01	0.998393
6135580082_R03C01	0.996938
6135580082_R04C01	0.997404
6135580082_R06C01	0.996084
6135580082_R07C01	0.997338
6135580082_R08C01	0.998565
6135580098_R01C01	0.998356
6135580098_R02C01	0.998632
6135580098_R04C01	0.997885
6135580098_R05C01	0.998307
6135580098_R06C01	0.99795
6135580098_R07C01	0.99781
6135580098_R08C01	0.997864
6135580116_R02C01	0.994534
6135580116_R03C01	0.998412
6135580116_R05C01	0.99755
6135580116_R06C01	0.997825
6135580116_R08C01	0.997621
6135580117_R02C01	0.996761
6135580117_R03C01	0.997614
6135580117_R04C01	0.998033
6135580117_R05C01	0.998353
6135580117_R06C01	0.997793
6135580118_R01C01	0.996544
6135580118_R02C01	0.996352
6135580118_R04C01	0.997215
6135580118_R05C01	0.998578
6135580118_R06C01	0.997366
6135580118_R08C01	0.997432
6135580123_R02C01	0.997356
6135580123_R04C01	0.997892
6135580123_R05C01	0.997383
6135580123_R07C01	0.994929
6135580123_R08C01	0.996473
6135580144_R01C01	0.997463
6135580144_R08C01	0.997854
6135580145_R06C01	0.997897
6135580145_R08C01	0.992278
6135601008_R01C01	0.997983
6135601008_R02C01	0.993362
6135601008_R03C01	0.997481
6135601008_R04C01	0.997174
6135601008_R06C01	0.998449
6135601008_R07C01	0.998694
6135601008_R08C01	0.997944
6135601009_R01C01	0.998537
6135601009_R02C01	0.996825
6135601009_R03C01	0.998873
6135601009_R04C01	0.998321
6135601009_R05C01	0.99684
6135601009_R06C01	0.998085
6135601009_R07C01	0.997964
6135601009_R08C01	0.997406
6135601012_R04C01	0.997854
6135601012_R05C01	0.998949
6135601012_R06C01	0.998227
6135601012_R07C01	0.993667
6135601018_R03C01	0.998338
6135601018_R05C01	0.998197
6135601018_R07C01	0.988314
6135601018_R08C01	0.994327
6135601027_R03C01	0.997424
6135601027_R04C01	0.998013
6135601027_R05C01	0.997638
6135601027_R07C01	0.998203
6135601034_R01C01	0.998972
6135601034_R02C01	0.997714
6135601034_R03C01	0.996767
6135601034_R04C01	0.998485
6135601034_R06C01	0.99791
6135601045_R01C01	0.998829
6135601045_R02C01	0.998142
6135601045_R03C01	0.997095
6135601045_R04C01	0.997547
6135601045_R05C01	0.997321
6135601045_R07C01	0.998544
6135601045_R08C01	0.997018
6135601049_R01C01	0.998516
6135601049_R02C01	0.99733
6135601049_R03C01	0.997781
6135601049_R05C01	0.992881
6135601049_R06C01	0.998167
6135601049_R07C01	0.99731
6135601049_R08C01	0.997661
6135601060_R01C01	0.996444
6135601060_R03C01	0.99765
6135601060_R04C01	0.98353
6135601060_R05C01	0.995378
6135601060_R06C01	0.996291
6135601066_R01C01	0.997624
6135601066_R02C01	0.995978
6135601066_R03C01	0.998194
6135601066_R04C01	0.997689
6135601066_R05C01	0.9969
6135601066_R06C01	0.998182
6135601066_R07C01	0.996851
6135601066_R08C01	0.99877
6135601080_R01C01	0.99791
6135601080_R02C01	0.99418
6135601080_R03C01	0.998491
6135601080_R07C01	0.997768
6135601080_R08C01	0.998414
6135601081_R01C01	0.998285
6135601081_R02C01	0.998621
6135601081_R03C01	0.998239
6135601081_R04C01	0.998043
6135601081_R05C01	0.998503
6135601081_R07C01	0.998137
6135601081_R08C01	0.99806
6135601082_R02C01	0.998913
6135601082_R03C01	0.99817
6135601082_R04C01	0.997841
6135601082_R05C01	0.997652
6135601082_R06C01	0.997079
6135601082_R07C01	0.997691
6135601082_R08C01	0.997661
6135601086_R01C01	0.996528
6135601086_R03C01	0.998106
6135601086_R04C01	0.998329
6135601086_R05C01	0.995012
6135601086_R07C01	0.997213
6135601094_R05C01	0.997098
6135601094_R06C01	0.989757
6135601108_R01C01	0.996791
6135601108_R02C01	0.997548
6135601108_R03C01	0.998445
6135601108_R04C01	0.99828
6135601108_R05C01	0.998332
6135601108_R06C01	0.996449
6135601108_R07C01	0.997563
6135601108_R08C01	0.997306
6135601115_R02C01	0.997492
6135601115_R04C01	0.997096
6135601115_R06C01	0.997607
6135601115_R07C01	0.998014
6135601115_R08C01	0.998853
6135601116_R01C01	0.997586
6135601116_R02C01	0.997944
6135601116_R05C01	0.9976
6135601116_R07C01	0.998047
6135601116_R08C01	0.998394
6135601117_R01C01	0.996837
6135601117_R05C01	0.998464
6135601117_R06C01	0.996579
6135601117_R07C01	0.997959
6135601117_R08C01	0.998227
6135601120_R03C01	0.997939
6135601120_R04C01	0.998288
6135601120_R06C01	0.997838
6135601120_R07C01	0.996923
6135601120_R08C01	0.997958
6135601124_R01C01	0.997635
6135601124_R02C01	0.997319
6135601124_R03C01	0.997729
6135601124_R04C01	0.997792
6135601124_R05C01	0.997772
6135601124_R06C01	0.997616
6135601124_R07C01	0.997157
6135601124_R08C01	0.998233
6135601130_R01C01	0.998689
6135601130_R02C01	0.992584
6135601130_R03C01	0.998198
6135601130_R04C01	0.998231
6135601130_R05C01	0.998113
6135601130_R06C01	0.998066
6135601130_R07C01	0.998126
6135601130_R08C01	0.997927
6135601149_R01C01	0.997354
6135601149_R02C01	0.998087
6135601149_R06C01	0.995762
6135601149_R08C01	0.997708
6135601151_R01C01	0.998081
6135601151_R02C01	0.998144
6135601151_R03C01	0.998168
6135601151_R04C01	0.99832
6135601151_R05C01	0.999016
6135601151_R06C01	0.997732
6135601151_R07C01	0.99705
6135601151_R08C01	0.997318
6135601153_R03C01	0.997595
6135601153_R05C01	0.997588
6135601153_R06C01	0.993115
6135601153_R07C01	0.997408
6135601153_R08C01	0.998889
6135601156_R01C01	0.997508
6135601156_R02C01	0.997788
6135601156_R03C01	0.997577
6135601156_R04C01	0.99742
6135601156_R05C01	0.998607
6135601156_R06C01	0.998108
6135601156_R08C01	0.99854
6135601162_R01C01	0.994279
6135601162_R02C01	0.997753
6135601162_R04C01	0.998217
6135601162_R05C01	0.996881
6135601162_R06C01	0.996928
6135601162_R07C01	0.998105
6135601162_R08C01	0.997594
6135601167_R02C01	0.997836
6135601167_R03C01	0.997796
6135601167_R04C01	0.997891
6135601167_R05C01	0.995842
6135601167_R06C01	0.997589
6135601167_R07C01	0.997003
6147054060_R01C01	0.997743
6147054060_R02C01	0.997918
6147054060_R03C01	0.998111
6147054060_R04C01	0.998638
6147054060_R05C01	0.994157
6147054060_R07C01	0.998094
6147054060_R08C01	0.998405
6147054122_R01C01	0.996732
6147054122_R02C01	0.997703
6147054122_R03C01	0.996546
6147054122_R04C01	0.997973
6147054122_R05C01	0.99866
6147054122_R06C01	0.998172
6147054122_R07C01	0.998065
6147054122_R08C01	0.997623
6147054149_R01C01	0.997707
6147054149_R02C01	0.998061
6147054149_R07C01	0.997458
6147054149_R08C01	0.997163
6147054150_R01C01	0.997888
6147054150_R02C01	0.997966
6147054150_R03C01	0.99875
6147054150_R04C01	0.998112
6147054150_R05C01	0.998586
6147054150_R06C01	0.997963
6147054150_R07C01	0.997617
6147054150_R08C01	0.998177
6147062005_R03C01	0.99852
6147062005_R04C01	0.997799
6147062005_R06C01	0.997773
6147062005_R07C01	0.99785
6147062010_R01C01	0.997973
6147062010_R02C01	0.998941
6147062010_R03C01	0.998051
6147062010_R04C01	0.996472
6147062010_R05C01	0.998877
6147062010_R06C01	0.998241
6147062010_R07C01	0.998347
6147062010_R08C01	0.997682
6147062028_R03C01	0.997648
6147062037_R01C01	0.997449
6147062037_R02C01	0.994722
6147062037_R03C01	0.99821
6147062037_R04C01	0.997715
6147062037_R05C01	0.997068
6147062037_R06C01	0.996918
6147062037_R07C01	0.997854
6147062055_R01C01	0.996435
6147062055_R02C01	0.997187
6147062055_R04C01	0.997152
6147062055_R07C01	0.997941
6147062055_R08C01	0.998414
6147062102_R01C01	0.99819
6147062102_R02C01	0.997822
6147062102_R03C01	0.998544
6147062102_R04C01	0.998476
6147062102_R05C01	0.998064
6147062102_R06C01	0.99846
6147062133_R01C01	0.996757
6147062133_R02C01	0.998865
6147062133_R03C01	0.998468
6147062133_R05C01	0.998204
6147062133_R06C01	0.998622
6147062134_R01C01	0.998533
6147062134_R02C01	0.998815
6147062134_R03C01	0.998785
6147062134_R06C01	0.997033
6147062134_R07C01	0.998329
6147062134_R08C01	0.99765
6147062135_R01C01	0.998001
6147062135_R02C01	0.998638
6147062135_R04C01	0.998008
6147062135_R05C01	0.998023
6147062135_R06C01	0.995004
6147062135_R08C01	0.997986
6147062147_R01C01	0.993071
6147062147_R03C01	0.997987
6147062147_R04C01	0.997816
6147062147_R05C01	0.998425
6147062147_R06C01	0.99779
6147062147_R07C01	0.995927
6147062147_R08C01	0.99829
6147062162_R01C01	0.998465
6147062162_R03C01	0.997629
6147062162_R05C01	0.997857
6147062162_R06C01	0.997916
6147062162_R07C01	0.997644
6147062167_R02C01	0.998374
6147062167_R03C01	0.998365
6147062167_R04C01	0.998021
6147062167_R05C01	0.997799
6147062167_R06C01	0.995963
6147062167_R08C01	0.996997
6147071002_R01C01	0.998007
6147071002_R02C01	0.992612
6147071002_R03C01	0.998481
6147071002_R05C01	0.997367
6147071002_R06C01	0.99756
6147071002_R07C01	0.998656
6147071002_R08C01	0.998129
6147071043_R03C01	0.998095
6147071043_R05C01	0.997039
6147071043_R08C01	0.998552
6147071044_R01C01	0.998071
6147071044_R02C01	0.9984
6147071044_R03C01	0.998184
6147071044_R04C01	0.998095
6147071044_R06C01	0.997919
6147071044_R07C01	0.997524
6147071044_R08C01	0.997671
6147071047_R01C01	0.997647
6147071047_R02C01	0.998095
6147071047_R05C01	0.997346
6147071047_R06C01	0.998522
6147071047_R07C01	0.997751
6147071047_R08C01	0.996049
6147071059_R02C01	0.997488
6147071059_R03C01	0.997406
6147071059_R04C01	0.997713
6147071059_R07C01	0.997975
6147071059_R08C01	0.997483
6147071060_R02C01	0.998376
6147071060_R03C01	0.997634
6147071060_R04C01	0.996895
6147071060_R05C01	0.99819
6147071060_R06C01	0.997264
6147071060_R07C01	0.997835
6147071060_R08C01	0.995063
6147071101_R01C01	0.99884
6147071101_R02C01	0.996491
6147071101_R04C01	0.997195
6147071101_R05C01	0.998238
6147071101_R06C01	0.997581
6147071101_R07C01	0.998194
6147071101_R08C01	0.995163
6147071123_R01C01	0.99688
6147071123_R02C01	0.998465
6147071123_R03C01	0.997993
6147071123_R04C01	0.998106
6147071123_R05C01	0.999017
6147071123_R06C01	0.998382
6147071123_R07C01	0.998628
6147071123_R08C01	0.99475
6147071155_R01C01	0.997707
6147071155_R02C01	0.998326
6147071155_R03C01	0.997935
6147071155_R04C01	0.997897
6147071155_R06C01	0.99843
6147071155_R07C01	0.997393
6147071155_R08C01	0.997741
6147071157_R01C01	0.998423
6147071157_R02C01	0.998583
6147071157_R03C01	0.998294
6147071157_R04C01	0.998397
6147071157_R05C01	0.997618
6147071157_R06C01	0.998016
6147071157_R07C01	0.998593
6147071157_R08C01	0.997936
6160275010_R02C01	0.997387
6160275010_R03C01	0.998255
6160275010_R04C01	0.996159
6160275010_R05C01	0.997763
6160275010_R06C01	0.997589
6160275010_R07C01	0.997782
6160275010_R08C01	0.998006
6160275012_R02C01	0.998248
6160275012_R03C01	0.996508
6160275012_R04C01	0.997761
6160275012_R05C01	0.996524
6160275012_R06C01	0.99657
6160275012_R07C01	0.998511
6160275012_R08C01	0.998777
6160275019_R01C01	0.998386
6160275019_R02C01	0.998502
6160275019_R03C01	0.998785
6160275019_R04C01	0.99815
6160275019_R05C01	0.997131
6160275019_R06C01	0.997409
6160275019_R07C01	0.997159
6160275020_R01C01	0.998018
6160275020_R02C01	0.99789
6160275020_R03C01	0.998436
6160275020_R04C01	0.998262
6160275020_R05C01	0.997974
6160275020_R06C01	0.997271
6160275020_R07C01	0.998119
6160275020_R08C01	0.998745
6160275021_R01C01	0.996889
6160275021_R02C01	0.996851
6160275021_R03C01	0.998437
6160275021_R04C01	0.997784
6160275021_R05C01	0.997402
6160275021_R06C01	0.998442
6160275021_R07C01	0.998564
6160275021_R08C01	0.997716
6160275022_R01C01	0.997982
6160275022_R02C01	0.99778
6160275022_R03C01	0.998288
6160275022_R04C01	0.998162
6160275022_R05C01	0.998028
6160275022_R06C01	0.998037
6160275022_R07C01	0.997961
6160275022_R08C01	0.998593
6160275043_R01C01	0.998011
6160275043_R02C01	0.998233
6160275043_R03C01	0.998462
6160275043_R04C01	0.998317
6160275043_R05C01	0.997803
6160275043_R06C01	0.997863
6160275043_R08C01	0.99549
6160275044_R01C01	0.99693
6160275044_R02C01	0.998346
6160275044_R03C01	0.998205
6160275044_R04C01	0.997687
6160275044_R05C01	0.997911
6160275044_R06C01	0.998506
6160275044_R07C01	0.998653
6160275044_R08C01	0.997141
6160275046_R01C01	0.997057
6160275046_R02C01	0.997718
6160275046_R03C01	0.99749
6160275046_R05C01	0.993539
6160275046_R06C01	0.998049
6160275046_R07C01	0.998106
6160275058_R01C01	0.996743
6160275058_R02C01	0.998282
6160275058_R03C01	0.99747
6160275058_R04C01	0.997602
6160275058_R05C01	0.998372
6160275058_R06C01	0.9979
6160275058_R07C01	0.997985
6160275058_R08C01	0.998065
6160275059_R01C01	0.998412
6160275059_R02C01	0.998512
6160275059_R03C01	0.997423
6160275059_R04C01	0.998484
6160275059_R05C01	0.998027
6160275059_R06C01	0.998125
6160275059_R07C01	0.998421
6160275059_R08C01	0.998211
6160275060_R01C01	0.998165
6160275060_R02C01	0.997882
6160275060_R03C01	0.997866
6160275060_R04C01	0.999281
6160275060_R05C01	0.997637
6160275060_R06C01	0.998211
6160275060_R07C01	0.998215
6160275060_R08C01	0.997665
6160304032_R01C01	0.997907
6160304032_R02C01	0.996159
6160304032_R03C01	0.997931
6160304032_R04C01	0.998393
6160304032_R05C01	0.997227
6160304032_R07C01	0.998049
6160304032_R08C01	0.998756
6160304033_R01C01	0.998545
6160304033_R02C01	0.998638
6160304033_R03C01	0.99764
6160304033_R04C01	0.9977
6160304033_R05C01	0.995282
6160304033_R06C01	0.998569
6160304033_R07C01	0.998264
6160304033_R08C01	0.99757
6164663042_R01C01	0.992963
6164663042_R02C01	0.997166
6164663042_R03C01	0.997651
6164663042_R04C01	0.997867
6164663042_R05C01	0.997918
6164663042_R06C01	0.996137
6164663042_R07C01	0.998766
6164663042_R08C01	0.997264
6165295013_R01C01	0.998325
6165295013_R02C01	0.997312
6165295013_R03C01	0.998171
6165295013_R04C01	0.998524
6165295013_R06C01	0.997513
6165295019_R01C01	0.996781
6165295019_R02C01	0.997817
6165295019_R04C01	0.997689
6165295019_R05C01	0.998416
6165295019_R06C01	0.997954
6165295019_R07C01	0.997794
6165295019_R08C01	0.998278
6165295021_R01C01	0.991178
6165295021_R02C01	0.998396
6165295021_R03C01	0.998146
6165295021_R04C01	0.997057
6165295021_R05C01	0.997784
6165295021_R06C01	0.998253
6165295021_R07C01	0.998128
6165295021_R08C01	0.997224
6165295023_R01C01	0.996025
6165295023_R02C01	0.995792
6165295023_R03C01	0.998056
6165295023_R04C01	0.998137
6165295023_R05C01	0.992332
6165295023_R06C01	0.997758
6165295023_R07C01	0.998227
6165295023_R08C01	0.998932
6165295050_R01C01	0.996837
6165295050_R02C01	0.992651
6165295050_R03C01	0.996638
6165295050_R04C01	0.998611
6165295050_R05C01	0.998067
6165295050_R06C01	0.99804
6165295050_R07C01	0.997192
6165295050_R08C01	0.998246
6165295051_R01C01	0.995609
6165295051_R03C01	0.99744
6165295051_R04C01	0.997805
6165295051_R05C01	0.997371
6165295051_R07C01	0.996532
6165295051_R08C01	0.996453
6171492001_R02C01	0.990598
6171492001_R03C01	0.996574
6171492001_R05C01	0.99728
6171492001_R07C01	0.997443
6171492013_R02C01	0.998167
6171492013_R03C01	0.997824
6171492013_R04C01	0.99817
6171492013_R07C01	0.997011
6171492013_R08C01	0.998473
6171492015_R01C01	0.997864
6171492015_R02C01	0.996612
6171492015_R03C01	0.998585
6171492015_R04C01	0.997726
6171492015_R05C01	0.997222
6171492015_R06C01	0.998159
6171492015_R07C01	0.997691
6171492015_R08C01	0.99806
6171492016_R01C01	0.997596
6171492016_R02C01	0.997914
6171492016_R03C01	0.997518
6171492016_R04C01	0.996407
6171492016_R05C01	0.998166
6171492016_R06C01	0.997737
6171492016_R07C01	0.997942
6171492017_R02C01	0.997694
6171492017_R03C01	0.993118
6171492017_R04C01	0.998581
6171492017_R05C01	0.998161
6171492017_R06C01	0.997732
6171492017_R07C01	0.998258
6171492017_R08C01	0.996676
6171492025_R01C01	0.998343
6171492025_R02C01	0.998057
6171492025_R03C01	0.997914
6171492025_R04C01	0.994567
6171492025_R05C01	0.997419
6171492025_R06C01	0.998263
6171492025_R07C01	0.99813
6171492025_R08C01	0.998261
6171492029_R01C01	0.998418
6171492029_R02C01	0.997806
6171492029_R04C01	0.99856
6171492029_R05C01	0.998167
6171492029_R06C01	0.998303
6171492029_R08C01	0.997493
6171492039_R03C01	0.997802
6171492039_R04C01	0.997024
6171492039_R05C01	0.997919
6171492039_R06C01	0.987946
6171492039_R07C01	0.998114
6171492043_R02C01	0.998132
6171492043_R03C01	0.994938
6171492043_R04C01	0.996586
6171492043_R05C01	0.998399
6171492043_R06C01	0.998013
6171492043_R07C01	0.995651
6171492043_R08C01	0.997877
6171492045_R01C01	0.997723
6171492045_R02C01	0.997604
6171492045_R05C01	0.998448
6171492045_R08C01	0.997293
6171492048_R06C01	0.984883
6171492048_R08C01	0.976942
6171492049_R01C01	0.99795
6171492049_R02C01	0.998393
6171492049_R03C01	0.997505
6171492049_R04C01	0.993482
6171492049_R05C01	0.998283
6171492049_R06C01	0.999195
6171492049_R07C01	0.997053
6171492049_R08C01	0.997538
6171492050_R01C01	0.998313
6171492050_R02C01	0.998443
6171492050_R05C01	0.997852
6171492050_R06C01	0.99866
6171492050_R07C01	0.998429
6171492050_R08C01	0.996266
6171492053_R01C01	0.997956
6171492053_R02C01	0.998437
6171492053_R03C01	0.998187
6171492053_R04C01	0.997466
6171492053_R05C01	0.998173
6171492053_R06C01	0.996863
6171492053_R07C01	0.998387
6171492053_R08C01	0.998327
6171492055_R01C01	0.997715
6171492055_R02C01	0.995622
6171492055_R03C01	0.998562
6171492055_R04C01	0.998545
6171492055_R06C01	0.998611
6171492055_R07C01	0.997757
6171492055_R08C01	0.997485
6171492056_R01C01	0.997928
6171492056_R02C01	0.998572
6171492056_R03C01	0.998366
6171492056_R04C01	0.998735
6171492056_R05C01	0.998155
6171492056_R08C01	0.99713
6171492059_R01C01	0.99829
6171492059_R02C01	0.998225
6171492059_R04C01	0.998394
6171492059_R05C01	0.997527
6171492059_R06C01	0.997682
6171492059_R07C01	0.997936
6171492059_R08C01	0.998016
6171492060_R01C01	0.998602
6171492060_R02C01	0.997628
6171492060_R03C01	0.994221
6171492060_R04C01	0.998168
6171492060_R05C01	0.997515
6171492060_R08C01	0.99223
6171492068_R01C01	0.998272
6171492068_R02C01	0.998664
6171492068_R03C01	0.997132
6171492068_R04C01	0.996825
6171492068_R05C01	0.999319
6171492068_R06C01	0.997903
6171492068_R08C01	0.997508
6171492069_R02C01	0.997169
6171492069_R06C01	0.996749
6171492069_R07C01	0.997672
6171492069_R08C01	0.997658
6171492072_R03C01	0.997825
6171492072_R04C01	0.998394
6171492072_R05C01	0.998244
6171492072_R06C01	0.997071
6171492072_R08C01	0.998357
6171492074_R01C01	0.998383
6171492074_R02C01	0.99805
6171492074_R03C01	0.998282
6171492074_R04C01	0.998166
6171492074_R05C01	0.997923
6171492074_R07C01	0.998035
6171492074_R08C01	0.998566
6171492075_R01C01	0.998413
6171492075_R03C01	0.997371
6171492075_R05C01	0.998273
6171492075_R06C01	0.977459
6171492075_R08C01	0.997953
6171492077_R01C01	0.99762
6171492077_R02C01	0.997456
6171492077_R03C01	0.99758
6171492077_R07C01	0.997515
6171492077_R08C01	0.997559
6171492078_R01C01	0.997627
6171492078_R02C01	0.998141
6171492078_R03C01	0.998083
6171492078_R05C01	0.997456
6171492078_R06C01	0.997502
6171492078_R07C01	0.99762
6171492078_R08C01	0.997964
6171492079_R01C01	0.998573
6171492079_R03C01	0.997854
6171492079_R04C01	0.999053
6171492079_R05C01	0.997686
6171492079_R06C01	0.997034
6171492079_R07C01	0.998738
6171492079_R08C01	0.985098
6171492084_R01C01	0.997234
6171492084_R02C01	0.998492
6171492084_R03C01	0.997666
6171492084_R04C01	0.997268
6171492084_R05C01	0.997928
6171492084_R06C01	0.998313
6171492084_R08C01	0.998446
6171492086_R02C01	0.997337
6171492086_R05C01	0.99824
6171492086_R06C01	0.997542
6171492086_R07C01	0.998381
6171492086_R08C01	0.998283
6171492090_R01C01	0.998456
6171492090_R02C01	0.996784
6171492090_R03C01	0.998344
6171492090_R05C01	0.997983
6171492090_R06C01	0.996936
6171492090_R07C01	0.997928
6171492090_R08C01	0.998623
6171492100_R01C01	0.996988
6171492100_R03C01	0.99666
6171492100_R04C01	0.987011
6171492100_R05C01	0.996773
6171492100_R08C01	0.997968
6172882004_R01C01	0.998062
6172882004_R02C01	0.998178
6172882004_R03C01	0.996692
6172882004_R06C01	0.991849
6172882004_R07C01	0.998303
6172882004_R08C01	0.998012
6172882009_R01C01	0.998311
6172882009_R02C01	0.997062
6172882009_R03C01	0.998737
6172882009_R04C01	0.99782
6172882009_R05C01	0.997585
6172882009_R06C01	0.997568
6172882009_R07C01	0.997956
6172882009_R08C01	0.996904
6172882050_R01C01	0.998129
6172882050_R02C01	0.998593
6172882050_R03C01	0.998397
6172882050_R04C01	0.995276
6172882050_R05C01	0.997619
6172882050_R06C01	0.998236
6172882050_R08C01	0.997057
6172882051_R01C01	0.997633
6172882051_R02C01	0.998051
6172882051_R04C01	0.99849
6172882051_R05C01	0.996117
6172882051_R06C01	0.998345
6172882051_R07C01	0.998682
6172882051_R08C01	0.997325
6186483013_R01C01	0.995488
6186483013_R02C01	0.997561
6186483013_R03C01	0.992262
6186483013_R04C01	0.997656
6186483013_R05C01	0.996238
6186483013_R06C01	0.998518
6186483013_R07C01	0.998268
6186483013_R08C01	0.997915
6186483032_R03C01	0.998022
6186483032_R04C01	0.996985
6186483032_R05C01	0.998466
6186483032_R06C01	0.998319
6186483032_R07C01	0.996833
6186483032_R08C01	0.992943
6186483043_R01C01	0.977541
6186483043_R04C01	0.98969
6186483043_R05C01	0.998182
6186483043_R06C01	0.997019
6186483043_R08C01	0.997379
6186483051_R01C01	0.999047
6186483051_R08C01	0.99734
6186483068_R01C01	0.994807
6186483068_R02C01	0.998876
6186483068_R03C01	0.997193
6186483090_R01C01	0.998504
6186483090_R02C01	0.997955
6186483090_R03C01	0.99835
6186483090_R04C01	0.998518
6186483090_R06C01	0.997878
6186483090_R07C01	0.998349
6186483090_R08C01	0.998257
6186483093_R02C01	0.984592
6186483093_R03C01	0.996564
6186483093_R05C01	0.997754
6186483093_R06C01	0.997969
6186483093_R08C01	0.998545
6186483099_R01C01	0.997726
6186483099_R03C01	0.997689
6186483099_R04C01	0.997732
6186483099_R05C01	0.996586
6186483099_R07C01	0.997826
6186483099_R08C01	0.99776
6186483101_R01C01	0.996663
6186483101_R02C01	0.997297
6186483101_R03C01	0.993858
6186483101_R04C01	0.998419
6186483101_R05C01	0.994755
6186483101_R06C01	0.98997
6186483101_R08C01	0.998395
6186483132_R01C01	0.984522
6247194011_R02C01	0.997803
6247194011_R03C01	0.998054
6247194011_R04C01	0.997159
6247194011_R05C01	0.996983
6247194011_R07C01	0.995201
6247194011_R08C01	0.997725
6247194028_R01C01	0.996899
6247194028_R02C01	0.994039
6247194028_R03C01	0.99874
6247194028_R04C01	0.99808
6247194028_R06C01	0.997842
6247194028_R07C01	0.998058
6247194028_R08C01	0.998769
6247194031_R01C01	0.997176
6247194031_R02C01	0.998249
6247194031_R03C01	0.998157
6247194031_R05C01	0.997545
6247194031_R06C01	0.998417
6247194031_R07C01	0.998225
6247194043_R02C01	0.997992
6247194043_R03C01	0.998215
6247194043_R04C01	0.99698
6247194043_R07C01	0.998324
6247194043_R08C01	0.99812
6247194064_R01C01	0.997457
6247194064_R03C01	0.997223
6247194064_R04C01	0.998453
6247194064_R05C01	0.997891
6247194064_R06C01	0.998722
6247194064_R07C01	0.998513
6247194064_R08C01	0.998579
6247194098_R01C01	0.997946
6247194098_R02C01	0.998744
6247194098_R03C01	0.997042
6247194098_R04C01	0.998618
6247194098_R05C01	0.997875
6247194098_R06C01	0.999087
6247194098_R07C01	0.997712
6247194098_R08C01	0.998797
6247194107_R03C01	0.994343
6247194107_R05C01	0.990279
6247194107_R07C01	0.997054
6247194115_R02C01	0.99756
6247194115_R04C01	0.993628
6247194115_R05C01	0.997876
6247194115_R06C01	0.99825
6247194115_R08C01	0.99718
6247194117_R02C01	0.997901
6247194117_R03C01	0.999024
6247194117_R04C01	0.995188
6247194117_R05C01	0.998222
6247194117_R07C01	0.997728
6247194117_R08C01	0.997307
6247194118_R05C01	0.996546
6247194118_R08C01	0.996474
6264533042_R07C01	0.997587
6264533048_R01C01	0.997416
6264533048_R03C01	0.99797
6264533048_R04C01	0.998517
6264533048_R05C01	0.99717
6264533048_R06C01	0.99854
6264533048_R07C01	0.997325
6264533048_R08C01	0.99845
6264533060_R03C01	0.996843
6264533060_R05C01	0.997228
6264533060_R06C01	0.996199
6264533060_R07C01	0.996886
6264533060_R08C01	0.997966
6264533086_R01C01	0.975038
6264533086_R03C01	0.997956
6264533086_R05C01	0.992652
6264550046_R02C01	0.997014
6264550046_R03C01	0.99665
6264550046_R04C01	0.997519
6264550046_R07C01	0.996739
