                      +-----------------------------+
                      |                             |
                      |   Eagle v2.4.1              |
                      |   November 18, 2018         |
                      |   Po-Ru Loh                 |
                      |                             |
                      +-----------------------------+

Copyright (C) 2015-2018 Harvard University.
Distributed under the GNU GPLv3+ open source license.

Command line options:

eagle \
    --vcfRef=/BIODATA/StudentsHome/kevine/GWAS/Git/GWAS/1000G/ALL.chr9.phase3_integrated.20130502.genotypes.bcf \
    --vcfTarget=qc-camgwas-updated.vcf.gz \
    --geneticMapFile=tables/genetic_map_hg19_withX.txt.gz \
    --outPrefix=chr9-phased_wref \
    --chrom=9 \
    --pbwtIters=10 \
    --numThreads=90 \
    --Kpbwt=50000 \
    --vcfOutFormat=z 

Setting number of threads to 90
[W::bcf_hdr_check_sanity] PL should be declared as Number=G

Reference samples: Nref = 2504
Target samples: Ntarget = 1185
SNPs to analyze: M = 71041 SNPs in both target and reference

SNPs ignored: 0 SNPs in target but not reference
              1992981 SNPs in reference but not target
              0 multi-allelic SNPs in target

Missing rate in target genotypes: 0.00440589

Filling in genetic map coordinates using reference file:
  tables/genetic_map_hg19_withX.txt.gz
Physical distance range: 141048463 base pairs
Genetic distance range:  180.442 cM
Average # SNPs per cM:   394
Number of <=(64-SNP, 1cM) segments: 1115
Average # SNPs per segment: 63

Time for reading input: 45.7633 sec

Fraction of heterozygous genotypes: 0.258468
Typical span of default 100-het history length: 0.98 cM
Setting --histFactor=1.02
Typical span of 101-het history length: 1.00 cM

BEGINNING PHASING

PHASING ITER 1 OF 10


Phasing target samples
................................................................................
Time for phasing iter 1: 912.445

PHASING ITER 2 OF 10


Phasing target samples
................................................................................
Time for phasing iter 2: 917.212

PHASING ITER 3 OF 10


Phasing target samples
................................................................................
Time for phasing iter 3: 875.901

PHASING ITER 4 OF 10


Phasing target samples
................................................................................
Time for phasing iter 4: 876.761

PHASING ITER 5 OF 10


Phasing target samples
................................................................................
Time for phasing iter 5: 860.784

PHASING ITER 6 OF 10


Phasing target samples
................................................................................
Time for phasing iter 6: 871.575

PHASING ITER 7 OF 10


Phasing target samples
................................................................................
Time for phasing iter 7: 862.421

PHASING ITER 8 OF 10


Phasing target samples
................................................................................
Time for phasing iter 8: 858.575

PHASING ITER 9 OF 10


Phasing target samples
................................................................................
Time for phasing iter 9: 857.428

PHASING ITER 10 OF 10


Phasing target samples
................................................................................
Time for phasing iter 10: 1066.55
Writing vcf.gz output to chr9-phased_wref.vcf.gz
Time for writing output: 11.1688
Total elapsed time for analysis = 9016.77 sec

Mean phase confidence of each target individual:
ID	PHASE_CONFIDENCE
6042341077_R01C01	0.997378
6042341077_R03C01	0.997974
6042341077_R04C01	0.995719
6042341077_R05C01	0.997515
6042341077_R06C01	0.997026
6042341077_R07C01	0.996423
6042341089_R01C01	0.9982
6042341089_R02C01	0.99743
6042341089_R03C01	0.997836
6042341089_R04C01	0.997496
6042341089_R05C01	0.99685
6042341089_R06C01	0.99582
6042341089_R07C01	0.995495
6042341089_R08C01	0.997556
6042341090_R01C01	0.997923
6042341090_R02C01	0.997093
6042341090_R03C01	0.99703
6042341090_R04C01	0.998296
6042341090_R05C01	0.997694
6042341090_R06C01	0.997785
6042341090_R07C01	0.996271
6042341090_R08C01	0.99611
6042341099_R01C01	0.998176
6042341099_R02C01	0.997668
6042341099_R03C01	0.997762
6042341099_R04C01	0.998266
6042341099_R05C01	0.997136
6042341099_R06C01	0.992855
6042341099_R07C01	0.995857
6042341099_R08C01	0.995458
6042341154_R06C01	0.99655
6042341154_R07C01	0.998107
6042341154_R08C01	0.998417
6042341162_R01C01	0.996858
6042341162_R02C01	0.997379
6042341162_R03C01	0.997807
6042341162_R04C01	0.998166
6042341162_R05C01	0.996487
6042341162_R06C01	0.997398
6042341162_R07C01	0.998339
6042341162_R08C01	0.998279
6042359084_R01C01	0.997959
6042359084_R02C01	0.9981
6042359084_R03C01	0.997398
6042359084_R04C01	0.997084
6042359084_R05C01	0.995687
6042359084_R06C01	0.997019
6042359084_R07C01	0.997308
6042359084_R08C01	0.99821
6042375002_R01C01	0.994518
6042375002_R02C01	0.997293
6042375002_R03C01	0.997384
6042375002_R04C01	0.997202
6042375002_R05C01	0.997526
6042375002_R06C01	0.997286
6042375002_R07C01	0.997925
6042375002_R08C01	0.997845
6042375003_R01C01	0.999136
6042375003_R02C01	0.997989
6042375003_R03C01	0.997224
6042375003_R04C01	0.997358
6042375003_R05C01	0.998691
6042375003_R06C01	0.998797
6042375003_R07C01	0.99719
6042375003_R08C01	0.99835
6042375012_R01C01	0.996482
6042375012_R02C01	0.998324
6042375012_R03C01	0.99669
6042375012_R04C01	0.997614
6042375012_R05C01	0.998484
6042375012_R06C01	0.996716
6042375013_R01C01	0.998183
6042375013_R02C01	0.997638
6042375013_R03C01	0.998099
6042375013_R04C01	0.997875
6042375013_R05C01	0.998074
6042375013_R06C01	0.996843
6042375013_R07C01	0.997959
6042375013_R08C01	0.996901
6042375014_R01C01	0.999177
6042375014_R02C01	0.997741
6042375014_R03C01	0.996992
6042375014_R04C01	0.997621
6042375014_R05C01	0.996775
6042375014_R06C01	0.997924
6042375014_R08C01	0.996911
6042375022_R01C01	0.997297
6042375022_R02C01	0.997752
6042375022_R03C01	0.996296
6042375022_R04C01	0.998022
6042375022_R05C01	0.9973
6042375022_R06C01	0.997475
6042375022_R07C01	0.996398
6042375023_R01C01	0.997786
6042375023_R02C01	0.997895
6042375023_R03C01	0.997472
6042375023_R04C01	0.997266
6042375023_R05C01	0.997944
6042375023_R06C01	0.996813
6042375023_R07C01	0.996544
6042375023_R08C01	0.997567
6042375024_R01C01	0.997981
6042375024_R02C01	0.997367
6042375024_R03C01	0.996749
6042375024_R04C01	0.996383
6042375024_R05C01	0.999006
6042375024_R06C01	0.996592
6042375024_R07C01	0.994734
6042375024_R08C01	0.996615
6042375025_R01C01	0.997241
6042375025_R02C01	0.997741
6042375025_R03C01	0.997599
6042375025_R04C01	0.997807
6042375025_R05C01	0.997006
6042375025_R06C01	0.998163
6042375025_R07C01	0.997682
6042375025_R08C01	0.997612
6042375029_R01C01	0.99764
6042375029_R02C01	0.997915
6042375029_R03C01	0.997968
6042375029_R04C01	0.997655
6042375029_R05C01	0.997559
6042375029_R06C01	0.996247
6042375029_R07C01	0.99698
6042375029_R08C01	0.996452
6042375043_R01C01	0.998124
6042375043_R02C01	0.997546
6042375043_R04C01	0.997441
6042375043_R05C01	0.996691
6042375043_R07C01	0.996464
6042375043_R08C01	0.997794
6042375044_R01C01	0.995587
6042375044_R02C01	0.998721
6042375044_R03C01	0.997959
6042375044_R05C01	0.996399
6042375044_R06C01	0.996708
6042375044_R07C01	0.996961
6042375044_R08C01	0.9944
6042375045_R02C01	0.995403
6042375045_R03C01	0.995252
6042375045_R04C01	0.990861
6042375045_R05C01	0.997663
6042375045_R06C01	0.996591
6042375045_R07C01	0.997307
6042375045_R08C01	0.997881
6042375053_R01C01	0.997052
6042375053_R02C01	0.997734
6042375053_R03C01	0.995582
6042375053_R04C01	0.998128
6042375053_R05C01	0.997243
6042375053_R06C01	0.997478
6042375053_R07C01	0.99726
6042375053_R08C01	0.996153
6042375080_R01C01	0.998203
6042375080_R02C01	0.998071
6042375080_R03C01	0.99843
6042375080_R04C01	0.996703
6042375080_R05C01	0.997989
6042375080_R06C01	0.997544
6042375080_R07C01	0.997458
6042375080_R08C01	0.995948
6042375085_R01C01	0.997164
6042375085_R02C01	0.99774
6042375085_R03C01	0.994436
6042375085_R04C01	0.998578
6042375085_R05C01	0.99685
6042375085_R06C01	0.99841
6042375085_R07C01	0.997967
6042375085_R08C01	0.997796
6042375100_R01C01	0.996267
6042375100_R02C01	0.997595
6042375100_R04C01	0.998118
6042375100_R05C01	0.997852
6042375100_R06C01	0.997696
6042375100_R07C01	0.99857
6042375100_R08C01	0.99784
6042375101_R01C01	0.995736
6042375101_R02C01	0.99701
6042375101_R03C01	0.998039
6042375101_R04C01	0.997461
6042375101_R05C01	0.997564
6042375101_R06C01	0.991572
6042375101_R07C01	0.997535
6042375101_R08C01	0.996898
6042375104_R01C01	0.996976
6042375104_R02C01	0.996315
6042375104_R03C01	0.997355
6042375104_R04C01	0.997978
6042375104_R06C01	0.997043
6042375104_R08C01	0.996808
6042375137_R01C01	0.996692
6042375137_R02C01	0.998695
6042375137_R03C01	0.996631
6042375137_R05C01	0.9937
6042375137_R06C01	0.998714
6042375137_R07C01	0.998622
6042375137_R08C01	0.997853
6042375138_R01C01	0.997752
6042375138_R02C01	0.997754
6042375138_R03C01	0.996719
6042375138_R04C01	0.996868
6042375138_R05C01	0.998061
6042375138_R06C01	0.992349
6042375138_R07C01	0.99785
6042375138_R08C01	0.997445
6042375146_R01C01	0.997722
6042375146_R02C01	0.996376
6042375146_R03C01	0.996678
6042375146_R04C01	0.998316
6042375146_R05C01	0.997748
6042375146_R06C01	0.997284
6042375146_R07C01	0.99779
6042375146_R08C01	0.997896
6130471012_R01C01	0.998055
6130471012_R02C01	0.997661
6130471012_R03C01	0.996348
6130471012_R04C01	0.998459
6130471012_R05C01	0.99798
6130471012_R06C01	0.997276
6130471012_R07C01	0.997821
6130471012_R08C01	0.996645
6130471070_R01C01	0.997731
6130471070_R02C01	0.991069
6130471070_R03C01	0.997521
6130471070_R04C01	0.997434
6130471070_R05C01	0.997168
6130471070_R06C01	0.996228
6130471070_R07C01	0.997442
6130471070_R08C01	0.99734
6130471071_R01C01	0.996431
6130471071_R02C01	0.99588
6130471071_R03C01	0.997658
6130471071_R05C01	0.997465
6130471071_R06C01	0.994317
6130471071_R07C01	0.995005
6130471110_R01C01	0.998204
6130471110_R02C01	0.996613
6130471110_R04C01	0.996794
6130471110_R05C01	0.99286
6130471110_R06C01	0.99779
6130471110_R07C01	0.997428
6130471110_R08C01	0.992966
6130471129_R01C01	0.996658
6130471129_R02C01	0.99745
6130471129_R03C01	0.997359
6130471129_R04C01	0.997499
6130471129_R05C01	0.995488
6130471129_R06C01	0.996842
6130471129_R07C01	0.993046
6130471129_R08C01	0.997337
6135563011_R01C01	0.996526
6135563011_R02C01	0.997948
6135563011_R03C01	0.996033
6135563011_R04C01	0.997551
6135563011_R06C01	0.997961
6135563011_R07C01	0.997499
6135563011_R08C01	0.995948
6135563012_R02C01	0.996835
6135563012_R04C01	0.995071
6135563012_R05C01	0.997809
6135563012_R06C01	0.997605
6135563012_R07C01	0.997502
6135563012_R08C01	0.99424
6135563014_R02C01	0.998676
6135563014_R03C01	0.997747
6135563014_R04C01	0.997489
6135563014_R05C01	0.997587
6135563014_R06C01	0.998334
6135563014_R07C01	0.996183
6135563014_R08C01	0.997913
6135563015_R02C01	0.995178
6135563015_R04C01	0.99594
6135563015_R05C01	0.997341
6135563015_R06C01	0.996342
6135563015_R07C01	0.996342
6135563015_R08C01	0.997402
6135563041_R01C01	0.9977
6135563041_R03C01	0.997262
6135563041_R04C01	0.997202
6135563041_R05C01	0.99687
6135563041_R06C01	0.997652
6135571025_R01C01	0.993906
6135571025_R03C01	0.996626
6135571025_R04C01	0.997401
6135571025_R07C01	0.997786
6135571025_R08C01	0.997888
6135580001_R01C01	0.997562
6135580001_R02C01	0.997562
6135580001_R03C01	0.997488
6135580001_R04C01	0.997482
6135580001_R05C01	0.995908
6135580001_R06C01	0.998374
6135580001_R07C01	0.998104
6135580001_R08C01	0.997688
6135580011_R01C01	0.996528
6135580011_R02C01	0.995209
6135580011_R03C01	0.996255
6135580011_R04C01	0.997553
6135580011_R05C01	0.998058
6135580011_R07C01	0.996945
6135580011_R08C01	0.997874
6135580017_R01C01	0.998626
6135580017_R02C01	0.998355
6135580017_R03C01	0.994201
6135580017_R04C01	0.997515
6135580017_R05C01	0.997849
6135580017_R06C01	0.997972
6135580017_R07C01	0.998257
6135580017_R08C01	0.998061
6135580027_R01C01	0.997011
6135580027_R02C01	0.99621
6135580027_R03C01	0.99816
6135580027_R04C01	0.998493
6135580027_R05C01	0.997968
6135580027_R06C01	0.998797
6135580027_R07C01	0.99862
6135580027_R08C01	0.997809
6135580057_R01C01	0.99692
6135580057_R02C01	0.996523
6135580057_R03C01	0.997718
6135580057_R04C01	0.997127
6135580057_R05C01	0.998352
6135580057_R06C01	0.998337
6135580057_R07C01	0.997271
6135580057_R08C01	0.997599
6135580073_R01C01	0.997838
6135580073_R03C01	0.996789
6135580073_R04C01	0.996518
6135580073_R05C01	0.997064
6135580073_R06C01	0.998175
6135580073_R07C01	0.997478
6135580073_R08C01	0.997564
6135580082_R01C01	0.998011
6135580082_R02C01	0.997108
6135580082_R03C01	0.995418
6135580082_R04C01	0.997137
6135580082_R06C01	0.995919
6135580082_R07C01	0.998137
6135580082_R08C01	0.997316
6135580098_R01C01	0.997682
6135580098_R02C01	0.999156
6135580098_R04C01	0.997461
6135580098_R05C01	0.998152
6135580098_R06C01	0.997449
6135580098_R07C01	0.996943
6135580098_R08C01	0.998507
6135580116_R02C01	0.993342
6135580116_R03C01	0.997384
6135580116_R05C01	0.997774
6135580116_R06C01	0.997519
6135580116_R08C01	0.99707
6135580117_R02C01	0.997182
6135580117_R03C01	0.99725
6135580117_R04C01	0.998811
6135580117_R05C01	0.997663
6135580117_R06C01	0.997173
6135580118_R01C01	0.996161
6135580118_R02C01	0.994836
6135580118_R04C01	0.997035
6135580118_R05C01	0.996954
6135580118_R06C01	0.996611
6135580118_R08C01	0.996126
6135580123_R02C01	0.997591
6135580123_R04C01	0.997502
6135580123_R05C01	0.996792
6135580123_R07C01	0.991413
6135580123_R08C01	0.996671
6135580144_R01C01	0.997607
6135580144_R08C01	0.997216
6135580145_R06C01	0.998277
6135580145_R08C01	0.989168
6135601008_R01C01	0.998326
6135601008_R02C01	0.991204
6135601008_R03C01	0.997768
6135601008_R04C01	0.996986
6135601008_R06C01	0.997562
6135601008_R07C01	0.997843
6135601008_R08C01	0.997732
6135601009_R01C01	0.998114
6135601009_R02C01	0.996528
6135601009_R03C01	0.998597
6135601009_R04C01	0.998421
6135601009_R05C01	0.99735
6135601009_R06C01	0.998039
6135601009_R07C01	0.998045
6135601009_R08C01	0.997568
6135601012_R04C01	0.99803
6135601012_R05C01	0.998383
6135601012_R06C01	0.997365
6135601012_R07C01	0.991679
6135601018_R03C01	0.996852
6135601018_R05C01	0.997922
6135601018_R07C01	0.987857
6135601018_R08C01	0.995289
6135601027_R03C01	0.997536
6135601027_R04C01	0.996882
6135601027_R05C01	0.996553
6135601027_R07C01	0.996806
6135601034_R01C01	0.998662
6135601034_R02C01	0.997704
6135601034_R03C01	0.996076
6135601034_R04C01	0.9969
6135601034_R06C01	0.997552
6135601045_R01C01	0.998209
6135601045_R02C01	0.998028
6135601045_R03C01	0.996586
6135601045_R04C01	0.997396
6135601045_R05C01	0.997222
6135601045_R07C01	0.996959
6135601045_R08C01	0.996208
6135601049_R01C01	0.998528
6135601049_R02C01	0.997392
6135601049_R03C01	0.996574
6135601049_R05C01	0.993216
6135601049_R06C01	0.998459
6135601049_R07C01	0.997278
6135601049_R08C01	0.996138
6135601060_R01C01	0.995022
6135601060_R03C01	0.997267
6135601060_R04C01	0.978833
6135601060_R05C01	0.994988
6135601060_R06C01	0.994521
6135601066_R01C01	0.99607
6135601066_R02C01	0.995119
6135601066_R03C01	0.997102
6135601066_R04C01	0.996317
6135601066_R05C01	0.994711
6135601066_R06C01	0.996554
6135601066_R07C01	0.997511
6135601066_R08C01	0.998068
6135601080_R01C01	0.997911
6135601080_R02C01	0.994088
6135601080_R03C01	0.996843
6135601080_R07C01	0.997512
6135601080_R08C01	0.998206
6135601081_R01C01	0.997681
6135601081_R02C01	0.997639
6135601081_R03C01	0.997147
6135601081_R04C01	0.997142
6135601081_R05C01	0.998339
6135601081_R07C01	0.997913
6135601081_R08C01	0.997265
6135601082_R02C01	0.998119
6135601082_R03C01	0.998175
6135601082_R04C01	0.997875
6135601082_R05C01	0.99737
6135601082_R06C01	0.996388
6135601082_R07C01	0.997188
6135601082_R08C01	0.998413
6135601086_R01C01	0.996281
6135601086_R03C01	0.997719
6135601086_R04C01	0.997626
6135601086_R05C01	0.994578
6135601086_R07C01	0.995709
6135601094_R05C01	0.996024
6135601094_R06C01	0.991181
6135601108_R01C01	0.997157
6135601108_R02C01	0.997277
6135601108_R03C01	0.997735
6135601108_R04C01	0.997436
6135601108_R05C01	0.996897
6135601108_R06C01	0.996623
6135601108_R07C01	0.996748
6135601108_R08C01	0.997885
6135601115_R02C01	0.996842
6135601115_R04C01	0.997589
6135601115_R06C01	0.99769
6135601115_R07C01	0.998087
6135601115_R08C01	0.998189
6135601116_R01C01	0.995396
6135601116_R02C01	0.996477
6135601116_R05C01	0.997487
6135601116_R07C01	0.997518
6135601116_R08C01	0.9979
6135601117_R01C01	0.99709
6135601117_R05C01	0.998156
6135601117_R06C01	0.995176
6135601117_R07C01	0.998352
6135601117_R08C01	0.997498
6135601120_R03C01	0.997264
6135601120_R04C01	0.997614
6135601120_R06C01	0.997374
6135601120_R07C01	0.996424
6135601120_R08C01	0.997845
6135601124_R01C01	0.997344
6135601124_R02C01	0.997423
6135601124_R03C01	0.997398
6135601124_R04C01	0.997736
6135601124_R05C01	0.998064
6135601124_R06C01	0.996779
6135601124_R07C01	0.996302
6135601124_R08C01	0.99698
6135601130_R01C01	0.99777
6135601130_R02C01	0.991977
6135601130_R03C01	0.998402
6135601130_R04C01	0.996941
6135601130_R05C01	0.99688
6135601130_R06C01	0.998388
6135601130_R07C01	0.99767
6135601130_R08C01	0.997885
6135601149_R01C01	0.996811
6135601149_R02C01	0.997585
6135601149_R06C01	0.994124
6135601149_R08C01	0.996779
6135601151_R01C01	0.996418
6135601151_R02C01	0.996778
6135601151_R03C01	0.998352
6135601151_R04C01	0.997284
6135601151_R05C01	0.997355
6135601151_R06C01	0.997171
6135601151_R07C01	0.997297
6135601151_R08C01	0.996478
6135601153_R03C01	0.996398
6135601153_R05C01	0.996973
6135601153_R06C01	0.993631
6135601153_R07C01	0.996626
6135601153_R08C01	0.998118
6135601156_R01C01	0.996976
6135601156_R02C01	0.99736
6135601156_R03C01	0.996135
6135601156_R04C01	0.997533
6135601156_R05C01	0.997815
6135601156_R06C01	0.997931
6135601156_R08C01	0.998646
6135601162_R01C01	0.992815
6135601162_R02C01	0.997348
6135601162_R04C01	0.997894
6135601162_R05C01	0.997021
6135601162_R06C01	0.995733
6135601162_R07C01	0.997871
6135601162_R08C01	0.996645
6135601167_R02C01	0.997841
6135601167_R03C01	0.997686
6135601167_R04C01	0.997705
6135601167_R05C01	0.995069
6135601167_R06C01	0.997492
6135601167_R07C01	0.99568
6147054060_R01C01	0.997333
6147054060_R02C01	0.998006
6147054060_R03C01	0.997374
6147054060_R04C01	0.997549
6147054060_R05C01	0.995199
6147054060_R07C01	0.997054
6147054060_R08C01	0.997538
6147054122_R01C01	0.995591
6147054122_R02C01	0.997764
6147054122_R03C01	0.995638
6147054122_R04C01	0.997489
6147054122_R05C01	0.997907
6147054122_R06C01	0.99832
6147054122_R07C01	0.997115
6147054122_R08C01	0.99775
6147054149_R01C01	0.996889
6147054149_R02C01	0.998825
6147054149_R07C01	0.998109
6147054149_R08C01	0.99747
6147054150_R01C01	0.99771
6147054150_R02C01	0.997706
6147054150_R03C01	0.998605
6147054150_R04C01	0.997476
6147054150_R05C01	0.998059
6147054150_R06C01	0.997313
6147054150_R07C01	0.997647
6147054150_R08C01	0.997398
6147062005_R03C01	0.997909
6147062005_R04C01	0.997838
6147062005_R06C01	0.996831
6147062005_R07C01	0.998132
6147062010_R01C01	0.997104
6147062010_R02C01	0.997553
6147062010_R03C01	0.996786
6147062010_R04C01	0.996519
6147062010_R05C01	0.998559
6147062010_R06C01	0.997716
6147062010_R07C01	0.997789
6147062010_R08C01	0.997109
6147062028_R03C01	0.99695
6147062037_R01C01	0.99709
6147062037_R02C01	0.993868
6147062037_R03C01	0.997921
6147062037_R04C01	0.998158
6147062037_R05C01	0.996537
6147062037_R06C01	0.996778
6147062037_R07C01	0.997565
6147062055_R01C01	0.995303
6147062055_R02C01	0.996549
6147062055_R04C01	0.996003
6147062055_R07C01	0.99767
6147062055_R08C01	0.997446
6147062102_R01C01	0.997649
6147062102_R02C01	0.99747
6147062102_R03C01	0.997294
6147062102_R04C01	0.997995
6147062102_R05C01	0.997876
6147062102_R06C01	0.997503
6147062133_R01C01	0.997518
6147062133_R02C01	0.998152
6147062133_R03C01	0.997259
6147062133_R05C01	0.997663
6147062133_R06C01	0.997849
6147062134_R01C01	0.996137
6147062134_R02C01	0.997653
6147062134_R03C01	0.999315
6147062134_R06C01	0.996776
6147062134_R07C01	0.997639
6147062134_R08C01	0.997522
6147062135_R01C01	0.997661
6147062135_R02C01	0.997872
6147062135_R04C01	0.997602
6147062135_R05C01	0.998197
6147062135_R06C01	0.994738
6147062135_R08C01	0.997538
6147062147_R01C01	0.993802
6147062147_R03C01	0.996714
6147062147_R04C01	0.996919
6147062147_R05C01	0.998067
6147062147_R06C01	0.997082
6147062147_R07C01	0.996311
6147062147_R08C01	0.997535
6147062162_R01C01	0.998463
6147062162_R03C01	0.996358
6147062162_R05C01	0.997557
6147062162_R06C01	0.996758
6147062162_R07C01	0.997991
6147062167_R02C01	0.99682
6147062167_R03C01	0.997938
6147062167_R04C01	0.997038
6147062167_R05C01	0.99658
6147062167_R06C01	0.995535
6147062167_R08C01	0.996465
6147071002_R01C01	0.997876
6147071002_R02C01	0.992075
6147071002_R03C01	0.99645
6147071002_R05C01	0.996018
6147071002_R06C01	0.99791
6147071002_R07C01	0.998213
6147071002_R08C01	0.997631
6147071043_R03C01	0.997884
6147071043_R05C01	0.996536
6147071043_R08C01	0.997557
6147071044_R01C01	0.998427
6147071044_R02C01	0.997651
6147071044_R03C01	0.996569
6147071044_R04C01	0.997065
6147071044_R06C01	0.996763
6147071044_R07C01	0.996971
6147071044_R08C01	0.996322
6147071047_R01C01	0.997613
6147071047_R02C01	0.997074
6147071047_R05C01	0.996207
6147071047_R06C01	0.997704
6147071047_R07C01	0.997134
6147071047_R08C01	0.99511
6147071059_R02C01	0.99848
6147071059_R03C01	0.997328
6147071059_R04C01	0.996982
6147071059_R07C01	0.99801
6147071059_R08C01	0.996789
6147071060_R02C01	0.997975
6147071060_R03C01	0.996739
6147071060_R04C01	0.995018
6147071060_R05C01	0.99732
6147071060_R06C01	0.99663
6147071060_R07C01	0.997451
6147071060_R08C01	0.994794
6147071101_R01C01	0.998179
6147071101_R02C01	0.996961
6147071101_R04C01	0.996432
6147071101_R05C01	0.997563
6147071101_R06C01	0.996054
6147071101_R07C01	0.997869
6147071101_R08C01	0.994986
6147071123_R01C01	0.997423
6147071123_R02C01	0.998087
6147071123_R03C01	0.99775
6147071123_R04C01	0.997377
6147071123_R05C01	0.997945
6147071123_R06C01	0.99801
6147071123_R07C01	0.997818
6147071123_R08C01	0.993389
6147071155_R01C01	0.997612
6147071155_R02C01	0.997504
6147071155_R03C01	0.996349
6147071155_R04C01	0.99637
6147071155_R06C01	0.997567
6147071155_R07C01	0.996504
6147071155_R08C01	0.997436
6147071157_R01C01	0.997917
6147071157_R02C01	0.998575
6147071157_R03C01	0.996709
6147071157_R04C01	0.997478
6147071157_R05C01	0.997229
6147071157_R06C01	0.998785
6147071157_R07C01	0.99774
6147071157_R08C01	0.997802
6160275010_R02C01	0.996634
6160275010_R03C01	0.996869
6160275010_R04C01	0.996306
6160275010_R05C01	0.996079
6160275010_R06C01	0.997819
6160275010_R07C01	0.997436
6160275010_R08C01	0.997465
6160275012_R02C01	0.996709
6160275012_R03C01	0.996601
6160275012_R04C01	0.997604
6160275012_R05C01	0.99677
6160275012_R06C01	0.995728
6160275012_R07C01	0.997631
6160275012_R08C01	0.998885
6160275019_R01C01	0.998244
6160275019_R02C01	0.998184
6160275019_R03C01	0.997985
6160275019_R04C01	0.997194
6160275019_R05C01	0.996744
6160275019_R06C01	0.997126
6160275019_R07C01	0.996978
6160275020_R01C01	0.997044
6160275020_R02C01	0.997192
6160275020_R03C01	0.997429
6160275020_R04C01	0.99727
6160275020_R05C01	0.997627
6160275020_R06C01	0.99536
6160275020_R07C01	0.99811
6160275020_R08C01	0.997383
6160275021_R01C01	0.997764
6160275021_R02C01	0.996396
6160275021_R03C01	0.997647
6160275021_R04C01	0.997233
6160275021_R05C01	0.99717
6160275021_R06C01	0.998007
6160275021_R07C01	0.997973
6160275021_R08C01	0.996694
6160275022_R01C01	0.996589
6160275022_R02C01	0.997258
6160275022_R03C01	0.997813
6160275022_R04C01	0.998314
6160275022_R05C01	0.996882
6160275022_R06C01	0.997695
6160275022_R07C01	0.998071
6160275022_R08C01	0.996914
6160275043_R01C01	0.997307
6160275043_R02C01	0.996387
6160275043_R03C01	0.997873
6160275043_R04C01	0.996648
6160275043_R05C01	0.998161
6160275043_R06C01	0.99755
6160275043_R08C01	0.994947
6160275044_R01C01	0.996078
6160275044_R02C01	0.997359
6160275044_R03C01	0.997892
6160275044_R04C01	0.997593
6160275044_R05C01	0.998064
6160275044_R06C01	0.99725
6160275044_R07C01	0.998057
6160275044_R08C01	0.997723
6160275046_R01C01	0.997482
6160275046_R02C01	0.997377
6160275046_R03C01	0.996863
6160275046_R05C01	0.992446
6160275046_R06C01	0.996797
6160275046_R07C01	0.997859
6160275058_R01C01	0.996567
6160275058_R02C01	0.997488
6160275058_R03C01	0.997301
6160275058_R04C01	0.997406
6160275058_R05C01	0.997511
6160275058_R06C01	0.996421
6160275058_R07C01	0.997888
6160275058_R08C01	0.99799
6160275059_R01C01	0.998691
6160275059_R02C01	0.998003
6160275059_R03C01	0.997603
6160275059_R04C01	0.997085
6160275059_R05C01	0.997607
6160275059_R06C01	0.997512
6160275059_R07C01	0.99822
6160275059_R08C01	0.997105
6160275060_R01C01	0.997612
6160275060_R02C01	0.997176
6160275060_R03C01	0.997812
6160275060_R04C01	0.998126
6160275060_R05C01	0.996491
6160275060_R06C01	0.997043
6160275060_R07C01	0.996704
6160275060_R08C01	0.998821
6160304032_R01C01	0.997542
6160304032_R02C01	0.994944
6160304032_R03C01	0.997144
6160304032_R04C01	0.997637
6160304032_R05C01	0.997207
6160304032_R07C01	0.997348
6160304032_R08C01	0.997645
6160304033_R01C01	0.998358
6160304033_R02C01	0.998044
6160304033_R03C01	0.997865
6160304033_R04C01	0.997776
6160304033_R05C01	0.99339
6160304033_R06C01	0.997998
6160304033_R07C01	0.997753
6160304033_R08C01	0.996469
6164663042_R01C01	0.9911
6164663042_R02C01	0.997254
6164663042_R03C01	0.997261
6164663042_R04C01	0.997455
6164663042_R05C01	0.997766
6164663042_R06C01	0.995213
6164663042_R07C01	0.997132
6164663042_R08C01	0.997521
6165295013_R01C01	0.997707
6165295013_R02C01	0.997053
6165295013_R03C01	0.997814
6165295013_R04C01	0.998567
6165295013_R06C01	0.997188
6165295019_R01C01	0.995995
6165295019_R02C01	0.997385
6165295019_R04C01	0.997097
6165295019_R05C01	0.997504
6165295019_R06C01	0.996619
6165295019_R07C01	0.997795
6165295019_R08C01	0.997252
6165295021_R01C01	0.989199
6165295021_R02C01	0.997689
6165295021_R03C01	0.996848
6165295021_R04C01	0.996567
6165295021_R05C01	0.997264
6165295021_R06C01	0.99809
6165295021_R07C01	0.99811
6165295021_R08C01	0.995414
6165295023_R01C01	0.995432
6165295023_R02C01	0.995663
6165295023_R03C01	0.997778
6165295023_R04C01	0.996118
6165295023_R05C01	0.992855
6165295023_R06C01	0.996111
6165295023_R07C01	0.997406
6165295023_R08C01	0.998263
6165295050_R01C01	0.996963
6165295050_R02C01	0.991737
6165295050_R03C01	0.994502
6165295050_R04C01	0.998241
6165295050_R05C01	0.99851
6165295050_R06C01	0.998346
6165295050_R07C01	0.997748
6165295050_R08C01	0.997825
6165295051_R01C01	0.993538
6165295051_R03C01	0.995105
6165295051_R04C01	0.998184
6165295051_R05C01	0.996808
6165295051_R07C01	0.994463
6165295051_R08C01	0.996494
6171492001_R02C01	0.988476
6171492001_R03C01	0.996447
6171492001_R05C01	0.996808
6171492001_R07C01	0.997744
6171492013_R02C01	0.997948
6171492013_R03C01	0.997214
6171492013_R04C01	0.998225
6171492013_R07C01	0.996903
6171492013_R08C01	0.99823
6171492015_R01C01	0.998129
6171492015_R02C01	0.994533
6171492015_R03C01	0.997414
6171492015_R04C01	0.996205
6171492015_R05C01	0.997194
6171492015_R06C01	0.997632
6171492015_R07C01	0.996282
6171492015_R08C01	0.998712
6171492016_R01C01	0.99718
6171492016_R02C01	0.996709
6171492016_R03C01	0.996331
6171492016_R04C01	0.996408
6171492016_R05C01	0.997042
6171492016_R06C01	0.997802
6171492016_R07C01	0.99746
6171492017_R02C01	0.996874
6171492017_R03C01	0.992331
6171492017_R04C01	0.997559
6171492017_R05C01	0.997949
6171492017_R06C01	0.997508
6171492017_R07C01	0.997359
6171492017_R08C01	0.997024
6171492025_R01C01	0.997934
6171492025_R02C01	0.998106
6171492025_R03C01	0.996047
6171492025_R04C01	0.992986
6171492025_R05C01	0.997224
6171492025_R06C01	0.998049
6171492025_R07C01	0.997207
6171492025_R08C01	0.997359
6171492029_R01C01	0.997821
6171492029_R02C01	0.997333
6171492029_R04C01	0.997489
6171492029_R05C01	0.997844
6171492029_R06C01	0.996754
6171492029_R08C01	0.99698
6171492039_R03C01	0.996952
6171492039_R04C01	0.996025
6171492039_R05C01	0.996795
6171492039_R06C01	0.988359
6171492039_R07C01	0.997283
6171492043_R02C01	0.997649
6171492043_R03C01	0.993694
6171492043_R04C01	0.996436
6171492043_R05C01	0.997475
6171492043_R06C01	0.997679
6171492043_R07C01	0.995369
6171492043_R08C01	0.996963
6171492045_R01C01	0.9968
6171492045_R02C01	0.996358
6171492045_R05C01	0.997671
6171492045_R08C01	0.996788
6171492048_R06C01	0.986044
6171492048_R08C01	0.976573
6171492049_R01C01	0.99665
6171492049_R02C01	0.997921
6171492049_R03C01	0.996077
6171492049_R04C01	0.99031
6171492049_R05C01	0.997767
6171492049_R06C01	0.998708
6171492049_R07C01	0.997344
6171492049_R08C01	0.997147
6171492050_R01C01	0.997637
6171492050_R02C01	0.997069
6171492050_R05C01	0.997059
6171492050_R06C01	0.998147
6171492050_R07C01	0.997262
6171492050_R08C01	0.99568
6171492053_R01C01	0.995127
6171492053_R02C01	0.997572
6171492053_R03C01	0.998023
6171492053_R04C01	0.996903
6171492053_R05C01	0.99826
6171492053_R06C01	0.99597
6171492053_R07C01	0.997864
6171492053_R08C01	0.997817
6171492055_R01C01	0.997728
6171492055_R02C01	0.99251
6171492055_R03C01	0.997557
6171492055_R04C01	0.997941
6171492055_R06C01	0.997589
6171492055_R07C01	0.996873
6171492055_R08C01	0.997341
6171492056_R01C01	0.996795
6171492056_R02C01	0.997209
6171492056_R03C01	0.998069
6171492056_R04C01	0.997262
6171492056_R05C01	0.996918
6171492056_R08C01	0.995862
6171492059_R01C01	0.997573
6171492059_R02C01	0.997809
6171492059_R04C01	0.997819
6171492059_R05C01	0.997546
6171492059_R06C01	0.997064
6171492059_R07C01	0.997308
6171492059_R08C01	0.996583
6171492060_R01C01	0.997615
6171492060_R02C01	0.997235
6171492060_R03C01	0.993878
6171492060_R04C01	0.996474
6171492060_R05C01	0.996911
6171492060_R08C01	0.991979
6171492068_R01C01	0.997882
6171492068_R02C01	0.997857
6171492068_R03C01	0.997549
6171492068_R04C01	0.997067
6171492068_R05C01	0.998267
6171492068_R06C01	0.998029
6171492068_R08C01	0.997122
6171492069_R02C01	0.99582
6171492069_R06C01	0.996498
6171492069_R07C01	0.997192
6171492069_R08C01	0.997366
6171492072_R03C01	0.997268
6171492072_R04C01	0.996994
6171492072_R05C01	0.997601
6171492072_R06C01	0.99619
6171492072_R08C01	0.998187
6171492074_R01C01	0.996367
6171492074_R02C01	0.997641
6171492074_R03C01	0.997257
6171492074_R04C01	0.997186
6171492074_R05C01	0.996791
6171492074_R07C01	0.996247
6171492074_R08C01	0.996659
6171492075_R01C01	0.997192
6171492075_R03C01	0.996197
6171492075_R05C01	0.998405
6171492075_R06C01	0.978816
6171492075_R08C01	0.997563
6171492077_R01C01	0.996364
6171492077_R02C01	0.996127
6171492077_R03C01	0.99775
6171492077_R07C01	0.996736
6171492077_R08C01	0.997513
6171492078_R01C01	0.997344
6171492078_R02C01	0.998197
6171492078_R03C01	0.997075
6171492078_R05C01	0.99715
6171492078_R06C01	0.995729
6171492078_R07C01	0.99727
6171492078_R08C01	0.997744
6171492079_R01C01	0.997475
6171492079_R03C01	0.997296
6171492079_R04C01	0.998082
6171492079_R05C01	0.996522
6171492079_R06C01	0.996597
6171492079_R07C01	0.997483
6171492079_R08C01	0.984281
6171492084_R01C01	0.996552
6171492084_R02C01	0.998304
6171492084_R03C01	0.997804
6171492084_R04C01	0.997827
6171492084_R05C01	0.996743
6171492084_R06C01	0.996987
6171492084_R08C01	0.99698
6171492086_R02C01	0.997636
6171492086_R05C01	0.997392
6171492086_R06C01	0.995342
6171492086_R07C01	0.997774
6171492086_R08C01	0.996931
6171492090_R01C01	0.997803
6171492090_R02C01	0.994805
6171492090_R03C01	0.997225
6171492090_R05C01	0.997639
6171492090_R06C01	0.996673
6171492090_R07C01	0.996761
6171492090_R08C01	0.997839
6171492100_R01C01	0.996165
6171492100_R03C01	0.99543
6171492100_R04C01	0.985315
6171492100_R05C01	0.995123
6171492100_R08C01	0.996883
6172882004_R01C01	0.997492
6172882004_R02C01	0.99766
6172882004_R03C01	0.994601
6172882004_R06C01	0.99183
6172882004_R07C01	0.997848
6172882004_R08C01	0.997673
6172882009_R01C01	0.997385
6172882009_R02C01	0.997073
6172882009_R03C01	0.997361
6172882009_R04C01	0.99622
6172882009_R05C01	0.996713
6172882009_R06C01	0.997111
6172882009_R07C01	0.997752
6172882009_R08C01	0.997058
6172882050_R01C01	0.998036
6172882050_R02C01	0.997393
6172882050_R03C01	0.997478
6172882050_R04C01	0.994668
6172882050_R05C01	0.998363
6172882050_R06C01	0.997444
6172882050_R08C01	0.995564
6172882051_R01C01	0.997963
6172882051_R02C01	0.998201
6172882051_R04C01	0.996893
6172882051_R05C01	0.994935
6172882051_R06C01	0.997922
6172882051_R07C01	0.997593
6172882051_R08C01	0.997377
6186483013_R01C01	0.994281
6186483013_R02C01	0.997485
6186483013_R03C01	0.990843
6186483013_R04C01	0.997849
6186483013_R05C01	0.997073
6186483013_R06C01	0.997893
6186483013_R07C01	0.997697
6186483013_R08C01	0.997624
6186483032_R03C01	0.99752
6186483032_R04C01	0.997587
6186483032_R05C01	0.997352
6186483032_R06C01	0.997552
6186483032_R07C01	0.996946
6186483032_R08C01	0.992454
6186483043_R01C01	0.978306
6186483043_R04C01	0.990794
6186483043_R05C01	0.998
6186483043_R06C01	0.996283
6186483043_R08C01	0.997047
6186483051_R01C01	0.997908
6186483051_R08C01	0.995763
6186483068_R01C01	0.993195
6186483068_R02C01	0.99758
6186483068_R03C01	0.997069
6186483090_R01C01	0.998753
6186483090_R02C01	0.997944
6186483090_R03C01	0.997854
6186483090_R04C01	0.997735
6186483090_R06C01	0.99774
6186483090_R07C01	0.997948
6186483090_R08C01	0.997806
6186483093_R02C01	0.986105
6186483093_R03C01	0.996515
6186483093_R05C01	0.997859
6186483093_R06C01	0.998001
6186483093_R08C01	0.997868
6186483099_R01C01	0.994598
6186483099_R03C01	0.99687
6186483099_R04C01	0.997679
6186483099_R05C01	0.995997
6186483099_R07C01	0.997046
6186483099_R08C01	0.99691
6186483101_R01C01	0.995086
6186483101_R02C01	0.997302
6186483101_R03C01	0.99469
6186483101_R04C01	0.996404
6186483101_R05C01	0.993963
6186483101_R06C01	0.991842
6186483101_R08C01	0.998037
6186483132_R01C01	0.98685
6247194011_R02C01	0.997601
6247194011_R03C01	0.996781
6247194011_R04C01	0.996688
6247194011_R05C01	0.996868
6247194011_R07C01	0.991958
6247194011_R08C01	0.996665
6247194028_R01C01	0.996382
6247194028_R02C01	0.9929
6247194028_R03C01	0.997693
6247194028_R04C01	0.996829
6247194028_R06C01	0.998462
6247194028_R07C01	0.997383
6247194028_R08C01	0.997502
6247194031_R01C01	0.995569
6247194031_R02C01	0.997573
6247194031_R03C01	0.996972
6247194031_R05C01	0.996887
6247194031_R06C01	0.998539
6247194031_R07C01	0.996852
6247194043_R02C01	0.996374
6247194043_R03C01	0.997646
6247194043_R04C01	0.997555
6247194043_R07C01	0.999006
6247194043_R08C01	0.997736
6247194064_R01C01	0.997031
6247194064_R03C01	0.997311
6247194064_R04C01	0.997863
6247194064_R05C01	0.997649
6247194064_R06C01	0.99837
6247194064_R07C01	0.997437
6247194064_R08C01	0.998555
6247194098_R01C01	0.997148
6247194098_R02C01	0.998037
6247194098_R03C01	0.997023
6247194098_R04C01	0.998496
6247194098_R05C01	0.997537
6247194098_R06C01	0.998197
6247194098_R07C01	0.997945
6247194098_R08C01	0.998974
6247194107_R03C01	0.993979
6247194107_R05C01	0.989642
6247194107_R07C01	0.996563
6247194115_R02C01	0.996748
6247194115_R04C01	0.991988
6247194115_R05C01	0.996792
6247194115_R06C01	0.996797
6247194115_R08C01	0.996643
6247194117_R02C01	0.998138
6247194117_R03C01	0.998368
6247194117_R04C01	0.993023
6247194117_R05C01	0.997028
6247194117_R07C01	0.997258
6247194117_R08C01	0.996796
6247194118_R05C01	0.996169
6247194118_R08C01	0.995918
6264533042_R07C01	0.99814
6264533048_R01C01	0.997187
6264533048_R03C01	0.996727
6264533048_R04C01	0.998411
6264533048_R05C01	0.994504
6264533048_R06C01	0.997855
6264533048_R07C01	0.997742
6264533048_R08C01	0.997653
6264533060_R03C01	0.996471
6264533060_R05C01	0.995981
6264533060_R06C01	0.996494
6264533060_R07C01	0.996197
6264533060_R08C01	0.997149
6264533086_R01C01	0.976867
6264533086_R03C01	0.997068
6264533086_R05C01	0.993451
6264550046_R02C01	0.996137
6264550046_R03C01	0.995347
6264550046_R04C01	0.996809
6264550046_R07C01	0.996122
